-- Found ament_cmake: 1.3.12 (/opt/ros/humble/share/ament_cmake/cmake)
-- Found geometry_msgs: 4.9.0 (/opt/ros/humble/share/geometry_msgs/cmake)
-- Found rosidl_generator_c: 3.1.7 (/opt/ros/humble/share/rosidl_generator_c/cmake)
-- Found rosidl_adapter: 3.1.7 (/opt/ros/humble/share/rosidl_adapter/cmake)
-- Found rosidl_generator_cpp: 3.1.7 (/opt/ros/humble/share/rosidl_generator_cpp/cmake)
-- Using all available rosidl_typesupport_c: rosidl_typesupport_fastrtps_c;rosidl_typesupport_introspection_c
-- Using all available rosidl_typesupport_cpp: rosidl_typesupport_fastrtps_cpp;rosidl_typesupport_introspection_cpp
-- Found tf2_geometry_msgs: 0.25.16 (/opt/ros/humble/share/tf2_geometry_msgs/cmake)
-- Found eigen3_cmake_module: 0.1.1 (/opt/ros/humble/share/eigen3_cmake_module/cmake)
-- Ensuring Eigen3 include directory is part of orocos-kdl CMake target
-- Found rmw_implementation_cmake: 6.1.2 (/opt/ros/humble/share/rmw_implementation_cmake/cmake)
-- Found rmw_fastrtps_cpp: 6.2.9 (/opt/ros/humble/share/rmw_fastrtps_cpp/cmake)
-- Using RMW implementation 'rmw_fastrtps_cpp' as default
-- Found turtlesim: 1.4.3 (/opt/ros/humble/share/turtlesim/cmake)
-- Found nav2_msgs: 1.1.19 (/opt/ros/humble/share/nav2_msgs/cmake)
-- Found rclpy: 3.3.17 (/opt/ros/humble/share/rclpy/cmake)
-- Found sensor_msgs: 4.9.0 (/opt/ros/humble/share/sensor_msgs/cmake)
-- Found std_srvs: 4.9.0 (/opt/ros/humble/share/std_srvs/cmake)
-- Found wheeltec_robot_msg: 0.0.0 (/home/HwHiAiUser/wheeltec_ros2/install/wheeltec_robot_msg/share/wheeltec_robot_msg/cmake)
-- Found serial: 1.2.1 (/home/HwHiAiUser/wheeltec_ros2/install/serial/share/serial/cmake)
-- Found rosidl_default_generators: 1.2.0 (/opt/ros/humble/share/rosidl_default_generators/cmake)
-- Found ament_cmake_ros: 0.10.0 (/opt/ros/humble/share/ament_cmake_ros/cmake)
-- Using all available rosidl_typesupport_c: rosidl_typesupport_fastrtps_c;rosidl_typesupport_introspection_c
-- Using all available rosidl_typesupport_cpp: rosidl_typesupport_fastrtps_cpp;rosidl_typesupport_introspection_cpp
-- Found python_cmake_module: 0.10.0 (/opt/ros/humble/share/python_cmake_module/cmake)
-- Using PYTHON_EXECUTABLE: /usr/bin/python3
-- Using PYTHON_INCLUDE_DIRS: /usr/include/python3.10
-- Using PYTHON_LIBRARIES: /usr/lib/aarch64-linux-gnu/libpython3.10.so
-- Found ament_lint_auto: 0.12.14 (/opt/ros/humble/share/ament_lint_auto/cmake)
-- Added test 'copyright' to check source files copyright and LICENSE
-- Added test 'cppcheck' to perform static code analysis on C / C++ code
-- Configured cppcheck include dirs: /home/HwHiAiUser/wheeltec_ros2/src/turn_on_wheeltec_robot/include
-- Configured cppcheck exclude dirs and/or files: 
-- Added test 'cpplint' to check C / C++ code against the Google style
-- Configured cpplint exclude dirs and/or files: 
-- Added test 'flake8' to check Python code syntax and style conventions
-- Added test 'lint_cmake' to check CMake code style
-- Added test 'pep257' to check Python code against some of the docstring style conventions in PEP 257
-- Added test 'uncrustify' to check C / C++ code style
-- Configured uncrustify additional arguments: 
-- Added test 'xmllint' to check XML markup files
-- Configuring done
-- Generating done
-- Build files have been written to: /home/HwHiAiUser/wheeltec_ros2/build/turn_on_wheeltec_robot
[  2%] Built target turn_on_wheeltec_robot__cpp
[35m[1mConsolidate compiler generated dependencies of target wheeltec_robot_node[0m
[ 11%] Built target wheeltec_robot_node
[35m[1mConsolidate compiler generated dependencies of target turn_on_wheeltec_robot__rosidl_typesupport_cpp[0m
[ 20%] Built target turn_on_wheeltec_robot__rosidl_typesupport_cpp
[35m[1mConsolidate compiler generated dependencies of target turn_on_wheeltec_robot__rosidl_typesupport_fastrtps_cpp[0m
[ 29%] Built target turn_on_wheeltec_robot__rosidl_typesupport_fastrtps_cpp
[35m[1mConsolidate compiler generated dependencies of target turn_on_wheeltec_robot__rosidl_typesupport_introspection_cpp[0m
[ 38%] Built target turn_on_wheeltec_robot__rosidl_typesupport_introspection_cpp
[ 38%] Built target ament_cmake_python_copy_turn_on_wheeltec_robot
[35m[1mConsolidate compiler generated dependencies of target turn_on_wheeltec_robot__rosidl_generator_c[0m
[ 47%] Built target turn_on_wheeltec_robot__rosidl_generator_c
running egg_info
writing turn_on_wheeltec_robot.egg-info/PKG-INFO
writing dependency_links to turn_on_wheeltec_robot.egg-info/dependency_links.txt
writing top-level names to turn_on_wheeltec_robot.egg-info/top_level.txt
reading manifest file 'turn_on_wheeltec_robot.egg-info/SOURCES.txt'
writing manifest file 'turn_on_wheeltec_robot.egg-info/SOURCES.txt'
[ 47%] Built target ament_cmake_python_build_turn_on_wheeltec_robot_egg
[35m[1mConsolidate compiler generated dependencies of target turn_on_wheeltec_robot__rosidl_typesupport_c[0m
[ 55%] Built target turn_on_wheeltec_robot__rosidl_typesupport_c
[35m[1mConsolidate compiler generated dependencies of target turn_on_wheeltec_robot__rosidl_typesupport_introspection_c[0m
[ 64%] Built target turn_on_wheeltec_robot__rosidl_typesupport_introspection_c
[35m[1mConsolidate compiler generated dependencies of target turn_on_wheeltec_robot__rosidl_typesupport_fastrtps_c[0m
[ 73%] Built target turn_on_wheeltec_robot__rosidl_typesupport_fastrtps_c
[ 73%] Built target turn_on_wheeltec_robot
[ 76%] Built target turn_on_wheeltec_robot__py
[35m[1mConsolidate compiler generated dependencies of target turn_on_wheeltec_robot__rosidl_generator_py[0m
[ 82%] Built target turn_on_wheeltec_robot__rosidl_generator_py
[35m[1mConsolidate compiler generated dependencies of target turn_on_wheeltec_robot__rosidl_typesupport_fastrtps_c__pyext[0m
[ 88%] Built target turn_on_wheeltec_robot__rosidl_typesupport_fastrtps_c__pyext
[35m[1mConsolidate compiler generated dependencies of target turn_on_wheeltec_robot__rosidl_typesupport_c__pyext[0m
[ 94%] Built target turn_on_wheeltec_robot__rosidl_typesupport_c__pyext
[35m[1mConsolidate compiler generated dependencies of target turn_on_wheeltec_robot__rosidl_typesupport_introspection_c__pyext[0m
[100%] Built target turn_on_wheeltec_robot__rosidl_typesupport_introspection_c__pyext
-- Install configuration: "Release"
-- Up-to-date: /home/HwHiAiUser/wheeltec_ros2/install/turn_on_wheeltec_robot/share/ament_index/resource_index/rosidl_interfaces/turn_on_wheeltec_robot
-- Up-to-date: /home/HwHiAiUser/wheeltec_ros2/install/turn_on_wheeltec_robot/include/turn_on_wheeltec_robot/turn_on_wheeltec_robot
-- Up-to-date: /home/HwHiAiUser/wheeltec_ros2/install/turn_on_wheeltec_robot/include/turn_on_wheeltec_robot/turn_on_wheeltec_robot/msg
-- Up-to-date: /home/HwHiAiUser/wheeltec_ros2/install/turn_on_wheeltec_robot/include/turn_on_wheeltec_robot/turn_on_wheeltec_robot/msg/detail
-- Up-to-date: /home/HwHiAiUser/wheeltec_ros2/install/turn_on_wheeltec_robot/include/turn_on_wheeltec_robot/turn_on_wheeltec_robot/msg/detail/position__struct.h
-- Up-to-date: /home/HwHiAiUser/wheeltec_ros2/install/turn_on_wheeltec_robot/include/turn_on_wheeltec_robot/turn_on_wheeltec_robot/msg/detail/position__functions.h
-- Up-to-date: /home/HwHiAiUser/wheeltec_ros2/install/turn_on_wheeltec_robot/include/turn_on_wheeltec_robot/turn_on_wheeltec_robot/msg/detail/position__functions.c
-- Up-to-date: /home/HwHiAiUser/wheeltec_ros2/install/turn_on_wheeltec_robot/include/turn_on_wheeltec_robot/turn_on_wheeltec_robot/msg/detail/position__type_support.h
-- Up-to-date: /home/HwHiAiUser/wheeltec_ros2/install/turn_on_wheeltec_robot/include/turn_on_wheeltec_robot/turn_on_wheeltec_robot/msg/rosidl_generator_c__visibility_control.h
-- Up-to-date: /home/HwHiAiUser/wheeltec_ros2/install/turn_on_wheeltec_robot/include/turn_on_wheeltec_robot/turn_on_wheeltec_robot/msg/position.h
-- Up-to-date: /home/HwHiAiUser/wheeltec_ros2/install/turn_on_wheeltec_robot/share/turn_on_wheeltec_robot/environment/library_path.sh
-- Installing: /home/HwHiAiUser/wheeltec_ros2/install/turn_on_wheeltec_robot/share/turn_on_wheeltec_robot/environment/library_path.dsv
-- Up-to-date: /home/HwHiAiUser/wheeltec_ros2/install/turn_on_wheeltec_robot/lib/libturn_on_wheeltec_robot__rosidl_generator_c.so
-- Up-to-date: /home/HwHiAiUser/wheeltec_ros2/install/turn_on_wheeltec_robot/include/turn_on_wheeltec_robot/turn_on_wheeltec_robot
-- Up-to-date: /home/HwHiAiUser/wheeltec_ros2/install/turn_on_wheeltec_robot/include/turn_on_wheeltec_robot/turn_on_wheeltec_robot/msg
-- Up-to-date: /home/HwHiAiUser/wheeltec_ros2/install/turn_on_wheeltec_robot/include/turn_on_wheeltec_robot/turn_on_wheeltec_robot/msg/detail
-- Up-to-date: /home/HwHiAiUser/wheeltec_ros2/install/turn_on_wheeltec_robot/include/turn_on_wheeltec_robot/turn_on_wheeltec_robot/msg/detail/position__rosidl_typesupport_fastrtps_c.h
-- Up-to-date: /home/HwHiAiUser/wheeltec_ros2/install/turn_on_wheeltec_robot/include/turn_on_wheeltec_robot/turn_on_wheeltec_robot/msg/rosidl_typesupport_fastrtps_c__visibility_control.h
-- Up-to-date: /home/HwHiAiUser/wheeltec_ros2/install/turn_on_wheeltec_robot/lib/libturn_on_wheeltec_robot__rosidl_typesupport_fastrtps_c.so
-- Up-to-date: /home/HwHiAiUser/wheeltec_ros2/install/turn_on_wheeltec_robot/include/turn_on_wheeltec_robot/turn_on_wheeltec_robot
-- Up-to-date: /home/HwHiAiUser/wheeltec_ros2/install/turn_on_wheeltec_robot/include/turn_on_wheeltec_robot/turn_on_wheeltec_robot/msg
-- Up-to-date: /home/HwHiAiUser/wheeltec_ros2/install/turn_on_wheeltec_robot/include/turn_on_wheeltec_robot/turn_on_wheeltec_robot/msg/detail
-- Up-to-date: /home/HwHiAiUser/wheeltec_ros2/install/turn_on_wheeltec_robot/include/turn_on_wheeltec_robot/turn_on_wheeltec_robot/msg/detail/position__struct.hpp
-- Up-to-date: /home/HwHiAiUser/wheeltec_ros2/install/turn_on_wheeltec_robot/include/turn_on_wheeltec_robot/turn_on_wheeltec_robot/msg/detail/position__builder.hpp
-- Up-to-date: /home/HwHiAiUser/wheeltec_ros2/install/turn_on_wheeltec_robot/include/turn_on_wheeltec_robot/turn_on_wheeltec_robot/msg/detail/position__type_support.hpp
-- Up-to-date: /home/HwHiAiUser/wheeltec_ros2/install/turn_on_wheeltec_robot/include/turn_on_wheeltec_robot/turn_on_wheeltec_robot/msg/detail/position__traits.hpp
-- Up-to-date: /home/HwHiAiUser/wheeltec_ros2/install/turn_on_wheeltec_robot/include/turn_on_wheeltec_robot/turn_on_wheeltec_robot/msg/rosidl_generator_cpp__visibility_control.hpp
-- Up-to-date: /home/HwHiAiUser/wheeltec_ros2/install/turn_on_wheeltec_robot/include/turn_on_wheeltec_robot/turn_on_wheeltec_robot/msg/position.hpp
-- Up-to-date: /home/HwHiAiUser/wheeltec_ros2/install/turn_on_wheeltec_robot/include/turn_on_wheeltec_robot/turn_on_wheeltec_robot
-- Up-to-date: /home/HwHiAiUser/wheeltec_ros2/install/turn_on_wheeltec_robot/include/turn_on_wheeltec_robot/turn_on_wheeltec_robot/msg
-- Up-to-date: /home/HwHiAiUser/wheeltec_ros2/install/turn_on_wheeltec_robot/include/turn_on_wheeltec_robot/turn_on_wheeltec_robot/msg/detail
-- Up-to-date: /home/HwHiAiUser/wheeltec_ros2/install/turn_on_wheeltec_robot/include/turn_on_wheeltec_robot/turn_on_wheeltec_robot/msg/detail/dds_fastrtps
-- Up-to-date: /home/HwHiAiUser/wheeltec_ros2/install/turn_on_wheeltec_robot/include/turn_on_wheeltec_robot/turn_on_wheeltec_robot/msg/detail/position__rosidl_typesupport_fastrtps_cpp.hpp
-- Up-to-date: /home/HwHiAiUser/wheeltec_ros2/install/turn_on_wheeltec_robot/include/turn_on_wheeltec_robot/turn_on_wheeltec_robot/msg/rosidl_typesupport_fastrtps_cpp__visibility_control.h
-- Up-to-date: /home/HwHiAiUser/wheeltec_ros2/install/turn_on_wheeltec_robot/lib/libturn_on_wheeltec_robot__rosidl_typesupport_fastrtps_cpp.so
-- Up-to-date: /home/HwHiAiUser/wheeltec_ros2/install/turn_on_wheeltec_robot/include/turn_on_wheeltec_robot/turn_on_wheeltec_robot
-- Up-to-date: /home/HwHiAiUser/wheeltec_ros2/install/turn_on_wheeltec_robot/include/turn_on_wheeltec_robot/turn_on_wheeltec_robot/msg
-- Up-to-date: /home/HwHiAiUser/wheeltec_ros2/install/turn_on_wheeltec_robot/include/turn_on_wheeltec_robot/turn_on_wheeltec_robot/msg/detail
-- Up-to-date: /home/HwHiAiUser/wheeltec_ros2/install/turn_on_wheeltec_robot/include/turn_on_wheeltec_robot/turn_on_wheeltec_robot/msg/detail/position__type_support.c
-- Up-to-date: /home/HwHiAiUser/wheeltec_ros2/install/turn_on_wheeltec_robot/include/turn_on_wheeltec_robot/turn_on_wheeltec_robot/msg/detail/position__rosidl_typesupport_introspection_c.h
-- Up-to-date: /home/HwHiAiUser/wheeltec_ros2/install/turn_on_wheeltec_robot/include/turn_on_wheeltec_robot/turn_on_wheeltec_robot/msg/rosidl_typesupport_introspection_c__visibility_control.h
-- Up-to-date: /home/HwHiAiUser/wheeltec_ros2/install/turn_on_wheeltec_robot/lib/libturn_on_wheeltec_robot__rosidl_typesupport_introspection_c.so
-- Up-to-date: /home/HwHiAiUser/wheeltec_ros2/install/turn_on_wheeltec_robot/lib/libturn_on_wheeltec_robot__rosidl_typesupport_c.so
-- Up-to-date: /home/HwHiAiUser/wheeltec_ros2/install/turn_on_wheeltec_robot/include/turn_on_wheeltec_robot/turn_on_wheeltec_robot
-- Up-to-date: /home/HwHiAiUser/wheeltec_ros2/install/turn_on_wheeltec_robot/include/turn_on_wheeltec_robot/turn_on_wheeltec_robot/msg
-- Up-to-date: /home/HwHiAiUser/wheeltec_ros2/install/turn_on_wheeltec_robot/include/turn_on_wheeltec_robot/turn_on_wheeltec_robot/msg/detail
-- Up-to-date: /home/HwHiAiUser/wheeltec_ros2/install/turn_on_wheeltec_robot/include/turn_on_wheeltec_robot/turn_on_wheeltec_robot/msg/detail/position__rosidl_typesupport_introspection_cpp.hpp
-- Up-to-date: /home/HwHiAiUser/wheeltec_ros2/install/turn_on_wheeltec_robot/include/turn_on_wheeltec_robot/turn_on_wheeltec_robot/msg/detail/position__type_support.cpp
-- Up-to-date: /home/HwHiAiUser/wheeltec_ros2/install/turn_on_wheeltec_robot/lib/libturn_on_wheeltec_robot__rosidl_typesupport_introspection_cpp.so
-- Up-to-date: /home/HwHiAiUser/wheeltec_ros2/install/turn_on_wheeltec_robot/lib/libturn_on_wheeltec_robot__rosidl_typesupport_cpp.so
-- Up-to-date: /home/HwHiAiUser/wheeltec_ros2/install/turn_on_wheeltec_robot/share/turn_on_wheeltec_robot/environment/pythonpath.sh
-- Installing: /home/HwHiAiUser/wheeltec_ros2/install/turn_on_wheeltec_robot/share/turn_on_wheeltec_robot/environment/pythonpath.dsv
-- Up-to-date: /home/HwHiAiUser/wheeltec_ros2/install/turn_on_wheeltec_robot/local/lib/python3.10/dist-packages/turn_on_wheeltec_robot-0.0.0-py3.10.egg-info
-- Installing: /home/HwHiAiUser/wheeltec_ros2/install/turn_on_wheeltec_robot/local/lib/python3.10/dist-packages/turn_on_wheeltec_robot-0.0.0-py3.10.egg-info/dependency_links.txt
-- Installing: /home/HwHiAiUser/wheeltec_ros2/install/turn_on_wheeltec_robot/local/lib/python3.10/dist-packages/turn_on_wheeltec_robot-0.0.0-py3.10.egg-info/SOURCES.txt
-- Installing: /home/HwHiAiUser/wheeltec_ros2/install/turn_on_wheeltec_robot/local/lib/python3.10/dist-packages/turn_on_wheeltec_robot-0.0.0-py3.10.egg-info/PKG-INFO
-- Installing: /home/HwHiAiUser/wheeltec_ros2/install/turn_on_wheeltec_robot/local/lib/python3.10/dist-packages/turn_on_wheeltec_robot-0.0.0-py3.10.egg-info/top_level.txt
-- Up-to-date: /home/HwHiAiUser/wheeltec_ros2/install/turn_on_wheeltec_robot/local/lib/python3.10/dist-packages/turn_on_wheeltec_robot
-- Up-to-date: /home/HwHiAiUser/wheeltec_ros2/install/turn_on_wheeltec_robot/local/lib/python3.10/dist-packages/turn_on_wheeltec_robot/_turn_on_wheeltec_robot_s.ep.rosidl_typesupport_introspection_c.c
-- Installing: /home/HwHiAiUser/wheeltec_ros2/install/turn_on_wheeltec_robot/local/lib/python3.10/dist-packages/turn_on_wheeltec_robot/__init__.py
-- Up-to-date: /home/HwHiAiUser/wheeltec_ros2/install/turn_on_wheeltec_robot/local/lib/python3.10/dist-packages/turn_on_wheeltec_robot/msg
-- Up-to-date: /home/HwHiAiUser/wheeltec_ros2/install/turn_on_wheeltec_robot/local/lib/python3.10/dist-packages/turn_on_wheeltec_robot/msg/__init__.py
-- Up-to-date: /home/HwHiAiUser/wheeltec_ros2/install/turn_on_wheeltec_robot/local/lib/python3.10/dist-packages/turn_on_wheeltec_robot/msg/_position_s.c
-- Up-to-date: /home/HwHiAiUser/wheeltec_ros2/install/turn_on_wheeltec_robot/local/lib/python3.10/dist-packages/turn_on_wheeltec_robot/msg/_position.py
-- Up-to-date: /home/HwHiAiUser/wheeltec_ros2/install/turn_on_wheeltec_robot/local/lib/python3.10/dist-packages/turn_on_wheeltec_robot/turn_on_wheeltec_robot_s__rosidl_typesupport_c.cpython-310-aarch64-linux-gnu.so
-- Up-to-date: /home/HwHiAiUser/wheeltec_ros2/install/turn_on_wheeltec_robot/local/lib/python3.10/dist-packages/turn_on_wheeltec_robot/libturn_on_wheeltec_robot__rosidl_generator_py.so
-- Up-to-date: /home/HwHiAiUser/wheeltec_ros2/install/turn_on_wheeltec_robot/local/lib/python3.10/dist-packages/turn_on_wheeltec_robot/turn_on_wheeltec_robot_s__rosidl_typesupport_introspection_c.cpython-310-aarch64-linux-gnu.so
-- Up-to-date: /home/HwHiAiUser/wheeltec_ros2/install/turn_on_wheeltec_robot/local/lib/python3.10/dist-packages/turn_on_wheeltec_robot/_turn_on_wheeltec_robot_s.ep.rosidl_typesupport_c.c
-- Up-to-date: /home/HwHiAiUser/wheeltec_ros2/install/turn_on_wheeltec_robot/local/lib/python3.10/dist-packages/turn_on_wheeltec_robot/turn_on_wheeltec_robot_s__rosidl_typesupport_fastrtps_c.cpython-310-aarch64-linux-gnu.so
-- Up-to-date: /home/HwHiAiUser/wheeltec_ros2/install/turn_on_wheeltec_robot/local/lib/python3.10/dist-packages/turn_on_wheeltec_robot/_turn_on_wheeltec_robot_s.ep.rosidl_typesupport_fastrtps_c.c
Listing '/home/HwHiAiUser/wheeltec_ros2/install/turn_on_wheeltec_robot/local/lib/python3.10/dist-packages/turn_on_wheeltec_robot'...
Compiling '/home/HwHiAiUser/wheeltec_ros2/install/turn_on_wheeltec_robot/local/lib/python3.10/dist-packages/turn_on_wheeltec_robot/__init__.py'...
Listing '/home/HwHiAiUser/wheeltec_ros2/install/turn_on_wheeltec_robot/local/lib/python3.10/dist-packages/turn_on_wheeltec_robot/msg'...
-- Up-to-date: /home/HwHiAiUser/wheeltec_ros2/install/turn_on_wheeltec_robot/local/lib/python3.10/dist-packages/turn_on_wheeltec_robot/turn_on_wheeltec_robot_s__rosidl_typesupport_fastrtps_c.cpython-310-aarch64-linux-gnu.so
-- Up-to-date: /home/HwHiAiUser/wheeltec_ros2/install/turn_on_wheeltec_robot/local/lib/python3.10/dist-packages/turn_on_wheeltec_robot/turn_on_wheeltec_robot_s__rosidl_typesupport_introspection_c.cpython-310-aarch64-linux-gnu.so
-- Up-to-date: /home/HwHiAiUser/wheeltec_ros2/install/turn_on_wheeltec_robot/local/lib/python3.10/dist-packages/turn_on_wheeltec_robot/turn_on_wheeltec_robot_s__rosidl_typesupport_c.cpython-310-aarch64-linux-gnu.so
-- Up-to-date: /home/HwHiAiUser/wheeltec_ros2/install/turn_on_wheeltec_robot/lib/libturn_on_wheeltec_robot__rosidl_generator_py.so
-- Up-to-date: /home/HwHiAiUser/wheeltec_ros2/install/turn_on_wheeltec_robot/share/turn_on_wheeltec_robot/msg/Position.idl
-- Up-to-date: /home/HwHiAiUser/wheeltec_ros2/install/turn_on_wheeltec_robot/share/turn_on_wheeltec_robot/msg/Position.msg
-- Up-to-date: /home/HwHiAiUser/wheeltec_ros2/install/turn_on_wheeltec_robot/lib/turn_on_wheeltec_robot/wheeltec_robot_node
-- Up-to-date: /home/HwHiAiUser/wheeltec_ros2/install/turn_on_wheeltec_robot/share/turn_on_wheeltec_robot/launch
-- Up-to-date: /home/HwHiAiUser/wheeltec_ros2/install/turn_on_wheeltec_robot/share/turn_on_wheeltec_robot/launch/wheeltec_sensors.launch.py
-- Up-to-date: /home/HwHiAiUser/wheeltec_ros2/install/turn_on_wheeltec_robot/share/turn_on_wheeltec_robot/launch/wheeltec_camera.launch.py
-- Up-to-date: /home/HwHiAiUser/wheeltec_ros2/install/turn_on_wheeltec_robot/share/turn_on_wheeltec_robot/launch/include
-- Up-to-date: /home/HwHiAiUser/wheeltec_ros2/install/turn_on_wheeltec_robot/share/turn_on_wheeltec_robot/launch/include/base_serial_h30imu.launch.py
-- Up-to-date: /home/HwHiAiUser/wheeltec_ros2/install/turn_on_wheeltec_robot/share/turn_on_wheeltec_robot/launch/include/turn_on_wheeltec_robot_h30imu.launch.py
-- Up-to-date: /home/HwHiAiUser/wheeltec_ros2/install/turn_on_wheeltec_robot/share/turn_on_wheeltec_robot/launch/__pycache__
-- Up-to-date: /home/HwHiAiUser/wheeltec_ros2/install/turn_on_wheeltec_robot/share/turn_on_wheeltec_robot/launch/__pycache__/testtwo.launch.cpython-38.pyc
-- Up-to-date: /home/HwHiAiUser/wheeltec_ros2/install/turn_on_wheeltec_robot/share/turn_on_wheeltec_robot/launch/robot_mode_description.launch.py
-- Up-to-date: /home/HwHiAiUser/wheeltec_ros2/install/turn_on_wheeltec_robot/share/turn_on_wheeltec_robot/launch/turn_on_wheeltec_robot.launch.py
-- Up-to-date: /home/HwHiAiUser/wheeltec_ros2/install/turn_on_wheeltec_robot/share/turn_on_wheeltec_robot/launch/custom_urdf_nav.launch.py
-- Installing: /home/HwHiAiUser/wheeltec_ros2/install/turn_on_wheeltec_robot/share/turn_on_wheeltec_robot/launch/base_serial.launch.py
-- Up-to-date: /home/HwHiAiUser/wheeltec_ros2/install/turn_on_wheeltec_robot/share/turn_on_wheeltec_robot/launch/wheeltec_lidar.launch.py
-- Up-to-date: /home/HwHiAiUser/wheeltec_ros2/install/turn_on_wheeltec_robot/share/turn_on_wheeltec_robot/launch/wheeltec_ekf.launch.py
-- Up-to-date: /home/HwHiAiUser/wheeltec_ros2/install/turn_on_wheeltec_robot/share/turn_on_wheeltec_robot/launch/robot_mode_description_minibot.launch.py
-- Up-to-date: /home/HwHiAiUser/wheeltec_ros2/install/turn_on_wheeltec_robot/share/turn_on_wheeltec_robot/config
-- Up-to-date: /home/HwHiAiUser/wheeltec_ros2/install/turn_on_wheeltec_robot/share/turn_on_wheeltec_robot/config/ekf_carto.yaml
-- Up-to-date: /home/HwHiAiUser/wheeltec_ros2/install/turn_on_wheeltec_robot/share/turn_on_wheeltec_robot/config/imu.yaml
-- Up-to-date: /home/HwHiAiUser/wheeltec_ros2/install/turn_on_wheeltec_robot/share/turn_on_wheeltec_robot/config/camera_info.yaml
-- Up-to-date: /home/HwHiAiUser/wheeltec_ros2/install/turn_on_wheeltec_robot/share/turn_on_wheeltec_robot/config/ekf.yaml
-- Up-to-date: /home/HwHiAiUser/wheeltec_ros2/install/turn_on_wheeltec_robot/share/ament_index/resource_index/package_run_dependencies/turn_on_wheeltec_robot
-- Up-to-date: /home/HwHiAiUser/wheeltec_ros2/install/turn_on_wheeltec_robot/share/ament_index/resource_index/parent_prefix_path/turn_on_wheeltec_robot
-- Up-to-date: /home/HwHiAiUser/wheeltec_ros2/install/turn_on_wheeltec_robot/share/turn_on_wheeltec_robot/environment/ament_prefix_path.sh
-- Installing: /home/HwHiAiUser/wheeltec_ros2/install/turn_on_wheeltec_robot/share/turn_on_wheeltec_robot/environment/ament_prefix_path.dsv
-- Up-to-date: /home/HwHiAiUser/wheeltec_ros2/install/turn_on_wheeltec_robot/share/turn_on_wheeltec_robot/environment/path.sh
-- Installing: /home/HwHiAiUser/wheeltec_ros2/install/turn_on_wheeltec_robot/share/turn_on_wheeltec_robot/environment/path.dsv
-- Up-to-date: /home/HwHiAiUser/wheeltec_ros2/install/turn_on_wheeltec_robot/share/turn_on_wheeltec_robot/local_setup.bash
-- Up-to-date: /home/HwHiAiUser/wheeltec_ros2/install/turn_on_wheeltec_robot/share/turn_on_wheeltec_robot/local_setup.sh
-- Up-to-date: /home/HwHiAiUser/wheeltec_ros2/install/turn_on_wheeltec_robot/share/turn_on_wheeltec_robot/local_setup.zsh
-- Installing: /home/HwHiAiUser/wheeltec_ros2/install/turn_on_wheeltec_robot/share/turn_on_wheeltec_robot/local_setup.dsv
-- Installing: /home/HwHiAiUser/wheeltec_ros2/install/turn_on_wheeltec_robot/share/turn_on_wheeltec_robot/package.dsv
-- Up-to-date: /home/HwHiAiUser/wheeltec_ros2/install/turn_on_wheeltec_robot/share/ament_index/resource_index/packages/turn_on_wheeltec_robot
-- Up-to-date: /home/HwHiAiUser/wheeltec_ros2/install/turn_on_wheeltec_robot/share/turn_on_wheeltec_robot/cmake/export_turn_on_wheeltec_robot__rosidl_generator_cExport.cmake
-- Up-to-date: /home/HwHiAiUser/wheeltec_ros2/install/turn_on_wheeltec_robot/share/turn_on_wheeltec_robot/cmake/export_turn_on_wheeltec_robot__rosidl_generator_cExport-release.cmake
-- Up-to-date: /home/HwHiAiUser/wheeltec_ros2/install/turn_on_wheeltec_robot/share/turn_on_wheeltec_robot/cmake/export_turn_on_wheeltec_robot__rosidl_typesupport_fastrtps_cExport.cmake
-- Up-to-date: /home/HwHiAiUser/wheeltec_ros2/install/turn_on_wheeltec_robot/share/turn_on_wheeltec_robot/cmake/export_turn_on_wheeltec_robot__rosidl_typesupport_fastrtps_cExport-release.cmake
-- Up-to-date: /home/HwHiAiUser/wheeltec_ros2/install/turn_on_wheeltec_robot/share/turn_on_wheeltec_robot/cmake/export_turn_on_wheeltec_robot__rosidl_generator_cppExport.cmake
-- Up-to-date: /home/HwHiAiUser/wheeltec_ros2/install/turn_on_wheeltec_robot/share/turn_on_wheeltec_robot/cmake/export_turn_on_wheeltec_robot__rosidl_typesupport_fastrtps_cppExport.cmake
-- Up-to-date: /home/HwHiAiUser/wheeltec_ros2/install/turn_on_wheeltec_robot/share/turn_on_wheeltec_robot/cmake/export_turn_on_wheeltec_robot__rosidl_typesupport_fastrtps_cppExport-release.cmake
-- Up-to-date: /home/HwHiAiUser/wheeltec_ros2/install/turn_on_wheeltec_robot/share/turn_on_wheeltec_robot/cmake/turn_on_wheeltec_robot__rosidl_typesupport_introspection_cExport.cmake
-- Up-to-date: /home/HwHiAiUser/wheeltec_ros2/install/turn_on_wheeltec_robot/share/turn_on_wheeltec_robot/cmake/turn_on_wheeltec_robot__rosidl_typesupport_introspection_cExport-release.cmake
-- Up-to-date: /home/HwHiAiUser/wheeltec_ros2/install/turn_on_wheeltec_robot/share/turn_on_wheeltec_robot/cmake/turn_on_wheeltec_robot__rosidl_typesupport_cExport.cmake
-- Up-to-date: /home/HwHiAiUser/wheeltec_ros2/install/turn_on_wheeltec_robot/share/turn_on_wheeltec_robot/cmake/turn_on_wheeltec_robot__rosidl_typesupport_cExport-release.cmake
-- Up-to-date: /home/HwHiAiUser/wheeltec_ros2/install/turn_on_wheeltec_robot/share/turn_on_wheeltec_robot/cmake/turn_on_wheeltec_robot__rosidl_typesupport_introspection_cppExport.cmake
-- Up-to-date: /home/HwHiAiUser/wheeltec_ros2/install/turn_on_wheeltec_robot/share/turn_on_wheeltec_robot/cmake/turn_on_wheeltec_robot__rosidl_typesupport_introspection_cppExport-release.cmake
-- Up-to-date: /home/HwHiAiUser/wheeltec_ros2/install/turn_on_wheeltec_robot/share/turn_on_wheeltec_robot/cmake/turn_on_wheeltec_robot__rosidl_typesupport_cppExport.cmake
-- Up-to-date: /home/HwHiAiUser/wheeltec_ros2/install/turn_on_wheeltec_robot/share/turn_on_wheeltec_robot/cmake/turn_on_wheeltec_robot__rosidl_typesupport_cppExport-release.cmake
-- Up-to-date: /home/HwHiAiUser/wheeltec_ros2/install/turn_on_wheeltec_robot/share/turn_on_wheeltec_robot/cmake/export_turn_on_wheeltec_robot__rosidl_generator_pyExport.cmake
-- Up-to-date: /home/HwHiAiUser/wheeltec_ros2/install/turn_on_wheeltec_robot/share/turn_on_wheeltec_robot/cmake/export_turn_on_wheeltec_robot__rosidl_generator_pyExport-release.cmake
-- Up-to-date: /home/HwHiAiUser/wheeltec_ros2/install/turn_on_wheeltec_robot/share/turn_on_wheeltec_robot/cmake/rosidl_cmake-extras.cmake
-- Up-to-date: /home/HwHiAiUser/wheeltec_ros2/install/turn_on_wheeltec_robot/share/turn_on_wheeltec_robot/cmake/ament_cmake_export_include_directories-extras.cmake
-- Up-to-date: /home/HwHiAiUser/wheeltec_ros2/install/turn_on_wheeltec_robot/share/turn_on_wheeltec_robot/cmake/ament_cmake_export_libraries-extras.cmake
-- Up-to-date: /home/HwHiAiUser/wheeltec_ros2/install/turn_on_wheeltec_robot/share/turn_on_wheeltec_robot/cmake/ament_cmake_export_targets-extras.cmake
-- Up-to-date: /home/HwHiAiUser/wheeltec_ros2/install/turn_on_wheeltec_robot/share/turn_on_wheeltec_robot/cmake/rosidl_cmake_export_typesupport_targets-extras.cmake
-- Up-to-date: /home/HwHiAiUser/wheeltec_ros2/install/turn_on_wheeltec_robot/share/turn_on_wheeltec_robot/cmake/ament_cmake_export_dependencies-extras.cmake
-- Up-to-date: /home/HwHiAiUser/wheeltec_ros2/install/turn_on_wheeltec_robot/share/turn_on_wheeltec_robot/cmake/rosidl_cmake_export_typesupport_libraries-extras.cmake
-- Up-to-date: /home/HwHiAiUser/wheeltec_ros2/install/turn_on_wheeltec_robot/share/turn_on_wheeltec_robot/cmake/turn_on_wheeltec_robotConfig.cmake
-- Up-to-date: /home/HwHiAiUser/wheeltec_ros2/install/turn_on_wheeltec_robot/share/turn_on_wheeltec_robot/cmake/turn_on_wheeltec_robotConfig-version.cmake
-- Up-to-date: /home/HwHiAiUser/wheeltec_ros2/install/turn_on_wheeltec_robot/share/turn_on_wheeltec_robot/package.xml
