[0.162s] Invoking command in '/home/HwHiAiUser/wheeltec_ros2/build/turn_on_wheeltec_robot': CMAKE_PREFIX_PATH=/home/HwHiAiUser/wheeltec_ros2/install/wheeltec_robot_msg:/home/HwHiAiUser/wheeltec_ros2/install/serial:/home/HwHiAiUser/wheeltec_ros2/install/ackermann_msgs:/home/HwHiAiUser/wheeltec_ros2/install/yesense_std_ros2:/home/HwHiAiUser/wheeltec_ros2/install/yesense_interface:/home/HwHiAiUser/wheeltec_ros2/install/wheeltec_rviz2:/home/HwHiAiUser/wheeltec_ros2/install/wheeltec_robot_urdf:/home/HwHiAiUser/wheeltec_ros2/install/turn_on_wheeltec_robot:/home/HwHiAiUser/wheeltec_ros2/install/web_video_server:/home/HwHiAiUser/wheeltec_ros2/install/usb_cam:/home/HwHiAiUser/wheeltec_ros2/install/rplidar_ros:/home/HwHiAiUser/wheeltec_ros2/install/lslidar_driver:/home/HwHiAiUser/wheeltec_ros2/install/lslidar_msgs:/home/HwHiAiUser/wheeltec_ros2/install/ldlidar_stl_ros2:/home/HwHiAiUser/wheeltec_ros2/install/ldlidar_sl_ros2:/home/HwHiAiUser/wheeltec_ros2/install/ldlidar:/home/HwHiAiUser/wheeltec_ros2/install/wheeltec_robot_keyboard:/home/HwHiAiUser/wheeltec_ros2/install/tf2_tools:/opt/ros/humble LD_LIBRARY_PATH=/home/HwHiAiUser/wheeltec_ros2/install/wheeltec_robot_msg/lib:/home/HwHiAiUser/wheeltec_ros2/install/ackermann_msgs/lib:/usr/local/Ascend/ascend-toolkit/latest/tools/aml/lib64:/usr/local/Ascend/ascend-toolkit/latest/tools/aml/lib64/plugin:/usr/local/Ascend/ascend-toolkit/latest/lib64:/usr/local/Ascend/ascend-toolkit/latest/lib64/plugin/opskernel:/usr/local/Ascend/ascend-toolkit/latest/lib64/plugin/nnengine:/usr/local/Ascend/ascend-toolkit/latest/opp/built-in/op_impl/ai_core/tbe/op_tiling/lib/linux/aarch64:/lib64:/var/davinci/driver/lib64:/var/davinci/driver/lib64/common:/var/davinci/driver/lib64/driver:/home/HwHiAiUser/wheeltec_ros2/install/yesense_interface/lib:/home/HwHiAiUser/wheeltec_ros2/install/turn_on_wheeltec_robot/lib:/home/HwHiAiUser/wheeltec_ros2/install/usb_cam/lib:/home/HwHiAiUser/wheeltec_ros2/install/serial/lib:/home/HwHiAiUser/wheeltec_ros2/install/lslidar_msgs/lib:/opt/ros/humble/opt/rviz_ogre_vendor/lib:/opt/ros/humble/lib/aarch64-linux-gnu:/opt/ros/humble/lib:/usr/local/Ascend/ascend-toolkit/latest/tools/aml/lib64:/usr/local/Ascend/ascend-toolkit/latest/tools/aml/lib64/plugin:/usr/local/Ascend/ascend-toolkit/latest/lib64:/usr/local/Ascend/ascend-toolkit/latest/lib64/plugin/opskernel:/usr/local/Ascend/ascend-toolkit/latest/lib64/plugin/nnengine:/usr/local/Ascend/ascend-toolkit/latest/opp/built-in/op_impl/ai_core/tbe/op_tiling/lib/linux/aarch64:/lib64:/var/davinci/driver/lib64:/var/davinci/driver/lib64/common:/var/davinci/driver/lib64/driver:/usr/local/Ascend/ascend-toolkit/laster/runtime/lib64/stub/aarch64:/usr/local/Ascend/ascend-toolkit/laster/lib64:/usr/local/Ascend/ascend-toolkit/laster/lib64/plugin/opskernel:/usr/local/Ascend/ascend-toolkit/laster/lib64/plugin/nnengine:/usr/local/Ascend/ascend-toolkit/laster/opp/built-in/op_impl/ai_core/tbe/op_tiling:/usr/local/Ascend/driver/lib64:/var/davinci/driver/lib64:/var/davinci/driver/lib64/common:/var/davinci/driver/lib64/driver:/usr/local/Ascend/ascend-toolkit/laster/runtime/lib64/stub/aarch64:/usr/local/Ascend/ascend-toolkit/laster/lib64:/usr/local/Ascend/ascend-toolkit/laster/lib64/plugin/opskernel:/usr/local/Ascend/ascend-toolkit/laster/lib64/plugin/nnengine:/usr/local/Ascend/ascend-toolkit/laster/opp/built-in/op_impl/ai_core/tbe/op_tiling:/usr/local/Ascend/driver/lib64:/var/davinci/driver/lib64:/var/davinci/driver/lib64/common:/var/davinci/driver/lib64/driver _=/usr/bin/env /usr/bin/cmake /home/HwHiAiUser/wheeltec_ros2/src/turn_on_wheeltec_robot -DCMAKE_INSTALL_PREFIX=/home/HwHiAiUser/wheeltec_ros2/install/turn_on_wheeltec_robot
[0.253s] -- Found ament_cmake: 1.3.12 (/opt/ros/humble/share/ament_cmake/cmake)
[0.954s] -- Found geometry_msgs: 4.9.0 (/opt/ros/humble/share/geometry_msgs/cmake)
[1.048s] -- Found rosidl_generator_c: 3.1.7 (/opt/ros/humble/share/rosidl_generator_c/cmake)
[1.059s] -- Found rosidl_adapter: 3.1.7 (/opt/ros/humble/share/rosidl_adapter/cmake)
[1.084s] -- Found rosidl_generator_cpp: 3.1.7 (/opt/ros/humble/share/rosidl_generator_cpp/cmake)
[1.123s] -- Using all available rosidl_typesupport_c: rosidl_typesupport_fastrtps_c;rosidl_typesupport_introspection_c
[1.167s] -- Using all available rosidl_typesupport_cpp: rosidl_typesupport_fastrtps_cpp;rosidl_typesupport_introspection_cpp
[1.292s] -- Found tf2_geometry_msgs: 0.25.16 (/opt/ros/humble/share/tf2_geometry_msgs/cmake)
[1.305s] -- Found eigen3_cmake_module: 0.1.1 (/opt/ros/humble/share/eigen3_cmake_module/cmake)
[1.309s] -- Ensuring Eigen3 include directory is part of orocos-kdl CMake target
[1.486s] -- Found rmw_implementation_cmake: 6.1.2 (/opt/ros/humble/share/rmw_implementation_cmake/cmake)
[1.493s] -- Found rmw_fastrtps_cpp: 6.2.9 (/opt/ros/humble/share/rmw_fastrtps_cpp/cmake)
[1.788s] -- Using RMW implementation 'rmw_fastrtps_cpp' as default
[2.133s] -- Found turtlesim: 1.4.3 (/opt/ros/humble/share/turtlesim/cmake)
[2.179s] -- Found nav2_msgs: 1.1.19 (/opt/ros/humble/share/nav2_msgs/cmake)
[2.317s] -- Found rclpy: 3.3.17 (/opt/ros/humble/share/rclpy/cmake)
[2.318s] -- Found sensor_msgs: 4.9.0 (/opt/ros/humble/share/sensor_msgs/cmake)
[2.399s] -- Found std_srvs: 4.9.0 (/opt/ros/humble/share/std_srvs/cmake)
[2.430s] -- Found wheeltec_robot_msg: 0.0.0 (/home/HwHiAiUser/wheeltec_ros2/install/wheeltec_robot_msg/share/wheeltec_robot_msg/cmake)
[2.464s] -- Found serial: 1.2.1 (/home/HwHiAiUser/wheeltec_ros2/install/serial/share/serial/cmake)
[2.470s] -- Found rosidl_default_generators: 1.2.0 (/opt/ros/humble/share/rosidl_default_generators/cmake)
[3.261s] -- Found ament_cmake_ros: 0.10.0 (/opt/ros/humble/share/ament_cmake_ros/cmake)
[4.164s] -- Using all available rosidl_typesupport_c: rosidl_typesupport_fastrtps_c;rosidl_typesupport_introspection_c
[4.519s] -- Using all available rosidl_typesupport_cpp: rosidl_typesupport_fastrtps_cpp;rosidl_typesupport_introspection_cpp
[4.591s] -- Found python_cmake_module: 0.10.0 (/opt/ros/humble/share/python_cmake_module/cmake)
[4.663s] -- Using PYTHON_EXECUTABLE: /usr/bin/python3
[4.663s] -- Using PYTHON_INCLUDE_DIRS: /usr/include/python3.10
[4.664s] -- Using PYTHON_LIBRARIES: /usr/lib/aarch64-linux-gnu/libpython3.10.so
[4.703s] -- Found ament_lint_auto: 0.12.14 (/opt/ros/humble/share/ament_lint_auto/cmake)
[4.796s] -- Added test 'copyright' to check source files copyright and LICENSE
[4.799s] -- Added test 'cppcheck' to perform static code analysis on C / C++ code
[4.802s] -- Configured cppcheck include dirs: /home/HwHiAiUser/wheeltec_ros2/src/turn_on_wheeltec_robot/include
[4.802s] -- Configured cppcheck exclude dirs and/or files: 
[4.805s] -- Added test 'cpplint' to check C / C++ code against the Google style
[4.806s] -- Configured cpplint exclude dirs and/or files: 
[4.807s] -- Added test 'flake8' to check Python code syntax and style conventions
[4.808s] -- Added test 'lint_cmake' to check CMake code style
[4.811s] -- Added test 'pep257' to check Python code against some of the docstring style conventions in PEP 257
[4.814s] -- Added test 'uncrustify' to check C / C++ code style
[4.814s] -- Configured uncrustify additional arguments: 
[4.816s] -- Added test 'xmllint' to check XML markup files
[4.827s] -- Configuring done
[4.983s] -- Generating done
[5.024s] -- Build files have been written to: /home/HwHiAiUser/wheeltec_ros2/build/turn_on_wheeltec_robot
[5.069s] Invoked command in '/home/HwHiAiUser/wheeltec_ros2/build/turn_on_wheeltec_robot' returned '0': CMAKE_PREFIX_PATH=/home/HwHiAiUser/wheeltec_ros2/install/wheeltec_robot_msg:/home/HwHiAiUser/wheeltec_ros2/install/serial:/home/HwHiAiUser/wheeltec_ros2/install/ackermann_msgs:/home/HwHiAiUser/wheeltec_ros2/install/yesense_std_ros2:/home/HwHiAiUser/wheeltec_ros2/install/yesense_interface:/home/HwHiAiUser/wheeltec_ros2/install/wheeltec_rviz2:/home/HwHiAiUser/wheeltec_ros2/install/wheeltec_robot_urdf:/home/HwHiAiUser/wheeltec_ros2/install/turn_on_wheeltec_robot:/home/HwHiAiUser/wheeltec_ros2/install/web_video_server:/home/HwHiAiUser/wheeltec_ros2/install/usb_cam:/home/HwHiAiUser/wheeltec_ros2/install/rplidar_ros:/home/HwHiAiUser/wheeltec_ros2/install/lslidar_driver:/home/HwHiAiUser/wheeltec_ros2/install/lslidar_msgs:/home/HwHiAiUser/wheeltec_ros2/install/ldlidar_stl_ros2:/home/HwHiAiUser/wheeltec_ros2/install/ldlidar_sl_ros2:/home/HwHiAiUser/wheeltec_ros2/install/ldlidar:/home/HwHiAiUser/wheeltec_ros2/install/wheeltec_robot_keyboard:/home/HwHiAiUser/wheeltec_ros2/install/tf2_tools:/opt/ros/humble LD_LIBRARY_PATH=/home/HwHiAiUser/wheeltec_ros2/install/wheeltec_robot_msg/lib:/home/HwHiAiUser/wheeltec_ros2/install/ackermann_msgs/lib:/usr/local/Ascend/ascend-toolkit/latest/tools/aml/lib64:/usr/local/Ascend/ascend-toolkit/latest/tools/aml/lib64/plugin:/usr/local/Ascend/ascend-toolkit/latest/lib64:/usr/local/Ascend/ascend-toolkit/latest/lib64/plugin/opskernel:/usr/local/Ascend/ascend-toolkit/latest/lib64/plugin/nnengine:/usr/local/Ascend/ascend-toolkit/latest/opp/built-in/op_impl/ai_core/tbe/op_tiling/lib/linux/aarch64:/lib64:/var/davinci/driver/lib64:/var/davinci/driver/lib64/common:/var/davinci/driver/lib64/driver:/home/HwHiAiUser/wheeltec_ros2/install/yesense_interface/lib:/home/HwHiAiUser/wheeltec_ros2/install/turn_on_wheeltec_robot/lib:/home/HwHiAiUser/wheeltec_ros2/install/usb_cam/lib:/home/HwHiAiUser/wheeltec_ros2/install/serial/lib:/home/HwHiAiUser/wheeltec_ros2/install/lslidar_msgs/lib:/opt/ros/humble/opt/rviz_ogre_vendor/lib:/opt/ros/humble/lib/aarch64-linux-gnu:/opt/ros/humble/lib:/usr/local/Ascend/ascend-toolkit/latest/tools/aml/lib64:/usr/local/Ascend/ascend-toolkit/latest/tools/aml/lib64/plugin:/usr/local/Ascend/ascend-toolkit/latest/lib64:/usr/local/Ascend/ascend-toolkit/latest/lib64/plugin/opskernel:/usr/local/Ascend/ascend-toolkit/latest/lib64/plugin/nnengine:/usr/local/Ascend/ascend-toolkit/latest/opp/built-in/op_impl/ai_core/tbe/op_tiling/lib/linux/aarch64:/lib64:/var/davinci/driver/lib64:/var/davinci/driver/lib64/common:/var/davinci/driver/lib64/driver:/usr/local/Ascend/ascend-toolkit/laster/runtime/lib64/stub/aarch64:/usr/local/Ascend/ascend-toolkit/laster/lib64:/usr/local/Ascend/ascend-toolkit/laster/lib64/plugin/opskernel:/usr/local/Ascend/ascend-toolkit/laster/lib64/plugin/nnengine:/usr/local/Ascend/ascend-toolkit/laster/opp/built-in/op_impl/ai_core/tbe/op_tiling:/usr/local/Ascend/driver/lib64:/var/davinci/driver/lib64:/var/davinci/driver/lib64/common:/var/davinci/driver/lib64/driver:/usr/local/Ascend/ascend-toolkit/laster/runtime/lib64/stub/aarch64:/usr/local/Ascend/ascend-toolkit/laster/lib64:/usr/local/Ascend/ascend-toolkit/laster/lib64/plugin/opskernel:/usr/local/Ascend/ascend-toolkit/laster/lib64/plugin/nnengine:/usr/local/Ascend/ascend-toolkit/laster/opp/built-in/op_impl/ai_core/tbe/op_tiling:/usr/local/Ascend/driver/lib64:/var/davinci/driver/lib64:/var/davinci/driver/lib64/common:/var/davinci/driver/lib64/driver _=/usr/bin/env /usr/bin/cmake /home/HwHiAiUser/wheeltec_ros2/src/turn_on_wheeltec_robot -DCMAKE_INSTALL_PREFIX=/home/HwHiAiUser/wheeltec_ros2/install/turn_on_wheeltec_robot
[5.073s] Invoking command in '/home/HwHiAiUser/wheeltec_ros2/build/turn_on_wheeltec_robot': CMAKE_PREFIX_PATH=/home/HwHiAiUser/wheeltec_ros2/install/wheeltec_robot_msg:/home/HwHiAiUser/wheeltec_ros2/install/serial:/home/HwHiAiUser/wheeltec_ros2/install/ackermann_msgs:/home/HwHiAiUser/wheeltec_ros2/install/yesense_std_ros2:/home/HwHiAiUser/wheeltec_ros2/install/yesense_interface:/home/HwHiAiUser/wheeltec_ros2/install/wheeltec_rviz2:/home/HwHiAiUser/wheeltec_ros2/install/wheeltec_robot_urdf:/home/HwHiAiUser/wheeltec_ros2/install/turn_on_wheeltec_robot:/home/HwHiAiUser/wheeltec_ros2/install/web_video_server:/home/HwHiAiUser/wheeltec_ros2/install/usb_cam:/home/HwHiAiUser/wheeltec_ros2/install/rplidar_ros:/home/HwHiAiUser/wheeltec_ros2/install/lslidar_driver:/home/HwHiAiUser/wheeltec_ros2/install/lslidar_msgs:/home/HwHiAiUser/wheeltec_ros2/install/ldlidar_stl_ros2:/home/HwHiAiUser/wheeltec_ros2/install/ldlidar_sl_ros2:/home/HwHiAiUser/wheeltec_ros2/install/ldlidar:/home/HwHiAiUser/wheeltec_ros2/install/wheeltec_robot_keyboard:/home/HwHiAiUser/wheeltec_ros2/install/tf2_tools:/opt/ros/humble LD_LIBRARY_PATH=/home/HwHiAiUser/wheeltec_ros2/install/wheeltec_robot_msg/lib:/home/HwHiAiUser/wheeltec_ros2/install/ackermann_msgs/lib:/usr/local/Ascend/ascend-toolkit/latest/tools/aml/lib64:/usr/local/Ascend/ascend-toolkit/latest/tools/aml/lib64/plugin:/usr/local/Ascend/ascend-toolkit/latest/lib64:/usr/local/Ascend/ascend-toolkit/latest/lib64/plugin/opskernel:/usr/local/Ascend/ascend-toolkit/latest/lib64/plugin/nnengine:/usr/local/Ascend/ascend-toolkit/latest/opp/built-in/op_impl/ai_core/tbe/op_tiling/lib/linux/aarch64:/lib64:/var/davinci/driver/lib64:/var/davinci/driver/lib64/common:/var/davinci/driver/lib64/driver:/home/HwHiAiUser/wheeltec_ros2/install/yesense_interface/lib:/home/HwHiAiUser/wheeltec_ros2/install/turn_on_wheeltec_robot/lib:/home/HwHiAiUser/wheeltec_ros2/install/usb_cam/lib:/home/HwHiAiUser/wheeltec_ros2/install/serial/lib:/home/HwHiAiUser/wheeltec_ros2/install/lslidar_msgs/lib:/opt/ros/humble/opt/rviz_ogre_vendor/lib:/opt/ros/humble/lib/aarch64-linux-gnu:/opt/ros/humble/lib:/usr/local/Ascend/ascend-toolkit/latest/tools/aml/lib64:/usr/local/Ascend/ascend-toolkit/latest/tools/aml/lib64/plugin:/usr/local/Ascend/ascend-toolkit/latest/lib64:/usr/local/Ascend/ascend-toolkit/latest/lib64/plugin/opskernel:/usr/local/Ascend/ascend-toolkit/latest/lib64/plugin/nnengine:/usr/local/Ascend/ascend-toolkit/latest/opp/built-in/op_impl/ai_core/tbe/op_tiling/lib/linux/aarch64:/lib64:/var/davinci/driver/lib64:/var/davinci/driver/lib64/common:/var/davinci/driver/lib64/driver:/usr/local/Ascend/ascend-toolkit/laster/runtime/lib64/stub/aarch64:/usr/local/Ascend/ascend-toolkit/laster/lib64:/usr/local/Ascend/ascend-toolkit/laster/lib64/plugin/opskernel:/usr/local/Ascend/ascend-toolkit/laster/lib64/plugin/nnengine:/usr/local/Ascend/ascend-toolkit/laster/opp/built-in/op_impl/ai_core/tbe/op_tiling:/usr/local/Ascend/driver/lib64:/var/davinci/driver/lib64:/var/davinci/driver/lib64/common:/var/davinci/driver/lib64/driver:/usr/local/Ascend/ascend-toolkit/laster/runtime/lib64/stub/aarch64:/usr/local/Ascend/ascend-toolkit/laster/lib64:/usr/local/Ascend/ascend-toolkit/laster/lib64/plugin/opskernel:/usr/local/Ascend/ascend-toolkit/laster/lib64/plugin/nnengine:/usr/local/Ascend/ascend-toolkit/laster/opp/built-in/op_impl/ai_core/tbe/op_tiling:/usr/local/Ascend/driver/lib64:/var/davinci/driver/lib64:/var/davinci/driver/lib64/common:/var/davinci/driver/lib64/driver _=/usr/bin/env /usr/bin/cmake --build /home/HwHiAiUser/wheeltec_ros2/build/turn_on_wheeltec_robot -- -j4 -l4
[5.208s] [  2%] Built target turn_on_wheeltec_robot__cpp
[5.245s] [35m[1mConsolidate compiler generated dependencies of target wheeltec_robot_node[0m
[5.306s] [ 11%] Built target wheeltec_robot_node
[5.334s] [35m[1mConsolidate compiler generated dependencies of target turn_on_wheeltec_robot__rosidl_typesupport_cpp[0m
[5.366s] [ 20%] Built target turn_on_wheeltec_robot__rosidl_typesupport_cpp
[5.398s] [35m[1mConsolidate compiler generated dependencies of target turn_on_wheeltec_robot__rosidl_typesupport_fastrtps_cpp[0m
[5.428s] [ 29%] Built target turn_on_wheeltec_robot__rosidl_typesupport_fastrtps_cpp
[5.457s] [35m[1mConsolidate compiler generated dependencies of target turn_on_wheeltec_robot__rosidl_typesupport_introspection_cpp[0m
[5.493s] [ 38%] Built target turn_on_wheeltec_robot__rosidl_typesupport_introspection_cpp
[5.574s] [ 38%] Built target ament_cmake_python_copy_turn_on_wheeltec_robot
[5.605s] [35m[1mConsolidate compiler generated dependencies of target turn_on_wheeltec_robot__rosidl_generator_c[0m
[5.635s] [ 47%] Built target turn_on_wheeltec_robot__rosidl_generator_c
[6.355s] running egg_info
[6.357s] writing turn_on_wheeltec_robot.egg-info/PKG-INFO
[6.359s] writing dependency_links to turn_on_wheeltec_robot.egg-info/dependency_links.txt
[6.359s] writing top-level names to turn_on_wheeltec_robot.egg-info/top_level.txt
[6.367s] reading manifest file 'turn_on_wheeltec_robot.egg-info/SOURCES.txt'
[6.369s] writing manifest file 'turn_on_wheeltec_robot.egg-info/SOURCES.txt'
[6.505s] [ 47%] Built target ament_cmake_python_build_turn_on_wheeltec_robot_egg
[6.534s] [35m[1mConsolidate compiler generated dependencies of target turn_on_wheeltec_robot__rosidl_typesupport_c[0m
[6.563s] [ 55%] Built target turn_on_wheeltec_robot__rosidl_typesupport_c
[6.592s] [35m[1mConsolidate compiler generated dependencies of target turn_on_wheeltec_robot__rosidl_typesupport_introspection_c[0m
[6.623s] [ 64%] Built target turn_on_wheeltec_robot__rosidl_typesupport_introspection_c
[6.653s] [35m[1mConsolidate compiler generated dependencies of target turn_on_wheeltec_robot__rosidl_typesupport_fastrtps_c[0m
[6.686s] [ 73%] Built target turn_on_wheeltec_robot__rosidl_typesupport_fastrtps_c
[6.743s] [ 73%] Built target turn_on_wheeltec_robot
[6.798s] [ 76%] Built target turn_on_wheeltec_robot__py
[6.827s] [35m[1mConsolidate compiler generated dependencies of target turn_on_wheeltec_robot__rosidl_generator_py[0m
[6.862s] [ 82%] Built target turn_on_wheeltec_robot__rosidl_generator_py
[6.892s] [35m[1mConsolidate compiler generated dependencies of target turn_on_wheeltec_robot__rosidl_typesupport_fastrtps_c__pyext[0m
[6.927s] [ 88%] Built target turn_on_wheeltec_robot__rosidl_typesupport_fastrtps_c__pyext
[6.958s] [35m[1mConsolidate compiler generated dependencies of target turn_on_wheeltec_robot__rosidl_typesupport_c__pyext[0m
[6.989s] [ 94%] Built target turn_on_wheeltec_robot__rosidl_typesupport_c__pyext
[7.017s] [35m[1mConsolidate compiler generated dependencies of target turn_on_wheeltec_robot__rosidl_typesupport_introspection_c__pyext[0m
[7.052s] [100%] Built target turn_on_wheeltec_robot__rosidl_typesupport_introspection_c__pyext
[7.081s] Invoked command in '/home/HwHiAiUser/wheeltec_ros2/build/turn_on_wheeltec_robot' returned '0': CMAKE_PREFIX_PATH=/home/HwHiAiUser/wheeltec_ros2/install/wheeltec_robot_msg:/home/HwHiAiUser/wheeltec_ros2/install/serial:/home/HwHiAiUser/wheeltec_ros2/install/ackermann_msgs:/home/HwHiAiUser/wheeltec_ros2/install/yesense_std_ros2:/home/HwHiAiUser/wheeltec_ros2/install/yesense_interface:/home/HwHiAiUser/wheeltec_ros2/install/wheeltec_rviz2:/home/HwHiAiUser/wheeltec_ros2/install/wheeltec_robot_urdf:/home/HwHiAiUser/wheeltec_ros2/install/turn_on_wheeltec_robot:/home/HwHiAiUser/wheeltec_ros2/install/web_video_server:/home/HwHiAiUser/wheeltec_ros2/install/usb_cam:/home/HwHiAiUser/wheeltec_ros2/install/rplidar_ros:/home/HwHiAiUser/wheeltec_ros2/install/lslidar_driver:/home/HwHiAiUser/wheeltec_ros2/install/lslidar_msgs:/home/HwHiAiUser/wheeltec_ros2/install/ldlidar_stl_ros2:/home/HwHiAiUser/wheeltec_ros2/install/ldlidar_sl_ros2:/home/HwHiAiUser/wheeltec_ros2/install/ldlidar:/home/HwHiAiUser/wheeltec_ros2/install/wheeltec_robot_keyboard:/home/HwHiAiUser/wheeltec_ros2/install/tf2_tools:/opt/ros/humble LD_LIBRARY_PATH=/home/HwHiAiUser/wheeltec_ros2/install/wheeltec_robot_msg/lib:/home/HwHiAiUser/wheeltec_ros2/install/ackermann_msgs/lib:/usr/local/Ascend/ascend-toolkit/latest/tools/aml/lib64:/usr/local/Ascend/ascend-toolkit/latest/tools/aml/lib64/plugin:/usr/local/Ascend/ascend-toolkit/latest/lib64:/usr/local/Ascend/ascend-toolkit/latest/lib64/plugin/opskernel:/usr/local/Ascend/ascend-toolkit/latest/lib64/plugin/nnengine:/usr/local/Ascend/ascend-toolkit/latest/opp/built-in/op_impl/ai_core/tbe/op_tiling/lib/linux/aarch64:/lib64:/var/davinci/driver/lib64:/var/davinci/driver/lib64/common:/var/davinci/driver/lib64/driver:/home/HwHiAiUser/wheeltec_ros2/install/yesense_interface/lib:/home/HwHiAiUser/wheeltec_ros2/install/turn_on_wheeltec_robot/lib:/home/HwHiAiUser/wheeltec_ros2/install/usb_cam/lib:/home/HwHiAiUser/wheeltec_ros2/install/serial/lib:/home/HwHiAiUser/wheeltec_ros2/install/lslidar_msgs/lib:/opt/ros/humble/opt/rviz_ogre_vendor/lib:/opt/ros/humble/lib/aarch64-linux-gnu:/opt/ros/humble/lib:/usr/local/Ascend/ascend-toolkit/latest/tools/aml/lib64:/usr/local/Ascend/ascend-toolkit/latest/tools/aml/lib64/plugin:/usr/local/Ascend/ascend-toolkit/latest/lib64:/usr/local/Ascend/ascend-toolkit/latest/lib64/plugin/opskernel:/usr/local/Ascend/ascend-toolkit/latest/lib64/plugin/nnengine:/usr/local/Ascend/ascend-toolkit/latest/opp/built-in/op_impl/ai_core/tbe/op_tiling/lib/linux/aarch64:/lib64:/var/davinci/driver/lib64:/var/davinci/driver/lib64/common:/var/davinci/driver/lib64/driver:/usr/local/Ascend/ascend-toolkit/laster/runtime/lib64/stub/aarch64:/usr/local/Ascend/ascend-toolkit/laster/lib64:/usr/local/Ascend/ascend-toolkit/laster/lib64/plugin/opskernel:/usr/local/Ascend/ascend-toolkit/laster/lib64/plugin/nnengine:/usr/local/Ascend/ascend-toolkit/laster/opp/built-in/op_impl/ai_core/tbe/op_tiling:/usr/local/Ascend/driver/lib64:/var/davinci/driver/lib64:/var/davinci/driver/lib64/common:/var/davinci/driver/lib64/driver:/usr/local/Ascend/ascend-toolkit/laster/runtime/lib64/stub/aarch64:/usr/local/Ascend/ascend-toolkit/laster/lib64:/usr/local/Ascend/ascend-toolkit/laster/lib64/plugin/opskernel:/usr/local/Ascend/ascend-toolkit/laster/lib64/plugin/nnengine:/usr/local/Ascend/ascend-toolkit/laster/opp/built-in/op_impl/ai_core/tbe/op_tiling:/usr/local/Ascend/driver/lib64:/var/davinci/driver/lib64:/var/davinci/driver/lib64/common:/var/davinci/driver/lib64/driver _=/usr/bin/env /usr/bin/cmake --build /home/HwHiAiUser/wheeltec_ros2/build/turn_on_wheeltec_robot -- -j4 -l4
[7.086s] Invoking command in '/home/HwHiAiUser/wheeltec_ros2/build/turn_on_wheeltec_robot': CMAKE_PREFIX_PATH=/home/HwHiAiUser/wheeltec_ros2/install/wheeltec_robot_msg:/home/HwHiAiUser/wheeltec_ros2/install/serial:/home/HwHiAiUser/wheeltec_ros2/install/ackermann_msgs:/home/HwHiAiUser/wheeltec_ros2/install/yesense_std_ros2:/home/HwHiAiUser/wheeltec_ros2/install/yesense_interface:/home/HwHiAiUser/wheeltec_ros2/install/wheeltec_rviz2:/home/HwHiAiUser/wheeltec_ros2/install/wheeltec_robot_urdf:/home/HwHiAiUser/wheeltec_ros2/install/turn_on_wheeltec_robot:/home/HwHiAiUser/wheeltec_ros2/install/web_video_server:/home/HwHiAiUser/wheeltec_ros2/install/usb_cam:/home/HwHiAiUser/wheeltec_ros2/install/rplidar_ros:/home/HwHiAiUser/wheeltec_ros2/install/lslidar_driver:/home/HwHiAiUser/wheeltec_ros2/install/lslidar_msgs:/home/HwHiAiUser/wheeltec_ros2/install/ldlidar_stl_ros2:/home/HwHiAiUser/wheeltec_ros2/install/ldlidar_sl_ros2:/home/HwHiAiUser/wheeltec_ros2/install/ldlidar:/home/HwHiAiUser/wheeltec_ros2/install/wheeltec_robot_keyboard:/home/HwHiAiUser/wheeltec_ros2/install/tf2_tools:/opt/ros/humble LD_LIBRARY_PATH=/home/HwHiAiUser/wheeltec_ros2/install/wheeltec_robot_msg/lib:/home/HwHiAiUser/wheeltec_ros2/install/ackermann_msgs/lib:/usr/local/Ascend/ascend-toolkit/latest/tools/aml/lib64:/usr/local/Ascend/ascend-toolkit/latest/tools/aml/lib64/plugin:/usr/local/Ascend/ascend-toolkit/latest/lib64:/usr/local/Ascend/ascend-toolkit/latest/lib64/plugin/opskernel:/usr/local/Ascend/ascend-toolkit/latest/lib64/plugin/nnengine:/usr/local/Ascend/ascend-toolkit/latest/opp/built-in/op_impl/ai_core/tbe/op_tiling/lib/linux/aarch64:/lib64:/var/davinci/driver/lib64:/var/davinci/driver/lib64/common:/var/davinci/driver/lib64/driver:/home/HwHiAiUser/wheeltec_ros2/install/yesense_interface/lib:/home/HwHiAiUser/wheeltec_ros2/install/turn_on_wheeltec_robot/lib:/home/HwHiAiUser/wheeltec_ros2/install/usb_cam/lib:/home/HwHiAiUser/wheeltec_ros2/install/serial/lib:/home/HwHiAiUser/wheeltec_ros2/install/lslidar_msgs/lib:/opt/ros/humble/opt/rviz_ogre_vendor/lib:/opt/ros/humble/lib/aarch64-linux-gnu:/opt/ros/humble/lib:/usr/local/Ascend/ascend-toolkit/latest/tools/aml/lib64:/usr/local/Ascend/ascend-toolkit/latest/tools/aml/lib64/plugin:/usr/local/Ascend/ascend-toolkit/latest/lib64:/usr/local/Ascend/ascend-toolkit/latest/lib64/plugin/opskernel:/usr/local/Ascend/ascend-toolkit/latest/lib64/plugin/nnengine:/usr/local/Ascend/ascend-toolkit/latest/opp/built-in/op_impl/ai_core/tbe/op_tiling/lib/linux/aarch64:/lib64:/var/davinci/driver/lib64:/var/davinci/driver/lib64/common:/var/davinci/driver/lib64/driver:/usr/local/Ascend/ascend-toolkit/laster/runtime/lib64/stub/aarch64:/usr/local/Ascend/ascend-toolkit/laster/lib64:/usr/local/Ascend/ascend-toolkit/laster/lib64/plugin/opskernel:/usr/local/Ascend/ascend-toolkit/laster/lib64/plugin/nnengine:/usr/local/Ascend/ascend-toolkit/laster/opp/built-in/op_impl/ai_core/tbe/op_tiling:/usr/local/Ascend/driver/lib64:/var/davinci/driver/lib64:/var/davinci/driver/lib64/common:/var/davinci/driver/lib64/driver:/usr/local/Ascend/ascend-toolkit/laster/runtime/lib64/stub/aarch64:/usr/local/Ascend/ascend-toolkit/laster/lib64:/usr/local/Ascend/ascend-toolkit/laster/lib64/plugin/opskernel:/usr/local/Ascend/ascend-toolkit/laster/lib64/plugin/nnengine:/usr/local/Ascend/ascend-toolkit/laster/opp/built-in/op_impl/ai_core/tbe/op_tiling:/usr/local/Ascend/driver/lib64:/var/davinci/driver/lib64:/var/davinci/driver/lib64/common:/var/davinci/driver/lib64/driver _=/usr/bin/env /usr/bin/cmake --install /home/HwHiAiUser/wheeltec_ros2/build/turn_on_wheeltec_robot
[7.107s] -- Install configuration: "Release"
[7.107s] -- Up-to-date: /home/HwHiAiUser/wheeltec_ros2/install/turn_on_wheeltec_robot/share/ament_index/resource_index/rosidl_interfaces/turn_on_wheeltec_robot
[7.107s] -- Up-to-date: /home/HwHiAiUser/wheeltec_ros2/install/turn_on_wheeltec_robot/include/turn_on_wheeltec_robot/turn_on_wheeltec_robot
[7.108s] -- Up-to-date: /home/HwHiAiUser/wheeltec_ros2/install/turn_on_wheeltec_robot/include/turn_on_wheeltec_robot/turn_on_wheeltec_robot/msg
[7.108s] -- Up-to-date: /home/HwHiAiUser/wheeltec_ros2/install/turn_on_wheeltec_robot/include/turn_on_wheeltec_robot/turn_on_wheeltec_robot/msg/detail
[7.108s] -- Up-to-date: /home/HwHiAiUser/wheeltec_ros2/install/turn_on_wheeltec_robot/include/turn_on_wheeltec_robot/turn_on_wheeltec_robot/msg/detail/position__struct.h
[7.108s] -- Up-to-date: /home/HwHiAiUser/wheeltec_ros2/install/turn_on_wheeltec_robot/include/turn_on_wheeltec_robot/turn_on_wheeltec_robot/msg/detail/position__functions.h
[7.109s] -- Up-to-date: /home/HwHiAiUser/wheeltec_ros2/install/turn_on_wheeltec_robot/include/turn_on_wheeltec_robot/turn_on_wheeltec_robot/msg/detail/position__functions.c
[7.109s] -- Up-to-date: /home/HwHiAiUser/wheeltec_ros2/install/turn_on_wheeltec_robot/include/turn_on_wheeltec_robot/turn_on_wheeltec_robot/msg/detail/position__type_support.h
[7.109s] -- Up-to-date: /home/HwHiAiUser/wheeltec_ros2/install/turn_on_wheeltec_robot/include/turn_on_wheeltec_robot/turn_on_wheeltec_robot/msg/rosidl_generator_c__visibility_control.h
[7.109s] -- Up-to-date: /home/HwHiAiUser/wheeltec_ros2/install/turn_on_wheeltec_robot/include/turn_on_wheeltec_robot/turn_on_wheeltec_robot/msg/position.h
[7.110s] -- Up-to-date: /home/HwHiAiUser/wheeltec_ros2/install/turn_on_wheeltec_robot/share/turn_on_wheeltec_robot/environment/library_path.sh
[7.110s] -- Installing: /home/HwHiAiUser/wheeltec_ros2/install/turn_on_wheeltec_robot/share/turn_on_wheeltec_robot/environment/library_path.dsv
[7.110s] -- Up-to-date: /home/HwHiAiUser/wheeltec_ros2/install/turn_on_wheeltec_robot/lib/libturn_on_wheeltec_robot__rosidl_generator_c.so
[7.111s] -- Up-to-date: /home/HwHiAiUser/wheeltec_ros2/install/turn_on_wheeltec_robot/include/turn_on_wheeltec_robot/turn_on_wheeltec_robot
[7.111s] -- Up-to-date: /home/HwHiAiUser/wheeltec_ros2/install/turn_on_wheeltec_robot/include/turn_on_wheeltec_robot/turn_on_wheeltec_robot/msg
[7.112s] -- Up-to-date: /home/HwHiAiUser/wheeltec_ros2/install/turn_on_wheeltec_robot/include/turn_on_wheeltec_robot/turn_on_wheeltec_robot/msg/detail
[7.112s] -- Up-to-date: /home/HwHiAiUser/wheeltec_ros2/install/turn_on_wheeltec_robot/include/turn_on_wheeltec_robot/turn_on_wheeltec_robot/msg/detail/position__rosidl_typesupport_fastrtps_c.h
[7.112s] -- Up-to-date: /home/HwHiAiUser/wheeltec_ros2/install/turn_on_wheeltec_robot/include/turn_on_wheeltec_robot/turn_on_wheeltec_robot/msg/rosidl_typesupport_fastrtps_c__visibility_control.h
[7.112s] -- Up-to-date: /home/HwHiAiUser/wheeltec_ros2/install/turn_on_wheeltec_robot/lib/libturn_on_wheeltec_robot__rosidl_typesupport_fastrtps_c.so
[7.113s] -- Up-to-date: /home/HwHiAiUser/wheeltec_ros2/install/turn_on_wheeltec_robot/include/turn_on_wheeltec_robot/turn_on_wheeltec_robot
[7.113s] -- Up-to-date: /home/HwHiAiUser/wheeltec_ros2/install/turn_on_wheeltec_robot/include/turn_on_wheeltec_robot/turn_on_wheeltec_robot/msg
[7.113s] -- Up-to-date: /home/HwHiAiUser/wheeltec_ros2/install/turn_on_wheeltec_robot/include/turn_on_wheeltec_robot/turn_on_wheeltec_robot/msg/detail
[7.114s] -- Up-to-date: /home/HwHiAiUser/wheeltec_ros2/install/turn_on_wheeltec_robot/include/turn_on_wheeltec_robot/turn_on_wheeltec_robot/msg/detail/position__struct.hpp
[7.114s] -- Up-to-date: /home/HwHiAiUser/wheeltec_ros2/install/turn_on_wheeltec_robot/include/turn_on_wheeltec_robot/turn_on_wheeltec_robot/msg/detail/position__builder.hpp
[7.114s] -- Up-to-date: /home/HwHiAiUser/wheeltec_ros2/install/turn_on_wheeltec_robot/include/turn_on_wheeltec_robot/turn_on_wheeltec_robot/msg/detail/position__type_support.hpp
[7.115s] -- Up-to-date: /home/HwHiAiUser/wheeltec_ros2/install/turn_on_wheeltec_robot/include/turn_on_wheeltec_robot/turn_on_wheeltec_robot/msg/detail/position__traits.hpp
[7.115s] -- Up-to-date: /home/HwHiAiUser/wheeltec_ros2/install/turn_on_wheeltec_robot/include/turn_on_wheeltec_robot/turn_on_wheeltec_robot/msg/rosidl_generator_cpp__visibility_control.hpp
[7.115s] -- Up-to-date: /home/HwHiAiUser/wheeltec_ros2/install/turn_on_wheeltec_robot/include/turn_on_wheeltec_robot/turn_on_wheeltec_robot/msg/position.hpp
[7.116s] -- Up-to-date: /home/HwHiAiUser/wheeltec_ros2/install/turn_on_wheeltec_robot/include/turn_on_wheeltec_robot/turn_on_wheeltec_robot
[7.116s] -- Up-to-date: /home/HwHiAiUser/wheeltec_ros2/install/turn_on_wheeltec_robot/include/turn_on_wheeltec_robot/turn_on_wheeltec_robot/msg
[7.116s] -- Up-to-date: /home/HwHiAiUser/wheeltec_ros2/install/turn_on_wheeltec_robot/include/turn_on_wheeltec_robot/turn_on_wheeltec_robot/msg/detail
[7.116s] -- Up-to-date: /home/HwHiAiUser/wheeltec_ros2/install/turn_on_wheeltec_robot/include/turn_on_wheeltec_robot/turn_on_wheeltec_robot/msg/detail/dds_fastrtps
[7.117s] -- Up-to-date: /home/HwHiAiUser/wheeltec_ros2/install/turn_on_wheeltec_robot/include/turn_on_wheeltec_robot/turn_on_wheeltec_robot/msg/detail/position__rosidl_typesupport_fastrtps_cpp.hpp
[7.117s] -- Up-to-date: /home/HwHiAiUser/wheeltec_ros2/install/turn_on_wheeltec_robot/include/turn_on_wheeltec_robot/turn_on_wheeltec_robot/msg/rosidl_typesupport_fastrtps_cpp__visibility_control.h
[7.117s] -- Up-to-date: /home/HwHiAiUser/wheeltec_ros2/install/turn_on_wheeltec_robot/lib/libturn_on_wheeltec_robot__rosidl_typesupport_fastrtps_cpp.so
[7.117s] -- Up-to-date: /home/HwHiAiUser/wheeltec_ros2/install/turn_on_wheeltec_robot/include/turn_on_wheeltec_robot/turn_on_wheeltec_robot
[7.118s] -- Up-to-date: /home/HwHiAiUser/wheeltec_ros2/install/turn_on_wheeltec_robot/include/turn_on_wheeltec_robot/turn_on_wheeltec_robot/msg
[7.118s] -- Up-to-date: /home/HwHiAiUser/wheeltec_ros2/install/turn_on_wheeltec_robot/include/turn_on_wheeltec_robot/turn_on_wheeltec_robot/msg/detail
[7.118s] -- Up-to-date: /home/HwHiAiUser/wheeltec_ros2/install/turn_on_wheeltec_robot/include/turn_on_wheeltec_robot/turn_on_wheeltec_robot/msg/detail/position__type_support.c
[7.118s] -- Up-to-date: /home/HwHiAiUser/wheeltec_ros2/install/turn_on_wheeltec_robot/include/turn_on_wheeltec_robot/turn_on_wheeltec_robot/msg/detail/position__rosidl_typesupport_introspection_c.h
[7.119s] -- Up-to-date: /home/HwHiAiUser/wheeltec_ros2/install/turn_on_wheeltec_robot/include/turn_on_wheeltec_robot/turn_on_wheeltec_robot/msg/rosidl_typesupport_introspection_c__visibility_control.h
[7.119s] -- Up-to-date: /home/HwHiAiUser/wheeltec_ros2/install/turn_on_wheeltec_robot/lib/libturn_on_wheeltec_robot__rosidl_typesupport_introspection_c.so
[7.119s] -- Up-to-date: /home/HwHiAiUser/wheeltec_ros2/install/turn_on_wheeltec_robot/lib/libturn_on_wheeltec_robot__rosidl_typesupport_c.so
[7.120s] -- Up-to-date: /home/HwHiAiUser/wheeltec_ros2/install/turn_on_wheeltec_robot/include/turn_on_wheeltec_robot/turn_on_wheeltec_robot
[7.120s] -- Up-to-date: /home/HwHiAiUser/wheeltec_ros2/install/turn_on_wheeltec_robot/include/turn_on_wheeltec_robot/turn_on_wheeltec_robot/msg
[7.120s] -- Up-to-date: /home/HwHiAiUser/wheeltec_ros2/install/turn_on_wheeltec_robot/include/turn_on_wheeltec_robot/turn_on_wheeltec_robot/msg/detail
[7.120s] -- Up-to-date: /home/HwHiAiUser/wheeltec_ros2/install/turn_on_wheeltec_robot/include/turn_on_wheeltec_robot/turn_on_wheeltec_robot/msg/detail/position__rosidl_typesupport_introspection_cpp.hpp
[7.121s] -- Up-to-date: /home/HwHiAiUser/wheeltec_ros2/install/turn_on_wheeltec_robot/include/turn_on_wheeltec_robot/turn_on_wheeltec_robot/msg/detail/position__type_support.cpp
[7.121s] -- Up-to-date: /home/HwHiAiUser/wheeltec_ros2/install/turn_on_wheeltec_robot/lib/libturn_on_wheeltec_robot__rosidl_typesupport_introspection_cpp.so
[7.121s] -- Up-to-date: /home/HwHiAiUser/wheeltec_ros2/install/turn_on_wheeltec_robot/lib/libturn_on_wheeltec_robot__rosidl_typesupport_cpp.so
[7.121s] -- Up-to-date: /home/HwHiAiUser/wheeltec_ros2/install/turn_on_wheeltec_robot/share/turn_on_wheeltec_robot/environment/pythonpath.sh
[7.122s] -- Installing: /home/HwHiAiUser/wheeltec_ros2/install/turn_on_wheeltec_robot/share/turn_on_wheeltec_robot/environment/pythonpath.dsv
[7.122s] -- Up-to-date: /home/HwHiAiUser/wheeltec_ros2/install/turn_on_wheeltec_robot/local/lib/python3.10/dist-packages/turn_on_wheeltec_robot-0.0.0-py3.10.egg-info
[7.123s] -- Installing: /home/HwHiAiUser/wheeltec_ros2/install/turn_on_wheeltec_robot/local/lib/python3.10/dist-packages/turn_on_wheeltec_robot-0.0.0-py3.10.egg-info/dependency_links.txt
[7.123s] -- Installing: /home/HwHiAiUser/wheeltec_ros2/install/turn_on_wheeltec_robot/local/lib/python3.10/dist-packages/turn_on_wheeltec_robot-0.0.0-py3.10.egg-info/SOURCES.txt
[7.123s] -- Installing: /home/HwHiAiUser/wheeltec_ros2/install/turn_on_wheeltec_robot/local/lib/python3.10/dist-packages/turn_on_wheeltec_robot-0.0.0-py3.10.egg-info/PKG-INFO
[7.124s] -- Installing: /home/HwHiAiUser/wheeltec_ros2/install/turn_on_wheeltec_robot/local/lib/python3.10/dist-packages/turn_on_wheeltec_robot-0.0.0-py3.10.egg-info/top_level.txt
[7.124s] -- Up-to-date: /home/HwHiAiUser/wheeltec_ros2/install/turn_on_wheeltec_robot/local/lib/python3.10/dist-packages/turn_on_wheeltec_robot
[7.124s] -- Up-to-date: /home/HwHiAiUser/wheeltec_ros2/install/turn_on_wheeltec_robot/local/lib/python3.10/dist-packages/turn_on_wheeltec_robot/_turn_on_wheeltec_robot_s.ep.rosidl_typesupport_introspection_c.c
[7.124s] -- Installing: /home/HwHiAiUser/wheeltec_ros2/install/turn_on_wheeltec_robot/local/lib/python3.10/dist-packages/turn_on_wheeltec_robot/__init__.py
[7.124s] -- Up-to-date: /home/HwHiAiUser/wheeltec_ros2/install/turn_on_wheeltec_robot/local/lib/python3.10/dist-packages/turn_on_wheeltec_robot/msg
[7.125s] -- Up-to-date: /home/HwHiAiUser/wheeltec_ros2/install/turn_on_wheeltec_robot/local/lib/python3.10/dist-packages/turn_on_wheeltec_robot/msg/__init__.py
[7.125s] -- Up-to-date: /home/HwHiAiUser/wheeltec_ros2/install/turn_on_wheeltec_robot/local/lib/python3.10/dist-packages/turn_on_wheeltec_robot/msg/_position_s.c
[7.125s] -- Up-to-date: /home/HwHiAiUser/wheeltec_ros2/install/turn_on_wheeltec_robot/local/lib/python3.10/dist-packages/turn_on_wheeltec_robot/msg/_position.py
[7.125s] -- Up-to-date: /home/HwHiAiUser/wheeltec_ros2/install/turn_on_wheeltec_robot/local/lib/python3.10/dist-packages/turn_on_wheeltec_robot/turn_on_wheeltec_robot_s__rosidl_typesupport_c.cpython-310-aarch64-linux-gnu.so
[7.125s] -- Up-to-date: /home/HwHiAiUser/wheeltec_ros2/install/turn_on_wheeltec_robot/local/lib/python3.10/dist-packages/turn_on_wheeltec_robot/libturn_on_wheeltec_robot__rosidl_generator_py.so
[7.126s] -- Up-to-date: /home/HwHiAiUser/wheeltec_ros2/install/turn_on_wheeltec_robot/local/lib/python3.10/dist-packages/turn_on_wheeltec_robot/turn_on_wheeltec_robot_s__rosidl_typesupport_introspection_c.cpython-310-aarch64-linux-gnu.so
[7.126s] -- Up-to-date: /home/HwHiAiUser/wheeltec_ros2/install/turn_on_wheeltec_robot/local/lib/python3.10/dist-packages/turn_on_wheeltec_robot/_turn_on_wheeltec_robot_s.ep.rosidl_typesupport_c.c
[7.126s] -- Up-to-date: /home/HwHiAiUser/wheeltec_ros2/install/turn_on_wheeltec_robot/local/lib/python3.10/dist-packages/turn_on_wheeltec_robot/turn_on_wheeltec_robot_s__rosidl_typesupport_fastrtps_c.cpython-310-aarch64-linux-gnu.so
[7.126s] -- Up-to-date: /home/HwHiAiUser/wheeltec_ros2/install/turn_on_wheeltec_robot/local/lib/python3.10/dist-packages/turn_on_wheeltec_robot/_turn_on_wheeltec_robot_s.ep.rosidl_typesupport_fastrtps_c.c
[7.233s] Listing '/home/HwHiAiUser/wheeltec_ros2/install/turn_on_wheeltec_robot/local/lib/python3.10/dist-packages/turn_on_wheeltec_robot'...
[7.233s] Compiling '/home/HwHiAiUser/wheeltec_ros2/install/turn_on_wheeltec_robot/local/lib/python3.10/dist-packages/turn_on_wheeltec_robot/__init__.py'...
[7.234s] Listing '/home/HwHiAiUser/wheeltec_ros2/install/turn_on_wheeltec_robot/local/lib/python3.10/dist-packages/turn_on_wheeltec_robot/msg'...
[7.265s] -- Up-to-date: /home/HwHiAiUser/wheeltec_ros2/install/turn_on_wheeltec_robot/local/lib/python3.10/dist-packages/turn_on_wheeltec_robot/turn_on_wheeltec_robot_s__rosidl_typesupport_fastrtps_c.cpython-310-aarch64-linux-gnu.so
[7.266s] -- Up-to-date: /home/HwHiAiUser/wheeltec_ros2/install/turn_on_wheeltec_robot/local/lib/python3.10/dist-packages/turn_on_wheeltec_robot/turn_on_wheeltec_robot_s__rosidl_typesupport_introspection_c.cpython-310-aarch64-linux-gnu.so
[7.268s] -- Up-to-date: /home/HwHiAiUser/wheeltec_ros2/install/turn_on_wheeltec_robot/local/lib/python3.10/dist-packages/turn_on_wheeltec_robot/turn_on_wheeltec_robot_s__rosidl_typesupport_c.cpython-310-aarch64-linux-gnu.so
[7.269s] -- Up-to-date: /home/HwHiAiUser/wheeltec_ros2/install/turn_on_wheeltec_robot/lib/libturn_on_wheeltec_robot__rosidl_generator_py.so
[7.269s] -- Up-to-date: /home/HwHiAiUser/wheeltec_ros2/install/turn_on_wheeltec_robot/share/turn_on_wheeltec_robot/msg/Position.idl
[7.270s] -- Up-to-date: /home/HwHiAiUser/wheeltec_ros2/install/turn_on_wheeltec_robot/share/turn_on_wheeltec_robot/msg/Position.msg
[7.271s] -- Up-to-date: /home/HwHiAiUser/wheeltec_ros2/install/turn_on_wheeltec_robot/lib/turn_on_wheeltec_robot/wheeltec_robot_node
[7.272s] -- Up-to-date: /home/HwHiAiUser/wheeltec_ros2/install/turn_on_wheeltec_robot/share/turn_on_wheeltec_robot/launch
[7.272s] -- Up-to-date: /home/HwHiAiUser/wheeltec_ros2/install/turn_on_wheeltec_robot/share/turn_on_wheeltec_robot/launch/wheeltec_sensors.launch.py
[7.273s] -- Up-to-date: /home/HwHiAiUser/wheeltec_ros2/install/turn_on_wheeltec_robot/share/turn_on_wheeltec_robot/launch/wheeltec_camera.launch.py
[7.273s] -- Up-to-date: /home/HwHiAiUser/wheeltec_ros2/install/turn_on_wheeltec_robot/share/turn_on_wheeltec_robot/launch/include
[7.274s] -- Up-to-date: /home/HwHiAiUser/wheeltec_ros2/install/turn_on_wheeltec_robot/share/turn_on_wheeltec_robot/launch/include/base_serial_h30imu.launch.py
[7.274s] -- Up-to-date: /home/HwHiAiUser/wheeltec_ros2/install/turn_on_wheeltec_robot/share/turn_on_wheeltec_robot/launch/include/turn_on_wheeltec_robot_h30imu.launch.py
[7.275s] -- Up-to-date: /home/HwHiAiUser/wheeltec_ros2/install/turn_on_wheeltec_robot/share/turn_on_wheeltec_robot/launch/__pycache__
[7.275s] -- Up-to-date: /home/HwHiAiUser/wheeltec_ros2/install/turn_on_wheeltec_robot/share/turn_on_wheeltec_robot/launch/__pycache__/testtwo.launch.cpython-38.pyc
[7.276s] -- Up-to-date: /home/HwHiAiUser/wheeltec_ros2/install/turn_on_wheeltec_robot/share/turn_on_wheeltec_robot/launch/robot_mode_description.launch.py
[7.276s] -- Up-to-date: /home/HwHiAiUser/wheeltec_ros2/install/turn_on_wheeltec_robot/share/turn_on_wheeltec_robot/launch/turn_on_wheeltec_robot.launch.py
[7.276s] -- Up-to-date: /home/HwHiAiUser/wheeltec_ros2/install/turn_on_wheeltec_robot/share/turn_on_wheeltec_robot/launch/custom_urdf_nav.launch.py
[7.277s] -- Installing: /home/HwHiAiUser/wheeltec_ros2/install/turn_on_wheeltec_robot/share/turn_on_wheeltec_robot/launch/base_serial.launch.py
[7.277s] -- Up-to-date: /home/HwHiAiUser/wheeltec_ros2/install/turn_on_wheeltec_robot/share/turn_on_wheeltec_robot/launch/wheeltec_lidar.launch.py
[7.278s] -- Up-to-date: /home/HwHiAiUser/wheeltec_ros2/install/turn_on_wheeltec_robot/share/turn_on_wheeltec_robot/launch/wheeltec_ekf.launch.py
[7.278s] -- Up-to-date: /home/HwHiAiUser/wheeltec_ros2/install/turn_on_wheeltec_robot/share/turn_on_wheeltec_robot/launch/robot_mode_description_minibot.launch.py
[7.279s] -- Up-to-date: /home/HwHiAiUser/wheeltec_ros2/install/turn_on_wheeltec_robot/share/turn_on_wheeltec_robot/config
[7.279s] -- Up-to-date: /home/HwHiAiUser/wheeltec_ros2/install/turn_on_wheeltec_robot/share/turn_on_wheeltec_robot/config/ekf_carto.yaml
[7.279s] -- Up-to-date: /home/HwHiAiUser/wheeltec_ros2/install/turn_on_wheeltec_robot/share/turn_on_wheeltec_robot/config/imu.yaml
[7.280s] -- Up-to-date: /home/HwHiAiUser/wheeltec_ros2/install/turn_on_wheeltec_robot/share/turn_on_wheeltec_robot/config/camera_info.yaml
[7.280s] -- Up-to-date: /home/HwHiAiUser/wheeltec_ros2/install/turn_on_wheeltec_robot/share/turn_on_wheeltec_robot/config/ekf.yaml
[7.280s] -- Up-to-date: /home/HwHiAiUser/wheeltec_ros2/install/turn_on_wheeltec_robot/share/ament_index/resource_index/package_run_dependencies/turn_on_wheeltec_robot
[7.281s] -- Up-to-date: /home/HwHiAiUser/wheeltec_ros2/install/turn_on_wheeltec_robot/share/ament_index/resource_index/parent_prefix_path/turn_on_wheeltec_robot
[7.281s] -- Up-to-date: /home/HwHiAiUser/wheeltec_ros2/install/turn_on_wheeltec_robot/share/turn_on_wheeltec_robot/environment/ament_prefix_path.sh
[7.281s] -- Installing: /home/HwHiAiUser/wheeltec_ros2/install/turn_on_wheeltec_robot/share/turn_on_wheeltec_robot/environment/ament_prefix_path.dsv
[7.282s] -- Up-to-date: /home/HwHiAiUser/wheeltec_ros2/install/turn_on_wheeltec_robot/share/turn_on_wheeltec_robot/environment/path.sh
[7.282s] -- Installing: /home/HwHiAiUser/wheeltec_ros2/install/turn_on_wheeltec_robot/share/turn_on_wheeltec_robot/environment/path.dsv
[7.282s] -- Up-to-date: /home/HwHiAiUser/wheeltec_ros2/install/turn_on_wheeltec_robot/share/turn_on_wheeltec_robot/local_setup.bash
[7.282s] -- Up-to-date: /home/HwHiAiUser/wheeltec_ros2/install/turn_on_wheeltec_robot/share/turn_on_wheeltec_robot/local_setup.sh
[7.283s] -- Up-to-date: /home/HwHiAiUser/wheeltec_ros2/install/turn_on_wheeltec_robot/share/turn_on_wheeltec_robot/local_setup.zsh
[7.283s] -- Installing: /home/HwHiAiUser/wheeltec_ros2/install/turn_on_wheeltec_robot/share/turn_on_wheeltec_robot/local_setup.dsv
[7.283s] -- Installing: /home/HwHiAiUser/wheeltec_ros2/install/turn_on_wheeltec_robot/share/turn_on_wheeltec_robot/package.dsv
[7.283s] -- Up-to-date: /home/HwHiAiUser/wheeltec_ros2/install/turn_on_wheeltec_robot/share/ament_index/resource_index/packages/turn_on_wheeltec_robot
[7.285s] -- Up-to-date: /home/HwHiAiUser/wheeltec_ros2/install/turn_on_wheeltec_robot/share/turn_on_wheeltec_robot/cmake/export_turn_on_wheeltec_robot__rosidl_generator_cExport.cmake
[7.286s] -- Up-to-date: /home/HwHiAiUser/wheeltec_ros2/install/turn_on_wheeltec_robot/share/turn_on_wheeltec_robot/cmake/export_turn_on_wheeltec_robot__rosidl_generator_cExport-release.cmake
[7.286s] -- Up-to-date: /home/HwHiAiUser/wheeltec_ros2/install/turn_on_wheeltec_robot/share/turn_on_wheeltec_robot/cmake/export_turn_on_wheeltec_robot__rosidl_typesupport_fastrtps_cExport.cmake
[7.288s] -- Up-to-date: /home/HwHiAiUser/wheeltec_ros2/install/turn_on_wheeltec_robot/share/turn_on_wheeltec_robot/cmake/export_turn_on_wheeltec_robot__rosidl_typesupport_fastrtps_cExport-release.cmake
[7.290s] -- Up-to-date: /home/HwHiAiUser/wheeltec_ros2/install/turn_on_wheeltec_robot/share/turn_on_wheeltec_robot/cmake/export_turn_on_wheeltec_robot__rosidl_generator_cppExport.cmake
[7.292s] -- Up-to-date: /home/HwHiAiUser/wheeltec_ros2/install/turn_on_wheeltec_robot/share/turn_on_wheeltec_robot/cmake/export_turn_on_wheeltec_robot__rosidl_typesupport_fastrtps_cppExport.cmake
[7.292s] -- Up-to-date: /home/HwHiAiUser/wheeltec_ros2/install/turn_on_wheeltec_robot/share/turn_on_wheeltec_robot/cmake/export_turn_on_wheeltec_robot__rosidl_typesupport_fastrtps_cppExport-release.cmake
[7.293s] -- Up-to-date: /home/HwHiAiUser/wheeltec_ros2/install/turn_on_wheeltec_robot/share/turn_on_wheeltec_robot/cmake/turn_on_wheeltec_robot__rosidl_typesupport_introspection_cExport.cmake
[7.293s] -- Up-to-date: /home/HwHiAiUser/wheeltec_ros2/install/turn_on_wheeltec_robot/share/turn_on_wheeltec_robot/cmake/turn_on_wheeltec_robot__rosidl_typesupport_introspection_cExport-release.cmake
[7.293s] -- Up-to-date: /home/HwHiAiUser/wheeltec_ros2/install/turn_on_wheeltec_robot/share/turn_on_wheeltec_robot/cmake/turn_on_wheeltec_robot__rosidl_typesupport_cExport.cmake
[7.293s] -- Up-to-date: /home/HwHiAiUser/wheeltec_ros2/install/turn_on_wheeltec_robot/share/turn_on_wheeltec_robot/cmake/turn_on_wheeltec_robot__rosidl_typesupport_cExport-release.cmake
[7.294s] -- Up-to-date: /home/HwHiAiUser/wheeltec_ros2/install/turn_on_wheeltec_robot/share/turn_on_wheeltec_robot/cmake/turn_on_wheeltec_robot__rosidl_typesupport_introspection_cppExport.cmake
[7.294s] -- Up-to-date: /home/HwHiAiUser/wheeltec_ros2/install/turn_on_wheeltec_robot/share/turn_on_wheeltec_robot/cmake/turn_on_wheeltec_robot__rosidl_typesupport_introspection_cppExport-release.cmake
[7.294s] -- Up-to-date: /home/HwHiAiUser/wheeltec_ros2/install/turn_on_wheeltec_robot/share/turn_on_wheeltec_robot/cmake/turn_on_wheeltec_robot__rosidl_typesupport_cppExport.cmake
[7.295s] -- Up-to-date: /home/HwHiAiUser/wheeltec_ros2/install/turn_on_wheeltec_robot/share/turn_on_wheeltec_robot/cmake/turn_on_wheeltec_robot__rosidl_typesupport_cppExport-release.cmake
[7.295s] -- Up-to-date: /home/HwHiAiUser/wheeltec_ros2/install/turn_on_wheeltec_robot/share/turn_on_wheeltec_robot/cmake/export_turn_on_wheeltec_robot__rosidl_generator_pyExport.cmake
[7.295s] -- Up-to-date: /home/HwHiAiUser/wheeltec_ros2/install/turn_on_wheeltec_robot/share/turn_on_wheeltec_robot/cmake/export_turn_on_wheeltec_robot__rosidl_generator_pyExport-release.cmake
[7.295s] -- Up-to-date: /home/HwHiAiUser/wheeltec_ros2/install/turn_on_wheeltec_robot/share/turn_on_wheeltec_robot/cmake/rosidl_cmake-extras.cmake
[7.295s] -- Up-to-date: /home/HwHiAiUser/wheeltec_ros2/install/turn_on_wheeltec_robot/share/turn_on_wheeltec_robot/cmake/ament_cmake_export_include_directories-extras.cmake
[7.296s] -- Up-to-date: /home/HwHiAiUser/wheeltec_ros2/install/turn_on_wheeltec_robot/share/turn_on_wheeltec_robot/cmake/ament_cmake_export_libraries-extras.cmake
[7.296s] -- Up-to-date: /home/HwHiAiUser/wheeltec_ros2/install/turn_on_wheeltec_robot/share/turn_on_wheeltec_robot/cmake/ament_cmake_export_targets-extras.cmake
[7.296s] -- Up-to-date: /home/HwHiAiUser/wheeltec_ros2/install/turn_on_wheeltec_robot/share/turn_on_wheeltec_robot/cmake/rosidl_cmake_export_typesupport_targets-extras.cmake
[7.296s] -- Up-to-date: /home/HwHiAiUser/wheeltec_ros2/install/turn_on_wheeltec_robot/share/turn_on_wheeltec_robot/cmake/ament_cmake_export_dependencies-extras.cmake
[7.296s] -- Up-to-date: /home/HwHiAiUser/wheeltec_ros2/install/turn_on_wheeltec_robot/share/turn_on_wheeltec_robot/cmake/rosidl_cmake_export_typesupport_libraries-extras.cmake
[7.297s] -- Up-to-date: /home/HwHiAiUser/wheeltec_ros2/install/turn_on_wheeltec_robot/share/turn_on_wheeltec_robot/cmake/turn_on_wheeltec_robotConfig.cmake
[7.298s] -- Up-to-date: /home/HwHiAiUser/wheeltec_ros2/install/turn_on_wheeltec_robot/share/turn_on_wheeltec_robot/cmake/turn_on_wheeltec_robotConfig-version.cmake
[7.299s] -- Up-to-date: /home/HwHiAiUser/wheeltec_ros2/install/turn_on_wheeltec_robot/share/turn_on_wheeltec_robot/package.xml
[7.301s] Invoked command in '/home/HwHiAiUser/wheeltec_ros2/build/turn_on_wheeltec_robot' returned '0': CMAKE_PREFIX_PATH=/home/HwHiAiUser/wheeltec_ros2/install/wheeltec_robot_msg:/home/HwHiAiUser/wheeltec_ros2/install/serial:/home/HwHiAiUser/wheeltec_ros2/install/ackermann_msgs:/home/HwHiAiUser/wheeltec_ros2/install/yesense_std_ros2:/home/HwHiAiUser/wheeltec_ros2/install/yesense_interface:/home/HwHiAiUser/wheeltec_ros2/install/wheeltec_rviz2:/home/HwHiAiUser/wheeltec_ros2/install/wheeltec_robot_urdf:/home/HwHiAiUser/wheeltec_ros2/install/turn_on_wheeltec_robot:/home/HwHiAiUser/wheeltec_ros2/install/web_video_server:/home/HwHiAiUser/wheeltec_ros2/install/usb_cam:/home/HwHiAiUser/wheeltec_ros2/install/rplidar_ros:/home/HwHiAiUser/wheeltec_ros2/install/lslidar_driver:/home/HwHiAiUser/wheeltec_ros2/install/lslidar_msgs:/home/HwHiAiUser/wheeltec_ros2/install/ldlidar_stl_ros2:/home/HwHiAiUser/wheeltec_ros2/install/ldlidar_sl_ros2:/home/HwHiAiUser/wheeltec_ros2/install/ldlidar:/home/HwHiAiUser/wheeltec_ros2/install/wheeltec_robot_keyboard:/home/HwHiAiUser/wheeltec_ros2/install/tf2_tools:/opt/ros/humble LD_LIBRARY_PATH=/home/HwHiAiUser/wheeltec_ros2/install/wheeltec_robot_msg/lib:/home/HwHiAiUser/wheeltec_ros2/install/ackermann_msgs/lib:/usr/local/Ascend/ascend-toolkit/latest/tools/aml/lib64:/usr/local/Ascend/ascend-toolkit/latest/tools/aml/lib64/plugin:/usr/local/Ascend/ascend-toolkit/latest/lib64:/usr/local/Ascend/ascend-toolkit/latest/lib64/plugin/opskernel:/usr/local/Ascend/ascend-toolkit/latest/lib64/plugin/nnengine:/usr/local/Ascend/ascend-toolkit/latest/opp/built-in/op_impl/ai_core/tbe/op_tiling/lib/linux/aarch64:/lib64:/var/davinci/driver/lib64:/var/davinci/driver/lib64/common:/var/davinci/driver/lib64/driver:/home/HwHiAiUser/wheeltec_ros2/install/yesense_interface/lib:/home/HwHiAiUser/wheeltec_ros2/install/turn_on_wheeltec_robot/lib:/home/HwHiAiUser/wheeltec_ros2/install/usb_cam/lib:/home/HwHiAiUser/wheeltec_ros2/install/serial/lib:/home/HwHiAiUser/wheeltec_ros2/install/lslidar_msgs/lib:/opt/ros/humble/opt/rviz_ogre_vendor/lib:/opt/ros/humble/lib/aarch64-linux-gnu:/opt/ros/humble/lib:/usr/local/Ascend/ascend-toolkit/latest/tools/aml/lib64:/usr/local/Ascend/ascend-toolkit/latest/tools/aml/lib64/plugin:/usr/local/Ascend/ascend-toolkit/latest/lib64:/usr/local/Ascend/ascend-toolkit/latest/lib64/plugin/opskernel:/usr/local/Ascend/ascend-toolkit/latest/lib64/plugin/nnengine:/usr/local/Ascend/ascend-toolkit/latest/opp/built-in/op_impl/ai_core/tbe/op_tiling/lib/linux/aarch64:/lib64:/var/davinci/driver/lib64:/var/davinci/driver/lib64/common:/var/davinci/driver/lib64/driver:/usr/local/Ascend/ascend-toolkit/laster/runtime/lib64/stub/aarch64:/usr/local/Ascend/ascend-toolkit/laster/lib64:/usr/local/Ascend/ascend-toolkit/laster/lib64/plugin/opskernel:/usr/local/Ascend/ascend-toolkit/laster/lib64/plugin/nnengine:/usr/local/Ascend/ascend-toolkit/laster/opp/built-in/op_impl/ai_core/tbe/op_tiling:/usr/local/Ascend/driver/lib64:/var/davinci/driver/lib64:/var/davinci/driver/lib64/common:/var/davinci/driver/lib64/driver:/usr/local/Ascend/ascend-toolkit/laster/runtime/lib64/stub/aarch64:/usr/local/Ascend/ascend-toolkit/laster/lib64:/usr/local/Ascend/ascend-toolkit/laster/lib64/plugin/opskernel:/usr/local/Ascend/ascend-toolkit/laster/lib64/plugin/nnengine:/usr/local/Ascend/ascend-toolkit/laster/opp/built-in/op_impl/ai_core/tbe/op_tiling:/usr/local/Ascend/driver/lib64:/var/davinci/driver/lib64:/var/davinci/driver/lib64/common:/var/davinci/driver/lib64/driver _=/usr/bin/env /usr/bin/cmake --install /home/HwHiAiUser/wheeltec_ros2/build/turn_on_wheeltec_robot
