[0.000000] (-) TimerEvent: {}
[0.000270] (-) JobUnselected: {'identifier': 'ackermann_msgs'}
[0.000614] (-) JobUnselected: {'identifier': 'ldlidar'}
[0.001180] (-) JobUnselected: {'identifier': 'ldlidar_sl_ros2'}
[0.001233] (-) JobUnselected: {'identifier': 'ldlidar_stl_ros2'}
[0.001610] (-) JobUnselected: {'identifier': 'lslidar_driver'}
[0.001943] (-) JobUnselected: {'identifier': 'lslidar_msgs'}
[0.002043] (-) JobUnselected: {'identifier': 'rplidar_ros'}
[0.002127] (-) JobUnselected: {'identifier': 'serial'}
[0.002200] (-) JobUnselected: {'identifier': 'tf2_tools'}
[0.002271] (-) JobUnselected: {'identifier': 'turn_on_wheeltec_robot'}
[0.002341] (-) JobUnselected: {'identifier': 'usb_cam'}
[0.002406] (-) JobUnselected: {'identifier': 'web_video_server'}
[0.002474] (-) JobUnselected: {'identifier': 'wheeltec_robot_keyboard'}
[0.002538] (-) JobUnselected: {'identifier': 'wheeltec_robot_msg'}
[0.002601] (-) JobUnselected: {'identifier': 'wheeltec_robot_urdf'}
[0.002668] (-) JobUnselected: {'identifier': 'wheeltec_rviz2'}
[0.002737] (-) JobUnselected: {'identifier': 'yesense_interface'}
[0.002824] (-) JobUnselected: {'identifier': 'yesense_std_ros2'}
[0.002919] (wheeltec_gpio_control) JobQueued: {'identifier': 'wheeltec_gpio_control', 'dependencies': OrderedDict()}
[0.002994] (wheeltec_gpio_control) JobStarted: {'identifier': 'wheeltec_gpio_control'}
[0.099258] (-) TimerEvent: {}
[0.199709] (-) TimerEvent: {}
[0.300133] (-) TimerEvent: {}
[0.400570] (-) TimerEvent: {}
[0.500949] (-) TimerEvent: {}
[0.601298] (-) TimerEvent: {}
[0.701733] (-) TimerEvent: {}
[0.802111] (-) TimerEvent: {}
[0.902479] (-) TimerEvent: {}
[1.002863] (-) TimerEvent: {}
[1.103368] (-) TimerEvent: {}
[1.203815] (-) TimerEvent: {}
[1.304254] (-) TimerEvent: {}
[1.404636] (-) TimerEvent: {}
[1.505088] (-) TimerEvent: {}
[1.605487] (-) TimerEvent: {}
[1.705847] (-) TimerEvent: {}
[1.806306] (-) TimerEvent: {}
[1.870307] (wheeltec_gpio_control) Command: {'cmd': ['/usr/bin/python3', '-W', 'ignore:setup.py install is deprecated', '-W', 'ignore:easy_install command is deprecated', 'setup.py', 'egg_info', '--egg-base', '../../build/wheeltec_gpio_control', 'build', '--build-base', '/home/HwHiAiUser/wheeltec_ros2/build/wheeltec_gpio_control/build', 'install', '--record', '/home/HwHiAiUser/wheeltec_ros2/build/wheeltec_gpio_control/install.log', '--install-scripts', '$base/lib/wheeltec_gpio_control', '--single-version-externally-managed', 'install_data'], 'cwd': '/home/HwHiAiUser/wheeltec_ros2/src/wheeltec_gpio_control', 'env': {'SHELL': '/bin/bash', 'ROS_VERSION': '2', 'GTK_IM_MODULE': 'ibus', 'CONDA_EXE': '/usr/local/miniconda3/bin/conda', '_CE_M': '', 'COMPOSER_NO_INTERACTION': '1', 'ROS_PYTHON_VERSION': '3', 'MS_ENABLE_GE': '1', 'VSCODE_SERVER_SHUTDOWN_TIMEOUT': '300', 'ELECTRON_RUN_AS_NODE': '1', 'XMODIFIERS': '@im=ibus', 'NPU_HOST_INC': '/usr/local/Ascend/ascend-toolkit/latest/runtime/include', 'NPU_HOST_LIB': '/usr/local/Ascend/ascend-toolkit/latest/runtime/lib64/stub/aarch64', 'PWD': '/home/HwHiAiUser/wheeltec_ros2/build/wheeltec_gpio_control', 'LOGNAME': 'HwHiAiUser', 'XDG_SESSION_TYPE': 'tty', 'VSCODE_ESM_ENTRYPOINT': 'vs/workbench/api/node/extensionHostProcess', 'MOTD_SHOWN': 'pam', 'HOME': '/home/HwHiAiUser', 'LANG': 'C.UTF-8', 'LS_COLORS': '', 'FORCE_COLOR': '0', 'MS_DEV_FORCE_ACL': '1', 'AMENT_PREFIX_PATH': '/home/HwHiAiUser/wheeltec_ros2/install/yesense_std_ros2:/home/HwHiAiUser/wheeltec_ros2/install/yesense_interface:/home/HwHiAiUser/wheeltec_ros2/install/wheeltec_rviz2:/home/HwHiAiUser/wheeltec_ros2/install/wheeltec_robot_urdf:/home/HwHiAiUser/wheeltec_ros2/install/turn_on_wheeltec_robot:/home/HwHiAiUser/wheeltec_ros2/install/wheeltec_robot_msg:/home/HwHiAiUser/wheeltec_ros2/install/wheeltec_robot_keyboard:/home/HwHiAiUser/wheeltec_ros2/install/web_video_server:/home/HwHiAiUser/wheeltec_ros2/install/usb_cam:/home/HwHiAiUser/wheeltec_ros2/install/tf2_tools:/home/HwHiAiUser/wheeltec_ros2/install/serial:/home/HwHiAiUser/wheeltec_ros2/install/rplidar_ros:/home/HwHiAiUser/wheeltec_ros2/install/lslidar_driver:/home/HwHiAiUser/wheeltec_ros2/install/lslidar_msgs:/home/HwHiAiUser/wheeltec_ros2/install/ldlidar_stl_ros2:/home/HwHiAiUser/wheeltec_ros2/install/ldlidar_sl_ros2:/home/HwHiAiUser/wheeltec_ros2/install/ldlidar:/home/HwHiAiUser/wheeltec_ros2/install/ackermann_msgs:/opt/ros/humble', 'CMAKE_PREFIX_PATH': '/home/HwHiAiUser/wheeltec_ros2/install/yesense_std_ros2:/home/HwHiAiUser/wheeltec_ros2/install/yesense_interface:/home/HwHiAiUser/wheeltec_ros2/install/wheeltec_rviz2:/home/HwHiAiUser/wheeltec_ros2/install/wheeltec_robot_urdf:/home/HwHiAiUser/wheeltec_ros2/install/turn_on_wheeltec_robot:/home/HwHiAiUser/wheeltec_ros2/install/wheeltec_robot_msg:/home/HwHiAiUser/wheeltec_ros2/install/web_video_server:/home/HwHiAiUser/wheeltec_ros2/install/usb_cam:/home/HwHiAiUser/wheeltec_ros2/install/serial:/home/HwHiAiUser/wheeltec_ros2/install/rplidar_ros:/home/HwHiAiUser/wheeltec_ros2/install/lslidar_driver:/home/HwHiAiUser/wheeltec_ros2/install/lslidar_msgs:/home/HwHiAiUser/wheeltec_ros2/install/ldlidar_stl_ros2:/home/HwHiAiUser/wheeltec_ros2/install/ldlidar_sl_ros2:/home/HwHiAiUser/wheeltec_ros2/install/ldlidar:/home/HwHiAiUser/wheeltec_ros2/install/ackermann_msgs', 'VSCODE_AGENT_FOLDER': '/home/HwHiAiUser/.cursor-server', 'VSCODE_L10N_BUNDLE_LOCATION': 'vscode-local:/c%3A/Users/25914/.cursor/extensions/ms-ceintl.vscode-language-pack-zh-hans-1.99.0-universal/translations/extensions/vscode.markdown-language-features.i18n.json', 'COLCON_PREFIX_PATH': '/home/HwHiAiUser/wheeltec_ros2/install', 'SSH_CONNECTION': '10.248.102.23 8150 10.248.102.204 22', 'TOOLCHAIN_HOME': '/usr/local/Ascend/ascend-toolkit/latest/toolkit', 'ASCEND_TOOLKIT_HOME': '/usr/local/Ascend/ascend-toolkit/latest', 'CURSOR_AGENT': '1', 'LESSCLOSE': '/usr/bin/lesspipe %s %s', 'XDG_SESSION_CLASS': 'user', 'VSCODE_HANDLES_SIGPIPE': 'true', 'PYTHONPATH': '/home/HwHiAiUser/wheeltec_ros2/build/wheeltec_gpio_control/prefix_override:/usr/lib/python3/dist-packages/colcon_core/task/python/colcon_distutils_commands:/home/HwHiAiUser/wheeltec_ros2/install/wheeltec_gpio_control/lib/python3.10/site-packages:/usr/local/Ascend/ascend-toolkit/latest/python/site-packages:/usr/local/Ascend/ascend-toolkit/latest/opp/built-in/op_impl/ai_core/tbe:/usr/local/Ascend/ascend-toolkit/laster/python/site-packages:/usr/local/Ascend/ascend-toolkit/laster/opp/built-in/op_impl/ai_core/tbe:/home/HwHiAiUser/wheeltec_ros2/install/yesense_interface/local/lib/python3.10/dist-packages:/home/HwHiAiUser/wheeltec_ros2/install/turn_on_wheeltec_robot/local/lib/python3.10/dist-packages:/home/HwHiAiUser/wheeltec_ros2/install/wheeltec_robot_msg/local/lib/python3.10/dist-packages:/home/HwHiAiUser/wheeltec_ros2/install/wheeltec_robot_keyboard/lib/python3.10/site-packages:/home/HwHiAiUser/wheeltec_ros2/install/tf2_tools/lib/python3.10/site-packages:/home/HwHiAiUser/wheeltec_ros2/install/lslidar_msgs/local/lib/python3.10/dist-packages:/home/HwHiAiUser/wheeltec_ros2/install/ackermann_msgs/local/lib/python3.10/dist-packages:/opt/ros/humble/lib/python3.10/site-packages:/opt/ros/humble/local/lib/python3.10/dist-packages:/usr/local/Ascend/ascend-toolkit/latest/python/site-packages:/usr/local/Ascend/ascend-toolkit/latest/opp/built-in/op_impl/ai_core/tbe:/usr/local/Ascend/ascend-toolkit/laster/python/site-packages:/usr/local/Ascend/ascend-toolkit/laster/opp/built-in/op_impl/ai_core/tbe:/usr/local/Ascend/ascend-toolkit/laster/python/site-packages:/usr/local/Ascend/ascend-toolkit/laster/opp/built-in/op_impl/ai_core/tbe:', 'COLCON': '1', 'TERM': 'dumb', '_CE_CONDA': '', 'LESSOPEN': '| /usr/bin/lesspipe %s', 'USER': 'HwHiAiUser', 'CONDA_SHLVL': '0', 'SHLVL': '2', 'QT_IM_MODULE': 'ibus', 'VSCODE_CWD': '/home/HwHiAiUser', 'XDG_SESSION_ID': '6', 'NO_COLOR': '1', 'ASCEND_OPP_PATH': '/usr/local/Ascend/ascend-toolkit/latest/opp', 'CONDA_PYTHON_EXE': '/usr/local/miniconda3/bin/python', 'LD_LIBRARY_PATH': '/usr/local/Ascend/ascend-toolkit/latest/tools/aml/lib64:/usr/local/Ascend/ascend-toolkit/latest/tools/aml/lib64/plugin:/usr/local/Ascend/ascend-toolkit/latest/lib64:/usr/local/Ascend/ascend-toolkit/latest/lib64/plugin/opskernel:/usr/local/Ascend/ascend-toolkit/latest/lib64/plugin/nnengine:/usr/local/Ascend/ascend-toolkit/latest/opp/built-in/op_impl/ai_core/tbe/op_tiling/lib/linux/aarch64:/lib64:/var/davinci/driver/lib64:/var/davinci/driver/lib64/common:/var/davinci/driver/lib64/driver:/usr/local/Ascend/ascend-toolkit/laster/runtime/lib64/stub/aarch64:/usr/local/Ascend/ascend-toolkit/laster/lib64:/usr/local/Ascend/ascend-toolkit/laster/lib64/plugin/opskernel:/usr/local/Ascend/ascend-toolkit/laster/lib64/plugin/nnengine:/usr/local/Ascend/ascend-toolkit/laster/opp/built-in/op_impl/ai_core/tbe/op_tiling:/usr/local/Ascend/driver/lib64:/var/davinci/driver/lib64:/var/davinci/driver/lib64/common:/var/davinci/driver/lib64/driver:/home/HwHiAiUser/wheeltec_ros2/install/yesense_interface/lib:/home/HwHiAiUser/wheeltec_ros2/install/turn_on_wheeltec_robot/lib:/home/HwHiAiUser/wheeltec_ros2/install/wheeltec_robot_msg/lib:/home/HwHiAiUser/wheeltec_ros2/install/usb_cam/lib:/home/HwHiAiUser/wheeltec_ros2/install/serial/lib:/home/HwHiAiUser/wheeltec_ros2/install/lslidar_msgs/lib:/home/HwHiAiUser/wheeltec_ros2/install/ackermann_msgs/lib:/opt/ros/humble/opt/rviz_ogre_vendor/lib:/opt/ros/humble/lib/aarch64-linux-gnu:/opt/ros/humble/lib:/usr/local/Ascend/ascend-toolkit/latest/tools/aml/lib64:/usr/local/Ascend/ascend-toolkit/latest/tools/aml/lib64/plugin:/usr/local/Ascend/ascend-toolkit/latest/lib64:/usr/local/Ascend/ascend-toolkit/latest/lib64/plugin/opskernel:/usr/local/Ascend/ascend-toolkit/latest/lib64/plugin/nnengine:/usr/local/Ascend/ascend-toolkit/latest/opp/built-in/op_impl/ai_core/tbe/op_tiling/lib/linux/aarch64:/lib64:/var/davinci/driver/lib64:/var/davinci/driver/lib64/common:/var/davinci/driver/lib64/driver:/usr/local/Ascend/ascend-toolkit/laster/runtime/lib64/stub/aarch64:/usr/local/Ascend/ascend-toolkit/laster/lib64:/usr/local/Ascend/ascend-toolkit/laster/lib64/plugin/opskernel:/usr/local/Ascend/ascend-toolkit/laster/lib64/plugin/nnengine:/usr/local/Ascend/ascend-toolkit/laster/opp/built-in/op_impl/ai_core/tbe/op_tiling:/usr/local/Ascend/driver/lib64:/var/davinci/driver/lib64:/var/davinci/driver/lib64/common:/var/davinci/driver/lib64/driver:/usr/local/Ascend/ascend-toolkit/laster/runtime/lib64/stub/aarch64:/usr/local/Ascend/ascend-toolkit/laster/lib64:/usr/local/Ascend/ascend-toolkit/laster/lib64/plugin/opskernel:/usr/local/Ascend/ascend-toolkit/laster/lib64/plugin/nnengine:/usr/local/Ascend/ascend-toolkit/laster/opp/built-in/op_impl/ai_core/tbe/op_tiling:/usr/local/Ascend/driver/lib64:/var/davinci/driver/lib64:/var/davinci/driver/lib64/common:/var/davinci/driver/lib64/driver:', 'ASCEND_AICPU_PATH': '/usr/local/Ascend/ascend-toolkit/latest', 'XDG_RUNTIME_DIR': '/run/user/1000', 'ROS_LOCALHOST_ONLY': '0', 'SSH_CLIENT': '10.248.102.23 8150 22', 'XDG_DATA_DIRS': '/usr/share/gnome:/usr/local/share:/usr/share:/var/lib/snapd/desktop', 'BROWSER': '/home/HwHiAiUser/.cursor-server/bin/7236ee799a5bffd9f28fa4fd18bdc6eab5e08df0/bin/helpers/browser.sh', 'PATH': '/home/HwHiAiUser/.local/bin:/usr/local/Ascend/ascend-toolkit/latest/bin:/usr/local/Ascend/ascend-toolkit/latest/compiler/ccec_compiler/bin:/usr/local/Ascend/ascend-toolkit/latest/tools/ccec_compiler/bin:/usr/local/Ascend/ascend-toolkit/laster/bin:/usr/local/Ascend/ascend-toolkit/laster/compiler/ccec_compiler/bin:/home/HwHiAiUser/.cursor-server/bin/7236ee799a5bffd9f28fa4fd18bdc6eab5e08df0/bin/remote-cli:/home/HwHiAiUser/.local/bin:/opt/ros/humble/bin:/usr/local/Ascend/ascend-toolkit/latest/bin:/usr/local/Ascend/ascend-toolkit/latest/compiler/ccec_compiler/bin:/usr/local/Ascend/ascend-toolkit/latest/tools/ccec_compiler/bin:/usr/local/miniconda3/condabin:/usr/local/Ascend/ascend-toolkit/laster/bin:/usr/local/Ascend/ascend-toolkit/laster/compiler/ccec_compiler/bin:/home/HwHiAiUser/.cursor-server/bin/7236ee799a5bffd9f28fa4fd18bdc6eab5e08df0/bin/remote-cli:/home/HwHiAiUser/.local/bin:/usr/local/Ascend/ascend-toolkit/laster/bin:/usr/local/Ascend/ascend-toolkit/laster/compiler/ccec_compiler/bin:/usr/local/sbin:/usr/local/bin:/usr/sbin:/usr/bin:/sbin:/bin:/usr/games:/usr/local/games:/snap/bin:/home/HwHiAiUser/.fishros/bin/:/home/HwHiAiUser/.fishros/bin/', 'ASCEND_HOME_PATH': '/usr/local/Ascend/ascend-toolkit/latest', 'DBUS_SESSION_BUS_ADDRESS': 'unix:path=/run/user/1000/bus', 'VSCODE_NLS_CONFIG': '{"userLocale":"zh-cn","osLocale":"zh-cn","resolvedLanguage":"zh-cn","defaultMessagesFile":"/home/HwHiAiUser/.cursor-server/bin/7236ee799a5bffd9f28fa4fd18bdc6eab5e08df0/out/nls.messages.json","languagePack":{"translationsConfigFile":"/home/HwHiAiUser/.cursor-server/data/clp/6fe284ae87274d9cb2cdffc89b193492.zh-cn/tcf.json","messagesFile":"/home/HwHiAiUser/.cursor-server/data/clp/6fe284ae87274d9cb2cdffc89b193492.zh-cn/7236ee799a5bffd9f28fa4fd18bdc6eab5e08df0/nls.messages.json","corruptMarkerFile":"/home/HwHiAiUser/.cursor-server/data/clp/6fe284ae87274d9cb2cdffc89b193492.zh-cn/corrupted.info"},"locale":"zh-cn","availableLanguages":{"*":"zh-cn"},"_languagePackId":"6fe284ae87274d9cb2cdffc89b193492.zh-cn","_languagePackSupport":true,"_translationsConfigFile":"/home/HwHiAiUser/.cursor-server/data/clp/6fe284ae87274d9cb2cdffc89b193492.zh-cn/tcf.json","_cacheRoot":"/home/HwHiAiUser/.cursor-server/data/clp/6fe284ae87274d9cb2cdffc89b193492.zh-cn","_resolvedLanguagePackCoreLocation":"/home/HwHiAiUser/.cursor-server/data/clp/6fe284ae87274d9cb2cdffc89b193492.zh-cn/7236ee799a5bffd9f28fa4fd18bdc6eab5e08df0","_corruptedFile":"/home/HwHiAiUser/.cursor-server/data/clp/6fe284ae87274d9cb2cdffc89b193492.zh-cn/corrupted.info"}', 'ROS_DISTRO': 'humble', 'VSCODE_HANDLES_UNCAUGHT_ERRORS': 'true', 'OLDPWD': '/home/HwHiAiUser/wheeltec_ros2/src', 'VSCODE_IPC_HOOK_CLI': '/run/user/1000/vscode-ipc-1c3dd420-0fa8-4335-b2c3-64a25f02784e.sock', '_': '/usr/bin/env'}, 'shell': False}
[1.906475] (-) TimerEvent: {}
[2.006946] (-) TimerEvent: {}
[2.107456] (-) TimerEvent: {}
[2.207841] (-) TimerEvent: {}
[2.308203] (-) TimerEvent: {}
[2.408561] (-) TimerEvent: {}
[2.493479] (wheeltec_gpio_control) StderrLine: {'line': b"/usr/lib/python3/dist-packages/setuptools/dist.py:723: UserWarning: Usage of dash-separated 'script-dir' will not be supported in future versions. Please use the underscore name 'script_dir' instead\n"}
[2.494072] (wheeltec_gpio_control) StderrLine: {'line': b'  warnings.warn(\n'}
[2.508702] (-) TimerEvent: {}
[2.519234] (wheeltec_gpio_control) StdoutLine: {'line': b'running egg_info\n'}
[2.520853] (wheeltec_gpio_control) StdoutLine: {'line': b'creating ../../build/wheeltec_gpio_control/wheeltec_gpio_control.egg-info\n'}
[2.521431] (wheeltec_gpio_control) StdoutLine: {'line': b'writing ../../build/wheeltec_gpio_control/wheeltec_gpio_control.egg-info/PKG-INFO\n'}
[2.522079] (wheeltec_gpio_control) StdoutLine: {'line': b'writing dependency_links to ../../build/wheeltec_gpio_control/wheeltec_gpio_control.egg-info/dependency_links.txt\n'}
[2.522477] (wheeltec_gpio_control) StdoutLine: {'line': b'writing entry points to ../../build/wheeltec_gpio_control/wheeltec_gpio_control.egg-info/entry_points.txt\n'}
[2.522812] (wheeltec_gpio_control) StdoutLine: {'line': b'writing requirements to ../../build/wheeltec_gpio_control/wheeltec_gpio_control.egg-info/requires.txt\n'}
[2.523120] (wheeltec_gpio_control) StdoutLine: {'line': b'writing top-level names to ../../build/wheeltec_gpio_control/wheeltec_gpio_control.egg-info/top_level.txt\n'}
[2.523576] (wheeltec_gpio_control) StdoutLine: {'line': b"writing manifest file '../../build/wheeltec_gpio_control/wheeltec_gpio_control.egg-info/SOURCES.txt'\n"}
[2.527702] (wheeltec_gpio_control) StdoutLine: {'line': b"reading manifest file '../../build/wheeltec_gpio_control/wheeltec_gpio_control.egg-info/SOURCES.txt'\n"}
[2.529921] (wheeltec_gpio_control) StdoutLine: {'line': b"writing manifest file '../../build/wheeltec_gpio_control/wheeltec_gpio_control.egg-info/SOURCES.txt'\n"}
[2.530362] (wheeltec_gpio_control) StdoutLine: {'line': b'running build\n'}
[2.530549] (wheeltec_gpio_control) StdoutLine: {'line': b'running build_py\n'}
[2.531118] (wheeltec_gpio_control) StdoutLine: {'line': b'creating /home/HwHiAiUser/wheeltec_ros2/build/wheeltec_gpio_control/build\n'}
[2.531651] (wheeltec_gpio_control) StdoutLine: {'line': b'creating /home/HwHiAiUser/wheeltec_ros2/build/wheeltec_gpio_control/build/lib\n'}
[2.531869] (wheeltec_gpio_control) StdoutLine: {'line': b'creating /home/HwHiAiUser/wheeltec_ros2/build/wheeltec_gpio_control/build/lib/wheeltec_gpio_control\n'}
[2.532174] (wheeltec_gpio_control) StdoutLine: {'line': b'copying wheeltec_gpio_control/__init__.py -> /home/HwHiAiUser/wheeltec_ros2/build/wheeltec_gpio_control/build/lib/wheeltec_gpio_control\n'}
[2.532349] (wheeltec_gpio_control) StdoutLine: {'line': b'copying wheeltec_gpio_control/gpio_control_node.py -> /home/HwHiAiUser/wheeltec_ros2/build/wheeltec_gpio_control/build/lib/wheeltec_gpio_control\n'}
[2.532506] (wheeltec_gpio_control) StdoutLine: {'line': b'running install\n'}
[2.532880] (wheeltec_gpio_control) StdoutLine: {'line': b'running install_lib\n'}
[2.534670] (wheeltec_gpio_control) StdoutLine: {'line': b'creating /home/HwHiAiUser/wheeltec_ros2/install/wheeltec_gpio_control/lib/python3.10/site-packages/wheeltec_gpio_control\n'}
[2.534957] (wheeltec_gpio_control) StdoutLine: {'line': b'copying /home/HwHiAiUser/wheeltec_ros2/build/wheeltec_gpio_control/build/lib/wheeltec_gpio_control/__init__.py -> /home/HwHiAiUser/wheeltec_ros2/install/wheeltec_gpio_control/lib/python3.10/site-packages/wheeltec_gpio_control\n'}
[2.535462] (wheeltec_gpio_control) StdoutLine: {'line': b'copying /home/HwHiAiUser/wheeltec_ros2/build/wheeltec_gpio_control/build/lib/wheeltec_gpio_control/gpio_control_node.py -> /home/HwHiAiUser/wheeltec_ros2/install/wheeltec_gpio_control/lib/python3.10/site-packages/wheeltec_gpio_control\n'}
[2.536707] (wheeltec_gpio_control) StdoutLine: {'line': b'byte-compiling /home/HwHiAiUser/wheeltec_ros2/install/wheeltec_gpio_control/lib/python3.10/site-packages/wheeltec_gpio_control/__init__.py to __init__.cpython-310.pyc\n'}
[2.537330] (wheeltec_gpio_control) StdoutLine: {'line': b'byte-compiling /home/HwHiAiUser/wheeltec_ros2/install/wheeltec_gpio_control/lib/python3.10/site-packages/wheeltec_gpio_control/gpio_control_node.py to gpio_control_node.cpython-310.pyc\n'}
[2.540696] (wheeltec_gpio_control) StdoutLine: {'line': b'running install_data\n'}
[2.541238] (wheeltec_gpio_control) StdoutLine: {'line': b'creating /home/HwHiAiUser/wheeltec_ros2/install/wheeltec_gpio_control/share/ament_index\n'}
[2.541689] (wheeltec_gpio_control) StdoutLine: {'line': b'creating /home/HwHiAiUser/wheeltec_ros2/install/wheeltec_gpio_control/share/ament_index/resource_index\n'}
[2.542099] (wheeltec_gpio_control) StdoutLine: {'line': b'creating /home/HwHiAiUser/wheeltec_ros2/install/wheeltec_gpio_control/share/ament_index/resource_index/packages\n'}
[2.542390] (wheeltec_gpio_control) StdoutLine: {'line': b'copying resource/wheeltec_gpio_control -> /home/HwHiAiUser/wheeltec_ros2/install/wheeltec_gpio_control/share/ament_index/resource_index/packages\n'}
[2.542584] (wheeltec_gpio_control) StdoutLine: {'line': b'copying package.xml -> /home/HwHiAiUser/wheeltec_ros2/install/wheeltec_gpio_control/share/wheeltec_gpio_control\n'}
[2.542755] (wheeltec_gpio_control) StdoutLine: {'line': b'creating /home/HwHiAiUser/wheeltec_ros2/install/wheeltec_gpio_control/share/wheeltec_gpio_control/launch\n'}
[2.542908] (wheeltec_gpio_control) StdoutLine: {'line': b'copying launch/gpio_control.launch.py -> /home/HwHiAiUser/wheeltec_ros2/install/wheeltec_gpio_control/share/wheeltec_gpio_control/launch\n'}
[2.543061] (wheeltec_gpio_control) StdoutLine: {'line': b'running install_egg_info\n'}
[2.547437] (wheeltec_gpio_control) StdoutLine: {'line': b'Copying ../../build/wheeltec_gpio_control/wheeltec_gpio_control.egg-info to /home/HwHiAiUser/wheeltec_ros2/install/wheeltec_gpio_control/lib/python3.10/site-packages/wheeltec_gpio_control-0.0.1-py3.10.egg-info\n'}
[2.549363] (wheeltec_gpio_control) StdoutLine: {'line': b'running install_scripts\n'}
[2.606633] (wheeltec_gpio_control) StdoutLine: {'line': b'Installing gpio_control_node script to /home/HwHiAiUser/wheeltec_ros2/install/wheeltec_gpio_control/lib/wheeltec_gpio_control\n'}
[2.607559] (wheeltec_gpio_control) StdoutLine: {'line': b"writing list of installed files to '/home/HwHiAiUser/wheeltec_ros2/build/wheeltec_gpio_control/install.log'\n"}
[2.608772] (-) TimerEvent: {}
[2.709021] (-) TimerEvent: {}
[2.711605] (wheeltec_gpio_control) CommandEnded: {'returncode': 0}
[2.745144] (wheeltec_gpio_control) JobEnded: {'identifier': 'wheeltec_gpio_control', 'rc': 0}
[2.746891] (-) EventReactorShutdown: {}
