[2.466s] Invoking command in '/home/HwHiAiUser/wheeltec_ros2/src/wheeltec_robot_keyboard': PYTHONPATH=/home/HwHiAiUser/wheeltec_ros2/build/wheeltec_robot_keyboard/prefix_override:/usr/lib/python3/dist-packages/colcon_core/task/python/colcon_distutils_commands:/home/HwHiAiUser/wheeltec_ros2/install/wheeltec_robot_keyboard/lib/python3.10/site-packages:${PYTHONPATH} _=/usr/bin/env /usr/bin/python3 -W ignore:setup.py install is deprecated -W ignore:easy_install command is deprecated setup.py egg_info --egg-base ../../build/wheeltec_robot_keyboard build --build-base /home/HwHiAiUser/wheeltec_ros2/build/wheeltec_robot_keyboard/build install --record /home/HwHiAiUser/wheeltec_ros2/build/wheeltec_robot_keyboard/install.log --single-version-externally-managed install_data
[3.349s] running egg_info
[3.353s] creating ../../build/wheeltec_robot_keyboard/wheeltec_robot_keyboard.egg-info
[3.355s] writing ../../build/wheeltec_robot_keyboard/wheeltec_robot_keyboard.egg-info/PKG-INFO
[3.358s] writing dependency_links to ../../build/wheeltec_robot_keyboard/wheeltec_robot_keyboard.egg-info/dependency_links.txt
[3.361s] writing entry points to ../../build/wheeltec_robot_keyboard/wheeltec_robot_keyboard.egg-info/entry_points.txt
[3.365s] writing requirements to ../../build/wheeltec_robot_keyboard/wheeltec_robot_keyboard.egg-info/requires.txt
[3.368s] writing top-level names to ../../build/wheeltec_robot_keyboard/wheeltec_robot_keyboard.egg-info/top_level.txt
[3.371s] writing manifest file '../../build/wheeltec_robot_keyboard/wheeltec_robot_keyboard.egg-info/SOURCES.txt'
[3.382s] reading manifest file '../../build/wheeltec_robot_keyboard/wheeltec_robot_keyboard.egg-info/SOURCES.txt'
[3.386s] writing manifest file '../../build/wheeltec_robot_keyboard/wheeltec_robot_keyboard.egg-info/SOURCES.txt'
[3.389s] running build
[3.390s] running build_py
[3.391s] creating /home/HwHiAiUser/wheeltec_ros2/build/wheeltec_robot_keyboard/build
[3.392s] creating /home/HwHiAiUser/wheeltec_ros2/build/wheeltec_robot_keyboard/build/lib
[3.394s] creating /home/HwHiAiUser/wheeltec_ros2/build/wheeltec_robot_keyboard/build/lib/wheeltec_robot_keyboard
[3.395s] copying wheeltec_robot_keyboard/__init__.py -> /home/HwHiAiUser/wheeltec_ros2/build/wheeltec_robot_keyboard/build/lib/wheeltec_robot_keyboard
[3.397s] copying wheeltec_robot_keyboard/wheeltec_keyboard.py -> /home/HwHiAiUser/wheeltec_ros2/build/wheeltec_robot_keyboard/build/lib/wheeltec_robot_keyboard
[3.398s] running install
[3.400s] running install_lib
[3.402s] creating /home/HwHiAiUser/wheeltec_ros2/install/wheeltec_robot_keyboard/lib/python3.10/site-packages/wheeltec_robot_keyboard
[3.403s] copying /home/HwHiAiUser/wheeltec_ros2/build/wheeltec_robot_keyboard/build/lib/wheeltec_robot_keyboard/__init__.py -> /home/HwHiAiUser/wheeltec_ros2/install/wheeltec_robot_keyboard/lib/python3.10/site-packages/wheeltec_robot_keyboard
[3.405s] copying /home/HwHiAiUser/wheeltec_ros2/build/wheeltec_robot_keyboard/build/lib/wheeltec_robot_keyboard/wheeltec_keyboard.py -> /home/HwHiAiUser/wheeltec_ros2/install/wheeltec_robot_keyboard/lib/python3.10/site-packages/wheeltec_robot_keyboard
[3.408s] byte-compiling /home/HwHiAiUser/wheeltec_ros2/install/wheeltec_robot_keyboard/lib/python3.10/site-packages/wheeltec_robot_keyboard/__init__.py to __init__.cpython-310.pyc
[3.412s] byte-compiling /home/HwHiAiUser/wheeltec_ros2/install/wheeltec_robot_keyboard/lib/python3.10/site-packages/wheeltec_robot_keyboard/wheeltec_keyboard.py to wheeltec_keyboard.cpython-310.pyc
[3.418s] running install_data
[3.418s] creating /home/HwHiAiUser/wheeltec_ros2/install/wheeltec_robot_keyboard/share/ament_index
[3.419s] creating /home/HwHiAiUser/wheeltec_ros2/install/wheeltec_robot_keyboard/share/ament_index/resource_index
[3.419s] creating /home/HwHiAiUser/wheeltec_ros2/install/wheeltec_robot_keyboard/share/ament_index/resource_index/packages
[3.419s] copying resource/wheeltec_robot_keyboard -> /home/HwHiAiUser/wheeltec_ros2/install/wheeltec_robot_keyboard/share/ament_index/resource_index/packages
[3.421s] copying package.xml -> /home/HwHiAiUser/wheeltec_ros2/install/wheeltec_robot_keyboard/share/wheeltec_robot_keyboard
[3.423s] running install_egg_info
[3.431s] Copying ../../build/wheeltec_robot_keyboard/wheeltec_robot_keyboard.egg-info to /home/HwHiAiUser/wheeltec_ros2/install/wheeltec_robot_keyboard/lib/python3.10/site-packages/wheeltec_robot_keyboard-2.0.1-py3.10.egg-info
[3.449s] running install_scripts
[3.535s] Installing wheeltec_keyboard script to /home/HwHiAiUser/wheeltec_ros2/install/wheeltec_robot_keyboard/lib/wheeltec_robot_keyboard
[3.538s] writing list of installed files to '/home/HwHiAiUser/wheeltec_ros2/build/wheeltec_robot_keyboard/install.log'
[3.740s] Invoked command in '/home/HwHiAiUser/wheeltec_ros2/src/wheeltec_robot_keyboard' returned '0': PYTHONPATH=/home/HwHiAiUser/wheeltec_ros2/build/wheeltec_robot_keyboard/prefix_override:/usr/lib/python3/dist-packages/colcon_core/task/python/colcon_distutils_commands:/home/HwHiAiUser/wheeltec_ros2/install/wheeltec_robot_keyboard/lib/python3.10/site-packages:${PYTHONPATH} _=/usr/bin/env /usr/bin/python3 -W ignore:setup.py install is deprecated -W ignore:easy_install command is deprecated setup.py egg_info --egg-base ../../build/wheeltec_robot_keyboard build --build-base /home/HwHiAiUser/wheeltec_ros2/build/wheeltec_robot_keyboard/build install --record /home/HwHiAiUser/wheeltec_ros2/build/wheeltec_robot_keyboard/install.log --single-version-externally-managed install_data
