[0.061s] Invoking command in '/home/HwHiAiUser/wheeltec_ros2/build/astra_camera_msgs': CMAKE_PREFIX_PATH=${CMAKE_PREFIX_PATH}:/home/HwHiAiUser/wheeltec_ros2/install/wheeltec_robot_keyboard:/home/HwHiAiUser/wheeltec_ros2/install/wheeltec_gpio_control:/home/HwHiAiUser/wheeltec_ros2/install/tf2_tools:/opt/ros/humble _=/usr/bin/env /usr/bin/cmake --build /home/HwHiAiUser/wheeltec_ros2/build/astra_camera_msgs -- -j4 -l4
[0.227s] [  1%] Built target astra_camera_msgs__cpp
[0.327s] [  1%] Built target ament_cmake_python_copy_astra_camera_msgs
[0.362s] [35m[1mConsolidate compiler generated dependencies of target astra_camera_msgs__rosidl_typesupport_fastrtps_cpp[0m
[0.416s] [ 12%] Built target astra_camera_msgs__rosidl_typesupport_fastrtps_cpp
[0.449s] [35m[1mConsolidate compiler generated dependencies of target astra_camera_msgs__rosidl_typesupport_introspection_cpp[0m
[0.510s] [ 24%] Built target astra_camera_msgs__rosidl_typesupport_introspection_cpp
[1.667s] running egg_info
[1.670s] writing astra_camera_msgs.egg-info/PKG-INFO
[1.671s] writing dependency_links to astra_camera_msgs.egg-info/dependency_links.txt
[1.672s] writing top-level names to astra_camera_msgs.egg-info/top_level.txt
[1.683s] reading manifest file 'astra_camera_msgs.egg-info/SOURCES.txt'
[1.686s] writing manifest file 'astra_camera_msgs.egg-info/SOURCES.txt'
[1.856s] [ 24%] Built target ament_cmake_python_build_astra_camera_msgs_egg
[1.892s] [35m[1mConsolidate compiler generated dependencies of target astra_camera_msgs__rosidl_typesupport_cpp[0m
[1.971s] [ 35%] Built target astra_camera_msgs__rosidl_typesupport_cpp
[2.004s] [35m[1mConsolidate compiler generated dependencies of target astra_camera_msgs__rosidl_generator_c[0m
[2.040s] [ 47%] Built target astra_camera_msgs__rosidl_generator_c
[2.073s] [35m[1mConsolidate compiler generated dependencies of target astra_camera_msgs__rosidl_typesupport_fastrtps_c[0m
[2.130s] [ 58%] Built target astra_camera_msgs__rosidl_typesupport_fastrtps_c
[2.156s] [35m[1mConsolidate compiler generated dependencies of target astra_camera_msgs__rosidl_typesupport_c[0m
[2.195s] [ 70%] Built target astra_camera_msgs__rosidl_typesupport_c
[2.224s] [35m[1mConsolidate compiler generated dependencies of target astra_camera_msgs__rosidl_typesupport_introspection_c[0m
[2.266s] [ 82%] Built target astra_camera_msgs__rosidl_typesupport_introspection_c
[2.321s] [ 82%] Built target astra_camera_msgs
[2.377s] [ 83%] Built target astra_camera_msgs__py
[2.412s] [35m[1mConsolidate compiler generated dependencies of target astra_camera_msgs__rosidl_generator_py[0m
[2.529s] [ 93%] Built target astra_camera_msgs__rosidl_generator_py
[2.573s] [35m[1mConsolidate compiler generated dependencies of target astra_camera_msgs__rosidl_typesupport_fastrtps_c__pyext[0m
[2.612s] [ 95%] Built target astra_camera_msgs__rosidl_typesupport_fastrtps_c__pyext
[2.655s] [35m[1mConsolidate compiler generated dependencies of target astra_camera_msgs__rosidl_typesupport_c__pyext[0m
[2.699s] [ 97%] Built target astra_camera_msgs__rosidl_typesupport_c__pyext
[2.730s] [35m[1mConsolidate compiler generated dependencies of target astra_camera_msgs__rosidl_typesupport_introspection_c__pyext[0m
[2.808s] [100%] Built target astra_camera_msgs__rosidl_typesupport_introspection_c__pyext
[2.979s] Invoked command in '/home/HwHiAiUser/wheeltec_ros2/build/astra_camera_msgs' returned '0': CMAKE_PREFIX_PATH=${CMAKE_PREFIX_PATH}:/home/HwHiAiUser/wheeltec_ros2/install/wheeltec_robot_keyboard:/home/HwHiAiUser/wheeltec_ros2/install/wheeltec_gpio_control:/home/HwHiAiUser/wheeltec_ros2/install/tf2_tools:/opt/ros/humble _=/usr/bin/env /usr/bin/cmake --build /home/HwHiAiUser/wheeltec_ros2/build/astra_camera_msgs -- -j4 -l4
[2.983s] Invoking command in '/home/HwHiAiUser/wheeltec_ros2/build/astra_camera_msgs': CMAKE_PREFIX_PATH=${CMAKE_PREFIX_PATH}:/home/HwHiAiUser/wheeltec_ros2/install/wheeltec_robot_keyboard:/home/HwHiAiUser/wheeltec_ros2/install/wheeltec_gpio_control:/home/HwHiAiUser/wheeltec_ros2/install/tf2_tools:/opt/ros/humble _=/usr/bin/env /usr/bin/cmake --install /home/HwHiAiUser/wheeltec_ros2/build/astra_camera_msgs
[3.091s] -- Install configuration: ""
[3.092s] -- Up-to-date: /home/HwHiAiUser/wheeltec_ros2/install/astra_camera_msgs/share/ament_index/resource_index/rosidl_interfaces/astra_camera_msgs
[3.093s] -- Up-to-date: /home/HwHiAiUser/wheeltec_ros2/install/astra_camera_msgs/include/astra_camera_msgs/astra_camera_msgs
[3.094s] -- Up-to-date: /home/HwHiAiUser/wheeltec_ros2/install/astra_camera_msgs/include/astra_camera_msgs/astra_camera_msgs/srv
[3.094s] -- Up-to-date: /home/HwHiAiUser/wheeltec_ros2/install/astra_camera_msgs/include/astra_camera_msgs/astra_camera_msgs/srv/detail
[3.094s] -- Up-to-date: /home/HwHiAiUser/wheeltec_ros2/install/astra_camera_msgs/include/astra_camera_msgs/astra_camera_msgs/srv/detail/get_int32__struct.h
[3.095s] -- Up-to-date: /home/HwHiAiUser/wheeltec_ros2/install/astra_camera_msgs/include/astra_camera_msgs/astra_camera_msgs/srv/detail/get_camera_info__functions.c
[3.095s] -- Up-to-date: /home/HwHiAiUser/wheeltec_ros2/install/astra_camera_msgs/include/astra_camera_msgs/astra_camera_msgs/srv/detail/set_int32__type_support.h
[3.095s] -- Up-to-date: /home/HwHiAiUser/wheeltec_ros2/install/astra_camera_msgs/include/astra_camera_msgs/astra_camera_msgs/srv/detail/set_int32__functions.h
[3.095s] -- Up-to-date: /home/HwHiAiUser/wheeltec_ros2/install/astra_camera_msgs/include/astra_camera_msgs/astra_camera_msgs/srv/detail/get_string__struct.h
[3.100s] -- Up-to-date: /home/HwHiAiUser/wheeltec_ros2/install/astra_camera_msgs/include/astra_camera_msgs/astra_camera_msgs/srv/detail/get_camera_params__struct.h
[3.100s] -- Up-to-date: /home/HwHiAiUser/wheeltec_ros2/install/astra_camera_msgs/include/astra_camera_msgs/astra_camera_msgs/srv/detail/get_camera_params__type_support.h
[3.101s] -- Up-to-date: /home/HwHiAiUser/wheeltec_ros2/install/astra_camera_msgs/include/astra_camera_msgs/astra_camera_msgs/srv/detail/get_camera_info__functions.h
[3.101s] -- Up-to-date: /home/HwHiAiUser/wheeltec_ros2/install/astra_camera_msgs/include/astra_camera_msgs/astra_camera_msgs/srv/detail/get_int32__functions.h
[3.101s] -- Up-to-date: /home/HwHiAiUser/wheeltec_ros2/install/astra_camera_msgs/include/astra_camera_msgs/astra_camera_msgs/srv/detail/get_int32__type_support.h
[3.101s] -- Up-to-date: /home/HwHiAiUser/wheeltec_ros2/install/astra_camera_msgs/include/astra_camera_msgs/astra_camera_msgs/srv/detail/get_camera_info__type_support.h
[3.102s] -- Up-to-date: /home/HwHiAiUser/wheeltec_ros2/install/astra_camera_msgs/include/astra_camera_msgs/astra_camera_msgs/srv/detail/get_string__functions.c
[3.102s] -- Up-to-date: /home/HwHiAiUser/wheeltec_ros2/install/astra_camera_msgs/include/astra_camera_msgs/astra_camera_msgs/srv/detail/get_int32__functions.c
[3.102s] -- Up-to-date: /home/HwHiAiUser/wheeltec_ros2/install/astra_camera_msgs/include/astra_camera_msgs/astra_camera_msgs/srv/detail/get_device_info__type_support.h
[3.103s] -- Up-to-date: /home/HwHiAiUser/wheeltec_ros2/install/astra_camera_msgs/include/astra_camera_msgs/astra_camera_msgs/srv/detail/get_device_info__functions.c
[3.103s] -- Up-to-date: /home/HwHiAiUser/wheeltec_ros2/install/astra_camera_msgs/include/astra_camera_msgs/astra_camera_msgs/srv/detail/get_string__type_support.h
[3.103s] -- Up-to-date: /home/HwHiAiUser/wheeltec_ros2/install/astra_camera_msgs/include/astra_camera_msgs/astra_camera_msgs/srv/detail/get_string__functions.h
[3.103s] -- Up-to-date: /home/HwHiAiUser/wheeltec_ros2/install/astra_camera_msgs/include/astra_camera_msgs/astra_camera_msgs/srv/detail/get_camera_params__functions.c
[3.104s] -- Up-to-date: /home/HwHiAiUser/wheeltec_ros2/install/astra_camera_msgs/include/astra_camera_msgs/astra_camera_msgs/srv/detail/get_camera_info__struct.h
[3.105s] -- Up-to-date: /home/HwHiAiUser/wheeltec_ros2/install/astra_camera_msgs/include/astra_camera_msgs/astra_camera_msgs/srv/detail/get_camera_params__functions.h
[3.106s] -- Up-to-date: /home/HwHiAiUser/wheeltec_ros2/install/astra_camera_msgs/include/astra_camera_msgs/astra_camera_msgs/srv/detail/get_device_info__struct.h
[3.106s] -- Up-to-date: /home/HwHiAiUser/wheeltec_ros2/install/astra_camera_msgs/include/astra_camera_msgs/astra_camera_msgs/srv/detail/get_device_info__functions.h
[3.107s] -- Up-to-date: /home/HwHiAiUser/wheeltec_ros2/install/astra_camera_msgs/include/astra_camera_msgs/astra_camera_msgs/srv/detail/set_int32__struct.h
[3.107s] -- Up-to-date: /home/HwHiAiUser/wheeltec_ros2/install/astra_camera_msgs/include/astra_camera_msgs/astra_camera_msgs/srv/detail/set_int32__functions.c
[3.108s] -- Up-to-date: /home/HwHiAiUser/wheeltec_ros2/install/astra_camera_msgs/include/astra_camera_msgs/astra_camera_msgs/srv/get_int32.h
[3.108s] -- Up-to-date: /home/HwHiAiUser/wheeltec_ros2/install/astra_camera_msgs/include/astra_camera_msgs/astra_camera_msgs/srv/get_string.h
[3.108s] -- Up-to-date: /home/HwHiAiUser/wheeltec_ros2/install/astra_camera_msgs/include/astra_camera_msgs/astra_camera_msgs/srv/set_int32.h
[3.108s] -- Up-to-date: /home/HwHiAiUser/wheeltec_ros2/install/astra_camera_msgs/include/astra_camera_msgs/astra_camera_msgs/srv/get_camera_params.h
[3.109s] -- Up-to-date: /home/HwHiAiUser/wheeltec_ros2/install/astra_camera_msgs/include/astra_camera_msgs/astra_camera_msgs/srv/get_device_info.h
[3.109s] -- Up-to-date: /home/HwHiAiUser/wheeltec_ros2/install/astra_camera_msgs/include/astra_camera_msgs/astra_camera_msgs/srv/get_camera_info.h
[3.109s] -- Up-to-date: /home/HwHiAiUser/wheeltec_ros2/install/astra_camera_msgs/include/astra_camera_msgs/astra_camera_msgs/msg
[3.109s] -- Up-to-date: /home/HwHiAiUser/wheeltec_ros2/install/astra_camera_msgs/include/astra_camera_msgs/astra_camera_msgs/msg/detail
[3.109s] -- Up-to-date: /home/HwHiAiUser/wheeltec_ros2/install/astra_camera_msgs/include/astra_camera_msgs/astra_camera_msgs/msg/detail/metadata__type_support.h
[3.110s] -- Up-to-date: /home/HwHiAiUser/wheeltec_ros2/install/astra_camera_msgs/include/astra_camera_msgs/astra_camera_msgs/msg/detail/metadata__functions.h
[3.110s] -- Up-to-date: /home/HwHiAiUser/wheeltec_ros2/install/astra_camera_msgs/include/astra_camera_msgs/astra_camera_msgs/msg/detail/metadata__functions.c
[3.110s] -- Up-to-date: /home/HwHiAiUser/wheeltec_ros2/install/astra_camera_msgs/include/astra_camera_msgs/astra_camera_msgs/msg/detail/device_info__functions.c
[3.111s] -- Up-to-date: /home/HwHiAiUser/wheeltec_ros2/install/astra_camera_msgs/include/astra_camera_msgs/astra_camera_msgs/msg/detail/device_info__struct.h
[3.111s] -- Up-to-date: /home/HwHiAiUser/wheeltec_ros2/install/astra_camera_msgs/include/astra_camera_msgs/astra_camera_msgs/msg/detail/extrinsics__struct.h
[3.111s] -- Up-to-date: /home/HwHiAiUser/wheeltec_ros2/install/astra_camera_msgs/include/astra_camera_msgs/astra_camera_msgs/msg/detail/device_info__type_support.h
[3.111s] -- Up-to-date: /home/HwHiAiUser/wheeltec_ros2/install/astra_camera_msgs/include/astra_camera_msgs/astra_camera_msgs/msg/detail/device_info__functions.h
[3.112s] -- Up-to-date: /home/HwHiAiUser/wheeltec_ros2/install/astra_camera_msgs/include/astra_camera_msgs/astra_camera_msgs/msg/detail/metadata__struct.h
[3.112s] -- Up-to-date: /home/HwHiAiUser/wheeltec_ros2/install/astra_camera_msgs/include/astra_camera_msgs/astra_camera_msgs/msg/detail/extrinsics__functions.c
[3.112s] -- Up-to-date: /home/HwHiAiUser/wheeltec_ros2/install/astra_camera_msgs/include/astra_camera_msgs/astra_camera_msgs/msg/detail/extrinsics__functions.h
[3.114s] -- Up-to-date: /home/HwHiAiUser/wheeltec_ros2/install/astra_camera_msgs/include/astra_camera_msgs/astra_camera_msgs/msg/detail/extrinsics__type_support.h
[3.114s] -- Up-to-date: /home/HwHiAiUser/wheeltec_ros2/install/astra_camera_msgs/include/astra_camera_msgs/astra_camera_msgs/msg/rosidl_generator_c__visibility_control.h
[3.115s] -- Up-to-date: /home/HwHiAiUser/wheeltec_ros2/install/astra_camera_msgs/include/astra_camera_msgs/astra_camera_msgs/msg/extrinsics.h
[3.115s] -- Up-to-date: /home/HwHiAiUser/wheeltec_ros2/install/astra_camera_msgs/include/astra_camera_msgs/astra_camera_msgs/msg/metadata.h
[3.115s] -- Up-to-date: /home/HwHiAiUser/wheeltec_ros2/install/astra_camera_msgs/include/astra_camera_msgs/astra_camera_msgs/msg/device_info.h
[3.116s] -- Up-to-date: /home/HwHiAiUser/wheeltec_ros2/install/astra_camera_msgs/share/astra_camera_msgs/environment/library_path.sh
[3.116s] -- Up-to-date: /home/HwHiAiUser/wheeltec_ros2/install/astra_camera_msgs/share/astra_camera_msgs/environment/library_path.dsv
[3.116s] -- Up-to-date: /home/HwHiAiUser/wheeltec_ros2/install/astra_camera_msgs/lib/libastra_camera_msgs__rosidl_generator_c.so
[3.117s] -- Up-to-date: /home/HwHiAiUser/wheeltec_ros2/install/astra_camera_msgs/include/astra_camera_msgs/astra_camera_msgs
[3.117s] -- Up-to-date: /home/HwHiAiUser/wheeltec_ros2/install/astra_camera_msgs/include/astra_camera_msgs/astra_camera_msgs/srv
[3.117s] -- Up-to-date: /home/HwHiAiUser/wheeltec_ros2/install/astra_camera_msgs/include/astra_camera_msgs/astra_camera_msgs/srv/detail
[3.118s] -- Up-to-date: /home/HwHiAiUser/wheeltec_ros2/install/astra_camera_msgs/include/astra_camera_msgs/astra_camera_msgs/srv/detail/get_device_info__rosidl_typesupport_fastrtps_c.h
[3.119s] -- Up-to-date: /home/HwHiAiUser/wheeltec_ros2/install/astra_camera_msgs/include/astra_camera_msgs/astra_camera_msgs/srv/detail/get_string__rosidl_typesupport_fastrtps_c.h
[3.119s] -- Up-to-date: /home/HwHiAiUser/wheeltec_ros2/install/astra_camera_msgs/include/astra_camera_msgs/astra_camera_msgs/srv/detail/get_int32__rosidl_typesupport_fastrtps_c.h
[3.119s] -- Up-to-date: /home/HwHiAiUser/wheeltec_ros2/install/astra_camera_msgs/include/astra_camera_msgs/astra_camera_msgs/srv/detail/set_int32__rosidl_typesupport_fastrtps_c.h
[3.120s] -- Up-to-date: /home/HwHiAiUser/wheeltec_ros2/install/astra_camera_msgs/include/astra_camera_msgs/astra_camera_msgs/srv/detail/get_camera_info__rosidl_typesupport_fastrtps_c.h
[3.120s] -- Up-to-date: /home/HwHiAiUser/wheeltec_ros2/install/astra_camera_msgs/include/astra_camera_msgs/astra_camera_msgs/srv/detail/get_camera_params__rosidl_typesupport_fastrtps_c.h
[3.120s] -- Up-to-date: /home/HwHiAiUser/wheeltec_ros2/install/astra_camera_msgs/include/astra_camera_msgs/astra_camera_msgs/msg
[3.121s] -- Up-to-date: /home/HwHiAiUser/wheeltec_ros2/install/astra_camera_msgs/include/astra_camera_msgs/astra_camera_msgs/msg/detail
[3.121s] -- Up-to-date: /home/HwHiAiUser/wheeltec_ros2/install/astra_camera_msgs/include/astra_camera_msgs/astra_camera_msgs/msg/detail/extrinsics__rosidl_typesupport_fastrtps_c.h
[3.121s] -- Up-to-date: /home/HwHiAiUser/wheeltec_ros2/install/astra_camera_msgs/include/astra_camera_msgs/astra_camera_msgs/msg/detail/device_info__rosidl_typesupport_fastrtps_c.h
[3.122s] -- Up-to-date: /home/HwHiAiUser/wheeltec_ros2/install/astra_camera_msgs/include/astra_camera_msgs/astra_camera_msgs/msg/detail/metadata__rosidl_typesupport_fastrtps_c.h
[3.122s] -- Up-to-date: /home/HwHiAiUser/wheeltec_ros2/install/astra_camera_msgs/include/astra_camera_msgs/astra_camera_msgs/msg/rosidl_typesupport_fastrtps_c__visibility_control.h
[3.123s] -- Up-to-date: /home/HwHiAiUser/wheeltec_ros2/install/astra_camera_msgs/lib/libastra_camera_msgs__rosidl_typesupport_fastrtps_c.so
[3.123s] -- Up-to-date: /home/HwHiAiUser/wheeltec_ros2/install/astra_camera_msgs/include/astra_camera_msgs/astra_camera_msgs
[3.123s] -- Up-to-date: /home/HwHiAiUser/wheeltec_ros2/install/astra_camera_msgs/include/astra_camera_msgs/astra_camera_msgs/srv
[3.124s] -- Up-to-date: /home/HwHiAiUser/wheeltec_ros2/install/astra_camera_msgs/include/astra_camera_msgs/astra_camera_msgs/srv/detail
[3.124s] -- Up-to-date: /home/HwHiAiUser/wheeltec_ros2/install/astra_camera_msgs/include/astra_camera_msgs/astra_camera_msgs/srv/detail/get_device_info__type_support.c
[3.124s] -- Up-to-date: /home/HwHiAiUser/wheeltec_ros2/install/astra_camera_msgs/include/astra_camera_msgs/astra_camera_msgs/srv/detail/get_camera_params__type_support.c
[3.124s] -- Up-to-date: /home/HwHiAiUser/wheeltec_ros2/install/astra_camera_msgs/include/astra_camera_msgs/astra_camera_msgs/srv/detail/get_string__rosidl_typesupport_introspection_c.h
[3.125s] -- Up-to-date: /home/HwHiAiUser/wheeltec_ros2/install/astra_camera_msgs/include/astra_camera_msgs/astra_camera_msgs/srv/detail/get_camera_info__rosidl_typesupport_introspection_c.h
[3.125s] -- Up-to-date: /home/HwHiAiUser/wheeltec_ros2/install/astra_camera_msgs/include/astra_camera_msgs/astra_camera_msgs/srv/detail/set_int32__rosidl_typesupport_introspection_c.h
[3.125s] -- Up-to-date: /home/HwHiAiUser/wheeltec_ros2/install/astra_camera_msgs/include/astra_camera_msgs/astra_camera_msgs/srv/detail/get_camera_info__type_support.c
[3.126s] -- Up-to-date: /home/HwHiAiUser/wheeltec_ros2/install/astra_camera_msgs/include/astra_camera_msgs/astra_camera_msgs/srv/detail/get_device_info__rosidl_typesupport_introspection_c.h
[3.127s] -- Up-to-date: /home/HwHiAiUser/wheeltec_ros2/install/astra_camera_msgs/include/astra_camera_msgs/astra_camera_msgs/srv/detail/set_int32__type_support.c
[3.127s] -- Up-to-date: /home/HwHiAiUser/wheeltec_ros2/install/astra_camera_msgs/include/astra_camera_msgs/astra_camera_msgs/srv/detail/get_string__type_support.c
[3.127s] -- Up-to-date: /home/HwHiAiUser/wheeltec_ros2/install/astra_camera_msgs/include/astra_camera_msgs/astra_camera_msgs/srv/detail/get_int32__type_support.c
[3.128s] -- Up-to-date: /home/HwHiAiUser/wheeltec_ros2/install/astra_camera_msgs/include/astra_camera_msgs/astra_camera_msgs/srv/detail/get_camera_params__rosidl_typesupport_introspection_c.h
[3.129s] -- Up-to-date: /home/HwHiAiUser/wheeltec_ros2/install/astra_camera_msgs/include/astra_camera_msgs/astra_camera_msgs/srv/detail/get_int32__rosidl_typesupport_introspection_c.h
[3.129s] -- Up-to-date: /home/HwHiAiUser/wheeltec_ros2/install/astra_camera_msgs/include/astra_camera_msgs/astra_camera_msgs/msg
[3.129s] -- Up-to-date: /home/HwHiAiUser/wheeltec_ros2/install/astra_camera_msgs/include/astra_camera_msgs/astra_camera_msgs/msg/detail
[3.129s] -- Up-to-date: /home/HwHiAiUser/wheeltec_ros2/install/astra_camera_msgs/include/astra_camera_msgs/astra_camera_msgs/msg/detail/extrinsics__type_support.c
[3.130s] -- Up-to-date: /home/HwHiAiUser/wheeltec_ros2/install/astra_camera_msgs/include/astra_camera_msgs/astra_camera_msgs/msg/detail/extrinsics__rosidl_typesupport_introspection_c.h
[3.131s] -- Up-to-date: /home/HwHiAiUser/wheeltec_ros2/install/astra_camera_msgs/include/astra_camera_msgs/astra_camera_msgs/msg/detail/device_info__rosidl_typesupport_introspection_c.h
[3.131s] -- Up-to-date: /home/HwHiAiUser/wheeltec_ros2/install/astra_camera_msgs/include/astra_camera_msgs/astra_camera_msgs/msg/detail/metadata__type_support.c
[3.132s] -- Up-to-date: /home/HwHiAiUser/wheeltec_ros2/install/astra_camera_msgs/include/astra_camera_msgs/astra_camera_msgs/msg/detail/device_info__type_support.c
[3.132s] -- Up-to-date: /home/HwHiAiUser/wheeltec_ros2/install/astra_camera_msgs/include/astra_camera_msgs/astra_camera_msgs/msg/detail/metadata__rosidl_typesupport_introspection_c.h
[3.133s] -- Up-to-date: /home/HwHiAiUser/wheeltec_ros2/install/astra_camera_msgs/include/astra_camera_msgs/astra_camera_msgs/msg/rosidl_typesupport_introspection_c__visibility_control.h
[3.134s] -- Up-to-date: /home/HwHiAiUser/wheeltec_ros2/install/astra_camera_msgs/lib/libastra_camera_msgs__rosidl_typesupport_introspection_c.so
[3.134s] -- Up-to-date: /home/HwHiAiUser/wheeltec_ros2/install/astra_camera_msgs/lib/libastra_camera_msgs__rosidl_typesupport_c.so
[3.135s] -- Up-to-date: /home/HwHiAiUser/wheeltec_ros2/install/astra_camera_msgs/include/astra_camera_msgs/astra_camera_msgs
[3.135s] -- Up-to-date: /home/HwHiAiUser/wheeltec_ros2/install/astra_camera_msgs/include/astra_camera_msgs/astra_camera_msgs/srv
[3.136s] -- Up-to-date: /home/HwHiAiUser/wheeltec_ros2/install/astra_camera_msgs/include/astra_camera_msgs/astra_camera_msgs/srv/detail
[3.139s] -- Up-to-date: /home/HwHiAiUser/wheeltec_ros2/install/astra_camera_msgs/include/astra_camera_msgs/astra_camera_msgs/srv/detail/get_device_info__type_support.hpp
[3.140s] -- Up-to-date: /home/HwHiAiUser/wheeltec_ros2/install/astra_camera_msgs/include/astra_camera_msgs/astra_camera_msgs/srv/detail/get_int32__type_support.hpp
[3.140s] -- Up-to-date: /home/HwHiAiUser/wheeltec_ros2/install/astra_camera_msgs/include/astra_camera_msgs/astra_camera_msgs/srv/detail/get_camera_info__builder.hpp
[3.141s] -- Up-to-date: /home/HwHiAiUser/wheeltec_ros2/install/astra_camera_msgs/include/astra_camera_msgs/astra_camera_msgs/srv/detail/get_int32__builder.hpp
[3.142s] -- Up-to-date: /home/HwHiAiUser/wheeltec_ros2/install/astra_camera_msgs/include/astra_camera_msgs/astra_camera_msgs/srv/detail/get_device_info__builder.hpp
[3.142s] -- Up-to-date: /home/HwHiAiUser/wheeltec_ros2/install/astra_camera_msgs/include/astra_camera_msgs/astra_camera_msgs/srv/detail/get_camera_params__builder.hpp
[3.143s] -- Up-to-date: /home/HwHiAiUser/wheeltec_ros2/install/astra_camera_msgs/include/astra_camera_msgs/astra_camera_msgs/srv/detail/get_string__builder.hpp
[3.143s] -- Up-to-date: /home/HwHiAiUser/wheeltec_ros2/install/astra_camera_msgs/include/astra_camera_msgs/astra_camera_msgs/srv/detail/get_int32__struct.hpp
[3.143s] -- Up-to-date: /home/HwHiAiUser/wheeltec_ros2/install/astra_camera_msgs/include/astra_camera_msgs/astra_camera_msgs/srv/detail/set_int32__type_support.hpp
[3.143s] -- Up-to-date: /home/HwHiAiUser/wheeltec_ros2/install/astra_camera_msgs/include/astra_camera_msgs/astra_camera_msgs/srv/detail/get_camera_params__traits.hpp
[3.143s] -- Up-to-date: /home/HwHiAiUser/wheeltec_ros2/install/astra_camera_msgs/include/astra_camera_msgs/astra_camera_msgs/srv/detail/get_camera_params__type_support.hpp
[3.143s] -- Up-to-date: /home/HwHiAiUser/wheeltec_ros2/install/astra_camera_msgs/include/astra_camera_msgs/astra_camera_msgs/srv/detail/get_device_info__traits.hpp
[3.144s] -- Up-to-date: /home/HwHiAiUser/wheeltec_ros2/install/astra_camera_msgs/include/astra_camera_msgs/astra_camera_msgs/srv/detail/set_int32__struct.hpp
[3.144s] -- Up-to-date: /home/HwHiAiUser/wheeltec_ros2/install/astra_camera_msgs/include/astra_camera_msgs/astra_camera_msgs/srv/detail/get_int32__traits.hpp
[3.144s] -- Up-to-date: /home/HwHiAiUser/wheeltec_ros2/install/astra_camera_msgs/include/astra_camera_msgs/astra_camera_msgs/srv/detail/set_int32__traits.hpp
[3.144s] -- Up-to-date: /home/HwHiAiUser/wheeltec_ros2/install/astra_camera_msgs/include/astra_camera_msgs/astra_camera_msgs/srv/detail/get_device_info__struct.hpp
[3.144s] -- Up-to-date: /home/HwHiAiUser/wheeltec_ros2/install/astra_camera_msgs/include/astra_camera_msgs/astra_camera_msgs/srv/detail/get_camera_params__struct.hpp
[3.144s] -- Up-to-date: /home/HwHiAiUser/wheeltec_ros2/install/astra_camera_msgs/include/astra_camera_msgs/astra_camera_msgs/srv/detail/get_string__struct.hpp
[3.145s] -- Up-to-date: /home/HwHiAiUser/wheeltec_ros2/install/astra_camera_msgs/include/astra_camera_msgs/astra_camera_msgs/srv/detail/get_string__traits.hpp
[3.145s] -- Up-to-date: /home/HwHiAiUser/wheeltec_ros2/install/astra_camera_msgs/include/astra_camera_msgs/astra_camera_msgs/srv/detail/set_int32__builder.hpp
[3.145s] -- Up-to-date: /home/HwHiAiUser/wheeltec_ros2/install/astra_camera_msgs/include/astra_camera_msgs/astra_camera_msgs/srv/detail/get_string__type_support.hpp
[3.145s] -- Up-to-date: /home/HwHiAiUser/wheeltec_ros2/install/astra_camera_msgs/include/astra_camera_msgs/astra_camera_msgs/srv/detail/get_camera_info__traits.hpp
[3.145s] -- Up-to-date: /home/HwHiAiUser/wheeltec_ros2/install/astra_camera_msgs/include/astra_camera_msgs/astra_camera_msgs/srv/detail/get_camera_info__struct.hpp
[3.146s] -- Up-to-date: /home/HwHiAiUser/wheeltec_ros2/install/astra_camera_msgs/include/astra_camera_msgs/astra_camera_msgs/srv/detail/get_camera_info__type_support.hpp
[3.146s] -- Up-to-date: /home/HwHiAiUser/wheeltec_ros2/install/astra_camera_msgs/include/astra_camera_msgs/astra_camera_msgs/srv/get_int32.hpp
[3.146s] -- Up-to-date: /home/HwHiAiUser/wheeltec_ros2/install/astra_camera_msgs/include/astra_camera_msgs/astra_camera_msgs/srv/get_string.hpp
[3.146s] -- Up-to-date: /home/HwHiAiUser/wheeltec_ros2/install/astra_camera_msgs/include/astra_camera_msgs/astra_camera_msgs/srv/get_camera_params.hpp
[3.146s] -- Up-to-date: /home/HwHiAiUser/wheeltec_ros2/install/astra_camera_msgs/include/astra_camera_msgs/astra_camera_msgs/srv/set_int32.hpp
[3.147s] -- Up-to-date: /home/HwHiAiUser/wheeltec_ros2/install/astra_camera_msgs/include/astra_camera_msgs/astra_camera_msgs/srv/get_device_info.hpp
[3.148s] -- Up-to-date: /home/HwHiAiUser/wheeltec_ros2/install/astra_camera_msgs/include/astra_camera_msgs/astra_camera_msgs/srv/get_camera_info.hpp
[3.149s] -- Up-to-date: /home/HwHiAiUser/wheeltec_ros2/install/astra_camera_msgs/include/astra_camera_msgs/astra_camera_msgs/msg
[3.149s] -- Up-to-date: /home/HwHiAiUser/wheeltec_ros2/install/astra_camera_msgs/include/astra_camera_msgs/astra_camera_msgs/msg/detail
[3.150s] -- Up-to-date: /home/HwHiAiUser/wheeltec_ros2/install/astra_camera_msgs/include/astra_camera_msgs/astra_camera_msgs/msg/detail/metadata__builder.hpp
[3.151s] -- Up-to-date: /home/HwHiAiUser/wheeltec_ros2/install/astra_camera_msgs/include/astra_camera_msgs/astra_camera_msgs/msg/detail/device_info__struct.hpp
[3.152s] -- Up-to-date: /home/HwHiAiUser/wheeltec_ros2/install/astra_camera_msgs/include/astra_camera_msgs/astra_camera_msgs/msg/detail/metadata__type_support.hpp
[3.152s] -- Up-to-date: /home/HwHiAiUser/wheeltec_ros2/install/astra_camera_msgs/include/astra_camera_msgs/astra_camera_msgs/msg/detail/device_info__type_support.hpp
[3.152s] -- Up-to-date: /home/HwHiAiUser/wheeltec_ros2/install/astra_camera_msgs/include/astra_camera_msgs/astra_camera_msgs/msg/detail/extrinsics__builder.hpp
[3.153s] -- Up-to-date: /home/HwHiAiUser/wheeltec_ros2/install/astra_camera_msgs/include/astra_camera_msgs/astra_camera_msgs/msg/detail/metadata__traits.hpp
[3.153s] -- Up-to-date: /home/HwHiAiUser/wheeltec_ros2/install/astra_camera_msgs/include/astra_camera_msgs/astra_camera_msgs/msg/detail/extrinsics__struct.hpp
[3.154s] -- Up-to-date: /home/HwHiAiUser/wheeltec_ros2/install/astra_camera_msgs/include/astra_camera_msgs/astra_camera_msgs/msg/detail/extrinsics__traits.hpp
[3.154s] -- Up-to-date: /home/HwHiAiUser/wheeltec_ros2/install/astra_camera_msgs/include/astra_camera_msgs/astra_camera_msgs/msg/detail/metadata__struct.hpp
[3.155s] -- Up-to-date: /home/HwHiAiUser/wheeltec_ros2/install/astra_camera_msgs/include/astra_camera_msgs/astra_camera_msgs/msg/detail/device_info__builder.hpp
[3.155s] -- Up-to-date: /home/HwHiAiUser/wheeltec_ros2/install/astra_camera_msgs/include/astra_camera_msgs/astra_camera_msgs/msg/detail/extrinsics__type_support.hpp
[3.156s] -- Up-to-date: /home/HwHiAiUser/wheeltec_ros2/install/astra_camera_msgs/include/astra_camera_msgs/astra_camera_msgs/msg/detail/device_info__traits.hpp
[3.156s] -- Up-to-date: /home/HwHiAiUser/wheeltec_ros2/install/astra_camera_msgs/include/astra_camera_msgs/astra_camera_msgs/msg/extrinsics.hpp
[3.156s] -- Up-to-date: /home/HwHiAiUser/wheeltec_ros2/install/astra_camera_msgs/include/astra_camera_msgs/astra_camera_msgs/msg/rosidl_generator_cpp__visibility_control.hpp
[3.157s] -- Up-to-date: /home/HwHiAiUser/wheeltec_ros2/install/astra_camera_msgs/include/astra_camera_msgs/astra_camera_msgs/msg/device_info.hpp
[3.157s] -- Up-to-date: /home/HwHiAiUser/wheeltec_ros2/install/astra_camera_msgs/include/astra_camera_msgs/astra_camera_msgs/msg/metadata.hpp
[3.158s] -- Up-to-date: /home/HwHiAiUser/wheeltec_ros2/install/astra_camera_msgs/include/astra_camera_msgs/astra_camera_msgs
[3.159s] -- Up-to-date: /home/HwHiAiUser/wheeltec_ros2/install/astra_camera_msgs/include/astra_camera_msgs/astra_camera_msgs/srv
[3.160s] -- Up-to-date: /home/HwHiAiUser/wheeltec_ros2/install/astra_camera_msgs/include/astra_camera_msgs/astra_camera_msgs/srv/detail
[3.161s] -- Up-to-date: /home/HwHiAiUser/wheeltec_ros2/install/astra_camera_msgs/include/astra_camera_msgs/astra_camera_msgs/srv/detail/set_int32__rosidl_typesupport_fastrtps_cpp.hpp
[3.161s] -- Up-to-date: /home/HwHiAiUser/wheeltec_ros2/install/astra_camera_msgs/include/astra_camera_msgs/astra_camera_msgs/srv/detail/dds_fastrtps
[3.161s] -- Up-to-date: /home/HwHiAiUser/wheeltec_ros2/install/astra_camera_msgs/include/astra_camera_msgs/astra_camera_msgs/srv/detail/get_device_info__rosidl_typesupport_fastrtps_cpp.hpp
[3.161s] -- Up-to-date: /home/HwHiAiUser/wheeltec_ros2/install/astra_camera_msgs/include/astra_camera_msgs/astra_camera_msgs/srv/detail/get_string__rosidl_typesupport_fastrtps_cpp.hpp
[3.162s] -- Up-to-date: /home/HwHiAiUser/wheeltec_ros2/install/astra_camera_msgs/include/astra_camera_msgs/astra_camera_msgs/srv/detail/get_int32__rosidl_typesupport_fastrtps_cpp.hpp
[3.162s] -- Up-to-date: /home/HwHiAiUser/wheeltec_ros2/install/astra_camera_msgs/include/astra_camera_msgs/astra_camera_msgs/srv/detail/get_camera_params__rosidl_typesupport_fastrtps_cpp.hpp
[3.163s] -- Up-to-date: /home/HwHiAiUser/wheeltec_ros2/install/astra_camera_msgs/include/astra_camera_msgs/astra_camera_msgs/srv/detail/get_camera_info__rosidl_typesupport_fastrtps_cpp.hpp
[3.163s] -- Up-to-date: /home/HwHiAiUser/wheeltec_ros2/install/astra_camera_msgs/include/astra_camera_msgs/astra_camera_msgs/msg
[3.163s] -- Up-to-date: /home/HwHiAiUser/wheeltec_ros2/install/astra_camera_msgs/include/astra_camera_msgs/astra_camera_msgs/msg/detail
[3.163s] -- Up-to-date: /home/HwHiAiUser/wheeltec_ros2/install/astra_camera_msgs/include/astra_camera_msgs/astra_camera_msgs/msg/detail/device_info__rosidl_typesupport_fastrtps_cpp.hpp
[3.163s] -- Up-to-date: /home/HwHiAiUser/wheeltec_ros2/install/astra_camera_msgs/include/astra_camera_msgs/astra_camera_msgs/msg/detail/dds_fastrtps
[3.164s] -- Up-to-date: /home/HwHiAiUser/wheeltec_ros2/install/astra_camera_msgs/include/astra_camera_msgs/astra_camera_msgs/msg/detail/extrinsics__rosidl_typesupport_fastrtps_cpp.hpp
[3.164s] -- Up-to-date: /home/HwHiAiUser/wheeltec_ros2/install/astra_camera_msgs/include/astra_camera_msgs/astra_camera_msgs/msg/detail/metadata__rosidl_typesupport_fastrtps_cpp.hpp
[3.164s] -- Up-to-date: /home/HwHiAiUser/wheeltec_ros2/install/astra_camera_msgs/include/astra_camera_msgs/astra_camera_msgs/msg/rosidl_typesupport_fastrtps_cpp__visibility_control.h
[3.164s] -- Up-to-date: /home/HwHiAiUser/wheeltec_ros2/install/astra_camera_msgs/lib/libastra_camera_msgs__rosidl_typesupport_fastrtps_cpp.so
[3.164s] -- Up-to-date: /home/HwHiAiUser/wheeltec_ros2/install/astra_camera_msgs/include/astra_camera_msgs/astra_camera_msgs
[3.165s] -- Up-to-date: /home/HwHiAiUser/wheeltec_ros2/install/astra_camera_msgs/include/astra_camera_msgs/astra_camera_msgs/srv
[3.165s] -- Up-to-date: /home/HwHiAiUser/wheeltec_ros2/install/astra_camera_msgs/include/astra_camera_msgs/astra_camera_msgs/srv/detail
[3.165s] -- Up-to-date: /home/HwHiAiUser/wheeltec_ros2/install/astra_camera_msgs/include/astra_camera_msgs/astra_camera_msgs/srv/detail/set_int32__rosidl_typesupport_introspection_cpp.hpp
[3.165s] -- Up-to-date: /home/HwHiAiUser/wheeltec_ros2/install/astra_camera_msgs/include/astra_camera_msgs/astra_camera_msgs/srv/detail/get_string__type_support.cpp
[3.165s] -- Up-to-date: /home/HwHiAiUser/wheeltec_ros2/install/astra_camera_msgs/include/astra_camera_msgs/astra_camera_msgs/srv/detail/get_device_info__type_support.cpp
[3.165s] -- Up-to-date: /home/HwHiAiUser/wheeltec_ros2/install/astra_camera_msgs/include/astra_camera_msgs/astra_camera_msgs/srv/detail/get_camera_info__type_support.cpp
[3.166s] -- Up-to-date: /home/HwHiAiUser/wheeltec_ros2/install/astra_camera_msgs/include/astra_camera_msgs/astra_camera_msgs/srv/detail/get_int32__rosidl_typesupport_introspection_cpp.hpp
[3.166s] -- Up-to-date: /home/HwHiAiUser/wheeltec_ros2/install/astra_camera_msgs/include/astra_camera_msgs/astra_camera_msgs/srv/detail/get_camera_params__rosidl_typesupport_introspection_cpp.hpp
[3.166s] -- Up-to-date: /home/HwHiAiUser/wheeltec_ros2/install/astra_camera_msgs/include/astra_camera_msgs/astra_camera_msgs/srv/detail/get_camera_params__type_support.cpp
[3.167s] -- Up-to-date: /home/HwHiAiUser/wheeltec_ros2/install/astra_camera_msgs/include/astra_camera_msgs/astra_camera_msgs/srv/detail/get_camera_info__rosidl_typesupport_introspection_cpp.hpp
[3.167s] -- Up-to-date: /home/HwHiAiUser/wheeltec_ros2/install/astra_camera_msgs/include/astra_camera_msgs/astra_camera_msgs/srv/detail/get_int32__type_support.cpp
[3.167s] -- Up-to-date: /home/HwHiAiUser/wheeltec_ros2/install/astra_camera_msgs/include/astra_camera_msgs/astra_camera_msgs/srv/detail/get_string__rosidl_typesupport_introspection_cpp.hpp
[3.167s] -- Up-to-date: /home/HwHiAiUser/wheeltec_ros2/install/astra_camera_msgs/include/astra_camera_msgs/astra_camera_msgs/srv/detail/get_device_info__rosidl_typesupport_introspection_cpp.hpp
[3.167s] -- Up-to-date: /home/HwHiAiUser/wheeltec_ros2/install/astra_camera_msgs/include/astra_camera_msgs/astra_camera_msgs/srv/detail/set_int32__type_support.cpp
[3.167s] -- Up-to-date: /home/HwHiAiUser/wheeltec_ros2/install/astra_camera_msgs/include/astra_camera_msgs/astra_camera_msgs/msg
[3.168s] -- Up-to-date: /home/HwHiAiUser/wheeltec_ros2/install/astra_camera_msgs/include/astra_camera_msgs/astra_camera_msgs/msg/detail
[3.168s] -- Up-to-date: /home/HwHiAiUser/wheeltec_ros2/install/astra_camera_msgs/include/astra_camera_msgs/astra_camera_msgs/msg/detail/extrinsics__rosidl_typesupport_introspection_cpp.hpp
[3.168s] -- Up-to-date: /home/HwHiAiUser/wheeltec_ros2/install/astra_camera_msgs/include/astra_camera_msgs/astra_camera_msgs/msg/detail/device_info__type_support.cpp
[3.168s] -- Up-to-date: /home/HwHiAiUser/wheeltec_ros2/install/astra_camera_msgs/include/astra_camera_msgs/astra_camera_msgs/msg/detail/device_info__rosidl_typesupport_introspection_cpp.hpp
[3.168s] -- Up-to-date: /home/HwHiAiUser/wheeltec_ros2/install/astra_camera_msgs/include/astra_camera_msgs/astra_camera_msgs/msg/detail/metadata__rosidl_typesupport_introspection_cpp.hpp
[3.169s] -- Up-to-date: /home/HwHiAiUser/wheeltec_ros2/install/astra_camera_msgs/include/astra_camera_msgs/astra_camera_msgs/msg/detail/extrinsics__type_support.cpp
[3.169s] -- Up-to-date: /home/HwHiAiUser/wheeltec_ros2/install/astra_camera_msgs/include/astra_camera_msgs/astra_camera_msgs/msg/detail/metadata__type_support.cpp
[3.169s] -- Up-to-date: /home/HwHiAiUser/wheeltec_ros2/install/astra_camera_msgs/lib/libastra_camera_msgs__rosidl_typesupport_introspection_cpp.so
[3.169s] -- Up-to-date: /home/HwHiAiUser/wheeltec_ros2/install/astra_camera_msgs/lib/libastra_camera_msgs__rosidl_typesupport_cpp.so
[3.169s] -- Up-to-date: /home/HwHiAiUser/wheeltec_ros2/install/astra_camera_msgs/share/astra_camera_msgs/environment/pythonpath.sh
[3.170s] -- Up-to-date: /home/HwHiAiUser/wheeltec_ros2/install/astra_camera_msgs/share/astra_camera_msgs/environment/pythonpath.dsv
[3.177s] -- Up-to-date: /home/HwHiAiUser/wheeltec_ros2/install/astra_camera_msgs/local/lib/python3.10/dist-packages/astra_camera_msgs-1.0.1-py3.10.egg-info
[3.177s] -- Installing: /home/HwHiAiUser/wheeltec_ros2/install/astra_camera_msgs/local/lib/python3.10/dist-packages/astra_camera_msgs-1.0.1-py3.10.egg-info/dependency_links.txt
[3.177s] -- Installing: /home/HwHiAiUser/wheeltec_ros2/install/astra_camera_msgs/local/lib/python3.10/dist-packages/astra_camera_msgs-1.0.1-py3.10.egg-info/SOURCES.txt
[3.178s] -- Installing: /home/HwHiAiUser/wheeltec_ros2/install/astra_camera_msgs/local/lib/python3.10/dist-packages/astra_camera_msgs-1.0.1-py3.10.egg-info/PKG-INFO
[3.178s] -- Installing: /home/HwHiAiUser/wheeltec_ros2/install/astra_camera_msgs/local/lib/python3.10/dist-packages/astra_camera_msgs-1.0.1-py3.10.egg-info/top_level.txt
[3.178s] -- Up-to-date: /home/HwHiAiUser/wheeltec_ros2/install/astra_camera_msgs/local/lib/python3.10/dist-packages/astra_camera_msgs
[3.179s] -- Up-to-date: /home/HwHiAiUser/wheeltec_ros2/install/astra_camera_msgs/local/lib/python3.10/dist-packages/astra_camera_msgs/__init__.py
[3.179s] -- Up-to-date: /home/HwHiAiUser/wheeltec_ros2/install/astra_camera_msgs/local/lib/python3.10/dist-packages/astra_camera_msgs/_astra_camera_msgs_s.ep.rosidl_typesupport_introspection_c.c
[3.179s] -- Up-to-date: /home/HwHiAiUser/wheeltec_ros2/install/astra_camera_msgs/local/lib/python3.10/dist-packages/astra_camera_msgs/astra_camera_msgs_s__rosidl_typesupport_introspection_c.cpython-310-aarch64-linux-gnu.so
[3.179s] -- Up-to-date: /home/HwHiAiUser/wheeltec_ros2/install/astra_camera_msgs/local/lib/python3.10/dist-packages/astra_camera_msgs/srv
[3.179s] -- Up-to-date: /home/HwHiAiUser/wheeltec_ros2/install/astra_camera_msgs/local/lib/python3.10/dist-packages/astra_camera_msgs/srv/_get_camera_params_s.c
[3.180s] -- Up-to-date: /home/HwHiAiUser/wheeltec_ros2/install/astra_camera_msgs/local/lib/python3.10/dist-packages/astra_camera_msgs/srv/__init__.py
[3.180s] -- Up-to-date: /home/HwHiAiUser/wheeltec_ros2/install/astra_camera_msgs/local/lib/python3.10/dist-packages/astra_camera_msgs/srv/_set_int32.py
[3.180s] -- Up-to-date: /home/HwHiAiUser/wheeltec_ros2/install/astra_camera_msgs/local/lib/python3.10/dist-packages/astra_camera_msgs/srv/_get_int32.py
[3.180s] -- Up-to-date: /home/HwHiAiUser/wheeltec_ros2/install/astra_camera_msgs/local/lib/python3.10/dist-packages/astra_camera_msgs/srv/_get_string.py
[3.180s] -- Up-to-date: /home/HwHiAiUser/wheeltec_ros2/install/astra_camera_msgs/local/lib/python3.10/dist-packages/astra_camera_msgs/srv/_set_int32_s.c
[3.180s] -- Up-to-date: /home/HwHiAiUser/wheeltec_ros2/install/astra_camera_msgs/local/lib/python3.10/dist-packages/astra_camera_msgs/srv/_get_camera_info.py
[3.181s] -- Up-to-date: /home/HwHiAiUser/wheeltec_ros2/install/astra_camera_msgs/local/lib/python3.10/dist-packages/astra_camera_msgs/srv/_get_device_info_s.c
[3.181s] -- Up-to-date: /home/HwHiAiUser/wheeltec_ros2/install/astra_camera_msgs/local/lib/python3.10/dist-packages/astra_camera_msgs/srv/_get_camera_params.py
[3.181s] -- Up-to-date: /home/HwHiAiUser/wheeltec_ros2/install/astra_camera_msgs/local/lib/python3.10/dist-packages/astra_camera_msgs/srv/_get_string_s.c
[3.181s] -- Up-to-date: /home/HwHiAiUser/wheeltec_ros2/install/astra_camera_msgs/local/lib/python3.10/dist-packages/astra_camera_msgs/srv/_get_device_info.py
[3.181s] -- Up-to-date: /home/HwHiAiUser/wheeltec_ros2/install/astra_camera_msgs/local/lib/python3.10/dist-packages/astra_camera_msgs/srv/_get_int32_s.c
[3.182s] -- Up-to-date: /home/HwHiAiUser/wheeltec_ros2/install/astra_camera_msgs/local/lib/python3.10/dist-packages/astra_camera_msgs/srv/_get_camera_info_s.c
[3.182s] -- Up-to-date: /home/HwHiAiUser/wheeltec_ros2/install/astra_camera_msgs/local/lib/python3.10/dist-packages/astra_camera_msgs/libastra_camera_msgs__rosidl_generator_py.so
[3.182s] -- Up-to-date: /home/HwHiAiUser/wheeltec_ros2/install/astra_camera_msgs/local/lib/python3.10/dist-packages/astra_camera_msgs/msg
[3.183s] -- Up-to-date: /home/HwHiAiUser/wheeltec_ros2/install/astra_camera_msgs/local/lib/python3.10/dist-packages/astra_camera_msgs/msg/__init__.py
[3.183s] -- Up-to-date: /home/HwHiAiUser/wheeltec_ros2/install/astra_camera_msgs/local/lib/python3.10/dist-packages/astra_camera_msgs/msg/_device_info_s.c
[3.183s] -- Up-to-date: /home/HwHiAiUser/wheeltec_ros2/install/astra_camera_msgs/local/lib/python3.10/dist-packages/astra_camera_msgs/msg/_metadata_s.c
[3.183s] -- Up-to-date: /home/HwHiAiUser/wheeltec_ros2/install/astra_camera_msgs/local/lib/python3.10/dist-packages/astra_camera_msgs/msg/_extrinsics_s.c
[3.183s] -- Up-to-date: /home/HwHiAiUser/wheeltec_ros2/install/astra_camera_msgs/local/lib/python3.10/dist-packages/astra_camera_msgs/msg/_extrinsics.py
[3.183s] -- Up-to-date: /home/HwHiAiUser/wheeltec_ros2/install/astra_camera_msgs/local/lib/python3.10/dist-packages/astra_camera_msgs/msg/_metadata.py
[3.186s] -- Up-to-date: /home/HwHiAiUser/wheeltec_ros2/install/astra_camera_msgs/local/lib/python3.10/dist-packages/astra_camera_msgs/msg/_device_info.py
[3.187s] -- Up-to-date: /home/HwHiAiUser/wheeltec_ros2/install/astra_camera_msgs/local/lib/python3.10/dist-packages/astra_camera_msgs/_astra_camera_msgs_s.ep.rosidl_typesupport_c.c
[3.187s] -- Up-to-date: /home/HwHiAiUser/wheeltec_ros2/install/astra_camera_msgs/local/lib/python3.10/dist-packages/astra_camera_msgs/astra_camera_msgs_s__rosidl_typesupport_fastrtps_c.cpython-310-aarch64-linux-gnu.so
[3.187s] -- Up-to-date: /home/HwHiAiUser/wheeltec_ros2/install/astra_camera_msgs/local/lib/python3.10/dist-packages/astra_camera_msgs/_astra_camera_msgs_s.ep.rosidl_typesupport_fastrtps_c.c
[3.187s] -- Up-to-date: /home/HwHiAiUser/wheeltec_ros2/install/astra_camera_msgs/local/lib/python3.10/dist-packages/astra_camera_msgs/astra_camera_msgs_s__rosidl_typesupport_c.cpython-310-aarch64-linux-gnu.so
[3.257s] Listing '/home/HwHiAiUser/wheeltec_ros2/install/astra_camera_msgs/local/lib/python3.10/dist-packages/astra_camera_msgs'...
[3.257s] Listing '/home/HwHiAiUser/wheeltec_ros2/install/astra_camera_msgs/local/lib/python3.10/dist-packages/astra_camera_msgs/msg'...
[3.257s] Listing '/home/HwHiAiUser/wheeltec_ros2/install/astra_camera_msgs/local/lib/python3.10/dist-packages/astra_camera_msgs/srv'...
[3.276s] -- Up-to-date: /home/HwHiAiUser/wheeltec_ros2/install/astra_camera_msgs/local/lib/python3.10/dist-packages/astra_camera_msgs/astra_camera_msgs_s__rosidl_typesupport_fastrtps_c.cpython-310-aarch64-linux-gnu.so
[3.276s] -- Up-to-date: /home/HwHiAiUser/wheeltec_ros2/install/astra_camera_msgs/local/lib/python3.10/dist-packages/astra_camera_msgs/astra_camera_msgs_s__rosidl_typesupport_introspection_c.cpython-310-aarch64-linux-gnu.so
[3.277s] -- Up-to-date: /home/HwHiAiUser/wheeltec_ros2/install/astra_camera_msgs/local/lib/python3.10/dist-packages/astra_camera_msgs/astra_camera_msgs_s__rosidl_typesupport_c.cpython-310-aarch64-linux-gnu.so
[3.277s] -- Up-to-date: /home/HwHiAiUser/wheeltec_ros2/install/astra_camera_msgs/lib/libastra_camera_msgs__rosidl_generator_py.so
[3.277s] -- Up-to-date: /home/HwHiAiUser/wheeltec_ros2/install/astra_camera_msgs/share/astra_camera_msgs/msg/DeviceInfo.idl
[3.278s] -- Up-to-date: /home/HwHiAiUser/wheeltec_ros2/install/astra_camera_msgs/share/astra_camera_msgs/msg/Extrinsics.idl
[3.279s] -- Up-to-date: /home/HwHiAiUser/wheeltec_ros2/install/astra_camera_msgs/share/astra_camera_msgs/msg/Metadata.idl
[3.280s] -- Up-to-date: /home/HwHiAiUser/wheeltec_ros2/install/astra_camera_msgs/share/astra_camera_msgs/srv/GetDeviceInfo.idl
[3.280s] -- Up-to-date: /home/HwHiAiUser/wheeltec_ros2/install/astra_camera_msgs/share/astra_camera_msgs/srv/GetCameraInfo.idl
[3.282s] -- Up-to-date: /home/HwHiAiUser/wheeltec_ros2/install/astra_camera_msgs/share/astra_camera_msgs/srv/GetCameraParams.idl
[3.282s] -- Up-to-date: /home/HwHiAiUser/wheeltec_ros2/install/astra_camera_msgs/share/astra_camera_msgs/srv/GetInt32.idl
[3.282s] -- Up-to-date: /home/HwHiAiUser/wheeltec_ros2/install/astra_camera_msgs/share/astra_camera_msgs/srv/GetString.idl
[3.282s] -- Up-to-date: /home/HwHiAiUser/wheeltec_ros2/install/astra_camera_msgs/share/astra_camera_msgs/srv/SetInt32.idl
[3.283s] -- Up-to-date: /home/HwHiAiUser/wheeltec_ros2/install/astra_camera_msgs/share/astra_camera_msgs/msg/DeviceInfo.msg
[3.283s] -- Up-to-date: /home/HwHiAiUser/wheeltec_ros2/install/astra_camera_msgs/share/astra_camera_msgs/msg/Extrinsics.msg
[3.283s] -- Up-to-date: /home/HwHiAiUser/wheeltec_ros2/install/astra_camera_msgs/share/astra_camera_msgs/msg/Metadata.msg
[3.283s] -- Up-to-date: /home/HwHiAiUser/wheeltec_ros2/install/astra_camera_msgs/share/astra_camera_msgs/srv/GetDeviceInfo.srv
[3.283s] -- Up-to-date: /home/HwHiAiUser/wheeltec_ros2/install/astra_camera_msgs/share/astra_camera_msgs/srv/GetDeviceInfo_Request.msg
[3.283s] -- Up-to-date: /home/HwHiAiUser/wheeltec_ros2/install/astra_camera_msgs/share/astra_camera_msgs/srv/GetDeviceInfo_Response.msg
[3.284s] -- Up-to-date: /home/HwHiAiUser/wheeltec_ros2/install/astra_camera_msgs/share/astra_camera_msgs/srv/GetCameraInfo.srv
[3.284s] -- Up-to-date: /home/HwHiAiUser/wheeltec_ros2/install/astra_camera_msgs/share/astra_camera_msgs/srv/GetCameraInfo_Request.msg
[3.284s] -- Up-to-date: /home/HwHiAiUser/wheeltec_ros2/install/astra_camera_msgs/share/astra_camera_msgs/srv/GetCameraInfo_Response.msg
[3.284s] -- Up-to-date: /home/HwHiAiUser/wheeltec_ros2/install/astra_camera_msgs/share/astra_camera_msgs/srv/GetCameraParams.srv
[3.284s] -- Up-to-date: /home/HwHiAiUser/wheeltec_ros2/install/astra_camera_msgs/share/astra_camera_msgs/srv/GetCameraParams_Request.msg
[3.284s] -- Up-to-date: /home/HwHiAiUser/wheeltec_ros2/install/astra_camera_msgs/share/astra_camera_msgs/srv/GetCameraParams_Response.msg
[3.285s] -- Up-to-date: /home/HwHiAiUser/wheeltec_ros2/install/astra_camera_msgs/share/astra_camera_msgs/srv/GetInt32.srv
[3.285s] -- Up-to-date: /home/HwHiAiUser/wheeltec_ros2/install/astra_camera_msgs/share/astra_camera_msgs/srv/GetInt32_Request.msg
[3.285s] -- Up-to-date: /home/HwHiAiUser/wheeltec_ros2/install/astra_camera_msgs/share/astra_camera_msgs/srv/GetInt32_Response.msg
[3.285s] -- Up-to-date: /home/HwHiAiUser/wheeltec_ros2/install/astra_camera_msgs/share/astra_camera_msgs/srv/GetString.srv
[3.285s] -- Up-to-date: /home/HwHiAiUser/wheeltec_ros2/install/astra_camera_msgs/share/astra_camera_msgs/srv/GetString_Request.msg
[3.286s] -- Up-to-date: /home/HwHiAiUser/wheeltec_ros2/install/astra_camera_msgs/share/astra_camera_msgs/srv/GetString_Response.msg
[3.286s] -- Up-to-date: /home/HwHiAiUser/wheeltec_ros2/install/astra_camera_msgs/share/astra_camera_msgs/srv/SetInt32.srv
[3.286s] -- Up-to-date: /home/HwHiAiUser/wheeltec_ros2/install/astra_camera_msgs/share/astra_camera_msgs/srv/SetInt32_Request.msg
[3.286s] -- Up-to-date: /home/HwHiAiUser/wheeltec_ros2/install/astra_camera_msgs/share/astra_camera_msgs/srv/SetInt32_Response.msg
[3.289s] -- Up-to-date: /home/HwHiAiUser/wheeltec_ros2/install/astra_camera_msgs/share/ament_index/resource_index/package_run_dependencies/astra_camera_msgs
[3.291s] -- Up-to-date: /home/HwHiAiUser/wheeltec_ros2/install/astra_camera_msgs/share/ament_index/resource_index/parent_prefix_path/astra_camera_msgs
[3.292s] -- Up-to-date: /home/HwHiAiUser/wheeltec_ros2/install/astra_camera_msgs/share/astra_camera_msgs/environment/ament_prefix_path.sh
[3.293s] -- Up-to-date: /home/HwHiAiUser/wheeltec_ros2/install/astra_camera_msgs/share/astra_camera_msgs/environment/ament_prefix_path.dsv
[3.294s] -- Up-to-date: /home/HwHiAiUser/wheeltec_ros2/install/astra_camera_msgs/share/astra_camera_msgs/environment/path.sh
[3.295s] -- Up-to-date: /home/HwHiAiUser/wheeltec_ros2/install/astra_camera_msgs/share/astra_camera_msgs/environment/path.dsv
[3.295s] -- Up-to-date: /home/HwHiAiUser/wheeltec_ros2/install/astra_camera_msgs/share/astra_camera_msgs/local_setup.bash
[3.295s] -- Up-to-date: /home/HwHiAiUser/wheeltec_ros2/install/astra_camera_msgs/share/astra_camera_msgs/local_setup.sh
[3.295s] -- Up-to-date: /home/HwHiAiUser/wheeltec_ros2/install/astra_camera_msgs/share/astra_camera_msgs/local_setup.zsh
[3.295s] -- Up-to-date: /home/HwHiAiUser/wheeltec_ros2/install/astra_camera_msgs/share/astra_camera_msgs/local_setup.dsv
[3.296s] -- Installing: /home/HwHiAiUser/wheeltec_ros2/install/astra_camera_msgs/share/astra_camera_msgs/package.dsv
[3.296s] -- Up-to-date: /home/HwHiAiUser/wheeltec_ros2/install/astra_camera_msgs/share/ament_index/resource_index/packages/astra_camera_msgs
[3.296s] -- Up-to-date: /home/HwHiAiUser/wheeltec_ros2/install/astra_camera_msgs/share/astra_camera_msgs/cmake/export_astra_camera_msgs__rosidl_generator_cExport.cmake
[3.296s] -- Up-to-date: /home/HwHiAiUser/wheeltec_ros2/install/astra_camera_msgs/share/astra_camera_msgs/cmake/export_astra_camera_msgs__rosidl_generator_cExport-noconfig.cmake
[3.297s] -- Up-to-date: /home/HwHiAiUser/wheeltec_ros2/install/astra_camera_msgs/share/astra_camera_msgs/cmake/export_astra_camera_msgs__rosidl_typesupport_fastrtps_cExport.cmake
[3.297s] -- Up-to-date: /home/HwHiAiUser/wheeltec_ros2/install/astra_camera_msgs/share/astra_camera_msgs/cmake/export_astra_camera_msgs__rosidl_typesupport_fastrtps_cExport-noconfig.cmake
[3.297s] -- Up-to-date: /home/HwHiAiUser/wheeltec_ros2/install/astra_camera_msgs/share/astra_camera_msgs/cmake/astra_camera_msgs__rosidl_typesupport_introspection_cExport.cmake
[3.297s] -- Up-to-date: /home/HwHiAiUser/wheeltec_ros2/install/astra_camera_msgs/share/astra_camera_msgs/cmake/astra_camera_msgs__rosidl_typesupport_introspection_cExport-noconfig.cmake
[3.297s] -- Up-to-date: /home/HwHiAiUser/wheeltec_ros2/install/astra_camera_msgs/share/astra_camera_msgs/cmake/astra_camera_msgs__rosidl_typesupport_cExport.cmake
[3.297s] -- Up-to-date: /home/HwHiAiUser/wheeltec_ros2/install/astra_camera_msgs/share/astra_camera_msgs/cmake/astra_camera_msgs__rosidl_typesupport_cExport-noconfig.cmake
[3.298s] -- Up-to-date: /home/HwHiAiUser/wheeltec_ros2/install/astra_camera_msgs/share/astra_camera_msgs/cmake/export_astra_camera_msgs__rosidl_generator_cppExport.cmake
[3.298s] -- Up-to-date: /home/HwHiAiUser/wheeltec_ros2/install/astra_camera_msgs/share/astra_camera_msgs/cmake/export_astra_camera_msgs__rosidl_typesupport_fastrtps_cppExport.cmake
[3.298s] -- Up-to-date: /home/HwHiAiUser/wheeltec_ros2/install/astra_camera_msgs/share/astra_camera_msgs/cmake/export_astra_camera_msgs__rosidl_typesupport_fastrtps_cppExport-noconfig.cmake
[3.299s] -- Up-to-date: /home/HwHiAiUser/wheeltec_ros2/install/astra_camera_msgs/share/astra_camera_msgs/cmake/astra_camera_msgs__rosidl_typesupport_introspection_cppExport.cmake
[3.299s] -- Up-to-date: /home/HwHiAiUser/wheeltec_ros2/install/astra_camera_msgs/share/astra_camera_msgs/cmake/astra_camera_msgs__rosidl_typesupport_introspection_cppExport-noconfig.cmake
[3.299s] -- Up-to-date: /home/HwHiAiUser/wheeltec_ros2/install/astra_camera_msgs/share/astra_camera_msgs/cmake/astra_camera_msgs__rosidl_typesupport_cppExport.cmake
[3.308s] -- Up-to-date: /home/HwHiAiUser/wheeltec_ros2/install/astra_camera_msgs/share/astra_camera_msgs/cmake/astra_camera_msgs__rosidl_typesupport_cppExport-noconfig.cmake
[3.309s] -- Up-to-date: /home/HwHiAiUser/wheeltec_ros2/install/astra_camera_msgs/share/astra_camera_msgs/cmake/export_astra_camera_msgs__rosidl_generator_pyExport.cmake
[3.309s] -- Up-to-date: /home/HwHiAiUser/wheeltec_ros2/install/astra_camera_msgs/share/astra_camera_msgs/cmake/export_astra_camera_msgs__rosidl_generator_pyExport-noconfig.cmake
[3.310s] -- Up-to-date: /home/HwHiAiUser/wheeltec_ros2/install/astra_camera_msgs/share/astra_camera_msgs/cmake/rosidl_cmake-extras.cmake
[3.310s] -- Up-to-date: /home/HwHiAiUser/wheeltec_ros2/install/astra_camera_msgs/share/astra_camera_msgs/cmake/ament_cmake_export_dependencies-extras.cmake
[3.310s] -- Up-to-date: /home/HwHiAiUser/wheeltec_ros2/install/astra_camera_msgs/share/astra_camera_msgs/cmake/ament_cmake_export_include_directories-extras.cmake
[3.310s] -- Up-to-date: /home/HwHiAiUser/wheeltec_ros2/install/astra_camera_msgs/share/astra_camera_msgs/cmake/ament_cmake_export_libraries-extras.cmake
[3.311s] -- Up-to-date: /home/HwHiAiUser/wheeltec_ros2/install/astra_camera_msgs/share/astra_camera_msgs/cmake/ament_cmake_export_targets-extras.cmake
[3.311s] -- Up-to-date: /home/HwHiAiUser/wheeltec_ros2/install/astra_camera_msgs/share/astra_camera_msgs/cmake/rosidl_cmake_export_typesupport_targets-extras.cmake
[3.311s] -- Up-to-date: /home/HwHiAiUser/wheeltec_ros2/install/astra_camera_msgs/share/astra_camera_msgs/cmake/rosidl_cmake_export_typesupport_libraries-extras.cmake
[3.311s] -- Up-to-date: /home/HwHiAiUser/wheeltec_ros2/install/astra_camera_msgs/share/astra_camera_msgs/cmake/astra_camera_msgsConfig.cmake
[3.311s] -- Up-to-date: /home/HwHiAiUser/wheeltec_ros2/install/astra_camera_msgs/share/astra_camera_msgs/cmake/astra_camera_msgsConfig-version.cmake
[3.312s] -- Up-to-date: /home/HwHiAiUser/wheeltec_ros2/install/astra_camera_msgs/share/astra_camera_msgs/package.xml
[3.317s] Invoked command in '/home/HwHiAiUser/wheeltec_ros2/build/astra_camera_msgs' returned '0': CMAKE_PREFIX_PATH=${CMAKE_PREFIX_PATH}:/home/HwHiAiUser/wheeltec_ros2/install/wheeltec_robot_keyboard:/home/HwHiAiUser/wheeltec_ros2/install/wheeltec_gpio_control:/home/HwHiAiUser/wheeltec_ros2/install/tf2_tools:/opt/ros/humble _=/usr/bin/env /usr/bin/cmake --install /home/HwHiAiUser/wheeltec_ros2/build/astra_camera_msgs
