[0.103s] Invoking command in '/home/HwHiAiUser/wheeltec_ros2/build/web_video_server': CMAKE_PREFIX_PATH=${CMAKE_PREFIX_PATH}:/home/HwHiAiUser/wheeltec_ros2/install/wheeltec_robot_keyboard:/home/HwHiAiUser/wheeltec_ros2/install/wheeltec_gpio_control:/home/HwHiAiUser/wheeltec_ros2/install/tf2_tools:/opt/ros/humble _=/usr/bin/env /usr/bin/cmake --build /home/HwHiAiUser/wheeltec_ros2/build/web_video_server -- -j4 -l4
[0.578s] [100%] Built target web_video_server
[0.654s] Invoked command in '/home/HwHiAiUser/wheeltec_ros2/build/web_video_server' returned '0': CMAKE_PREFIX_PATH=${CMAKE_PREFIX_PATH}:/home/HwHiAiUser/wheeltec_ros2/install/wheeltec_robot_keyboard:/home/HwHiAiUser/wheeltec_ros2/install/wheeltec_gpio_control:/home/HwHiAiUser/wheeltec_ros2/install/tf2_tools:/opt/ros/humble _=/usr/bin/env /usr/bin/cmake --build /home/HwHiAiUser/wheeltec_ros2/build/web_video_server -- -j4 -l4
[0.656s] Invoking command in '/home/HwHiAiUser/wheeltec_ros2/build/web_video_server': CMAKE_PREFIX_PATH=${CMAKE_PREFIX_PATH}:/home/HwHiAiUser/wheeltec_ros2/install/wheeltec_robot_keyboard:/home/HwHiAiUser/wheeltec_ros2/install/wheeltec_gpio_control:/home/HwHiAiUser/wheeltec_ros2/install/tf2_tools:/opt/ros/humble _=/usr/bin/env /usr/bin/cmake --install /home/HwHiAiUser/wheeltec_ros2/build/web_video_server
[0.701s] -- Install configuration: ""
[0.714s] -- Up-to-date: /home/HwHiAiUser/wheeltec_ros2/install/web_video_server/lib/web_video_server/web_video_server
[0.716s] -- Up-to-date: /home/HwHiAiUser/wheeltec_ros2/install/web_video_server/include/web_video_server
[0.723s] -- Up-to-date: /home/HwHiAiUser/wheeltec_ros2/install/web_video_server/include/web_video_server/image_streamer.h
[0.724s] -- Up-to-date: /home/HwHiAiUser/wheeltec_ros2/install/web_video_server/include/web_video_server/png_streamers.h
[0.724s] -- Up-to-date: /home/HwHiAiUser/wheeltec_ros2/install/web_video_server/include/web_video_server/ros_compressed_streamer.h
[0.724s] -- Up-to-date: /home/HwHiAiUser/wheeltec_ros2/install/web_video_server/include/web_video_server/libav_streamer.h
[0.725s] -- Up-to-date: /home/HwHiAiUser/wheeltec_ros2/install/web_video_server/include/web_video_server/h264_streamer.h
[0.725s] -- Up-to-date: /home/HwHiAiUser/wheeltec_ros2/install/web_video_server/include/web_video_server/multipart_stream.h
[0.726s] -- Up-to-date: /home/HwHiAiUser/wheeltec_ros2/install/web_video_server/include/web_video_server/web_video_server.h
[0.727s] -- Up-to-date: /home/HwHiAiUser/wheeltec_ros2/install/web_video_server/include/web_video_server/vp9_streamer.h
[0.727s] -- Up-to-date: /home/HwHiAiUser/wheeltec_ros2/install/web_video_server/include/web_video_server/jpeg_streamers.h
[0.727s] -- Up-to-date: /home/HwHiAiUser/wheeltec_ros2/install/web_video_server/include/web_video_server/vp8_streamer.h
[0.727s] -- Up-to-date: /home/HwHiAiUser/wheeltec_ros2/install/web_video_server/share/ament_index/resource_index/package_run_dependencies/web_video_server
[0.728s] -- Up-to-date: /home/HwHiAiUser/wheeltec_ros2/install/web_video_server/share/ament_index/resource_index/parent_prefix_path/web_video_server
[0.728s] -- Up-to-date: /home/HwHiAiUser/wheeltec_ros2/install/web_video_server/share/web_video_server/environment/ament_prefix_path.sh
[0.728s] -- Up-to-date: /home/HwHiAiUser/wheeltec_ros2/install/web_video_server/share/web_video_server/environment/ament_prefix_path.dsv
[0.728s] -- Up-to-date: /home/HwHiAiUser/wheeltec_ros2/install/web_video_server/share/web_video_server/environment/path.sh
[0.729s] -- Up-to-date: /home/HwHiAiUser/wheeltec_ros2/install/web_video_server/share/web_video_server/environment/path.dsv
[0.729s] -- Up-to-date: /home/HwHiAiUser/wheeltec_ros2/install/web_video_server/share/web_video_server/local_setup.bash
[0.729s] -- Up-to-date: /home/HwHiAiUser/wheeltec_ros2/install/web_video_server/share/web_video_server/local_setup.sh
[0.730s] -- Up-to-date: /home/HwHiAiUser/wheeltec_ros2/install/web_video_server/share/web_video_server/local_setup.zsh
[0.730s] -- Up-to-date: /home/HwHiAiUser/wheeltec_ros2/install/web_video_server/share/web_video_server/local_setup.dsv
[0.730s] -- Installing: /home/HwHiAiUser/wheeltec_ros2/install/web_video_server/share/web_video_server/package.dsv
[0.731s] -- Up-to-date: /home/HwHiAiUser/wheeltec_ros2/install/web_video_server/share/ament_index/resource_index/packages/web_video_server
[0.732s] -- Up-to-date: /home/HwHiAiUser/wheeltec_ros2/install/web_video_server/share/web_video_server/cmake/web_video_serverConfig.cmake
[0.733s] -- Up-to-date: /home/HwHiAiUser/wheeltec_ros2/install/web_video_server/share/web_video_server/cmake/web_video_serverConfig-version.cmake
[0.735s] -- Up-to-date: /home/HwHiAiUser/wheeltec_ros2/install/web_video_server/share/web_video_server/package.xml
[0.744s] Invoked command in '/home/HwHiAiUser/wheeltec_ros2/build/web_video_server' returned '0': CMAKE_PREFIX_PATH=${CMAKE_PREFIX_PATH}:/home/HwHiAiUser/wheeltec_ros2/install/wheeltec_robot_keyboard:/home/HwHiAiUser/wheeltec_ros2/install/wheeltec_gpio_control:/home/HwHiAiUser/wheeltec_ros2/install/tf2_tools:/opt/ros/humble _=/usr/bin/env /usr/bin/cmake --install /home/HwHiAiUser/wheeltec_ros2/build/web_video_server
