[0.000000] (-) TimerEvent: {}
[0.000342] (-) JobUnselected: {'identifier': 'ackermann_msgs'}
[0.000703] (-) JobUnselected: {'identifier': 'ldlidar'}
[0.001309] (-) JobUnselected: {'identifier': 'ldlidar_sl_ros2'}
[0.001900] (-) JobUnselected: {'identifier': 'ldlidar_stl_ros2'}
[0.002250] (-) JobUnselected: {'identifier': 'lslidar_driver'}
[0.002365] (-) JobUnselected: {'identifier': 'lslidar_msgs'}
[0.002446] (-) JobUnselected: {'identifier': 'rplidar_ros'}
[0.002523] (-) JobUnselected: {'identifier': 'serial'}
[0.002593] (-) JobUnselected: {'identifier': 'tf2_tools'}
[0.002663] (-) JobUnselected: {'identifier': 'turn_on_wheeltec_robot'}
[0.002733] (-) JobUnselected: {'identifier': 'usb_cam'}
[0.002804] (-) JobUnselected: {'identifier': 'web_video_server'}
[0.002871] (-) JobUnselected: {'identifier': 'wheeltec_robot_keyboard'}
[0.002943] (-) JobUnselected: {'identifier': 'wheeltec_robot_msg'}
[0.003013] (-) JobUnselected: {'identifier': 'wheeltec_robot_urdf'}
[0.003083] (-) JobUnselected: {'identifier': 'wheeltec_rviz2'}
[0.003171] (-) JobUnselected: {'identifier': 'yesense_interface'}
[0.003264] (-) JobUnselected: {'identifier': 'yesense_std_ros2'}
[0.003337] (wheeltec_gpio_control) JobQueued: {'identifier': 'wheeltec_gpio_control', 'dependencies': OrderedDict()}
[0.003420] (wheeltec_gpio_control) JobStarted: {'identifier': 'wheeltec_gpio_control'}
[0.099320] (-) TimerEvent: {}
[0.199758] (-) TimerEvent: {}
[0.300192] (-) TimerEvent: {}
[0.400566] (-) TimerEvent: {}
[0.500971] (-) TimerEvent: {}
[0.601363] (-) TimerEvent: {}
[0.701852] (-) TimerEvent: {}
[0.802290] (-) TimerEvent: {}
[0.902691] (-) TimerEvent: {}
[1.003100] (-) TimerEvent: {}
[1.103454] (-) TimerEvent: {}
[1.203798] (-) TimerEvent: {}
[1.304160] (-) TimerEvent: {}
[1.404506] (-) TimerEvent: {}
[1.504896] (-) TimerEvent: {}
[1.605301] (-) TimerEvent: {}
[1.705773] (-) TimerEvent: {}
[1.722237] (wheeltec_gpio_control) Command: {'cmd': ['/usr/bin/python3', '-W', 'ignore:setup.py install is deprecated', '-W', 'ignore:easy_install command is deprecated', 'setup.py', 'egg_info', '--egg-base', '../../build/wheeltec_gpio_control', 'build', '--build-base', '/home/HwHiAiUser/wheeltec_ros2/build/wheeltec_gpio_control/build', 'install', '--record', '/home/HwHiAiUser/wheeltec_ros2/build/wheeltec_gpio_control/install.log', '--install-scripts', '$base/lib/wheeltec_gpio_control', '--single-version-externally-managed', 'install_data'], 'cwd': '/home/HwHiAiUser/wheeltec_ros2/src/wheeltec_gpio_control', 'env': {'SHELL': '/bin/bash', 'ROS_VERSION': '2', 'GTK_IM_MODULE': 'ibus', 'CONDA_EXE': '/usr/local/miniconda3/bin/conda', '_CE_M': '', 'COMPOSER_NO_INTERACTION': '1', 'ROS_PYTHON_VERSION': '3', 'MS_ENABLE_GE': '1', 'VSCODE_SERVER_SHUTDOWN_TIMEOUT': '300', 'ELECTRON_RUN_AS_NODE': '1', 'XMODIFIERS': '@im=ibus', 'NPU_HOST_INC': '/usr/local/Ascend/ascend-toolkit/latest/runtime/include', 'NPU_HOST_LIB': '/usr/local/Ascend/ascend-toolkit/latest/runtime/lib64/stub/aarch64', 'PWD': '/home/HwHiAiUser/wheeltec_ros2/build/wheeltec_gpio_control', 'LOGNAME': 'HwHiAiUser', 'XDG_SESSION_TYPE': 'tty', 'VSCODE_ESM_ENTRYPOINT': 'vs/workbench/api/node/extensionHostProcess', 'MOTD_SHOWN': 'pam', 'HOME': '/home/HwHiAiUser', 'LANG': 'C.UTF-8', 'LS_COLORS': '', 'FORCE_COLOR': '0', 'MS_DEV_FORCE_ACL': '1', 'AMENT_PREFIX_PATH': '/home/HwHiAiUser/wheeltec_ros2/install/yesense_std_ros2:/home/HwHiAiUser/wheeltec_ros2/install/yesense_interface:/home/HwHiAiUser/wheeltec_ros2/install/wheeltec_rviz2:/home/HwHiAiUser/wheeltec_ros2/install/wheeltec_robot_urdf:/home/HwHiAiUser/wheeltec_ros2/install/turn_on_wheeltec_robot:/home/HwHiAiUser/wheeltec_ros2/install/wheeltec_robot_msg:/home/HwHiAiUser/wheeltec_ros2/install/wheeltec_robot_keyboard:/home/HwHiAiUser/wheeltec_ros2/install/web_video_server:/home/HwHiAiUser/wheeltec_ros2/install/usb_cam:/home/HwHiAiUser/wheeltec_ros2/install/tf2_tools:/home/HwHiAiUser/wheeltec_ros2/install/serial:/home/HwHiAiUser/wheeltec_ros2/install/rplidar_ros:/home/HwHiAiUser/wheeltec_ros2/install/lslidar_driver:/home/HwHiAiUser/wheeltec_ros2/install/lslidar_msgs:/home/HwHiAiUser/wheeltec_ros2/install/ldlidar_stl_ros2:/home/HwHiAiUser/wheeltec_ros2/install/ldlidar_sl_ros2:/home/HwHiAiUser/wheeltec_ros2/install/ldlidar:/home/HwHiAiUser/wheeltec_ros2/install/ackermann_msgs:/opt/ros/humble', 'CMAKE_PREFIX_PATH': '/home/HwHiAiUser/wheeltec_ros2/install/yesense_std_ros2:/home/HwHiAiUser/wheeltec_ros2/install/yesense_interface:/home/HwHiAiUser/wheeltec_ros2/install/wheeltec_rviz2:/home/HwHiAiUser/wheeltec_ros2/install/wheeltec_robot_urdf:/home/HwHiAiUser/wheeltec_ros2/install/turn_on_wheeltec_robot:/home/HwHiAiUser/wheeltec_ros2/install/wheeltec_robot_msg:/home/HwHiAiUser/wheeltec_ros2/install/web_video_server:/home/HwHiAiUser/wheeltec_ros2/install/usb_cam:/home/HwHiAiUser/wheeltec_ros2/install/serial:/home/HwHiAiUser/wheeltec_ros2/install/rplidar_ros:/home/HwHiAiUser/wheeltec_ros2/install/lslidar_driver:/home/HwHiAiUser/wheeltec_ros2/install/lslidar_msgs:/home/HwHiAiUser/wheeltec_ros2/install/ldlidar_stl_ros2:/home/HwHiAiUser/wheeltec_ros2/install/ldlidar_sl_ros2:/home/HwHiAiUser/wheeltec_ros2/install/ldlidar:/home/HwHiAiUser/wheeltec_ros2/install/ackermann_msgs', 'VSCODE_AGENT_FOLDER': '/home/HwHiAiUser/.cursor-server', 'VSCODE_L10N_BUNDLE_LOCATION': 'vscode-local:/c%3A/Users/25914/.cursor/extensions/ms-ceintl.vscode-language-pack-zh-hans-1.99.0-universal/translations/extensions/vscode.markdown-language-features.i18n.json', 'COLCON_PREFIX_PATH': '/home/HwHiAiUser/wheeltec_ros2/install', 'SSH_CONNECTION': '10.248.102.23 8150 10.248.102.204 22', 'TOOLCHAIN_HOME': '/usr/local/Ascend/ascend-toolkit/latest/toolkit', 'ASCEND_TOOLKIT_HOME': '/usr/local/Ascend/ascend-toolkit/latest', 'CURSOR_AGENT': '1', 'LESSCLOSE': '/usr/bin/lesspipe %s %s', 'XDG_SESSION_CLASS': 'user', 'VSCODE_HANDLES_SIGPIPE': 'true', 'PYTHONPATH': '/home/HwHiAiUser/wheeltec_ros2/build/wheeltec_gpio_control/prefix_override:/usr/lib/python3/dist-packages/colcon_core/task/python/colcon_distutils_commands:/home/HwHiAiUser/wheeltec_ros2/install/wheeltec_gpio_control/lib/python3.10/site-packages:/usr/local/Ascend/ascend-toolkit/latest/python/site-packages:/usr/local/Ascend/ascend-toolkit/latest/opp/built-in/op_impl/ai_core/tbe:/usr/local/Ascend/ascend-toolkit/laster/python/site-packages:/usr/local/Ascend/ascend-toolkit/laster/opp/built-in/op_impl/ai_core/tbe:/home/HwHiAiUser/wheeltec_ros2/install/yesense_interface/local/lib/python3.10/dist-packages:/home/HwHiAiUser/wheeltec_ros2/install/turn_on_wheeltec_robot/local/lib/python3.10/dist-packages:/home/HwHiAiUser/wheeltec_ros2/install/wheeltec_robot_msg/local/lib/python3.10/dist-packages:/home/HwHiAiUser/wheeltec_ros2/install/wheeltec_robot_keyboard/lib/python3.10/site-packages:/home/HwHiAiUser/wheeltec_ros2/install/tf2_tools/lib/python3.10/site-packages:/home/HwHiAiUser/wheeltec_ros2/install/lslidar_msgs/local/lib/python3.10/dist-packages:/home/HwHiAiUser/wheeltec_ros2/install/ackermann_msgs/local/lib/python3.10/dist-packages:/opt/ros/humble/lib/python3.10/site-packages:/opt/ros/humble/local/lib/python3.10/dist-packages:/usr/local/Ascend/ascend-toolkit/latest/python/site-packages:/usr/local/Ascend/ascend-toolkit/latest/opp/built-in/op_impl/ai_core/tbe:/usr/local/Ascend/ascend-toolkit/laster/python/site-packages:/usr/local/Ascend/ascend-toolkit/laster/opp/built-in/op_impl/ai_core/tbe:/usr/local/Ascend/ascend-toolkit/laster/python/site-packages:/usr/local/Ascend/ascend-toolkit/laster/opp/built-in/op_impl/ai_core/tbe:', 'COLCON': '1', 'TERM': 'dumb', '_CE_CONDA': '', 'LESSOPEN': '| /usr/bin/lesspipe %s', 'USER': 'HwHiAiUser', 'CONDA_SHLVL': '0', 'SHLVL': '2', 'QT_IM_MODULE': 'ibus', 'VSCODE_CWD': '/home/HwHiAiUser', 'XDG_SESSION_ID': '6', 'NO_COLOR': '1', 'ASCEND_OPP_PATH': '/usr/local/Ascend/ascend-toolkit/latest/opp', 'CONDA_PYTHON_EXE': '/usr/local/miniconda3/bin/python', 'LD_LIBRARY_PATH': '/usr/local/Ascend/ascend-toolkit/latest/tools/aml/lib64:/usr/local/Ascend/ascend-toolkit/latest/tools/aml/lib64/plugin:/usr/local/Ascend/ascend-toolkit/latest/lib64:/usr/local/Ascend/ascend-toolkit/latest/lib64/plugin/opskernel:/usr/local/Ascend/ascend-toolkit/latest/lib64/plugin/nnengine:/usr/local/Ascend/ascend-toolkit/latest/opp/built-in/op_impl/ai_core/tbe/op_tiling/lib/linux/aarch64:/lib64:/var/davinci/driver/lib64:/var/davinci/driver/lib64/common:/var/davinci/driver/lib64/driver:/usr/local/Ascend/ascend-toolkit/laster/runtime/lib64/stub/aarch64:/usr/local/Ascend/ascend-toolkit/laster/lib64:/usr/local/Ascend/ascend-toolkit/laster/lib64/plugin/opskernel:/usr/local/Ascend/ascend-toolkit/laster/lib64/plugin/nnengine:/usr/local/Ascend/ascend-toolkit/laster/opp/built-in/op_impl/ai_core/tbe/op_tiling:/usr/local/Ascend/driver/lib64:/var/davinci/driver/lib64:/var/davinci/driver/lib64/common:/var/davinci/driver/lib64/driver:/home/HwHiAiUser/wheeltec_ros2/install/yesense_interface/lib:/home/HwHiAiUser/wheeltec_ros2/install/turn_on_wheeltec_robot/lib:/home/HwHiAiUser/wheeltec_ros2/install/wheeltec_robot_msg/lib:/home/HwHiAiUser/wheeltec_ros2/install/usb_cam/lib:/home/HwHiAiUser/wheeltec_ros2/install/serial/lib:/home/HwHiAiUser/wheeltec_ros2/install/lslidar_msgs/lib:/home/HwHiAiUser/wheeltec_ros2/install/ackermann_msgs/lib:/opt/ros/humble/opt/rviz_ogre_vendor/lib:/opt/ros/humble/lib/aarch64-linux-gnu:/opt/ros/humble/lib:/usr/local/Ascend/ascend-toolkit/latest/tools/aml/lib64:/usr/local/Ascend/ascend-toolkit/latest/tools/aml/lib64/plugin:/usr/local/Ascend/ascend-toolkit/latest/lib64:/usr/local/Ascend/ascend-toolkit/latest/lib64/plugin/opskernel:/usr/local/Ascend/ascend-toolkit/latest/lib64/plugin/nnengine:/usr/local/Ascend/ascend-toolkit/latest/opp/built-in/op_impl/ai_core/tbe/op_tiling/lib/linux/aarch64:/lib64:/var/davinci/driver/lib64:/var/davinci/driver/lib64/common:/var/davinci/driver/lib64/driver:/usr/local/Ascend/ascend-toolkit/laster/runtime/lib64/stub/aarch64:/usr/local/Ascend/ascend-toolkit/laster/lib64:/usr/local/Ascend/ascend-toolkit/laster/lib64/plugin/opskernel:/usr/local/Ascend/ascend-toolkit/laster/lib64/plugin/nnengine:/usr/local/Ascend/ascend-toolkit/laster/opp/built-in/op_impl/ai_core/tbe/op_tiling:/usr/local/Ascend/driver/lib64:/var/davinci/driver/lib64:/var/davinci/driver/lib64/common:/var/davinci/driver/lib64/driver:/usr/local/Ascend/ascend-toolkit/laster/runtime/lib64/stub/aarch64:/usr/local/Ascend/ascend-toolkit/laster/lib64:/usr/local/Ascend/ascend-toolkit/laster/lib64/plugin/opskernel:/usr/local/Ascend/ascend-toolkit/laster/lib64/plugin/nnengine:/usr/local/Ascend/ascend-toolkit/laster/opp/built-in/op_impl/ai_core/tbe/op_tiling:/usr/local/Ascend/driver/lib64:/var/davinci/driver/lib64:/var/davinci/driver/lib64/common:/var/davinci/driver/lib64/driver:', 'ASCEND_AICPU_PATH': '/usr/local/Ascend/ascend-toolkit/latest', 'XDG_RUNTIME_DIR': '/run/user/1000', 'ROS_LOCALHOST_ONLY': '0', 'SSH_CLIENT': '10.248.102.23 8150 22', 'XDG_DATA_DIRS': '/usr/share/gnome:/usr/local/share:/usr/share:/var/lib/snapd/desktop', 'BROWSER': '/home/HwHiAiUser/.cursor-server/bin/7236ee799a5bffd9f28fa4fd18bdc6eab5e08df0/bin/helpers/browser.sh', 'PATH': '/home/HwHiAiUser/.local/bin:/usr/local/Ascend/ascend-toolkit/latest/bin:/usr/local/Ascend/ascend-toolkit/latest/compiler/ccec_compiler/bin:/usr/local/Ascend/ascend-toolkit/latest/tools/ccec_compiler/bin:/usr/local/Ascend/ascend-toolkit/laster/bin:/usr/local/Ascend/ascend-toolkit/laster/compiler/ccec_compiler/bin:/home/HwHiAiUser/.cursor-server/bin/7236ee799a5bffd9f28fa4fd18bdc6eab5e08df0/bin/remote-cli:/home/HwHiAiUser/.local/bin:/opt/ros/humble/bin:/usr/local/Ascend/ascend-toolkit/latest/bin:/usr/local/Ascend/ascend-toolkit/latest/compiler/ccec_compiler/bin:/usr/local/Ascend/ascend-toolkit/latest/tools/ccec_compiler/bin:/usr/local/miniconda3/condabin:/usr/local/Ascend/ascend-toolkit/laster/bin:/usr/local/Ascend/ascend-toolkit/laster/compiler/ccec_compiler/bin:/home/HwHiAiUser/.cursor-server/bin/7236ee799a5bffd9f28fa4fd18bdc6eab5e08df0/bin/remote-cli:/home/HwHiAiUser/.local/bin:/usr/local/Ascend/ascend-toolkit/laster/bin:/usr/local/Ascend/ascend-toolkit/laster/compiler/ccec_compiler/bin:/usr/local/sbin:/usr/local/bin:/usr/sbin:/usr/bin:/sbin:/bin:/usr/games:/usr/local/games:/snap/bin:/home/HwHiAiUser/.fishros/bin/:/home/HwHiAiUser/.fishros/bin/', 'ASCEND_HOME_PATH': '/usr/local/Ascend/ascend-toolkit/latest', 'DBUS_SESSION_BUS_ADDRESS': 'unix:path=/run/user/1000/bus', 'VSCODE_NLS_CONFIG': '{"userLocale":"zh-cn","osLocale":"zh-cn","resolvedLanguage":"zh-cn","defaultMessagesFile":"/home/HwHiAiUser/.cursor-server/bin/7236ee799a5bffd9f28fa4fd18bdc6eab5e08df0/out/nls.messages.json","languagePack":{"translationsConfigFile":"/home/HwHiAiUser/.cursor-server/data/clp/6fe284ae87274d9cb2cdffc89b193492.zh-cn/tcf.json","messagesFile":"/home/HwHiAiUser/.cursor-server/data/clp/6fe284ae87274d9cb2cdffc89b193492.zh-cn/7236ee799a5bffd9f28fa4fd18bdc6eab5e08df0/nls.messages.json","corruptMarkerFile":"/home/HwHiAiUser/.cursor-server/data/clp/6fe284ae87274d9cb2cdffc89b193492.zh-cn/corrupted.info"},"locale":"zh-cn","availableLanguages":{"*":"zh-cn"},"_languagePackId":"6fe284ae87274d9cb2cdffc89b193492.zh-cn","_languagePackSupport":true,"_translationsConfigFile":"/home/HwHiAiUser/.cursor-server/data/clp/6fe284ae87274d9cb2cdffc89b193492.zh-cn/tcf.json","_cacheRoot":"/home/HwHiAiUser/.cursor-server/data/clp/6fe284ae87274d9cb2cdffc89b193492.zh-cn","_resolvedLanguagePackCoreLocation":"/home/HwHiAiUser/.cursor-server/data/clp/6fe284ae87274d9cb2cdffc89b193492.zh-cn/7236ee799a5bffd9f28fa4fd18bdc6eab5e08df0","_corruptedFile":"/home/HwHiAiUser/.cursor-server/data/clp/6fe284ae87274d9cb2cdffc89b193492.zh-cn/corrupted.info"}', 'ROS_DISTRO': 'humble', 'VSCODE_HANDLES_UNCAUGHT_ERRORS': 'true', 'OLDPWD': '/home/HwHiAiUser/wheeltec_ros2', 'VSCODE_IPC_HOOK_CLI': '/run/user/1000/vscode-ipc-1c3dd420-0fa8-4335-b2c3-64a25f02784e.sock', '_': '/usr/bin/env'}, 'shell': False}
[1.805939] (-) TimerEvent: {}
[1.906321] (-) TimerEvent: {}
[2.006716] (-) TimerEvent: {}
[2.107071] (-) TimerEvent: {}
[2.207431] (-) TimerEvent: {}
[2.307776] (-) TimerEvent: {}
[2.373720] (wheeltec_gpio_control) StderrLine: {'line': b"/usr/lib/python3/dist-packages/setuptools/dist.py:723: UserWarning: Usage of dash-separated 'script-dir' will not be supported in future versions. Please use the underscore name 'script_dir' instead\n"}
[2.374295] (wheeltec_gpio_control) StderrLine: {'line': b'  warnings.warn(\n'}
[2.398338] (wheeltec_gpio_control) StdoutLine: {'line': b'running egg_info\n'}
[2.400355] (wheeltec_gpio_control) StdoutLine: {'line': b'writing ../../build/wheeltec_gpio_control/wheeltec_gpio_control.egg-info/PKG-INFO\n'}
[2.401155] (wheeltec_gpio_control) StdoutLine: {'line': b'writing dependency_links to ../../build/wheeltec_gpio_control/wheeltec_gpio_control.egg-info/dependency_links.txt\n'}
[2.402045] (wheeltec_gpio_control) StdoutLine: {'line': b'writing entry points to ../../build/wheeltec_gpio_control/wheeltec_gpio_control.egg-info/entry_points.txt\n'}
[2.402545] (wheeltec_gpio_control) StdoutLine: {'line': b'writing requirements to ../../build/wheeltec_gpio_control/wheeltec_gpio_control.egg-info/requires.txt\n'}
[2.403005] (wheeltec_gpio_control) StdoutLine: {'line': b'writing top-level names to ../../build/wheeltec_gpio_control/wheeltec_gpio_control.egg-info/top_level.txt\n'}
[2.407594] (wheeltec_gpio_control) StdoutLine: {'line': b"reading manifest file '../../build/wheeltec_gpio_control/wheeltec_gpio_control.egg-info/SOURCES.txt'\n"}
[2.407899] (-) TimerEvent: {}
[2.410341] (wheeltec_gpio_control) StdoutLine: {'line': b"writing manifest file '../../build/wheeltec_gpio_control/wheeltec_gpio_control.egg-info/SOURCES.txt'\n"}
[2.410801] (wheeltec_gpio_control) StdoutLine: {'line': b'running build\n'}
[2.411057] (wheeltec_gpio_control) StdoutLine: {'line': b'running build_py\n'}
[2.411609] (wheeltec_gpio_control) StdoutLine: {'line': b'running install\n'}
[2.412413] (wheeltec_gpio_control) StdoutLine: {'line': b'running install_lib\n'}
[2.415576] (wheeltec_gpio_control) StdoutLine: {'line': b'running install_data\n'}
[2.415942] (wheeltec_gpio_control) StdoutLine: {'line': b'running install_egg_info\n'}
[2.420842] (wheeltec_gpio_control) StdoutLine: {'line': b"removing '/home/HwHiAiUser/wheeltec_ros2/install/wheeltec_gpio_control/lib/python3.10/site-packages/wheeltec_gpio_control-0.0.1-py3.10.egg-info' (and everything under it)\n"}
[2.421574] (wheeltec_gpio_control) StdoutLine: {'line': b'Copying ../../build/wheeltec_gpio_control/wheeltec_gpio_control.egg-info to /home/HwHiAiUser/wheeltec_ros2/install/wheeltec_gpio_control/lib/python3.10/site-packages/wheeltec_gpio_control-0.0.1-py3.10.egg-info\n'}
[2.423638] (wheeltec_gpio_control) StdoutLine: {'line': b'running install_scripts\n'}
[2.483177] (wheeltec_gpio_control) StdoutLine: {'line': b'Installing gpio_control_node script to /home/HwHiAiUser/wheeltec_ros2/install/wheeltec_gpio_control/lib/wheeltec_gpio_control\n'}
[2.484181] (wheeltec_gpio_control) StdoutLine: {'line': b"writing list of installed files to '/home/HwHiAiUser/wheeltec_ros2/build/wheeltec_gpio_control/install.log'\n"}
[2.508059] (-) TimerEvent: {}
[2.592143] (wheeltec_gpio_control) CommandEnded: {'returncode': 0}
[2.609285] (-) TimerEvent: {}
[2.622028] (wheeltec_gpio_control) JobEnded: {'identifier': 'wheeltec_gpio_control', 'rc': 0}
[2.623709] (-) EventReactorShutdown: {}
