[0.268s] Invoking command in '/home/HwHiAiUser/wheeltec_ros2/build/ldlidar_stl_ros2': CMAKE_PREFIX_PATH=${CMAKE_PREFIX_PATH}:/home/HwHiAiUser/wheeltec_ros2/install/wheeltec_robot_keyboard:/home/HwHiAiUser/wheeltec_ros2/install/wheeltec_gpio_control:/home/HwHiAiUser/wheeltec_ros2/install/tf2_tools:/opt/ros/humble _=/usr/bin/env /usr/bin/cmake --build /home/HwHiAiUser/wheeltec_ros2/build/ldlidar_stl_ros2 -- -j4 -l4
[0.698s] [100%] Built target ldlidar_stl_ros2_node
[1.716s] Invoked command in '/home/HwHiAiUser/wheeltec_ros2/build/ldlidar_stl_ros2' returned '0': CMAKE_PREFIX_PATH=${CMAKE_PREFIX_PATH}:/home/HwHiAiUser/wheeltec_ros2/install/wheeltec_robot_keyboard:/home/HwHiAiUser/wheeltec_ros2/install/wheeltec_gpio_control:/home/HwHiAiUser/wheeltec_ros2/install/tf2_tools:/opt/ros/humble _=/usr/bin/env /usr/bin/cmake --build /home/HwHiAiUser/wheeltec_ros2/build/ldlidar_stl_ros2 -- -j4 -l4
[1.724s] Invoking command in '/home/HwHiAiUser/wheeltec_ros2/build/ldlidar_stl_ros2': CMAKE_PREFIX_PATH=${CMAKE_PREFIX_PATH}:/home/HwHiAiUser/wheeltec_ros2/install/wheeltec_robot_keyboard:/home/HwHiAiUser/wheeltec_ros2/install/wheeltec_gpio_control:/home/HwHiAiUser/wheeltec_ros2/install/tf2_tools:/opt/ros/humble _=/usr/bin/env /usr/bin/cmake --install /home/HwHiAiUser/wheeltec_ros2/build/ldlidar_stl_ros2
[1.772s] -- Install configuration: ""
[1.774s] -- Up-to-date: /home/HwHiAiUser/wheeltec_ros2/install/ldlidar_stl_ros2/lib/ldlidar_stl_ros2/ldlidar_stl_ros2_node
[1.776s] -- Up-to-date: /home/HwHiAiUser/wheeltec_ros2/install/ldlidar_stl_ros2/share/ldlidar_stl_ros2//launch
[1.776s] -- Up-to-date: /home/HwHiAiUser/wheeltec_ros2/install/ldlidar_stl_ros2/share/ldlidar_stl_ros2//launch/viewer_ld06.launch.py
[1.777s] -- Up-to-date: /home/HwHiAiUser/wheeltec_ros2/install/ldlidar_stl_ros2/share/ldlidar_stl_ros2//launch/viewer_ld19.launch.py
[1.792s] -- Up-to-date: /home/HwHiAiUser/wheeltec_ros2/install/ldlidar_stl_ros2/share/ldlidar_stl_ros2//launch/ld19.launch.py
[1.796s] -- Up-to-date: /home/HwHiAiUser/wheeltec_ros2/install/ldlidar_stl_ros2/share/ldlidar_stl_ros2//launch/ld06.launch.py
[1.796s] -- Up-to-date: /home/HwHiAiUser/wheeltec_ros2/install/ldlidar_stl_ros2/share/ldlidar_stl_ros2//rviz2
[1.797s] -- Up-to-date: /home/HwHiAiUser/wheeltec_ros2/install/ldlidar_stl_ros2/share/ldlidar_stl_ros2//rviz2/ldlidar.rviz
[1.833s] -- Up-to-date: /home/HwHiAiUser/wheeltec_ros2/install/ldlidar_stl_ros2/share/ament_index/resource_index/package_run_dependencies/ldlidar_stl_ros2
[1.833s] -- Up-to-date: /home/HwHiAiUser/wheeltec_ros2/install/ldlidar_stl_ros2/share/ament_index/resource_index/parent_prefix_path/ldlidar_stl_ros2
[1.833s] -- Up-to-date: /home/HwHiAiUser/wheeltec_ros2/install/ldlidar_stl_ros2/share/ldlidar_stl_ros2/environment/ament_prefix_path.sh
[1.833s] -- Up-to-date: /home/HwHiAiUser/wheeltec_ros2/install/ldlidar_stl_ros2/share/ldlidar_stl_ros2/environment/ament_prefix_path.dsv
[1.834s] -- Up-to-date: /home/HwHiAiUser/wheeltec_ros2/install/ldlidar_stl_ros2/share/ldlidar_stl_ros2/environment/path.sh
[1.834s] -- Up-to-date: /home/HwHiAiUser/wheeltec_ros2/install/ldlidar_stl_ros2/share/ldlidar_stl_ros2/environment/path.dsv
[1.834s] -- Up-to-date: /home/HwHiAiUser/wheeltec_ros2/install/ldlidar_stl_ros2/share/ldlidar_stl_ros2/local_setup.bash
[1.834s] -- Up-to-date: /home/HwHiAiUser/wheeltec_ros2/install/ldlidar_stl_ros2/share/ldlidar_stl_ros2/local_setup.sh
[1.834s] -- Up-to-date: /home/HwHiAiUser/wheeltec_ros2/install/ldlidar_stl_ros2/share/ldlidar_stl_ros2/local_setup.zsh
[1.834s] -- Up-to-date: /home/HwHiAiUser/wheeltec_ros2/install/ldlidar_stl_ros2/share/ldlidar_stl_ros2/local_setup.dsv
[1.835s] -- Installing: /home/HwHiAiUser/wheeltec_ros2/install/ldlidar_stl_ros2/share/ldlidar_stl_ros2/package.dsv
[1.842s] -- Up-to-date: /home/HwHiAiUser/wheeltec_ros2/install/ldlidar_stl_ros2/share/ament_index/resource_index/packages/ldlidar_stl_ros2
[1.846s] -- Up-to-date: /home/HwHiAiUser/wheeltec_ros2/install/ldlidar_stl_ros2/share/ldlidar_stl_ros2/cmake/ldlidar_stl_ros2Config.cmake
[1.846s] -- Up-to-date: /home/HwHiAiUser/wheeltec_ros2/install/ldlidar_stl_ros2/share/ldlidar_stl_ros2/cmake/ldlidar_stl_ros2Config-version.cmake
[1.847s] -- Up-to-date: /home/HwHiAiUser/wheeltec_ros2/install/ldlidar_stl_ros2/share/ldlidar_stl_ros2/package.xml
[1.864s] Invoked command in '/home/HwHiAiUser/wheeltec_ros2/build/ldlidar_stl_ros2' returned '0': CMAKE_PREFIX_PATH=${CMAKE_PREFIX_PATH}:/home/HwHiAiUser/wheeltec_ros2/install/wheeltec_robot_keyboard:/home/HwHiAiUser/wheeltec_ros2/install/wheeltec_gpio_control:/home/HwHiAiUser/wheeltec_ros2/install/tf2_tools:/opt/ros/humble _=/usr/bin/env /usr/bin/cmake --install /home/HwHiAiUser/wheeltec_ros2/build/ldlidar_stl_ros2
