[0.002s] Invoking command in '/home/HwHiAiUser/wheeltec_ros2/build/yesense_std_ros2': AMENT_PREFIX_PATH=/home/HwHiAiUser/wheeltec_ros2/install/yesense_interface:/home/HwHiAiUser/wheeltec_ros2/install/serial:${AMENT_PREFIX_PATH} CMAKE_PREFIX_PATH=/home/HwHiAiUser/wheeltec_ros2/install/yesense_interface:/home/HwHiAiUser/wheeltec_ros2/install/serial:/opt/ros/humble LD_LIBRARY_PATH=/home/HwHiAiUser/wheeltec_ros2/install/yesense_interface/lib:/home/HwHiAiUser/wheeltec_ros2/install/serial/lib:/usr/local/Ascend/ascend-toolkit/latest/tools/aml/lib64:/usr/local/Ascend/ascend-toolkit/latest/tools/aml/lib64/plugin:/usr/local/Ascend/ascend-toolkit/latest/lib64:/usr/local/Ascend/ascend-toolkit/latest/lib64/plugin/opskernel:/usr/local/Ascend/ascend-toolkit/latest/lib64/plugin/nnengine:/usr/local/Ascend/ascend-toolkit/latest/opp/built-in/op_impl/ai_core/tbe/op_tiling/lib/linux/aarch64:/lib64:/var/davinci/driver/lib64:/var/davinci/driver/lib64/common:/var/davinci/driver/lib64/driver:/opt/ros/humble/opt/rviz_ogre_vendor/lib:/opt/ros/humble/lib/aarch64-linux-gnu:/opt/ros/humble/lib:/usr/local/Ascend/ascend-toolkit/latest/tools/aml/lib64:/usr/local/Ascend/ascend-toolkit/latest/tools/aml/lib64/plugin:/usr/local/Ascend/ascend-toolkit/latest/lib64:/usr/local/Ascend/ascend-toolkit/latest/lib64/plugin/opskernel:/usr/local/Ascend/ascend-toolkit/latest/lib64/plugin/nnengine:/usr/local/Ascend/ascend-toolkit/latest/opp/built-in/op_impl/ai_core/tbe/op_tiling/lib/linux/aarch64:/lib64:/var/davinci/driver/lib64:/var/davinci/driver/lib64/common:/var/davinci/driver/lib64/driver:/usr/local/Ascend/ascend-toolkit/laster/runtime/lib64/stub/aarch64:/usr/local/Ascend/ascend-toolkit/laster/lib64:/usr/local/Ascend/ascend-toolkit/laster/lib64/plugin/opskernel:/usr/local/Ascend/ascend-toolkit/laster/lib64/plugin/nnengine:/usr/local/Ascend/ascend-toolkit/laster/opp/built-in/op_impl/ai_core/tbe/op_tiling:/usr/local/Ascend/driver/lib64:/var/davinci/driver/lib64:/var/davinci/driver/lib64/common:/var/davinci/driver/lib64/driver:/usr/local/Ascend/ascend-toolkit/laster/runtime/lib64/stub/aarch64:/usr/local/Ascend/ascend-toolkit/laster/lib64:/usr/local/Ascend/ascend-toolkit/laster/lib64/plugin/opskernel:/usr/local/Ascend/ascend-toolkit/laster/lib64/plugin/nnengine:/usr/local/Ascend/ascend-toolkit/laster/opp/built-in/op_impl/ai_core/tbe/op_tiling:/usr/local/Ascend/driver/lib64:/var/davinci/driver/lib64:/var/davinci/driver/lib64/common:/var/davinci/driver/lib64/driver PYTHONPATH=/home/HwHiAiUser/wheeltec_ros2/install/yesense_interface/local/lib/python3.10/dist-packages:${PYTHONPATH} _=/usr/bin/env /usr/bin/cmake /home/HwHiAiUser/wheeltec_ros2/src/wheeltec_imu/yesense_ros2/yesense_std_ros2 -DCMAKE_INSTALL_PREFIX=/home/HwHiAiUser/wheeltec_ros2/install/yesense_std_ros2
[0.256s] -- The C compiler identification is GNU 11.4.0
[0.476s] -- The CXX compiler identification is GNU 11.4.0
[0.497s] -- Detecting C compiler ABI info
[0.808s] -- Detecting C compiler ABI info - done
[0.853s] -- Check for working C compiler: /usr/bin/cc - skipped
[0.861s] -- Detecting C compile features
[0.865s] -- Detecting C compile features - done
[0.873s] -- Detecting CXX compiler ABI info
[1.220s] -- Detecting CXX compiler ABI info - done
[1.264s] -- Check for working CXX compiler: /usr/bin/c++ - skipped
[1.265s] -- Detecting CXX compile features
[1.270s] -- Detecting CXX compile features - done
[1.275s] -- Found ament_cmake: 1.3.12 (/opt/ros/humble/share/ament_cmake/cmake)
[1.940s] -- Found Python3: /usr/bin/python3 (found version "3.10.12") found components: Interpreter 
[2.307s] -- Found rclcpp: 16.0.15 (/opt/ros/humble/share/rclcpp/cmake)
[2.416s] -- Found rosidl_generator_c: 3.1.7 (/opt/ros/humble/share/rosidl_generator_c/cmake)
[2.434s] -- Found rosidl_adapter: 3.1.7 (/opt/ros/humble/share/rosidl_adapter/cmake)
[2.455s] -- Found rosidl_generator_cpp: 3.1.7 (/opt/ros/humble/share/rosidl_generator_cpp/cmake)
[2.488s] -- Using all available rosidl_typesupport_c: rosidl_typesupport_fastrtps_c;rosidl_typesupport_introspection_c
[2.534s] -- Using all available rosidl_typesupport_cpp: rosidl_typesupport_fastrtps_cpp;rosidl_typesupport_introspection_cpp
[2.658s] -- Found rmw_implementation_cmake: 6.1.2 (/opt/ros/humble/share/rmw_implementation_cmake/cmake)
[2.674s] -- Found rmw_fastrtps_cpp: 6.2.9 (/opt/ros/humble/share/rmw_fastrtps_cpp/cmake)
[2.913s] -- Found OpenSSL: /usr/lib/aarch64-linux-gnu/libcrypto.so (found version "3.0.2")  
[2.988s] -- Found FastRTPS: /opt/ros/humble/include  
[3.097s] -- Using RMW implementation 'rmw_fastrtps_cpp' as default
[3.118s] -- Looking for pthread.h
[3.370s] -- Looking for pthread.h - found
[3.371s] -- Performing Test CMAKE_HAVE_LIBC_PTHREAD
[3.621s] -- Performing Test CMAKE_HAVE_LIBC_PTHREAD - Success
[3.632s] -- Found Threads: TRUE  
[3.828s] -- Found sensor_msgs: 4.9.0 (/opt/ros/humble/share/sensor_msgs/cmake)
[3.929s] -- Found serial: 1.2.1 (/home/HwHiAiUser/wheeltec_ros2/install/serial/share/serial/cmake)
[3.940s] -- Found nav_msgs: 4.9.0 (/opt/ros/humble/share/nav_msgs/cmake)
[4.002s] -- Found visualization_msgs: 4.9.0 (/opt/ros/humble/share/visualization_msgs/cmake)
[4.091s] -- Found rosidl_default_generators: 1.2.0 (/opt/ros/humble/share/rosidl_default_generators/cmake)
[4.117s] -- Found yesense_interface: 1.0.0 (/home/HwHiAiUser/wheeltec_ros2/install/yesense_interface/share/yesense_interface/cmake)
[4.174s] -- Found ament_lint_auto: 0.12.14 (/opt/ros/humble/share/ament_lint_auto/cmake)
[4.604s] -- Added test 'copyright' to check source files copyright and LICENSE
[4.612s] -- Added test 'cppcheck' to perform static code analysis on C / C++ code
[4.619s] -- Configured cppcheck include dirs: /home/HwHiAiUser/wheeltec_ros2/src/wheeltec_imu/yesense_ros2/yesense_std_ros2/include;/home/HwHiAiUser/wheeltec_ros2/src/wheeltec_imu/yesense_ros2/yesense_std_ros2/src
[4.620s] -- Configured cppcheck exclude dirs and/or files: 
[4.627s] -- Added test 'cpplint' to check C / C++ code against the Google style
[4.630s] -- Configured cpplint exclude dirs and/or files: 
[4.638s] -- Added test 'flake8' to check Python code syntax and style conventions
[4.644s] -- Added test 'lint_cmake' to check CMake code style
[4.648s] -- Added test 'pep257' to check Python code against some of the docstring style conventions in PEP 257
[4.658s] -- Added test 'uncrustify' to check C / C++ code style
[4.660s] -- Configured uncrustify additional arguments: 
[4.664s] -- Added test 'xmllint' to check XML markup files
[4.674s] -- Configuring done
[4.776s] -- Generating done
[4.802s] -- Build files have been written to: /home/HwHiAiUser/wheeltec_ros2/build/yesense_std_ros2
[4.863s] Invoked command in '/home/HwHiAiUser/wheeltec_ros2/build/yesense_std_ros2' returned '0': AMENT_PREFIX_PATH=/home/HwHiAiUser/wheeltec_ros2/install/yesense_interface:/home/HwHiAiUser/wheeltec_ros2/install/serial:${AMENT_PREFIX_PATH} CMAKE_PREFIX_PATH=/home/HwHiAiUser/wheeltec_ros2/install/yesense_interface:/home/HwHiAiUser/wheeltec_ros2/install/serial:/opt/ros/humble LD_LIBRARY_PATH=/home/HwHiAiUser/wheeltec_ros2/install/yesense_interface/lib:/home/HwHiAiUser/wheeltec_ros2/install/serial/lib:/usr/local/Ascend/ascend-toolkit/latest/tools/aml/lib64:/usr/local/Ascend/ascend-toolkit/latest/tools/aml/lib64/plugin:/usr/local/Ascend/ascend-toolkit/latest/lib64:/usr/local/Ascend/ascend-toolkit/latest/lib64/plugin/opskernel:/usr/local/Ascend/ascend-toolkit/latest/lib64/plugin/nnengine:/usr/local/Ascend/ascend-toolkit/latest/opp/built-in/op_impl/ai_core/tbe/op_tiling/lib/linux/aarch64:/lib64:/var/davinci/driver/lib64:/var/davinci/driver/lib64/common:/var/davinci/driver/lib64/driver:/opt/ros/humble/opt/rviz_ogre_vendor/lib:/opt/ros/humble/lib/aarch64-linux-gnu:/opt/ros/humble/lib:/usr/local/Ascend/ascend-toolkit/latest/tools/aml/lib64:/usr/local/Ascend/ascend-toolkit/latest/tools/aml/lib64/plugin:/usr/local/Ascend/ascend-toolkit/latest/lib64:/usr/local/Ascend/ascend-toolkit/latest/lib64/plugin/opskernel:/usr/local/Ascend/ascend-toolkit/latest/lib64/plugin/nnengine:/usr/local/Ascend/ascend-toolkit/latest/opp/built-in/op_impl/ai_core/tbe/op_tiling/lib/linux/aarch64:/lib64:/var/davinci/driver/lib64:/var/davinci/driver/lib64/common:/var/davinci/driver/lib64/driver:/usr/local/Ascend/ascend-toolkit/laster/runtime/lib64/stub/aarch64:/usr/local/Ascend/ascend-toolkit/laster/lib64:/usr/local/Ascend/ascend-toolkit/laster/lib64/plugin/opskernel:/usr/local/Ascend/ascend-toolkit/laster/lib64/plugin/nnengine:/usr/local/Ascend/ascend-toolkit/laster/opp/built-in/op_impl/ai_core/tbe/op_tiling:/usr/local/Ascend/driver/lib64:/var/davinci/driver/lib64:/var/davinci/driver/lib64/common:/var/davinci/driver/lib64/driver:/usr/local/Ascend/ascend-toolkit/laster/runtime/lib64/stub/aarch64:/usr/local/Ascend/ascend-toolkit/laster/lib64:/usr/local/Ascend/ascend-toolkit/laster/lib64/plugin/opskernel:/usr/local/Ascend/ascend-toolkit/laster/lib64/plugin/nnengine:/usr/local/Ascend/ascend-toolkit/laster/opp/built-in/op_impl/ai_core/tbe/op_tiling:/usr/local/Ascend/driver/lib64:/var/davinci/driver/lib64:/var/davinci/driver/lib64/common:/var/davinci/driver/lib64/driver PYTHONPATH=/home/HwHiAiUser/wheeltec_ros2/install/yesense_interface/local/lib/python3.10/dist-packages:${PYTHONPATH} _=/usr/bin/env /usr/bin/cmake /home/HwHiAiUser/wheeltec_ros2/src/wheeltec_imu/yesense_ros2/yesense_std_ros2 -DCMAKE_INSTALL_PREFIX=/home/HwHiAiUser/wheeltec_ros2/install/yesense_std_ros2
[4.865s] Invoking command in '/home/HwHiAiUser/wheeltec_ros2/build/yesense_std_ros2': AMENT_PREFIX_PATH=/home/HwHiAiUser/wheeltec_ros2/install/yesense_interface:/home/HwHiAiUser/wheeltec_ros2/install/serial:${AMENT_PREFIX_PATH} CMAKE_PREFIX_PATH=/home/HwHiAiUser/wheeltec_ros2/install/yesense_interface:/home/HwHiAiUser/wheeltec_ros2/install/serial:/opt/ros/humble LD_LIBRARY_PATH=/home/HwHiAiUser/wheeltec_ros2/install/yesense_interface/lib:/home/HwHiAiUser/wheeltec_ros2/install/serial/lib:/usr/local/Ascend/ascend-toolkit/latest/tools/aml/lib64:/usr/local/Ascend/ascend-toolkit/latest/tools/aml/lib64/plugin:/usr/local/Ascend/ascend-toolkit/latest/lib64:/usr/local/Ascend/ascend-toolkit/latest/lib64/plugin/opskernel:/usr/local/Ascend/ascend-toolkit/latest/lib64/plugin/nnengine:/usr/local/Ascend/ascend-toolkit/latest/opp/built-in/op_impl/ai_core/tbe/op_tiling/lib/linux/aarch64:/lib64:/var/davinci/driver/lib64:/var/davinci/driver/lib64/common:/var/davinci/driver/lib64/driver:/opt/ros/humble/opt/rviz_ogre_vendor/lib:/opt/ros/humble/lib/aarch64-linux-gnu:/opt/ros/humble/lib:/usr/local/Ascend/ascend-toolkit/latest/tools/aml/lib64:/usr/local/Ascend/ascend-toolkit/latest/tools/aml/lib64/plugin:/usr/local/Ascend/ascend-toolkit/latest/lib64:/usr/local/Ascend/ascend-toolkit/latest/lib64/plugin/opskernel:/usr/local/Ascend/ascend-toolkit/latest/lib64/plugin/nnengine:/usr/local/Ascend/ascend-toolkit/latest/opp/built-in/op_impl/ai_core/tbe/op_tiling/lib/linux/aarch64:/lib64:/var/davinci/driver/lib64:/var/davinci/driver/lib64/common:/var/davinci/driver/lib64/driver:/usr/local/Ascend/ascend-toolkit/laster/runtime/lib64/stub/aarch64:/usr/local/Ascend/ascend-toolkit/laster/lib64:/usr/local/Ascend/ascend-toolkit/laster/lib64/plugin/opskernel:/usr/local/Ascend/ascend-toolkit/laster/lib64/plugin/nnengine:/usr/local/Ascend/ascend-toolkit/laster/opp/built-in/op_impl/ai_core/tbe/op_tiling:/usr/local/Ascend/driver/lib64:/var/davinci/driver/lib64:/var/davinci/driver/lib64/common:/var/davinci/driver/lib64/driver:/usr/local/Ascend/ascend-toolkit/laster/runtime/lib64/stub/aarch64:/usr/local/Ascend/ascend-toolkit/laster/lib64:/usr/local/Ascend/ascend-toolkit/laster/lib64/plugin/opskernel:/usr/local/Ascend/ascend-toolkit/laster/lib64/plugin/nnengine:/usr/local/Ascend/ascend-toolkit/laster/opp/built-in/op_impl/ai_core/tbe/op_tiling:/usr/local/Ascend/driver/lib64:/var/davinci/driver/lib64:/var/davinci/driver/lib64/common:/var/davinci/driver/lib64/driver PYTHONPATH=/home/HwHiAiUser/wheeltec_ros2/install/yesense_interface/local/lib/python3.10/dist-packages:${PYTHONPATH} _=/usr/bin/env /usr/bin/cmake --build /home/HwHiAiUser/wheeltec_ros2/build/yesense_std_ros2 -- -j4 -l4
[5.060s] [ 16%] [32mBuilding CXX object CMakeFiles/yesense_node_publisher.dir/src/yesense_node.cpp.o[0m
[48.427s] [ 33%] [32mBuilding CXX object CMakeFiles/yesense_node_publisher.dir/src/yesense_decoder.cpp.o[0m
[50.376s] [ 50%] [32mBuilding CXX object CMakeFiles/yesense_node_publisher.dir/src/yesense_std_out_decoder.cpp.o[0m
[50.570s] [ 66%] [32m[1mLinking CXX executable yesense_node_publisher[0m
[55.130s] [ 66%] Built target yesense_node_publisher
[55.217s] [ 83%] [32mBuilding CXX object CMakeFiles/yesense_node_subscriber.dir/src/yesense_node_subscriber_example.cpp.o[0m
[120.929s] [100%] [32m[1mLinking CXX executable yesense_node_subscriber[0m
[125.416s] [100%] Built target yesense_node_subscriber
[125.445s] Invoked command in '/home/HwHiAiUser/wheeltec_ros2/build/yesense_std_ros2' returned '0': AMENT_PREFIX_PATH=/home/HwHiAiUser/wheeltec_ros2/install/yesense_interface:/home/HwHiAiUser/wheeltec_ros2/install/serial:${AMENT_PREFIX_PATH} CMAKE_PREFIX_PATH=/home/HwHiAiUser/wheeltec_ros2/install/yesense_interface:/home/HwHiAiUser/wheeltec_ros2/install/serial:/opt/ros/humble LD_LIBRARY_PATH=/home/HwHiAiUser/wheeltec_ros2/install/yesense_interface/lib:/home/HwHiAiUser/wheeltec_ros2/install/serial/lib:/usr/local/Ascend/ascend-toolkit/latest/tools/aml/lib64:/usr/local/Ascend/ascend-toolkit/latest/tools/aml/lib64/plugin:/usr/local/Ascend/ascend-toolkit/latest/lib64:/usr/local/Ascend/ascend-toolkit/latest/lib64/plugin/opskernel:/usr/local/Ascend/ascend-toolkit/latest/lib64/plugin/nnengine:/usr/local/Ascend/ascend-toolkit/latest/opp/built-in/op_impl/ai_core/tbe/op_tiling/lib/linux/aarch64:/lib64:/var/davinci/driver/lib64:/var/davinci/driver/lib64/common:/var/davinci/driver/lib64/driver:/opt/ros/humble/opt/rviz_ogre_vendor/lib:/opt/ros/humble/lib/aarch64-linux-gnu:/opt/ros/humble/lib:/usr/local/Ascend/ascend-toolkit/latest/tools/aml/lib64:/usr/local/Ascend/ascend-toolkit/latest/tools/aml/lib64/plugin:/usr/local/Ascend/ascend-toolkit/latest/lib64:/usr/local/Ascend/ascend-toolkit/latest/lib64/plugin/opskernel:/usr/local/Ascend/ascend-toolkit/latest/lib64/plugin/nnengine:/usr/local/Ascend/ascend-toolkit/latest/opp/built-in/op_impl/ai_core/tbe/op_tiling/lib/linux/aarch64:/lib64:/var/davinci/driver/lib64:/var/davinci/driver/lib64/common:/var/davinci/driver/lib64/driver:/usr/local/Ascend/ascend-toolkit/laster/runtime/lib64/stub/aarch64:/usr/local/Ascend/ascend-toolkit/laster/lib64:/usr/local/Ascend/ascend-toolkit/laster/lib64/plugin/opskernel:/usr/local/Ascend/ascend-toolkit/laster/lib64/plugin/nnengine:/usr/local/Ascend/ascend-toolkit/laster/opp/built-in/op_impl/ai_core/tbe/op_tiling:/usr/local/Ascend/driver/lib64:/var/davinci/driver/lib64:/var/davinci/driver/lib64/common:/var/davinci/driver/lib64/driver:/usr/local/Ascend/ascend-toolkit/laster/runtime/lib64/stub/aarch64:/usr/local/Ascend/ascend-toolkit/laster/lib64:/usr/local/Ascend/ascend-toolkit/laster/lib64/plugin/opskernel:/usr/local/Ascend/ascend-toolkit/laster/lib64/plugin/nnengine:/usr/local/Ascend/ascend-toolkit/laster/opp/built-in/op_impl/ai_core/tbe/op_tiling:/usr/local/Ascend/driver/lib64:/var/davinci/driver/lib64:/var/davinci/driver/lib64/common:/var/davinci/driver/lib64/driver PYTHONPATH=/home/HwHiAiUser/wheeltec_ros2/install/yesense_interface/local/lib/python3.10/dist-packages:${PYTHONPATH} _=/usr/bin/env /usr/bin/cmake --build /home/HwHiAiUser/wheeltec_ros2/build/yesense_std_ros2 -- -j4 -l4
[125.450s] Invoking command in '/home/HwHiAiUser/wheeltec_ros2/build/yesense_std_ros2': AMENT_PREFIX_PATH=/home/HwHiAiUser/wheeltec_ros2/install/yesense_interface:/home/HwHiAiUser/wheeltec_ros2/install/serial:${AMENT_PREFIX_PATH} CMAKE_PREFIX_PATH=/home/HwHiAiUser/wheeltec_ros2/install/yesense_interface:/home/HwHiAiUser/wheeltec_ros2/install/serial:/opt/ros/humble LD_LIBRARY_PATH=/home/HwHiAiUser/wheeltec_ros2/install/yesense_interface/lib:/home/HwHiAiUser/wheeltec_ros2/install/serial/lib:/usr/local/Ascend/ascend-toolkit/latest/tools/aml/lib64:/usr/local/Ascend/ascend-toolkit/latest/tools/aml/lib64/plugin:/usr/local/Ascend/ascend-toolkit/latest/lib64:/usr/local/Ascend/ascend-toolkit/latest/lib64/plugin/opskernel:/usr/local/Ascend/ascend-toolkit/latest/lib64/plugin/nnengine:/usr/local/Ascend/ascend-toolkit/latest/opp/built-in/op_impl/ai_core/tbe/op_tiling/lib/linux/aarch64:/lib64:/var/davinci/driver/lib64:/var/davinci/driver/lib64/common:/var/davinci/driver/lib64/driver:/opt/ros/humble/opt/rviz_ogre_vendor/lib:/opt/ros/humble/lib/aarch64-linux-gnu:/opt/ros/humble/lib:/usr/local/Ascend/ascend-toolkit/latest/tools/aml/lib64:/usr/local/Ascend/ascend-toolkit/latest/tools/aml/lib64/plugin:/usr/local/Ascend/ascend-toolkit/latest/lib64:/usr/local/Ascend/ascend-toolkit/latest/lib64/plugin/opskernel:/usr/local/Ascend/ascend-toolkit/latest/lib64/plugin/nnengine:/usr/local/Ascend/ascend-toolkit/latest/opp/built-in/op_impl/ai_core/tbe/op_tiling/lib/linux/aarch64:/lib64:/var/davinci/driver/lib64:/var/davinci/driver/lib64/common:/var/davinci/driver/lib64/driver:/usr/local/Ascend/ascend-toolkit/laster/runtime/lib64/stub/aarch64:/usr/local/Ascend/ascend-toolkit/laster/lib64:/usr/local/Ascend/ascend-toolkit/laster/lib64/plugin/opskernel:/usr/local/Ascend/ascend-toolkit/laster/lib64/plugin/nnengine:/usr/local/Ascend/ascend-toolkit/laster/opp/built-in/op_impl/ai_core/tbe/op_tiling:/usr/local/Ascend/driver/lib64:/var/davinci/driver/lib64:/var/davinci/driver/lib64/common:/var/davinci/driver/lib64/driver:/usr/local/Ascend/ascend-toolkit/laster/runtime/lib64/stub/aarch64:/usr/local/Ascend/ascend-toolkit/laster/lib64:/usr/local/Ascend/ascend-toolkit/laster/lib64/plugin/opskernel:/usr/local/Ascend/ascend-toolkit/laster/lib64/plugin/nnengine:/usr/local/Ascend/ascend-toolkit/laster/opp/built-in/op_impl/ai_core/tbe/op_tiling:/usr/local/Ascend/driver/lib64:/var/davinci/driver/lib64:/var/davinci/driver/lib64/common:/var/davinci/driver/lib64/driver PYTHONPATH=/home/HwHiAiUser/wheeltec_ros2/install/yesense_interface/local/lib/python3.10/dist-packages:${PYTHONPATH} _=/usr/bin/env /usr/bin/cmake --install /home/HwHiAiUser/wheeltec_ros2/build/yesense_std_ros2
[125.471s] -- Install configuration: ""
[125.472s] -- Installing: /home/HwHiAiUser/wheeltec_ros2/install/yesense_std_ros2/share/yesense_std_ros2/launch
[125.472s] -- Installing: /home/HwHiAiUser/wheeltec_ros2/install/yesense_std_ros2/share/yesense_std_ros2/launch/yesense_node.launch.py
[125.473s] -- Installing: /home/HwHiAiUser/wheeltec_ros2/install/yesense_std_ros2/share/yesense_std_ros2/config
[125.473s] -- Installing: /home/HwHiAiUser/wheeltec_ros2/install/yesense_std_ros2/share/yesense_std_ros2/config/yesense_config.yaml
[125.473s] -- Installing: /home/HwHiAiUser/wheeltec_ros2/install/yesense_std_ros2/lib/yesense_std_ros2/yesense_node_publisher
[125.485s] -- Set runtime path of "/home/HwHiAiUser/wheeltec_ros2/install/yesense_std_ros2/lib/yesense_std_ros2/yesense_node_publisher" to ""
[125.485s] -- Installing: /home/HwHiAiUser/wheeltec_ros2/install/yesense_std_ros2/lib/yesense_std_ros2/yesense_node_subscriber
[125.508s] -- Set runtime path of "/home/HwHiAiUser/wheeltec_ros2/install/yesense_std_ros2/lib/yesense_std_ros2/yesense_node_subscriber" to ""
[125.508s] -- Installing: /home/HwHiAiUser/wheeltec_ros2/install/yesense_std_ros2/share/ament_index/resource_index/package_run_dependencies/yesense_std_ros2
[125.509s] -- Installing: /home/HwHiAiUser/wheeltec_ros2/install/yesense_std_ros2/share/ament_index/resource_index/parent_prefix_path/yesense_std_ros2
[125.509s] -- Installing: /home/HwHiAiUser/wheeltec_ros2/install/yesense_std_ros2/share/yesense_std_ros2/environment/ament_prefix_path.sh
[125.509s] -- Installing: /home/HwHiAiUser/wheeltec_ros2/install/yesense_std_ros2/share/yesense_std_ros2/environment/ament_prefix_path.dsv
[125.509s] -- Installing: /home/HwHiAiUser/wheeltec_ros2/install/yesense_std_ros2/share/yesense_std_ros2/environment/path.sh
[125.510s] -- Installing: /home/HwHiAiUser/wheeltec_ros2/install/yesense_std_ros2/share/yesense_std_ros2/environment/path.dsv
[125.510s] -- Installing: /home/HwHiAiUser/wheeltec_ros2/install/yesense_std_ros2/share/yesense_std_ros2/local_setup.bash
[125.510s] -- Installing: /home/HwHiAiUser/wheeltec_ros2/install/yesense_std_ros2/share/yesense_std_ros2/local_setup.sh
[125.511s] -- Installing: /home/HwHiAiUser/wheeltec_ros2/install/yesense_std_ros2/share/yesense_std_ros2/local_setup.zsh
[125.511s] -- Installing: /home/HwHiAiUser/wheeltec_ros2/install/yesense_std_ros2/share/yesense_std_ros2/local_setup.dsv
[125.511s] -- Installing: /home/HwHiAiUser/wheeltec_ros2/install/yesense_std_ros2/share/yesense_std_ros2/package.dsv
[125.512s] -- Installing: /home/HwHiAiUser/wheeltec_ros2/install/yesense_std_ros2/share/ament_index/resource_index/packages/yesense_std_ros2
[125.512s] -- Installing: /home/HwHiAiUser/wheeltec_ros2/install/yesense_std_ros2/share/yesense_std_ros2/cmake/yesense_std_ros2Config.cmake
[125.512s] -- Installing: /home/HwHiAiUser/wheeltec_ros2/install/yesense_std_ros2/share/yesense_std_ros2/cmake/yesense_std_ros2Config-version.cmake
[125.513s] -- Installing: /home/HwHiAiUser/wheeltec_ros2/install/yesense_std_ros2/share/yesense_std_ros2/package.xml
[125.519s] Invoked command in '/home/HwHiAiUser/wheeltec_ros2/build/yesense_std_ros2' returned '0': AMENT_PREFIX_PATH=/home/HwHiAiUser/wheeltec_ros2/install/yesense_interface:/home/HwHiAiUser/wheeltec_ros2/install/serial:${AMENT_PREFIX_PATH} CMAKE_PREFIX_PATH=/home/HwHiAiUser/wheeltec_ros2/install/yesense_interface:/home/HwHiAiUser/wheeltec_ros2/install/serial:/opt/ros/humble LD_LIBRARY_PATH=/home/HwHiAiUser/wheeltec_ros2/install/yesense_interface/lib:/home/HwHiAiUser/wheeltec_ros2/install/serial/lib:/usr/local/Ascend/ascend-toolkit/latest/tools/aml/lib64:/usr/local/Ascend/ascend-toolkit/latest/tools/aml/lib64/plugin:/usr/local/Ascend/ascend-toolkit/latest/lib64:/usr/local/Ascend/ascend-toolkit/latest/lib64/plugin/opskernel:/usr/local/Ascend/ascend-toolkit/latest/lib64/plugin/nnengine:/usr/local/Ascend/ascend-toolkit/latest/opp/built-in/op_impl/ai_core/tbe/op_tiling/lib/linux/aarch64:/lib64:/var/davinci/driver/lib64:/var/davinci/driver/lib64/common:/var/davinci/driver/lib64/driver:/opt/ros/humble/opt/rviz_ogre_vendor/lib:/opt/ros/humble/lib/aarch64-linux-gnu:/opt/ros/humble/lib:/usr/local/Ascend/ascend-toolkit/latest/tools/aml/lib64:/usr/local/Ascend/ascend-toolkit/latest/tools/aml/lib64/plugin:/usr/local/Ascend/ascend-toolkit/latest/lib64:/usr/local/Ascend/ascend-toolkit/latest/lib64/plugin/opskernel:/usr/local/Ascend/ascend-toolkit/latest/lib64/plugin/nnengine:/usr/local/Ascend/ascend-toolkit/latest/opp/built-in/op_impl/ai_core/tbe/op_tiling/lib/linux/aarch64:/lib64:/var/davinci/driver/lib64:/var/davinci/driver/lib64/common:/var/davinci/driver/lib64/driver:/usr/local/Ascend/ascend-toolkit/laster/runtime/lib64/stub/aarch64:/usr/local/Ascend/ascend-toolkit/laster/lib64:/usr/local/Ascend/ascend-toolkit/laster/lib64/plugin/opskernel:/usr/local/Ascend/ascend-toolkit/laster/lib64/plugin/nnengine:/usr/local/Ascend/ascend-toolkit/laster/opp/built-in/op_impl/ai_core/tbe/op_tiling:/usr/local/Ascend/driver/lib64:/var/davinci/driver/lib64:/var/davinci/driver/lib64/common:/var/davinci/driver/lib64/driver:/usr/local/Ascend/ascend-toolkit/laster/runtime/lib64/stub/aarch64:/usr/local/Ascend/ascend-toolkit/laster/lib64:/usr/local/Ascend/ascend-toolkit/laster/lib64/plugin/opskernel:/usr/local/Ascend/ascend-toolkit/laster/lib64/plugin/nnengine:/usr/local/Ascend/ascend-toolkit/laster/opp/built-in/op_impl/ai_core/tbe/op_tiling:/usr/local/Ascend/driver/lib64:/var/davinci/driver/lib64:/var/davinci/driver/lib64/common:/var/davinci/driver/lib64/driver PYTHONPATH=/home/HwHiAiUser/wheeltec_ros2/install/yesense_interface/local/lib/python3.10/dist-packages:${PYTHONPATH} _=/usr/bin/env /usr/bin/cmake --install /home/HwHiAiUser/wheeltec_ros2/build/yesense_std_ros2
