-- Install configuration: ""
-- Up-to-date: /home/HwHiAiUser/wheeltec_ros2/install/wheeltec_rviz2/share/wheeltec_rviz2/launch
-- Up-to-date: /home/HwHiAiUser/wheeltec_ros2/install/wheeltec_rviz2/share/wheeltec_rviz2/launch/wheeltec_rtabmapviz.launch.py
-- Up-to-date: /home/HwHiAiUser/wheeltec_ros2/install/wheeltec_rviz2/share/wheeltec_rviz2/launch/wheeltec_rviz.launch.py
-- Up-to-date: /home/HwHiAiUser/wheeltec_ros2/install/wheeltec_rviz2/share/wheeltec_rviz2/rviz
-- Up-to-date: /home/HwHiAiUser/wheeltec_ros2/install/wheeltec_rviz2/share/wheeltec_rviz2/rviz/wheeltec.rviz
-- Up-to-date: /home/HwHiAiUser/wheeltec_ros2/install/wheeltec_rviz2/share/wheeltec_rviz2/rviz/carto_3d.rviz
-- Up-to-date: /home/HwHiAiUser/wheeltec_ros2/install/wheeltec_rviz2/share/wheeltec_rviz2/rviz/lio-sam.rviz
-- Up-to-date: /home/HwHiAiUser/wheeltec_ros2/install/wheeltec_rviz2/share/wheeltec_rviz2/rviz/lego_loam.rviz
-- Up-to-date: /home/HwHiAiUser/wheeltec_ros2/install/wheeltec_rviz2/share/wheeltec_rviz2/rviz/orb_config.rviz
-- Up-to-date: /home/HwHiAiUser/wheeltec_ros2/install/wheeltec_rviz2/share/ament_index/resource_index/package_run_dependencies/wheeltec_rviz2
-- Up-to-date: /home/HwHiAiUser/wheeltec_ros2/install/wheeltec_rviz2/share/ament_index/resource_index/parent_prefix_path/wheeltec_rviz2
-- Up-to-date: /home/HwHiAiUser/wheeltec_ros2/install/wheeltec_rviz2/share/wheeltec_rviz2/environment/ament_prefix_path.sh
-- Up-to-date: /home/HwHiAiUser/wheeltec_ros2/install/wheeltec_rviz2/share/wheeltec_rviz2/environment/ament_prefix_path.dsv
-- Up-to-date: /home/HwHiAiUser/wheeltec_ros2/install/wheeltec_rviz2/share/wheeltec_rviz2/environment/path.sh
-- Up-to-date: /home/HwHiAiUser/wheeltec_ros2/install/wheeltec_rviz2/share/wheeltec_rviz2/environment/path.dsv
-- Up-to-date: /home/HwHiAiUser/wheeltec_ros2/install/wheeltec_rviz2/share/wheeltec_rviz2/local_setup.bash
-- Up-to-date: /home/HwHiAiUser/wheeltec_ros2/install/wheeltec_rviz2/share/wheeltec_rviz2/local_setup.sh
-- Up-to-date: /home/HwHiAiUser/wheeltec_ros2/install/wheeltec_rviz2/share/wheeltec_rviz2/local_setup.zsh
-- Up-to-date: /home/HwHiAiUser/wheeltec_ros2/install/wheeltec_rviz2/share/wheeltec_rviz2/local_setup.dsv
-- Installing: /home/HwHiAiUser/wheeltec_ros2/install/wheeltec_rviz2/share/wheeltec_rviz2/package.dsv
-- Up-to-date: /home/HwHiAiUser/wheeltec_ros2/install/wheeltec_rviz2/share/ament_index/resource_index/packages/wheeltec_rviz2
-- Up-to-date: /home/HwHiAiUser/wheeltec_ros2/install/wheeltec_rviz2/share/wheeltec_rviz2/cmake/wheeltec_rviz2Config.cmake
-- Up-to-date: /home/HwHiAiUser/wheeltec_ros2/install/wheeltec_rviz2/share/wheeltec_rviz2/cmake/wheeltec_rviz2Config-version.cmake
-- Up-to-date: /home/HwHiAiUser/wheeltec_ros2/install/wheeltec_rviz2/share/wheeltec_rviz2/package.xml
