[0.153s] Invoking command in '/home/HwHiAiUser/wheeltec_ros2/build/ldlidar_sl_ros2': CMAKE_PREFIX_PATH=${CMAKE_PREFIX_PATH}:/home/HwHiAiUser/wheeltec_ros2/install/wheeltec_robot_keyboard:/home/HwHiAiUser/wheeltec_ros2/install/tf2_tools:/opt/ros/humble _=/usr/bin/env /usr/bin/cmake --build /home/HwHiAiUser/wheeltec_ros2/build/ldlidar_sl_ros2 -- -j4 -l4
[0.597s] [100%] Built target ldlidar_sl_ros2_node
[0.650s] Invoked command in '/home/HwHiAiUser/wheeltec_ros2/build/ldlidar_sl_ros2' returned '0': CMAKE_PREFIX_PATH=${CMAKE_PREFIX_PATH}:/home/HwHiAiUser/wheeltec_ros2/install/wheeltec_robot_keyboard:/home/HwHiAiUser/wheeltec_ros2/install/tf2_tools:/opt/ros/humble _=/usr/bin/env /usr/bin/cmake --build /home/HwHiAiUser/wheeltec_ros2/build/ldlidar_sl_ros2 -- -j4 -l4
[0.658s] Invoking command in '/home/HwHiAiUser/wheeltec_ros2/build/ldlidar_sl_ros2': CMAKE_PREFIX_PATH=${CMAKE_PREFIX_PATH}:/home/HwHiAiUser/wheeltec_ros2/install/wheeltec_robot_keyboard:/home/HwHiAiUser/wheeltec_ros2/install/tf2_tools:/opt/ros/humble _=/usr/bin/env /usr/bin/cmake --install /home/HwHiAiUser/wheeltec_ros2/build/ldlidar_sl_ros2
[0.748s] -- Install configuration: ""
[0.748s] -- Up-to-date: /home/HwHiAiUser/wheeltec_ros2/install/ldlidar_sl_ros2/lib/ldlidar_sl_ros2/ldlidar_sl_ros2_node
[0.749s] -- Up-to-date: /home/HwHiAiUser/wheeltec_ros2/install/ldlidar_sl_ros2/share/ldlidar_sl_ros2//launch
[0.749s] -- Up-to-date: /home/HwHiAiUser/wheeltec_ros2/install/ldlidar_sl_ros2/share/ldlidar_sl_ros2//launch/ld14.launch.py
[0.749s] -- Up-to-date: /home/HwHiAiUser/wheeltec_ros2/install/ldlidar_sl_ros2/share/ldlidar_sl_ros2//launch/viewer_ld14.launch.py
[0.750s] -- Up-to-date: /home/HwHiAiUser/wheeltec_ros2/install/ldlidar_sl_ros2/share/ldlidar_sl_ros2//rviz2
[0.750s] -- Up-to-date: /home/HwHiAiUser/wheeltec_ros2/install/ldlidar_sl_ros2/share/ldlidar_sl_ros2//rviz2/ldlidar.rviz
[0.750s] -- Up-to-date: /home/HwHiAiUser/wheeltec_ros2/install/ldlidar_sl_ros2/share/ldlidar_sl_ros2//scripts
[0.751s] -- Up-to-date: /home/HwHiAiUser/wheeltec_ros2/install/ldlidar_sl_ros2/share/ldlidar_sl_ros2//scripts/delete_udev_rules.sh
[0.751s] -- Up-to-date: /home/HwHiAiUser/wheeltec_ros2/install/ldlidar_sl_ros2/share/ldlidar_sl_ros2//scripts/ldlidar.rules
[0.751s] -- Up-to-date: /home/HwHiAiUser/wheeltec_ros2/install/ldlidar_sl_ros2/share/ldlidar_sl_ros2//scripts/create_udev_rules.sh
[0.751s] -- Up-to-date: /home/HwHiAiUser/wheeltec_ros2/install/ldlidar_sl_ros2/share/ament_index/resource_index/package_run_dependencies/ldlidar_sl_ros2
[0.752s] -- Up-to-date: /home/HwHiAiUser/wheeltec_ros2/install/ldlidar_sl_ros2/share/ament_index/resource_index/parent_prefix_path/ldlidar_sl_ros2
[0.752s] -- Up-to-date: /home/HwHiAiUser/wheeltec_ros2/install/ldlidar_sl_ros2/share/ldlidar_sl_ros2/environment/ament_prefix_path.sh
[0.752s] -- Up-to-date: /home/HwHiAiUser/wheeltec_ros2/install/ldlidar_sl_ros2/share/ldlidar_sl_ros2/environment/ament_prefix_path.dsv
[0.752s] -- Up-to-date: /home/HwHiAiUser/wheeltec_ros2/install/ldlidar_sl_ros2/share/ldlidar_sl_ros2/environment/path.sh
[0.753s] -- Up-to-date: /home/HwHiAiUser/wheeltec_ros2/install/ldlidar_sl_ros2/share/ldlidar_sl_ros2/environment/path.dsv
[0.753s] -- Up-to-date: /home/HwHiAiUser/wheeltec_ros2/install/ldlidar_sl_ros2/share/ldlidar_sl_ros2/local_setup.bash
[0.754s] -- Up-to-date: /home/HwHiAiUser/wheeltec_ros2/install/ldlidar_sl_ros2/share/ldlidar_sl_ros2/local_setup.sh
[0.754s] -- Up-to-date: /home/HwHiAiUser/wheeltec_ros2/install/ldlidar_sl_ros2/share/ldlidar_sl_ros2/local_setup.zsh
[0.754s] -- Up-to-date: /home/HwHiAiUser/wheeltec_ros2/install/ldlidar_sl_ros2/share/ldlidar_sl_ros2/local_setup.dsv
[0.755s] -- Installing: /home/HwHiAiUser/wheeltec_ros2/install/ldlidar_sl_ros2/share/ldlidar_sl_ros2/package.dsv
[0.755s] -- Up-to-date: /home/HwHiAiUser/wheeltec_ros2/install/ldlidar_sl_ros2/share/ament_index/resource_index/packages/ldlidar_sl_ros2
[0.756s] -- Up-to-date: /home/HwHiAiUser/wheeltec_ros2/install/ldlidar_sl_ros2/share/ldlidar_sl_ros2/cmake/ldlidar_sl_ros2Config.cmake
[0.756s] -- Up-to-date: /home/HwHiAiUser/wheeltec_ros2/install/ldlidar_sl_ros2/share/ldlidar_sl_ros2/cmake/ldlidar_sl_ros2Config-version.cmake
[0.756s] -- Up-to-date: /home/HwHiAiUser/wheeltec_ros2/install/ldlidar_sl_ros2/share/ldlidar_sl_ros2/package.xml
[0.766s] Invoked command in '/home/HwHiAiUser/wheeltec_ros2/build/ldlidar_sl_ros2' returned '0': CMAKE_PREFIX_PATH=${CMAKE_PREFIX_PATH}:/home/HwHiAiUser/wheeltec_ros2/install/wheeltec_robot_keyboard:/home/HwHiAiUser/wheeltec_ros2/install/tf2_tools:/opt/ros/humble _=/usr/bin/env /usr/bin/cmake --install /home/HwHiAiUser/wheeltec_ros2/build/ldlidar_sl_ros2
