[0.057s] Invoking command in '/home/HwHiAiUser/wheeltec_ros2/build/yesense_interface': CMAKE_PREFIX_PATH=/opt/ros/humble _=/usr/bin/env /usr/bin/cmake --build /home/HwHiAiUser/wheeltec_ros2/build/yesense_interface -- -j4 -l4
[0.316s] [  0%] Built target yesense_interface__cpp
[0.424s] [  0%] Built target ament_cmake_python_copy_yesense_interface
[0.503s] [35m[1mConsolidate compiler generated dependencies of target yesense_interface__rosidl_typesupport_fastrtps_cpp[0m
[0.600s] [ 12%] Built target yesense_interface__rosidl_typesupport_fastrtps_cpp
[0.666s] [35m[1mConsolidate compiler generated dependencies of target yesense_interface__rosidl_typesupport_introspection_cpp[0m
[0.748s] [ 25%] Built target yesense_interface__rosidl_typesupport_introspection_cpp
[1.659s] running egg_info
[1.662s] writing yesense_interface.egg-info/PKG-INFO
[1.664s] writing dependency_links to yesense_interface.egg-info/dependency_links.txt
[1.664s] writing top-level names to yesense_interface.egg-info/top_level.txt
[1.672s] reading manifest file 'yesense_interface.egg-info/SOURCES.txt'
[1.677s] writing manifest file 'yesense_interface.egg-info/SOURCES.txt'
[1.851s] [ 25%] Built target ament_cmake_python_build_yesense_interface_egg
[1.922s] [35m[1mConsolidate compiler generated dependencies of target yesense_interface__rosidl_typesupport_cpp[0m
[2.024s] [ 37%] Built target yesense_interface__rosidl_typesupport_cpp
[2.082s] [35m[1mConsolidate compiler generated dependencies of target yesense_interface__rosidl_generator_c[0m
[2.135s] [ 49%] Built target yesense_interface__rosidl_generator_c
[2.198s] [35m[1mConsolidate compiler generated dependencies of target yesense_interface__rosidl_typesupport_fastrtps_c[0m
[2.350s] [ 61%] Built target yesense_interface__rosidl_typesupport_fastrtps_c
[2.351s] [35m[1mConsolidate compiler generated dependencies of target yesense_interface__rosidl_typesupport_c[0m
[2.364s] [ 73%] Built target yesense_interface__rosidl_typesupport_c
[2.426s] [35m[1mConsolidate compiler generated dependencies of target yesense_interface__rosidl_typesupport_introspection_c[0m
[2.499s] [ 85%] Built target yesense_interface__rosidl_typesupport_introspection_c
[2.600s] [ 85%] Built target yesense_interface
[2.613s] [ 86%] Built target yesense_interface__py
[2.692s] [35m[1mConsolidate compiler generated dependencies of target yesense_interface__rosidl_generator_py[0m
[2.770s] [ 97%] Built target yesense_interface__rosidl_generator_py
[2.807s] [35m[1mConsolidate compiler generated dependencies of target yesense_interface__rosidl_typesupport_fastrtps_c__pyext[0m
[2.842s] [ 98%] Built target yesense_interface__rosidl_typesupport_fastrtps_c__pyext
[2.882s] [35m[1mConsolidate compiler generated dependencies of target yesense_interface__rosidl_typesupport_c__pyext[0m
[2.932s] [ 99%] Built target yesense_interface__rosidl_typesupport_c__pyext
[2.974s] [35m[1mConsolidate compiler generated dependencies of target yesense_interface__rosidl_typesupport_introspection_c__pyext[0m
[3.016s] [100%] Built target yesense_interface__rosidl_typesupport_introspection_c__pyext
[3.076s] Invoked command in '/home/HwHiAiUser/wheeltec_ros2/build/yesense_interface' returned '0': CMAKE_PREFIX_PATH=/opt/ros/humble _=/usr/bin/env /usr/bin/cmake --build /home/HwHiAiUser/wheeltec_ros2/build/yesense_interface -- -j4 -l4
[3.093s] Invoking command in '/home/HwHiAiUser/wheeltec_ros2/build/yesense_interface': CMAKE_PREFIX_PATH=/opt/ros/humble _=/usr/bin/env /usr/bin/cmake --install /home/HwHiAiUser/wheeltec_ros2/build/yesense_interface
[3.141s] -- Install configuration: ""
[3.141s] -- Up-to-date: /home/HwHiAiUser/wheeltec_ros2/install/yesense_interface/share/ament_index/resource_index/rosidl_interfaces/yesense_interface
[3.142s] -- Up-to-date: /home/HwHiAiUser/wheeltec_ros2/install/yesense_interface/include/yesense_interface/yesense_interface
[3.143s] -- Up-to-date: /home/HwHiAiUser/wheeltec_ros2/install/yesense_interface/include/yesense_interface/yesense_interface/msg
[3.143s] -- Up-to-date: /home/HwHiAiUser/wheeltec_ros2/install/yesense_interface/include/yesense_interface/yesense_interface/msg/attitude_min_ahrs.h
[3.146s] -- Up-to-date: /home/HwHiAiUser/wheeltec_ros2/install/yesense_interface/include/yesense_interface/yesense_interface/msg/detail
[3.147s] -- Up-to-date: /home/HwHiAiUser/wheeltec_ros2/install/yesense_interface/include/yesense_interface/yesense_interface/msg/detail/tid__functions.h
[3.147s] -- Up-to-date: /home/HwHiAiUser/wheeltec_ros2/install/yesense_interface/include/yesense_interface/yesense_interface/msg/detail/utc__functions.h
[3.147s] -- Up-to-date: /home/HwHiAiUser/wheeltec_ros2/install/yesense_interface/include/yesense_interface/yesense_interface/msg/detail/attitude_min_vru__type_support.h
[3.147s] -- Up-to-date: /home/HwHiAiUser/wheeltec_ros2/install/yesense_interface/include/yesense_interface/yesense_interface/msg/detail/quat__struct.h
[3.147s] -- Up-to-date: /home/HwHiAiUser/wheeltec_ros2/install/yesense_interface/include/yesense_interface/yesense_interface/msg/detail/imu_data__type_support.h
[3.148s] -- Up-to-date: /home/HwHiAiUser/wheeltec_ros2/install/yesense_interface/include/yesense_interface/yesense_interface/msg/detail/quat__functions.h
[3.148s] -- Up-to-date: /home/HwHiAiUser/wheeltec_ros2/install/yesense_interface/include/yesense_interface/yesense_interface/msg/detail/pos_only__struct.h
[3.148s] -- Up-to-date: /home/HwHiAiUser/wheeltec_ros2/install/yesense_interface/include/yesense_interface/yesense_interface/msg/detail/three_axis__functions.c
[3.148s] -- Up-to-date: /home/HwHiAiUser/wheeltec_ros2/install/yesense_interface/include/yesense_interface/yesense_interface/msg/detail/quat__type_support.h
[3.148s] -- Up-to-date: /home/HwHiAiUser/wheeltec_ros2/install/yesense_interface/include/yesense_interface/yesense_interface/msg/detail/utc__functions.c
[3.149s] -- Up-to-date: /home/HwHiAiUser/wheeltec_ros2/install/yesense_interface/include/yesense_interface/yesense_interface/msg/detail/robot_lord__functions.h
[3.149s] -- Up-to-date: /home/HwHiAiUser/wheeltec_ros2/install/yesense_interface/include/yesense_interface/yesense_interface/msg/detail/three_axis__functions.h
[3.149s] -- Up-to-date: /home/HwHiAiUser/wheeltec_ros2/install/yesense_interface/include/yesense_interface/yesense_interface/msg/detail/nav_min__type_support.h
[3.149s] -- Up-to-date: /home/HwHiAiUser/wheeltec_ros2/install/yesense_interface/include/yesense_interface/yesense_interface/msg/detail/sensor_temp__struct.h
[3.150s] -- Up-to-date: /home/HwHiAiUser/wheeltec_ros2/install/yesense_interface/include/yesense_interface/yesense_interface/msg/detail/quat__functions.c
[3.150s] -- Up-to-date: /home/HwHiAiUser/wheeltec_ros2/install/yesense_interface/include/yesense_interface/yesense_interface/msg/detail/sample_timestamp__functions.h
[3.150s] -- Up-to-date: /home/HwHiAiUser/wheeltec_ros2/install/yesense_interface/include/yesense_interface/yesense_interface/msg/detail/imu_data__functions.c
[3.150s] -- Up-to-date: /home/HwHiAiUser/wheeltec_ros2/install/yesense_interface/include/yesense_interface/yesense_interface/msg/detail/sensor_temp__functions.h
[3.150s] -- Up-to-date: /home/HwHiAiUser/wheeltec_ros2/install/yesense_interface/include/yesense_interface/yesense_interface/msg/detail/nav_all__functions.c
[3.151s] -- Up-to-date: /home/HwHiAiUser/wheeltec_ros2/install/yesense_interface/include/yesense_interface/yesense_interface/msg/detail/utc__struct.h
[3.151s] -- Up-to-date: /home/HwHiAiUser/wheeltec_ros2/install/yesense_interface/include/yesense_interface/yesense_interface/msg/detail/gnss_pos__type_support.h
[3.151s] -- Up-to-date: /home/HwHiAiUser/wheeltec_ros2/install/yesense_interface/include/yesense_interface/yesense_interface/msg/detail/sensor_temp__type_support.h
[3.151s] -- Up-to-date: /home/HwHiAiUser/wheeltec_ros2/install/yesense_interface/include/yesense_interface/yesense_interface/msg/detail/utc__type_support.h
[3.151s] -- Up-to-date: /home/HwHiAiUser/wheeltec_ros2/install/yesense_interface/include/yesense_interface/yesense_interface/msg/detail/robot_lord__struct.h
[3.151s] -- Up-to-date: /home/HwHiAiUser/wheeltec_ros2/install/yesense_interface/include/yesense_interface/yesense_interface/msg/detail/tid__type_support.h
[3.152s] -- Up-to-date: /home/HwHiAiUser/wheeltec_ros2/install/yesense_interface/include/yesense_interface/yesense_interface/msg/detail/attitude_min_vru__struct.h
[3.152s] -- Up-to-date: /home/HwHiAiUser/wheeltec_ros2/install/yesense_interface/include/yesense_interface/yesense_interface/msg/detail/gnss_pos__functions.h
[3.152s] -- Up-to-date: /home/HwHiAiUser/wheeltec_ros2/install/yesense_interface/include/yesense_interface/yesense_interface/msg/detail/nav_min__functions.c
[3.152s] -- Up-to-date: /home/HwHiAiUser/wheeltec_ros2/install/yesense_interface/include/yesense_interface/yesense_interface/msg/detail/vel__functions.h
[3.152s] -- Up-to-date: /home/HwHiAiUser/wheeltec_ros2/install/yesense_interface/include/yesense_interface/yesense_interface/msg/detail/nav_min__functions.h
[3.153s] -- Up-to-date: /home/HwHiAiUser/wheeltec_ros2/install/yesense_interface/include/yesense_interface/yesense_interface/msg/detail/nav_min_utc__type_support.h
[3.158s] -- Up-to-date: /home/HwHiAiUser/wheeltec_ros2/install/yesense_interface/include/yesense_interface/yesense_interface/msg/detail/three_axis__type_support.h
[3.159s] -- Up-to-date: /home/HwHiAiUser/wheeltec_ros2/install/yesense_interface/include/yesense_interface/yesense_interface/msg/detail/nav_min_utc__functions.c
[3.160s] -- Up-to-date: /home/HwHiAiUser/wheeltec_ros2/install/yesense_interface/include/yesense_interface/yesense_interface/msg/detail/pos_only__functions.c
[3.163s] -- Up-to-date: /home/HwHiAiUser/wheeltec_ros2/install/yesense_interface/include/yesense_interface/yesense_interface/msg/detail/robot_lord__functions.c
[3.175s] -- Up-to-date: /home/HwHiAiUser/wheeltec_ros2/install/yesense_interface/include/yesense_interface/yesense_interface/msg/detail/pressure__type_support.h
[3.179s] -- Up-to-date: /home/HwHiAiUser/wheeltec_ros2/install/yesense_interface/include/yesense_interface/yesense_interface/msg/detail/attitude_min_ahrs__type_support.h
[3.183s] -- Up-to-date: /home/HwHiAiUser/wheeltec_ros2/install/yesense_interface/include/yesense_interface/yesense_interface/msg/detail/attitude_all_data__functions.h
[3.183s] -- Up-to-date: /home/HwHiAiUser/wheeltec_ros2/install/yesense_interface/include/yesense_interface/yesense_interface/msg/detail/attitude_all_data__functions.c
[3.184s] -- Up-to-date: /home/HwHiAiUser/wheeltec_ros2/install/yesense_interface/include/yesense_interface/yesense_interface/msg/detail/sample_timestamp__struct.h
[3.184s] -- Up-to-date: /home/HwHiAiUser/wheeltec_ros2/install/yesense_interface/include/yesense_interface/yesense_interface/msg/detail/tid__struct.h
[3.184s] -- Up-to-date: /home/HwHiAiUser/wheeltec_ros2/install/yesense_interface/include/yesense_interface/yesense_interface/msg/detail/euler_angle__type_support.h
[3.185s] -- Up-to-date: /home/HwHiAiUser/wheeltec_ros2/install/yesense_interface/include/yesense_interface/yesense_interface/msg/detail/nav_min_utc__struct.h
[3.185s] -- Up-to-date: /home/HwHiAiUser/wheeltec_ros2/install/yesense_interface/include/yesense_interface/yesense_interface/msg/detail/euler_only__functions.c
[3.186s] -- Up-to-date: /home/HwHiAiUser/wheeltec_ros2/install/yesense_interface/include/yesense_interface/yesense_interface/msg/detail/imu_data_ten_axis__functions.h
[3.186s] -- Up-to-date: /home/HwHiAiUser/wheeltec_ros2/install/yesense_interface/include/yesense_interface/yesense_interface/msg/detail/pressure__struct.h
[3.187s] -- Up-to-date: /home/HwHiAiUser/wheeltec_ros2/install/yesense_interface/include/yesense_interface/yesense_interface/msg/detail/gnss_pos__functions.c
[3.187s] -- Up-to-date: /home/HwHiAiUser/wheeltec_ros2/install/yesense_interface/include/yesense_interface/yesense_interface/msg/detail/nav_min_utc__functions.h
[3.188s] -- Up-to-date: /home/HwHiAiUser/wheeltec_ros2/install/yesense_interface/include/yesense_interface/yesense_interface/msg/detail/attitude_min_vru__functions.h
[3.188s] -- Up-to-date: /home/HwHiAiUser/wheeltec_ros2/install/yesense_interface/include/yesense_interface/yesense_interface/msg/detail/imu_data__struct.h
[3.188s] -- Up-to-date: /home/HwHiAiUser/wheeltec_ros2/install/yesense_interface/include/yesense_interface/yesense_interface/msg/detail/attitude_all_data__struct.h
[3.189s] -- Up-to-date: /home/HwHiAiUser/wheeltec_ros2/install/yesense_interface/include/yesense_interface/yesense_interface/msg/detail/gnss_pos__struct.h
[3.189s] -- Up-to-date: /home/HwHiAiUser/wheeltec_ros2/install/yesense_interface/include/yesense_interface/yesense_interface/msg/detail/imu_data_ten_axis__functions.c
[3.189s] -- Up-to-date: /home/HwHiAiUser/wheeltec_ros2/install/yesense_interface/include/yesense_interface/yesense_interface/msg/detail/three_axis__struct.h
[3.190s] -- Up-to-date: /home/HwHiAiUser/wheeltec_ros2/install/yesense_interface/include/yesense_interface/yesense_interface/msg/detail/sample_timestamp__functions.c
[3.191s] -- Up-to-date: /home/HwHiAiUser/wheeltec_ros2/install/yesense_interface/include/yesense_interface/yesense_interface/msg/detail/imu_data__functions.h
[3.192s] -- Up-to-date: /home/HwHiAiUser/wheeltec_ros2/install/yesense_interface/include/yesense_interface/yesense_interface/msg/detail/attitude_min_ahrs__functions.c
[3.193s] -- Up-to-date: /home/HwHiAiUser/wheeltec_ros2/install/yesense_interface/include/yesense_interface/yesense_interface/msg/detail/euler_only__functions.h
[3.193s] -- Up-to-date: /home/HwHiAiUser/wheeltec_ros2/install/yesense_interface/include/yesense_interface/yesense_interface/msg/detail/nav_all__type_support.h
[3.194s] -- Up-to-date: /home/HwHiAiUser/wheeltec_ros2/install/yesense_interface/include/yesense_interface/yesense_interface/msg/detail/euler_angle__functions.h
[3.194s] -- Up-to-date: /home/HwHiAiUser/wheeltec_ros2/install/yesense_interface/include/yesense_interface/yesense_interface/msg/detail/pos_only__functions.h
[3.195s] -- Up-to-date: /home/HwHiAiUser/wheeltec_ros2/install/yesense_interface/include/yesense_interface/yesense_interface/msg/detail/nav_all__struct.h
[3.195s] -- Up-to-date: /home/HwHiAiUser/wheeltec_ros2/install/yesense_interface/include/yesense_interface/yesense_interface/msg/detail/pos_only__type_support.h
[3.195s] -- Up-to-date: /home/HwHiAiUser/wheeltec_ros2/install/yesense_interface/include/yesense_interface/yesense_interface/msg/detail/sensor_temp__functions.c
[3.195s] -- Up-to-date: /home/HwHiAiUser/wheeltec_ros2/install/yesense_interface/include/yesense_interface/yesense_interface/msg/detail/imu_data_ten_axis__struct.h
[3.196s] -- Up-to-date: /home/HwHiAiUser/wheeltec_ros2/install/yesense_interface/include/yesense_interface/yesense_interface/msg/detail/attitude_min_ahrs__struct.h
[3.198s] -- Up-to-date: /home/HwHiAiUser/wheeltec_ros2/install/yesense_interface/include/yesense_interface/yesense_interface/msg/detail/imu_data_ten_axis__type_support.h
[3.198s] -- Up-to-date: /home/HwHiAiUser/wheeltec_ros2/install/yesense_interface/include/yesense_interface/yesense_interface/msg/detail/attitude_min_ahrs__functions.h
[3.199s] -- Up-to-date: /home/HwHiAiUser/wheeltec_ros2/install/yesense_interface/include/yesense_interface/yesense_interface/msg/detail/nav_status__functions.c
[3.199s] -- Up-to-date: /home/HwHiAiUser/wheeltec_ros2/install/yesense_interface/include/yesense_interface/yesense_interface/msg/detail/attitude_min_vru__functions.c
[3.200s] -- Up-to-date: /home/HwHiAiUser/wheeltec_ros2/install/yesense_interface/include/yesense_interface/yesense_interface/msg/detail/nav_status__struct.h
[3.200s] -- Up-to-date: /home/HwHiAiUser/wheeltec_ros2/install/yesense_interface/include/yesense_interface/yesense_interface/msg/detail/vel__struct.h
[3.201s] -- Up-to-date: /home/HwHiAiUser/wheeltec_ros2/install/yesense_interface/include/yesense_interface/yesense_interface/msg/detail/nav_status__type_support.h
[3.201s] -- Up-to-date: /home/HwHiAiUser/wheeltec_ros2/install/yesense_interface/include/yesense_interface/yesense_interface/msg/detail/vel__type_support.h
[3.202s] -- Up-to-date: /home/HwHiAiUser/wheeltec_ros2/install/yesense_interface/include/yesense_interface/yesense_interface/msg/detail/vel__functions.c
[3.202s] -- Up-to-date: /home/HwHiAiUser/wheeltec_ros2/install/yesense_interface/include/yesense_interface/yesense_interface/msg/detail/attitude_all_data__type_support.h
[3.203s] -- Up-to-date: /home/HwHiAiUser/wheeltec_ros2/install/yesense_interface/include/yesense_interface/yesense_interface/msg/detail/euler_angle__struct.h
[3.203s] -- Up-to-date: /home/HwHiAiUser/wheeltec_ros2/install/yesense_interface/include/yesense_interface/yesense_interface/msg/detail/pressure__functions.c
[3.203s] -- Up-to-date: /home/HwHiAiUser/wheeltec_ros2/install/yesense_interface/include/yesense_interface/yesense_interface/msg/detail/euler_angle__functions.c
[3.203s] -- Up-to-date: /home/HwHiAiUser/wheeltec_ros2/install/yesense_interface/include/yesense_interface/yesense_interface/msg/detail/pressure__functions.h
[3.203s] -- Up-to-date: /home/HwHiAiUser/wheeltec_ros2/install/yesense_interface/include/yesense_interface/yesense_interface/msg/detail/robot_lord__type_support.h
[3.204s] -- Up-to-date: /home/HwHiAiUser/wheeltec_ros2/install/yesense_interface/include/yesense_interface/yesense_interface/msg/detail/tid__functions.c
[3.204s] -- Up-to-date: /home/HwHiAiUser/wheeltec_ros2/install/yesense_interface/include/yesense_interface/yesense_interface/msg/detail/nav_status__functions.h
[3.212s] -- Up-to-date: /home/HwHiAiUser/wheeltec_ros2/install/yesense_interface/include/yesense_interface/yesense_interface/msg/detail/nav_all__functions.h
[3.213s] -- Up-to-date: /home/HwHiAiUser/wheeltec_ros2/install/yesense_interface/include/yesense_interface/yesense_interface/msg/detail/sample_timestamp__type_support.h
[3.213s] -- Up-to-date: /home/HwHiAiUser/wheeltec_ros2/install/yesense_interface/include/yesense_interface/yesense_interface/msg/detail/nav_min__struct.h
[3.213s] -- Up-to-date: /home/HwHiAiUser/wheeltec_ros2/install/yesense_interface/include/yesense_interface/yesense_interface/msg/detail/euler_only__struct.h
[3.214s] -- Up-to-date: /home/HwHiAiUser/wheeltec_ros2/install/yesense_interface/include/yesense_interface/yesense_interface/msg/detail/euler_only__type_support.h
[3.214s] -- Up-to-date: /home/HwHiAiUser/wheeltec_ros2/install/yesense_interface/include/yesense_interface/yesense_interface/msg/rosidl_generator_c__visibility_control.h
[3.214s] -- Up-to-date: /home/HwHiAiUser/wheeltec_ros2/install/yesense_interface/include/yesense_interface/yesense_interface/msg/euler_angle.h
[3.214s] -- Up-to-date: /home/HwHiAiUser/wheeltec_ros2/install/yesense_interface/include/yesense_interface/yesense_interface/msg/three_axis.h
[3.214s] -- Up-to-date: /home/HwHiAiUser/wheeltec_ros2/install/yesense_interface/include/yesense_interface/yesense_interface/msg/sensor_temp.h
[3.215s] -- Up-to-date: /home/HwHiAiUser/wheeltec_ros2/install/yesense_interface/include/yesense_interface/yesense_interface/msg/sample_timestamp.h
[3.215s] -- Up-to-date: /home/HwHiAiUser/wheeltec_ros2/install/yesense_interface/include/yesense_interface/yesense_interface/msg/robot_lord.h
[3.215s] -- Up-to-date: /home/HwHiAiUser/wheeltec_ros2/install/yesense_interface/include/yesense_interface/yesense_interface/msg/gnss_pos.h
[3.215s] -- Up-to-date: /home/HwHiAiUser/wheeltec_ros2/install/yesense_interface/include/yesense_interface/yesense_interface/msg/nav_all.h
[3.215s] -- Up-to-date: /home/HwHiAiUser/wheeltec_ros2/install/yesense_interface/include/yesense_interface/yesense_interface/msg/vel.h
[3.215s] -- Up-to-date: /home/HwHiAiUser/wheeltec_ros2/install/yesense_interface/include/yesense_interface/yesense_interface/msg/imu_data.h
[3.216s] -- Up-to-date: /home/HwHiAiUser/wheeltec_ros2/install/yesense_interface/include/yesense_interface/yesense_interface/msg/euler_only.h
[3.216s] -- Up-to-date: /home/HwHiAiUser/wheeltec_ros2/install/yesense_interface/include/yesense_interface/yesense_interface/msg/nav_min.h
[3.216s] -- Up-to-date: /home/HwHiAiUser/wheeltec_ros2/install/yesense_interface/include/yesense_interface/yesense_interface/msg/nav_min_utc.h
[3.216s] -- Up-to-date: /home/HwHiAiUser/wheeltec_ros2/install/yesense_interface/include/yesense_interface/yesense_interface/msg/utc.h
[3.216s] -- Up-to-date: /home/HwHiAiUser/wheeltec_ros2/install/yesense_interface/include/yesense_interface/yesense_interface/msg/attitude_all_data.h
[3.216s] -- Up-to-date: /home/HwHiAiUser/wheeltec_ros2/install/yesense_interface/include/yesense_interface/yesense_interface/msg/imu_data_ten_axis.h
[3.217s] -- Up-to-date: /home/HwHiAiUser/wheeltec_ros2/install/yesense_interface/include/yesense_interface/yesense_interface/msg/nav_status.h
[3.217s] -- Up-to-date: /home/HwHiAiUser/wheeltec_ros2/install/yesense_interface/include/yesense_interface/yesense_interface/msg/tid.h
[3.217s] -- Up-to-date: /home/HwHiAiUser/wheeltec_ros2/install/yesense_interface/include/yesense_interface/yesense_interface/msg/attitude_min_vru.h
[3.217s] -- Up-to-date: /home/HwHiAiUser/wheeltec_ros2/install/yesense_interface/include/yesense_interface/yesense_interface/msg/quat.h
[3.218s] -- Up-to-date: /home/HwHiAiUser/wheeltec_ros2/install/yesense_interface/include/yesense_interface/yesense_interface/msg/pos_only.h
[3.218s] -- Up-to-date: /home/HwHiAiUser/wheeltec_ros2/install/yesense_interface/include/yesense_interface/yesense_interface/msg/pressure.h
[3.218s] -- Up-to-date: /home/HwHiAiUser/wheeltec_ros2/install/yesense_interface/share/yesense_interface/environment/library_path.sh
[3.218s] -- Up-to-date: /home/HwHiAiUser/wheeltec_ros2/install/yesense_interface/share/yesense_interface/environment/library_path.dsv
[3.218s] -- Up-to-date: /home/HwHiAiUser/wheeltec_ros2/install/yesense_interface/lib/libyesense_interface__rosidl_generator_c.so
[3.219s] -- Up-to-date: /home/HwHiAiUser/wheeltec_ros2/install/yesense_interface/include/yesense_interface/yesense_interface
[3.219s] -- Up-to-date: /home/HwHiAiUser/wheeltec_ros2/install/yesense_interface/include/yesense_interface/yesense_interface/msg
[3.219s] -- Up-to-date: /home/HwHiAiUser/wheeltec_ros2/install/yesense_interface/include/yesense_interface/yesense_interface/msg/detail
[3.219s] -- Up-to-date: /home/HwHiAiUser/wheeltec_ros2/install/yesense_interface/include/yesense_interface/yesense_interface/msg/detail/nav_status__rosidl_typesupport_fastrtps_c.h
[3.219s] -- Up-to-date: /home/HwHiAiUser/wheeltec_ros2/install/yesense_interface/include/yesense_interface/yesense_interface/msg/detail/pressure__rosidl_typesupport_fastrtps_c.h
[3.219s] -- Up-to-date: /home/HwHiAiUser/wheeltec_ros2/install/yesense_interface/include/yesense_interface/yesense_interface/msg/detail/nav_all__rosidl_typesupport_fastrtps_c.h
[3.220s] -- Up-to-date: /home/HwHiAiUser/wheeltec_ros2/install/yesense_interface/include/yesense_interface/yesense_interface/msg/detail/attitude_min_vru__rosidl_typesupport_fastrtps_c.h
[3.220s] -- Up-to-date: /home/HwHiAiUser/wheeltec_ros2/install/yesense_interface/include/yesense_interface/yesense_interface/msg/detail/attitude_all_data__rosidl_typesupport_fastrtps_c.h
[3.220s] -- Up-to-date: /home/HwHiAiUser/wheeltec_ros2/install/yesense_interface/include/yesense_interface/yesense_interface/msg/detail/euler_angle__rosidl_typesupport_fastrtps_c.h
[3.220s] -- Up-to-date: /home/HwHiAiUser/wheeltec_ros2/install/yesense_interface/include/yesense_interface/yesense_interface/msg/detail/nav_min_utc__rosidl_typesupport_fastrtps_c.h
[3.220s] -- Up-to-date: /home/HwHiAiUser/wheeltec_ros2/install/yesense_interface/include/yesense_interface/yesense_interface/msg/detail/imu_data__rosidl_typesupport_fastrtps_c.h
[3.220s] -- Up-to-date: /home/HwHiAiUser/wheeltec_ros2/install/yesense_interface/include/yesense_interface/yesense_interface/msg/detail/nav_min__rosidl_typesupport_fastrtps_c.h
[3.221s] -- Up-to-date: /home/HwHiAiUser/wheeltec_ros2/install/yesense_interface/include/yesense_interface/yesense_interface/msg/detail/pos_only__rosidl_typesupport_fastrtps_c.h
[3.221s] -- Up-to-date: /home/HwHiAiUser/wheeltec_ros2/install/yesense_interface/include/yesense_interface/yesense_interface/msg/detail/gnss_pos__rosidl_typesupport_fastrtps_c.h
[3.221s] -- Up-to-date: /home/HwHiAiUser/wheeltec_ros2/install/yesense_interface/include/yesense_interface/yesense_interface/msg/detail/sensor_temp__rosidl_typesupport_fastrtps_c.h
[3.221s] -- Up-to-date: /home/HwHiAiUser/wheeltec_ros2/install/yesense_interface/include/yesense_interface/yesense_interface/msg/detail/attitude_min_ahrs__rosidl_typesupport_fastrtps_c.h
[3.221s] -- Up-to-date: /home/HwHiAiUser/wheeltec_ros2/install/yesense_interface/include/yesense_interface/yesense_interface/msg/detail/euler_only__rosidl_typesupport_fastrtps_c.h
[3.222s] -- Up-to-date: /home/HwHiAiUser/wheeltec_ros2/install/yesense_interface/include/yesense_interface/yesense_interface/msg/detail/tid__rosidl_typesupport_fastrtps_c.h
[3.222s] -- Up-to-date: /home/HwHiAiUser/wheeltec_ros2/install/yesense_interface/include/yesense_interface/yesense_interface/msg/detail/utc__rosidl_typesupport_fastrtps_c.h
[3.222s] -- Up-to-date: /home/HwHiAiUser/wheeltec_ros2/install/yesense_interface/include/yesense_interface/yesense_interface/msg/detail/sample_timestamp__rosidl_typesupport_fastrtps_c.h
[3.222s] -- Up-to-date: /home/HwHiAiUser/wheeltec_ros2/install/yesense_interface/include/yesense_interface/yesense_interface/msg/detail/three_axis__rosidl_typesupport_fastrtps_c.h
[3.222s] -- Up-to-date: /home/HwHiAiUser/wheeltec_ros2/install/yesense_interface/include/yesense_interface/yesense_interface/msg/detail/robot_lord__rosidl_typesupport_fastrtps_c.h
[3.222s] -- Up-to-date: /home/HwHiAiUser/wheeltec_ros2/install/yesense_interface/include/yesense_interface/yesense_interface/msg/detail/quat__rosidl_typesupport_fastrtps_c.h
[3.223s] -- Up-to-date: /home/HwHiAiUser/wheeltec_ros2/install/yesense_interface/include/yesense_interface/yesense_interface/msg/detail/vel__rosidl_typesupport_fastrtps_c.h
[3.223s] -- Up-to-date: /home/HwHiAiUser/wheeltec_ros2/install/yesense_interface/include/yesense_interface/yesense_interface/msg/detail/imu_data_ten_axis__rosidl_typesupport_fastrtps_c.h
[3.223s] -- Up-to-date: /home/HwHiAiUser/wheeltec_ros2/install/yesense_interface/include/yesense_interface/yesense_interface/msg/rosidl_typesupport_fastrtps_c__visibility_control.h
[3.223s] -- Up-to-date: /home/HwHiAiUser/wheeltec_ros2/install/yesense_interface/lib/libyesense_interface__rosidl_typesupport_fastrtps_c.so
[3.223s] -- Up-to-date: /home/HwHiAiUser/wheeltec_ros2/install/yesense_interface/include/yesense_interface/yesense_interface
[3.224s] -- Up-to-date: /home/HwHiAiUser/wheeltec_ros2/install/yesense_interface/include/yesense_interface/yesense_interface/msg
[3.224s] -- Up-to-date: /home/HwHiAiUser/wheeltec_ros2/install/yesense_interface/include/yesense_interface/yesense_interface/msg/detail
[3.224s] -- Up-to-date: /home/HwHiAiUser/wheeltec_ros2/install/yesense_interface/include/yesense_interface/yesense_interface/msg/detail/attitude_all_data__rosidl_typesupport_introspection_c.h
[3.224s] -- Up-to-date: /home/HwHiAiUser/wheeltec_ros2/install/yesense_interface/include/yesense_interface/yesense_interface/msg/detail/euler_only__type_support.c
[3.236s] -- Up-to-date: /home/HwHiAiUser/wheeltec_ros2/install/yesense_interface/include/yesense_interface/yesense_interface/msg/detail/imu_data__rosidl_typesupport_introspection_c.h
[3.236s] -- Up-to-date: /home/HwHiAiUser/wheeltec_ros2/install/yesense_interface/include/yesense_interface/yesense_interface/msg/detail/attitude_all_data__type_support.c
[3.237s] -- Up-to-date: /home/HwHiAiUser/wheeltec_ros2/install/yesense_interface/include/yesense_interface/yesense_interface/msg/detail/pos_only__type_support.c
[3.237s] -- Up-to-date: /home/HwHiAiUser/wheeltec_ros2/install/yesense_interface/include/yesense_interface/yesense_interface/msg/detail/nav_min_utc__type_support.c
[3.237s] -- Up-to-date: /home/HwHiAiUser/wheeltec_ros2/install/yesense_interface/include/yesense_interface/yesense_interface/msg/detail/pos_only__rosidl_typesupport_introspection_c.h
[3.238s] -- Up-to-date: /home/HwHiAiUser/wheeltec_ros2/install/yesense_interface/include/yesense_interface/yesense_interface/msg/detail/nav_min__type_support.c
[3.238s] -- Up-to-date: /home/HwHiAiUser/wheeltec_ros2/install/yesense_interface/include/yesense_interface/yesense_interface/msg/detail/utc__rosidl_typesupport_introspection_c.h
[3.238s] -- Up-to-date: /home/HwHiAiUser/wheeltec_ros2/install/yesense_interface/include/yesense_interface/yesense_interface/msg/detail/imu_data__type_support.c
[3.238s] -- Up-to-date: /home/HwHiAiUser/wheeltec_ros2/install/yesense_interface/include/yesense_interface/yesense_interface/msg/detail/imu_data_ten_axis__type_support.c
[3.238s] -- Up-to-date: /home/HwHiAiUser/wheeltec_ros2/install/yesense_interface/include/yesense_interface/yesense_interface/msg/detail/robot_lord__rosidl_typesupport_introspection_c.h
[3.239s] -- Up-to-date: /home/HwHiAiUser/wheeltec_ros2/install/yesense_interface/include/yesense_interface/yesense_interface/msg/detail/three_axis__type_support.c
[3.239s] -- Up-to-date: /home/HwHiAiUser/wheeltec_ros2/install/yesense_interface/include/yesense_interface/yesense_interface/msg/detail/nav_all__rosidl_typesupport_introspection_c.h
[3.239s] -- Up-to-date: /home/HwHiAiUser/wheeltec_ros2/install/yesense_interface/include/yesense_interface/yesense_interface/msg/detail/vel__rosidl_typesupport_introspection_c.h
[3.239s] -- Up-to-date: /home/HwHiAiUser/wheeltec_ros2/install/yesense_interface/include/yesense_interface/yesense_interface/msg/detail/nav_status__type_support.c
[3.239s] -- Up-to-date: /home/HwHiAiUser/wheeltec_ros2/install/yesense_interface/include/yesense_interface/yesense_interface/msg/detail/pressure__rosidl_typesupport_introspection_c.h
[3.239s] -- Up-to-date: /home/HwHiAiUser/wheeltec_ros2/install/yesense_interface/include/yesense_interface/yesense_interface/msg/detail/attitude_min_ahrs__type_support.c
[3.240s] -- Up-to-date: /home/HwHiAiUser/wheeltec_ros2/install/yesense_interface/include/yesense_interface/yesense_interface/msg/detail/sensor_temp__type_support.c
[3.240s] -- Up-to-date: /home/HwHiAiUser/wheeltec_ros2/install/yesense_interface/include/yesense_interface/yesense_interface/msg/detail/nav_status__rosidl_typesupport_introspection_c.h
[3.240s] -- Up-to-date: /home/HwHiAiUser/wheeltec_ros2/install/yesense_interface/include/yesense_interface/yesense_interface/msg/detail/sample_timestamp__type_support.c
[3.240s] -- Up-to-date: /home/HwHiAiUser/wheeltec_ros2/install/yesense_interface/include/yesense_interface/yesense_interface/msg/detail/euler_angle__rosidl_typesupport_introspection_c.h
[3.240s] -- Up-to-date: /home/HwHiAiUser/wheeltec_ros2/install/yesense_interface/include/yesense_interface/yesense_interface/msg/detail/tid__type_support.c
[3.240s] -- Up-to-date: /home/HwHiAiUser/wheeltec_ros2/install/yesense_interface/include/yesense_interface/yesense_interface/msg/detail/sample_timestamp__rosidl_typesupport_introspection_c.h
[3.247s] -- Up-to-date: /home/HwHiAiUser/wheeltec_ros2/install/yesense_interface/include/yesense_interface/yesense_interface/msg/detail/gnss_pos__rosidl_typesupport_introspection_c.h
[3.248s] -- Up-to-date: /home/HwHiAiUser/wheeltec_ros2/install/yesense_interface/include/yesense_interface/yesense_interface/msg/detail/vel__type_support.c
[3.248s] -- Up-to-date: /home/HwHiAiUser/wheeltec_ros2/install/yesense_interface/include/yesense_interface/yesense_interface/msg/detail/nav_min__rosidl_typesupport_introspection_c.h
[3.248s] -- Up-to-date: /home/HwHiAiUser/wheeltec_ros2/install/yesense_interface/include/yesense_interface/yesense_interface/msg/detail/utc__type_support.c
[3.248s] -- Up-to-date: /home/HwHiAiUser/wheeltec_ros2/install/yesense_interface/include/yesense_interface/yesense_interface/msg/detail/imu_data_ten_axis__rosidl_typesupport_introspection_c.h
[3.249s] -- Up-to-date: /home/HwHiAiUser/wheeltec_ros2/install/yesense_interface/include/yesense_interface/yesense_interface/msg/detail/tid__rosidl_typesupport_introspection_c.h
[3.249s] -- Up-to-date: /home/HwHiAiUser/wheeltec_ros2/install/yesense_interface/include/yesense_interface/yesense_interface/msg/detail/quat__rosidl_typesupport_introspection_c.h
[3.249s] -- Up-to-date: /home/HwHiAiUser/wheeltec_ros2/install/yesense_interface/include/yesense_interface/yesense_interface/msg/detail/attitude_min_vru__rosidl_typesupport_introspection_c.h
[3.249s] -- Up-to-date: /home/HwHiAiUser/wheeltec_ros2/install/yesense_interface/include/yesense_interface/yesense_interface/msg/detail/quat__type_support.c
[3.249s] -- Up-to-date: /home/HwHiAiUser/wheeltec_ros2/install/yesense_interface/include/yesense_interface/yesense_interface/msg/detail/euler_angle__type_support.c
[3.250s] -- Up-to-date: /home/HwHiAiUser/wheeltec_ros2/install/yesense_interface/include/yesense_interface/yesense_interface/msg/detail/nav_min_utc__rosidl_typesupport_introspection_c.h
[3.250s] -- Up-to-date: /home/HwHiAiUser/wheeltec_ros2/install/yesense_interface/include/yesense_interface/yesense_interface/msg/detail/robot_lord__type_support.c
[3.250s] -- Up-to-date: /home/HwHiAiUser/wheeltec_ros2/install/yesense_interface/include/yesense_interface/yesense_interface/msg/detail/three_axis__rosidl_typesupport_introspection_c.h
[3.252s] -- Up-to-date: /home/HwHiAiUser/wheeltec_ros2/install/yesense_interface/include/yesense_interface/yesense_interface/msg/detail/sensor_temp__rosidl_typesupport_introspection_c.h
[3.261s] -- Up-to-date: /home/HwHiAiUser/wheeltec_ros2/install/yesense_interface/include/yesense_interface/yesense_interface/msg/detail/attitude_min_ahrs__rosidl_typesupport_introspection_c.h
[3.261s] -- Up-to-date: /home/HwHiAiUser/wheeltec_ros2/install/yesense_interface/include/yesense_interface/yesense_interface/msg/detail/attitude_min_vru__type_support.c
[3.262s] -- Up-to-date: /home/HwHiAiUser/wheeltec_ros2/install/yesense_interface/include/yesense_interface/yesense_interface/msg/detail/euler_only__rosidl_typesupport_introspection_c.h
[3.262s] -- Up-to-date: /home/HwHiAiUser/wheeltec_ros2/install/yesense_interface/include/yesense_interface/yesense_interface/msg/detail/pressure__type_support.c
[3.262s] -- Up-to-date: /home/HwHiAiUser/wheeltec_ros2/install/yesense_interface/include/yesense_interface/yesense_interface/msg/detail/nav_all__type_support.c
[3.262s] -- Up-to-date: /home/HwHiAiUser/wheeltec_ros2/install/yesense_interface/include/yesense_interface/yesense_interface/msg/detail/gnss_pos__type_support.c
[3.262s] -- Up-to-date: /home/HwHiAiUser/wheeltec_ros2/install/yesense_interface/include/yesense_interface/yesense_interface/msg/rosidl_typesupport_introspection_c__visibility_control.h
[3.268s] -- Up-to-date: /home/HwHiAiUser/wheeltec_ros2/install/yesense_interface/lib/libyesense_interface__rosidl_typesupport_introspection_c.so
[3.268s] -- Up-to-date: /home/HwHiAiUser/wheeltec_ros2/install/yesense_interface/lib/libyesense_interface__rosidl_typesupport_c.so
[3.269s] -- Up-to-date: /home/HwHiAiUser/wheeltec_ros2/install/yesense_interface/include/yesense_interface/yesense_interface
[3.269s] -- Up-to-date: /home/HwHiAiUser/wheeltec_ros2/install/yesense_interface/include/yesense_interface/yesense_interface/msg
[3.272s] -- Up-to-date: /home/HwHiAiUser/wheeltec_ros2/install/yesense_interface/include/yesense_interface/yesense_interface/msg/three_axis.hpp
[3.274s] -- Up-to-date: /home/HwHiAiUser/wheeltec_ros2/install/yesense_interface/include/yesense_interface/yesense_interface/msg/tid.hpp
[3.275s] -- Up-to-date: /home/HwHiAiUser/wheeltec_ros2/install/yesense_interface/include/yesense_interface/yesense_interface/msg/detail
[3.275s] -- Up-to-date: /home/HwHiAiUser/wheeltec_ros2/install/yesense_interface/include/yesense_interface/yesense_interface/msg/detail/sensor_temp__type_support.hpp
[3.276s] -- Up-to-date: /home/HwHiAiUser/wheeltec_ros2/install/yesense_interface/include/yesense_interface/yesense_interface/msg/detail/imu_data_ten_axis__type_support.hpp
[3.277s] -- Up-to-date: /home/HwHiAiUser/wheeltec_ros2/install/yesense_interface/include/yesense_interface/yesense_interface/msg/detail/vel__type_support.hpp
[3.278s] -- Up-to-date: /home/HwHiAiUser/wheeltec_ros2/install/yesense_interface/include/yesense_interface/yesense_interface/msg/detail/nav_min_utc__builder.hpp
[3.279s] -- Up-to-date: /home/HwHiAiUser/wheeltec_ros2/install/yesense_interface/include/yesense_interface/yesense_interface/msg/detail/pressure__type_support.hpp
[3.279s] -- Up-to-date: /home/HwHiAiUser/wheeltec_ros2/install/yesense_interface/include/yesense_interface/yesense_interface/msg/detail/imu_data__struct.hpp
[3.282s] -- Up-to-date: /home/HwHiAiUser/wheeltec_ros2/install/yesense_interface/include/yesense_interface/yesense_interface/msg/detail/tid__traits.hpp
[3.282s] -- Up-to-date: /home/HwHiAiUser/wheeltec_ros2/install/yesense_interface/include/yesense_interface/yesense_interface/msg/detail/robot_lord__traits.hpp
[3.288s] -- Up-to-date: /home/HwHiAiUser/wheeltec_ros2/install/yesense_interface/include/yesense_interface/yesense_interface/msg/detail/sample_timestamp__traits.hpp
[3.288s] -- Up-to-date: /home/HwHiAiUser/wheeltec_ros2/install/yesense_interface/include/yesense_interface/yesense_interface/msg/detail/tid__struct.hpp
[3.288s] -- Up-to-date: /home/HwHiAiUser/wheeltec_ros2/install/yesense_interface/include/yesense_interface/yesense_interface/msg/detail/nav_min_utc__struct.hpp
[3.289s] -- Up-to-date: /home/HwHiAiUser/wheeltec_ros2/install/yesense_interface/include/yesense_interface/yesense_interface/msg/detail/gnss_pos__struct.hpp
[3.289s] -- Up-to-date: /home/HwHiAiUser/wheeltec_ros2/install/yesense_interface/include/yesense_interface/yesense_interface/msg/detail/quat__type_support.hpp
[3.289s] -- Up-to-date: /home/HwHiAiUser/wheeltec_ros2/install/yesense_interface/include/yesense_interface/yesense_interface/msg/detail/nav_status__builder.hpp
[3.289s] -- Up-to-date: /home/HwHiAiUser/wheeltec_ros2/install/yesense_interface/include/yesense_interface/yesense_interface/msg/detail/gnss_pos__traits.hpp
[3.289s] -- Up-to-date: /home/HwHiAiUser/wheeltec_ros2/install/yesense_interface/include/yesense_interface/yesense_interface/msg/detail/attitude_min_ahrs__traits.hpp
[3.290s] -- Up-to-date: /home/HwHiAiUser/wheeltec_ros2/install/yesense_interface/include/yesense_interface/yesense_interface/msg/detail/attitude_min_vru__type_support.hpp
[3.290s] -- Up-to-date: /home/HwHiAiUser/wheeltec_ros2/install/yesense_interface/include/yesense_interface/yesense_interface/msg/detail/attitude_min_ahrs__struct.hpp
[3.290s] -- Up-to-date: /home/HwHiAiUser/wheeltec_ros2/install/yesense_interface/include/yesense_interface/yesense_interface/msg/detail/utc__traits.hpp
[3.290s] -- Up-to-date: /home/HwHiAiUser/wheeltec_ros2/install/yesense_interface/include/yesense_interface/yesense_interface/msg/detail/sample_timestamp__type_support.hpp
[3.290s] -- Up-to-date: /home/HwHiAiUser/wheeltec_ros2/install/yesense_interface/include/yesense_interface/yesense_interface/msg/detail/three_axis__traits.hpp
[3.290s] -- Up-to-date: /home/HwHiAiUser/wheeltec_ros2/install/yesense_interface/include/yesense_interface/yesense_interface/msg/detail/pos_only__struct.hpp
[3.291s] -- Up-to-date: /home/HwHiAiUser/wheeltec_ros2/install/yesense_interface/include/yesense_interface/yesense_interface/msg/detail/attitude_min_ahrs__type_support.hpp
[3.291s] -- Up-to-date: /home/HwHiAiUser/wheeltec_ros2/install/yesense_interface/include/yesense_interface/yesense_interface/msg/detail/vel__struct.hpp
[3.291s] -- Up-to-date: /home/HwHiAiUser/wheeltec_ros2/install/yesense_interface/include/yesense_interface/yesense_interface/msg/detail/sample_timestamp__struct.hpp
[3.291s] -- Up-to-date: /home/HwHiAiUser/wheeltec_ros2/install/yesense_interface/include/yesense_interface/yesense_interface/msg/detail/attitude_min_ahrs__builder.hpp
[3.291s] -- Up-to-date: /home/HwHiAiUser/wheeltec_ros2/install/yesense_interface/include/yesense_interface/yesense_interface/msg/detail/euler_only__traits.hpp
[3.291s] -- Up-to-date: /home/HwHiAiUser/wheeltec_ros2/install/yesense_interface/include/yesense_interface/yesense_interface/msg/detail/gnss_pos__type_support.hpp
[3.292s] -- Up-to-date: /home/HwHiAiUser/wheeltec_ros2/install/yesense_interface/include/yesense_interface/yesense_interface/msg/detail/vel__builder.hpp
[3.292s] -- Up-to-date: /home/HwHiAiUser/wheeltec_ros2/install/yesense_interface/include/yesense_interface/yesense_interface/msg/detail/nav_min_utc__type_support.hpp
[3.292s] -- Up-to-date: /home/HwHiAiUser/wheeltec_ros2/install/yesense_interface/include/yesense_interface/yesense_interface/msg/detail/robot_lord__type_support.hpp
[3.292s] -- Up-to-date: /home/HwHiAiUser/wheeltec_ros2/install/yesense_interface/include/yesense_interface/yesense_interface/msg/detail/robot_lord__struct.hpp
[3.292s] -- Up-to-date: /home/HwHiAiUser/wheeltec_ros2/install/yesense_interface/include/yesense_interface/yesense_interface/msg/detail/pos_only__builder.hpp
[3.292s] -- Up-to-date: /home/HwHiAiUser/wheeltec_ros2/install/yesense_interface/include/yesense_interface/yesense_interface/msg/detail/nav_min_utc__traits.hpp
[3.293s] -- Up-to-date: /home/HwHiAiUser/wheeltec_ros2/install/yesense_interface/include/yesense_interface/yesense_interface/msg/detail/attitude_all_data__type_support.hpp
[3.293s] -- Up-to-date: /home/HwHiAiUser/wheeltec_ros2/install/yesense_interface/include/yesense_interface/yesense_interface/msg/detail/attitude_all_data__struct.hpp
[3.293s] -- Up-to-date: /home/HwHiAiUser/wheeltec_ros2/install/yesense_interface/include/yesense_interface/yesense_interface/msg/detail/sample_timestamp__builder.hpp
[3.293s] -- Up-to-date: /home/HwHiAiUser/wheeltec_ros2/install/yesense_interface/include/yesense_interface/yesense_interface/msg/detail/three_axis__type_support.hpp
[3.293s] -- Up-to-date: /home/HwHiAiUser/wheeltec_ros2/install/yesense_interface/include/yesense_interface/yesense_interface/msg/detail/imu_data__type_support.hpp
[3.294s] -- Up-to-date: /home/HwHiAiUser/wheeltec_ros2/install/yesense_interface/include/yesense_interface/yesense_interface/msg/detail/utc__type_support.hpp
[3.294s] -- Up-to-date: /home/HwHiAiUser/wheeltec_ros2/install/yesense_interface/include/yesense_interface/yesense_interface/msg/detail/euler_only__struct.hpp
[3.294s] -- Up-to-date: /home/HwHiAiUser/wheeltec_ros2/install/yesense_interface/include/yesense_interface/yesense_interface/msg/detail/nav_min__builder.hpp
[3.294s] -- Up-to-date: /home/HwHiAiUser/wheeltec_ros2/install/yesense_interface/include/yesense_interface/yesense_interface/msg/detail/attitude_min_vru__traits.hpp
[3.294s] -- Up-to-date: /home/HwHiAiUser/wheeltec_ros2/install/yesense_interface/include/yesense_interface/yesense_interface/msg/detail/pressure__traits.hpp
[3.294s] -- Up-to-date: /home/HwHiAiUser/wheeltec_ros2/install/yesense_interface/include/yesense_interface/yesense_interface/msg/detail/quat__traits.hpp
[3.295s] -- Up-to-date: /home/HwHiAiUser/wheeltec_ros2/install/yesense_interface/include/yesense_interface/yesense_interface/msg/detail/pressure__builder.hpp
[3.295s] -- Up-to-date: /home/HwHiAiUser/wheeltec_ros2/install/yesense_interface/include/yesense_interface/yesense_interface/msg/detail/attitude_all_data__traits.hpp
[3.295s] -- Up-to-date: /home/HwHiAiUser/wheeltec_ros2/install/yesense_interface/include/yesense_interface/yesense_interface/msg/detail/imu_data_ten_axis__struct.hpp
[3.299s] -- Up-to-date: /home/HwHiAiUser/wheeltec_ros2/install/yesense_interface/include/yesense_interface/yesense_interface/msg/detail/robot_lord__builder.hpp
[3.300s] -- Up-to-date: /home/HwHiAiUser/wheeltec_ros2/install/yesense_interface/include/yesense_interface/yesense_interface/msg/detail/nav_all__builder.hpp
[3.300s] -- Up-to-date: /home/HwHiAiUser/wheeltec_ros2/install/yesense_interface/include/yesense_interface/yesense_interface/msg/detail/quat__builder.hpp
[3.301s] -- Up-to-date: /home/HwHiAiUser/wheeltec_ros2/install/yesense_interface/include/yesense_interface/yesense_interface/msg/detail/nav_status__traits.hpp
[3.302s] -- Up-to-date: /home/HwHiAiUser/wheeltec_ros2/install/yesense_interface/include/yesense_interface/yesense_interface/msg/detail/euler_only__type_support.hpp
[3.302s] -- Up-to-date: /home/HwHiAiUser/wheeltec_ros2/install/yesense_interface/include/yesense_interface/yesense_interface/msg/detail/nav_all__traits.hpp
[3.303s] -- Up-to-date: /home/HwHiAiUser/wheeltec_ros2/install/yesense_interface/include/yesense_interface/yesense_interface/msg/detail/pressure__struct.hpp
[3.304s] -- Up-to-date: /home/HwHiAiUser/wheeltec_ros2/install/yesense_interface/include/yesense_interface/yesense_interface/msg/detail/imu_data__traits.hpp
[3.305s] -- Up-to-date: /home/HwHiAiUser/wheeltec_ros2/install/yesense_interface/include/yesense_interface/yesense_interface/msg/detail/three_axis__struct.hpp
[3.305s] -- Up-to-date: /home/HwHiAiUser/wheeltec_ros2/install/yesense_interface/include/yesense_interface/yesense_interface/msg/detail/nav_all__type_support.hpp
[3.306s] -- Up-to-date: /home/HwHiAiUser/wheeltec_ros2/install/yesense_interface/include/yesense_interface/yesense_interface/msg/detail/euler_angle__builder.hpp
[3.306s] -- Up-to-date: /home/HwHiAiUser/wheeltec_ros2/install/yesense_interface/include/yesense_interface/yesense_interface/msg/detail/sensor_temp__traits.hpp
[3.306s] -- Up-to-date: /home/HwHiAiUser/wheeltec_ros2/install/yesense_interface/include/yesense_interface/yesense_interface/msg/detail/imu_data__builder.hpp
[3.306s] -- Up-to-date: /home/HwHiAiUser/wheeltec_ros2/install/yesense_interface/include/yesense_interface/yesense_interface/msg/detail/vel__traits.hpp
[3.306s] -- Up-to-date: /home/HwHiAiUser/wheeltec_ros2/install/yesense_interface/include/yesense_interface/yesense_interface/msg/detail/nav_status__struct.hpp
[3.307s] -- Up-to-date: /home/HwHiAiUser/wheeltec_ros2/install/yesense_interface/include/yesense_interface/yesense_interface/msg/detail/pos_only__traits.hpp
[3.307s] -- Up-to-date: /home/HwHiAiUser/wheeltec_ros2/install/yesense_interface/include/yesense_interface/yesense_interface/msg/detail/sensor_temp__builder.hpp
[3.307s] -- Up-to-date: /home/HwHiAiUser/wheeltec_ros2/install/yesense_interface/include/yesense_interface/yesense_interface/msg/detail/attitude_min_vru__builder.hpp
[3.307s] -- Up-to-date: /home/HwHiAiUser/wheeltec_ros2/install/yesense_interface/include/yesense_interface/yesense_interface/msg/detail/euler_only__builder.hpp
[3.308s] -- Up-to-date: /home/HwHiAiUser/wheeltec_ros2/install/yesense_interface/include/yesense_interface/yesense_interface/msg/detail/nav_min__type_support.hpp
[3.308s] -- Up-to-date: /home/HwHiAiUser/wheeltec_ros2/install/yesense_interface/include/yesense_interface/yesense_interface/msg/detail/nav_all__struct.hpp
[3.308s] -- Up-to-date: /home/HwHiAiUser/wheeltec_ros2/install/yesense_interface/include/yesense_interface/yesense_interface/msg/detail/pos_only__type_support.hpp
[3.308s] -- Up-to-date: /home/HwHiAiUser/wheeltec_ros2/install/yesense_interface/include/yesense_interface/yesense_interface/msg/detail/tid__builder.hpp
[3.308s] -- Up-to-date: /home/HwHiAiUser/wheeltec_ros2/install/yesense_interface/include/yesense_interface/yesense_interface/msg/detail/attitude_all_data__builder.hpp
[3.309s] -- Up-to-date: /home/HwHiAiUser/wheeltec_ros2/install/yesense_interface/include/yesense_interface/yesense_interface/msg/detail/nav_status__type_support.hpp
[3.309s] -- Up-to-date: /home/HwHiAiUser/wheeltec_ros2/install/yesense_interface/include/yesense_interface/yesense_interface/msg/detail/gnss_pos__builder.hpp
[3.309s] -- Up-to-date: /home/HwHiAiUser/wheeltec_ros2/install/yesense_interface/include/yesense_interface/yesense_interface/msg/detail/sensor_temp__struct.hpp
[3.309s] -- Up-to-date: /home/HwHiAiUser/wheeltec_ros2/install/yesense_interface/include/yesense_interface/yesense_interface/msg/detail/euler_angle__type_support.hpp
[3.310s] -- Up-to-date: /home/HwHiAiUser/wheeltec_ros2/install/yesense_interface/include/yesense_interface/yesense_interface/msg/detail/attitude_min_vru__struct.hpp
[3.310s] -- Up-to-date: /home/HwHiAiUser/wheeltec_ros2/install/yesense_interface/include/yesense_interface/yesense_interface/msg/detail/tid__type_support.hpp
[3.310s] -- Up-to-date: /home/HwHiAiUser/wheeltec_ros2/install/yesense_interface/include/yesense_interface/yesense_interface/msg/detail/nav_min__traits.hpp
[3.310s] -- Up-to-date: /home/HwHiAiUser/wheeltec_ros2/install/yesense_interface/include/yesense_interface/yesense_interface/msg/detail/utc__struct.hpp
[3.311s] -- Up-to-date: /home/HwHiAiUser/wheeltec_ros2/install/yesense_interface/include/yesense_interface/yesense_interface/msg/detail/utc__builder.hpp
[3.311s] -- Up-to-date: /home/HwHiAiUser/wheeltec_ros2/install/yesense_interface/include/yesense_interface/yesense_interface/msg/detail/imu_data_ten_axis__traits.hpp
[3.311s] -- Up-to-date: /home/HwHiAiUser/wheeltec_ros2/install/yesense_interface/include/yesense_interface/yesense_interface/msg/detail/euler_angle__struct.hpp
[3.311s] -- Up-to-date: /home/HwHiAiUser/wheeltec_ros2/install/yesense_interface/include/yesense_interface/yesense_interface/msg/detail/euler_angle__traits.hpp
[3.311s] -- Up-to-date: /home/HwHiAiUser/wheeltec_ros2/install/yesense_interface/include/yesense_interface/yesense_interface/msg/detail/quat__struct.hpp
[3.312s] -- Up-to-date: /home/HwHiAiUser/wheeltec_ros2/install/yesense_interface/include/yesense_interface/yesense_interface/msg/detail/three_axis__builder.hpp
[3.312s] -- Up-to-date: /home/HwHiAiUser/wheeltec_ros2/install/yesense_interface/include/yesense_interface/yesense_interface/msg/detail/imu_data_ten_axis__builder.hpp
[3.312s] -- Up-to-date: /home/HwHiAiUser/wheeltec_ros2/install/yesense_interface/include/yesense_interface/yesense_interface/msg/detail/nav_min__struct.hpp
[3.312s] -- Up-to-date: /home/HwHiAiUser/wheeltec_ros2/install/yesense_interface/include/yesense_interface/yesense_interface/msg/gnss_pos.hpp
[3.312s] -- Up-to-date: /home/HwHiAiUser/wheeltec_ros2/install/yesense_interface/include/yesense_interface/yesense_interface/msg/euler_angle.hpp
[3.313s] -- Up-to-date: /home/HwHiAiUser/wheeltec_ros2/install/yesense_interface/include/yesense_interface/yesense_interface/msg/rosidl_generator_cpp__visibility_control.hpp
[3.316s] -- Up-to-date: /home/HwHiAiUser/wheeltec_ros2/install/yesense_interface/include/yesense_interface/yesense_interface/msg/attitude_all_data.hpp
[3.319s] -- Up-to-date: /home/HwHiAiUser/wheeltec_ros2/install/yesense_interface/include/yesense_interface/yesense_interface/msg/imu_data.hpp
[3.319s] -- Up-to-date: /home/HwHiAiUser/wheeltec_ros2/install/yesense_interface/include/yesense_interface/yesense_interface/msg/pressure.hpp
[3.320s] -- Up-to-date: /home/HwHiAiUser/wheeltec_ros2/install/yesense_interface/include/yesense_interface/yesense_interface/msg/euler_only.hpp
[3.320s] -- Up-to-date: /home/HwHiAiUser/wheeltec_ros2/install/yesense_interface/include/yesense_interface/yesense_interface/msg/utc.hpp
[3.320s] -- Up-to-date: /home/HwHiAiUser/wheeltec_ros2/install/yesense_interface/include/yesense_interface/yesense_interface/msg/quat.hpp
[3.320s] -- Up-to-date: /home/HwHiAiUser/wheeltec_ros2/install/yesense_interface/include/yesense_interface/yesense_interface/msg/pos_only.hpp
[3.320s] -- Up-to-date: /home/HwHiAiUser/wheeltec_ros2/install/yesense_interface/include/yesense_interface/yesense_interface/msg/nav_all.hpp
[3.320s] -- Up-to-date: /home/HwHiAiUser/wheeltec_ros2/install/yesense_interface/include/yesense_interface/yesense_interface/msg/attitude_min_vru.hpp
[3.321s] -- Up-to-date: /home/HwHiAiUser/wheeltec_ros2/install/yesense_interface/include/yesense_interface/yesense_interface/msg/nav_status.hpp
[3.321s] -- Up-to-date: /home/HwHiAiUser/wheeltec_ros2/install/yesense_interface/include/yesense_interface/yesense_interface/msg/attitude_min_ahrs.hpp
[3.321s] -- Up-to-date: /home/HwHiAiUser/wheeltec_ros2/install/yesense_interface/include/yesense_interface/yesense_interface/msg/sensor_temp.hpp
[3.321s] -- Up-to-date: /home/HwHiAiUser/wheeltec_ros2/install/yesense_interface/include/yesense_interface/yesense_interface/msg/nav_min.hpp
[3.322s] -- Up-to-date: /home/HwHiAiUser/wheeltec_ros2/install/yesense_interface/include/yesense_interface/yesense_interface/msg/nav_min_utc.hpp
[3.322s] -- Up-to-date: /home/HwHiAiUser/wheeltec_ros2/install/yesense_interface/include/yesense_interface/yesense_interface/msg/imu_data_ten_axis.hpp
[3.322s] -- Up-to-date: /home/HwHiAiUser/wheeltec_ros2/install/yesense_interface/include/yesense_interface/yesense_interface/msg/robot_lord.hpp
[3.322s] -- Up-to-date: /home/HwHiAiUser/wheeltec_ros2/install/yesense_interface/include/yesense_interface/yesense_interface/msg/vel.hpp
[3.322s] -- Up-to-date: /home/HwHiAiUser/wheeltec_ros2/install/yesense_interface/include/yesense_interface/yesense_interface/msg/sample_timestamp.hpp
[3.323s] -- Up-to-date: /home/HwHiAiUser/wheeltec_ros2/install/yesense_interface/include/yesense_interface/yesense_interface
[3.323s] -- Up-to-date: /home/HwHiAiUser/wheeltec_ros2/install/yesense_interface/include/yesense_interface/yesense_interface/msg
[3.323s] -- Up-to-date: /home/HwHiAiUser/wheeltec_ros2/install/yesense_interface/include/yesense_interface/yesense_interface/msg/detail
[3.323s] -- Up-to-date: /home/HwHiAiUser/wheeltec_ros2/install/yesense_interface/include/yesense_interface/yesense_interface/msg/detail/vel__rosidl_typesupport_fastrtps_cpp.hpp
[3.323s] -- Up-to-date: /home/HwHiAiUser/wheeltec_ros2/install/yesense_interface/include/yesense_interface/yesense_interface/msg/detail/nav_status__rosidl_typesupport_fastrtps_cpp.hpp
[3.323s] -- Up-to-date: /home/HwHiAiUser/wheeltec_ros2/install/yesense_interface/include/yesense_interface/yesense_interface/msg/detail/gnss_pos__rosidl_typesupport_fastrtps_cpp.hpp
[3.324s] -- Up-to-date: /home/HwHiAiUser/wheeltec_ros2/install/yesense_interface/include/yesense_interface/yesense_interface/msg/detail/utc__rosidl_typesupport_fastrtps_cpp.hpp
[3.324s] -- Up-to-date: /home/HwHiAiUser/wheeltec_ros2/install/yesense_interface/include/yesense_interface/yesense_interface/msg/detail/euler_angle__rosidl_typesupport_fastrtps_cpp.hpp
[3.324s] -- Up-to-date: /home/HwHiAiUser/wheeltec_ros2/install/yesense_interface/include/yesense_interface/yesense_interface/msg/detail/imu_data__rosidl_typesupport_fastrtps_cpp.hpp
[3.324s] -- Up-to-date: /home/HwHiAiUser/wheeltec_ros2/install/yesense_interface/include/yesense_interface/yesense_interface/msg/detail/euler_only__rosidl_typesupport_fastrtps_cpp.hpp
[3.324s] -- Up-to-date: /home/HwHiAiUser/wheeltec_ros2/install/yesense_interface/include/yesense_interface/yesense_interface/msg/detail/dds_fastrtps
[3.324s] -- Up-to-date: /home/HwHiAiUser/wheeltec_ros2/install/yesense_interface/include/yesense_interface/yesense_interface/msg/detail/three_axis__rosidl_typesupport_fastrtps_cpp.hpp
[3.324s] -- Up-to-date: /home/HwHiAiUser/wheeltec_ros2/install/yesense_interface/include/yesense_interface/yesense_interface/msg/detail/pos_only__rosidl_typesupport_fastrtps_cpp.hpp
[3.325s] -- Up-to-date: /home/HwHiAiUser/wheeltec_ros2/install/yesense_interface/include/yesense_interface/yesense_interface/msg/detail/nav_min_utc__rosidl_typesupport_fastrtps_cpp.hpp
[3.325s] -- Up-to-date: /home/HwHiAiUser/wheeltec_ros2/install/yesense_interface/include/yesense_interface/yesense_interface/msg/detail/nav_min__rosidl_typesupport_fastrtps_cpp.hpp
[3.325s] -- Up-to-date: /home/HwHiAiUser/wheeltec_ros2/install/yesense_interface/include/yesense_interface/yesense_interface/msg/detail/attitude_all_data__rosidl_typesupport_fastrtps_cpp.hpp
[3.325s] -- Up-to-date: /home/HwHiAiUser/wheeltec_ros2/install/yesense_interface/include/yesense_interface/yesense_interface/msg/detail/sample_timestamp__rosidl_typesupport_fastrtps_cpp.hpp
[3.325s] -- Up-to-date: /home/HwHiAiUser/wheeltec_ros2/install/yesense_interface/include/yesense_interface/yesense_interface/msg/detail/robot_lord__rosidl_typesupport_fastrtps_cpp.hpp
[3.326s] -- Up-to-date: /home/HwHiAiUser/wheeltec_ros2/install/yesense_interface/include/yesense_interface/yesense_interface/msg/detail/attitude_min_ahrs__rosidl_typesupport_fastrtps_cpp.hpp
[3.326s] -- Up-to-date: /home/HwHiAiUser/wheeltec_ros2/install/yesense_interface/include/yesense_interface/yesense_interface/msg/detail/attitude_min_vru__rosidl_typesupport_fastrtps_cpp.hpp
[3.326s] -- Up-to-date: /home/HwHiAiUser/wheeltec_ros2/install/yesense_interface/include/yesense_interface/yesense_interface/msg/detail/imu_data_ten_axis__rosidl_typesupport_fastrtps_cpp.hpp
[3.326s] -- Up-to-date: /home/HwHiAiUser/wheeltec_ros2/install/yesense_interface/include/yesense_interface/yesense_interface/msg/detail/quat__rosidl_typesupport_fastrtps_cpp.hpp
[3.326s] -- Up-to-date: /home/HwHiAiUser/wheeltec_ros2/install/yesense_interface/include/yesense_interface/yesense_interface/msg/detail/tid__rosidl_typesupport_fastrtps_cpp.hpp
[3.326s] -- Up-to-date: /home/HwHiAiUser/wheeltec_ros2/install/yesense_interface/include/yesense_interface/yesense_interface/msg/detail/sensor_temp__rosidl_typesupport_fastrtps_cpp.hpp
[3.327s] -- Up-to-date: /home/HwHiAiUser/wheeltec_ros2/install/yesense_interface/include/yesense_interface/yesense_interface/msg/detail/nav_all__rosidl_typesupport_fastrtps_cpp.hpp
[3.327s] -- Up-to-date: /home/HwHiAiUser/wheeltec_ros2/install/yesense_interface/include/yesense_interface/yesense_interface/msg/detail/pressure__rosidl_typesupport_fastrtps_cpp.hpp
[3.327s] -- Up-to-date: /home/HwHiAiUser/wheeltec_ros2/install/yesense_interface/include/yesense_interface/yesense_interface/msg/rosidl_typesupport_fastrtps_cpp__visibility_control.h
[3.327s] -- Up-to-date: /home/HwHiAiUser/wheeltec_ros2/install/yesense_interface/lib/libyesense_interface__rosidl_typesupport_fastrtps_cpp.so
[3.327s] -- Up-to-date: /home/HwHiAiUser/wheeltec_ros2/install/yesense_interface/include/yesense_interface/yesense_interface
[3.327s] -- Up-to-date: /home/HwHiAiUser/wheeltec_ros2/install/yesense_interface/include/yesense_interface/yesense_interface/msg
[3.327s] -- Up-to-date: /home/HwHiAiUser/wheeltec_ros2/install/yesense_interface/include/yesense_interface/yesense_interface/msg/detail
[3.328s] -- Up-to-date: /home/HwHiAiUser/wheeltec_ros2/install/yesense_interface/include/yesense_interface/yesense_interface/msg/detail/quat__rosidl_typesupport_introspection_cpp.hpp
[3.328s] -- Up-to-date: /home/HwHiAiUser/wheeltec_ros2/install/yesense_interface/include/yesense_interface/yesense_interface/msg/detail/attitude_min_vru__rosidl_typesupport_introspection_cpp.hpp
[3.328s] -- Up-to-date: /home/HwHiAiUser/wheeltec_ros2/install/yesense_interface/include/yesense_interface/yesense_interface/msg/detail/utc__rosidl_typesupport_introspection_cpp.hpp
[3.328s] -- Up-to-date: /home/HwHiAiUser/wheeltec_ros2/install/yesense_interface/include/yesense_interface/yesense_interface/msg/detail/gnss_pos__type_support.cpp
[3.341s] -- Up-to-date: /home/HwHiAiUser/wheeltec_ros2/install/yesense_interface/include/yesense_interface/yesense_interface/msg/detail/three_axis__type_support.cpp
[3.358s] -- Up-to-date: /home/HwHiAiUser/wheeltec_ros2/install/yesense_interface/include/yesense_interface/yesense_interface/msg/detail/euler_only__type_support.cpp
[3.358s] -- Up-to-date: /home/HwHiAiUser/wheeltec_ros2/install/yesense_interface/include/yesense_interface/yesense_interface/msg/detail/quat__type_support.cpp
[3.360s] -- Up-to-date: /home/HwHiAiUser/wheeltec_ros2/install/yesense_interface/include/yesense_interface/yesense_interface/msg/detail/sample_timestamp__type_support.cpp
[3.363s] -- Up-to-date: /home/HwHiAiUser/wheeltec_ros2/install/yesense_interface/include/yesense_interface/yesense_interface/msg/detail/gnss_pos__rosidl_typesupport_introspection_cpp.hpp
[3.374s] -- Up-to-date: /home/HwHiAiUser/wheeltec_ros2/install/yesense_interface/include/yesense_interface/yesense_interface/msg/detail/nav_all__type_support.cpp
[3.374s] -- Up-to-date: /home/HwHiAiUser/wheeltec_ros2/install/yesense_interface/include/yesense_interface/yesense_interface/msg/detail/pressure__type_support.cpp
[3.374s] -- Up-to-date: /home/HwHiAiUser/wheeltec_ros2/install/yesense_interface/include/yesense_interface/yesense_interface/msg/detail/sample_timestamp__rosidl_typesupport_introspection_cpp.hpp
[3.375s] -- Up-to-date: /home/HwHiAiUser/wheeltec_ros2/install/yesense_interface/include/yesense_interface/yesense_interface/msg/detail/nav_status__type_support.cpp
[3.375s] -- Up-to-date: /home/HwHiAiUser/wheeltec_ros2/install/yesense_interface/include/yesense_interface/yesense_interface/msg/detail/nav_min_utc__rosidl_typesupport_introspection_cpp.hpp
[3.375s] -- Up-to-date: /home/HwHiAiUser/wheeltec_ros2/install/yesense_interface/include/yesense_interface/yesense_interface/msg/detail/sensor_temp__rosidl_typesupport_introspection_cpp.hpp
[3.375s] -- Up-to-date: /home/HwHiAiUser/wheeltec_ros2/install/yesense_interface/include/yesense_interface/yesense_interface/msg/detail/robot_lord__type_support.cpp
[3.375s] -- Up-to-date: /home/HwHiAiUser/wheeltec_ros2/install/yesense_interface/include/yesense_interface/yesense_interface/msg/detail/euler_only__rosidl_typesupport_introspection_cpp.hpp
[3.376s] -- Up-to-date: /home/HwHiAiUser/wheeltec_ros2/install/yesense_interface/include/yesense_interface/yesense_interface/msg/detail/vel__rosidl_typesupport_introspection_cpp.hpp
[3.376s] -- Up-to-date: /home/HwHiAiUser/wheeltec_ros2/install/yesense_interface/include/yesense_interface/yesense_interface/msg/detail/attitude_min_ahrs__rosidl_typesupport_introspection_cpp.hpp
[3.377s] -- Up-to-date: /home/HwHiAiUser/wheeltec_ros2/install/yesense_interface/include/yesense_interface/yesense_interface/msg/detail/sensor_temp__type_support.cpp
[3.377s] -- Up-to-date: /home/HwHiAiUser/wheeltec_ros2/install/yesense_interface/include/yesense_interface/yesense_interface/msg/detail/nav_status__rosidl_typesupport_introspection_cpp.hpp
[3.378s] -- Up-to-date: /home/HwHiAiUser/wheeltec_ros2/install/yesense_interface/include/yesense_interface/yesense_interface/msg/detail/imu_data_ten_axis__type_support.cpp
[3.379s] -- Up-to-date: /home/HwHiAiUser/wheeltec_ros2/install/yesense_interface/include/yesense_interface/yesense_interface/msg/detail/euler_angle__rosidl_typesupport_introspection_cpp.hpp
[3.379s] -- Up-to-date: /home/HwHiAiUser/wheeltec_ros2/install/yesense_interface/include/yesense_interface/yesense_interface/msg/detail/pressure__rosidl_typesupport_introspection_cpp.hpp
[3.379s] -- Up-to-date: /home/HwHiAiUser/wheeltec_ros2/install/yesense_interface/include/yesense_interface/yesense_interface/msg/detail/imu_data__type_support.cpp
[3.380s] -- Up-to-date: /home/HwHiAiUser/wheeltec_ros2/install/yesense_interface/include/yesense_interface/yesense_interface/msg/detail/three_axis__rosidl_typesupport_introspection_cpp.hpp
[3.380s] -- Up-to-date: /home/HwHiAiUser/wheeltec_ros2/install/yesense_interface/include/yesense_interface/yesense_interface/msg/detail/imu_data__rosidl_typesupport_introspection_cpp.hpp
[3.380s] -- Up-to-date: /home/HwHiAiUser/wheeltec_ros2/install/yesense_interface/include/yesense_interface/yesense_interface/msg/detail/tid__type_support.cpp
[3.380s] -- Up-to-date: /home/HwHiAiUser/wheeltec_ros2/install/yesense_interface/include/yesense_interface/yesense_interface/msg/detail/utc__type_support.cpp
[3.381s] -- Up-to-date: /home/HwHiAiUser/wheeltec_ros2/install/yesense_interface/include/yesense_interface/yesense_interface/msg/detail/vel__type_support.cpp
[3.382s] -- Up-to-date: /home/HwHiAiUser/wheeltec_ros2/install/yesense_interface/include/yesense_interface/yesense_interface/msg/detail/nav_min__rosidl_typesupport_introspection_cpp.hpp
[3.382s] -- Up-to-date: /home/HwHiAiUser/wheeltec_ros2/install/yesense_interface/include/yesense_interface/yesense_interface/msg/detail/attitude_min_vru__type_support.cpp
[3.382s] -- Up-to-date: /home/HwHiAiUser/wheeltec_ros2/install/yesense_interface/include/yesense_interface/yesense_interface/msg/detail/nav_all__rosidl_typesupport_introspection_cpp.hpp
[3.382s] -- Up-to-date: /home/HwHiAiUser/wheeltec_ros2/install/yesense_interface/include/yesense_interface/yesense_interface/msg/detail/attitude_all_data__type_support.cpp
[3.382s] -- Up-to-date: /home/HwHiAiUser/wheeltec_ros2/install/yesense_interface/include/yesense_interface/yesense_interface/msg/detail/pos_only__type_support.cpp
[3.382s] -- Up-to-date: /home/HwHiAiUser/wheeltec_ros2/install/yesense_interface/include/yesense_interface/yesense_interface/msg/detail/attitude_all_data__rosidl_typesupport_introspection_cpp.hpp
[3.385s] -- Up-to-date: /home/HwHiAiUser/wheeltec_ros2/install/yesense_interface/include/yesense_interface/yesense_interface/msg/detail/nav_min_utc__type_support.cpp
[3.385s] -- Up-to-date: /home/HwHiAiUser/wheeltec_ros2/install/yesense_interface/include/yesense_interface/yesense_interface/msg/detail/pos_only__rosidl_typesupport_introspection_cpp.hpp
[3.386s] -- Up-to-date: /home/HwHiAiUser/wheeltec_ros2/install/yesense_interface/include/yesense_interface/yesense_interface/msg/detail/tid__rosidl_typesupport_introspection_cpp.hpp
[3.386s] -- Up-to-date: /home/HwHiAiUser/wheeltec_ros2/install/yesense_interface/include/yesense_interface/yesense_interface/msg/detail/euler_angle__type_support.cpp
[3.386s] -- Up-to-date: /home/HwHiAiUser/wheeltec_ros2/install/yesense_interface/include/yesense_interface/yesense_interface/msg/detail/nav_min__type_support.cpp
[3.386s] -- Up-to-date: /home/HwHiAiUser/wheeltec_ros2/install/yesense_interface/include/yesense_interface/yesense_interface/msg/detail/robot_lord__rosidl_typesupport_introspection_cpp.hpp
[3.386s] -- Up-to-date: /home/HwHiAiUser/wheeltec_ros2/install/yesense_interface/include/yesense_interface/yesense_interface/msg/detail/imu_data_ten_axis__rosidl_typesupport_introspection_cpp.hpp
[3.387s] -- Up-to-date: /home/HwHiAiUser/wheeltec_ros2/install/yesense_interface/include/yesense_interface/yesense_interface/msg/detail/attitude_min_ahrs__type_support.cpp
[3.387s] -- Up-to-date: /home/HwHiAiUser/wheeltec_ros2/install/yesense_interface/lib/libyesense_interface__rosidl_typesupport_introspection_cpp.so
[3.388s] -- Up-to-date: /home/HwHiAiUser/wheeltec_ros2/install/yesense_interface/lib/libyesense_interface__rosidl_typesupport_cpp.so
[3.388s] -- Up-to-date: /home/HwHiAiUser/wheeltec_ros2/install/yesense_interface/share/yesense_interface/environment/pythonpath.sh
[3.388s] -- Up-to-date: /home/HwHiAiUser/wheeltec_ros2/install/yesense_interface/share/yesense_interface/environment/pythonpath.dsv
[3.389s] -- Up-to-date: /home/HwHiAiUser/wheeltec_ros2/install/yesense_interface/local/lib/python3.10/dist-packages/yesense_interface-1.0.0-py3.10.egg-info
[3.389s] -- Installing: /home/HwHiAiUser/wheeltec_ros2/install/yesense_interface/local/lib/python3.10/dist-packages/yesense_interface-1.0.0-py3.10.egg-info/dependency_links.txt
[3.389s] -- Installing: /home/HwHiAiUser/wheeltec_ros2/install/yesense_interface/local/lib/python3.10/dist-packages/yesense_interface-1.0.0-py3.10.egg-info/SOURCES.txt
[3.389s] -- Installing: /home/HwHiAiUser/wheeltec_ros2/install/yesense_interface/local/lib/python3.10/dist-packages/yesense_interface-1.0.0-py3.10.egg-info/PKG-INFO
[3.389s] -- Installing: /home/HwHiAiUser/wheeltec_ros2/install/yesense_interface/local/lib/python3.10/dist-packages/yesense_interface-1.0.0-py3.10.egg-info/top_level.txt
[3.390s] -- Up-to-date: /home/HwHiAiUser/wheeltec_ros2/install/yesense_interface/local/lib/python3.10/dist-packages/yesense_interface
[3.390s] -- Up-to-date: /home/HwHiAiUser/wheeltec_ros2/install/yesense_interface/local/lib/python3.10/dist-packages/yesense_interface/_yesense_interface_s.ep.rosidl_typesupport_c.c
[3.390s] -- Up-to-date: /home/HwHiAiUser/wheeltec_ros2/install/yesense_interface/local/lib/python3.10/dist-packages/yesense_interface/__init__.py
[3.390s] -- Up-to-date: /home/HwHiAiUser/wheeltec_ros2/install/yesense_interface/local/lib/python3.10/dist-packages/yesense_interface/msg
[3.390s] -- Up-to-date: /home/HwHiAiUser/wheeltec_ros2/install/yesense_interface/local/lib/python3.10/dist-packages/yesense_interface/msg/_attitude_min_ahrs.py
[3.390s] -- Up-to-date: /home/HwHiAiUser/wheeltec_ros2/install/yesense_interface/local/lib/python3.10/dist-packages/yesense_interface/msg/_quat_s.c
[3.390s] -- Up-to-date: /home/HwHiAiUser/wheeltec_ros2/install/yesense_interface/local/lib/python3.10/dist-packages/yesense_interface/msg/_sensor_temp_s.c
[3.391s] -- Up-to-date: /home/HwHiAiUser/wheeltec_ros2/install/yesense_interface/local/lib/python3.10/dist-packages/yesense_interface/msg/_nav_all_s.c
[3.391s] -- Up-to-date: /home/HwHiAiUser/wheeltec_ros2/install/yesense_interface/local/lib/python3.10/dist-packages/yesense_interface/msg/_attitude_min_vru.py
[3.391s] -- Up-to-date: /home/HwHiAiUser/wheeltec_ros2/install/yesense_interface/local/lib/python3.10/dist-packages/yesense_interface/msg/_attitude_min_ahrs_s.c
[3.391s] -- Up-to-date: /home/HwHiAiUser/wheeltec_ros2/install/yesense_interface/local/lib/python3.10/dist-packages/yesense_interface/msg/__init__.py
[3.391s] -- Up-to-date: /home/HwHiAiUser/wheeltec_ros2/install/yesense_interface/local/lib/python3.10/dist-packages/yesense_interface/msg/_nav_status.py
[3.392s] -- Up-to-date: /home/HwHiAiUser/wheeltec_ros2/install/yesense_interface/local/lib/python3.10/dist-packages/yesense_interface/msg/_sensor_temp.py
[3.392s] -- Up-to-date: /home/HwHiAiUser/wheeltec_ros2/install/yesense_interface/local/lib/python3.10/dist-packages/yesense_interface/msg/_nav_all.py
[3.392s] -- Up-to-date: /home/HwHiAiUser/wheeltec_ros2/install/yesense_interface/local/lib/python3.10/dist-packages/yesense_interface/msg/_attitude_min_vru_s.c
[3.392s] -- Up-to-date: /home/HwHiAiUser/wheeltec_ros2/install/yesense_interface/local/lib/python3.10/dist-packages/yesense_interface/msg/_tid_s.c
[3.392s] -- Up-to-date: /home/HwHiAiUser/wheeltec_ros2/install/yesense_interface/local/lib/python3.10/dist-packages/yesense_interface/msg/_nav_min_utc.py
[3.393s] -- Up-to-date: /home/HwHiAiUser/wheeltec_ros2/install/yesense_interface/local/lib/python3.10/dist-packages/yesense_interface/msg/_euler_angle_s.c
[3.394s] -- Up-to-date: /home/HwHiAiUser/wheeltec_ros2/install/yesense_interface/local/lib/python3.10/dist-packages/yesense_interface/msg/_imu_data_s.c
[3.398s] -- Up-to-date: /home/HwHiAiUser/wheeltec_ros2/install/yesense_interface/local/lib/python3.10/dist-packages/yesense_interface/msg/_pressure_s.c
[3.400s] -- Up-to-date: /home/HwHiAiUser/wheeltec_ros2/install/yesense_interface/local/lib/python3.10/dist-packages/yesense_interface/msg/_quat.py
[3.401s] -- Up-to-date: /home/HwHiAiUser/wheeltec_ros2/install/yesense_interface/local/lib/python3.10/dist-packages/yesense_interface/msg/_sample_timestamp.py
[3.401s] -- Up-to-date: /home/HwHiAiUser/wheeltec_ros2/install/yesense_interface/local/lib/python3.10/dist-packages/yesense_interface/msg/_gnss_pos_s.c
[3.407s] -- Up-to-date: /home/HwHiAiUser/wheeltec_ros2/install/yesense_interface/local/lib/python3.10/dist-packages/yesense_interface/msg/_nav_status_s.c
[3.407s] -- Up-to-date: /home/HwHiAiUser/wheeltec_ros2/install/yesense_interface/local/lib/python3.10/dist-packages/yesense_interface/msg/_pos_only_s.c
[3.407s] -- Up-to-date: /home/HwHiAiUser/wheeltec_ros2/install/yesense_interface/local/lib/python3.10/dist-packages/yesense_interface/msg/_imu_data_ten_axis.py
[3.408s] -- Up-to-date: /home/HwHiAiUser/wheeltec_ros2/install/yesense_interface/local/lib/python3.10/dist-packages/yesense_interface/msg/_attitude_all_data.py
[3.409s] -- Up-to-date: /home/HwHiAiUser/wheeltec_ros2/install/yesense_interface/local/lib/python3.10/dist-packages/yesense_interface/msg/_euler_angle.py
[3.410s] -- Up-to-date: /home/HwHiAiUser/wheeltec_ros2/install/yesense_interface/local/lib/python3.10/dist-packages/yesense_interface/msg/_imu_data.py
[3.411s] -- Up-to-date: /home/HwHiAiUser/wheeltec_ros2/install/yesense_interface/local/lib/python3.10/dist-packages/yesense_interface/msg/_utc.py
[3.413s] -- Up-to-date: /home/HwHiAiUser/wheeltec_ros2/install/yesense_interface/local/lib/python3.10/dist-packages/yesense_interface/msg/_robot_lord_s.c
[3.413s] -- Up-to-date: /home/HwHiAiUser/wheeltec_ros2/install/yesense_interface/local/lib/python3.10/dist-packages/yesense_interface/msg/_gnss_pos.py
[3.413s] -- Up-to-date: /home/HwHiAiUser/wheeltec_ros2/install/yesense_interface/local/lib/python3.10/dist-packages/yesense_interface/msg/_vel.py
[3.413s] -- Up-to-date: /home/HwHiAiUser/wheeltec_ros2/install/yesense_interface/local/lib/python3.10/dist-packages/yesense_interface/msg/_nav_min_s.c
[3.413s] -- Up-to-date: /home/HwHiAiUser/wheeltec_ros2/install/yesense_interface/local/lib/python3.10/dist-packages/yesense_interface/msg/_tid.py
[3.414s] -- Up-to-date: /home/HwHiAiUser/wheeltec_ros2/install/yesense_interface/local/lib/python3.10/dist-packages/yesense_interface/msg/_vel_s.c
[3.414s] -- Up-to-date: /home/HwHiAiUser/wheeltec_ros2/install/yesense_interface/local/lib/python3.10/dist-packages/yesense_interface/msg/_three_axis_s.c
[3.414s] -- Up-to-date: /home/HwHiAiUser/wheeltec_ros2/install/yesense_interface/local/lib/python3.10/dist-packages/yesense_interface/msg/_pressure.py
[3.414s] -- Up-to-date: /home/HwHiAiUser/wheeltec_ros2/install/yesense_interface/local/lib/python3.10/dist-packages/yesense_interface/msg/_three_axis.py
[3.414s] -- Up-to-date: /home/HwHiAiUser/wheeltec_ros2/install/yesense_interface/local/lib/python3.10/dist-packages/yesense_interface/msg/_imu_data_ten_axis_s.c
[3.414s] -- Up-to-date: /home/HwHiAiUser/wheeltec_ros2/install/yesense_interface/local/lib/python3.10/dist-packages/yesense_interface/msg/_sample_timestamp_s.c
[3.414s] -- Up-to-date: /home/HwHiAiUser/wheeltec_ros2/install/yesense_interface/local/lib/python3.10/dist-packages/yesense_interface/msg/_attitude_all_data_s.c
[3.415s] -- Up-to-date: /home/HwHiAiUser/wheeltec_ros2/install/yesense_interface/local/lib/python3.10/dist-packages/yesense_interface/msg/_nav_min.py
[3.415s] -- Up-to-date: /home/HwHiAiUser/wheeltec_ros2/install/yesense_interface/local/lib/python3.10/dist-packages/yesense_interface/msg/_euler_only_s.c
[3.415s] -- Up-to-date: /home/HwHiAiUser/wheeltec_ros2/install/yesense_interface/local/lib/python3.10/dist-packages/yesense_interface/msg/_euler_only.py
[3.415s] -- Up-to-date: /home/HwHiAiUser/wheeltec_ros2/install/yesense_interface/local/lib/python3.10/dist-packages/yesense_interface/msg/_nav_min_utc_s.c
[3.415s] -- Up-to-date: /home/HwHiAiUser/wheeltec_ros2/install/yesense_interface/local/lib/python3.10/dist-packages/yesense_interface/msg/_robot_lord.py
[3.417s] -- Up-to-date: /home/HwHiAiUser/wheeltec_ros2/install/yesense_interface/local/lib/python3.10/dist-packages/yesense_interface/msg/_utc_s.c
[3.417s] -- Up-to-date: /home/HwHiAiUser/wheeltec_ros2/install/yesense_interface/local/lib/python3.10/dist-packages/yesense_interface/msg/_pos_only.py
[3.418s] -- Up-to-date: /home/HwHiAiUser/wheeltec_ros2/install/yesense_interface/local/lib/python3.10/dist-packages/yesense_interface/libyesense_interface__rosidl_generator_py.so
[3.419s] -- Up-to-date: /home/HwHiAiUser/wheeltec_ros2/install/yesense_interface/local/lib/python3.10/dist-packages/yesense_interface/yesense_interface_s__rosidl_typesupport_fastrtps_c.cpython-310-aarch64-linux-gnu.so
[3.419s] -- Up-to-date: /home/HwHiAiUser/wheeltec_ros2/install/yesense_interface/local/lib/python3.10/dist-packages/yesense_interface/_yesense_interface_s.ep.rosidl_typesupport_introspection_c.c
[3.420s] -- Up-to-date: /home/HwHiAiUser/wheeltec_ros2/install/yesense_interface/local/lib/python3.10/dist-packages/yesense_interface/yesense_interface_s__rosidl_typesupport_introspection_c.cpython-310-aarch64-linux-gnu.so
[3.420s] -- Up-to-date: /home/HwHiAiUser/wheeltec_ros2/install/yesense_interface/local/lib/python3.10/dist-packages/yesense_interface/yesense_interface_s__rosidl_typesupport_c.cpython-310-aarch64-linux-gnu.so
[3.421s] -- Up-to-date: /home/HwHiAiUser/wheeltec_ros2/install/yesense_interface/local/lib/python3.10/dist-packages/yesense_interface/_yesense_interface_s.ep.rosidl_typesupport_fastrtps_c.c
[3.426s] Listing '/home/HwHiAiUser/wheeltec_ros2/install/yesense_interface/local/lib/python3.10/dist-packages/yesense_interface'...
[3.427s] Listing '/home/HwHiAiUser/wheeltec_ros2/install/yesense_interface/local/lib/python3.10/dist-packages/yesense_interface/msg'...
[3.431s] -- Up-to-date: /home/HwHiAiUser/wheeltec_ros2/install/yesense_interface/local/lib/python3.10/dist-packages/yesense_interface/yesense_interface_s__rosidl_typesupport_fastrtps_c.cpython-310-aarch64-linux-gnu.so
[3.431s] -- Up-to-date: /home/HwHiAiUser/wheeltec_ros2/install/yesense_interface/local/lib/python3.10/dist-packages/yesense_interface/yesense_interface_s__rosidl_typesupport_introspection_c.cpython-310-aarch64-linux-gnu.so
[3.432s] -- Up-to-date: /home/HwHiAiUser/wheeltec_ros2/install/yesense_interface/local/lib/python3.10/dist-packages/yesense_interface/yesense_interface_s__rosidl_typesupport_c.cpython-310-aarch64-linux-gnu.so
[3.433s] -- Up-to-date: /home/HwHiAiUser/wheeltec_ros2/install/yesense_interface/lib/libyesense_interface__rosidl_generator_py.so
[3.433s] -- Up-to-date: /home/HwHiAiUser/wheeltec_ros2/install/yesense_interface/share/yesense_interface/msg/Tid.idl
[3.433s] -- Up-to-date: /home/HwHiAiUser/wheeltec_ros2/install/yesense_interface/share/yesense_interface/msg/ThreeAxis.idl
[3.433s] -- Up-to-date: /home/HwHiAiUser/wheeltec_ros2/install/yesense_interface/share/yesense_interface/msg/SensorTemp.idl
[3.433s] -- Up-to-date: /home/HwHiAiUser/wheeltec_ros2/install/yesense_interface/share/yesense_interface/msg/Pressure.idl
[3.434s] -- Up-to-date: /home/HwHiAiUser/wheeltec_ros2/install/yesense_interface/share/yesense_interface/msg/EulerAngle.idl
[3.434s] -- Up-to-date: /home/HwHiAiUser/wheeltec_ros2/install/yesense_interface/share/yesense_interface/msg/Quat.idl
[3.436s] -- Up-to-date: /home/HwHiAiUser/wheeltec_ros2/install/yesense_interface/share/yesense_interface/msg/GnssPos.idl
[3.436s] -- Up-to-date: /home/HwHiAiUser/wheeltec_ros2/install/yesense_interface/share/yesense_interface/msg/NavStatus.idl
[3.437s] -- Up-to-date: /home/HwHiAiUser/wheeltec_ros2/install/yesense_interface/share/yesense_interface/msg/Vel.idl
[3.444s] -- Up-to-date: /home/HwHiAiUser/wheeltec_ros2/install/yesense_interface/share/yesense_interface/msg/Utc.idl
[3.445s] -- Up-to-date: /home/HwHiAiUser/wheeltec_ros2/install/yesense_interface/share/yesense_interface/msg/SampleTimestamp.idl
[3.445s] -- Up-to-date: /home/HwHiAiUser/wheeltec_ros2/install/yesense_interface/share/yesense_interface/msg/ImuData.idl
[3.446s] -- Up-to-date: /home/HwHiAiUser/wheeltec_ros2/install/yesense_interface/share/yesense_interface/msg/ImuDataTenAxis.idl
[3.446s] -- Up-to-date: /home/HwHiAiUser/wheeltec_ros2/install/yesense_interface/share/yesense_interface/msg/EulerOnly.idl
[3.446s] -- Up-to-date: /home/HwHiAiUser/wheeltec_ros2/install/yesense_interface/share/yesense_interface/msg/RobotLord.idl
[3.447s] -- Up-to-date: /home/HwHiAiUser/wheeltec_ros2/install/yesense_interface/share/yesense_interface/msg/AttitudeMinVru.idl
[3.448s] -- Up-to-date: /home/HwHiAiUser/wheeltec_ros2/install/yesense_interface/share/yesense_interface/msg/AttitudeMinAhrs.idl
[3.448s] -- Up-to-date: /home/HwHiAiUser/wheeltec_ros2/install/yesense_interface/share/yesense_interface/msg/AttitudeAllData.idl
[3.449s] -- Up-to-date: /home/HwHiAiUser/wheeltec_ros2/install/yesense_interface/share/yesense_interface/msg/PosOnly.idl
[3.450s] -- Up-to-date: /home/HwHiAiUser/wheeltec_ros2/install/yesense_interface/share/yesense_interface/msg/NavMin.idl
[3.451s] -- Up-to-date: /home/HwHiAiUser/wheeltec_ros2/install/yesense_interface/share/yesense_interface/msg/NavMinUtc.idl
[3.451s] -- Up-to-date: /home/HwHiAiUser/wheeltec_ros2/install/yesense_interface/share/yesense_interface/msg/NavAll.idl
[3.452s] -- Up-to-date: /home/HwHiAiUser/wheeltec_ros2/install/yesense_interface/share/yesense_interface/msg/Tid.msg
[3.454s] -- Up-to-date: /home/HwHiAiUser/wheeltec_ros2/install/yesense_interface/share/yesense_interface/msg/ThreeAxis.msg
[3.455s] -- Up-to-date: /home/HwHiAiUser/wheeltec_ros2/install/yesense_interface/share/yesense_interface/msg/SensorTemp.msg
[3.456s] -- Up-to-date: /home/HwHiAiUser/wheeltec_ros2/install/yesense_interface/share/yesense_interface/msg/Pressure.msg
[3.457s] -- Up-to-date: /home/HwHiAiUser/wheeltec_ros2/install/yesense_interface/share/yesense_interface/msg/EulerAngle.msg
[3.458s] -- Up-to-date: /home/HwHiAiUser/wheeltec_ros2/install/yesense_interface/share/yesense_interface/msg/Quat.msg
[3.459s] -- Up-to-date: /home/HwHiAiUser/wheeltec_ros2/install/yesense_interface/share/yesense_interface/msg/GnssPos.msg
[3.461s] -- Up-to-date: /home/HwHiAiUser/wheeltec_ros2/install/yesense_interface/share/yesense_interface/msg/NavStatus.msg
[3.463s] -- Up-to-date: /home/HwHiAiUser/wheeltec_ros2/install/yesense_interface/share/yesense_interface/msg/Vel.msg
[3.464s] -- Up-to-date: /home/HwHiAiUser/wheeltec_ros2/install/yesense_interface/share/yesense_interface/msg/Utc.msg
[3.465s] -- Up-to-date: /home/HwHiAiUser/wheeltec_ros2/install/yesense_interface/share/yesense_interface/msg/SampleTimestamp.msg
[3.465s] -- Up-to-date: /home/HwHiAiUser/wheeltec_ros2/install/yesense_interface/share/yesense_interface/msg/ImuData.msg
[3.466s] -- Up-to-date: /home/HwHiAiUser/wheeltec_ros2/install/yesense_interface/share/yesense_interface/msg/ImuDataTenAxis.msg
[3.467s] -- Up-to-date: /home/HwHiAiUser/wheeltec_ros2/install/yesense_interface/share/yesense_interface/msg/EulerOnly.msg
[3.468s] -- Up-to-date: /home/HwHiAiUser/wheeltec_ros2/install/yesense_interface/share/yesense_interface/msg/RobotLord.msg
[3.469s] -- Up-to-date: /home/HwHiAiUser/wheeltec_ros2/install/yesense_interface/share/yesense_interface/msg/AttitudeMinVru.msg
[3.469s] -- Up-to-date: /home/HwHiAiUser/wheeltec_ros2/install/yesense_interface/share/yesense_interface/msg/AttitudeMinAhrs.msg
[3.470s] -- Up-to-date: /home/HwHiAiUser/wheeltec_ros2/install/yesense_interface/share/yesense_interface/msg/AttitudeAllData.msg
[3.470s] -- Up-to-date: /home/HwHiAiUser/wheeltec_ros2/install/yesense_interface/share/yesense_interface/msg/PosOnly.msg
[3.471s] -- Up-to-date: /home/HwHiAiUser/wheeltec_ros2/install/yesense_interface/share/yesense_interface/msg/NavMin.msg
[3.473s] -- Up-to-date: /home/HwHiAiUser/wheeltec_ros2/install/yesense_interface/share/yesense_interface/msg/NavMinUtc.msg
[3.474s] -- Up-to-date: /home/HwHiAiUser/wheeltec_ros2/install/yesense_interface/share/yesense_interface/msg/NavAll.msg
[3.474s] -- Up-to-date: /home/HwHiAiUser/wheeltec_ros2/install/yesense_interface/share/ament_index/resource_index/package_run_dependencies/yesense_interface
[3.474s] -- Up-to-date: /home/HwHiAiUser/wheeltec_ros2/install/yesense_interface/share/ament_index/resource_index/parent_prefix_path/yesense_interface
[3.474s] -- Up-to-date: /home/HwHiAiUser/wheeltec_ros2/install/yesense_interface/share/yesense_interface/environment/ament_prefix_path.sh
[3.474s] -- Up-to-date: /home/HwHiAiUser/wheeltec_ros2/install/yesense_interface/share/yesense_interface/environment/ament_prefix_path.dsv
[3.475s] -- Up-to-date: /home/HwHiAiUser/wheeltec_ros2/install/yesense_interface/share/yesense_interface/environment/path.sh
[3.475s] -- Up-to-date: /home/HwHiAiUser/wheeltec_ros2/install/yesense_interface/share/yesense_interface/environment/path.dsv
[3.475s] -- Up-to-date: /home/HwHiAiUser/wheeltec_ros2/install/yesense_interface/share/yesense_interface/local_setup.bash
[3.475s] -- Up-to-date: /home/HwHiAiUser/wheeltec_ros2/install/yesense_interface/share/yesense_interface/local_setup.sh
[3.475s] -- Up-to-date: /home/HwHiAiUser/wheeltec_ros2/install/yesense_interface/share/yesense_interface/local_setup.zsh
[3.475s] -- Up-to-date: /home/HwHiAiUser/wheeltec_ros2/install/yesense_interface/share/yesense_interface/local_setup.dsv
[3.476s] -- Installing: /home/HwHiAiUser/wheeltec_ros2/install/yesense_interface/share/yesense_interface/package.dsv
[3.476s] -- Up-to-date: /home/HwHiAiUser/wheeltec_ros2/install/yesense_interface/share/ament_index/resource_index/packages/yesense_interface
[3.476s] -- Up-to-date: /home/HwHiAiUser/wheeltec_ros2/install/yesense_interface/share/yesense_interface/cmake/export_yesense_interface__rosidl_generator_cExport.cmake
[3.476s] -- Up-to-date: /home/HwHiAiUser/wheeltec_ros2/install/yesense_interface/share/yesense_interface/cmake/export_yesense_interface__rosidl_generator_cExport-noconfig.cmake
[3.477s] -- Up-to-date: /home/HwHiAiUser/wheeltec_ros2/install/yesense_interface/share/yesense_interface/cmake/export_yesense_interface__rosidl_typesupport_fastrtps_cExport.cmake
[3.478s] -- Up-to-date: /home/HwHiAiUser/wheeltec_ros2/install/yesense_interface/share/yesense_interface/cmake/export_yesense_interface__rosidl_typesupport_fastrtps_cExport-noconfig.cmake
[3.483s] -- Up-to-date: /home/HwHiAiUser/wheeltec_ros2/install/yesense_interface/share/yesense_interface/cmake/yesense_interface__rosidl_typesupport_introspection_cExport.cmake
[3.483s] -- Up-to-date: /home/HwHiAiUser/wheeltec_ros2/install/yesense_interface/share/yesense_interface/cmake/yesense_interface__rosidl_typesupport_introspection_cExport-noconfig.cmake
[3.484s] -- Up-to-date: /home/HwHiAiUser/wheeltec_ros2/install/yesense_interface/share/yesense_interface/cmake/yesense_interface__rosidl_typesupport_cExport.cmake
[3.484s] -- Up-to-date: /home/HwHiAiUser/wheeltec_ros2/install/yesense_interface/share/yesense_interface/cmake/yesense_interface__rosidl_typesupport_cExport-noconfig.cmake
[3.485s] -- Up-to-date: /home/HwHiAiUser/wheeltec_ros2/install/yesense_interface/share/yesense_interface/cmake/export_yesense_interface__rosidl_generator_cppExport.cmake
[3.486s] -- Up-to-date: /home/HwHiAiUser/wheeltec_ros2/install/yesense_interface/share/yesense_interface/cmake/export_yesense_interface__rosidl_typesupport_fastrtps_cppExport.cmake
[3.487s] -- Up-to-date: /home/HwHiAiUser/wheeltec_ros2/install/yesense_interface/share/yesense_interface/cmake/export_yesense_interface__rosidl_typesupport_fastrtps_cppExport-noconfig.cmake
[3.522s] -- Up-to-date: /home/HwHiAiUser/wheeltec_ros2/install/yesense_interface/share/yesense_interface/cmake/yesense_interface__rosidl_typesupport_introspection_cppExport.cmake
[3.522s] -- Up-to-date: /home/HwHiAiUser/wheeltec_ros2/install/yesense_interface/share/yesense_interface/cmake/yesense_interface__rosidl_typesupport_introspection_cppExport-noconfig.cmake
[3.523s] -- Up-to-date: /home/HwHiAiUser/wheeltec_ros2/install/yesense_interface/share/yesense_interface/cmake/yesense_interface__rosidl_typesupport_cppExport.cmake
[3.523s] -- Up-to-date: /home/HwHiAiUser/wheeltec_ros2/install/yesense_interface/share/yesense_interface/cmake/yesense_interface__rosidl_typesupport_cppExport-noconfig.cmake
[3.523s] -- Up-to-date: /home/HwHiAiUser/wheeltec_ros2/install/yesense_interface/share/yesense_interface/cmake/export_yesense_interface__rosidl_generator_pyExport.cmake
[3.523s] -- Up-to-date: /home/HwHiAiUser/wheeltec_ros2/install/yesense_interface/share/yesense_interface/cmake/export_yesense_interface__rosidl_generator_pyExport-noconfig.cmake
[3.523s] -- Up-to-date: /home/HwHiAiUser/wheeltec_ros2/install/yesense_interface/share/yesense_interface/cmake/rosidl_cmake-extras.cmake
[3.524s] -- Up-to-date: /home/HwHiAiUser/wheeltec_ros2/install/yesense_interface/share/yesense_interface/cmake/ament_cmake_export_include_directories-extras.cmake
[3.524s] -- Up-to-date: /home/HwHiAiUser/wheeltec_ros2/install/yesense_interface/share/yesense_interface/cmake/ament_cmake_export_libraries-extras.cmake
[3.524s] -- Up-to-date: /home/HwHiAiUser/wheeltec_ros2/install/yesense_interface/share/yesense_interface/cmake/ament_cmake_export_targets-extras.cmake
[3.524s] -- Up-to-date: /home/HwHiAiUser/wheeltec_ros2/install/yesense_interface/share/yesense_interface/cmake/rosidl_cmake_export_typesupport_targets-extras.cmake
[3.524s] -- Up-to-date: /home/HwHiAiUser/wheeltec_ros2/install/yesense_interface/share/yesense_interface/cmake/ament_cmake_export_dependencies-extras.cmake
[3.524s] -- Up-to-date: /home/HwHiAiUser/wheeltec_ros2/install/yesense_interface/share/yesense_interface/cmake/rosidl_cmake_export_typesupport_libraries-extras.cmake
[3.525s] -- Up-to-date: /home/HwHiAiUser/wheeltec_ros2/install/yesense_interface/share/yesense_interface/cmake/yesense_interfaceConfig.cmake
[3.526s] -- Up-to-date: /home/HwHiAiUser/wheeltec_ros2/install/yesense_interface/share/yesense_interface/cmake/yesense_interfaceConfig-version.cmake
[3.527s] -- Up-to-date: /home/HwHiAiUser/wheeltec_ros2/install/yesense_interface/share/yesense_interface/package.xml
[3.595s] Invoked command in '/home/HwHiAiUser/wheeltec_ros2/build/yesense_interface' returned '0': CMAKE_PREFIX_PATH=/opt/ros/humble _=/usr/bin/env /usr/bin/cmake --install /home/HwHiAiUser/wheeltec_ros2/build/yesense_interface
