[0.202s] Invoking command in '/home/HwHiAiUser/wheeltec_ros2/build/ldlidar': CMAKE_PREFIX_PATH=/opt/ros/humble _=/usr/bin/env /usr/bin/cmake --build /home/HwHiAiUser/wheeltec_ros2/build/ldlidar -- -j4 -l4
[0.351s] [35m[1mConsolidate compiler generated dependencies of target ldlidar[0m
[0.436s] [100%] Built target ldlidar
[0.467s] Invoked command in '/home/HwHiAiUser/wheeltec_ros2/build/ldlidar' returned '0': CMAKE_PREFIX_PATH=/opt/ros/humble _=/usr/bin/env /usr/bin/cmake --build /home/HwHiAiUser/wheeltec_ros2/build/ldlidar -- -j4 -l4
[0.474s] Invoking command in '/home/HwHiAiUser/wheeltec_ros2/build/ldlidar': CMAKE_PREFIX_PATH=/opt/ros/humble _=/usr/bin/env /usr/bin/cmake --install /home/HwHiAiUser/wheeltec_ros2/build/ldlidar
[0.559s] -- Install configuration: ""
[0.565s] -- Up-to-date: /home/HwHiAiUser/wheeltec_ros2/install/ldlidar/lib/ldlidar/ldlidar
[0.565s] -- Up-to-date: /home/HwHiAiUser/wheeltec_ros2/install/ldlidar/share/ldlidar//launch
[0.565s] -- Up-to-date: /home/HwHiAiUser/wheeltec_ros2/install/ldlidar/share/ldlidar//launch/viewer_ld06.launch.py
[0.592s] -- Up-to-date: /home/HwHiAiUser/wheeltec_ros2/install/ldlidar/share/ldlidar//launch/viewer_ld19.launch.py
[0.592s] -- Up-to-date: /home/HwHiAiUser/wheeltec_ros2/install/ldlidar/share/ldlidar//launch/viewer_stl06p.launch.py
[0.592s] -- Up-to-date: /home/HwHiAiUser/wheeltec_ros2/install/ldlidar/share/ldlidar//launch/ld19.launch.py
[0.592s] -- Up-to-date: /home/HwHiAiUser/wheeltec_ros2/install/ldlidar/share/ldlidar//launch/ld06.launch.py
[0.592s] -- Up-to-date: /home/HwHiAiUser/wheeltec_ros2/install/ldlidar/share/ldlidar//launch/viewer_stl27l.launch.py
[0.593s] -- Up-to-date: /home/HwHiAiUser/wheeltec_ros2/install/ldlidar/share/ldlidar//launch/stl27l.launch.py
[0.593s] -- Up-to-date: /home/HwHiAiUser/wheeltec_ros2/install/ldlidar/share/ldlidar//launch/stl26.launch.py
[0.593s] -- Up-to-date: /home/HwHiAiUser/wheeltec_ros2/install/ldlidar/share/ldlidar//launch/stl06p.launch.py
[0.593s] -- Up-to-date: /home/HwHiAiUser/wheeltec_ros2/install/ldlidar/share/ldlidar//launch/stl06n.launch.py
[0.593s] -- Up-to-date: /home/HwHiAiUser/wheeltec_ros2/install/ldlidar/share/ldlidar//launch/viewer_stl06n.launch.py
[0.593s] -- Up-to-date: /home/HwHiAiUser/wheeltec_ros2/install/ldlidar/share/ldlidar//launch/viewer_stl26.launch.py
[0.594s] -- Up-to-date: /home/HwHiAiUser/wheeltec_ros2/install/ldlidar/share/ldlidar//rviz2
[0.594s] -- Up-to-date: /home/HwHiAiUser/wheeltec_ros2/install/ldlidar/share/ldlidar//rviz2/ldlidar.rviz
[0.604s] -- Up-to-date: /home/HwHiAiUser/wheeltec_ros2/install/ldlidar/share/ament_index/resource_index/package_run_dependencies/ldlidar
[0.604s] -- Up-to-date: /home/HwHiAiUser/wheeltec_ros2/install/ldlidar/share/ament_index/resource_index/parent_prefix_path/ldlidar
[0.604s] -- Up-to-date: /home/HwHiAiUser/wheeltec_ros2/install/ldlidar/share/ldlidar/environment/ament_prefix_path.sh
[0.605s] -- Up-to-date: /home/HwHiAiUser/wheeltec_ros2/install/ldlidar/share/ldlidar/environment/ament_prefix_path.dsv
[0.605s] -- Up-to-date: /home/HwHiAiUser/wheeltec_ros2/install/ldlidar/share/ldlidar/environment/path.sh
[0.606s] -- Up-to-date: /home/HwHiAiUser/wheeltec_ros2/install/ldlidar/share/ldlidar/environment/path.dsv
[0.608s] -- Up-to-date: /home/HwHiAiUser/wheeltec_ros2/install/ldlidar/share/ldlidar/local_setup.bash
[0.608s] -- Up-to-date: /home/HwHiAiUser/wheeltec_ros2/install/ldlidar/share/ldlidar/local_setup.sh
[0.609s] -- Up-to-date: /home/HwHiAiUser/wheeltec_ros2/install/ldlidar/share/ldlidar/local_setup.zsh
[0.609s] -- Up-to-date: /home/HwHiAiUser/wheeltec_ros2/install/ldlidar/share/ldlidar/local_setup.dsv
[0.609s] -- Installing: /home/HwHiAiUser/wheeltec_ros2/install/ldlidar/share/ldlidar/package.dsv
[0.610s] -- Up-to-date: /home/HwHiAiUser/wheeltec_ros2/install/ldlidar/share/ament_index/resource_index/packages/ldlidar
[0.610s] -- Up-to-date: /home/HwHiAiUser/wheeltec_ros2/install/ldlidar/share/ldlidar/cmake/ldlidarConfig.cmake
[0.610s] -- Up-to-date: /home/HwHiAiUser/wheeltec_ros2/install/ldlidar/share/ldlidar/cmake/ldlidarConfig-version.cmake
[0.610s] -- Up-to-date: /home/HwHiAiUser/wheeltec_ros2/install/ldlidar/share/ldlidar/package.xml
[0.729s] Invoked command in '/home/HwHiAiUser/wheeltec_ros2/build/ldlidar' returned '0': CMAKE_PREFIX_PATH=/opt/ros/humble _=/usr/bin/env /usr/bin/cmake --install /home/HwHiAiUser/wheeltec_ros2/build/ldlidar
