[0.088s] Invoking command in '/home/HwHiAiUser/wheeltec_ros2/build/wheeltec_robot_urdf': CMAKE_PREFIX_PATH=${CMAKE_PREFIX_PATH}:/home/HwHiAiUser/wheeltec_ros2/install/wheeltec_robot_keyboard:/home/HwHiAiUser/wheeltec_ros2/install/wheeltec_gpio_control:/home/HwHiAiUser/wheeltec_ros2/install/tf2_tools:/opt/ros/humble _=/usr/bin/env /usr/bin/cmake --build /home/HwHiAiUser/wheeltec_ros2/build/wheeltec_robot_urdf -- -j4 -l4
[0.406s] Invoked command in '/home/HwHiAiUser/wheeltec_ros2/build/wheeltec_robot_urdf' returned '0': CMAKE_PREFIX_PATH=${CMAKE_PREFIX_PATH}:/home/HwHiAiUser/wheeltec_ros2/install/wheeltec_robot_keyboard:/home/HwHiAiUser/wheeltec_ros2/install/wheeltec_gpio_control:/home/HwHiAiUser/wheeltec_ros2/install/tf2_tools:/opt/ros/humble _=/usr/bin/env /usr/bin/cmake --build /home/HwHiAiUser/wheeltec_ros2/build/wheeltec_robot_urdf -- -j4 -l4
[0.414s] Invoking command in '/home/HwHiAiUser/wheeltec_ros2/build/wheeltec_robot_urdf': CMAKE_PREFIX_PATH=${CMAKE_PREFIX_PATH}:/home/HwHiAiUser/wheeltec_ros2/install/wheeltec_robot_keyboard:/home/HwHiAiUser/wheeltec_ros2/install/wheeltec_gpio_control:/home/HwHiAiUser/wheeltec_ros2/install/tf2_tools:/opt/ros/humble _=/usr/bin/env /usr/bin/cmake --install /home/HwHiAiUser/wheeltec_ros2/build/wheeltec_robot_urdf
[0.417s] -- Install configuration: ""
[0.419s] -- Up-to-date: /home/HwHiAiUser/wheeltec_ros2/install/wheeltec_robot_urdf/share/wheeltec_robot_urdf/meshes
[0.432s] -- Up-to-date: /home/HwHiAiUser/wheeltec_ros2/install/wheeltec_robot_urdf/share/wheeltec_robot_urdf/meshes/top_mec_EightDrive_robot_meshes
[0.437s] -- Up-to-date: /home/HwHiAiUser/wheeltec_ros2/install/wheeltec_robot_urdf/share/wheeltec_robot_urdf/meshes/top_mec_EightDrive_robot_meshes/base_link.STL
[0.438s] -- Up-to-date: /home/HwHiAiUser/wheeltec_ros2/install/wheeltec_robot_urdf/share/wheeltec_robot_urdf/meshes/top_mec_EightDrive_robot_meshes/right_wheel2_link.STL
[0.438s] -- Up-to-date: /home/HwHiAiUser/wheeltec_ros2/install/wheeltec_robot_urdf/share/wheeltec_robot_urdf/meshes/top_mec_EightDrive_robot_meshes/left_wheel2_link.STL
[0.438s] -- Up-to-date: /home/HwHiAiUser/wheeltec_ros2/install/wheeltec_robot_urdf/share/wheeltec_robot_urdf/meshes/top_mec_EightDrive_robot_meshes/laser.STL
[0.438s] -- Up-to-date: /home/HwHiAiUser/wheeltec_ros2/install/wheeltec_robot_urdf/share/wheeltec_robot_urdf/meshes/top_mec_EightDrive_robot_meshes/controller_link.STL
[0.439s] -- Up-to-date: /home/HwHiAiUser/wheeltec_ros2/install/wheeltec_robot_urdf/share/wheeltec_robot_urdf/meshes/top_mec_EightDrive_robot_meshes/camera_link.STL
[0.439s] -- Up-to-date: /home/HwHiAiUser/wheeltec_ros2/install/wheeltec_robot_urdf/share/wheeltec_robot_urdf/meshes/top_mec_EightDrive_robot_meshes/left_wheel1_link.STL
[0.441s] -- Up-to-date: /home/HwHiAiUser/wheeltec_ros2/install/wheeltec_robot_urdf/share/wheeltec_robot_urdf/meshes/top_mec_EightDrive_robot_meshes/left_wheel4_link.STL
[0.442s] -- Up-to-date: /home/HwHiAiUser/wheeltec_ros2/install/wheeltec_robot_urdf/share/wheeltec_robot_urdf/meshes/top_mec_EightDrive_robot_meshes/left_wheel3_link.STL
[0.442s] -- Up-to-date: /home/HwHiAiUser/wheeltec_ros2/install/wheeltec_robot_urdf/share/wheeltec_robot_urdf/meshes/top_mec_EightDrive_robot_meshes/right_wheel1_link.STL
[0.442s] -- Up-to-date: /home/HwHiAiUser/wheeltec_ros2/install/wheeltec_robot_urdf/share/wheeltec_robot_urdf/meshes/top_mec_EightDrive_robot_meshes/right_wheel3_link.STL
[0.443s] -- Up-to-date: /home/HwHiAiUser/wheeltec_ros2/install/wheeltec_robot_urdf/share/wheeltec_robot_urdf/meshes/top_mec_EightDrive_robot_meshes/right_wheel4_link.STL
[0.443s] -- Up-to-date: /home/HwHiAiUser/wheeltec_ros2/install/wheeltec_robot_urdf/share/wheeltec_robot_urdf/meshes/senior_akm_bs_meshes
[0.443s] -- Up-to-date: /home/HwHiAiUser/wheeltec_ros2/install/wheeltec_robot_urdf/share/wheeltec_robot_urdf/meshes/senior_akm_bs_meshes/base_link.STL
[0.443s] -- Up-to-date: /home/HwHiAiUser/wheeltec_ros2/install/wheeltec_robot_urdf/share/wheeltec_robot_urdf/meshes/senior_akm_bs_meshes/rf_1_link.STL
[0.443s] -- Up-to-date: /home/HwHiAiUser/wheeltec_ros2/install/wheeltec_robot_urdf/share/wheeltec_robot_urdf/meshes/senior_akm_bs_meshes/lb_wheel_link.STL
[0.444s] -- Up-to-date: /home/HwHiAiUser/wheeltec_ros2/install/wheeltec_robot_urdf/share/wheeltec_robot_urdf/meshes/senior_akm_bs_meshes/lf_wheel_link.STL
[0.444s] -- Up-to-date: /home/HwHiAiUser/wheeltec_ros2/install/wheeltec_robot_urdf/share/wheeltec_robot_urdf/meshes/senior_akm_bs_meshes/rf_2_link.STL
[0.444s] -- Up-to-date: /home/HwHiAiUser/wheeltec_ros2/install/wheeltec_robot_urdf/share/wheeltec_robot_urdf/meshes/senior_akm_bs_meshes/controller_link.STL
[0.451s] -- Up-to-date: /home/HwHiAiUser/wheeltec_ros2/install/wheeltec_robot_urdf/share/wheeltec_robot_urdf/meshes/senior_akm_bs_meshes/camera_link.STL
[0.452s] -- Up-to-date: /home/HwHiAiUser/wheeltec_ros2/install/wheeltec_robot_urdf/share/wheeltec_robot_urdf/meshes/senior_akm_bs_meshes/lf_1_link.STL
[0.456s] -- Up-to-date: /home/HwHiAiUser/wheeltec_ros2/install/wheeltec_robot_urdf/share/wheeltec_robot_urdf/meshes/senior_akm_bs_meshes/lf_2_link.STL
[0.456s] -- Up-to-date: /home/HwHiAiUser/wheeltec_ros2/install/wheeltec_robot_urdf/share/wheeltec_robot_urdf/meshes/senior_akm_bs_meshes/rb_wheel_link.STL
[0.456s] -- Up-to-date: /home/HwHiAiUser/wheeltec_ros2/install/wheeltec_robot_urdf/share/wheeltec_robot_urdf/meshes/senior_akm_bs_meshes/rf_wheel_link.STL
[0.457s] -- Up-to-date: /home/HwHiAiUser/wheeltec_ros2/install/wheeltec_robot_urdf/share/wheeltec_robot_urdf/meshes/senior_akm_bs_meshes/laser_link.STL
[0.458s] -- Up-to-date: /home/HwHiAiUser/wheeltec_ros2/install/wheeltec_robot_urdf/share/wheeltec_robot_urdf/meshes/mini_tank_moveit_four_meshes
[0.458s] -- Up-to-date: /home/HwHiAiUser/wheeltec_ros2/install/wheeltec_robot_urdf/share/wheeltec_robot_urdf/meshes/mini_tank_moveit_four_meshes/base_link.STL
[0.460s] -- Up-to-date: /home/HwHiAiUser/wheeltec_ros2/install/wheeltec_robot_urdf/share/wheeltec_robot_urdf/meshes/mini_tank_moveit_four_meshes/j2_link.STL
[0.460s] -- Up-to-date: /home/HwHiAiUser/wheeltec_ros2/install/wheeltec_robot_urdf/share/wheeltec_robot_urdf/meshes/mini_tank_moveit_four_meshes/j4_2_link.STL
[0.460s] -- Up-to-date: /home/HwHiAiUser/wheeltec_ros2/install/wheeltec_robot_urdf/share/wheeltec_robot_urdf/meshes/mini_tank_moveit_four_meshes/j4_6_link.STL
[0.460s] -- Up-to-date: /home/HwHiAiUser/wheeltec_ros2/install/wheeltec_robot_urdf/share/wheeltec_robot_urdf/meshes/mini_tank_moveit_four_meshes/right5_link.STL
[0.461s] -- Up-to-date: /home/HwHiAiUser/wheeltec_ros2/install/wheeltec_robot_urdf/share/wheeltec_robot_urdf/meshes/mini_tank_moveit_four_meshes/right_belt_link.STL
[0.461s] -- Up-to-date: /home/HwHiAiUser/wheeltec_ros2/install/wheeltec_robot_urdf/share/wheeltec_robot_urdf/meshes/mini_tank_moveit_four_meshes/left6_link.STL
[0.465s] -- Up-to-date: /home/HwHiAiUser/wheeltec_ros2/install/wheeltec_robot_urdf/share/wheeltec_robot_urdf/meshes/mini_tank_moveit_four_meshes/right4_link.STL
[0.467s] -- Up-to-date: /home/HwHiAiUser/wheeltec_ros2/install/wheeltec_robot_urdf/share/wheeltec_robot_urdf/meshes/mini_tank_moveit_four_meshes/laser.STL
[0.468s] -- Up-to-date: /home/HwHiAiUser/wheeltec_ros2/install/wheeltec_robot_urdf/share/wheeltec_robot_urdf/meshes/mini_tank_moveit_four_meshes/controller_link.STL
[0.468s] -- Up-to-date: /home/HwHiAiUser/wheeltec_ros2/install/wheeltec_robot_urdf/share/wheeltec_robot_urdf/meshes/mini_tank_moveit_four_meshes/camera_link.STL
[0.469s] -- Up-to-date: /home/HwHiAiUser/wheeltec_ros2/install/wheeltec_robot_urdf/share/wheeltec_robot_urdf/meshes/mini_tank_moveit_four_meshes/left3_link.STL
[0.474s] -- Up-to-date: /home/HwHiAiUser/wheeltec_ros2/install/wheeltec_robot_urdf/share/wheeltec_robot_urdf/meshes/mini_tank_moveit_four_meshes/j4_4_link.STL
[0.482s] -- Up-to-date: /home/HwHiAiUser/wheeltec_ros2/install/wheeltec_robot_urdf/share/wheeltec_robot_urdf/meshes/mini_tank_moveit_four_meshes/left1_link.STL
[0.483s] -- Up-to-date: /home/HwHiAiUser/wheeltec_ros2/install/wheeltec_robot_urdf/share/wheeltec_robot_urdf/meshes/mini_tank_moveit_four_meshes/left4_link.STL
[0.484s] -- Up-to-date: /home/HwHiAiUser/wheeltec_ros2/install/wheeltec_robot_urdf/share/wheeltec_robot_urdf/meshes/mini_tank_moveit_four_meshes/left5_link.STL
[0.484s] -- Up-to-date: /home/HwHiAiUser/wheeltec_ros2/install/wheeltec_robot_urdf/share/wheeltec_robot_urdf/meshes/mini_tank_moveit_four_meshes/right2_link.STL
[0.485s] -- Up-to-date: /home/HwHiAiUser/wheeltec_ros2/install/wheeltec_robot_urdf/share/wheeltec_robot_urdf/meshes/mini_tank_moveit_four_meshes/right6_link.STL
[0.485s] -- Up-to-date: /home/HwHiAiUser/wheeltec_ros2/install/wheeltec_robot_urdf/share/wheeltec_robot_urdf/meshes/mini_tank_moveit_four_meshes/left_belt_link.STL
[0.485s] -- Up-to-date: /home/HwHiAiUser/wheeltec_ros2/install/wheeltec_robot_urdf/share/wheeltec_robot_urdf/meshes/mini_tank_moveit_four_meshes/j4_5_link.STL
[0.485s] -- Up-to-date: /home/HwHiAiUser/wheeltec_ros2/install/wheeltec_robot_urdf/share/wheeltec_robot_urdf/meshes/mini_tank_moveit_four_meshes/right1_link.STL
[0.486s] -- Up-to-date: /home/HwHiAiUser/wheeltec_ros2/install/wheeltec_robot_urdf/share/wheeltec_robot_urdf/meshes/mini_tank_moveit_four_meshes/right3_link.STL
[0.486s] -- Up-to-date: /home/HwHiAiUser/wheeltec_ros2/install/wheeltec_robot_urdf/share/wheeltec_robot_urdf/meshes/mini_tank_moveit_four_meshes/arm_base_link.STL
[0.486s] -- Up-to-date: /home/HwHiAiUser/wheeltec_ros2/install/wheeltec_robot_urdf/share/wheeltec_robot_urdf/meshes/mini_tank_moveit_four_meshes/j1_link.STL
[0.486s] -- Up-to-date: /home/HwHiAiUser/wheeltec_ros2/install/wheeltec_robot_urdf/share/wheeltec_robot_urdf/meshes/mini_tank_moveit_four_meshes/j4_1_link.STL
[0.486s] -- Up-to-date: /home/HwHiAiUser/wheeltec_ros2/install/wheeltec_robot_urdf/share/wheeltec_robot_urdf/meshes/mini_tank_moveit_four_meshes/left2_link.STL
[0.487s] -- Up-to-date: /home/HwHiAiUser/wheeltec_ros2/install/wheeltec_robot_urdf/share/wheeltec_robot_urdf/meshes/mini_tank_moveit_four_meshes/j3_link.STL
[0.487s] -- Up-to-date: /home/HwHiAiUser/wheeltec_ros2/install/wheeltec_robot_urdf/share/wheeltec_robot_urdf/meshes/mini_tank_moveit_four_meshes/j4_3_link.STL
[0.487s] -- Up-to-date: /home/HwHiAiUser/wheeltec_ros2/install/wheeltec_robot_urdf/share/wheeltec_robot_urdf/meshes/mini_mec_moveit_four_meshes
[0.487s] -- Up-to-date: /home/HwHiAiUser/wheeltec_ros2/install/wheeltec_robot_urdf/share/wheeltec_robot_urdf/meshes/mini_mec_moveit_four_meshes/base_link.STL
[0.487s] -- Up-to-date: /home/HwHiAiUser/wheeltec_ros2/install/wheeltec_robot_urdf/share/wheeltec_robot_urdf/meshes/mini_mec_moveit_four_meshes/j2_link.STL
[0.487s] -- Up-to-date: /home/HwHiAiUser/wheeltec_ros2/install/wheeltec_robot_urdf/share/wheeltec_robot_urdf/meshes/mini_mec_moveit_four_meshes/j4_2_link.STL
[0.488s] -- Up-to-date: /home/HwHiAiUser/wheeltec_ros2/install/wheeltec_robot_urdf/share/wheeltec_robot_urdf/meshes/mini_mec_moveit_four_meshes/j4_6_link.STL
[0.488s] -- Up-to-date: /home/HwHiAiUser/wheeltec_ros2/install/wheeltec_robot_urdf/share/wheeltec_robot_urdf/meshes/mini_mec_moveit_four_meshes/lb_wheel_link.STL
[0.488s] -- Up-to-date: /home/HwHiAiUser/wheeltec_ros2/install/wheeltec_robot_urdf/share/wheeltec_robot_urdf/meshes/mini_mec_moveit_four_meshes/display_link.STL
[0.488s] -- Up-to-date: /home/HwHiAiUser/wheeltec_ros2/install/wheeltec_robot_urdf/share/wheeltec_robot_urdf/meshes/mini_mec_moveit_four_meshes/lf_wheel_link.STL
[0.489s] -- Up-to-date: /home/HwHiAiUser/wheeltec_ros2/install/wheeltec_robot_urdf/share/wheeltec_robot_urdf/meshes/mini_mec_moveit_four_meshes/laser.STL
[0.489s] -- Up-to-date: /home/HwHiAiUser/wheeltec_ros2/install/wheeltec_robot_urdf/share/wheeltec_robot_urdf/meshes/mini_mec_moveit_four_meshes/controller_link.STL
[0.494s] -- Up-to-date: /home/HwHiAiUser/wheeltec_ros2/install/wheeltec_robot_urdf/share/wheeltec_robot_urdf/meshes/mini_mec_moveit_four_meshes/camera_link.STL
[0.495s] -- Up-to-date: /home/HwHiAiUser/wheeltec_ros2/install/wheeltec_robot_urdf/share/wheeltec_robot_urdf/meshes/mini_mec_moveit_four_meshes/j4_4_link.STL
[0.496s] -- Up-to-date: /home/HwHiAiUser/wheeltec_ros2/install/wheeltec_robot_urdf/share/wheeltec_robot_urdf/meshes/mini_mec_moveit_four_meshes/rb_wheel_link.STL
[0.496s] -- Up-to-date: /home/HwHiAiUser/wheeltec_ros2/install/wheeltec_robot_urdf/share/wheeltec_robot_urdf/meshes/mini_mec_moveit_four_meshes/rf_wheel_link.STL
[0.498s] -- Up-to-date: /home/HwHiAiUser/wheeltec_ros2/install/wheeltec_robot_urdf/share/wheeltec_robot_urdf/meshes/mini_mec_moveit_four_meshes/j4_5_link.STL
[0.499s] -- Up-to-date: /home/HwHiAiUser/wheeltec_ros2/install/wheeltec_robot_urdf/share/wheeltec_robot_urdf/meshes/mini_mec_moveit_four_meshes/arm_base_link.STL
[0.499s] -- Up-to-date: /home/HwHiAiUser/wheeltec_ros2/install/wheeltec_robot_urdf/share/wheeltec_robot_urdf/meshes/mini_mec_moveit_four_meshes/j1_link.STL
[0.499s] -- Up-to-date: /home/HwHiAiUser/wheeltec_ros2/install/wheeltec_robot_urdf/share/wheeltec_robot_urdf/meshes/mini_mec_moveit_four_meshes/j4_1_link.STL
[0.499s] -- Up-to-date: /home/HwHiAiUser/wheeltec_ros2/install/wheeltec_robot_urdf/share/wheeltec_robot_urdf/meshes/mini_mec_moveit_four_meshes/j3_link.STL
[0.500s] -- Up-to-date: /home/HwHiAiUser/wheeltec_ros2/install/wheeltec_robot_urdf/share/wheeltec_robot_urdf/meshes/mini_mec_moveit_four_meshes/j4_3_link.STL
[0.500s] -- Up-to-date: /home/HwHiAiUser/wheeltec_ros2/install/wheeltec_robot_urdf/share/wheeltec_robot_urdf/meshes/senior_diff_robot_meshes
[0.500s] -- Up-to-date: /home/HwHiAiUser/wheeltec_ros2/install/wheeltec_robot_urdf/share/wheeltec_robot_urdf/meshes/senior_diff_robot_meshes/base_link.STL
[0.500s] -- Up-to-date: /home/HwHiAiUser/wheeltec_ros2/install/wheeltec_robot_urdf/share/wheeltec_robot_urdf/meshes/senior_diff_robot_meshes/laser.STL
[0.500s] -- Up-to-date: /home/HwHiAiUser/wheeltec_ros2/install/wheeltec_robot_urdf/share/wheeltec_robot_urdf/meshes/senior_diff_robot_meshes/controller_link.STL
[0.501s] -- Up-to-date: /home/HwHiAiUser/wheeltec_ros2/install/wheeltec_robot_urdf/share/wheeltec_robot_urdf/meshes/senior_diff_robot_meshes/camera_link.STL
[0.501s] -- Up-to-date: /home/HwHiAiUser/wheeltec_ros2/install/wheeltec_robot_urdf/share/wheeltec_robot_urdf/meshes/senior_diff_robot_meshes/left_wheel_link.STL
[0.505s] -- Up-to-date: /home/HwHiAiUser/wheeltec_ros2/install/wheeltec_robot_urdf/share/wheeltec_robot_urdf/meshes/senior_diff_robot_meshes/quanxiang_wheel_link.STL
[0.506s] -- Up-to-date: /home/HwHiAiUser/wheeltec_ros2/install/wheeltec_robot_urdf/share/wheeltec_robot_urdf/meshes/senior_diff_robot_meshes/right_wheel_link.STL
[0.506s] -- Up-to-date: /home/HwHiAiUser/wheeltec_ros2/install/wheeltec_robot_urdf/share/wheeltec_robot_urdf/meshes/senior_akm_robot_meshes
[0.506s] -- Up-to-date: /home/HwHiAiUser/wheeltec_ros2/install/wheeltec_robot_urdf/share/wheeltec_robot_urdf/meshes/senior_akm_robot_meshes/base_link.STL
[0.506s] -- Up-to-date: /home/HwHiAiUser/wheeltec_ros2/install/wheeltec_robot_urdf/share/wheeltec_robot_urdf/meshes/senior_akm_robot_meshes/lb_wheel_link.STL
[0.506s] -- Up-to-date: /home/HwHiAiUser/wheeltec_ros2/install/wheeltec_robot_urdf/share/wheeltec_robot_urdf/meshes/senior_akm_robot_meshes/lf_wheel_link.STL
[0.507s] -- Up-to-date: /home/HwHiAiUser/wheeltec_ros2/install/wheeltec_robot_urdf/share/wheeltec_robot_urdf/meshes/senior_akm_robot_meshes/laser.STL
[0.507s] -- Up-to-date: /home/HwHiAiUser/wheeltec_ros2/install/wheeltec_robot_urdf/share/wheeltec_robot_urdf/meshes/senior_akm_robot_meshes/controller_link.STL
[0.507s] -- Up-to-date: /home/HwHiAiUser/wheeltec_ros2/install/wheeltec_robot_urdf/share/wheeltec_robot_urdf/meshes/senior_akm_robot_meshes/camera_link.STL
[0.507s] -- Up-to-date: /home/HwHiAiUser/wheeltec_ros2/install/wheeltec_robot_urdf/share/wheeltec_robot_urdf/meshes/senior_akm_robot_meshes/rb_wheel_link.STL
[0.507s] -- Up-to-date: /home/HwHiAiUser/wheeltec_ros2/install/wheeltec_robot_urdf/share/wheeltec_robot_urdf/meshes/senior_akm_robot_meshes/rf_wheel_link.STL
[0.507s] -- Up-to-date: /home/HwHiAiUser/wheeltec_ros2/install/wheeltec_robot_urdf/share/wheeltec_robot_urdf/meshes/top_omni_robot_meshes
[0.508s] -- Up-to-date: /home/HwHiAiUser/wheeltec_ros2/install/wheeltec_robot_urdf/share/wheeltec_robot_urdf/meshes/top_omni_robot_meshes/base_link.STL
[0.508s] -- Up-to-date: /home/HwHiAiUser/wheeltec_ros2/install/wheeltec_robot_urdf/share/wheeltec_robot_urdf/meshes/top_omni_robot_meshes/laser.STL
[0.508s] -- Up-to-date: /home/HwHiAiUser/wheeltec_ros2/install/wheeltec_robot_urdf/share/wheeltec_robot_urdf/meshes/top_omni_robot_meshes/controller_link.STL
[0.508s] -- Up-to-date: /home/HwHiAiUser/wheeltec_ros2/install/wheeltec_robot_urdf/share/wheeltec_robot_urdf/meshes/top_omni_robot_meshes/camera_link.STL
[0.509s] -- Up-to-date: /home/HwHiAiUser/wheeltec_ros2/install/wheeltec_robot_urdf/share/wheeltec_robot_urdf/meshes/top_omni_robot_meshes/quanxiang_wheel3_link.STL
[0.533s] -- Up-to-date: /home/HwHiAiUser/wheeltec_ros2/install/wheeltec_robot_urdf/share/wheeltec_robot_urdf/meshes/top_omni_robot_meshes/quanxiang_wheel1_link.STL
[0.534s] -- Up-to-date: /home/HwHiAiUser/wheeltec_ros2/install/wheeltec_robot_urdf/share/wheeltec_robot_urdf/meshes/top_omni_robot_meshes/quanxiang_wheel2_link.STL
[0.534s] -- Up-to-date: /home/HwHiAiUser/wheeltec_ros2/install/wheeltec_robot_urdf/share/wheeltec_robot_urdf/meshes/four_wheel_diff_dl_robot_meshes
[0.534s] -- Up-to-date: /home/HwHiAiUser/wheeltec_ros2/install/wheeltec_robot_urdf/share/wheeltec_robot_urdf/meshes/four_wheel_diff_dl_robot_meshes/base_link.STL
[0.535s] -- Up-to-date: /home/HwHiAiUser/wheeltec_ros2/install/wheeltec_robot_urdf/share/wheeltec_robot_urdf/meshes/four_wheel_diff_dl_robot_meshes/lb_wheel_link.STL
[0.535s] -- Up-to-date: /home/HwHiAiUser/wheeltec_ros2/install/wheeltec_robot_urdf/share/wheeltec_robot_urdf/meshes/four_wheel_diff_dl_robot_meshes/lf_wheel_link.STL
[0.535s] -- Up-to-date: /home/HwHiAiUser/wheeltec_ros2/install/wheeltec_robot_urdf/share/wheeltec_robot_urdf/meshes/four_wheel_diff_dl_robot_meshes/laser.STL
[0.535s] -- Up-to-date: /home/HwHiAiUser/wheeltec_ros2/install/wheeltec_robot_urdf/share/wheeltec_robot_urdf/meshes/four_wheel_diff_dl_robot_meshes/controller_link.STL
[0.536s] -- Up-to-date: /home/HwHiAiUser/wheeltec_ros2/install/wheeltec_robot_urdf/share/wheeltec_robot_urdf/meshes/four_wheel_diff_dl_robot_meshes/camera_link.STL
[0.536s] -- Up-to-date: /home/HwHiAiUser/wheeltec_ros2/install/wheeltec_robot_urdf/share/wheeltec_robot_urdf/meshes/four_wheel_diff_dl_robot_meshes/rb_wheel_link.STL
[0.536s] -- Up-to-date: /home/HwHiAiUser/wheeltec_ros2/install/wheeltec_robot_urdf/share/wheeltec_robot_urdf/meshes/four_wheel_diff_dl_robot_meshes/rf_wheel_link.STL
[0.536s] -- Up-to-date: /home/HwHiAiUser/wheeltec_ros2/install/wheeltec_robot_urdf/share/wheeltec_robot_urdf/meshes/top_mec_dl_robot_meshes
[0.536s] -- Up-to-date: /home/HwHiAiUser/wheeltec_ros2/install/wheeltec_robot_urdf/share/wheeltec_robot_urdf/meshes/top_mec_dl_robot_meshes/base_link.STL
[0.543s] -- Up-to-date: /home/HwHiAiUser/wheeltec_ros2/install/wheeltec_robot_urdf/share/wheeltec_robot_urdf/meshes/top_mec_dl_robot_meshes/lb_wheel_link.STL
[0.543s] -- Up-to-date: /home/HwHiAiUser/wheeltec_ros2/install/wheeltec_robot_urdf/share/wheeltec_robot_urdf/meshes/top_mec_dl_robot_meshes/lf_wheel_link.STL
[0.544s] -- Up-to-date: /home/HwHiAiUser/wheeltec_ros2/install/wheeltec_robot_urdf/share/wheeltec_robot_urdf/meshes/top_mec_dl_robot_meshes/laser.STL
[0.544s] -- Up-to-date: /home/HwHiAiUser/wheeltec_ros2/install/wheeltec_robot_urdf/share/wheeltec_robot_urdf/meshes/top_mec_dl_robot_meshes/controller_link.STL
[0.544s] -- Up-to-date: /home/HwHiAiUser/wheeltec_ros2/install/wheeltec_robot_urdf/share/wheeltec_robot_urdf/meshes/top_mec_dl_robot_meshes/camera_link.STL
[0.544s] -- Up-to-date: /home/HwHiAiUser/wheeltec_ros2/install/wheeltec_robot_urdf/share/wheeltec_robot_urdf/meshes/top_mec_dl_robot_meshes/rb_wheel_link.STL
[0.545s] -- Up-to-date: /home/HwHiAiUser/wheeltec_ros2/install/wheeltec_robot_urdf/share/wheeltec_robot_urdf/meshes/top_mec_dl_robot_meshes/rf_wheel_link.STL
[0.545s] -- Up-to-date: /home/HwHiAiUser/wheeltec_ros2/install/wheeltec_robot_urdf/share/wheeltec_robot_urdf/meshes/senior_omni_robot_meshes
[0.545s] -- Up-to-date: /home/HwHiAiUser/wheeltec_ros2/install/wheeltec_robot_urdf/share/wheeltec_robot_urdf/meshes/senior_omni_robot_meshes/base_link.STL
[0.545s] -- Up-to-date: /home/HwHiAiUser/wheeltec_ros2/install/wheeltec_robot_urdf/share/wheeltec_robot_urdf/meshes/senior_omni_robot_meshes/laser.STL
[0.546s] -- Up-to-date: /home/HwHiAiUser/wheeltec_ros2/install/wheeltec_robot_urdf/share/wheeltec_robot_urdf/meshes/senior_omni_robot_meshes/controller_link.STL
[0.546s] -- Up-to-date: /home/HwHiAiUser/wheeltec_ros2/install/wheeltec_robot_urdf/share/wheeltec_robot_urdf/meshes/senior_omni_robot_meshes/camera_link.STL
[0.546s] -- Up-to-date: /home/HwHiAiUser/wheeltec_ros2/install/wheeltec_robot_urdf/share/wheeltec_robot_urdf/meshes/senior_omni_robot_meshes/quanxiang_wheel3_link.STL
[0.546s] -- Up-to-date: /home/HwHiAiUser/wheeltec_ros2/install/wheeltec_robot_urdf/share/wheeltec_robot_urdf/meshes/senior_omni_robot_meshes/quanxiang_wheel1_link.STL
[0.557s] -- Up-to-date: /home/HwHiAiUser/wheeltec_ros2/install/wheeltec_robot_urdf/share/wheeltec_robot_urdf/meshes/senior_omni_robot_meshes/quanxiang_wheel2_link.STL
[0.565s] -- Up-to-date: /home/HwHiAiUser/wheeltec_ros2/install/wheeltec_robot_urdf/share/wheeltec_robot_urdf/meshes/four_wheel_diff_bs_robot_meshes
[0.566s] -- Up-to-date: /home/HwHiAiUser/wheeltec_ros2/install/wheeltec_robot_urdf/share/wheeltec_robot_urdf/meshes/four_wheel_diff_bs_robot_meshes/base_link.STL
[0.566s] -- Up-to-date: /home/HwHiAiUser/wheeltec_ros2/install/wheeltec_robot_urdf/share/wheeltec_robot_urdf/meshes/four_wheel_diff_bs_robot_meshes/lb_wheel_link.STL
[0.567s] -- Up-to-date: /home/HwHiAiUser/wheeltec_ros2/install/wheeltec_robot_urdf/share/wheeltec_robot_urdf/meshes/four_wheel_diff_bs_robot_meshes/lf_wheel_link.STL
[0.567s] -- Up-to-date: /home/HwHiAiUser/wheeltec_ros2/install/wheeltec_robot_urdf/share/wheeltec_robot_urdf/meshes/four_wheel_diff_bs_robot_meshes/laser.STL
[0.567s] -- Up-to-date: /home/HwHiAiUser/wheeltec_ros2/install/wheeltec_robot_urdf/share/wheeltec_robot_urdf/meshes/four_wheel_diff_bs_robot_meshes/controller_link.STL
[0.568s] -- Up-to-date: /home/HwHiAiUser/wheeltec_ros2/install/wheeltec_robot_urdf/share/wheeltec_robot_urdf/meshes/four_wheel_diff_bs_robot_meshes/camera_link.STL
[0.574s] -- Up-to-date: /home/HwHiAiUser/wheeltec_ros2/install/wheeltec_robot_urdf/share/wheeltec_robot_urdf/meshes/four_wheel_diff_bs_robot_meshes/rb_wheel_link.STL
[0.574s] -- Up-to-date: /home/HwHiAiUser/wheeltec_ros2/install/wheeltec_robot_urdf/share/wheeltec_robot_urdf/meshes/four_wheel_diff_bs_robot_meshes/rf_wheel_link.STL
[0.574s] -- Up-to-date: /home/HwHiAiUser/wheeltec_ros2/install/wheeltec_robot_urdf/share/wheeltec_robot_urdf/meshes/top_4wd_dl_robot_meshes
[0.575s] -- Up-to-date: /home/HwHiAiUser/wheeltec_ros2/install/wheeltec_robot_urdf/share/wheeltec_robot_urdf/meshes/top_4wd_dl_robot_meshes/base_link.STL
[0.575s] -- Up-to-date: /home/HwHiAiUser/wheeltec_ros2/install/wheeltec_robot_urdf/share/wheeltec_robot_urdf/meshes/top_4wd_dl_robot_meshes/lb_wheel_link.STL
[0.575s] -- Up-to-date: /home/HwHiAiUser/wheeltec_ros2/install/wheeltec_robot_urdf/share/wheeltec_robot_urdf/meshes/top_4wd_dl_robot_meshes/lf_wheel_link.STL
[0.575s] -- Up-to-date: /home/HwHiAiUser/wheeltec_ros2/install/wheeltec_robot_urdf/share/wheeltec_robot_urdf/meshes/top_4wd_dl_robot_meshes/laser.STL
[0.575s] -- Up-to-date: /home/HwHiAiUser/wheeltec_ros2/install/wheeltec_robot_urdf/share/wheeltec_robot_urdf/meshes/top_4wd_dl_robot_meshes/controller_link.STL
[0.576s] -- Up-to-date: /home/HwHiAiUser/wheeltec_ros2/install/wheeltec_robot_urdf/share/wheeltec_robot_urdf/meshes/top_4wd_dl_robot_meshes/camera_link.STL
[0.576s] -- Up-to-date: /home/HwHiAiUser/wheeltec_ros2/install/wheeltec_robot_urdf/share/wheeltec_robot_urdf/meshes/top_4wd_dl_robot_meshes/charger_link.STL
[0.576s] -- Up-to-date: /home/HwHiAiUser/wheeltec_ros2/install/wheeltec_robot_urdf/share/wheeltec_robot_urdf/meshes/top_4wd_dl_robot_meshes/rb_wheel_link.STL
[0.576s] -- Up-to-date: /home/HwHiAiUser/wheeltec_ros2/install/wheeltec_robot_urdf/share/wheeltec_robot_urdf/meshes/top_4wd_dl_robot_meshes/rf_wheel_link.STL
[0.576s] -- Up-to-date: /home/HwHiAiUser/wheeltec_ros2/install/wheeltec_robot_urdf/share/wheeltec_robot_urdf/meshes/mini_mec_moveit_six_meshes
[0.576s] -- Up-to-date: /home/HwHiAiUser/wheeltec_ros2/install/wheeltec_robot_urdf/share/wheeltec_robot_urdf/meshes/mini_mec_moveit_six_meshes/base_link.STL
[0.577s] -- Up-to-date: /home/HwHiAiUser/wheeltec_ros2/install/wheeltec_robot_urdf/share/wheeltec_robot_urdf/meshes/mini_mec_moveit_six_meshes/j2_link.STL
[0.577s] -- Up-to-date: /home/HwHiAiUser/wheeltec_ros2/install/wheeltec_robot_urdf/share/wheeltec_robot_urdf/meshes/mini_mec_moveit_six_meshes/j5_1_link.STL
[0.577s] -- Up-to-date: /home/HwHiAiUser/wheeltec_ros2/install/wheeltec_robot_urdf/share/wheeltec_robot_urdf/meshes/mini_mec_moveit_six_meshes/j5_4_link.STL
[0.577s] -- Up-to-date: /home/HwHiAiUser/wheeltec_ros2/install/wheeltec_robot_urdf/share/wheeltec_robot_urdf/meshes/mini_mec_moveit_six_meshes/lb_wheel_link.STL
[0.577s] -- Up-to-date: /home/HwHiAiUser/wheeltec_ros2/install/wheeltec_robot_urdf/share/wheeltec_robot_urdf/meshes/mini_mec_moveit_six_meshes/display_link.STL
[0.578s] -- Up-to-date: /home/HwHiAiUser/wheeltec_ros2/install/wheeltec_robot_urdf/share/wheeltec_robot_urdf/meshes/mini_mec_moveit_six_meshes/j5_2_link.STL
[0.581s] -- Up-to-date: /home/HwHiAiUser/wheeltec_ros2/install/wheeltec_robot_urdf/share/wheeltec_robot_urdf/meshes/mini_mec_moveit_six_meshes/lf_wheel_link.STL
[0.582s] -- Up-to-date: /home/HwHiAiUser/wheeltec_ros2/install/wheeltec_robot_urdf/share/wheeltec_robot_urdf/meshes/mini_mec_moveit_six_meshes/laser.STL
[0.593s] -- Up-to-date: /home/HwHiAiUser/wheeltec_ros2/install/wheeltec_robot_urdf/share/wheeltec_robot_urdf/meshes/mini_mec_moveit_six_meshes/controller_link.STL
[0.595s] -- Up-to-date: /home/HwHiAiUser/wheeltec_ros2/install/wheeltec_robot_urdf/share/wheeltec_robot_urdf/meshes/mini_mec_moveit_six_meshes/camera_link.STL
[0.596s] -- Up-to-date: /home/HwHiAiUser/wheeltec_ros2/install/wheeltec_robot_urdf/share/wheeltec_robot_urdf/meshes/mini_mec_moveit_six_meshes/j4_link.STL
[0.596s] -- Up-to-date: /home/HwHiAiUser/wheeltec_ros2/install/wheeltec_robot_urdf/share/wheeltec_robot_urdf/meshes/mini_mec_moveit_six_meshes/rb_wheel_link.STL
[0.596s] -- Up-to-date: /home/HwHiAiUser/wheeltec_ros2/install/wheeltec_robot_urdf/share/wheeltec_robot_urdf/meshes/mini_mec_moveit_six_meshes/rf_wheel_link.STL
[0.596s] -- Up-to-date: /home/HwHiAiUser/wheeltec_ros2/install/wheeltec_robot_urdf/share/wheeltec_robot_urdf/meshes/mini_mec_moveit_six_meshes/j5_5_link.STL
[0.596s] -- Up-to-date: /home/HwHiAiUser/wheeltec_ros2/install/wheeltec_robot_urdf/share/wheeltec_robot_urdf/meshes/mini_mec_moveit_six_meshes/j5_6_link.STL
[0.597s] -- Up-to-date: /home/HwHiAiUser/wheeltec_ros2/install/wheeltec_robot_urdf/share/wheeltec_robot_urdf/meshes/mini_mec_moveit_six_meshes/arm_base_link.STL
[0.597s] -- Up-to-date: /home/HwHiAiUser/wheeltec_ros2/install/wheeltec_robot_urdf/share/wheeltec_robot_urdf/meshes/mini_mec_moveit_six_meshes/j1_link.STL
[0.600s] -- Up-to-date: /home/HwHiAiUser/wheeltec_ros2/install/wheeltec_robot_urdf/share/wheeltec_robot_urdf/meshes/mini_mec_moveit_six_meshes/j3_link.STL
[0.600s] -- Up-to-date: /home/HwHiAiUser/wheeltec_ros2/install/wheeltec_robot_urdf/share/wheeltec_robot_urdf/meshes/mini_mec_moveit_six_meshes/j5_3_link.STL
[0.601s] -- Up-to-date: /home/HwHiAiUser/wheeltec_ros2/install/wheeltec_robot_urdf/share/wheeltec_robot_urdf/meshes/top_akm_dl_robot_meshes
[0.601s] -- Up-to-date: /home/HwHiAiUser/wheeltec_ros2/install/wheeltec_robot_urdf/share/wheeltec_robot_urdf/meshes/top_akm_dl_robot_meshes/base_link.STL
[0.601s] -- Up-to-date: /home/HwHiAiUser/wheeltec_ros2/install/wheeltec_robot_urdf/share/wheeltec_robot_urdf/meshes/top_akm_dl_robot_meshes/lb_wheel_link.STL
[0.601s] -- Up-to-date: /home/HwHiAiUser/wheeltec_ros2/install/wheeltec_robot_urdf/share/wheeltec_robot_urdf/meshes/top_akm_dl_robot_meshes/lf_wheel_link.STL
[0.602s] -- Up-to-date: /home/HwHiAiUser/wheeltec_ros2/install/wheeltec_robot_urdf/share/wheeltec_robot_urdf/meshes/top_akm_dl_robot_meshes/laser.STL
[0.602s] -- Up-to-date: /home/HwHiAiUser/wheeltec_ros2/install/wheeltec_robot_urdf/share/wheeltec_robot_urdf/meshes/top_akm_dl_robot_meshes/controller_link.STL
[0.602s] -- Up-to-date: /home/HwHiAiUser/wheeltec_ros2/install/wheeltec_robot_urdf/share/wheeltec_robot_urdf/meshes/top_akm_dl_robot_meshes/camera_link.STL
[0.602s] -- Up-to-date: /home/HwHiAiUser/wheeltec_ros2/install/wheeltec_robot_urdf/share/wheeltec_robot_urdf/meshes/top_akm_dl_robot_meshes/left1_link.STL
[0.602s] -- Up-to-date: /home/HwHiAiUser/wheeltec_ros2/install/wheeltec_robot_urdf/share/wheeltec_robot_urdf/meshes/top_akm_dl_robot_meshes/rb_wheel_link.STL
[0.603s] -- Up-to-date: /home/HwHiAiUser/wheeltec_ros2/install/wheeltec_robot_urdf/share/wheeltec_robot_urdf/meshes/top_akm_dl_robot_meshes/rf_wheel_link.STL
[0.603s] -- Up-to-date: /home/HwHiAiUser/wheeltec_ros2/install/wheeltec_robot_urdf/share/wheeltec_robot_urdf/meshes/top_akm_dl_robot_meshes/right1_link.STL
[0.603s] -- Up-to-date: /home/HwHiAiUser/wheeltec_ros2/install/wheeltec_robot_urdf/share/wheeltec_robot_urdf/meshes/top_akm_dl_meshes
[0.603s] -- Up-to-date: /home/HwHiAiUser/wheeltec_ros2/install/wheeltec_robot_urdf/share/wheeltec_robot_urdf/meshes/top_akm_dl_meshes/base_link.STL
[0.603s] -- Up-to-date: /home/HwHiAiUser/wheeltec_ros2/install/wheeltec_robot_urdf/share/wheeltec_robot_urdf/meshes/top_akm_dl_meshes/lb_wheel_link.STL
[0.603s] -- Up-to-date: /home/HwHiAiUser/wheeltec_ros2/install/wheeltec_robot_urdf/share/wheeltec_robot_urdf/meshes/top_akm_dl_meshes/lf_wheel_link.STL
[0.604s] -- Up-to-date: /home/HwHiAiUser/wheeltec_ros2/install/wheeltec_robot_urdf/share/wheeltec_robot_urdf/meshes/top_akm_dl_meshes/controller_link.STL
[0.604s] -- Up-to-date: /home/HwHiAiUser/wheeltec_ros2/install/wheeltec_robot_urdf/share/wheeltec_robot_urdf/meshes/top_akm_dl_meshes/camera_link.STL
[0.604s] -- Up-to-date: /home/HwHiAiUser/wheeltec_ros2/install/wheeltec_robot_urdf/share/wheeltec_robot_urdf/meshes/top_akm_dl_meshes/left1_link.STL
[0.604s] -- Up-to-date: /home/HwHiAiUser/wheeltec_ros2/install/wheeltec_robot_urdf/share/wheeltec_robot_urdf/meshes/top_akm_dl_meshes/rb_wheel_link.STL
[0.604s] -- Up-to-date: /home/HwHiAiUser/wheeltec_ros2/install/wheeltec_robot_urdf/share/wheeltec_robot_urdf/meshes/top_akm_dl_meshes/rf_wheel_link.STL
[0.604s] -- Up-to-date: /home/HwHiAiUser/wheeltec_ros2/install/wheeltec_robot_urdf/share/wheeltec_robot_urdf/meshes/top_akm_dl_meshes/right1_link.STL
[0.605s] -- Up-to-date: /home/HwHiAiUser/wheeltec_ros2/install/wheeltec_robot_urdf/share/wheeltec_robot_urdf/meshes/top_akm_dl_meshes/laser_link.STL
[0.605s] -- Up-to-date: /home/HwHiAiUser/wheeltec_ros2/install/wheeltec_robot_urdf/share/wheeltec_robot_urdf/meshes/top_4wd_bs_meshes
[0.605s] -- Up-to-date: /home/HwHiAiUser/wheeltec_ros2/install/wheeltec_robot_urdf/share/wheeltec_robot_urdf/meshes/top_4wd_bs_meshes/base_link.STL
[0.605s] -- Up-to-date: /home/HwHiAiUser/wheeltec_ros2/install/wheeltec_robot_urdf/share/wheeltec_robot_urdf/meshes/top_4wd_bs_meshes/lb_wheel_link.STL
[0.609s] -- Up-to-date: /home/HwHiAiUser/wheeltec_ros2/install/wheeltec_robot_urdf/share/wheeltec_robot_urdf/meshes/top_4wd_bs_meshes/lf_wheel_link.STL
[0.610s] -- Up-to-date: /home/HwHiAiUser/wheeltec_ros2/install/wheeltec_robot_urdf/share/wheeltec_robot_urdf/meshes/top_4wd_bs_meshes/controller_link.STL
[0.610s] -- Up-to-date: /home/HwHiAiUser/wheeltec_ros2/install/wheeltec_robot_urdf/share/wheeltec_robot_urdf/meshes/top_4wd_bs_meshes/camera_link.STL
[0.610s] -- Up-to-date: /home/HwHiAiUser/wheeltec_ros2/install/wheeltec_robot_urdf/share/wheeltec_robot_urdf/meshes/top_4wd_bs_meshes/rb_wheel_link.STL
[0.610s] -- Up-to-date: /home/HwHiAiUser/wheeltec_ros2/install/wheeltec_robot_urdf/share/wheeltec_robot_urdf/meshes/top_4wd_bs_meshes/rf_wheel_link.STL
[0.611s] -- Up-to-date: /home/HwHiAiUser/wheeltec_ros2/install/wheeltec_robot_urdf/share/wheeltec_robot_urdf/meshes/top_4wd_bs_meshes/laser_link.STL
[0.611s] -- Up-to-date: /home/HwHiAiUser/wheeltec_ros2/install/wheeltec_robot_urdf/share/wheeltec_robot_urdf/meshes/mini_4wd_robot_meshes
[0.611s] -- Up-to-date: /home/HwHiAiUser/wheeltec_ros2/install/wheeltec_robot_urdf/share/wheeltec_robot_urdf/meshes/mini_4wd_robot_meshes/base_link.STL
[0.611s] -- Up-to-date: /home/HwHiAiUser/wheeltec_ros2/install/wheeltec_robot_urdf/share/wheeltec_robot_urdf/meshes/mini_4wd_robot_meshes/lb_wheel_link.STL
[0.611s] -- Up-to-date: /home/HwHiAiUser/wheeltec_ros2/install/wheeltec_robot_urdf/share/wheeltec_robot_urdf/meshes/mini_4wd_robot_meshes/lf_wheel_link.STL
[0.611s] -- Up-to-date: /home/HwHiAiUser/wheeltec_ros2/install/wheeltec_robot_urdf/share/wheeltec_robot_urdf/meshes/mini_4wd_robot_meshes/laser.STL
[0.612s] -- Up-to-date: /home/HwHiAiUser/wheeltec_ros2/install/wheeltec_robot_urdf/share/wheeltec_robot_urdf/meshes/mini_4wd_robot_meshes/controller_link.STL
[0.612s] -- Up-to-date: /home/HwHiAiUser/wheeltec_ros2/install/wheeltec_robot_urdf/share/wheeltec_robot_urdf/meshes/mini_4wd_robot_meshes/camera_link.STL
[0.612s] -- Up-to-date: /home/HwHiAiUser/wheeltec_ros2/install/wheeltec_robot_urdf/share/wheeltec_robot_urdf/meshes/mini_4wd_robot_meshes/rb_wheel_link.STL
[0.612s] -- Up-to-date: /home/HwHiAiUser/wheeltec_ros2/install/wheeltec_robot_urdf/share/wheeltec_robot_urdf/meshes/mini_4wd_robot_meshes/rf_wheel_link.STL
[0.612s] -- Up-to-date: /home/HwHiAiUser/wheeltec_ros2/install/wheeltec_robot_urdf/share/wheeltec_robot_urdf/meshes/senior_4wd_bs_robot_meshes
[0.612s] -- Up-to-date: /home/HwHiAiUser/wheeltec_ros2/install/wheeltec_robot_urdf/share/wheeltec_robot_urdf/meshes/senior_4wd_bs_robot_meshes/base_link.STL
[0.613s] -- Up-to-date: /home/HwHiAiUser/wheeltec_ros2/install/wheeltec_robot_urdf/share/wheeltec_robot_urdf/meshes/senior_4wd_bs_robot_meshes/lb_wheel_link.STL
[0.613s] -- Up-to-date: /home/HwHiAiUser/wheeltec_ros2/install/wheeltec_robot_urdf/share/wheeltec_robot_urdf/meshes/senior_4wd_bs_robot_meshes/lf_wheel_link.STL
[0.636s] -- Up-to-date: /home/HwHiAiUser/wheeltec_ros2/install/wheeltec_robot_urdf/share/wheeltec_robot_urdf/meshes/senior_4wd_bs_robot_meshes/laser.STL
[0.637s] -- Up-to-date: /home/HwHiAiUser/wheeltec_ros2/install/wheeltec_robot_urdf/share/wheeltec_robot_urdf/meshes/senior_4wd_bs_robot_meshes/controller_link.STL
[0.637s] -- Up-to-date: /home/HwHiAiUser/wheeltec_ros2/install/wheeltec_robot_urdf/share/wheeltec_robot_urdf/meshes/senior_4wd_bs_robot_meshes/camera_link.STL
[0.637s] -- Up-to-date: /home/HwHiAiUser/wheeltec_ros2/install/wheeltec_robot_urdf/share/wheeltec_robot_urdf/meshes/senior_4wd_bs_robot_meshes/rb_wheel_link.STL
[0.638s] -- Up-to-date: /home/HwHiAiUser/wheeltec_ros2/install/wheeltec_robot_urdf/share/wheeltec_robot_urdf/meshes/senior_4wd_bs_robot_meshes/rf_wheel_link.STL
[0.638s] -- Up-to-date: /home/HwHiAiUser/wheeltec_ros2/install/wheeltec_robot_urdf/share/wheeltec_robot_urdf/meshes/top_mec_bs_robot_meshes
[0.638s] -- Up-to-date: /home/HwHiAiUser/wheeltec_ros2/install/wheeltec_robot_urdf/share/wheeltec_robot_urdf/meshes/top_mec_bs_robot_meshes/base_link.STL
[0.638s] -- Up-to-date: /home/HwHiAiUser/wheeltec_ros2/install/wheeltec_robot_urdf/share/wheeltec_robot_urdf/meshes/top_mec_bs_robot_meshes/lb_wheel_link.STL
[0.638s] -- Up-to-date: /home/HwHiAiUser/wheeltec_ros2/install/wheeltec_robot_urdf/share/wheeltec_robot_urdf/meshes/top_mec_bs_robot_meshes/lf_wheel_link.STL
[0.639s] -- Up-to-date: /home/HwHiAiUser/wheeltec_ros2/install/wheeltec_robot_urdf/share/wheeltec_robot_urdf/meshes/top_mec_bs_robot_meshes/laser.STL
[0.639s] -- Up-to-date: /home/HwHiAiUser/wheeltec_ros2/install/wheeltec_robot_urdf/share/wheeltec_robot_urdf/meshes/top_mec_bs_robot_meshes/controller_link.STL
[0.639s] -- Up-to-date: /home/HwHiAiUser/wheeltec_ros2/install/wheeltec_robot_urdf/share/wheeltec_robot_urdf/meshes/top_mec_bs_robot_meshes/camera_link.STL
[0.639s] -- Up-to-date: /home/HwHiAiUser/wheeltec_ros2/install/wheeltec_robot_urdf/share/wheeltec_robot_urdf/meshes/top_mec_bs_robot_meshes/rb_wheel_link.STL
[0.640s] -- Up-to-date: /home/HwHiAiUser/wheeltec_ros2/install/wheeltec_robot_urdf/share/wheeltec_robot_urdf/meshes/top_mec_bs_robot_meshes/rf_wheel_link.STL
[0.640s] -- Up-to-date: /home/HwHiAiUser/wheeltec_ros2/install/wheeltec_robot_urdf/share/wheeltec_robot_urdf/meshes/mini_akm_meshes
[0.640s] -- Up-to-date: /home/HwHiAiUser/wheeltec_ros2/install/wheeltec_robot_urdf/share/wheeltec_robot_urdf/meshes/mini_akm_meshes/rf_link.STL
[0.640s] -- Up-to-date: /home/HwHiAiUser/wheeltec_ros2/install/wheeltec_robot_urdf/share/wheeltec_robot_urdf/meshes/mini_akm_meshes/base_link.STL
[0.641s] -- Up-to-date: /home/HwHiAiUser/wheeltec_ros2/install/wheeltec_robot_urdf/share/wheeltec_robot_urdf/meshes/mini_akm_meshes/front_link.STL
[0.641s] -- Up-to-date: /home/HwHiAiUser/wheeltec_ros2/install/wheeltec_robot_urdf/share/wheeltec_robot_urdf/meshes/mini_akm_meshes/lb_link.STL
[0.641s] -- Up-to-date: /home/HwHiAiUser/wheeltec_ros2/install/wheeltec_robot_urdf/share/wheeltec_robot_urdf/meshes/mini_akm_meshes/controller_link.STL
[0.641s] -- Up-to-date: /home/HwHiAiUser/wheeltec_ros2/install/wheeltec_robot_urdf/share/wheeltec_robot_urdf/meshes/mini_akm_meshes/camera_link.STL
[0.642s] -- Up-to-date: /home/HwHiAiUser/wheeltec_ros2/install/wheeltec_robot_urdf/share/wheeltec_robot_urdf/meshes/mini_akm_meshes/lf_link.STL
[0.642s] -- Up-to-date: /home/HwHiAiUser/wheeltec_ros2/install/wheeltec_robot_urdf/share/wheeltec_robot_urdf/meshes/mini_akm_meshes/left_link.STL
[0.642s] -- Up-to-date: /home/HwHiAiUser/wheeltec_ros2/install/wheeltec_robot_urdf/share/wheeltec_robot_urdf/meshes/mini_akm_meshes/rb_link.STL
[0.642s] -- Up-to-date: /home/HwHiAiUser/wheeltec_ros2/install/wheeltec_robot_urdf/share/wheeltec_robot_urdf/meshes/mini_akm_meshes/right_link.STL
[0.642s] -- Up-to-date: /home/HwHiAiUser/wheeltec_ros2/install/wheeltec_robot_urdf/share/wheeltec_robot_urdf/meshes/mini_akm_meshes/laser_link.STL
[0.643s] -- Up-to-date: /home/HwHiAiUser/wheeltec_ros2/install/wheeltec_robot_urdf/share/wheeltec_robot_urdf/meshes/r3s_mec_robot_meshes
[0.643s] -- Up-to-date: /home/HwHiAiUser/wheeltec_ros2/install/wheeltec_robot_urdf/share/wheeltec_robot_urdf/meshes/r3s_mec_robot_meshes/base_link.STL
[0.643s] -- Up-to-date: /home/HwHiAiUser/wheeltec_ros2/install/wheeltec_robot_urdf/share/wheeltec_robot_urdf/meshes/r3s_mec_robot_meshes/lb_wheel_link.STL
[0.643s] -- Up-to-date: /home/HwHiAiUser/wheeltec_ros2/install/wheeltec_robot_urdf/share/wheeltec_robot_urdf/meshes/r3s_mec_robot_meshes/lf_wheel_link.STL
[0.643s] -- Up-to-date: /home/HwHiAiUser/wheeltec_ros2/install/wheeltec_robot_urdf/share/wheeltec_robot_urdf/meshes/r3s_mec_robot_meshes/laser.STL
[0.643s] -- Up-to-date: /home/HwHiAiUser/wheeltec_ros2/install/wheeltec_robot_urdf/share/wheeltec_robot_urdf/meshes/r3s_mec_robot_meshes/controller_link.STL
[0.644s] -- Up-to-date: /home/HwHiAiUser/wheeltec_ros2/install/wheeltec_robot_urdf/share/wheeltec_robot_urdf/meshes/r3s_mec_robot_meshes/camera_link.STL
[0.644s] -- Up-to-date: /home/HwHiAiUser/wheeltec_ros2/install/wheeltec_robot_urdf/share/wheeltec_robot_urdf/meshes/r3s_mec_robot_meshes/rb_wheel_link.STL
[0.644s] -- Up-to-date: /home/HwHiAiUser/wheeltec_ros2/install/wheeltec_robot_urdf/share/wheeltec_robot_urdf/meshes/r3s_mec_robot_meshes/rf_wheel_link.STL
[0.644s] -- Up-to-date: /home/HwHiAiUser/wheeltec_ros2/install/wheeltec_robot_urdf/share/wheeltec_robot_urdf/meshes/S100_diff_robot_meshes
[0.644s] -- Up-to-date: /home/HwHiAiUser/wheeltec_ros2/install/wheeltec_robot_urdf/share/wheeltec_robot_urdf/meshes/S100_diff_robot_meshes/base_link.STL
[0.652s] -- Up-to-date: /home/HwHiAiUser/wheeltec_ros2/install/wheeltec_robot_urdf/share/wheeltec_robot_urdf/meshes/S100_diff_robot_meshes/recharge_link.STL
[0.652s] -- Up-to-date: /home/HwHiAiUser/wheeltec_ros2/install/wheeltec_robot_urdf/share/wheeltec_robot_urdf/meshes/S100_diff_robot_meshes/lf_wheel_link.STL
[0.652s] -- Up-to-date: /home/HwHiAiUser/wheeltec_ros2/install/wheeltec_robot_urdf/share/wheeltec_robot_urdf/meshes/S100_diff_robot_meshes/laser.STL
[0.652s] -- Up-to-date: /home/HwHiAiUser/wheeltec_ros2/install/wheeltec_robot_urdf/share/wheeltec_robot_urdf/meshes/S100_diff_robot_meshes/camera_link.STL
[0.653s] -- Up-to-date: /home/HwHiAiUser/wheeltec_ros2/install/wheeltec_robot_urdf/share/wheeltec_robot_urdf/meshes/S100_diff_robot_meshes/rf_wheel_link.STL
[0.653s] -- Up-to-date: /home/HwHiAiUser/wheeltec_ros2/install/wheeltec_robot_urdf/share/wheeltec_robot_urdf/meshes/senior_mec_dl_robot_meshes
[0.653s] -- Up-to-date: /home/HwHiAiUser/wheeltec_ros2/install/wheeltec_robot_urdf/share/wheeltec_robot_urdf/meshes/senior_mec_dl_robot_meshes/base_link.STL
[0.653s] -- Up-to-date: /home/HwHiAiUser/wheeltec_ros2/install/wheeltec_robot_urdf/share/wheeltec_robot_urdf/meshes/senior_mec_dl_robot_meshes/lb_wheel_link.STL
[0.654s] -- Up-to-date: /home/HwHiAiUser/wheeltec_ros2/install/wheeltec_robot_urdf/share/wheeltec_robot_urdf/meshes/senior_mec_dl_robot_meshes/lf_wheel_link.STL
[0.654s] -- Up-to-date: /home/HwHiAiUser/wheeltec_ros2/install/wheeltec_robot_urdf/share/wheeltec_robot_urdf/meshes/senior_mec_dl_robot_meshes/laser.STL
[0.654s] -- Up-to-date: /home/HwHiAiUser/wheeltec_ros2/install/wheeltec_robot_urdf/share/wheeltec_robot_urdf/meshes/senior_mec_dl_robot_meshes/controller_link.STL
[0.654s] -- Up-to-date: /home/HwHiAiUser/wheeltec_ros2/install/wheeltec_robot_urdf/share/wheeltec_robot_urdf/meshes/senior_mec_dl_robot_meshes/camera_link.STL
[0.654s] -- Up-to-date: /home/HwHiAiUser/wheeltec_ros2/install/wheeltec_robot_urdf/share/wheeltec_robot_urdf/meshes/senior_mec_dl_robot_meshes/rb_wheel_link.STL
[0.655s] -- Up-to-date: /home/HwHiAiUser/wheeltec_ros2/install/wheeltec_robot_urdf/share/wheeltec_robot_urdf/meshes/senior_mec_dl_robot_meshes/rf_wheel_link.STL
[0.655s] -- Up-to-date: /home/HwHiAiUser/wheeltec_ros2/install/wheeltec_robot_urdf/share/wheeltec_robot_urdf/meshes/mini_omni_robot_meshes
[0.655s] -- Up-to-date: /home/HwHiAiUser/wheeltec_ros2/install/wheeltec_robot_urdf/share/wheeltec_robot_urdf/meshes/mini_omni_robot_meshes/front_wheel_link.STL
[0.655s] -- Up-to-date: /home/HwHiAiUser/wheeltec_ros2/install/wheeltec_robot_urdf/share/wheeltec_robot_urdf/meshes/mini_omni_robot_meshes/base_link.STL
[0.655s] -- Up-to-date: /home/HwHiAiUser/wheeltec_ros2/install/wheeltec_robot_urdf/share/wheeltec_robot_urdf/meshes/mini_omni_robot_meshes/laser.STL
[0.655s] -- Up-to-date: /home/HwHiAiUser/wheeltec_ros2/install/wheeltec_robot_urdf/share/wheeltec_robot_urdf/meshes/mini_omni_robot_meshes/controller_link.STL
[0.656s] -- Up-to-date: /home/HwHiAiUser/wheeltec_ros2/install/wheeltec_robot_urdf/share/wheeltec_robot_urdf/meshes/mini_omni_robot_meshes/camera_link.STL
[0.656s] -- Up-to-date: /home/HwHiAiUser/wheeltec_ros2/install/wheeltec_robot_urdf/share/wheeltec_robot_urdf/meshes/mini_omni_robot_meshes/left_wheel_link.STL
[0.656s] -- Up-to-date: /home/HwHiAiUser/wheeltec_ros2/install/wheeltec_robot_urdf/share/wheeltec_robot_urdf/meshes/mini_omni_robot_meshes/right_wheel_link.STL
[0.656s] -- Up-to-date: /home/HwHiAiUser/wheeltec_ros2/install/wheeltec_robot_urdf/share/wheeltec_robot_urdf/meshes/mini_tank_robot_meshes
[0.656s] -- Up-to-date: /home/HwHiAiUser/wheeltec_ros2/install/wheeltec_robot_urdf/share/wheeltec_robot_urdf/meshes/mini_tank_robot_meshes/base_link.STL
[0.696s] -- Up-to-date: /home/HwHiAiUser/wheeltec_ros2/install/wheeltec_robot_urdf/share/wheeltec_robot_urdf/meshes/mini_tank_robot_meshes/right5_link.STL
[0.697s] -- Up-to-date: /home/HwHiAiUser/wheeltec_ros2/install/wheeltec_robot_urdf/share/wheeltec_robot_urdf/meshes/mini_tank_robot_meshes/left6_link.STL
[0.697s] -- Up-to-date: /home/HwHiAiUser/wheeltec_ros2/install/wheeltec_robot_urdf/share/wheeltec_robot_urdf/meshes/mini_tank_robot_meshes/right4_link.STL
[0.697s] -- Up-to-date: /home/HwHiAiUser/wheeltec_ros2/install/wheeltec_robot_urdf/share/wheeltec_robot_urdf/meshes/mini_tank_robot_meshes/laser.STL
[0.697s] -- Up-to-date: /home/HwHiAiUser/wheeltec_ros2/install/wheeltec_robot_urdf/share/wheeltec_robot_urdf/meshes/mini_tank_robot_meshes/controller_link.STL
[0.698s] -- Up-to-date: /home/HwHiAiUser/wheeltec_ros2/install/wheeltec_robot_urdf/share/wheeltec_robot_urdf/meshes/mini_tank_robot_meshes/camera_link.STL
[0.698s] -- Up-to-date: /home/HwHiAiUser/wheeltec_ros2/install/wheeltec_robot_urdf/share/wheeltec_robot_urdf/meshes/mini_tank_robot_meshes/left3_link.STL
[0.698s] -- Up-to-date: /home/HwHiAiUser/wheeltec_ros2/install/wheeltec_robot_urdf/share/wheeltec_robot_urdf/meshes/mini_tank_robot_meshes/left1_link.STL
[0.698s] -- Up-to-date: /home/HwHiAiUser/wheeltec_ros2/install/wheeltec_robot_urdf/share/wheeltec_robot_urdf/meshes/mini_tank_robot_meshes/left4_link.STL
[0.698s] -- Up-to-date: /home/HwHiAiUser/wheeltec_ros2/install/wheeltec_robot_urdf/share/wheeltec_robot_urdf/meshes/mini_tank_robot_meshes/left5_link.STL
[0.699s] -- Up-to-date: /home/HwHiAiUser/wheeltec_ros2/install/wheeltec_robot_urdf/share/wheeltec_robot_urdf/meshes/mini_tank_robot_meshes/right2_link.STL
[0.699s] -- Up-to-date: /home/HwHiAiUser/wheeltec_ros2/install/wheeltec_robot_urdf/share/wheeltec_robot_urdf/meshes/mini_tank_robot_meshes/right6_link.STL
[0.699s] -- Up-to-date: /home/HwHiAiUser/wheeltec_ros2/install/wheeltec_robot_urdf/share/wheeltec_robot_urdf/meshes/mini_tank_robot_meshes/right1_link.STL
[0.699s] -- Up-to-date: /home/HwHiAiUser/wheeltec_ros2/install/wheeltec_robot_urdf/share/wheeltec_robot_urdf/meshes/mini_tank_robot_meshes/right3_link.STL
[0.699s] -- Up-to-date: /home/HwHiAiUser/wheeltec_ros2/install/wheeltec_robot_urdf/share/wheeltec_robot_urdf/meshes/mini_tank_robot_meshes/left2_link.STL
[0.699s] -- Up-to-date: /home/HwHiAiUser/wheeltec_ros2/install/wheeltec_robot_urdf/share/wheeltec_robot_urdf/meshes/s300_yw_robot_meshes
[0.700s] -- Up-to-date: /home/HwHiAiUser/wheeltec_ros2/install/wheeltec_robot_urdf/share/wheeltec_robot_urdf/meshes/s300_yw_robot_meshes/base_link.STL
[0.700s] -- Up-to-date: /home/HwHiAiUser/wheeltec_ros2/install/wheeltec_robot_urdf/share/wheeltec_robot_urdf/meshes/s300_yw_robot_meshes/lm_wheel_link.STL
[0.700s] -- Up-to-date: /home/HwHiAiUser/wheeltec_ros2/install/wheeltec_robot_urdf/share/wheeltec_robot_urdf/meshes/s300_yw_robot_meshes/arm6_link.STL
[0.700s] -- Up-to-date: /home/HwHiAiUser/wheeltec_ros2/install/wheeltec_robot_urdf/share/wheeltec_robot_urdf/meshes/s300_yw_robot_meshes/laser.STL
[0.700s] -- Up-to-date: /home/HwHiAiUser/wheeltec_ros2/install/wheeltec_robot_urdf/share/wheeltec_robot_urdf/meshes/s300_yw_robot_meshes/camera_link.STL
[0.701s] -- Up-to-date: /home/HwHiAiUser/wheeltec_ros2/install/wheeltec_robot_urdf/share/wheeltec_robot_urdf/meshes/s300_yw_robot_meshes/gripper1_link.STL
[0.701s] -- Up-to-date: /home/HwHiAiUser/wheeltec_ros2/install/wheeltec_robot_urdf/share/wheeltec_robot_urdf/meshes/s300_yw_robot_meshes/arm4_link.STL
[0.701s] -- Up-to-date: /home/HwHiAiUser/wheeltec_ros2/install/wheeltec_robot_urdf/share/wheeltec_robot_urdf/meshes/s300_yw_robot_meshes/arm5_link.STL
[0.701s] -- Up-to-date: /home/HwHiAiUser/wheeltec_ros2/install/wheeltec_robot_urdf/share/wheeltec_robot_urdf/meshes/s300_yw_robot_meshes/rm_wheel_link.STL
[0.701s] -- Up-to-date: /home/HwHiAiUser/wheeltec_ros2/install/wheeltec_robot_urdf/share/wheeltec_robot_urdf/meshes/s300_yw_robot_meshes/arm3_link.STL
[0.702s] -- Up-to-date: /home/HwHiAiUser/wheeltec_ros2/install/wheeltec_robot_urdf/share/wheeltec_robot_urdf/meshes/s300_yw_robot_meshes/arm1_link.STL
[0.702s] -- Up-to-date: /home/HwHiAiUser/wheeltec_ros2/install/wheeltec_robot_urdf/share/wheeltec_robot_urdf/meshes/s300_yw_robot_meshes/arm_base_link.STL
[0.702s] -- Up-to-date: /home/HwHiAiUser/wheeltec_ros2/install/wheeltec_robot_urdf/share/wheeltec_robot_urdf/meshes/s300_yw_robot_meshes/arm2_link.STL
[0.702s] -- Up-to-date: /home/HwHiAiUser/wheeltec_ros2/install/wheeltec_robot_urdf/share/wheeltec_robot_urdf/meshes/s300_yw_robot_meshes/laser_link.STL
[0.702s] -- Up-to-date: /home/HwHiAiUser/wheeltec_ros2/install/wheeltec_robot_urdf/share/wheeltec_robot_urdf/meshes/flagship_mec_dl_robot_meshes
[0.703s] -- Up-to-date: /home/HwHiAiUser/wheeltec_ros2/install/wheeltec_robot_urdf/share/wheeltec_robot_urdf/meshes/flagship_mec_dl_robot_meshes/base_link.STL
[0.703s] -- Up-to-date: /home/HwHiAiUser/wheeltec_ros2/install/wheeltec_robot_urdf/share/wheeltec_robot_urdf/meshes/flagship_mec_dl_robot_meshes/lb_wheel_link.STL
[0.703s] -- Up-to-date: /home/HwHiAiUser/wheeltec_ros2/install/wheeltec_robot_urdf/share/wheeltec_robot_urdf/meshes/flagship_mec_dl_robot_meshes/lf_wheel_link.STL
[0.703s] -- Up-to-date: /home/HwHiAiUser/wheeltec_ros2/install/wheeltec_robot_urdf/share/wheeltec_robot_urdf/meshes/flagship_mec_dl_robot_meshes/laser.STL
[0.703s] -- Up-to-date: /home/HwHiAiUser/wheeltec_ros2/install/wheeltec_robot_urdf/share/wheeltec_robot_urdf/meshes/flagship_mec_dl_robot_meshes/controller_link.STL
[0.704s] -- Up-to-date: /home/HwHiAiUser/wheeltec_ros2/install/wheeltec_robot_urdf/share/wheeltec_robot_urdf/meshes/flagship_mec_dl_robot_meshes/camera_link.STL
[0.704s] -- Up-to-date: /home/HwHiAiUser/wheeltec_ros2/install/wheeltec_robot_urdf/share/wheeltec_robot_urdf/meshes/flagship_mec_dl_robot_meshes/rb_wheel_link.STL
[0.704s] -- Up-to-date: /home/HwHiAiUser/wheeltec_ros2/install/wheeltec_robot_urdf/share/wheeltec_robot_urdf/meshes/flagship_mec_dl_robot_meshes/rf_wheel_link.STL
[0.704s] -- Up-to-date: /home/HwHiAiUser/wheeltec_ros2/install/wheeltec_robot_urdf/share/wheeltec_robot_urdf/meshes/wheels
[0.704s] -- Up-to-date: /home/HwHiAiUser/wheeltec_ros2/install/wheeltec_robot_urdf/share/wheeltec_robot_urdf/meshes/wheels/left_tire.stl
[0.705s] -- Up-to-date: /home/HwHiAiUser/wheeltec_ros2/install/wheeltec_robot_urdf/share/wheeltec_robot_urdf/meshes/wheels/right_tire.stl
[0.705s] -- Up-to-date: /home/HwHiAiUser/wheeltec_ros2/install/wheeltec_robot_urdf/share/wheeltec_robot_urdf/meshes/top_akm_bs_robot_meshes
[0.738s] -- Up-to-date: /home/HwHiAiUser/wheeltec_ros2/install/wheeltec_robot_urdf/share/wheeltec_robot_urdf/meshes/top_akm_bs_robot_meshes/base_link.STL
[0.738s] -- Up-to-date: /home/HwHiAiUser/wheeltec_ros2/install/wheeltec_robot_urdf/share/wheeltec_robot_urdf/meshes/top_akm_bs_robot_meshes/lb_wheel_link.STL
[0.739s] -- Up-to-date: /home/HwHiAiUser/wheeltec_ros2/install/wheeltec_robot_urdf/share/wheeltec_robot_urdf/meshes/top_akm_bs_robot_meshes/lf_wheel_link.STL
[0.739s] -- Up-to-date: /home/HwHiAiUser/wheeltec_ros2/install/wheeltec_robot_urdf/share/wheeltec_robot_urdf/meshes/top_akm_bs_robot_meshes/laser.STL
[0.739s] -- Up-to-date: /home/HwHiAiUser/wheeltec_ros2/install/wheeltec_robot_urdf/share/wheeltec_robot_urdf/meshes/top_akm_bs_robot_meshes/controller_link.STL
[0.739s] -- Up-to-date: /home/HwHiAiUser/wheeltec_ros2/install/wheeltec_robot_urdf/share/wheeltec_robot_urdf/meshes/top_akm_bs_robot_meshes/camera_link.STL
[0.739s] -- Up-to-date: /home/HwHiAiUser/wheeltec_ros2/install/wheeltec_robot_urdf/share/wheeltec_robot_urdf/meshes/top_akm_bs_robot_meshes/left1_link.STL
[0.740s] -- Up-to-date: /home/HwHiAiUser/wheeltec_ros2/install/wheeltec_robot_urdf/share/wheeltec_robot_urdf/meshes/top_akm_bs_robot_meshes/rb_wheel_link.STL
[0.740s] -- Up-to-date: /home/HwHiAiUser/wheeltec_ros2/install/wheeltec_robot_urdf/share/wheeltec_robot_urdf/meshes/top_akm_bs_robot_meshes/rf_wheel_link.STL
[0.740s] -- Up-to-date: /home/HwHiAiUser/wheeltec_ros2/install/wheeltec_robot_urdf/share/wheeltec_robot_urdf/meshes/top_akm_bs_robot_meshes/right1_link.STL
[0.740s] -- Up-to-date: /home/HwHiAiUser/wheeltec_ros2/install/wheeltec_robot_urdf/share/wheeltec_robot_urdf/meshes/bases
[0.740s] -- Up-to-date: /home/HwHiAiUser/wheeltec_ros2/install/wheeltec_robot_urdf/share/wheeltec_robot_urdf/meshes/bases/waffle_base.stl
[0.741s] -- Up-to-date: /home/HwHiAiUser/wheeltec_ros2/install/wheeltec_robot_urdf/share/wheeltec_robot_urdf/meshes/bases/waffle_pi_base.stl
[0.741s] -- Up-to-date: /home/HwHiAiUser/wheeltec_ros2/install/wheeltec_robot_urdf/share/wheeltec_robot_urdf/meshes/bases/burger_base.stl
[0.741s] -- Up-to-date: /home/HwHiAiUser/wheeltec_ros2/install/wheeltec_robot_urdf/share/wheeltec_robot_urdf/meshes/mini_akm_robot_meshes
[0.741s] -- Up-to-date: /home/HwHiAiUser/wheeltec_ros2/install/wheeltec_robot_urdf/share/wheeltec_robot_urdf/meshes/mini_akm_robot_meshes/rf_link.STL
[0.742s] -- Up-to-date: /home/HwHiAiUser/wheeltec_ros2/install/wheeltec_robot_urdf/share/wheeltec_robot_urdf/meshes/mini_akm_robot_meshes/base_link.STL
[0.742s] -- Up-to-date: /home/HwHiAiUser/wheeltec_ros2/install/wheeltec_robot_urdf/share/wheeltec_robot_urdf/meshes/mini_akm_robot_meshes/front_link.STL
[0.742s] -- Up-to-date: /home/HwHiAiUser/wheeltec_ros2/install/wheeltec_robot_urdf/share/wheeltec_robot_urdf/meshes/mini_akm_robot_meshes/lb_link.STL
[0.742s] -- Up-to-date: /home/HwHiAiUser/wheeltec_ros2/install/wheeltec_robot_urdf/share/wheeltec_robot_urdf/meshes/mini_akm_robot_meshes/laser.STL
[0.742s] -- Up-to-date: /home/HwHiAiUser/wheeltec_ros2/install/wheeltec_robot_urdf/share/wheeltec_robot_urdf/meshes/mini_akm_robot_meshes/controller_link.STL
[0.743s] -- Up-to-date: /home/HwHiAiUser/wheeltec_ros2/install/wheeltec_robot_urdf/share/wheeltec_robot_urdf/meshes/mini_akm_robot_meshes/camera_link.STL
[0.743s] -- Up-to-date: /home/HwHiAiUser/wheeltec_ros2/install/wheeltec_robot_urdf/share/wheeltec_robot_urdf/meshes/mini_akm_robot_meshes/lf_link.STL
[0.743s] -- Up-to-date: /home/HwHiAiUser/wheeltec_ros2/install/wheeltec_robot_urdf/share/wheeltec_robot_urdf/meshes/mini_akm_robot_meshes/left_link.STL
[0.743s] -- Up-to-date: /home/HwHiAiUser/wheeltec_ros2/install/wheeltec_robot_urdf/share/wheeltec_robot_urdf/meshes/mini_akm_robot_meshes/rb_link.STL
[0.743s] -- Up-to-date: /home/HwHiAiUser/wheeltec_ros2/install/wheeltec_robot_urdf/share/wheeltec_robot_urdf/meshes/mini_akm_robot_meshes/right_link.STL
[0.743s] -- Up-to-date: /home/HwHiAiUser/wheeltec_ros2/install/wheeltec_robot_urdf/share/wheeltec_robot_urdf/meshes/mini_diff_robot_meshes
[0.744s] -- Up-to-date: /home/HwHiAiUser/wheeltec_ros2/install/wheeltec_robot_urdf/share/wheeltec_robot_urdf/meshes/mini_diff_robot_meshes/base_link.STL
[0.744s] -- Up-to-date: /home/HwHiAiUser/wheeltec_ros2/install/wheeltec_robot_urdf/share/wheeltec_robot_urdf/meshes/mini_diff_robot_meshes/front_link.STL
[0.744s] -- Up-to-date: /home/HwHiAiUser/wheeltec_ros2/install/wheeltec_robot_urdf/share/wheeltec_robot_urdf/meshes/mini_diff_robot_meshes/laser.STL
[0.744s] -- Up-to-date: /home/HwHiAiUser/wheeltec_ros2/install/wheeltec_robot_urdf/share/wheeltec_robot_urdf/meshes/mini_diff_robot_meshes/controller_link.STL
[0.744s] -- Up-to-date: /home/HwHiAiUser/wheeltec_ros2/install/wheeltec_robot_urdf/share/wheeltec_robot_urdf/meshes/mini_diff_robot_meshes/camera_link.STL
[0.744s] -- Up-to-date: /home/HwHiAiUser/wheeltec_ros2/install/wheeltec_robot_urdf/share/wheeltec_robot_urdf/meshes/mini_diff_robot_meshes/left_link.STL
[0.745s] -- Up-to-date: /home/HwHiAiUser/wheeltec_ros2/install/wheeltec_robot_urdf/share/wheeltec_robot_urdf/meshes/mini_diff_robot_meshes/right_link.STL
[0.745s] -- Up-to-date: /home/HwHiAiUser/wheeltec_ros2/install/wheeltec_robot_urdf/share/wheeltec_robot_urdf/meshes/s300_mini_robot_meshes
[0.756s] -- Up-to-date: /home/HwHiAiUser/wheeltec_ros2/install/wheeltec_robot_urdf/share/wheeltec_robot_urdf/meshes/s300_mini_robot_meshes/base_link.STL
[0.756s] -- Up-to-date: /home/HwHiAiUser/wheeltec_ros2/install/wheeltec_robot_urdf/share/wheeltec_robot_urdf/meshes/s300_mini_robot_meshes/lm_wheel_link.STL
[0.757s] -- Up-to-date: /home/HwHiAiUser/wheeltec_ros2/install/wheeltec_robot_urdf/share/wheeltec_robot_urdf/meshes/s300_mini_robot_meshes/arm6_link.STL
[0.757s] -- Up-to-date: /home/HwHiAiUser/wheeltec_ros2/install/wheeltec_robot_urdf/share/wheeltec_robot_urdf/meshes/s300_mini_robot_meshes/laser.STL
[0.762s] -- Up-to-date: /home/HwHiAiUser/wheeltec_ros2/install/wheeltec_robot_urdf/share/wheeltec_robot_urdf/meshes/s300_mini_robot_meshes/camera_link.STL
[0.762s] -- Up-to-date: /home/HwHiAiUser/wheeltec_ros2/install/wheeltec_robot_urdf/share/wheeltec_robot_urdf/meshes/s300_mini_robot_meshes/gripper1_link.STL
[0.762s] -- Up-to-date: /home/HwHiAiUser/wheeltec_ros2/install/wheeltec_robot_urdf/share/wheeltec_robot_urdf/meshes/s300_mini_robot_meshes/arm4_link.STL
[0.763s] -- Up-to-date: /home/HwHiAiUser/wheeltec_ros2/install/wheeltec_robot_urdf/share/wheeltec_robot_urdf/meshes/s300_mini_robot_meshes/arm5_link.STL
[0.763s] -- Up-to-date: /home/HwHiAiUser/wheeltec_ros2/install/wheeltec_robot_urdf/share/wheeltec_robot_urdf/meshes/s300_mini_robot_meshes/rm_wheel_link.STL
[0.763s] -- Up-to-date: /home/HwHiAiUser/wheeltec_ros2/install/wheeltec_robot_urdf/share/wheeltec_robot_urdf/meshes/s300_mini_robot_meshes/arm3_link.STL
[0.763s] -- Up-to-date: /home/HwHiAiUser/wheeltec_ros2/install/wheeltec_robot_urdf/share/wheeltec_robot_urdf/meshes/s300_mini_robot_meshes/arm1_link.STL
[0.763s] -- Up-to-date: /home/HwHiAiUser/wheeltec_ros2/install/wheeltec_robot_urdf/share/wheeltec_robot_urdf/meshes/s300_mini_robot_meshes/arm_base_link.STL
[0.764s] -- Up-to-date: /home/HwHiAiUser/wheeltec_ros2/install/wheeltec_robot_urdf/share/wheeltec_robot_urdf/meshes/s300_mini_robot_meshes/arm2_link.STL
[0.764s] -- Up-to-date: /home/HwHiAiUser/wheeltec_ros2/install/wheeltec_robot_urdf/share/wheeltec_robot_urdf/meshes/s300_mini_robot_meshes/laser_link.STL
[0.764s] -- Up-to-date: /home/HwHiAiUser/wheeltec_ros2/install/wheeltec_robot_urdf/share/wheeltec_robot_urdf/meshes/flagship_4wd_dl_robot_meshes
[0.764s] -- Up-to-date: /home/HwHiAiUser/wheeltec_ros2/install/wheeltec_robot_urdf/share/wheeltec_robot_urdf/meshes/flagship_4wd_dl_robot_meshes/base_link.STL
[0.764s] -- Up-to-date: /home/HwHiAiUser/wheeltec_ros2/install/wheeltec_robot_urdf/share/wheeltec_robot_urdf/meshes/flagship_4wd_dl_robot_meshes/lb_wheel_link.STL
[0.765s] -- Up-to-date: /home/HwHiAiUser/wheeltec_ros2/install/wheeltec_robot_urdf/share/wheeltec_robot_urdf/meshes/flagship_4wd_dl_robot_meshes/lf_wheel_link.STL
[0.765s] -- Up-to-date: /home/HwHiAiUser/wheeltec_ros2/install/wheeltec_robot_urdf/share/wheeltec_robot_urdf/meshes/flagship_4wd_dl_robot_meshes/laser.STL
[0.765s] -- Up-to-date: /home/HwHiAiUser/wheeltec_ros2/install/wheeltec_robot_urdf/share/wheeltec_robot_urdf/meshes/flagship_4wd_dl_robot_meshes/controller_link.STL
[0.765s] -- Up-to-date: /home/HwHiAiUser/wheeltec_ros2/install/wheeltec_robot_urdf/share/wheeltec_robot_urdf/meshes/flagship_4wd_dl_robot_meshes/camera_link.STL
[0.765s] -- Up-to-date: /home/HwHiAiUser/wheeltec_ros2/install/wheeltec_robot_urdf/share/wheeltec_robot_urdf/meshes/flagship_4wd_dl_robot_meshes/rb_wheel_link.STL
[0.766s] -- Up-to-date: /home/HwHiAiUser/wheeltec_ros2/install/wheeltec_robot_urdf/share/wheeltec_robot_urdf/meshes/flagship_4wd_dl_robot_meshes/rf_wheel_link.STL
[0.766s] -- Up-to-date: /home/HwHiAiUser/wheeltec_ros2/install/wheeltec_robot_urdf/share/wheeltec_robot_urdf/meshes/senior_4wd_dl_robot_meshes
[0.766s] -- Up-to-date: /home/HwHiAiUser/wheeltec_ros2/install/wheeltec_robot_urdf/share/wheeltec_robot_urdf/meshes/senior_4wd_dl_robot_meshes/base_link.STL
[0.766s] -- Up-to-date: /home/HwHiAiUser/wheeltec_ros2/install/wheeltec_robot_urdf/share/wheeltec_robot_urdf/meshes/senior_4wd_dl_robot_meshes/lb_wheel_link.STL
[0.766s] -- Up-to-date: /home/HwHiAiUser/wheeltec_ros2/install/wheeltec_robot_urdf/share/wheeltec_robot_urdf/meshes/senior_4wd_dl_robot_meshes/lf_wheel_link.STL
[0.766s] -- Up-to-date: /home/HwHiAiUser/wheeltec_ros2/install/wheeltec_robot_urdf/share/wheeltec_robot_urdf/meshes/senior_4wd_dl_robot_meshes/laser.STL
[0.767s] -- Up-to-date: /home/HwHiAiUser/wheeltec_ros2/install/wheeltec_robot_urdf/share/wheeltec_robot_urdf/meshes/senior_4wd_dl_robot_meshes/controller_link.STL
[0.767s] -- Up-to-date: /home/HwHiAiUser/wheeltec_ros2/install/wheeltec_robot_urdf/share/wheeltec_robot_urdf/meshes/senior_4wd_dl_robot_meshes/camera_link.STL
[0.767s] -- Up-to-date: /home/HwHiAiUser/wheeltec_ros2/install/wheeltec_robot_urdf/share/wheeltec_robot_urdf/meshes/senior_4wd_dl_robot_meshes/rb_wheel_link.STL
[0.767s] -- Up-to-date: /home/HwHiAiUser/wheeltec_ros2/install/wheeltec_robot_urdf/share/wheeltec_robot_urdf/meshes/senior_4wd_dl_robot_meshes/rf_wheel_link.STL
[0.767s] -- Up-to-date: /home/HwHiAiUser/wheeltec_ros2/install/wheeltec_robot_urdf/share/wheeltec_robot_urdf/meshes/brushless_senior_diff_meshes
[0.767s] -- Up-to-date: /home/HwHiAiUser/wheeltec_ros2/install/wheeltec_robot_urdf/share/wheeltec_robot_urdf/meshes/brushless_senior_diff_meshes/base_link.STL
[0.775s] -- Up-to-date: /home/HwHiAiUser/wheeltec_ros2/install/wheeltec_robot_urdf/share/wheeltec_robot_urdf/meshes/brushless_senior_diff_meshes/lb_wheel_link.STL
[0.775s] -- Up-to-date: /home/HwHiAiUser/wheeltec_ros2/install/wheeltec_robot_urdf/share/wheeltec_robot_urdf/meshes/brushless_senior_diff_meshes/laser.STL
[0.775s] -- Up-to-date: /home/HwHiAiUser/wheeltec_ros2/install/wheeltec_robot_urdf/share/wheeltec_robot_urdf/meshes/brushless_senior_diff_meshes/controller_link.STL
[0.776s] -- Up-to-date: /home/HwHiAiUser/wheeltec_ros2/install/wheeltec_robot_urdf/share/wheeltec_robot_urdf/meshes/brushless_senior_diff_meshes/camera_link.STL
[0.776s] -- Up-to-date: /home/HwHiAiUser/wheeltec_ros2/install/wheeltec_robot_urdf/share/wheeltec_robot_urdf/meshes/brushless_senior_diff_meshes/rb_wheel_link.STL
[0.776s] -- Up-to-date: /home/HwHiAiUser/wheeltec_ros2/install/wheeltec_robot_urdf/share/wheeltec_robot_urdf/meshes/senior_mec_bs_robot_meshes
[0.776s] -- Up-to-date: /home/HwHiAiUser/wheeltec_ros2/install/wheeltec_robot_urdf/share/wheeltec_robot_urdf/meshes/senior_mec_bs_robot_meshes/base_link.STL
[0.806s] -- Up-to-date: /home/HwHiAiUser/wheeltec_ros2/install/wheeltec_robot_urdf/share/wheeltec_robot_urdf/meshes/senior_mec_bs_robot_meshes/lb_wheel_link.STL
[0.809s] -- Up-to-date: /home/HwHiAiUser/wheeltec_ros2/install/wheeltec_robot_urdf/share/wheeltec_robot_urdf/meshes/senior_mec_bs_robot_meshes/lf_wheel_link.STL
[0.810s] -- Up-to-date: /home/HwHiAiUser/wheeltec_ros2/install/wheeltec_robot_urdf/share/wheeltec_robot_urdf/meshes/senior_mec_bs_robot_meshes/laser.STL
[0.810s] -- Up-to-date: /home/HwHiAiUser/wheeltec_ros2/install/wheeltec_robot_urdf/share/wheeltec_robot_urdf/meshes/senior_mec_bs_robot_meshes/controller_link.STL
[0.811s] -- Up-to-date: /home/HwHiAiUser/wheeltec_ros2/install/wheeltec_robot_urdf/share/wheeltec_robot_urdf/meshes/senior_mec_bs_robot_meshes/camera_link.STL
[0.811s] -- Up-to-date: /home/HwHiAiUser/wheeltec_ros2/install/wheeltec_robot_urdf/share/wheeltec_robot_urdf/meshes/senior_mec_bs_robot_meshes/rb_wheel_link.STL
[0.811s] -- Up-to-date: /home/HwHiAiUser/wheeltec_ros2/install/wheeltec_robot_urdf/share/wheeltec_robot_urdf/meshes/senior_mec_bs_robot_meshes/rf_wheel_link.STL
[0.811s] -- Up-to-date: /home/HwHiAiUser/wheeltec_ros2/install/wheeltec_robot_urdf/share/wheeltec_robot_urdf/meshes/top_4wd_bs_robot_meshes
[0.812s] -- Up-to-date: /home/HwHiAiUser/wheeltec_ros2/install/wheeltec_robot_urdf/share/wheeltec_robot_urdf/meshes/top_4wd_bs_robot_meshes/base_link.STL
[0.812s] -- Up-to-date: /home/HwHiAiUser/wheeltec_ros2/install/wheeltec_robot_urdf/share/wheeltec_robot_urdf/meshes/top_4wd_bs_robot_meshes/lb_wheel_link.STL
[0.812s] -- Up-to-date: /home/HwHiAiUser/wheeltec_ros2/install/wheeltec_robot_urdf/share/wheeltec_robot_urdf/meshes/top_4wd_bs_robot_meshes/lf_wheel_link.STL
[0.812s] -- Up-to-date: /home/HwHiAiUser/wheeltec_ros2/install/wheeltec_robot_urdf/share/wheeltec_robot_urdf/meshes/top_4wd_bs_robot_meshes/laser.STL
[0.813s] -- Up-to-date: /home/HwHiAiUser/wheeltec_ros2/install/wheeltec_robot_urdf/share/wheeltec_robot_urdf/meshes/top_4wd_bs_robot_meshes/controller_link.STL
[0.813s] -- Up-to-date: /home/HwHiAiUser/wheeltec_ros2/install/wheeltec_robot_urdf/share/wheeltec_robot_urdf/meshes/top_4wd_bs_robot_meshes/camera_link.STL
[0.815s] -- Up-to-date: /home/HwHiAiUser/wheeltec_ros2/install/wheeltec_robot_urdf/share/wheeltec_robot_urdf/meshes/top_4wd_bs_robot_meshes/rb_wheel_link.STL
[0.816s] -- Up-to-date: /home/HwHiAiUser/wheeltec_ros2/install/wheeltec_robot_urdf/share/wheeltec_robot_urdf/meshes/top_4wd_bs_robot_meshes/rf_wheel_link.STL
[0.816s] -- Up-to-date: /home/HwHiAiUser/wheeltec_ros2/install/wheeltec_robot_urdf/share/wheeltec_robot_urdf/meshes/top_akm_bs_meshes
[0.816s] -- Up-to-date: /home/HwHiAiUser/wheeltec_ros2/install/wheeltec_robot_urdf/share/wheeltec_robot_urdf/meshes/top_akm_bs_meshes/base_link.STL
[0.816s] -- Up-to-date: /home/HwHiAiUser/wheeltec_ros2/install/wheeltec_robot_urdf/share/wheeltec_robot_urdf/meshes/top_akm_bs_meshes/lb_wheel_link.STL
[0.816s] -- Up-to-date: /home/HwHiAiUser/wheeltec_ros2/install/wheeltec_robot_urdf/share/wheeltec_robot_urdf/meshes/top_akm_bs_meshes/lf_wheel_link.STL
[0.817s] -- Up-to-date: /home/HwHiAiUser/wheeltec_ros2/install/wheeltec_robot_urdf/share/wheeltec_robot_urdf/meshes/top_akm_bs_meshes/controller_link.STL
[0.817s] -- Up-to-date: /home/HwHiAiUser/wheeltec_ros2/install/wheeltec_robot_urdf/share/wheeltec_robot_urdf/meshes/top_akm_bs_meshes/camera_link.STL
[0.817s] -- Up-to-date: /home/HwHiAiUser/wheeltec_ros2/install/wheeltec_robot_urdf/share/wheeltec_robot_urdf/meshes/top_akm_bs_meshes/left1_link.STL
[0.817s] -- Up-to-date: /home/HwHiAiUser/wheeltec_ros2/install/wheeltec_robot_urdf/share/wheeltec_robot_urdf/meshes/top_akm_bs_meshes/rb_wheel_link.STL
[0.817s] -- Up-to-date: /home/HwHiAiUser/wheeltec_ros2/install/wheeltec_robot_urdf/share/wheeltec_robot_urdf/meshes/top_akm_bs_meshes/rf_wheel_link.STL
[0.818s] -- Up-to-date: /home/HwHiAiUser/wheeltec_ros2/install/wheeltec_robot_urdf/share/wheeltec_robot_urdf/meshes/top_akm_bs_meshes/right1_link.STL
[0.818s] -- Up-to-date: /home/HwHiAiUser/wheeltec_ros2/install/wheeltec_robot_urdf/share/wheeltec_robot_urdf/meshes/top_akm_bs_meshes/laser_link.STL
[0.818s] -- Up-to-date: /home/HwHiAiUser/wheeltec_ros2/install/wheeltec_robot_urdf/share/wheeltec_robot_urdf/meshes/mini_4wd_moveit_four_meshes
[0.818s] -- Up-to-date: /home/HwHiAiUser/wheeltec_ros2/install/wheeltec_robot_urdf/share/wheeltec_robot_urdf/meshes/mini_4wd_moveit_four_meshes/base_link.STL
[0.818s] -- Up-to-date: /home/HwHiAiUser/wheeltec_ros2/install/wheeltec_robot_urdf/share/wheeltec_robot_urdf/meshes/mini_4wd_moveit_four_meshes/j2_link.STL
[0.819s] -- Up-to-date: /home/HwHiAiUser/wheeltec_ros2/install/wheeltec_robot_urdf/share/wheeltec_robot_urdf/meshes/mini_4wd_moveit_four_meshes/j4_2_link.STL
[0.819s] -- Up-to-date: /home/HwHiAiUser/wheeltec_ros2/install/wheeltec_robot_urdf/share/wheeltec_robot_urdf/meshes/mini_4wd_moveit_four_meshes/j4_6_link.STL
[0.819s] -- Up-to-date: /home/HwHiAiUser/wheeltec_ros2/install/wheeltec_robot_urdf/share/wheeltec_robot_urdf/meshes/mini_4wd_moveit_four_meshes/lb_wheel_link.STL
[0.819s] -- Up-to-date: /home/HwHiAiUser/wheeltec_ros2/install/wheeltec_robot_urdf/share/wheeltec_robot_urdf/meshes/mini_4wd_moveit_four_meshes/display_link.STL
[0.820s] -- Up-to-date: /home/HwHiAiUser/wheeltec_ros2/install/wheeltec_robot_urdf/share/wheeltec_robot_urdf/meshes/mini_4wd_moveit_four_meshes/lf_wheel_link.STL
[0.820s] -- Up-to-date: /home/HwHiAiUser/wheeltec_ros2/install/wheeltec_robot_urdf/share/wheeltec_robot_urdf/meshes/mini_4wd_moveit_four_meshes/laser.STL
[0.839s] -- Up-to-date: /home/HwHiAiUser/wheeltec_ros2/install/wheeltec_robot_urdf/share/wheeltec_robot_urdf/meshes/mini_4wd_moveit_four_meshes/controller_link.STL
[0.839s] -- Up-to-date: /home/HwHiAiUser/wheeltec_ros2/install/wheeltec_robot_urdf/share/wheeltec_robot_urdf/meshes/mini_4wd_moveit_four_meshes/camera_link.STL
[0.840s] -- Up-to-date: /home/HwHiAiUser/wheeltec_ros2/install/wheeltec_robot_urdf/share/wheeltec_robot_urdf/meshes/mini_4wd_moveit_four_meshes/j4_4_link.STL
[0.840s] -- Up-to-date: /home/HwHiAiUser/wheeltec_ros2/install/wheeltec_robot_urdf/share/wheeltec_robot_urdf/meshes/mini_4wd_moveit_four_meshes/rb_wheel_link.STL
[0.840s] -- Up-to-date: /home/HwHiAiUser/wheeltec_ros2/install/wheeltec_robot_urdf/share/wheeltec_robot_urdf/meshes/mini_4wd_moveit_four_meshes/rf_wheel_link.STL
[0.840s] -- Up-to-date: /home/HwHiAiUser/wheeltec_ros2/install/wheeltec_robot_urdf/share/wheeltec_robot_urdf/meshes/mini_4wd_moveit_four_meshes/j4_5_link.STL
[0.840s] -- Up-to-date: /home/HwHiAiUser/wheeltec_ros2/install/wheeltec_robot_urdf/share/wheeltec_robot_urdf/meshes/mini_4wd_moveit_four_meshes/arm_base_link.STL
[0.841s] -- Up-to-date: /home/HwHiAiUser/wheeltec_ros2/install/wheeltec_robot_urdf/share/wheeltec_robot_urdf/meshes/mini_4wd_moveit_four_meshes/j1_link.STL
[0.841s] -- Up-to-date: /home/HwHiAiUser/wheeltec_ros2/install/wheeltec_robot_urdf/share/wheeltec_robot_urdf/meshes/mini_4wd_moveit_four_meshes/j4_1_link.STL
[0.841s] -- Up-to-date: /home/HwHiAiUser/wheeltec_ros2/install/wheeltec_robot_urdf/share/wheeltec_robot_urdf/meshes/mini_4wd_moveit_four_meshes/j3_link.STL
[0.841s] -- Up-to-date: /home/HwHiAiUser/wheeltec_ros2/install/wheeltec_robot_urdf/share/wheeltec_robot_urdf/meshes/mini_4wd_moveit_four_meshes/j4_3_link.STL
[0.842s] -- Up-to-date: /home/HwHiAiUser/wheeltec_ros2/install/wheeltec_robot_urdf/share/wheeltec_robot_urdf/meshes/sensors
[0.842s] -- Up-to-date: /home/HwHiAiUser/wheeltec_ros2/install/wheeltec_robot_urdf/share/wheeltec_robot_urdf/meshes/sensors/astra.dae
[0.842s] -- Up-to-date: /home/HwHiAiUser/wheeltec_ros2/install/wheeltec_robot_urdf/share/wheeltec_robot_urdf/meshes/sensors/r200.dae
[0.842s] -- Up-to-date: /home/HwHiAiUser/wheeltec_ros2/install/wheeltec_robot_urdf/share/wheeltec_robot_urdf/meshes/sensors/r200.jpg
[0.842s] -- Up-to-date: /home/HwHiAiUser/wheeltec_ros2/install/wheeltec_robot_urdf/share/wheeltec_robot_urdf/meshes/sensors/lds.stl
[0.842s] -- Up-to-date: /home/HwHiAiUser/wheeltec_ros2/install/wheeltec_robot_urdf/share/wheeltec_robot_urdf/meshes/sensors/astra.jpg
[0.843s] -- Up-to-date: /home/HwHiAiUser/wheeltec_ros2/install/wheeltec_robot_urdf/share/wheeltec_robot_urdf/meshes/flagship_4wd_bs_robot_meshes
[0.843s] -- Up-to-date: /home/HwHiAiUser/wheeltec_ros2/install/wheeltec_robot_urdf/share/wheeltec_robot_urdf/meshes/flagship_4wd_bs_robot_meshes/base_link.STL
[0.843s] -- Up-to-date: /home/HwHiAiUser/wheeltec_ros2/install/wheeltec_robot_urdf/share/wheeltec_robot_urdf/meshes/flagship_4wd_bs_robot_meshes/lb_wheel_link.STL
[0.843s] -- Up-to-date: /home/HwHiAiUser/wheeltec_ros2/install/wheeltec_robot_urdf/share/wheeltec_robot_urdf/meshes/flagship_4wd_bs_robot_meshes/lf_wheel_link.STL
[0.843s] -- Up-to-date: /home/HwHiAiUser/wheeltec_ros2/install/wheeltec_robot_urdf/share/wheeltec_robot_urdf/meshes/flagship_4wd_bs_robot_meshes/laser.STL
[0.844s] -- Up-to-date: /home/HwHiAiUser/wheeltec_ros2/install/wheeltec_robot_urdf/share/wheeltec_robot_urdf/meshes/flagship_4wd_bs_robot_meshes/controller_link.STL
[0.844s] -- Up-to-date: /home/HwHiAiUser/wheeltec_ros2/install/wheeltec_robot_urdf/share/wheeltec_robot_urdf/meshes/flagship_4wd_bs_robot_meshes/camera_link.STL
[0.844s] -- Up-to-date: /home/HwHiAiUser/wheeltec_ros2/install/wheeltec_robot_urdf/share/wheeltec_robot_urdf/meshes/flagship_4wd_bs_robot_meshes/rb_wheel_link.STL
[0.844s] -- Up-to-date: /home/HwHiAiUser/wheeltec_ros2/install/wheeltec_robot_urdf/share/wheeltec_robot_urdf/meshes/flagship_4wd_bs_robot_meshes/rf_wheel_link.STL
[0.844s] -- Up-to-date: /home/HwHiAiUser/wheeltec_ros2/install/wheeltec_robot_urdf/share/wheeltec_robot_urdf/meshes/r3S_4wd_robot_meshes
[0.844s] -- Up-to-date: /home/HwHiAiUser/wheeltec_ros2/install/wheeltec_robot_urdf/share/wheeltec_robot_urdf/meshes/r3S_4wd_robot_meshes/base_link.STL
[0.845s] -- Up-to-date: /home/HwHiAiUser/wheeltec_ros2/install/wheeltec_robot_urdf/share/wheeltec_robot_urdf/meshes/r3S_4wd_robot_meshes/lb_wheel_link.STL
[0.845s] -- Up-to-date: /home/HwHiAiUser/wheeltec_ros2/install/wheeltec_robot_urdf/share/wheeltec_robot_urdf/meshes/r3S_4wd_robot_meshes/lf_wheel_link.STL
[0.863s] -- Up-to-date: /home/HwHiAiUser/wheeltec_ros2/install/wheeltec_robot_urdf/share/wheeltec_robot_urdf/meshes/r3S_4wd_robot_meshes/laser.STL
[0.863s] -- Up-to-date: /home/HwHiAiUser/wheeltec_ros2/install/wheeltec_robot_urdf/share/wheeltec_robot_urdf/meshes/r3S_4wd_robot_meshes/controller_link.STL
[0.863s] -- Up-to-date: /home/HwHiAiUser/wheeltec_ros2/install/wheeltec_robot_urdf/share/wheeltec_robot_urdf/meshes/r3S_4wd_robot_meshes/camera_link.STL
[0.864s] -- Up-to-date: /home/HwHiAiUser/wheeltec_ros2/install/wheeltec_robot_urdf/share/wheeltec_robot_urdf/meshes/r3S_4wd_robot_meshes/rb_wheel_link.STL
[0.864s] -- Up-to-date: /home/HwHiAiUser/wheeltec_ros2/install/wheeltec_robot_urdf/share/wheeltec_robot_urdf/meshes/r3S_4wd_robot_meshes/rf_wheel_link.STL
[0.864s] -- Up-to-date: /home/HwHiAiUser/wheeltec_ros2/install/wheeltec_robot_urdf/share/wheeltec_robot_urdf/meshes/mini_mec_robot_meshes
[0.864s] -- Up-to-date: /home/HwHiAiUser/wheeltec_ros2/install/wheeltec_robot_urdf/share/wheeltec_robot_urdf/meshes/mini_mec_robot_meshes/base_link.STL
[0.865s] -- Up-to-date: /home/HwHiAiUser/wheeltec_ros2/install/wheeltec_robot_urdf/share/wheeltec_robot_urdf/meshes/mini_mec_robot_meshes/lb_wheel_link.STL
[0.865s] -- Up-to-date: /home/HwHiAiUser/wheeltec_ros2/install/wheeltec_robot_urdf/share/wheeltec_robot_urdf/meshes/mini_mec_robot_meshes/lf_wheel_link.STL
[0.865s] -- Up-to-date: /home/HwHiAiUser/wheeltec_ros2/install/wheeltec_robot_urdf/share/wheeltec_robot_urdf/meshes/mini_mec_robot_meshes/laser.STL
[0.865s] -- Up-to-date: /home/HwHiAiUser/wheeltec_ros2/install/wheeltec_robot_urdf/share/wheeltec_robot_urdf/meshes/mini_mec_robot_meshes/controller_link.STL
[0.866s] -- Up-to-date: /home/HwHiAiUser/wheeltec_ros2/install/wheeltec_robot_urdf/share/wheeltec_robot_urdf/meshes/mini_mec_robot_meshes/camera_link.STL
[0.866s] -- Up-to-date: /home/HwHiAiUser/wheeltec_ros2/install/wheeltec_robot_urdf/share/wheeltec_robot_urdf/meshes/mini_mec_robot_meshes/rb_wheel_link.STL
[0.866s] -- Up-to-date: /home/HwHiAiUser/wheeltec_ros2/install/wheeltec_robot_urdf/share/wheeltec_robot_urdf/meshes/mini_mec_robot_meshes/rf_wheel_link.STL
[0.866s] -- Up-to-date: /home/HwHiAiUser/wheeltec_ros2/install/wheeltec_robot_urdf/share/wheeltec_robot_urdf/meshes/flagship_mec_bs_robot_meshes
[0.866s] -- Up-to-date: /home/HwHiAiUser/wheeltec_ros2/install/wheeltec_robot_urdf/share/wheeltec_robot_urdf/meshes/flagship_mec_bs_robot_meshes/base_link.STL
[0.867s] -- Up-to-date: /home/HwHiAiUser/wheeltec_ros2/install/wheeltec_robot_urdf/share/wheeltec_robot_urdf/meshes/flagship_mec_bs_robot_meshes/lb_wheel_link.STL
[0.867s] -- Up-to-date: /home/HwHiAiUser/wheeltec_ros2/install/wheeltec_robot_urdf/share/wheeltec_robot_urdf/meshes/flagship_mec_bs_robot_meshes/lf_wheel_link.STL
[0.867s] -- Up-to-date: /home/HwHiAiUser/wheeltec_ros2/install/wheeltec_robot_urdf/share/wheeltec_robot_urdf/meshes/flagship_mec_bs_robot_meshes/laser.STL
[0.867s] -- Up-to-date: /home/HwHiAiUser/wheeltec_ros2/install/wheeltec_robot_urdf/share/wheeltec_robot_urdf/meshes/flagship_mec_bs_robot_meshes/controller_link.STL
[0.868s] -- Up-to-date: /home/HwHiAiUser/wheeltec_ros2/install/wheeltec_robot_urdf/share/wheeltec_robot_urdf/meshes/flagship_mec_bs_robot_meshes/camera_link.STL
[0.868s] -- Up-to-date: /home/HwHiAiUser/wheeltec_ros2/install/wheeltec_robot_urdf/share/wheeltec_robot_urdf/meshes/flagship_mec_bs_robot_meshes/rb_wheel_link.STL
[0.884s] -- Up-to-date: /home/HwHiAiUser/wheeltec_ros2/install/wheeltec_robot_urdf/share/wheeltec_robot_urdf/meshes/flagship_mec_bs_robot_meshes/rf_wheel_link.STL
[0.884s] -- Up-to-date: /home/HwHiAiUser/wheeltec_ros2/install/wheeltec_robot_urdf/share/wheeltec_robot_urdf/rviz
[0.885s] -- Up-to-date: /home/HwHiAiUser/wheeltec_ros2/install/wheeltec_robot_urdf/share/wheeltec_robot_urdf/rviz/model.rviz
[0.885s] -- Up-to-date: /home/HwHiAiUser/wheeltec_ros2/install/wheeltec_robot_urdf/share/wheeltec_robot_urdf/urdf
[0.885s] -- Up-to-date: /home/HwHiAiUser/wheeltec_ros2/install/wheeltec_robot_urdf/share/wheeltec_robot_urdf/urdf/flagship_4wd_dl_robot.urdf
[0.886s] -- Up-to-date: /home/HwHiAiUser/wheeltec_ros2/install/wheeltec_robot_urdf/share/wheeltec_robot_urdf/urdf/senior_mec_bs_robot.urdf
[0.886s] -- Up-to-date: /home/HwHiAiUser/wheeltec_ros2/install/wheeltec_robot_urdf/share/wheeltec_robot_urdf/urdf/s300_yw_robot.urdf
[0.886s] -- Up-to-date: /home/HwHiAiUser/wheeltec_ros2/install/wheeltec_robot_urdf/share/wheeltec_robot_urdf/urdf/top_akm_bs_robot.urdf
[0.887s] -- Up-to-date: /home/HwHiAiUser/wheeltec_ros2/install/wheeltec_robot_urdf/share/wheeltec_robot_urdf/urdf/senior_4wd_bs_robot.urdf
[0.887s] -- Up-to-date: /home/HwHiAiUser/wheeltec_ros2/install/wheeltec_robot_urdf/share/wheeltec_robot_urdf/urdf/mini_mec_moveit_four.urdf
[0.890s] -- Up-to-date: /home/HwHiAiUser/wheeltec_ros2/install/wheeltec_robot_urdf/share/wheeltec_robot_urdf/urdf/mini_4wd_robot.urdf
[0.890s] -- Up-to-date: /home/HwHiAiUser/wheeltec_ros2/install/wheeltec_robot_urdf/share/wheeltec_robot_urdf/urdf/mini_tank_robot.urdf
[0.891s] -- Up-to-date: /home/HwHiAiUser/wheeltec_ros2/install/wheeltec_robot_urdf/share/wheeltec_robot_urdf/urdf/senior_akm_robot.urdf
[0.891s] -- Up-to-date: /home/HwHiAiUser/wheeltec_ros2/install/wheeltec_robot_urdf/share/wheeltec_robot_urdf/urdf/senior_mec_dl_robot.urdf
[0.891s] -- Up-to-date: /home/HwHiAiUser/wheeltec_ros2/install/wheeltec_robot_urdf/share/wheeltec_robot_urdf/urdf/mini_omni_robot.urdf
[0.892s] -- Up-to-date: /home/HwHiAiUser/wheeltec_ros2/install/wheeltec_robot_urdf/share/wheeltec_robot_urdf/urdf/top_mec_EightDrive_robot.urdf
[0.892s] -- Up-to-date: /home/HwHiAiUser/wheeltec_ros2/install/wheeltec_robot_urdf/share/wheeltec_robot_urdf/urdf/s300_mini_robot.urdf
[0.892s] -- Up-to-date: /home/HwHiAiUser/wheeltec_ros2/install/wheeltec_robot_urdf/share/wheeltec_robot_urdf/urdf/senior_diff_robot.urdf
[0.892s] -- Up-to-date: /home/HwHiAiUser/wheeltec_ros2/install/wheeltec_robot_urdf/share/wheeltec_robot_urdf/urdf/senior_4wd_dl_robot.urdf
[0.893s] -- Up-to-date: /home/HwHiAiUser/wheeltec_ros2/install/wheeltec_robot_urdf/share/wheeltec_robot_urdf/urdf/mini_mec_moveit_six.urdf
[0.893s] -- Up-to-date: /home/HwHiAiUser/wheeltec_ros2/install/wheeltec_robot_urdf/share/wheeltec_robot_urdf/urdf/brushless_senior_diff.urdf
[0.893s] -- Up-to-date: /home/HwHiAiUser/wheeltec_ros2/install/wheeltec_robot_urdf/share/wheeltec_robot_urdf/urdf/top_4wd_bs_robot.urdf
[0.893s] -- Up-to-date: /home/HwHiAiUser/wheeltec_ros2/install/wheeltec_robot_urdf/share/wheeltec_robot_urdf/urdf/top_mec_dl_robot.urdf
[0.894s] -- Up-to-date: /home/HwHiAiUser/wheeltec_ros2/install/wheeltec_robot_urdf/share/wheeltec_robot_urdf/urdf/top_mec_bs_robot.urdf
[0.894s] -- Up-to-date: /home/HwHiAiUser/wheeltec_ros2/install/wheeltec_robot_urdf/share/wheeltec_robot_urdf/urdf/four_wheel_diff_dl_robot.urdf
[0.894s] -- Up-to-date: /home/HwHiAiUser/wheeltec_ros2/install/wheeltec_robot_urdf/share/wheeltec_robot_urdf/urdf/S100_diff_robot.urdf
[0.894s] -- Up-to-date: /home/HwHiAiUser/wheeltec_ros2/install/wheeltec_robot_urdf/share/wheeltec_robot_urdf/urdf/flagship_4wd_bs_robot.urdf
[0.895s] -- Up-to-date: /home/HwHiAiUser/wheeltec_ros2/install/wheeltec_robot_urdf/share/wheeltec_robot_urdf/urdf/mini_akm_robot.urdf
[0.895s] -- Up-to-date: /home/HwHiAiUser/wheeltec_ros2/install/wheeltec_robot_urdf/share/wheeltec_robot_urdf/urdf/r3s_mec_robot.urdf
[0.895s] -- Up-to-date: /home/HwHiAiUser/wheeltec_ros2/install/wheeltec_robot_urdf/share/wheeltec_robot_urdf/urdf/flagship_mec_bs_robot.urdf
[0.896s] -- Up-to-date: /home/HwHiAiUser/wheeltec_ros2/install/wheeltec_robot_urdf/share/wheeltec_robot_urdf/urdf/mini_tank_moveit_four.urdf
[0.896s] -- Up-to-date: /home/HwHiAiUser/wheeltec_ros2/install/wheeltec_robot_urdf/share/wheeltec_robot_urdf/urdf/flagship_mec_dl_robot.urdf
[0.896s] -- Up-to-date: /home/HwHiAiUser/wheeltec_ros2/install/wheeltec_robot_urdf/share/wheeltec_robot_urdf/urdf/mini_4wd_moveit_four.urdf
[0.896s] -- Up-to-date: /home/HwHiAiUser/wheeltec_ros2/install/wheeltec_robot_urdf/share/wheeltec_robot_urdf/urdf/senior_omni_robot.urdf
[0.897s] -- Up-to-date: /home/HwHiAiUser/wheeltec_ros2/install/wheeltec_robot_urdf/share/wheeltec_robot_urdf/urdf/mini_mec_robot.urdf
[0.897s] -- Up-to-date: /home/HwHiAiUser/wheeltec_ros2/install/wheeltec_robot_urdf/share/wheeltec_robot_urdf/urdf/top_4wd_dl_robot.urdf
[0.931s] -- Up-to-date: /home/HwHiAiUser/wheeltec_ros2/install/wheeltec_robot_urdf/share/wheeltec_robot_urdf/urdf/r3S_4wd_robot.urdf
[0.931s] -- Up-to-date: /home/HwHiAiUser/wheeltec_ros2/install/wheeltec_robot_urdf/share/wheeltec_robot_urdf/urdf/top_omni_robot.urdf
[0.931s] -- Up-to-date: /home/HwHiAiUser/wheeltec_ros2/install/wheeltec_robot_urdf/share/wheeltec_robot_urdf/urdf/mini_diff_robot.urdf
[0.931s] -- Up-to-date: /home/HwHiAiUser/wheeltec_ros2/install/wheeltec_robot_urdf/share/wheeltec_robot_urdf/urdf/top_akm_dl_robot.urdf
[0.932s] -- Up-to-date: /home/HwHiAiUser/wheeltec_ros2/install/wheeltec_robot_urdf/share/wheeltec_robot_urdf/urdf/four_wheel_diff_bs_robot.urdf
[0.932s] -- Up-to-date: /home/HwHiAiUser/wheeltec_ros2/install/wheeltec_robot_urdf/share/ament_index/resource_index/package_run_dependencies/wheeltec_robot_urdf
[0.932s] -- Up-to-date: /home/HwHiAiUser/wheeltec_ros2/install/wheeltec_robot_urdf/share/ament_index/resource_index/parent_prefix_path/wheeltec_robot_urdf
[0.932s] -- Up-to-date: /home/HwHiAiUser/wheeltec_ros2/install/wheeltec_robot_urdf/share/wheeltec_robot_urdf/environment/ament_prefix_path.sh
[0.932s] -- Up-to-date: /home/HwHiAiUser/wheeltec_ros2/install/wheeltec_robot_urdf/share/wheeltec_robot_urdf/environment/ament_prefix_path.dsv
[0.932s] -- Up-to-date: /home/HwHiAiUser/wheeltec_ros2/install/wheeltec_robot_urdf/share/wheeltec_robot_urdf/environment/path.sh
[0.933s] -- Up-to-date: /home/HwHiAiUser/wheeltec_ros2/install/wheeltec_robot_urdf/share/wheeltec_robot_urdf/environment/path.dsv
[0.933s] -- Up-to-date: /home/HwHiAiUser/wheeltec_ros2/install/wheeltec_robot_urdf/share/wheeltec_robot_urdf/local_setup.bash
[0.933s] -- Up-to-date: /home/HwHiAiUser/wheeltec_ros2/install/wheeltec_robot_urdf/share/wheeltec_robot_urdf/local_setup.sh
[0.933s] -- Up-to-date: /home/HwHiAiUser/wheeltec_ros2/install/wheeltec_robot_urdf/share/wheeltec_robot_urdf/local_setup.zsh
[0.934s] -- Up-to-date: /home/HwHiAiUser/wheeltec_ros2/install/wheeltec_robot_urdf/share/wheeltec_robot_urdf/local_setup.dsv
[0.965s] -- Installing: /home/HwHiAiUser/wheeltec_ros2/install/wheeltec_robot_urdf/share/wheeltec_robot_urdf/package.dsv
[0.965s] -- Up-to-date: /home/HwHiAiUser/wheeltec_ros2/install/wheeltec_robot_urdf/share/ament_index/resource_index/packages/wheeltec_robot_urdf
[0.966s] -- Up-to-date: /home/HwHiAiUser/wheeltec_ros2/install/wheeltec_robot_urdf/share/wheeltec_robot_urdf/cmake/wheeltec_robot_urdfConfig.cmake
[0.966s] -- Up-to-date: /home/HwHiAiUser/wheeltec_ros2/install/wheeltec_robot_urdf/share/wheeltec_robot_urdf/cmake/wheeltec_robot_urdfConfig-version.cmake
[0.966s] -- Up-to-date: /home/HwHiAiUser/wheeltec_ros2/install/wheeltec_robot_urdf/share/wheeltec_robot_urdf/package.xml
[0.986s] Invoked command in '/home/HwHiAiUser/wheeltec_ros2/build/wheeltec_robot_urdf' returned '0': CMAKE_PREFIX_PATH=${CMAKE_PREFIX_PATH}:/home/HwHiAiUser/wheeltec_ros2/install/wheeltec_robot_keyboard:/home/HwHiAiUser/wheeltec_ros2/install/wheeltec_gpio_control:/home/HwHiAiUser/wheeltec_ros2/install/tf2_tools:/opt/ros/humble _=/usr/bin/env /usr/bin/cmake --install /home/HwHiAiUser/wheeltec_ros2/build/wheeltec_robot_urdf
