[0.200s] Invoking command in '/home/HwHiAiUser/wheeltec_ros2/build/ldlidar_sl_ros2': CMAKE_PREFIX_PATH=${CMAKE_PREFIX_PATH}:/home/HwHiAiUser/wheeltec_ros2/install/wheeltec_robot_keyboard:/home/HwHiAiUser/wheeltec_ros2/install/wheeltec_gpio_control:/home/HwHiAiUser/wheeltec_ros2/install/tf2_tools:/opt/ros/humble _=/usr/bin/env /usr/bin/cmake --build /home/HwHiAiUser/wheeltec_ros2/build/ldlidar_sl_ros2 -- -j4 -l4
[0.696s] [100%] Built target ldlidar_sl_ros2_node
[0.941s] Invoked command in '/home/HwHiAiUser/wheeltec_ros2/build/ldlidar_sl_ros2' returned '0': CMAKE_PREFIX_PATH=${CMAKE_PREFIX_PATH}:/home/HwHiAiUser/wheeltec_ros2/install/wheeltec_robot_keyboard:/home/HwHiAiUser/wheeltec_ros2/install/wheeltec_gpio_control:/home/HwHiAiUser/wheeltec_ros2/install/tf2_tools:/opt/ros/humble _=/usr/bin/env /usr/bin/cmake --build /home/HwHiAiUser/wheeltec_ros2/build/ldlidar_sl_ros2 -- -j4 -l4
[0.947s] Invoking command in '/home/HwHiAiUser/wheeltec_ros2/build/ldlidar_sl_ros2': CMAKE_PREFIX_PATH=${CMAKE_PREFIX_PATH}:/home/HwHiAiUser/wheeltec_ros2/install/wheeltec_robot_keyboard:/home/HwHiAiUser/wheeltec_ros2/install/wheeltec_gpio_control:/home/HwHiAiUser/wheeltec_ros2/install/tf2_tools:/opt/ros/humble _=/usr/bin/env /usr/bin/cmake --install /home/HwHiAiUser/wheeltec_ros2/build/ldlidar_sl_ros2
[1.023s] -- Install configuration: ""
[1.026s] -- Up-to-date: /home/HwHiAiUser/wheeltec_ros2/install/ldlidar_sl_ros2/lib/ldlidar_sl_ros2/ldlidar_sl_ros2_node
[1.035s] -- Up-to-date: /home/HwHiAiUser/wheeltec_ros2/install/ldlidar_sl_ros2/share/ldlidar_sl_ros2//launch
[1.036s] -- Up-to-date: /home/HwHiAiUser/wheeltec_ros2/install/ldlidar_sl_ros2/share/ldlidar_sl_ros2//launch/ld14.launch.py
[1.036s] -- Up-to-date: /home/HwHiAiUser/wheeltec_ros2/install/ldlidar_sl_ros2/share/ldlidar_sl_ros2//launch/viewer_ld14.launch.py
[1.036s] -- Up-to-date: /home/HwHiAiUser/wheeltec_ros2/install/ldlidar_sl_ros2/share/ldlidar_sl_ros2//rviz2
[1.037s] -- Up-to-date: /home/HwHiAiUser/wheeltec_ros2/install/ldlidar_sl_ros2/share/ldlidar_sl_ros2//rviz2/ldlidar.rviz
[1.046s] -- Up-to-date: /home/HwHiAiUser/wheeltec_ros2/install/ldlidar_sl_ros2/share/ldlidar_sl_ros2//scripts
[1.047s] -- Up-to-date: /home/HwHiAiUser/wheeltec_ros2/install/ldlidar_sl_ros2/share/ldlidar_sl_ros2//scripts/delete_udev_rules.sh
[1.048s] -- Up-to-date: /home/HwHiAiUser/wheeltec_ros2/install/ldlidar_sl_ros2/share/ldlidar_sl_ros2//scripts/ldlidar.rules
[1.048s] -- Up-to-date: /home/HwHiAiUser/wheeltec_ros2/install/ldlidar_sl_ros2/share/ldlidar_sl_ros2//scripts/create_udev_rules.sh
[1.048s] -- Up-to-date: /home/HwHiAiUser/wheeltec_ros2/install/ldlidar_sl_ros2/share/ament_index/resource_index/package_run_dependencies/ldlidar_sl_ros2
[1.048s] -- Up-to-date: /home/HwHiAiUser/wheeltec_ros2/install/ldlidar_sl_ros2/share/ament_index/resource_index/parent_prefix_path/ldlidar_sl_ros2
[1.049s] -- Up-to-date: /home/HwHiAiUser/wheeltec_ros2/install/ldlidar_sl_ros2/share/ldlidar_sl_ros2/environment/ament_prefix_path.sh
[1.057s] -- Up-to-date: /home/HwHiAiUser/wheeltec_ros2/install/ldlidar_sl_ros2/share/ldlidar_sl_ros2/environment/ament_prefix_path.dsv
[1.057s] -- Up-to-date: /home/HwHiAiUser/wheeltec_ros2/install/ldlidar_sl_ros2/share/ldlidar_sl_ros2/environment/path.sh
[1.058s] -- Up-to-date: /home/HwHiAiUser/wheeltec_ros2/install/ldlidar_sl_ros2/share/ldlidar_sl_ros2/environment/path.dsv
[1.058s] -- Up-to-date: /home/HwHiAiUser/wheeltec_ros2/install/ldlidar_sl_ros2/share/ldlidar_sl_ros2/local_setup.bash
[1.058s] -- Up-to-date: /home/HwHiAiUser/wheeltec_ros2/install/ldlidar_sl_ros2/share/ldlidar_sl_ros2/local_setup.sh
[1.058s] -- Up-to-date: /home/HwHiAiUser/wheeltec_ros2/install/ldlidar_sl_ros2/share/ldlidar_sl_ros2/local_setup.zsh
[1.058s] -- Up-to-date: /home/HwHiAiUser/wheeltec_ros2/install/ldlidar_sl_ros2/share/ldlidar_sl_ros2/local_setup.dsv
[1.059s] -- Installing: /home/HwHiAiUser/wheeltec_ros2/install/ldlidar_sl_ros2/share/ldlidar_sl_ros2/package.dsv
[1.059s] -- Up-to-date: /home/HwHiAiUser/wheeltec_ros2/install/ldlidar_sl_ros2/share/ament_index/resource_index/packages/ldlidar_sl_ros2
[1.067s] -- Up-to-date: /home/HwHiAiUser/wheeltec_ros2/install/ldlidar_sl_ros2/share/ldlidar_sl_ros2/cmake/ldlidar_sl_ros2Config.cmake
[1.067s] -- Up-to-date: /home/HwHiAiUser/wheeltec_ros2/install/ldlidar_sl_ros2/share/ldlidar_sl_ros2/cmake/ldlidar_sl_ros2Config-version.cmake
[1.068s] -- Up-to-date: /home/HwHiAiUser/wheeltec_ros2/install/ldlidar_sl_ros2/share/ldlidar_sl_ros2/package.xml
[2.561s] Invoked command in '/home/HwHiAiUser/wheeltec_ros2/build/ldlidar_sl_ros2' returned '0': CMAKE_PREFIX_PATH=${CMAKE_PREFIX_PATH}:/home/HwHiAiUser/wheeltec_ros2/install/wheeltec_robot_keyboard:/home/HwHiAiUser/wheeltec_ros2/install/wheeltec_gpio_control:/home/HwHiAiUser/wheeltec_ros2/install/tf2_tools:/opt/ros/humble _=/usr/bin/env /usr/bin/cmake --install /home/HwHiAiUser/wheeltec_ros2/build/ldlidar_sl_ros2
