[0.086s] Invoking command in '/home/HwHiAiUser/wheeltec_ros2/build/wheeltec_robot_msg': CMAKE_PREFIX_PATH=${CMAKE_PREFIX_PATH}:/home/HwHiAiUser/wheeltec_ros2/install/wheeltec_robot_keyboard:/home/HwHiAiUser/wheeltec_ros2/install/tf2_tools:/opt/ros/humble _=/usr/bin/env /usr/bin/cmake --build /home/HwHiAiUser/wheeltec_ros2/build/wheeltec_robot_msg -- -j4 -l4
[0.301s] [  2%] Built target wheeltec_robot_msg__cpp
[0.430s] [  2%] Built target ament_cmake_python_copy_wheeltec_robot_msg
[0.544s] [ 12%] Built target wheeltec_robot_msg__rosidl_typesupport_fastrtps_cpp
[0.619s] [ 23%] Built target wheeltec_robot_msg__rosidl_typesupport_introspection_cpp
[1.610s] running egg_info
[1.613s] writing wheeltec_robot_msg.egg-info/PKG-INFO
[1.616s] writing dependency_links to wheeltec_robot_msg.egg-info/dependency_links.txt
[1.619s] writing top-level names to wheeltec_robot_msg.egg-info/top_level.txt
[1.630s] reading manifest file 'wheeltec_robot_msg.egg-info/SOURCES.txt'
[1.634s] writing manifest file 'wheeltec_robot_msg.egg-info/SOURCES.txt'
[1.808s] [ 23%] Built target ament_cmake_python_build_wheeltec_robot_msg_egg
[1.907s] [ 33%] Built target wheeltec_robot_msg__rosidl_typesupport_cpp
[2.022s] [ 43%] Built target wheeltec_robot_msg__rosidl_generator_c
[2.146s] [ 53%] Built target wheeltec_robot_msg__rosidl_typesupport_fastrtps_c
[2.221s] [ 64%] Built target wheeltec_robot_msg__rosidl_typesupport_c
[2.301s] [ 74%] Built target wheeltec_robot_msg__rosidl_typesupport_introspection_c
[2.375s] [ 74%] Built target wheeltec_robot_msg
[2.460s] [ 76%] Built target wheeltec_robot_msg__py
[2.607s] [ 84%] Built target wheeltec_robot_msg__rosidl_generator_py
[2.721s] [ 89%] Built target wheeltec_robot_msg__rosidl_typesupport_fastrtps_c__pyext
[2.906s] [ 94%] Built target wheeltec_robot_msg__rosidl_typesupport_c__pyext
[3.067s] [100%] Built target wheeltec_robot_msg__rosidl_typesupport_introspection_c__pyext
[3.109s] Invoked command in '/home/HwHiAiUser/wheeltec_ros2/build/wheeltec_robot_msg' returned '0': CMAKE_PREFIX_PATH=${CMAKE_PREFIX_PATH}:/home/HwHiAiUser/wheeltec_ros2/install/wheeltec_robot_keyboard:/home/HwHiAiUser/wheeltec_ros2/install/tf2_tools:/opt/ros/humble _=/usr/bin/env /usr/bin/cmake --build /home/HwHiAiUser/wheeltec_ros2/build/wheeltec_robot_msg -- -j4 -l4
[3.114s] Invoking command in '/home/HwHiAiUser/wheeltec_ros2/build/wheeltec_robot_msg': CMAKE_PREFIX_PATH=${CMAKE_PREFIX_PATH}:/home/HwHiAiUser/wheeltec_ros2/install/wheeltec_robot_keyboard:/home/HwHiAiUser/wheeltec_ros2/install/tf2_tools:/opt/ros/humble _=/usr/bin/env /usr/bin/cmake --install /home/HwHiAiUser/wheeltec_ros2/build/wheeltec_robot_msg
[3.145s] -- Install configuration: ""
[3.146s] -- Up-to-date: /home/HwHiAiUser/wheeltec_ros2/install/wheeltec_robot_msg/share/ament_index/resource_index/rosidl_interfaces/wheeltec_robot_msg
[3.147s] -- Up-to-date: /home/HwHiAiUser/wheeltec_ros2/install/wheeltec_robot_msg/include/wheeltec_robot_msg/wheeltec_robot_msg
[3.148s] -- Up-to-date: /home/HwHiAiUser/wheeltec_ros2/install/wheeltec_robot_msg/include/wheeltec_robot_msg/wheeltec_robot_msg/msg
[3.150s] -- Up-to-date: /home/HwHiAiUser/wheeltec_ros2/install/wheeltec_robot_msg/include/wheeltec_robot_msg/wheeltec_robot_msg/msg/detail
[3.151s] -- Up-to-date: /home/HwHiAiUser/wheeltec_ros2/install/wheeltec_robot_msg/include/wheeltec_robot_msg/wheeltec_robot_msg/msg/detail/supersonic__functions.h
[3.152s] -- Up-to-date: /home/HwHiAiUser/wheeltec_ros2/install/wheeltec_robot_msg/include/wheeltec_robot_msg/wheeltec_robot_msg/msg/detail/data__struct.h
[3.153s] -- Up-to-date: /home/HwHiAiUser/wheeltec_ros2/install/wheeltec_robot_msg/include/wheeltec_robot_msg/wheeltec_robot_msg/msg/detail/supersonic__functions.c
[3.153s] -- Up-to-date: /home/HwHiAiUser/wheeltec_ros2/install/wheeltec_robot_msg/include/wheeltec_robot_msg/wheeltec_robot_msg/msg/detail/data__type_support.h
[3.156s] -- Up-to-date: /home/HwHiAiUser/wheeltec_ros2/install/wheeltec_robot_msg/include/wheeltec_robot_msg/wheeltec_robot_msg/msg/detail/data__functions.c
[3.156s] -- Up-to-date: /home/HwHiAiUser/wheeltec_ros2/install/wheeltec_robot_msg/include/wheeltec_robot_msg/wheeltec_robot_msg/msg/detail/data__functions.h
[3.159s] -- Up-to-date: /home/HwHiAiUser/wheeltec_ros2/install/wheeltec_robot_msg/include/wheeltec_robot_msg/wheeltec_robot_msg/msg/detail/supersonic__struct.h
[3.160s] -- Up-to-date: /home/HwHiAiUser/wheeltec_ros2/install/wheeltec_robot_msg/include/wheeltec_robot_msg/wheeltec_robot_msg/msg/detail/supersonic__type_support.h
[3.161s] -- Up-to-date: /home/HwHiAiUser/wheeltec_ros2/install/wheeltec_robot_msg/include/wheeltec_robot_msg/wheeltec_robot_msg/msg/rosidl_generator_c__visibility_control.h
[3.163s] -- Up-to-date: /home/HwHiAiUser/wheeltec_ros2/install/wheeltec_robot_msg/include/wheeltec_robot_msg/wheeltec_robot_msg/msg/supersonic.h
[3.164s] -- Up-to-date: /home/HwHiAiUser/wheeltec_ros2/install/wheeltec_robot_msg/include/wheeltec_robot_msg/wheeltec_robot_msg/msg/data.h
[3.166s] -- Up-to-date: /home/HwHiAiUser/wheeltec_ros2/install/wheeltec_robot_msg/share/wheeltec_robot_msg/environment/library_path.sh
[3.168s] -- Up-to-date: /home/HwHiAiUser/wheeltec_ros2/install/wheeltec_robot_msg/share/wheeltec_robot_msg/environment/library_path.dsv
[3.170s] -- Up-to-date: /home/HwHiAiUser/wheeltec_ros2/install/wheeltec_robot_msg/lib/libwheeltec_robot_msg__rosidl_generator_c.so
[3.173s] -- Up-to-date: /home/HwHiAiUser/wheeltec_ros2/install/wheeltec_robot_msg/include/wheeltec_robot_msg/wheeltec_robot_msg
[3.175s] -- Up-to-date: /home/HwHiAiUser/wheeltec_ros2/install/wheeltec_robot_msg/include/wheeltec_robot_msg/wheeltec_robot_msg/msg
[3.176s] -- Up-to-date: /home/HwHiAiUser/wheeltec_ros2/install/wheeltec_robot_msg/include/wheeltec_robot_msg/wheeltec_robot_msg/msg/detail
[3.176s] -- Up-to-date: /home/HwHiAiUser/wheeltec_ros2/install/wheeltec_robot_msg/include/wheeltec_robot_msg/wheeltec_robot_msg/msg/detail/supersonic__rosidl_typesupport_fastrtps_c.h
[3.177s] -- Up-to-date: /home/HwHiAiUser/wheeltec_ros2/install/wheeltec_robot_msg/include/wheeltec_robot_msg/wheeltec_robot_msg/msg/detail/data__rosidl_typesupport_fastrtps_c.h
[3.178s] -- Up-to-date: /home/HwHiAiUser/wheeltec_ros2/install/wheeltec_robot_msg/include/wheeltec_robot_msg/wheeltec_robot_msg/msg/rosidl_typesupport_fastrtps_c__visibility_control.h
[3.183s] -- Up-to-date: /home/HwHiAiUser/wheeltec_ros2/install/wheeltec_robot_msg/lib/libwheeltec_robot_msg__rosidl_typesupport_fastrtps_c.so
[3.185s] -- Up-to-date: /home/HwHiAiUser/wheeltec_ros2/install/wheeltec_robot_msg/include/wheeltec_robot_msg/wheeltec_robot_msg
[3.185s] -- Up-to-date: /home/HwHiAiUser/wheeltec_ros2/install/wheeltec_robot_msg/include/wheeltec_robot_msg/wheeltec_robot_msg/msg
[3.186s] -- Up-to-date: /home/HwHiAiUser/wheeltec_ros2/install/wheeltec_robot_msg/include/wheeltec_robot_msg/wheeltec_robot_msg/msg/detail
[3.187s] -- Up-to-date: /home/HwHiAiUser/wheeltec_ros2/install/wheeltec_robot_msg/include/wheeltec_robot_msg/wheeltec_robot_msg/msg/detail/supersonic__type_support.c
[3.188s] -- Up-to-date: /home/HwHiAiUser/wheeltec_ros2/install/wheeltec_robot_msg/include/wheeltec_robot_msg/wheeltec_robot_msg/msg/detail/supersonic__rosidl_typesupport_introspection_c.h
[3.189s] -- Up-to-date: /home/HwHiAiUser/wheeltec_ros2/install/wheeltec_robot_msg/include/wheeltec_robot_msg/wheeltec_robot_msg/msg/detail/data__type_support.c
[3.190s] -- Up-to-date: /home/HwHiAiUser/wheeltec_ros2/install/wheeltec_robot_msg/include/wheeltec_robot_msg/wheeltec_robot_msg/msg/detail/data__rosidl_typesupport_introspection_c.h
[3.191s] -- Up-to-date: /home/HwHiAiUser/wheeltec_ros2/install/wheeltec_robot_msg/include/wheeltec_robot_msg/wheeltec_robot_msg/msg/rosidl_typesupport_introspection_c__visibility_control.h
[3.204s] -- Up-to-date: /home/HwHiAiUser/wheeltec_ros2/install/wheeltec_robot_msg/lib/libwheeltec_robot_msg__rosidl_typesupport_introspection_c.so
[3.207s] -- Up-to-date: /home/HwHiAiUser/wheeltec_ros2/install/wheeltec_robot_msg/lib/libwheeltec_robot_msg__rosidl_typesupport_c.so
[3.208s] -- Up-to-date: /home/HwHiAiUser/wheeltec_ros2/install/wheeltec_robot_msg/include/wheeltec_robot_msg/wheeltec_robot_msg
[3.208s] -- Up-to-date: /home/HwHiAiUser/wheeltec_ros2/install/wheeltec_robot_msg/include/wheeltec_robot_msg/wheeltec_robot_msg/msg
[3.208s] -- Up-to-date: /home/HwHiAiUser/wheeltec_ros2/install/wheeltec_robot_msg/include/wheeltec_robot_msg/wheeltec_robot_msg/msg/detail
[3.209s] -- Up-to-date: /home/HwHiAiUser/wheeltec_ros2/install/wheeltec_robot_msg/include/wheeltec_robot_msg/wheeltec_robot_msg/msg/detail/supersonic__builder.hpp
[3.209s] -- Up-to-date: /home/HwHiAiUser/wheeltec_ros2/install/wheeltec_robot_msg/include/wheeltec_robot_msg/wheeltec_robot_msg/msg/detail/data__builder.hpp
[3.209s] -- Up-to-date: /home/HwHiAiUser/wheeltec_ros2/install/wheeltec_robot_msg/include/wheeltec_robot_msg/wheeltec_robot_msg/msg/detail/supersonic__traits.hpp
[3.210s] -- Up-to-date: /home/HwHiAiUser/wheeltec_ros2/install/wheeltec_robot_msg/include/wheeltec_robot_msg/wheeltec_robot_msg/msg/detail/data__type_support.hpp
[3.210s] -- Up-to-date: /home/HwHiAiUser/wheeltec_ros2/install/wheeltec_robot_msg/include/wheeltec_robot_msg/wheeltec_robot_msg/msg/detail/supersonic__struct.hpp
[3.210s] -- Up-to-date: /home/HwHiAiUser/wheeltec_ros2/install/wheeltec_robot_msg/include/wheeltec_robot_msg/wheeltec_robot_msg/msg/detail/supersonic__type_support.hpp
[3.211s] -- Up-to-date: /home/HwHiAiUser/wheeltec_ros2/install/wheeltec_robot_msg/include/wheeltec_robot_msg/wheeltec_robot_msg/msg/detail/data__struct.hpp
[3.212s] -- Up-to-date: /home/HwHiAiUser/wheeltec_ros2/install/wheeltec_robot_msg/include/wheeltec_robot_msg/wheeltec_robot_msg/msg/detail/data__traits.hpp
[3.212s] -- Up-to-date: /home/HwHiAiUser/wheeltec_ros2/install/wheeltec_robot_msg/include/wheeltec_robot_msg/wheeltec_robot_msg/msg/rosidl_generator_cpp__visibility_control.hpp
[3.213s] -- Up-to-date: /home/HwHiAiUser/wheeltec_ros2/install/wheeltec_robot_msg/include/wheeltec_robot_msg/wheeltec_robot_msg/msg/data.hpp
[3.213s] -- Up-to-date: /home/HwHiAiUser/wheeltec_ros2/install/wheeltec_robot_msg/include/wheeltec_robot_msg/wheeltec_robot_msg/msg/supersonic.hpp
[3.213s] -- Up-to-date: /home/HwHiAiUser/wheeltec_ros2/install/wheeltec_robot_msg/include/wheeltec_robot_msg/wheeltec_robot_msg
[3.214s] -- Up-to-date: /home/HwHiAiUser/wheeltec_ros2/install/wheeltec_robot_msg/include/wheeltec_robot_msg/wheeltec_robot_msg/msg
[3.214s] -- Up-to-date: /home/HwHiAiUser/wheeltec_ros2/install/wheeltec_robot_msg/include/wheeltec_robot_msg/wheeltec_robot_msg/msg/detail
[3.219s] -- Up-to-date: /home/HwHiAiUser/wheeltec_ros2/install/wheeltec_robot_msg/include/wheeltec_robot_msg/wheeltec_robot_msg/msg/detail/dds_fastrtps
[3.219s] -- Up-to-date: /home/HwHiAiUser/wheeltec_ros2/install/wheeltec_robot_msg/include/wheeltec_robot_msg/wheeltec_robot_msg/msg/detail/data__rosidl_typesupport_fastrtps_cpp.hpp
[3.220s] -- Up-to-date: /home/HwHiAiUser/wheeltec_ros2/install/wheeltec_robot_msg/include/wheeltec_robot_msg/wheeltec_robot_msg/msg/detail/supersonic__rosidl_typesupport_fastrtps_cpp.hpp
[3.220s] -- Up-to-date: /home/HwHiAiUser/wheeltec_ros2/install/wheeltec_robot_msg/include/wheeltec_robot_msg/wheeltec_robot_msg/msg/rosidl_typesupport_fastrtps_cpp__visibility_control.h
[3.220s] -- Up-to-date: /home/HwHiAiUser/wheeltec_ros2/install/wheeltec_robot_msg/lib/libwheeltec_robot_msg__rosidl_typesupport_fastrtps_cpp.so
[3.220s] -- Up-to-date: /home/HwHiAiUser/wheeltec_ros2/install/wheeltec_robot_msg/include/wheeltec_robot_msg/wheeltec_robot_msg
[3.220s] -- Up-to-date: /home/HwHiAiUser/wheeltec_ros2/install/wheeltec_robot_msg/include/wheeltec_robot_msg/wheeltec_robot_msg/msg
[3.220s] -- Up-to-date: /home/HwHiAiUser/wheeltec_ros2/install/wheeltec_robot_msg/include/wheeltec_robot_msg/wheeltec_robot_msg/msg/detail
[3.221s] -- Up-to-date: /home/HwHiAiUser/wheeltec_ros2/install/wheeltec_robot_msg/include/wheeltec_robot_msg/wheeltec_robot_msg/msg/detail/data__type_support.cpp
[3.221s] -- Up-to-date: /home/HwHiAiUser/wheeltec_ros2/install/wheeltec_robot_msg/include/wheeltec_robot_msg/wheeltec_robot_msg/msg/detail/data__rosidl_typesupport_introspection_cpp.hpp
[3.221s] -- Up-to-date: /home/HwHiAiUser/wheeltec_ros2/install/wheeltec_robot_msg/include/wheeltec_robot_msg/wheeltec_robot_msg/msg/detail/supersonic__rosidl_typesupport_introspection_cpp.hpp
[3.221s] -- Up-to-date: /home/HwHiAiUser/wheeltec_ros2/install/wheeltec_robot_msg/include/wheeltec_robot_msg/wheeltec_robot_msg/msg/detail/supersonic__type_support.cpp
[3.221s] -- Up-to-date: /home/HwHiAiUser/wheeltec_ros2/install/wheeltec_robot_msg/lib/libwheeltec_robot_msg__rosidl_typesupport_introspection_cpp.so
[3.222s] -- Up-to-date: /home/HwHiAiUser/wheeltec_ros2/install/wheeltec_robot_msg/lib/libwheeltec_robot_msg__rosidl_typesupport_cpp.so
[3.222s] -- Up-to-date: /home/HwHiAiUser/wheeltec_ros2/install/wheeltec_robot_msg/share/wheeltec_robot_msg/environment/pythonpath.sh
[3.222s] -- Up-to-date: /home/HwHiAiUser/wheeltec_ros2/install/wheeltec_robot_msg/share/wheeltec_robot_msg/environment/pythonpath.dsv
[3.225s] -- Up-to-date: /home/HwHiAiUser/wheeltec_ros2/install/wheeltec_robot_msg/local/lib/python3.10/dist-packages/wheeltec_robot_msg-0.0.0-py3.10.egg-info
[3.226s] -- Installing: /home/HwHiAiUser/wheeltec_ros2/install/wheeltec_robot_msg/local/lib/python3.10/dist-packages/wheeltec_robot_msg-0.0.0-py3.10.egg-info/dependency_links.txt
[3.226s] -- Installing: /home/HwHiAiUser/wheeltec_ros2/install/wheeltec_robot_msg/local/lib/python3.10/dist-packages/wheeltec_robot_msg-0.0.0-py3.10.egg-info/SOURCES.txt
[3.226s] -- Installing: /home/HwHiAiUser/wheeltec_ros2/install/wheeltec_robot_msg/local/lib/python3.10/dist-packages/wheeltec_robot_msg-0.0.0-py3.10.egg-info/PKG-INFO
[3.227s] -- Installing: /home/HwHiAiUser/wheeltec_ros2/install/wheeltec_robot_msg/local/lib/python3.10/dist-packages/wheeltec_robot_msg-0.0.0-py3.10.egg-info/top_level.txt
[3.227s] -- Up-to-date: /home/HwHiAiUser/wheeltec_ros2/install/wheeltec_robot_msg/local/lib/python3.10/dist-packages/wheeltec_robot_msg
[3.227s] -- Up-to-date: /home/HwHiAiUser/wheeltec_ros2/install/wheeltec_robot_msg/local/lib/python3.10/dist-packages/wheeltec_robot_msg/__init__.py
[3.228s] -- Up-to-date: /home/HwHiAiUser/wheeltec_ros2/install/wheeltec_robot_msg/local/lib/python3.10/dist-packages/wheeltec_robot_msg/msg
[3.228s] -- Up-to-date: /home/HwHiAiUser/wheeltec_ros2/install/wheeltec_robot_msg/local/lib/python3.10/dist-packages/wheeltec_robot_msg/msg/_data_s.c
[3.228s] -- Up-to-date: /home/HwHiAiUser/wheeltec_ros2/install/wheeltec_robot_msg/local/lib/python3.10/dist-packages/wheeltec_robot_msg/msg/_data.py
[3.228s] -- Up-to-date: /home/HwHiAiUser/wheeltec_ros2/install/wheeltec_robot_msg/local/lib/python3.10/dist-packages/wheeltec_robot_msg/msg/__init__.py
[3.228s] -- Up-to-date: /home/HwHiAiUser/wheeltec_ros2/install/wheeltec_robot_msg/local/lib/python3.10/dist-packages/wheeltec_robot_msg/msg/_supersonic_s.c
[3.229s] -- Up-to-date: /home/HwHiAiUser/wheeltec_ros2/install/wheeltec_robot_msg/local/lib/python3.10/dist-packages/wheeltec_robot_msg/msg/_supersonic.py
[3.229s] -- Up-to-date: /home/HwHiAiUser/wheeltec_ros2/install/wheeltec_robot_msg/local/lib/python3.10/dist-packages/wheeltec_robot_msg/wheeltec_robot_msg_s__rosidl_typesupport_fastrtps_c.cpython-310-aarch64-linux-gnu.so
[3.229s] -- Up-to-date: /home/HwHiAiUser/wheeltec_ros2/install/wheeltec_robot_msg/local/lib/python3.10/dist-packages/wheeltec_robot_msg/libwheeltec_robot_msg__rosidl_generator_py.so
[3.229s] -- Up-to-date: /home/HwHiAiUser/wheeltec_ros2/install/wheeltec_robot_msg/local/lib/python3.10/dist-packages/wheeltec_robot_msg/_wheeltec_robot_msg_s.ep.rosidl_typesupport_introspection_c.c
[3.229s] -- Up-to-date: /home/HwHiAiUser/wheeltec_ros2/install/wheeltec_robot_msg/local/lib/python3.10/dist-packages/wheeltec_robot_msg/_wheeltec_robot_msg_s.ep.rosidl_typesupport_c.c
[3.229s] -- Up-to-date: /home/HwHiAiUser/wheeltec_ros2/install/wheeltec_robot_msg/local/lib/python3.10/dist-packages/wheeltec_robot_msg/_wheeltec_robot_msg_s.ep.rosidl_typesupport_fastrtps_c.c
[3.230s] -- Up-to-date: /home/HwHiAiUser/wheeltec_ros2/install/wheeltec_robot_msg/local/lib/python3.10/dist-packages/wheeltec_robot_msg/wheeltec_robot_msg_s__rosidl_typesupport_introspection_c.cpython-310-aarch64-linux-gnu.so
[3.230s] -- Up-to-date: /home/HwHiAiUser/wheeltec_ros2/install/wheeltec_robot_msg/local/lib/python3.10/dist-packages/wheeltec_robot_msg/wheeltec_robot_msg_s__rosidl_typesupport_c.cpython-310-aarch64-linux-gnu.so
[3.380s] Listing '/home/HwHiAiUser/wheeltec_ros2/install/wheeltec_robot_msg/local/lib/python3.10/dist-packages/wheeltec_robot_msg'...
[3.380s] Listing '/home/HwHiAiUser/wheeltec_ros2/install/wheeltec_robot_msg/local/lib/python3.10/dist-packages/wheeltec_robot_msg/msg'...
[3.455s] -- Up-to-date: /home/HwHiAiUser/wheeltec_ros2/install/wheeltec_robot_msg/local/lib/python3.10/dist-packages/wheeltec_robot_msg/wheeltec_robot_msg_s__rosidl_typesupport_fastrtps_c.cpython-310-aarch64-linux-gnu.so
[3.455s] -- Up-to-date: /home/HwHiAiUser/wheeltec_ros2/install/wheeltec_robot_msg/local/lib/python3.10/dist-packages/wheeltec_robot_msg/wheeltec_robot_msg_s__rosidl_typesupport_introspection_c.cpython-310-aarch64-linux-gnu.so
[3.459s] -- Up-to-date: /home/HwHiAiUser/wheeltec_ros2/install/wheeltec_robot_msg/local/lib/python3.10/dist-packages/wheeltec_robot_msg/wheeltec_robot_msg_s__rosidl_typesupport_c.cpython-310-aarch64-linux-gnu.so
[3.487s] -- Up-to-date: /home/HwHiAiUser/wheeltec_ros2/install/wheeltec_robot_msg/lib/libwheeltec_robot_msg__rosidl_generator_py.so
[3.488s] -- Up-to-date: /home/HwHiAiUser/wheeltec_ros2/install/wheeltec_robot_msg/share/wheeltec_robot_msg/msg/Data.idl
[3.489s] -- Up-to-date: /home/HwHiAiUser/wheeltec_ros2/install/wheeltec_robot_msg/share/wheeltec_robot_msg/msg/Supersonic.idl
[3.489s] -- Up-to-date: /home/HwHiAiUser/wheeltec_ros2/install/wheeltec_robot_msg/share/wheeltec_robot_msg/msg/Data.msg
[3.490s] -- Up-to-date: /home/HwHiAiUser/wheeltec_ros2/install/wheeltec_robot_msg/share/wheeltec_robot_msg/msg/Supersonic.msg
[3.490s] -- Up-to-date: /home/HwHiAiUser/wheeltec_ros2/install/wheeltec_robot_msg/share/ament_index/resource_index/package_run_dependencies/wheeltec_robot_msg
[3.490s] -- Up-to-date: /home/HwHiAiUser/wheeltec_ros2/install/wheeltec_robot_msg/share/ament_index/resource_index/parent_prefix_path/wheeltec_robot_msg
[3.496s] -- Up-to-date: /home/HwHiAiUser/wheeltec_ros2/install/wheeltec_robot_msg/share/wheeltec_robot_msg/environment/ament_prefix_path.sh
[3.497s] -- Up-to-date: /home/HwHiAiUser/wheeltec_ros2/install/wheeltec_robot_msg/share/wheeltec_robot_msg/environment/ament_prefix_path.dsv
[3.497s] -- Up-to-date: /home/HwHiAiUser/wheeltec_ros2/install/wheeltec_robot_msg/share/wheeltec_robot_msg/environment/path.sh
[3.497s] -- Up-to-date: /home/HwHiAiUser/wheeltec_ros2/install/wheeltec_robot_msg/share/wheeltec_robot_msg/environment/path.dsv
[3.497s] -- Up-to-date: /home/HwHiAiUser/wheeltec_ros2/install/wheeltec_robot_msg/share/wheeltec_robot_msg/local_setup.bash
[3.498s] -- Up-to-date: /home/HwHiAiUser/wheeltec_ros2/install/wheeltec_robot_msg/share/wheeltec_robot_msg/local_setup.sh
[3.498s] -- Up-to-date: /home/HwHiAiUser/wheeltec_ros2/install/wheeltec_robot_msg/share/wheeltec_robot_msg/local_setup.zsh
[3.499s] -- Up-to-date: /home/HwHiAiUser/wheeltec_ros2/install/wheeltec_robot_msg/share/wheeltec_robot_msg/local_setup.dsv
[3.500s] -- Installing: /home/HwHiAiUser/wheeltec_ros2/install/wheeltec_robot_msg/share/wheeltec_robot_msg/package.dsv
[3.501s] -- Up-to-date: /home/HwHiAiUser/wheeltec_ros2/install/wheeltec_robot_msg/share/ament_index/resource_index/packages/wheeltec_robot_msg
[3.520s] -- Up-to-date: /home/HwHiAiUser/wheeltec_ros2/install/wheeltec_robot_msg/share/wheeltec_robot_msg/cmake/export_wheeltec_robot_msg__rosidl_generator_cExport.cmake
[3.520s] -- Up-to-date: /home/HwHiAiUser/wheeltec_ros2/install/wheeltec_robot_msg/share/wheeltec_robot_msg/cmake/export_wheeltec_robot_msg__rosidl_generator_cExport-noconfig.cmake
[3.521s] -- Up-to-date: /home/HwHiAiUser/wheeltec_ros2/install/wheeltec_robot_msg/share/wheeltec_robot_msg/cmake/export_wheeltec_robot_msg__rosidl_typesupport_fastrtps_cExport.cmake
[3.521s] -- Up-to-date: /home/HwHiAiUser/wheeltec_ros2/install/wheeltec_robot_msg/share/wheeltec_robot_msg/cmake/export_wheeltec_robot_msg__rosidl_typesupport_fastrtps_cExport-noconfig.cmake
[3.521s] -- Up-to-date: /home/HwHiAiUser/wheeltec_ros2/install/wheeltec_robot_msg/share/wheeltec_robot_msg/cmake/wheeltec_robot_msg__rosidl_typesupport_introspection_cExport.cmake
[3.521s] -- Up-to-date: /home/HwHiAiUser/wheeltec_ros2/install/wheeltec_robot_msg/share/wheeltec_robot_msg/cmake/wheeltec_robot_msg__rosidl_typesupport_introspection_cExport-noconfig.cmake
[3.524s] -- Up-to-date: /home/HwHiAiUser/wheeltec_ros2/install/wheeltec_robot_msg/share/wheeltec_robot_msg/cmake/wheeltec_robot_msg__rosidl_typesupport_cExport.cmake
[3.524s] -- Up-to-date: /home/HwHiAiUser/wheeltec_ros2/install/wheeltec_robot_msg/share/wheeltec_robot_msg/cmake/wheeltec_robot_msg__rosidl_typesupport_cExport-noconfig.cmake
[3.525s] -- Up-to-date: /home/HwHiAiUser/wheeltec_ros2/install/wheeltec_robot_msg/share/wheeltec_robot_msg/cmake/export_wheeltec_robot_msg__rosidl_generator_cppExport.cmake
[3.525s] -- Up-to-date: /home/HwHiAiUser/wheeltec_ros2/install/wheeltec_robot_msg/share/wheeltec_robot_msg/cmake/export_wheeltec_robot_msg__rosidl_typesupport_fastrtps_cppExport.cmake
[3.525s] -- Up-to-date: /home/HwHiAiUser/wheeltec_ros2/install/wheeltec_robot_msg/share/wheeltec_robot_msg/cmake/export_wheeltec_robot_msg__rosidl_typesupport_fastrtps_cppExport-noconfig.cmake
[3.525s] -- Up-to-date: /home/HwHiAiUser/wheeltec_ros2/install/wheeltec_robot_msg/share/wheeltec_robot_msg/cmake/wheeltec_robot_msg__rosidl_typesupport_introspection_cppExport.cmake
[3.525s] -- Up-to-date: /home/HwHiAiUser/wheeltec_ros2/install/wheeltec_robot_msg/share/wheeltec_robot_msg/cmake/wheeltec_robot_msg__rosidl_typesupport_introspection_cppExport-noconfig.cmake
[3.526s] -- Up-to-date: /home/HwHiAiUser/wheeltec_ros2/install/wheeltec_robot_msg/share/wheeltec_robot_msg/cmake/wheeltec_robot_msg__rosidl_typesupport_cppExport.cmake
[3.526s] -- Up-to-date: /home/HwHiAiUser/wheeltec_ros2/install/wheeltec_robot_msg/share/wheeltec_robot_msg/cmake/wheeltec_robot_msg__rosidl_typesupport_cppExport-noconfig.cmake
[3.526s] -- Up-to-date: /home/HwHiAiUser/wheeltec_ros2/install/wheeltec_robot_msg/share/wheeltec_robot_msg/cmake/export_wheeltec_robot_msg__rosidl_generator_pyExport.cmake
[3.526s] -- Up-to-date: /home/HwHiAiUser/wheeltec_ros2/install/wheeltec_robot_msg/share/wheeltec_robot_msg/cmake/export_wheeltec_robot_msg__rosidl_generator_pyExport-noconfig.cmake
[3.526s] -- Up-to-date: /home/HwHiAiUser/wheeltec_ros2/install/wheeltec_robot_msg/share/wheeltec_robot_msg/cmake/rosidl_cmake-extras.cmake
[3.527s] -- Up-to-date: /home/HwHiAiUser/wheeltec_ros2/install/wheeltec_robot_msg/share/wheeltec_robot_msg/cmake/ament_cmake_export_dependencies-extras.cmake
[3.528s] -- Up-to-date: /home/HwHiAiUser/wheeltec_ros2/install/wheeltec_robot_msg/share/wheeltec_robot_msg/cmake/ament_cmake_export_include_directories-extras.cmake
[3.528s] -- Up-to-date: /home/HwHiAiUser/wheeltec_ros2/install/wheeltec_robot_msg/share/wheeltec_robot_msg/cmake/ament_cmake_export_libraries-extras.cmake
[3.529s] -- Up-to-date: /home/HwHiAiUser/wheeltec_ros2/install/wheeltec_robot_msg/share/wheeltec_robot_msg/cmake/ament_cmake_export_targets-extras.cmake
[3.529s] -- Up-to-date: /home/HwHiAiUser/wheeltec_ros2/install/wheeltec_robot_msg/share/wheeltec_robot_msg/cmake/rosidl_cmake_export_typesupport_targets-extras.cmake
[3.529s] -- Up-to-date: /home/HwHiAiUser/wheeltec_ros2/install/wheeltec_robot_msg/share/wheeltec_robot_msg/cmake/rosidl_cmake_export_typesupport_libraries-extras.cmake
[3.529s] -- Up-to-date: /home/HwHiAiUser/wheeltec_ros2/install/wheeltec_robot_msg/share/wheeltec_robot_msg/cmake/wheeltec_robot_msgConfig.cmake
[3.529s] -- Up-to-date: /home/HwHiAiUser/wheeltec_ros2/install/wheeltec_robot_msg/share/wheeltec_robot_msg/cmake/wheeltec_robot_msgConfig-version.cmake
[3.530s] -- Up-to-date: /home/HwHiAiUser/wheeltec_ros2/install/wheeltec_robot_msg/share/wheeltec_robot_msg/package.xml
[3.558s] Invoked command in '/home/HwHiAiUser/wheeltec_ros2/build/wheeltec_robot_msg' returned '0': CMAKE_PREFIX_PATH=${CMAKE_PREFIX_PATH}:/home/HwHiAiUser/wheeltec_ros2/install/wheeltec_robot_keyboard:/home/HwHiAiUser/wheeltec_ros2/install/tf2_tools:/opt/ros/humble _=/usr/bin/env /usr/bin/cmake --install /home/HwHiAiUser/wheeltec_ros2/build/wheeltec_robot_msg
