[0.059s] Invoking command in '/home/HwHiAiUser/wheeltec_ros2/build/lslidar_msgs': CMAKE_PREFIX_PATH=${CMAKE_PREFIX_PATH}:/home/HwHiAiUser/wheeltec_ros2/install/wheeltec_robot_keyboard:/home/HwHiAiUser/wheeltec_ros2/install/tf2_tools:/opt/ros/humble _=/usr/bin/env /usr/bin/cmake --build /home/HwHiAiUser/wheeltec_ros2/build/lslidar_msgs -- -j4 -l4
[0.331s] [  1%] Built target lslidar_msgs__cpp
[0.461s] [  1%] Built target ament_cmake_python_copy_lslidar_msgs
[0.545s] [ 12%] Built target lslidar_msgs__rosidl_typesupport_fastrtps_cpp
[0.631s] [ 23%] Built target lslidar_msgs__rosidl_typesupport_introspection_cpp
[1.717s] running egg_info
[1.720s] writing lslidar_msgs.egg-info/PKG-INFO
[1.722s] writing dependency_links to lslidar_msgs.egg-info/dependency_links.txt
[1.722s] writing top-level names to lslidar_msgs.egg-info/top_level.txt
[1.732s] reading manifest file 'lslidar_msgs.egg-info/SOURCES.txt'
[1.736s] writing manifest file 'lslidar_msgs.egg-info/SOURCES.txt'
[1.995s] [ 23%] Built target ament_cmake_python_build_lslidar_msgs_egg
[2.120s] [ 34%] Built target lslidar_msgs__rosidl_typesupport_cpp
[2.224s] [ 46%] Built target lslidar_msgs__rosidl_generator_c
[2.331s] [ 57%] Built target lslidar_msgs__rosidl_typesupport_fastrtps_c
[2.433s] [ 68%] Built target lslidar_msgs__rosidl_typesupport_c
[2.549s] [ 79%] Built target lslidar_msgs__rosidl_typesupport_introspection_c
[2.650s] [ 79%] Built target lslidar_msgs
[2.775s] [ 80%] Built target lslidar_msgs__py
[2.971s] [ 90%] Built target lslidar_msgs__rosidl_generator_py
[3.065s] [ 93%] Built target lslidar_msgs__rosidl_typesupport_fastrtps_c__pyext
[3.210s] [ 96%] Built target lslidar_msgs__rosidl_typesupport_c__pyext
[3.338s] [100%] Built target lslidar_msgs__rosidl_typesupport_introspection_c__pyext
[3.377s] Invoked command in '/home/HwHiAiUser/wheeltec_ros2/build/lslidar_msgs' returned '0': CMAKE_PREFIX_PATH=${CMAKE_PREFIX_PATH}:/home/HwHiAiUser/wheeltec_ros2/install/wheeltec_robot_keyboard:/home/HwHiAiUser/wheeltec_ros2/install/tf2_tools:/opt/ros/humble _=/usr/bin/env /usr/bin/cmake --build /home/HwHiAiUser/wheeltec_ros2/build/lslidar_msgs -- -j4 -l4
[3.388s] Invoking command in '/home/HwHiAiUser/wheeltec_ros2/build/lslidar_msgs': CMAKE_PREFIX_PATH=${CMAKE_PREFIX_PATH}:/home/HwHiAiUser/wheeltec_ros2/install/wheeltec_robot_keyboard:/home/HwHiAiUser/wheeltec_ros2/install/tf2_tools:/opt/ros/humble _=/usr/bin/env /usr/bin/cmake --install /home/HwHiAiUser/wheeltec_ros2/build/lslidar_msgs
[3.434s] -- Install configuration: ""
[3.437s] -- Up-to-date: /home/HwHiAiUser/wheeltec_ros2/install/lslidar_msgs/share/ament_index/resource_index/rosidl_interfaces/lslidar_msgs
[3.438s] -- Up-to-date: /home/HwHiAiUser/wheeltec_ros2/install/lslidar_msgs/include/lslidar_msgs/lslidar_msgs
[3.438s] -- Up-to-date: /home/HwHiAiUser/wheeltec_ros2/install/lslidar_msgs/include/lslidar_msgs/lslidar_msgs/msg
[3.438s] -- Up-to-date: /home/HwHiAiUser/wheeltec_ros2/install/lslidar_msgs/include/lslidar_msgs/lslidar_msgs/msg/detail
[3.439s] -- Up-to-date: /home/HwHiAiUser/wheeltec_ros2/install/lslidar_msgs/include/lslidar_msgs/lslidar_msgs/msg/detail/lslidar_packet__functions.c
[3.439s] -- Up-to-date: /home/HwHiAiUser/wheeltec_ros2/install/lslidar_msgs/include/lslidar_msgs/lslidar_msgs/msg/detail/lslidar_sweep__functions.h
[3.439s] -- Up-to-date: /home/HwHiAiUser/wheeltec_ros2/install/lslidar_msgs/include/lslidar_msgs/lslidar_msgs/msg/detail/lslidar_packet__functions.h
[3.439s] -- Up-to-date: /home/HwHiAiUser/wheeltec_ros2/install/lslidar_msgs/include/lslidar_msgs/lslidar_msgs/msg/detail/lslidar_packet__type_support.h
[3.440s] -- Up-to-date: /home/HwHiAiUser/wheeltec_ros2/install/lslidar_msgs/include/lslidar_msgs/lslidar_msgs/msg/detail/lslidar_sweep__struct.h
[3.440s] -- Up-to-date: /home/HwHiAiUser/wheeltec_ros2/install/lslidar_msgs/include/lslidar_msgs/lslidar_msgs/msg/detail/lslidar_point__struct.h
[3.440s] -- Up-to-date: /home/HwHiAiUser/wheeltec_ros2/install/lslidar_msgs/include/lslidar_msgs/lslidar_msgs/msg/detail/lslidar_scan__struct.h
[3.441s] -- Up-to-date: /home/HwHiAiUser/wheeltec_ros2/install/lslidar_msgs/include/lslidar_msgs/lslidar_msgs/msg/detail/lslidar_difop__functions.c
[3.441s] -- Up-to-date: /home/HwHiAiUser/wheeltec_ros2/install/lslidar_msgs/include/lslidar_msgs/lslidar_msgs/msg/detail/lslidar_packet__struct.h
[3.442s] -- Up-to-date: /home/HwHiAiUser/wheeltec_ros2/install/lslidar_msgs/include/lslidar_msgs/lslidar_msgs/msg/detail/lslidar_difop__struct.h
[3.442s] -- Up-to-date: /home/HwHiAiUser/wheeltec_ros2/install/lslidar_msgs/include/lslidar_msgs/lslidar_msgs/msg/detail/lslidar_scan__functions.c
[3.443s] -- Up-to-date: /home/HwHiAiUser/wheeltec_ros2/install/lslidar_msgs/include/lslidar_msgs/lslidar_msgs/msg/detail/lslidar_sweep__functions.c
[3.443s] -- Up-to-date: /home/HwHiAiUser/wheeltec_ros2/install/lslidar_msgs/include/lslidar_msgs/lslidar_msgs/msg/detail/lslidar_scan__functions.h
[3.443s] -- Up-to-date: /home/HwHiAiUser/wheeltec_ros2/install/lslidar_msgs/include/lslidar_msgs/lslidar_msgs/msg/detail/lslidar_point__functions.h
[3.443s] -- Up-to-date: /home/HwHiAiUser/wheeltec_ros2/install/lslidar_msgs/include/lslidar_msgs/lslidar_msgs/msg/detail/lslidar_point__type_support.h
[3.443s] -- Up-to-date: /home/HwHiAiUser/wheeltec_ros2/install/lslidar_msgs/include/lslidar_msgs/lslidar_msgs/msg/detail/lslidar_scan__type_support.h
[3.444s] -- Up-to-date: /home/HwHiAiUser/wheeltec_ros2/install/lslidar_msgs/include/lslidar_msgs/lslidar_msgs/msg/detail/lslidar_point__functions.c
[3.444s] -- Up-to-date: /home/HwHiAiUser/wheeltec_ros2/install/lslidar_msgs/include/lslidar_msgs/lslidar_msgs/msg/detail/lslidar_difop__type_support.h
[3.444s] -- Up-to-date: /home/HwHiAiUser/wheeltec_ros2/install/lslidar_msgs/include/lslidar_msgs/lslidar_msgs/msg/detail/lslidar_difop__functions.h
[3.445s] -- Up-to-date: /home/HwHiAiUser/wheeltec_ros2/install/lslidar_msgs/include/lslidar_msgs/lslidar_msgs/msg/detail/lslidar_sweep__type_support.h
[3.445s] -- Up-to-date: /home/HwHiAiUser/wheeltec_ros2/install/lslidar_msgs/include/lslidar_msgs/lslidar_msgs/msg/lslidar_point.h
[3.445s] -- Up-to-date: /home/HwHiAiUser/wheeltec_ros2/install/lslidar_msgs/include/lslidar_msgs/lslidar_msgs/msg/rosidl_generator_c__visibility_control.h
[3.445s] -- Up-to-date: /home/HwHiAiUser/wheeltec_ros2/install/lslidar_msgs/include/lslidar_msgs/lslidar_msgs/msg/lslidar_packet.h
[3.446s] -- Up-to-date: /home/HwHiAiUser/wheeltec_ros2/install/lslidar_msgs/include/lslidar_msgs/lslidar_msgs/msg/lslidar_difop.h
[3.446s] -- Up-to-date: /home/HwHiAiUser/wheeltec_ros2/install/lslidar_msgs/include/lslidar_msgs/lslidar_msgs/msg/lslidar_scan.h
[3.446s] -- Up-to-date: /home/HwHiAiUser/wheeltec_ros2/install/lslidar_msgs/include/lslidar_msgs/lslidar_msgs/msg/lslidar_sweep.h
[3.446s] -- Up-to-date: /home/HwHiAiUser/wheeltec_ros2/install/lslidar_msgs/share/lslidar_msgs/environment/library_path.sh
[3.446s] -- Up-to-date: /home/HwHiAiUser/wheeltec_ros2/install/lslidar_msgs/share/lslidar_msgs/environment/library_path.dsv
[3.447s] -- Up-to-date: /home/HwHiAiUser/wheeltec_ros2/install/lslidar_msgs/lib/liblslidar_msgs__rosidl_generator_c.so
[3.449s] -- Up-to-date: /home/HwHiAiUser/wheeltec_ros2/install/lslidar_msgs/include/lslidar_msgs/lslidar_msgs
[3.456s] -- Up-to-date: /home/HwHiAiUser/wheeltec_ros2/install/lslidar_msgs/include/lslidar_msgs/lslidar_msgs/msg
[3.460s] -- Up-to-date: /home/HwHiAiUser/wheeltec_ros2/install/lslidar_msgs/include/lslidar_msgs/lslidar_msgs/msg/detail
[3.465s] -- Up-to-date: /home/HwHiAiUser/wheeltec_ros2/install/lslidar_msgs/include/lslidar_msgs/lslidar_msgs/msg/detail/lslidar_point__rosidl_typesupport_fastrtps_c.h
[3.465s] -- Up-to-date: /home/HwHiAiUser/wheeltec_ros2/install/lslidar_msgs/include/lslidar_msgs/lslidar_msgs/msg/detail/lslidar_difop__rosidl_typesupport_fastrtps_c.h
[3.466s] -- Up-to-date: /home/HwHiAiUser/wheeltec_ros2/install/lslidar_msgs/include/lslidar_msgs/lslidar_msgs/msg/detail/lslidar_scan__rosidl_typesupport_fastrtps_c.h
[3.467s] -- Up-to-date: /home/HwHiAiUser/wheeltec_ros2/install/lslidar_msgs/include/lslidar_msgs/lslidar_msgs/msg/detail/lslidar_sweep__rosidl_typesupport_fastrtps_c.h
[3.467s] -- Up-to-date: /home/HwHiAiUser/wheeltec_ros2/install/lslidar_msgs/include/lslidar_msgs/lslidar_msgs/msg/detail/lslidar_packet__rosidl_typesupport_fastrtps_c.h
[3.468s] -- Up-to-date: /home/HwHiAiUser/wheeltec_ros2/install/lslidar_msgs/include/lslidar_msgs/lslidar_msgs/msg/rosidl_typesupport_fastrtps_c__visibility_control.h
[3.469s] -- Up-to-date: /home/HwHiAiUser/wheeltec_ros2/install/lslidar_msgs/lib/liblslidar_msgs__rosidl_typesupport_fastrtps_c.so
[3.469s] -- Up-to-date: /home/HwHiAiUser/wheeltec_ros2/install/lslidar_msgs/include/lslidar_msgs/lslidar_msgs
[3.469s] -- Up-to-date: /home/HwHiAiUser/wheeltec_ros2/install/lslidar_msgs/include/lslidar_msgs/lslidar_msgs/msg
[3.470s] -- Up-to-date: /home/HwHiAiUser/wheeltec_ros2/install/lslidar_msgs/include/lslidar_msgs/lslidar_msgs/msg/lslidar_sweep.hpp
[3.470s] -- Up-to-date: /home/HwHiAiUser/wheeltec_ros2/install/lslidar_msgs/include/lslidar_msgs/lslidar_msgs/msg/detail
[3.470s] -- Up-to-date: /home/HwHiAiUser/wheeltec_ros2/install/lslidar_msgs/include/lslidar_msgs/lslidar_msgs/msg/detail/lslidar_point__traits.hpp
[3.470s] -- Up-to-date: /home/HwHiAiUser/wheeltec_ros2/install/lslidar_msgs/include/lslidar_msgs/lslidar_msgs/msg/detail/lslidar_packet__builder.hpp
[3.471s] -- Up-to-date: /home/HwHiAiUser/wheeltec_ros2/install/lslidar_msgs/include/lslidar_msgs/lslidar_msgs/msg/detail/lslidar_packet__traits.hpp
[3.471s] -- Up-to-date: /home/HwHiAiUser/wheeltec_ros2/install/lslidar_msgs/include/lslidar_msgs/lslidar_msgs/msg/detail/lslidar_point__type_support.hpp
[3.471s] -- Up-to-date: /home/HwHiAiUser/wheeltec_ros2/install/lslidar_msgs/include/lslidar_msgs/lslidar_msgs/msg/detail/lslidar_scan__struct.hpp
[3.471s] -- Up-to-date: /home/HwHiAiUser/wheeltec_ros2/install/lslidar_msgs/include/lslidar_msgs/lslidar_msgs/msg/detail/lslidar_packet__struct.hpp
[3.471s] -- Up-to-date: /home/HwHiAiUser/wheeltec_ros2/install/lslidar_msgs/include/lslidar_msgs/lslidar_msgs/msg/detail/lslidar_scan__builder.hpp
[3.472s] -- Up-to-date: /home/HwHiAiUser/wheeltec_ros2/install/lslidar_msgs/include/lslidar_msgs/lslidar_msgs/msg/detail/lslidar_sweep__traits.hpp
[3.472s] -- Up-to-date: /home/HwHiAiUser/wheeltec_ros2/install/lslidar_msgs/include/lslidar_msgs/lslidar_msgs/msg/detail/lslidar_packet__type_support.hpp
[3.477s] -- Up-to-date: /home/HwHiAiUser/wheeltec_ros2/install/lslidar_msgs/include/lslidar_msgs/lslidar_msgs/msg/detail/lslidar_scan__type_support.hpp
[3.478s] -- Up-to-date: /home/HwHiAiUser/wheeltec_ros2/install/lslidar_msgs/include/lslidar_msgs/lslidar_msgs/msg/detail/lslidar_difop__type_support.hpp
[3.480s] -- Up-to-date: /home/HwHiAiUser/wheeltec_ros2/install/lslidar_msgs/include/lslidar_msgs/lslidar_msgs/msg/detail/lslidar_sweep__struct.hpp
[3.482s] -- Up-to-date: /home/HwHiAiUser/wheeltec_ros2/install/lslidar_msgs/include/lslidar_msgs/lslidar_msgs/msg/detail/lslidar_sweep__builder.hpp
[3.483s] -- Up-to-date: /home/HwHiAiUser/wheeltec_ros2/install/lslidar_msgs/include/lslidar_msgs/lslidar_msgs/msg/detail/lslidar_difop__struct.hpp
[3.487s] -- Up-to-date: /home/HwHiAiUser/wheeltec_ros2/install/lslidar_msgs/include/lslidar_msgs/lslidar_msgs/msg/detail/lslidar_difop__traits.hpp
[3.489s] -- Up-to-date: /home/HwHiAiUser/wheeltec_ros2/install/lslidar_msgs/include/lslidar_msgs/lslidar_msgs/msg/detail/lslidar_sweep__type_support.hpp
[3.490s] -- Up-to-date: /home/HwHiAiUser/wheeltec_ros2/install/lslidar_msgs/include/lslidar_msgs/lslidar_msgs/msg/detail/lslidar_point__struct.hpp
[3.490s] -- Up-to-date: /home/HwHiAiUser/wheeltec_ros2/install/lslidar_msgs/include/lslidar_msgs/lslidar_msgs/msg/detail/lslidar_point__builder.hpp
[3.490s] -- Up-to-date: /home/HwHiAiUser/wheeltec_ros2/install/lslidar_msgs/include/lslidar_msgs/lslidar_msgs/msg/detail/lslidar_difop__builder.hpp
[3.491s] -- Up-to-date: /home/HwHiAiUser/wheeltec_ros2/install/lslidar_msgs/include/lslidar_msgs/lslidar_msgs/msg/detail/lslidar_scan__traits.hpp
[3.498s] -- Up-to-date: /home/HwHiAiUser/wheeltec_ros2/install/lslidar_msgs/include/lslidar_msgs/lslidar_msgs/msg/lslidar_packet.hpp
[3.499s] -- Up-to-date: /home/HwHiAiUser/wheeltec_ros2/install/lslidar_msgs/include/lslidar_msgs/lslidar_msgs/msg/rosidl_generator_cpp__visibility_control.hpp
[3.500s] -- Up-to-date: /home/HwHiAiUser/wheeltec_ros2/install/lslidar_msgs/include/lslidar_msgs/lslidar_msgs/msg/lslidar_scan.hpp
[3.500s] -- Up-to-date: /home/HwHiAiUser/wheeltec_ros2/install/lslidar_msgs/include/lslidar_msgs/lslidar_msgs/msg/lslidar_difop.hpp
[3.501s] -- Up-to-date: /home/HwHiAiUser/wheeltec_ros2/install/lslidar_msgs/include/lslidar_msgs/lslidar_msgs/msg/lslidar_point.hpp
[3.501s] -- Up-to-date: /home/HwHiAiUser/wheeltec_ros2/install/lslidar_msgs/include/lslidar_msgs/lslidar_msgs
[3.502s] -- Up-to-date: /home/HwHiAiUser/wheeltec_ros2/install/lslidar_msgs/include/lslidar_msgs/lslidar_msgs/msg
[3.502s] -- Up-to-date: /home/HwHiAiUser/wheeltec_ros2/install/lslidar_msgs/include/lslidar_msgs/lslidar_msgs/msg/detail
[3.502s] -- Up-to-date: /home/HwHiAiUser/wheeltec_ros2/install/lslidar_msgs/include/lslidar_msgs/lslidar_msgs/msg/detail/lslidar_sweep__rosidl_typesupport_fastrtps_cpp.hpp
[3.502s] -- Up-to-date: /home/HwHiAiUser/wheeltec_ros2/install/lslidar_msgs/include/lslidar_msgs/lslidar_msgs/msg/detail/lslidar_difop__rosidl_typesupport_fastrtps_cpp.hpp
[3.511s] -- Up-to-date: /home/HwHiAiUser/wheeltec_ros2/install/lslidar_msgs/include/lslidar_msgs/lslidar_msgs/msg/detail/dds_fastrtps
[3.512s] -- Up-to-date: /home/HwHiAiUser/wheeltec_ros2/install/lslidar_msgs/include/lslidar_msgs/lslidar_msgs/msg/detail/lslidar_point__rosidl_typesupport_fastrtps_cpp.hpp
[3.513s] -- Up-to-date: /home/HwHiAiUser/wheeltec_ros2/install/lslidar_msgs/include/lslidar_msgs/lslidar_msgs/msg/detail/lslidar_packet__rosidl_typesupport_fastrtps_cpp.hpp
[3.513s] -- Up-to-date: /home/HwHiAiUser/wheeltec_ros2/install/lslidar_msgs/include/lslidar_msgs/lslidar_msgs/msg/detail/lslidar_scan__rosidl_typesupport_fastrtps_cpp.hpp
[3.513s] -- Up-to-date: /home/HwHiAiUser/wheeltec_ros2/install/lslidar_msgs/include/lslidar_msgs/lslidar_msgs/msg/rosidl_typesupport_fastrtps_cpp__visibility_control.h
[3.514s] -- Up-to-date: /home/HwHiAiUser/wheeltec_ros2/install/lslidar_msgs/lib/liblslidar_msgs__rosidl_typesupport_fastrtps_cpp.so
[3.514s] -- Up-to-date: /home/HwHiAiUser/wheeltec_ros2/install/lslidar_msgs/include/lslidar_msgs/lslidar_msgs
[3.514s] -- Up-to-date: /home/HwHiAiUser/wheeltec_ros2/install/lslidar_msgs/include/lslidar_msgs/lslidar_msgs/msg
[3.514s] -- Up-to-date: /home/HwHiAiUser/wheeltec_ros2/install/lslidar_msgs/include/lslidar_msgs/lslidar_msgs/msg/detail
[3.514s] -- Up-to-date: /home/HwHiAiUser/wheeltec_ros2/install/lslidar_msgs/include/lslidar_msgs/lslidar_msgs/msg/detail/lslidar_point__rosidl_typesupport_introspection_c.h
[3.515s] -- Up-to-date: /home/HwHiAiUser/wheeltec_ros2/install/lslidar_msgs/include/lslidar_msgs/lslidar_msgs/msg/detail/lslidar_scan__type_support.c
[3.515s] -- Up-to-date: /home/HwHiAiUser/wheeltec_ros2/install/lslidar_msgs/include/lslidar_msgs/lslidar_msgs/msg/detail/lslidar_sweep__rosidl_typesupport_introspection_c.h
[3.515s] -- Up-to-date: /home/HwHiAiUser/wheeltec_ros2/install/lslidar_msgs/include/lslidar_msgs/lslidar_msgs/msg/detail/lslidar_sweep__type_support.c
[3.522s] -- Up-to-date: /home/HwHiAiUser/wheeltec_ros2/install/lslidar_msgs/include/lslidar_msgs/lslidar_msgs/msg/detail/lslidar_packet__type_support.c
[3.532s] -- Up-to-date: /home/HwHiAiUser/wheeltec_ros2/install/lslidar_msgs/include/lslidar_msgs/lslidar_msgs/msg/detail/lslidar_difop__rosidl_typesupport_introspection_c.h
[3.533s] -- Up-to-date: /home/HwHiAiUser/wheeltec_ros2/install/lslidar_msgs/include/lslidar_msgs/lslidar_msgs/msg/detail/lslidar_difop__type_support.c
[3.533s] -- Up-to-date: /home/HwHiAiUser/wheeltec_ros2/install/lslidar_msgs/include/lslidar_msgs/lslidar_msgs/msg/detail/lslidar_scan__rosidl_typesupport_introspection_c.h
[3.533s] -- Up-to-date: /home/HwHiAiUser/wheeltec_ros2/install/lslidar_msgs/include/lslidar_msgs/lslidar_msgs/msg/detail/lslidar_point__type_support.c
[3.533s] -- Up-to-date: /home/HwHiAiUser/wheeltec_ros2/install/lslidar_msgs/include/lslidar_msgs/lslidar_msgs/msg/detail/lslidar_packet__rosidl_typesupport_introspection_c.h
[3.534s] -- Up-to-date: /home/HwHiAiUser/wheeltec_ros2/install/lslidar_msgs/include/lslidar_msgs/lslidar_msgs/msg/rosidl_typesupport_introspection_c__visibility_control.h
[3.534s] -- Up-to-date: /home/HwHiAiUser/wheeltec_ros2/install/lslidar_msgs/lib/liblslidar_msgs__rosidl_typesupport_introspection_c.so
[3.535s] -- Up-to-date: /home/HwHiAiUser/wheeltec_ros2/install/lslidar_msgs/lib/liblslidar_msgs__rosidl_typesupport_c.so
[3.535s] -- Up-to-date: /home/HwHiAiUser/wheeltec_ros2/install/lslidar_msgs/include/lslidar_msgs/lslidar_msgs
[3.535s] -- Up-to-date: /home/HwHiAiUser/wheeltec_ros2/install/lslidar_msgs/include/lslidar_msgs/lslidar_msgs/msg
[3.536s] -- Up-to-date: /home/HwHiAiUser/wheeltec_ros2/install/lslidar_msgs/include/lslidar_msgs/lslidar_msgs/msg/detail
[3.536s] -- Up-to-date: /home/HwHiAiUser/wheeltec_ros2/install/lslidar_msgs/include/lslidar_msgs/lslidar_msgs/msg/detail/lslidar_sweep__type_support.cpp
[3.536s] -- Up-to-date: /home/HwHiAiUser/wheeltec_ros2/install/lslidar_msgs/include/lslidar_msgs/lslidar_msgs/msg/detail/lslidar_packet__rosidl_typesupport_introspection_cpp.hpp
[3.536s] -- Up-to-date: /home/HwHiAiUser/wheeltec_ros2/install/lslidar_msgs/include/lslidar_msgs/lslidar_msgs/msg/detail/lslidar_difop__rosidl_typesupport_introspection_cpp.hpp
[3.536s] -- Up-to-date: /home/HwHiAiUser/wheeltec_ros2/install/lslidar_msgs/include/lslidar_msgs/lslidar_msgs/msg/detail/lslidar_sweep__rosidl_typesupport_introspection_cpp.hpp
[3.537s] -- Up-to-date: /home/HwHiAiUser/wheeltec_ros2/install/lslidar_msgs/include/lslidar_msgs/lslidar_msgs/msg/detail/lslidar_point__rosidl_typesupport_introspection_cpp.hpp
[3.537s] -- Up-to-date: /home/HwHiAiUser/wheeltec_ros2/install/lslidar_msgs/include/lslidar_msgs/lslidar_msgs/msg/detail/lslidar_scan__type_support.cpp
[3.537s] -- Up-to-date: /home/HwHiAiUser/wheeltec_ros2/install/lslidar_msgs/include/lslidar_msgs/lslidar_msgs/msg/detail/lslidar_difop__type_support.cpp
[3.537s] -- Up-to-date: /home/HwHiAiUser/wheeltec_ros2/install/lslidar_msgs/include/lslidar_msgs/lslidar_msgs/msg/detail/lslidar_scan__rosidl_typesupport_introspection_cpp.hpp
[3.537s] -- Up-to-date: /home/HwHiAiUser/wheeltec_ros2/install/lslidar_msgs/include/lslidar_msgs/lslidar_msgs/msg/detail/lslidar_point__type_support.cpp
[3.538s] -- Up-to-date: /home/HwHiAiUser/wheeltec_ros2/install/lslidar_msgs/include/lslidar_msgs/lslidar_msgs/msg/detail/lslidar_packet__type_support.cpp
[3.539s] -- Up-to-date: /home/HwHiAiUser/wheeltec_ros2/install/lslidar_msgs/lib/liblslidar_msgs__rosidl_typesupport_introspection_cpp.so
[3.541s] -- Up-to-date: /home/HwHiAiUser/wheeltec_ros2/install/lslidar_msgs/lib/liblslidar_msgs__rosidl_typesupport_cpp.so
[3.541s] -- Up-to-date: /home/HwHiAiUser/wheeltec_ros2/install/lslidar_msgs/share/lslidar_msgs/environment/pythonpath.sh
[3.541s] -- Up-to-date: /home/HwHiAiUser/wheeltec_ros2/install/lslidar_msgs/share/lslidar_msgs/environment/pythonpath.dsv
[3.541s] -- Up-to-date: /home/HwHiAiUser/wheeltec_ros2/install/lslidar_msgs/local/lib/python3.10/dist-packages/lslidar_msgs-1.2.0-py3.10.egg-info
[3.541s] -- Installing: /home/HwHiAiUser/wheeltec_ros2/install/lslidar_msgs/local/lib/python3.10/dist-packages/lslidar_msgs-1.2.0-py3.10.egg-info/dependency_links.txt
[3.542s] -- Installing: /home/HwHiAiUser/wheeltec_ros2/install/lslidar_msgs/local/lib/python3.10/dist-packages/lslidar_msgs-1.2.0-py3.10.egg-info/SOURCES.txt
[3.543s] -- Installing: /home/HwHiAiUser/wheeltec_ros2/install/lslidar_msgs/local/lib/python3.10/dist-packages/lslidar_msgs-1.2.0-py3.10.egg-info/PKG-INFO
[3.543s] -- Installing: /home/HwHiAiUser/wheeltec_ros2/install/lslidar_msgs/local/lib/python3.10/dist-packages/lslidar_msgs-1.2.0-py3.10.egg-info/top_level.txt
[3.544s] -- Up-to-date: /home/HwHiAiUser/wheeltec_ros2/install/lslidar_msgs/local/lib/python3.10/dist-packages/lslidar_msgs
[3.544s] -- Up-to-date: /home/HwHiAiUser/wheeltec_ros2/install/lslidar_msgs/local/lib/python3.10/dist-packages/lslidar_msgs/__init__.py
[3.544s] -- Up-to-date: /home/HwHiAiUser/wheeltec_ros2/install/lslidar_msgs/local/lib/python3.10/dist-packages/lslidar_msgs/_lslidar_msgs_s.ep.rosidl_typesupport_c.c
[3.555s] -- Up-to-date: /home/HwHiAiUser/wheeltec_ros2/install/lslidar_msgs/local/lib/python3.10/dist-packages/lslidar_msgs/msg
[3.556s] -- Up-to-date: /home/HwHiAiUser/wheeltec_ros2/install/lslidar_msgs/local/lib/python3.10/dist-packages/lslidar_msgs/msg/_lslidar_difop.py
[3.557s] -- Up-to-date: /home/HwHiAiUser/wheeltec_ros2/install/lslidar_msgs/local/lib/python3.10/dist-packages/lslidar_msgs/msg/_lslidar_scan_s.c
[3.557s] -- Up-to-date: /home/HwHiAiUser/wheeltec_ros2/install/lslidar_msgs/local/lib/python3.10/dist-packages/lslidar_msgs/msg/__init__.py
[3.561s] -- Up-to-date: /home/HwHiAiUser/wheeltec_ros2/install/lslidar_msgs/local/lib/python3.10/dist-packages/lslidar_msgs/msg/_lslidar_scan.py
[3.561s] -- Up-to-date: /home/HwHiAiUser/wheeltec_ros2/install/lslidar_msgs/local/lib/python3.10/dist-packages/lslidar_msgs/msg/_lslidar_packet_s.c
[3.562s] -- Up-to-date: /home/HwHiAiUser/wheeltec_ros2/install/lslidar_msgs/local/lib/python3.10/dist-packages/lslidar_msgs/msg/_lslidar_difop_s.c
[3.562s] -- Up-to-date: /home/HwHiAiUser/wheeltec_ros2/install/lslidar_msgs/local/lib/python3.10/dist-packages/lslidar_msgs/msg/_lslidar_sweep.py
[3.562s] -- Up-to-date: /home/HwHiAiUser/wheeltec_ros2/install/lslidar_msgs/local/lib/python3.10/dist-packages/lslidar_msgs/msg/_lslidar_point.py
[3.562s] -- Up-to-date: /home/HwHiAiUser/wheeltec_ros2/install/lslidar_msgs/local/lib/python3.10/dist-packages/lslidar_msgs/msg/_lslidar_point_s.c
[3.565s] -- Up-to-date: /home/HwHiAiUser/wheeltec_ros2/install/lslidar_msgs/local/lib/python3.10/dist-packages/lslidar_msgs/msg/_lslidar_sweep_s.c
[3.565s] -- Up-to-date: /home/HwHiAiUser/wheeltec_ros2/install/lslidar_msgs/local/lib/python3.10/dist-packages/lslidar_msgs/msg/_lslidar_packet.py
[3.566s] -- Up-to-date: /home/HwHiAiUser/wheeltec_ros2/install/lslidar_msgs/local/lib/python3.10/dist-packages/lslidar_msgs/lslidar_msgs_s__rosidl_typesupport_fastrtps_c.cpython-310-aarch64-linux-gnu.so
[3.570s] -- Up-to-date: /home/HwHiAiUser/wheeltec_ros2/install/lslidar_msgs/local/lib/python3.10/dist-packages/lslidar_msgs/_lslidar_msgs_s.ep.rosidl_typesupport_introspection_c.c
[3.570s] -- Up-to-date: /home/HwHiAiUser/wheeltec_ros2/install/lslidar_msgs/local/lib/python3.10/dist-packages/lslidar_msgs/lslidar_msgs_s__rosidl_typesupport_c.cpython-310-aarch64-linux-gnu.so
[3.570s] -- Up-to-date: /home/HwHiAiUser/wheeltec_ros2/install/lslidar_msgs/local/lib/python3.10/dist-packages/lslidar_msgs/liblslidar_msgs__rosidl_generator_py.so
[3.571s] -- Up-to-date: /home/HwHiAiUser/wheeltec_ros2/install/lslidar_msgs/local/lib/python3.10/dist-packages/lslidar_msgs/lslidar_msgs_s__rosidl_typesupport_introspection_c.cpython-310-aarch64-linux-gnu.so
[3.571s] -- Up-to-date: /home/HwHiAiUser/wheeltec_ros2/install/lslidar_msgs/local/lib/python3.10/dist-packages/lslidar_msgs/_lslidar_msgs_s.ep.rosidl_typesupport_fastrtps_c.c
[3.619s] Listing '/home/HwHiAiUser/wheeltec_ros2/install/lslidar_msgs/local/lib/python3.10/dist-packages/lslidar_msgs'...
[3.620s] Listing '/home/HwHiAiUser/wheeltec_ros2/install/lslidar_msgs/local/lib/python3.10/dist-packages/lslidar_msgs/msg'...
[3.651s] -- Up-to-date: /home/HwHiAiUser/wheeltec_ros2/install/lslidar_msgs/local/lib/python3.10/dist-packages/lslidar_msgs/lslidar_msgs_s__rosidl_typesupport_fastrtps_c.cpython-310-aarch64-linux-gnu.so
[3.653s] -- Up-to-date: /home/HwHiAiUser/wheeltec_ros2/install/lslidar_msgs/local/lib/python3.10/dist-packages/lslidar_msgs/lslidar_msgs_s__rosidl_typesupport_introspection_c.cpython-310-aarch64-linux-gnu.so
[3.655s] -- Up-to-date: /home/HwHiAiUser/wheeltec_ros2/install/lslidar_msgs/local/lib/python3.10/dist-packages/lslidar_msgs/lslidar_msgs_s__rosidl_typesupport_c.cpython-310-aarch64-linux-gnu.so
[3.658s] -- Up-to-date: /home/HwHiAiUser/wheeltec_ros2/install/lslidar_msgs/lib/liblslidar_msgs__rosidl_generator_py.so
[3.659s] -- Up-to-date: /home/HwHiAiUser/wheeltec_ros2/install/lslidar_msgs/share/lslidar_msgs/msg/LslidarDifop.idl
[3.669s] -- Up-to-date: /home/HwHiAiUser/wheeltec_ros2/install/lslidar_msgs/share/lslidar_msgs/msg/LslidarPacket.idl
[3.670s] -- Up-to-date: /home/HwHiAiUser/wheeltec_ros2/install/lslidar_msgs/share/lslidar_msgs/msg/LslidarPoint.idl
[3.670s] -- Up-to-date: /home/HwHiAiUser/wheeltec_ros2/install/lslidar_msgs/share/lslidar_msgs/msg/LslidarScan.idl
[3.671s] -- Up-to-date: /home/HwHiAiUser/wheeltec_ros2/install/lslidar_msgs/share/lslidar_msgs/msg/LslidarSweep.idl
[3.671s] -- Up-to-date: /home/HwHiAiUser/wheeltec_ros2/install/lslidar_msgs/share/lslidar_msgs/msg/LslidarDifop.msg
[3.671s] -- Up-to-date: /home/HwHiAiUser/wheeltec_ros2/install/lslidar_msgs/share/lslidar_msgs/msg/LslidarPacket.msg
[3.671s] -- Up-to-date: /home/HwHiAiUser/wheeltec_ros2/install/lslidar_msgs/share/lslidar_msgs/msg/LslidarPoint.msg
[3.672s] -- Up-to-date: /home/HwHiAiUser/wheeltec_ros2/install/lslidar_msgs/share/lslidar_msgs/msg/LslidarScan.msg
[3.672s] -- Up-to-date: /home/HwHiAiUser/wheeltec_ros2/install/lslidar_msgs/share/lslidar_msgs/msg/LslidarSweep.msg
[3.672s] -- Up-to-date: /home/HwHiAiUser/wheeltec_ros2/install/lslidar_msgs/share/ament_index/resource_index/package_run_dependencies/lslidar_msgs
[3.672s] -- Up-to-date: /home/HwHiAiUser/wheeltec_ros2/install/lslidar_msgs/share/ament_index/resource_index/parent_prefix_path/lslidar_msgs
[3.672s] -- Up-to-date: /home/HwHiAiUser/wheeltec_ros2/install/lslidar_msgs/share/lslidar_msgs/environment/ament_prefix_path.sh
[3.673s] -- Up-to-date: /home/HwHiAiUser/wheeltec_ros2/install/lslidar_msgs/share/lslidar_msgs/environment/ament_prefix_path.dsv
[3.674s] -- Up-to-date: /home/HwHiAiUser/wheeltec_ros2/install/lslidar_msgs/share/lslidar_msgs/environment/path.sh
[3.675s] -- Up-to-date: /home/HwHiAiUser/wheeltec_ros2/install/lslidar_msgs/share/lslidar_msgs/environment/path.dsv
[3.675s] -- Up-to-date: /home/HwHiAiUser/wheeltec_ros2/install/lslidar_msgs/share/lslidar_msgs/local_setup.bash
[3.675s] -- Up-to-date: /home/HwHiAiUser/wheeltec_ros2/install/lslidar_msgs/share/lslidar_msgs/local_setup.sh
[3.676s] -- Up-to-date: /home/HwHiAiUser/wheeltec_ros2/install/lslidar_msgs/share/lslidar_msgs/local_setup.zsh
[3.676s] -- Up-to-date: /home/HwHiAiUser/wheeltec_ros2/install/lslidar_msgs/share/lslidar_msgs/local_setup.dsv
[3.676s] -- Installing: /home/HwHiAiUser/wheeltec_ros2/install/lslidar_msgs/share/lslidar_msgs/package.dsv
[3.677s] -- Up-to-date: /home/HwHiAiUser/wheeltec_ros2/install/lslidar_msgs/share/ament_index/resource_index/packages/lslidar_msgs
[3.677s] -- Up-to-date: /home/HwHiAiUser/wheeltec_ros2/install/lslidar_msgs/share/lslidar_msgs/cmake/export_lslidar_msgs__rosidl_generator_cExport.cmake
[3.677s] -- Up-to-date: /home/HwHiAiUser/wheeltec_ros2/install/lslidar_msgs/share/lslidar_msgs/cmake/export_lslidar_msgs__rosidl_generator_cExport-noconfig.cmake
[3.678s] -- Up-to-date: /home/HwHiAiUser/wheeltec_ros2/install/lslidar_msgs/share/lslidar_msgs/cmake/export_lslidar_msgs__rosidl_typesupport_fastrtps_cExport.cmake
[3.678s] -- Up-to-date: /home/HwHiAiUser/wheeltec_ros2/install/lslidar_msgs/share/lslidar_msgs/cmake/export_lslidar_msgs__rosidl_typesupport_fastrtps_cExport-noconfig.cmake
[3.678s] -- Up-to-date: /home/HwHiAiUser/wheeltec_ros2/install/lslidar_msgs/share/lslidar_msgs/cmake/export_lslidar_msgs__rosidl_generator_cppExport.cmake
[3.678s] -- Up-to-date: /home/HwHiAiUser/wheeltec_ros2/install/lslidar_msgs/share/lslidar_msgs/cmake/export_lslidar_msgs__rosidl_typesupport_fastrtps_cppExport.cmake
[3.678s] -- Up-to-date: /home/HwHiAiUser/wheeltec_ros2/install/lslidar_msgs/share/lslidar_msgs/cmake/export_lslidar_msgs__rosidl_typesupport_fastrtps_cppExport-noconfig.cmake
[3.679s] -- Up-to-date: /home/HwHiAiUser/wheeltec_ros2/install/lslidar_msgs/share/lslidar_msgs/cmake/lslidar_msgs__rosidl_typesupport_introspection_cExport.cmake
[3.679s] -- Up-to-date: /home/HwHiAiUser/wheeltec_ros2/install/lslidar_msgs/share/lslidar_msgs/cmake/lslidar_msgs__rosidl_typesupport_introspection_cExport-noconfig.cmake
[3.679s] -- Up-to-date: /home/HwHiAiUser/wheeltec_ros2/install/lslidar_msgs/share/lslidar_msgs/cmake/lslidar_msgs__rosidl_typesupport_cExport.cmake
[3.680s] -- Up-to-date: /home/HwHiAiUser/wheeltec_ros2/install/lslidar_msgs/share/lslidar_msgs/cmake/lslidar_msgs__rosidl_typesupport_cExport-noconfig.cmake
[3.680s] -- Up-to-date: /home/HwHiAiUser/wheeltec_ros2/install/lslidar_msgs/share/lslidar_msgs/cmake/lslidar_msgs__rosidl_typesupport_introspection_cppExport.cmake
[3.680s] -- Up-to-date: /home/HwHiAiUser/wheeltec_ros2/install/lslidar_msgs/share/lslidar_msgs/cmake/lslidar_msgs__rosidl_typesupport_introspection_cppExport-noconfig.cmake
[3.681s] -- Up-to-date: /home/HwHiAiUser/wheeltec_ros2/install/lslidar_msgs/share/lslidar_msgs/cmake/lslidar_msgs__rosidl_typesupport_cppExport.cmake
[3.686s] -- Up-to-date: /home/HwHiAiUser/wheeltec_ros2/install/lslidar_msgs/share/lslidar_msgs/cmake/lslidar_msgs__rosidl_typesupport_cppExport-noconfig.cmake
[3.686s] -- Up-to-date: /home/HwHiAiUser/wheeltec_ros2/install/lslidar_msgs/share/lslidar_msgs/cmake/export_lslidar_msgs__rosidl_generator_pyExport.cmake
[3.686s] -- Up-to-date: /home/HwHiAiUser/wheeltec_ros2/install/lslidar_msgs/share/lslidar_msgs/cmake/export_lslidar_msgs__rosidl_generator_pyExport-noconfig.cmake
[3.686s] -- Up-to-date: /home/HwHiAiUser/wheeltec_ros2/install/lslidar_msgs/share/lslidar_msgs/cmake/rosidl_cmake-extras.cmake
[3.687s] -- Up-to-date: /home/HwHiAiUser/wheeltec_ros2/install/lslidar_msgs/share/lslidar_msgs/cmake/ament_cmake_export_dependencies-extras.cmake
[3.687s] -- Up-to-date: /home/HwHiAiUser/wheeltec_ros2/install/lslidar_msgs/share/lslidar_msgs/cmake/ament_cmake_export_include_directories-extras.cmake
[3.688s] -- Up-to-date: /home/HwHiAiUser/wheeltec_ros2/install/lslidar_msgs/share/lslidar_msgs/cmake/ament_cmake_export_libraries-extras.cmake
[3.689s] -- Up-to-date: /home/HwHiAiUser/wheeltec_ros2/install/lslidar_msgs/share/lslidar_msgs/cmake/ament_cmake_export_targets-extras.cmake
[3.690s] -- Up-to-date: /home/HwHiAiUser/wheeltec_ros2/install/lslidar_msgs/share/lslidar_msgs/cmake/rosidl_cmake_export_typesupport_targets-extras.cmake
[3.691s] -- Up-to-date: /home/HwHiAiUser/wheeltec_ros2/install/lslidar_msgs/share/lslidar_msgs/cmake/rosidl_cmake_export_typesupport_libraries-extras.cmake
[3.694s] -- Up-to-date: /home/HwHiAiUser/wheeltec_ros2/install/lslidar_msgs/share/lslidar_msgs/cmake/lslidar_msgsConfig.cmake
[3.695s] -- Up-to-date: /home/HwHiAiUser/wheeltec_ros2/install/lslidar_msgs/share/lslidar_msgs/cmake/lslidar_msgsConfig-version.cmake
[3.695s] -- Up-to-date: /home/HwHiAiUser/wheeltec_ros2/install/lslidar_msgs/share/lslidar_msgs/package.xml
[3.775s] Invoked command in '/home/HwHiAiUser/wheeltec_ros2/build/lslidar_msgs' returned '0': CMAKE_PREFIX_PATH=${CMAKE_PREFIX_PATH}:/home/HwHiAiUser/wheeltec_ros2/install/wheeltec_robot_keyboard:/home/HwHiAiUser/wheeltec_ros2/install/tf2_tools:/opt/ros/humble _=/usr/bin/env /usr/bin/cmake --install /home/HwHiAiUser/wheeltec_ros2/build/lslidar_msgs
