[0.000000] (-) TimerEvent: {}
[0.000324] (-) JobUnselected: {'identifier': 'ackermann_msgs'}
[0.000578] (-) JobUnselected: {'identifier': 'astra_camera'}
[0.001088] (-) JobUnselected: {'identifier': 'astra_camera_msgs'}
[0.001714] (-) JobUnselected: {'identifier': 'ldlidar'}
[0.002080] (-) JobUnselected: {'identifier': 'ldlidar_sl_ros2'}
[0.002140] (-) JobUnselected: {'identifier': 'ldlidar_stl_ros2'}
[0.002481] (-) JobUnselected: {'identifier': 'lslidar_driver'}
[0.002598] (-) JobUnselected: {'identifier': 'lslidar_msgs'}
[0.002674] (-) JobUnselected: {'identifier': 'rplidar_ros'}
[0.002751] (-) JobUnselected: {'identifier': 'serial'}
[0.002822] (-) JobUnselected: {'identifier': 'tf2_tools'}
[0.002899] (-) JobUnselected: {'identifier': 'turn_on_wheeltec_robot'}
[0.002968] (-) JobUnselected: {'identifier': 'usb_cam'}
[0.003034] (-) JobUnselected: {'identifier': 'web_video_server'}
[0.003104] (-) JobUnselected: {'identifier': 'wheeltec_gpio_control'}
[0.003169] (-) JobUnselected: {'identifier': 'wheeltec_robot_keyboard'}
[0.003239] (-) JobUnselected: {'identifier': 'wheeltec_robot_msg'}
[0.003304] (-) JobUnselected: {'identifier': 'wheeltec_robot_urdf'}
[0.003371] (-) JobUnselected: {'identifier': 'wheeltec_rviz2'}
[0.003439] (-) JobUnselected: {'identifier': 'yesense_interface'}
[0.003505] (-) JobUnselected: {'identifier': 'yesense_std_ros2'}
[0.003580] (qt_robot_control) JobQueued: {'identifier': 'qt_robot_control', 'dependencies': OrderedDict()}
[0.003656] (qt_robot_control) JobStarted: {'identifier': 'qt_robot_control'}
[0.025325] (qt_robot_control) JobProgress: {'identifier': 'qt_robot_control', 'progress': 'cmake'}
[0.027593] (qt_robot_control) JobProgress: {'identifier': 'qt_robot_control', 'progress': 'build'}
[0.029639] (qt_robot_control) Command: {'cmd': ['/usr/bin/cmake', '--build', '/home/HwHiAiUser/wheeltec_ros2/build/qt_robot_control', '--', '-j4', '-l4'], 'cwd': '/home/HwHiAiUser/wheeltec_ros2/build/qt_robot_control', 'env': OrderedDict([('SHELL', '/bin/bash'), ('ROS_VERSION', '2'), ('GTK_IM_MODULE', 'ibus'), ('CONDA_EXE', '/usr/local/miniconda3/bin/conda'), ('_CE_M', ''), ('COMPOSER_NO_INTERACTION', '1'), ('ROS_PYTHON_VERSION', '3'), ('MS_ENABLE_GE', '1'), ('MX_SDK_HOME', '/home/HwHiAiUser/work/Mind_SDK/mxVision'), ('VSCODE_SERVER_SHUTDOWN_TIMEOUT', '300'), ('ELECTRON_RUN_AS_NODE', '1'), ('XMODIFIERS', '@im=ibus'), ('NPU_HOST_INC', '/usr/local/Ascend/ascend-toolkit/latest/runtime/include'), ('NPU_HOST_LIB', '/usr/local/Ascend/ascend-toolkit/latest/runtime/lib64/stub/aarch64'), ('PWD', '/home/HwHiAiUser/wheeltec_ros2/build/qt_robot_control'), ('LOGNAME', 'HwHiAiUser'), ('XDG_SESSION_TYPE', 'tty'), ('VSCODE_ESM_ENTRYPOINT', 'vs/workbench/api/node/extensionHostProcess'), ('MOTD_SHOWN', 'pam'), ('GST_PLUGIN_SCANNER', '/home/HwHiAiUser/work/Mind_SDK/mxVision/opensource/libexec/gstreamer-1.0/gst-plugin-scanner'), ('HOME', '/home/HwHiAiUser'), ('LANG', 'C.UTF-8'), ('LS_COLORS', ''), ('FORCE_COLOR', '0'), ('MS_DEV_FORCE_ACL', '1'), ('AMENT_PREFIX_PATH', '/home/HwHiAiUser/wheeltec_ros2/install/yesense_std_ros2:/home/HwHiAiUser/wheeltec_ros2/install/yesense_interface:/home/HwHiAiUser/wheeltec_ros2/install/wheeltec_rviz2:/home/HwHiAiUser/wheeltec_ros2/install/wheeltec_robot_urdf:/home/HwHiAiUser/wheeltec_ros2/install/turn_on_wheeltec_robot:/home/HwHiAiUser/wheeltec_ros2/install/wheeltec_robot_msg:/home/HwHiAiUser/wheeltec_ros2/install/wheeltec_robot_keyboard:/home/HwHiAiUser/wheeltec_ros2/install/wheeltec_gpio_control:/home/HwHiAiUser/wheeltec_ros2/install/web_video_server:/home/HwHiAiUser/wheeltec_ros2/install/usb_cam:/home/HwHiAiUser/wheeltec_ros2/install/tf2_tools:/home/HwHiAiUser/wheeltec_ros2/install/serial:/home/HwHiAiUser/wheeltec_ros2/install/rplidar_ros:/home/HwHiAiUser/wheeltec_ros2/install/lslidar_driver:/home/HwHiAiUser/wheeltec_ros2/install/lslidar_msgs:/home/HwHiAiUser/wheeltec_ros2/install/ldlidar_stl_ros2:/home/HwHiAiUser/wheeltec_ros2/install/ldlidar_sl_ros2:/home/HwHiAiUser/wheeltec_ros2/install/ldlidar:/home/HwHiAiUser/wheeltec_ros2/install/astra_camera:/home/HwHiAiUser/wheeltec_ros2/install/astra_camera_msgs:/home/HwHiAiUser/wheeltec_ros2/install/ackermann_msgs:/opt/ros/humble'), ('CMAKE_PREFIX_PATH', '/home/HwHiAiUser/wheeltec_ros2/install/yesense_std_ros2:/home/HwHiAiUser/wheeltec_ros2/install/yesense_interface:/home/HwHiAiUser/wheeltec_ros2/install/wheeltec_rviz2:/home/HwHiAiUser/wheeltec_ros2/install/wheeltec_robot_urdf:/home/HwHiAiUser/wheeltec_ros2/install/turn_on_wheeltec_robot:/home/HwHiAiUser/wheeltec_ros2/install/wheeltec_robot_msg:/home/HwHiAiUser/wheeltec_ros2/install/web_video_server:/home/HwHiAiUser/wheeltec_ros2/install/usb_cam:/home/HwHiAiUser/wheeltec_ros2/install/serial:/home/HwHiAiUser/wheeltec_ros2/install/rplidar_ros:/home/HwHiAiUser/wheeltec_ros2/install/lslidar_driver:/home/HwHiAiUser/wheeltec_ros2/install/lslidar_msgs:/home/HwHiAiUser/wheeltec_ros2/install/ldlidar_stl_ros2:/home/HwHiAiUser/wheeltec_ros2/install/ldlidar_sl_ros2:/home/HwHiAiUser/wheeltec_ros2/install/ldlidar:/home/HwHiAiUser/wheeltec_ros2/install/astra_camera:/home/HwHiAiUser/wheeltec_ros2/install/astra_camera_msgs:/home/HwHiAiUser/wheeltec_ros2/install/ackermann_msgs:/home/HwHiAiUser/wheeltec_ros2/install/wheeltec_robot_keyboard:/home/HwHiAiUser/wheeltec_ros2/install/wheeltec_gpio_control:/home/HwHiAiUser/wheeltec_ros2/install/tf2_tools:/opt/ros/humble'), ('VSCODE_AGENT_FOLDER', '/home/HwHiAiUser/.cursor-server'), ('VSCODE_L10N_BUNDLE_LOCATION', 'vscode-local:/c%3A/Users/25914/.cursor/extensions/ms-ceintl.vscode-language-pack-zh-hans-1.99.0-universal/translations/extensions/vscode.json-language-features.i18n.json'), ('COLCON_PREFIX_PATH', '/home/HwHiAiUser/wheeltec_ros2/install'), ('SSH_CONNECTION', '10.248.102.23 12022 10.248.102.204 22'), ('TOOLCHAIN_HOME', '/home/HwHiAiUser/Ascend/ascend-toolkit/latest/toolkit'), ('ASCEND_TOOLKIT_HOME', '/home/HwHiAiUser/Ascend/ascend-toolkit/latest'), ('CURSOR_AGENT', '1'), ('LESSCLOSE', '/usr/bin/lesspipe %s %s'), ('XDG_SESSION_CLASS', 'user'), ('VSCODE_HANDLES_SIGPIPE', 'true'), ('PYTHONPATH', '/home/HwHiAiUser/work/Mind_SDK/mxVision/python:/home/HwHiAiUser/Ascend/ascend-toolkit/latest/python/site-packages:/home/HwHiAiUser/Ascend/ascend-toolkit/latest/opp/built-in/op_impl/ai_core/tbe:/home/HwHiAiUser/wheeltec_ros2/install/yesense_interface/local/lib/python3.10/dist-packages:/home/HwHiAiUser/wheeltec_ros2/install/turn_on_wheeltec_robot/local/lib/python3.10/dist-packages:/home/HwHiAiUser/wheeltec_ros2/install/wheeltec_robot_msg/local/lib/python3.10/dist-packages:/home/HwHiAiUser/wheeltec_ros2/install/wheeltec_robot_keyboard/lib/python3.10/site-packages:/home/HwHiAiUser/wheeltec_ros2/install/wheeltec_gpio_control/lib/python3.10/site-packages:/home/HwHiAiUser/wheeltec_ros2/install/tf2_tools/lib/python3.10/site-packages:/home/HwHiAiUser/wheeltec_ros2/install/lslidar_msgs/local/lib/python3.10/dist-packages:/home/HwHiAiUser/wheeltec_ros2/install/astra_camera_msgs/local/lib/python3.10/dist-packages:/home/HwHiAiUser/wheeltec_ros2/install/ackermann_msgs/local/lib/python3.10/dist-packages:/opt/ros/humble/lib/python3.10/site-packages:/opt/ros/humble/local/lib/python3.10/dist-packages:/usr/local/Ascend/ascend-toolkit/latest/python/site-packages:/usr/local/Ascend/ascend-toolkit/latest/opp/built-in/op_impl/ai_core/tbe:/usr/local/Ascend/ascend-toolkit/laster/python/site-packages:/usr/local/Ascend/ascend-toolkit/laster/opp/built-in/op_impl/ai_core/tbe:/usr/local/Ascend/ascend-toolkit/laster/python/site-packages:/usr/local/Ascend/ascend-toolkit/laster/opp/built-in/op_impl/ai_core/tbe:'), ('COLCON', '1'), ('TERM', 'dumb'), ('_CE_CONDA', ''), ('ASCEND_CUSTOM_OPP_PATH', '/home/HwHiAiUser/work/Mind_SDK/mxVision/operators/ascendc/vendors/customize:'), ('LESSOPEN', '| /usr/bin/lesspipe %s'), ('USER', 'HwHiAiUser'), ('CONDA_SHLVL', '0'), ('SHLVL', '2'), ('QT_IM_MODULE', 'ibus'), ('VSCODE_CWD', '/home/HwHiAiUser'), ('XDG_SESSION_ID', '7'), ('NO_COLOR', '1'), ('ASCEND_OPP_PATH', '/home/HwHiAiUser/Ascend/ascend-toolkit/latest/opp'), ('GST_PLUGIN_PATH', '/home/HwHiAiUser/work/Mind_SDK/mxVision/opensource/lib/gstreamer-1.0:/home/HwHiAiUser/work/Mind_SDK/mxVision/lib/plugins'), ('CONDA_PYTHON_EXE', '/usr/local/miniconda3/bin/python'), ('LD_LIBRARY_PATH', '/usr/lib/aarch64-linux-gnu:/usr/lib:/home/HwHiAiUser/work/Mind_SDK/mxVision/operators/ascendc/vendors/customize/op_api/lib:/home/HwHiAiUser/work/Mind_SDK/mxVision/lib/modelpostprocessors:/home/HwHiAiUser/work/Mind_SDK/mxVision/lib:/home/HwHiAiUser/work/Mind_SDK/mxVision/opensource/lib:/home/HwHiAiUser/work/Mind_SDK/mxVision/opensource/lib64:/home/HwHiAiUser/Ascend/ascend-toolkit/latest/tools/aml/lib64:/home/HwHiAiUser/Ascend/ascend-toolkit/latest/tools/aml/lib64/plugin:/home/HwHiAiUser/Ascend/ascend-toolkit/latest/lib64:/home/HwHiAiUser/Ascend/ascend-toolkit/latest/lib64/plugin/opskernel:/home/HwHiAiUser/Ascend/ascend-toolkit/latest/lib64/plugin/nnengine:/home/HwHiAiUser/Ascend/ascend-toolkit/latest/opp/built-in/op_impl/ai_core/tbe/op_tiling/lib/linux/aarch64:/var/davinci/driver/lib64:/var/davinci/driver/lib64/common:/var/davinci/driver/lib64/driver:/home/HwHiAiUser/wheeltec_ros2/install/yesense_interface/lib:/home/HwHiAiUser/wheeltec_ros2/install/turn_on_wheeltec_robot/lib:/home/HwHiAiUser/wheeltec_ros2/install/wheeltec_robot_msg/lib:/home/HwHiAiUser/wheeltec_ros2/install/usb_cam/lib:/home/HwHiAiUser/wheeltec_ros2/install/serial/lib:/home/HwHiAiUser/wheeltec_ros2/install/lslidar_msgs/lib:/home/HwHiAiUser/wheeltec_ros2/install/astra_camera/lib:/home/HwHiAiUser/wheeltec_ros2/install/astra_camera_msgs/lib:/home/HwHiAiUser/wheeltec_ros2/install/ackermann_msgs/lib:/opt/ros/humble/opt/rviz_ogre_vendor/lib:/opt/ros/humble/lib/aarch64-linux-gnu:/opt/ros/humble/lib:/usr/local/Ascend/ascend-toolkit/latest/tools/aml/lib64:/usr/local/Ascend/ascend-toolkit/latest/tools/aml/lib64/plugin:/usr/local/Ascend/ascend-toolkit/latest/lib64:/usr/local/Ascend/ascend-toolkit/latest/lib64/plugin/opskernel:/usr/local/Ascend/ascend-toolkit/latest/lib64/plugin/nnengine:/usr/local/Ascend/ascend-toolkit/latest/opp/built-in/op_impl/ai_core/tbe/op_tiling/lib/linux/aarch64:/lib64:/var/davinci/driver/lib64:/var/davinci/driver/lib64/common:/var/davinci/driver/lib64/driver:/usr/local/Ascend/ascend-toolkit/laster/runtime/lib64/stub/aarch64:/usr/local/Ascend/ascend-toolkit/laster/lib64:/usr/local/Ascend/ascend-toolkit/laster/lib64/plugin/opskernel:/usr/local/Ascend/ascend-toolkit/laster/lib64/plugin/nnengine:/usr/local/Ascend/ascend-toolkit/laster/opp/built-in/op_impl/ai_core/tbe/op_tiling:/usr/local/Ascend/driver/lib64:/var/davinci/driver/lib64:/var/davinci/driver/lib64/common:/var/davinci/driver/lib64/driver:/usr/local/Ascend/ascend-toolkit/laster/runtime/lib64/stub/aarch64:/usr/local/Ascend/ascend-toolkit/laster/lib64:/usr/local/Ascend/ascend-toolkit/laster/lib64/plugin/opskernel:/usr/local/Ascend/ascend-toolkit/laster/lib64/plugin/nnengine:/usr/local/Ascend/ascend-toolkit/laster/opp/built-in/op_impl/ai_core/tbe/op_tiling:/usr/local/Ascend/driver/lib64:/var/davinci/driver/lib64:/var/davinci/driver/lib64/common:/var/davinci/driver/lib64/driver:'), ('ASCEND_AICPU_PATH', '/home/HwHiAiUser/Ascend/ascend-toolkit/latest'), ('XDG_RUNTIME_DIR', '/run/user/1000'), ('ROS_LOCALHOST_ONLY', '0'), ('SSH_CLIENT', '10.248.102.23 12022 22'), ('XDG_DATA_DIRS', '/usr/share/gnome:/usr/local/share:/usr/share:/var/lib/snapd/desktop'), ('BROWSER', '/home/HwHiAiUser/.cursor-server/bin/7236ee799a5bffd9f28fa4fd18bdc6eab5e08df0/bin/helpers/browser.sh'), ('PATH', '/home/HwHiAiUser/.local/bin:/home/HwHiAiUser/Ascend/ascend-toolkit/latest/bin:/home/HwHiAiUser/Ascend/ascend-toolkit/latest/compiler/ccec_compiler/bin:/home/HwHiAiUser/Ascend/ascend-toolkit/latest/tools/ccec_compiler/bin:/opt/ros/humble/bin:/usr/local/Ascend/ascend-toolkit/latest/bin:/usr/local/Ascend/ascend-toolkit/latest/compiler/ccec_compiler/bin:/usr/local/Ascend/ascend-toolkit/latest/tools/ccec_compiler/bin:/usr/local/miniconda3/condabin:/usr/local/Ascend/ascend-toolkit/laster/bin:/usr/local/Ascend/ascend-toolkit/laster/compiler/ccec_compiler/bin:/home/HwHiAiUser/.cursor-server/bin/7236ee799a5bffd9f28fa4fd18bdc6eab5e08df0/bin/remote-cli:/home/HwHiAiUser/.cursor-server/bin/7236ee799a5bffd9f28fa4fd18bdc6eab5e08df0/bin/remote-cli:/home/HwHiAiUser/.local/bin:/usr/local/Ascend/ascend-toolkit/laster/bin:/usr/local/Ascend/ascend-toolkit/laster/compiler/ccec_compiler/bin:/usr/local/sbin:/usr/local/bin:/usr/sbin:/usr/bin:/sbin:/bin:/usr/games:/usr/local/games:/snap/bin:/home/HwHiAiUser/.fishros/bin/'), ('ASCEND_HOME_PATH', '/home/HwHiAiUser/Ascend/ascend-toolkit/latest'), ('DBUS_SESSION_BUS_ADDRESS', 'unix:path=/run/user/1000/bus'), ('VSCODE_NLS_CONFIG', '{"userLocale":"zh-cn","osLocale":"zh-cn","resolvedLanguage":"en","defaultMessagesFile":"/home/HwHiAiUser/.cursor-server/bin/7236ee799a5bffd9f28fa4fd18bdc6eab5e08df0/out/nls.messages.json","locale":"zh-cn","availableLanguages":{}}'), ('ROS_DISTRO', 'humble'), ('VSCODE_HANDLES_UNCAUGHT_ERRORS', 'true'), ('OLDPWD', '/home/HwHiAiUser'), ('VSCODE_IPC_HOOK_CLI', '/run/user/1000/vscode-ipc-98642f8e-2152-44c8-8bc5-3c3283fefe37.sock'), ('_', '/usr/bin/env')]), 'shell': False}
[0.099154] (-) TimerEvent: {}
[0.126747] (qt_robot_control) StdoutLine: {'line': b'[ 11%] Automatic MOC and UIC for target qt_robot_control\n'}
[0.175542] (qt_robot_control) StdoutLine: {'line': b'[ 11%] Built target qt_robot_control_autogen\n'}
[0.199331] (-) TimerEvent: {}
[0.258607] (qt_robot_control) StdoutLine: {'line': b'Consolidate compiler generated dependencies of target qt_robot_control\n'}
[0.299512] (-) TimerEvent: {}
[0.300133] (qt_robot_control) StdoutLine: {'line': b'[ 22%] Building CXX object CMakeFiles/qt_robot_control.dir/src/MainWindow.cpp.o\n'}
[0.399641] (-) TimerEvent: {}
[0.500003] (-) TimerEvent: {}
[0.600366] (-) TimerEvent: {}
[0.700730] (-) TimerEvent: {}
[0.801115] (-) TimerEvent: {}
[0.901480] (-) TimerEvent: {}
[1.001854] (-) TimerEvent: {}
[1.102227] (-) TimerEvent: {}
[1.202597] (-) TimerEvent: {}
[1.302970] (-) TimerEvent: {}
[1.403350] (-) TimerEvent: {}
[1.503711] (-) TimerEvent: {}
[1.604070] (-) TimerEvent: {}
[1.704443] (-) TimerEvent: {}
[1.804831] (-) TimerEvent: {}
[1.905210] (-) TimerEvent: {}
[2.005588] (-) TimerEvent: {}
[2.105949] (-) TimerEvent: {}
[2.206324] (-) TimerEvent: {}
[2.306738] (-) TimerEvent: {}
[2.407198] (-) TimerEvent: {}
[2.507722] (-) TimerEvent: {}
[2.608227] (-) TimerEvent: {}
[2.708725] (-) TimerEvent: {}
[2.809097] (-) TimerEvent: {}
[2.909518] (-) TimerEvent: {}
[3.009912] (-) TimerEvent: {}
[3.110292] (-) TimerEvent: {}
[3.210684] (-) TimerEvent: {}
[3.311074] (-) TimerEvent: {}
[3.411518] (-) TimerEvent: {}
[3.511923] (-) TimerEvent: {}
[3.612339] (-) TimerEvent: {}
[3.712806] (-) TimerEvent: {}
[3.813241] (-) TimerEvent: {}
[3.913653] (-) TimerEvent: {}
[4.014089] (-) TimerEvent: {}
[4.114473] (-) TimerEvent: {}
[4.214868] (-) TimerEvent: {}
[4.315264] (-) TimerEvent: {}
[4.415682] (-) TimerEvent: {}
[4.516101] (-) TimerEvent: {}
[4.616530] (-) TimerEvent: {}
[4.716981] (-) TimerEvent: {}
[4.817464] (-) TimerEvent: {}
[4.917955] (-) TimerEvent: {}
[5.018403] (-) TimerEvent: {}
[5.118791] (-) TimerEvent: {}
[5.219213] (-) TimerEvent: {}
[5.319635] (-) TimerEvent: {}
[5.420126] (-) TimerEvent: {}
[5.520580] (-) TimerEvent: {}
[5.621040] (-) TimerEvent: {}
[5.721473] (-) TimerEvent: {}
[5.821934] (-) TimerEvent: {}
[5.922367] (-) TimerEvent: {}
[6.022782] (-) TimerEvent: {}
[6.123185] (-) TimerEvent: {}
[6.223574] (-) TimerEvent: {}
[6.323985] (-) TimerEvent: {}
[6.424399] (-) TimerEvent: {}
[6.524861] (-) TimerEvent: {}
[6.625300] (-) TimerEvent: {}
[6.725709] (-) TimerEvent: {}
[6.826149] (-) TimerEvent: {}
[6.926560] (-) TimerEvent: {}
[7.027006] (-) TimerEvent: {}
[7.127421] (-) TimerEvent: {}
[7.227921] (-) TimerEvent: {}
[7.328352] (-) TimerEvent: {}
[7.428832] (-) TimerEvent: {}
[7.529250] (-) TimerEvent: {}
[7.629682] (-) TimerEvent: {}
[7.730117] (-) TimerEvent: {}
[7.830515] (-) TimerEvent: {}
[7.930930] (-) TimerEvent: {}
[8.031352] (-) TimerEvent: {}
[8.131754] (-) TimerEvent: {}
[8.232154] (-) TimerEvent: {}
[8.332566] (-) TimerEvent: {}
[8.433052] (-) TimerEvent: {}
[8.533462] (-) TimerEvent: {}
[8.633902] (-) TimerEvent: {}
[8.734307] (-) TimerEvent: {}
[8.834715] (-) TimerEvent: {}
[8.935149] (-) TimerEvent: {}
[9.035563] (-) TimerEvent: {}
[9.135961] (-) TimerEvent: {}
[9.236370] (-) TimerEvent: {}
[9.336806] (-) TimerEvent: {}
[9.437255] (-) TimerEvent: {}
[9.537681] (-) TimerEvent: {}
[9.638042] (-) TimerEvent: {}
[9.738396] (-) TimerEvent: {}
[9.838774] (-) TimerEvent: {}
[9.939171] (-) TimerEvent: {}
[10.039556] (-) TimerEvent: {}
[10.139912] (-) TimerEvent: {}
[10.240287] (-) TimerEvent: {}
[10.340661] (-) TimerEvent: {}
[10.441073] (-) TimerEvent: {}
[10.541483] (-) TimerEvent: {}
[10.641896] (-) TimerEvent: {}
[10.742299] (-) TimerEvent: {}
[10.842684] (-) TimerEvent: {}
[10.943109] (-) TimerEvent: {}
[11.043543] (-) TimerEvent: {}
[11.143954] (-) TimerEvent: {}
[11.244395] (-) TimerEvent: {}
[11.344848] (-) TimerEvent: {}
[11.445299] (-) TimerEvent: {}
[11.545725] (-) TimerEvent: {}
[11.646162] (-) TimerEvent: {}
[11.746608] (-) TimerEvent: {}
[11.847021] (-) TimerEvent: {}
[11.947416] (-) TimerEvent: {}
[12.047839] (-) TimerEvent: {}
[12.148265] (-) TimerEvent: {}
[12.248768] (-) TimerEvent: {}
[12.349135] (-) TimerEvent: {}
[12.449506] (-) TimerEvent: {}
[12.549889] (-) TimerEvent: {}
[12.650275] (-) TimerEvent: {}
[12.750693] (-) TimerEvent: {}
[12.851084] (-) TimerEvent: {}
[12.951460] (-) TimerEvent: {}
[13.051848] (-) TimerEvent: {}
[13.152213] (-) TimerEvent: {}
[13.252586] (-) TimerEvent: {}
[13.353031] (-) TimerEvent: {}
[13.453407] (-) TimerEvent: {}
[13.553774] (-) TimerEvent: {}
[13.654127] (-) TimerEvent: {}
[13.754478] (-) TimerEvent: {}
[13.854868] (-) TimerEvent: {}
[13.955226] (-) TimerEvent: {}
[14.055665] (-) TimerEvent: {}
[14.156085] (-) TimerEvent: {}
[14.256457] (-) TimerEvent: {}
[14.356832] (-) TimerEvent: {}
[14.457249] (-) TimerEvent: {}
[14.557630] (-) TimerEvent: {}
[14.657987] (-) TimerEvent: {}
[14.758359] (-) TimerEvent: {}
[14.858732] (-) TimerEvent: {}
[14.959116] (-) TimerEvent: {}
[15.059492] (-) TimerEvent: {}
[15.159902] (-) TimerEvent: {}
[15.260320] (-) TimerEvent: {}
[15.360822] (-) TimerEvent: {}
[15.461258] (-) TimerEvent: {}
[15.561678] (-) TimerEvent: {}
[15.662084] (-) TimerEvent: {}
[15.762509] (-) TimerEvent: {}
[15.862962] (-) TimerEvent: {}
[15.963372] (-) TimerEvent: {}
[16.063794] (-) TimerEvent: {}
[16.164209] (-) TimerEvent: {}
[16.264619] (-) TimerEvent: {}
[16.365098] (-) TimerEvent: {}
[16.465494] (-) TimerEvent: {}
[16.565925] (-) TimerEvent: {}
[16.666318] (-) TimerEvent: {}
[16.766719] (-) TimerEvent: {}
[16.867107] (-) TimerEvent: {}
[16.967499] (-) TimerEvent: {}
[17.067889] (-) TimerEvent: {}
[17.168277] (-) TimerEvent: {}
[17.268633] (-) TimerEvent: {}
[17.369012] (-) TimerEvent: {}
[17.469369] (-) TimerEvent: {}
[17.569748] (-) TimerEvent: {}
[17.670109] (-) TimerEvent: {}
[17.770486] (-) TimerEvent: {}
[17.870853] (-) TimerEvent: {}
[17.971217] (-) TimerEvent: {}
[18.071599] (-) TimerEvent: {}
[18.171963] (-) TimerEvent: {}
[18.272339] (-) TimerEvent: {}
[18.372832] (-) TimerEvent: {}
[18.473284] (-) TimerEvent: {}
[18.573710] (-) TimerEvent: {}
[18.674127] (-) TimerEvent: {}
[18.774541] (-) TimerEvent: {}
[18.874943] (-) TimerEvent: {}
[18.975353] (-) TimerEvent: {}
[19.075826] (-) TimerEvent: {}
[19.176296] (-) TimerEvent: {}
[19.276664] (-) TimerEvent: {}
[19.377070] (-) TimerEvent: {}
[19.477461] (-) TimerEvent: {}
[19.577845] (-) TimerEvent: {}
[19.631724] (qt_robot_control) StdoutLine: {'line': b'[ 33%] Building CXX object CMakeFiles/qt_robot_control.dir/src/RosImageSubscriber.cpp.o\n'}
[19.678000] (-) TimerEvent: {}
[19.778347] (-) TimerEvent: {}
[19.878711] (-) TimerEvent: {}
[19.979067] (-) TimerEvent: {}
[20.079435] (-) TimerEvent: {}
[20.179796] (-) TimerEvent: {}
[20.280160] (-) TimerEvent: {}
[20.380535] (-) TimerEvent: {}
[20.480924] (-) TimerEvent: {}
[20.581306] (-) TimerEvent: {}
[20.681681] (-) TimerEvent: {}
[20.782064] (-) TimerEvent: {}
[20.882442] (-) TimerEvent: {}
[20.982804] (-) TimerEvent: {}
[21.083201] (-) TimerEvent: {}
[21.183650] (-) TimerEvent: {}
[21.284033] (-) TimerEvent: {}
[21.384423] (-) TimerEvent: {}
[21.484802] (-) TimerEvent: {}
[21.585281] (-) TimerEvent: {}
[21.685741] (-) TimerEvent: {}
[21.786129] (-) TimerEvent: {}
[21.886539] (-) TimerEvent: {}
[21.986934] (-) TimerEvent: {}
[22.087331] (-) TimerEvent: {}
[22.187744] (-) TimerEvent: {}
[22.288085] (-) TimerEvent: {}
[22.388436] (-) TimerEvent: {}
[22.488811] (-) TimerEvent: {}
[22.589213] (-) TimerEvent: {}
[22.689585] (-) TimerEvent: {}
[22.789985] (-) TimerEvent: {}
[22.890425] (-) TimerEvent: {}
[22.990875] (-) TimerEvent: {}
[23.091296] (-) TimerEvent: {}
[23.191686] (-) TimerEvent: {}
[23.292265] (-) TimerEvent: {}
[23.392768] (-) TimerEvent: {}
[23.493180] (-) TimerEvent: {}
[23.593603] (-) TimerEvent: {}
[23.694013] (-) TimerEvent: {}
[23.794419] (-) TimerEvent: {}
[23.894827] (-) TimerEvent: {}
[23.995241] (-) TimerEvent: {}
[24.095663] (-) TimerEvent: {}
[24.196117] (-) TimerEvent: {}
[24.296557] (-) TimerEvent: {}
[24.397033] (-) TimerEvent: {}
[24.497444] (-) TimerEvent: {}
[24.597883] (-) TimerEvent: {}
[24.698304] (-) TimerEvent: {}
[24.798762] (-) TimerEvent: {}
[24.899154] (-) TimerEvent: {}
[24.999565] (-) TimerEvent: {}
[25.099980] (-) TimerEvent: {}
[25.200395] (-) TimerEvent: {}
[25.300904] (-) TimerEvent: {}
[25.401345] (-) TimerEvent: {}
[25.501760] (-) TimerEvent: {}
[25.602172] (-) TimerEvent: {}
[25.702586] (-) TimerEvent: {}
[25.802990] (-) TimerEvent: {}
[25.903396] (-) TimerEvent: {}
[26.003836] (-) TimerEvent: {}
[26.104241] (-) TimerEvent: {}
[26.204654] (-) TimerEvent: {}
[26.305129] (-) TimerEvent: {}
[26.405536] (-) TimerEvent: {}
[26.505948] (-) TimerEvent: {}
[26.606347] (-) TimerEvent: {}
[26.706748] (-) TimerEvent: {}
[26.807163] (-) TimerEvent: {}
[26.907573] (-) TimerEvent: {}
[27.007998] (-) TimerEvent: {}
[27.108404] (-) TimerEvent: {}
[27.208838] (-) TimerEvent: {}
[27.309298] (-) TimerEvent: {}
[27.409721] (-) TimerEvent: {}
[27.510143] (-) TimerEvent: {}
[27.610544] (-) TimerEvent: {}
[27.710946] (-) TimerEvent: {}
[27.811352] (-) TimerEvent: {}
[27.911869] (-) TimerEvent: {}
[28.012307] (-) TimerEvent: {}
[28.112779] (-) TimerEvent: {}
[28.213190] (-) TimerEvent: {}
[28.313613] (-) TimerEvent: {}
[28.414025] (-) TimerEvent: {}
[28.514426] (-) TimerEvent: {}
[28.614876] (-) TimerEvent: {}
[28.715296] (-) TimerEvent: {}
[28.815696] (-) TimerEvent: {}
[28.916127] (-) TimerEvent: {}
[29.016526] (-) TimerEvent: {}
[29.116983] (-) TimerEvent: {}
[29.217465] (-) TimerEvent: {}
[29.317942] (-) TimerEvent: {}
[29.418345] (-) TimerEvent: {}
[29.518760] (-) TimerEvent: {}
[29.619157] (-) TimerEvent: {}
[29.719757] (-) TimerEvent: {}
[29.820331] (-) TimerEvent: {}
[29.920874] (-) TimerEvent: {}
[30.021354] (-) TimerEvent: {}
[30.121753] (-) TimerEvent: {}
[30.222249] (-) TimerEvent: {}
[30.322688] (-) TimerEvent: {}
[30.423184] (-) TimerEvent: {}
[30.523663] (-) TimerEvent: {}
[30.624092] (-) TimerEvent: {}
[30.724532] (-) TimerEvent: {}
[30.824992] (-) TimerEvent: {}
[30.925377] (-) TimerEvent: {}
[31.025756] (-) TimerEvent: {}
[31.126207] (-) TimerEvent: {}
[31.226611] (-) TimerEvent: {}
[31.326983] (-) TimerEvent: {}
[31.427335] (-) TimerEvent: {}
[31.527670] (-) TimerEvent: {}
[31.628011] (-) TimerEvent: {}
[31.728378] (-) TimerEvent: {}
[31.828869] (-) TimerEvent: {}
[31.929340] (-) TimerEvent: {}
[32.029790] (-) TimerEvent: {}
[32.130224] (-) TimerEvent: {}
[32.230643] (-) TimerEvent: {}
[32.331062] (-) TimerEvent: {}
[32.431474] (-) TimerEvent: {}
[32.531906] (-) TimerEvent: {}
[32.632309] (-) TimerEvent: {}
[32.732744] (-) TimerEvent: {}
[32.833161] (-) TimerEvent: {}
[32.933567] (-) TimerEvent: {}
[33.033989] (-) TimerEvent: {}
[33.134392] (-) TimerEvent: {}
[33.234811] (-) TimerEvent: {}
[33.335220] (-) TimerEvent: {}
[33.435644] (-) TimerEvent: {}
[33.536055] (-) TimerEvent: {}
[33.636454] (-) TimerEvent: {}
[33.736852] (-) TimerEvent: {}
[33.837267] (-) TimerEvent: {}
[33.937675] (-) TimerEvent: {}
[34.038078] (-) TimerEvent: {}
[34.138496] (-) TimerEvent: {}
[34.238963] (-) TimerEvent: {}
[34.339456] (-) TimerEvent: {}
[34.439929] (-) TimerEvent: {}
[34.540445] (-) TimerEvent: {}
[34.640976] (-) TimerEvent: {}
[34.741434] (-) TimerEvent: {}
[34.841832] (-) TimerEvent: {}
[34.942237] (-) TimerEvent: {}
[35.042644] (-) TimerEvent: {}
[35.143051] (-) TimerEvent: {}
[35.243467] (-) TimerEvent: {}
[35.343887] (-) TimerEvent: {}
[35.444336] (-) TimerEvent: {}
[35.544812] (-) TimerEvent: {}
[35.645233] (-) TimerEvent: {}
[35.745637] (-) TimerEvent: {}
[35.846056] (-) TimerEvent: {}
[35.946462] (-) TimerEvent: {}
[36.047154] (-) TimerEvent: {}
[36.147627] (-) TimerEvent: {}
[36.248072] (-) TimerEvent: {}
[36.348564] (-) TimerEvent: {}
[36.449072] (-) TimerEvent: {}
[36.549485] (-) TimerEvent: {}
[36.649887] (-) TimerEvent: {}
[36.750303] (-) TimerEvent: {}
[36.850709] (-) TimerEvent: {}
[36.951116] (-) TimerEvent: {}
[37.051626] (-) TimerEvent: {}
[37.152046] (-) TimerEvent: {}
[37.252449] (-) TimerEvent: {}
[37.352892] (-) TimerEvent: {}
[37.453345] (-) TimerEvent: {}
[37.553809] (-) TimerEvent: {}
[37.654218] (-) TimerEvent: {}
[37.754652] (-) TimerEvent: {}
[37.855069] (-) TimerEvent: {}
[37.955481] (-) TimerEvent: {}
[38.055905] (-) TimerEvent: {}
[38.156384] (-) TimerEvent: {}
[38.256808] (-) TimerEvent: {}
[38.357225] (-) TimerEvent: {}
[38.457635] (-) TimerEvent: {}
[38.558051] (-) TimerEvent: {}
[38.658457] (-) TimerEvent: {}
[38.758860] (-) TimerEvent: {}
[38.859293] (-) TimerEvent: {}
[38.959696] (-) TimerEvent: {}
[39.060104] (-) TimerEvent: {}
[39.160514] (-) TimerEvent: {}
[39.261139] (-) TimerEvent: {}
[39.361563] (-) TimerEvent: {}
[39.461961] (-) TimerEvent: {}
[39.562366] (-) TimerEvent: {}
[39.662769] (-) TimerEvent: {}
[39.763173] (-) TimerEvent: {}
[39.863581] (-) TimerEvent: {}
[39.964006] (-) TimerEvent: {}
[40.064419] (-) TimerEvent: {}
[40.164893] (-) TimerEvent: {}
[40.265461] (-) TimerEvent: {}
[40.365928] (-) TimerEvent: {}
[40.466342] (-) TimerEvent: {}
[40.566743] (-) TimerEvent: {}
[40.667149] (-) TimerEvent: {}
[40.767568] (-) TimerEvent: {}
[40.867967] (-) TimerEvent: {}
[40.968380] (-) TimerEvent: {}
[41.068798] (-) TimerEvent: {}
[41.169205] (-) TimerEvent: {}
[41.269615] (-) TimerEvent: {}
[41.370038] (-) TimerEvent: {}
[41.470446] (-) TimerEvent: {}
[41.570862] (-) TimerEvent: {}
[41.671276] (-) TimerEvent: {}
[41.771698] (-) TimerEvent: {}
[41.872113] (-) TimerEvent: {}
[41.972539] (-) TimerEvent: {}
[42.072977] (-) TimerEvent: {}
[42.173380] (-) TimerEvent: {}
[42.273823] (-) TimerEvent: {}
[42.374221] (-) TimerEvent: {}
[42.474637] (-) TimerEvent: {}
[42.575046] (-) TimerEvent: {}
[42.675460] (-) TimerEvent: {}
[42.775871] (-) TimerEvent: {}
[42.876275] (-) TimerEvent: {}
[42.976715] (-) TimerEvent: {}
[43.077106] (-) TimerEvent: {}
[43.177527] (-) TimerEvent: {}
[43.277924] (-) TimerEvent: {}
[43.378346] (-) TimerEvent: {}
[43.478765] (-) TimerEvent: {}
[43.579183] (-) TimerEvent: {}
[43.679582] (-) TimerEvent: {}
[43.779985] (-) TimerEvent: {}
[43.880530] (-) TimerEvent: {}
[43.981418] (-) TimerEvent: {}
[44.081826] (-) TimerEvent: {}
[44.182297] (-) TimerEvent: {}
[44.282763] (-) TimerEvent: {}
[44.383170] (-) TimerEvent: {}
[44.483574] (-) TimerEvent: {}
[44.583991] (-) TimerEvent: {}
[44.684410] (-) TimerEvent: {}
[44.784815] (-) TimerEvent: {}
[44.885237] (-) TimerEvent: {}
[44.985653] (-) TimerEvent: {}
[45.086062] (-) TimerEvent: {}
[45.186535] (-) TimerEvent: {}
[45.287338] (-) TimerEvent: {}
[45.387788] (-) TimerEvent: {}
[45.488200] (-) TimerEvent: {}
[45.588613] (-) TimerEvent: {}
[45.689046] (-) TimerEvent: {}
[45.789470] (-) TimerEvent: {}
[45.889880] (-) TimerEvent: {}
[45.990354] (-) TimerEvent: {}
[46.090741] (-) TimerEvent: {}
[46.191144] (-) TimerEvent: {}
[46.291549] (-) TimerEvent: {}
[46.391953] (-) TimerEvent: {}
[46.492351] (-) TimerEvent: {}
[46.592778] (-) TimerEvent: {}
[46.693199] (-) TimerEvent: {}
[46.793611] (-) TimerEvent: {}
[46.894022] (-) TimerEvent: {}
[46.994437] (-) TimerEvent: {}
[47.094888] (-) TimerEvent: {}
[47.195341] (-) TimerEvent: {}
[47.295787] (-) TimerEvent: {}
[47.396201] (-) TimerEvent: {}
[47.496599] (-) TimerEvent: {}
[47.597259] (-) TimerEvent: {}
[47.697674] (-) TimerEvent: {}
[47.798099] (-) TimerEvent: {}
[47.898508] (-) TimerEvent: {}
[47.998896] (-) TimerEvent: {}
[48.099305] (-) TimerEvent: {}
[48.199722] (-) TimerEvent: {}
[48.300154] (-) TimerEvent: {}
[48.400568] (-) TimerEvent: {}
[48.501003] (-) TimerEvent: {}
[48.601404] (-) TimerEvent: {}
[48.701793] (-) TimerEvent: {}
[48.802241] (-) TimerEvent: {}
[48.902656] (-) TimerEvent: {}
[49.003055] (-) TimerEvent: {}
[49.103448] (-) TimerEvent: {}
[49.203870] (-) TimerEvent: {}
[49.304271] (-) TimerEvent: {}
[49.404926] (-) TimerEvent: {}
[49.505351] (-) TimerEvent: {}
[49.605748] (-) TimerEvent: {}
[49.706161] (-) TimerEvent: {}
[49.806570] (-) TimerEvent: {}
[49.906980] (-) TimerEvent: {}
[50.007375] (-) TimerEvent: {}
[50.107778] (-) TimerEvent: {}
[50.208190] (-) TimerEvent: {}
[50.308605] (-) TimerEvent: {}
[50.409109] (-) TimerEvent: {}
[50.509627] (-) TimerEvent: {}
[50.610124] (-) TimerEvent: {}
[50.710610] (-) TimerEvent: {}
[50.811125] (-) TimerEvent: {}
[50.911588] (-) TimerEvent: {}
[51.012071] (-) TimerEvent: {}
[51.112615] (-) TimerEvent: {}
[51.213125] (-) TimerEvent: {}
[51.313564] (-) TimerEvent: {}
[51.414028] (-) TimerEvent: {}
[51.514498] (-) TimerEvent: {}
[51.614946] (-) TimerEvent: {}
[51.715389] (-) TimerEvent: {}
[51.815839] (-) TimerEvent: {}
[51.916269] (-) TimerEvent: {}
[52.016796] (-) TimerEvent: {}
[52.117274] (-) TimerEvent: {}
[52.217753] (-) TimerEvent: {}
[52.318263] (-) TimerEvent: {}
[52.418697] (-) TimerEvent: {}
[52.519178] (-) TimerEvent: {}
[52.619623] (-) TimerEvent: {}
[52.720098] (-) TimerEvent: {}
[52.820569] (-) TimerEvent: {}
[52.921270] (-) TimerEvent: {}
[53.021717] (-) TimerEvent: {}
[53.122131] (-) TimerEvent: {}
[53.222582] (-) TimerEvent: {}
[53.323020] (-) TimerEvent: {}
[53.423474] (-) TimerEvent: {}
[53.523967] (-) TimerEvent: {}
[53.624464] (-) TimerEvent: {}
[53.725096] (-) TimerEvent: {}
[53.825586] (-) TimerEvent: {}
[53.926116] (-) TimerEvent: {}
[54.026597] (-) TimerEvent: {}
[54.127288] (-) TimerEvent: {}
[54.227843] (-) TimerEvent: {}
[54.328307] (-) TimerEvent: {}
[54.428892] (-) TimerEvent: {}
[54.529399] (-) TimerEvent: {}
[54.629913] (-) TimerEvent: {}
[54.730410] (-) TimerEvent: {}
[54.830876] (-) TimerEvent: {}
[54.931357] (-) TimerEvent: {}
[55.031830] (-) TimerEvent: {}
[55.132285] (-) TimerEvent: {}
[55.232864] (-) TimerEvent: {}
[55.333316] (-) TimerEvent: {}
[55.433799] (-) TimerEvent: {}
[55.534290] (-) TimerEvent: {}
[55.634764] (-) TimerEvent: {}
[55.735266] (-) TimerEvent: {}
[55.835732] (-) TimerEvent: {}
[55.936162] (-) TimerEvent: {}
[56.036667] (-) TimerEvent: {}
[56.137342] (-) TimerEvent: {}
[56.237872] (-) TimerEvent: {}
[56.338293] (-) TimerEvent: {}
[56.438753] (-) TimerEvent: {}
[56.539127] (-) TimerEvent: {}
[56.639443] (-) TimerEvent: {}
[56.739770] (-) TimerEvent: {}
[56.840087] (-) TimerEvent: {}
[56.940489] (-) TimerEvent: {}
[57.041273] (-) TimerEvent: {}
[57.141582] (-) TimerEvent: {}
[57.241902] (-) TimerEvent: {}
[57.342228] (-) TimerEvent: {}
[57.442547] (-) TimerEvent: {}
[57.543058] (-) TimerEvent: {}
[57.643768] (-) TimerEvent: {}
[57.744534] (-) TimerEvent: {}
[57.845353] (-) TimerEvent: {}
[57.946052] (-) TimerEvent: {}
[58.046784] (-) TimerEvent: {}
[58.147593] (-) TimerEvent: {}
[58.248221] (-) TimerEvent: {}
[58.348808] (-) TimerEvent: {}
[58.408793] (qt_robot_control) StdoutLine: {'line': b'[ 33%] Linking CXX executable qt_robot_control\n'}
[58.448872] (-) TimerEvent: {}
[58.549255] (-) TimerEvent: {}
[58.649657] (-) TimerEvent: {}
[58.750063] (-) TimerEvent: {}
[58.850480] (-) TimerEvent: {}
[58.950908] (-) TimerEvent: {}
[59.051352] (-) TimerEvent: {}
[59.151799] (-) TimerEvent: {}
[59.252257] (-) TimerEvent: {}
[59.352806] (-) TimerEvent: {}
[59.453362] (-) TimerEvent: {}
[59.553901] (-) TimerEvent: {}
[59.654396] (-) TimerEvent: {}
[59.754925] (-) TimerEvent: {}
[59.855425] (-) TimerEvent: {}
[59.955942] (-) TimerEvent: {}
[60.056451] (-) TimerEvent: {}
[60.157068] (-) TimerEvent: {}
[60.257689] (-) TimerEvent: {}
[60.358251] (-) TimerEvent: {}
[60.458847] (-) TimerEvent: {}
[60.559410] (-) TimerEvent: {}
[60.660009] (-) TimerEvent: {}
[60.760545] (-) TimerEvent: {}
[60.861311] (-) TimerEvent: {}
[60.961851] (-) TimerEvent: {}
[61.062393] (-) TimerEvent: {}
[61.162960] (-) TimerEvent: {}
[61.263539] (-) TimerEvent: {}
[61.364112] (-) TimerEvent: {}
[61.464848] (-) TimerEvent: {}
[61.565444] (-) TimerEvent: {}
[61.666090] (-) TimerEvent: {}
[61.766607] (-) TimerEvent: {}
[61.867128] (-) TimerEvent: {}
[61.967646] (-) TimerEvent: {}
[62.068086] (-) TimerEvent: {}
[62.168908] (-) TimerEvent: {}
[62.269497] (-) TimerEvent: {}
[62.370037] (-) TimerEvent: {}
[62.470598] (-) TimerEvent: {}
[62.571151] (-) TimerEvent: {}
[62.671667] (-) TimerEvent: {}
[62.772241] (-) TimerEvent: {}
[62.872863] (-) TimerEvent: {}
[62.973408] (-) TimerEvent: {}
[63.073936] (-) TimerEvent: {}
[63.174477] (-) TimerEvent: {}
[63.275045] (-) TimerEvent: {}
[63.375644] (-) TimerEvent: {}
[63.476231] (-) TimerEvent: {}
[63.576827] (-) TimerEvent: {}
[63.677680] (-) TimerEvent: {}
[63.778159] (-) TimerEvent: {}
[63.878712] (-) TimerEvent: {}
[63.979281] (-) TimerEvent: {}
[64.079720] (-) TimerEvent: {}
[64.180282] (-) TimerEvent: {}
[64.281137] (-) TimerEvent: {}
[64.383351] (-) TimerEvent: {}
[64.483950] (-) TimerEvent: {}
[64.584534] (-) TimerEvent: {}
[64.685388] (-) TimerEvent: {}
[64.785990] (-) TimerEvent: {}
[64.886641] (-) TimerEvent: {}
[64.987647] (-) TimerEvent: {}
[65.088269] (-) TimerEvent: {}
[65.189369] (-) TimerEvent: {}
[65.290006] (-) TimerEvent: {}
[65.390631] (-) TimerEvent: {}
[65.491230] (-) TimerEvent: {}
[65.591854] (-) TimerEvent: {}
[65.692441] (-) TimerEvent: {}
[65.793685] (-) TimerEvent: {}
[65.894288] (-) TimerEvent: {}
[65.994921] (-) TimerEvent: {}
[66.095541] (-) TimerEvent: {}
[66.196148] (-) TimerEvent: {}
[66.297182] (-) TimerEvent: {}
[66.397788] (-) TimerEvent: {}
[66.498411] (-) TimerEvent: {}
[66.599019] (-) TimerEvent: {}
[66.699604] (-) TimerEvent: {}
[66.800248] (-) TimerEvent: {}
[66.901150] (-) TimerEvent: {}
[67.001711] (-) TimerEvent: {}
[67.102300] (-) TimerEvent: {}
[67.202895] (-) TimerEvent: {}
[67.303508] (-) TimerEvent: {}
[67.404098] (-) TimerEvent: {}
[67.504920] (-) TimerEvent: {}
[67.605593] (-) TimerEvent: {}
[67.706181] (-) TimerEvent: {}
[67.806779] (-) TimerEvent: {}
[67.907421] (-) TimerEvent: {}
[68.008005] (-) TimerEvent: {}
[68.108613] (-) TimerEvent: {}
[68.209681] (-) TimerEvent: {}
[68.310278] (-) TimerEvent: {}
[68.410883] (-) TimerEvent: {}
[68.511541] (-) TimerEvent: {}
[68.612128] (-) TimerEvent: {}
[68.712885] (-) TimerEvent: {}
[68.813487] (-) TimerEvent: {}
[68.914104] (-) TimerEvent: {}
[69.014763] (-) TimerEvent: {}
[69.115222] (-) TimerEvent: {}
[69.215777] (-) TimerEvent: {}
[69.316851] (-) TimerEvent: {}
[69.417525] (-) TimerEvent: {}
[69.518046] (-) TimerEvent: {}
[69.618457] (-) TimerEvent: {}
[69.718898] (-) TimerEvent: {}
[69.819314] (-) TimerEvent: {}
[69.919737] (-) TimerEvent: {}
[70.020143] (-) TimerEvent: {}
[70.120592] (-) TimerEvent: {}
[70.221331] (-) TimerEvent: {}
[70.321760] (-) TimerEvent: {}
[70.422211] (-) TimerEvent: {}
[70.522631] (-) TimerEvent: {}
[70.623098] (-) TimerEvent: {}
[70.723600] (-) TimerEvent: {}
[70.824123] (-) TimerEvent: {}
[70.924873] (-) TimerEvent: {}
[71.025455] (-) TimerEvent: {}
[71.126069] (-) TimerEvent: {}
[71.226653] (-) TimerEvent: {}
[71.327207] (-) TimerEvent: {}
[71.427804] (-) TimerEvent: {}
[71.528874] (-) TimerEvent: {}
[71.629359] (-) TimerEvent: {}
[71.729818] (-) TimerEvent: {}
[71.830373] (-) TimerEvent: {}
[71.930908] (-) TimerEvent: {}
[72.031411] (-) TimerEvent: {}
[72.131832] (-) TimerEvent: {}
[72.219714] (qt_robot_control) StdoutLine: {'line': b'[100%] Built target qt_robot_control\n'}
[72.232092] (-) TimerEvent: {}
[72.248429] (qt_robot_control) CommandEnded: {'returncode': 0}
[72.250977] (qt_robot_control) JobProgress: {'identifier': 'qt_robot_control', 'progress': 'install'}
[72.275456] (qt_robot_control) Command: {'cmd': ['/usr/bin/cmake', '--install', '/home/HwHiAiUser/wheeltec_ros2/build/qt_robot_control'], 'cwd': '/home/HwHiAiUser/wheeltec_ros2/build/qt_robot_control', 'env': OrderedDict([('SHELL', '/bin/bash'), ('ROS_VERSION', '2'), ('GTK_IM_MODULE', 'ibus'), ('CONDA_EXE', '/usr/local/miniconda3/bin/conda'), ('_CE_M', ''), ('COMPOSER_NO_INTERACTION', '1'), ('ROS_PYTHON_VERSION', '3'), ('MS_ENABLE_GE', '1'), ('MX_SDK_HOME', '/home/HwHiAiUser/work/Mind_SDK/mxVision'), ('VSCODE_SERVER_SHUTDOWN_TIMEOUT', '300'), ('ELECTRON_RUN_AS_NODE', '1'), ('XMODIFIERS', '@im=ibus'), ('NPU_HOST_INC', '/usr/local/Ascend/ascend-toolkit/latest/runtime/include'), ('NPU_HOST_LIB', '/usr/local/Ascend/ascend-toolkit/latest/runtime/lib64/stub/aarch64'), ('PWD', '/home/HwHiAiUser/wheeltec_ros2/build/qt_robot_control'), ('LOGNAME', 'HwHiAiUser'), ('XDG_SESSION_TYPE', 'tty'), ('VSCODE_ESM_ENTRYPOINT', 'vs/workbench/api/node/extensionHostProcess'), ('MOTD_SHOWN', 'pam'), ('GST_PLUGIN_SCANNER', '/home/HwHiAiUser/work/Mind_SDK/mxVision/opensource/libexec/gstreamer-1.0/gst-plugin-scanner'), ('HOME', '/home/HwHiAiUser'), ('LANG', 'C.UTF-8'), ('LS_COLORS', ''), ('FORCE_COLOR', '0'), ('MS_DEV_FORCE_ACL', '1'), ('AMENT_PREFIX_PATH', '/home/HwHiAiUser/wheeltec_ros2/install/yesense_std_ros2:/home/HwHiAiUser/wheeltec_ros2/install/yesense_interface:/home/HwHiAiUser/wheeltec_ros2/install/wheeltec_rviz2:/home/HwHiAiUser/wheeltec_ros2/install/wheeltec_robot_urdf:/home/HwHiAiUser/wheeltec_ros2/install/turn_on_wheeltec_robot:/home/HwHiAiUser/wheeltec_ros2/install/wheeltec_robot_msg:/home/HwHiAiUser/wheeltec_ros2/install/wheeltec_robot_keyboard:/home/HwHiAiUser/wheeltec_ros2/install/wheeltec_gpio_control:/home/HwHiAiUser/wheeltec_ros2/install/web_video_server:/home/HwHiAiUser/wheeltec_ros2/install/usb_cam:/home/HwHiAiUser/wheeltec_ros2/install/tf2_tools:/home/HwHiAiUser/wheeltec_ros2/install/serial:/home/HwHiAiUser/wheeltec_ros2/install/rplidar_ros:/home/HwHiAiUser/wheeltec_ros2/install/lslidar_driver:/home/HwHiAiUser/wheeltec_ros2/install/lslidar_msgs:/home/HwHiAiUser/wheeltec_ros2/install/ldlidar_stl_ros2:/home/HwHiAiUser/wheeltec_ros2/install/ldlidar_sl_ros2:/home/HwHiAiUser/wheeltec_ros2/install/ldlidar:/home/HwHiAiUser/wheeltec_ros2/install/astra_camera:/home/HwHiAiUser/wheeltec_ros2/install/astra_camera_msgs:/home/HwHiAiUser/wheeltec_ros2/install/ackermann_msgs:/opt/ros/humble'), ('CMAKE_PREFIX_PATH', '/home/HwHiAiUser/wheeltec_ros2/install/yesense_std_ros2:/home/HwHiAiUser/wheeltec_ros2/install/yesense_interface:/home/HwHiAiUser/wheeltec_ros2/install/wheeltec_rviz2:/home/HwHiAiUser/wheeltec_ros2/install/wheeltec_robot_urdf:/home/HwHiAiUser/wheeltec_ros2/install/turn_on_wheeltec_robot:/home/HwHiAiUser/wheeltec_ros2/install/wheeltec_robot_msg:/home/HwHiAiUser/wheeltec_ros2/install/web_video_server:/home/HwHiAiUser/wheeltec_ros2/install/usb_cam:/home/HwHiAiUser/wheeltec_ros2/install/serial:/home/HwHiAiUser/wheeltec_ros2/install/rplidar_ros:/home/HwHiAiUser/wheeltec_ros2/install/lslidar_driver:/home/HwHiAiUser/wheeltec_ros2/install/lslidar_msgs:/home/HwHiAiUser/wheeltec_ros2/install/ldlidar_stl_ros2:/home/HwHiAiUser/wheeltec_ros2/install/ldlidar_sl_ros2:/home/HwHiAiUser/wheeltec_ros2/install/ldlidar:/home/HwHiAiUser/wheeltec_ros2/install/astra_camera:/home/HwHiAiUser/wheeltec_ros2/install/astra_camera_msgs:/home/HwHiAiUser/wheeltec_ros2/install/ackermann_msgs:/home/HwHiAiUser/wheeltec_ros2/install/wheeltec_robot_keyboard:/home/HwHiAiUser/wheeltec_ros2/install/wheeltec_gpio_control:/home/HwHiAiUser/wheeltec_ros2/install/tf2_tools:/opt/ros/humble'), ('VSCODE_AGENT_FOLDER', '/home/HwHiAiUser/.cursor-server'), ('VSCODE_L10N_BUNDLE_LOCATION', 'vscode-local:/c%3A/Users/25914/.cursor/extensions/ms-ceintl.vscode-language-pack-zh-hans-1.99.0-universal/translations/extensions/vscode.json-language-features.i18n.json'), ('COLCON_PREFIX_PATH', '/home/HwHiAiUser/wheeltec_ros2/install'), ('SSH_CONNECTION', '10.248.102.23 12022 10.248.102.204 22'), ('TOOLCHAIN_HOME', '/home/HwHiAiUser/Ascend/ascend-toolkit/latest/toolkit'), ('ASCEND_TOOLKIT_HOME', '/home/HwHiAiUser/Ascend/ascend-toolkit/latest'), ('CURSOR_AGENT', '1'), ('LESSCLOSE', '/usr/bin/lesspipe %s %s'), ('XDG_SESSION_CLASS', 'user'), ('VSCODE_HANDLES_SIGPIPE', 'true'), ('PYTHONPATH', '/home/HwHiAiUser/work/Mind_SDK/mxVision/python:/home/HwHiAiUser/Ascend/ascend-toolkit/latest/python/site-packages:/home/HwHiAiUser/Ascend/ascend-toolkit/latest/opp/built-in/op_impl/ai_core/tbe:/home/HwHiAiUser/wheeltec_ros2/install/yesense_interface/local/lib/python3.10/dist-packages:/home/HwHiAiUser/wheeltec_ros2/install/turn_on_wheeltec_robot/local/lib/python3.10/dist-packages:/home/HwHiAiUser/wheeltec_ros2/install/wheeltec_robot_msg/local/lib/python3.10/dist-packages:/home/HwHiAiUser/wheeltec_ros2/install/wheeltec_robot_keyboard/lib/python3.10/site-packages:/home/HwHiAiUser/wheeltec_ros2/install/wheeltec_gpio_control/lib/python3.10/site-packages:/home/HwHiAiUser/wheeltec_ros2/install/tf2_tools/lib/python3.10/site-packages:/home/HwHiAiUser/wheeltec_ros2/install/lslidar_msgs/local/lib/python3.10/dist-packages:/home/HwHiAiUser/wheeltec_ros2/install/astra_camera_msgs/local/lib/python3.10/dist-packages:/home/HwHiAiUser/wheeltec_ros2/install/ackermann_msgs/local/lib/python3.10/dist-packages:/opt/ros/humble/lib/python3.10/site-packages:/opt/ros/humble/local/lib/python3.10/dist-packages:/usr/local/Ascend/ascend-toolkit/latest/python/site-packages:/usr/local/Ascend/ascend-toolkit/latest/opp/built-in/op_impl/ai_core/tbe:/usr/local/Ascend/ascend-toolkit/laster/python/site-packages:/usr/local/Ascend/ascend-toolkit/laster/opp/built-in/op_impl/ai_core/tbe:/usr/local/Ascend/ascend-toolkit/laster/python/site-packages:/usr/local/Ascend/ascend-toolkit/laster/opp/built-in/op_impl/ai_core/tbe:'), ('COLCON', '1'), ('TERM', 'dumb'), ('_CE_CONDA', ''), ('ASCEND_CUSTOM_OPP_PATH', '/home/HwHiAiUser/work/Mind_SDK/mxVision/operators/ascendc/vendors/customize:'), ('LESSOPEN', '| /usr/bin/lesspipe %s'), ('USER', 'HwHiAiUser'), ('CONDA_SHLVL', '0'), ('SHLVL', '2'), ('QT_IM_MODULE', 'ibus'), ('VSCODE_CWD', '/home/HwHiAiUser'), ('XDG_SESSION_ID', '7'), ('NO_COLOR', '1'), ('ASCEND_OPP_PATH', '/home/HwHiAiUser/Ascend/ascend-toolkit/latest/opp'), ('GST_PLUGIN_PATH', '/home/HwHiAiUser/work/Mind_SDK/mxVision/opensource/lib/gstreamer-1.0:/home/HwHiAiUser/work/Mind_SDK/mxVision/lib/plugins'), ('CONDA_PYTHON_EXE', '/usr/local/miniconda3/bin/python'), ('LD_LIBRARY_PATH', '/usr/lib/aarch64-linux-gnu:/usr/lib:/home/HwHiAiUser/work/Mind_SDK/mxVision/operators/ascendc/vendors/customize/op_api/lib:/home/HwHiAiUser/work/Mind_SDK/mxVision/lib/modelpostprocessors:/home/HwHiAiUser/work/Mind_SDK/mxVision/lib:/home/HwHiAiUser/work/Mind_SDK/mxVision/opensource/lib:/home/HwHiAiUser/work/Mind_SDK/mxVision/opensource/lib64:/home/HwHiAiUser/Ascend/ascend-toolkit/latest/tools/aml/lib64:/home/HwHiAiUser/Ascend/ascend-toolkit/latest/tools/aml/lib64/plugin:/home/HwHiAiUser/Ascend/ascend-toolkit/latest/lib64:/home/HwHiAiUser/Ascend/ascend-toolkit/latest/lib64/plugin/opskernel:/home/HwHiAiUser/Ascend/ascend-toolkit/latest/lib64/plugin/nnengine:/home/HwHiAiUser/Ascend/ascend-toolkit/latest/opp/built-in/op_impl/ai_core/tbe/op_tiling/lib/linux/aarch64:/var/davinci/driver/lib64:/var/davinci/driver/lib64/common:/var/davinci/driver/lib64/driver:/home/HwHiAiUser/wheeltec_ros2/install/yesense_interface/lib:/home/HwHiAiUser/wheeltec_ros2/install/turn_on_wheeltec_robot/lib:/home/HwHiAiUser/wheeltec_ros2/install/wheeltec_robot_msg/lib:/home/HwHiAiUser/wheeltec_ros2/install/usb_cam/lib:/home/HwHiAiUser/wheeltec_ros2/install/serial/lib:/home/HwHiAiUser/wheeltec_ros2/install/lslidar_msgs/lib:/home/HwHiAiUser/wheeltec_ros2/install/astra_camera/lib:/home/HwHiAiUser/wheeltec_ros2/install/astra_camera_msgs/lib:/home/HwHiAiUser/wheeltec_ros2/install/ackermann_msgs/lib:/opt/ros/humble/opt/rviz_ogre_vendor/lib:/opt/ros/humble/lib/aarch64-linux-gnu:/opt/ros/humble/lib:/usr/local/Ascend/ascend-toolkit/latest/tools/aml/lib64:/usr/local/Ascend/ascend-toolkit/latest/tools/aml/lib64/plugin:/usr/local/Ascend/ascend-toolkit/latest/lib64:/usr/local/Ascend/ascend-toolkit/latest/lib64/plugin/opskernel:/usr/local/Ascend/ascend-toolkit/latest/lib64/plugin/nnengine:/usr/local/Ascend/ascend-toolkit/latest/opp/built-in/op_impl/ai_core/tbe/op_tiling/lib/linux/aarch64:/lib64:/var/davinci/driver/lib64:/var/davinci/driver/lib64/common:/var/davinci/driver/lib64/driver:/usr/local/Ascend/ascend-toolkit/laster/runtime/lib64/stub/aarch64:/usr/local/Ascend/ascend-toolkit/laster/lib64:/usr/local/Ascend/ascend-toolkit/laster/lib64/plugin/opskernel:/usr/local/Ascend/ascend-toolkit/laster/lib64/plugin/nnengine:/usr/local/Ascend/ascend-toolkit/laster/opp/built-in/op_impl/ai_core/tbe/op_tiling:/usr/local/Ascend/driver/lib64:/var/davinci/driver/lib64:/var/davinci/driver/lib64/common:/var/davinci/driver/lib64/driver:/usr/local/Ascend/ascend-toolkit/laster/runtime/lib64/stub/aarch64:/usr/local/Ascend/ascend-toolkit/laster/lib64:/usr/local/Ascend/ascend-toolkit/laster/lib64/plugin/opskernel:/usr/local/Ascend/ascend-toolkit/laster/lib64/plugin/nnengine:/usr/local/Ascend/ascend-toolkit/laster/opp/built-in/op_impl/ai_core/tbe/op_tiling:/usr/local/Ascend/driver/lib64:/var/davinci/driver/lib64:/var/davinci/driver/lib64/common:/var/davinci/driver/lib64/driver:'), ('ASCEND_AICPU_PATH', '/home/HwHiAiUser/Ascend/ascend-toolkit/latest'), ('XDG_RUNTIME_DIR', '/run/user/1000'), ('ROS_LOCALHOST_ONLY', '0'), ('SSH_CLIENT', '10.248.102.23 12022 22'), ('XDG_DATA_DIRS', '/usr/share/gnome:/usr/local/share:/usr/share:/var/lib/snapd/desktop'), ('BROWSER', '/home/HwHiAiUser/.cursor-server/bin/7236ee799a5bffd9f28fa4fd18bdc6eab5e08df0/bin/helpers/browser.sh'), ('PATH', '/home/HwHiAiUser/.local/bin:/home/HwHiAiUser/Ascend/ascend-toolkit/latest/bin:/home/HwHiAiUser/Ascend/ascend-toolkit/latest/compiler/ccec_compiler/bin:/home/HwHiAiUser/Ascend/ascend-toolkit/latest/tools/ccec_compiler/bin:/opt/ros/humble/bin:/usr/local/Ascend/ascend-toolkit/latest/bin:/usr/local/Ascend/ascend-toolkit/latest/compiler/ccec_compiler/bin:/usr/local/Ascend/ascend-toolkit/latest/tools/ccec_compiler/bin:/usr/local/miniconda3/condabin:/usr/local/Ascend/ascend-toolkit/laster/bin:/usr/local/Ascend/ascend-toolkit/laster/compiler/ccec_compiler/bin:/home/HwHiAiUser/.cursor-server/bin/7236ee799a5bffd9f28fa4fd18bdc6eab5e08df0/bin/remote-cli:/home/HwHiAiUser/.cursor-server/bin/7236ee799a5bffd9f28fa4fd18bdc6eab5e08df0/bin/remote-cli:/home/HwHiAiUser/.local/bin:/usr/local/Ascend/ascend-toolkit/laster/bin:/usr/local/Ascend/ascend-toolkit/laster/compiler/ccec_compiler/bin:/usr/local/sbin:/usr/local/bin:/usr/sbin:/usr/bin:/sbin:/bin:/usr/games:/usr/local/games:/snap/bin:/home/HwHiAiUser/.fishros/bin/'), ('ASCEND_HOME_PATH', '/home/HwHiAiUser/Ascend/ascend-toolkit/latest'), ('DBUS_SESSION_BUS_ADDRESS', 'unix:path=/run/user/1000/bus'), ('VSCODE_NLS_CONFIG', '{"userLocale":"zh-cn","osLocale":"zh-cn","resolvedLanguage":"en","defaultMessagesFile":"/home/HwHiAiUser/.cursor-server/bin/7236ee799a5bffd9f28fa4fd18bdc6eab5e08df0/out/nls.messages.json","locale":"zh-cn","availableLanguages":{}}'), ('ROS_DISTRO', 'humble'), ('VSCODE_HANDLES_UNCAUGHT_ERRORS', 'true'), ('OLDPWD', '/home/HwHiAiUser'), ('VSCODE_IPC_HOOK_CLI', '/run/user/1000/vscode-ipc-98642f8e-2152-44c8-8bc5-3c3283fefe37.sock'), ('_', '/usr/bin/env')]), 'shell': False}
[72.297959] (qt_robot_control) StdoutLine: {'line': b'-- Install configuration: ""\n'}
[72.298653] (qt_robot_control) StdoutLine: {'line': b'-- Installing: /home/HwHiAiUser/wheeltec_ros2/install/qt_robot_control/lib/qt_robot_control/qt_robot_control\n'}
[72.326936] (qt_robot_control) StdoutLine: {'line': b'-- Set runtime path of "/home/HwHiAiUser/wheeltec_ros2/install/qt_robot_control/lib/qt_robot_control/qt_robot_control" to ""\n'}
[72.327504] (qt_robot_control) StdoutLine: {'line': b'-- Up-to-date: /home/HwHiAiUser/wheeltec_ros2/install/qt_robot_control/share/ament_index/resource_index/package_run_dependencies/qt_robot_control\n'}
[72.327796] (qt_robot_control) StdoutLine: {'line': b'-- Up-to-date: /home/HwHiAiUser/wheeltec_ros2/install/qt_robot_control/share/ament_index/resource_index/parent_prefix_path/qt_robot_control\n'}
[72.328026] (qt_robot_control) StdoutLine: {'line': b'-- Up-to-date: /home/HwHiAiUser/wheeltec_ros2/install/qt_robot_control/share/qt_robot_control/environment/ament_prefix_path.sh\n'}
[72.328241] (qt_robot_control) StdoutLine: {'line': b'-- Up-to-date: /home/HwHiAiUser/wheeltec_ros2/install/qt_robot_control/share/qt_robot_control/environment/ament_prefix_path.dsv\n'}
[72.329544] (qt_robot_control) StdoutLine: {'line': b'-- Up-to-date: /home/HwHiAiUser/wheeltec_ros2/install/qt_robot_control/share/qt_robot_control/environment/path.sh\n'}
[72.329842] (qt_robot_control) StdoutLine: {'line': b'-- Up-to-date: /home/HwHiAiUser/wheeltec_ros2/install/qt_robot_control/share/qt_robot_control/environment/path.dsv\n'}
[72.330130] (qt_robot_control) StdoutLine: {'line': b'-- Up-to-date: /home/HwHiAiUser/wheeltec_ros2/install/qt_robot_control/share/qt_robot_control/local_setup.bash\n'}
[72.330344] (qt_robot_control) StdoutLine: {'line': b'-- Up-to-date: /home/HwHiAiUser/wheeltec_ros2/install/qt_robot_control/share/qt_robot_control/local_setup.sh\n'}
[72.330537] (qt_robot_control) StdoutLine: {'line': b'-- Up-to-date: /home/HwHiAiUser/wheeltec_ros2/install/qt_robot_control/share/qt_robot_control/local_setup.zsh\n'}
[72.330738] (qt_robot_control) StdoutLine: {'line': b'-- Up-to-date: /home/HwHiAiUser/wheeltec_ros2/install/qt_robot_control/share/qt_robot_control/local_setup.dsv\n'}
[72.330925] (qt_robot_control) StdoutLine: {'line': b'-- Installing: /home/HwHiAiUser/wheeltec_ros2/install/qt_robot_control/share/qt_robot_control/package.dsv\n'}
[72.332215] (-) TimerEvent: {}
[72.340376] (qt_robot_control) StdoutLine: {'line': b'-- Up-to-date: /home/HwHiAiUser/wheeltec_ros2/install/qt_robot_control/share/ament_index/resource_index/packages/qt_robot_control\n'}
[72.341540] (qt_robot_control) StdoutLine: {'line': b'-- Up-to-date: /home/HwHiAiUser/wheeltec_ros2/install/qt_robot_control/share/qt_robot_control/cmake/qt_robot_controlConfig.cmake\n'}
[72.341939] (qt_robot_control) StdoutLine: {'line': b'-- Up-to-date: /home/HwHiAiUser/wheeltec_ros2/install/qt_robot_control/share/qt_robot_control/cmake/qt_robot_controlConfig-version.cmake\n'}
[72.342763] (qt_robot_control) StdoutLine: {'line': b'-- Up-to-date: /home/HwHiAiUser/wheeltec_ros2/install/qt_robot_control/share/qt_robot_control/package.xml\n'}
[72.344150] (qt_robot_control) CommandEnded: {'returncode': 0}
[72.396269] (qt_robot_control) JobEnded: {'identifier': 'qt_robot_control', 'rc': 0}
[72.399747] (-) EventReactorShutdown: {}
