[0.118s] Invoking command in '/home/HwHiAiUser/wheeltec_ros2/build/ackermann_msgs': CMAKE_PREFIX_PATH=${CMAKE_PREFIX_PATH}:/home/HwHiAiUser/wheeltec_ros2/install/wheeltec_robot_keyboard:/home/HwHiAiUser/wheeltec_ros2/install/wheeltec_gpio_control:/home/HwHiAiUser/wheeltec_ros2/install/tf2_tools:/opt/ros/humble _=/usr/bin/env /usr/bin/cmake --build /home/HwHiAiUser/wheeltec_ros2/build/ackermann_msgs -- -j4 -l4
[0.369s] [  2%] Built target ackermann_msgs__cpp
[0.607s] [  2%] Built target ament_cmake_python_copy_ackermann_msgs
[0.804s] [ 12%] Built target ackermann_msgs__rosidl_typesupport_fastrtps_cpp
[0.915s] [ 23%] Built target ackermann_msgs__rosidl_typesupport_introspection_cpp
[2.585s] running egg_info
[2.590s] writing ackermann_msgs.egg-info/PKG-INFO
[2.594s] writing dependency_links to ackermann_msgs.egg-info/dependency_links.txt
[2.597s] writing top-level names to ackermann_msgs.egg-info/top_level.txt
[2.607s] reading manifest file 'ackermann_msgs.egg-info/SOURCES.txt'
[2.610s] writing manifest file 'ackermann_msgs.egg-info/SOURCES.txt'
[2.840s] [ 23%] Built target ament_cmake_python_build_ackermann_msgs_egg
[3.064s] [ 33%] Built target ackermann_msgs__rosidl_typesupport_cpp
[3.228s] [ 43%] Built target ackermann_msgs__rosidl_generator_c
[3.355s] [ 53%] Built target ackermann_msgs__rosidl_typesupport_fastrtps_c
[3.466s] [ 64%] Built target ackermann_msgs__rosidl_typesupport_c
[3.714s] [ 74%] Built target ackermann_msgs__rosidl_typesupport_introspection_c
[3.888s] [ 74%] Built target ackermann_msgs
[4.058s] [ 76%] Built target ackermann_msgs__py
[4.227s] [ 84%] Built target ackermann_msgs__rosidl_generator_py
[4.364s] [ 89%] Built target ackermann_msgs__rosidl_typesupport_fastrtps_c__pyext
[4.490s] [ 94%] Built target ackermann_msgs__rosidl_typesupport_c__pyext
[4.623s] [100%] Built target ackermann_msgs__rosidl_typesupport_introspection_c__pyext
[4.704s] Invoked command in '/home/HwHiAiUser/wheeltec_ros2/build/ackermann_msgs' returned '0': CMAKE_PREFIX_PATH=${CMAKE_PREFIX_PATH}:/home/HwHiAiUser/wheeltec_ros2/install/wheeltec_robot_keyboard:/home/HwHiAiUser/wheeltec_ros2/install/wheeltec_gpio_control:/home/HwHiAiUser/wheeltec_ros2/install/tf2_tools:/opt/ros/humble _=/usr/bin/env /usr/bin/cmake --build /home/HwHiAiUser/wheeltec_ros2/build/ackermann_msgs -- -j4 -l4
[4.706s] Invoking command in '/home/HwHiAiUser/wheeltec_ros2/build/ackermann_msgs': CMAKE_PREFIX_PATH=${CMAKE_PREFIX_PATH}:/home/HwHiAiUser/wheeltec_ros2/install/wheeltec_robot_keyboard:/home/HwHiAiUser/wheeltec_ros2/install/wheeltec_gpio_control:/home/HwHiAiUser/wheeltec_ros2/install/tf2_tools:/opt/ros/humble _=/usr/bin/env /usr/bin/cmake --install /home/HwHiAiUser/wheeltec_ros2/build/ackermann_msgs
[4.749s] -- Install configuration: ""
[4.750s] -- Up-to-date: /home/HwHiAiUser/wheeltec_ros2/install/ackermann_msgs/share/ament_index/resource_index/rosidl_interfaces/ackermann_msgs
[4.750s] -- Up-to-date: /home/HwHiAiUser/wheeltec_ros2/install/ackermann_msgs/include/ackermann_msgs/ackermann_msgs
[4.762s] -- Up-to-date: /home/HwHiAiUser/wheeltec_ros2/install/ackermann_msgs/include/ackermann_msgs/ackermann_msgs/msg
[4.763s] -- Up-to-date: /home/HwHiAiUser/wheeltec_ros2/install/ackermann_msgs/include/ackermann_msgs/ackermann_msgs/msg/detail
[4.765s] -- Up-to-date: /home/HwHiAiUser/wheeltec_ros2/install/ackermann_msgs/include/ackermann_msgs/ackermann_msgs/msg/detail/ackermann_drive__struct.h
[4.765s] -- Up-to-date: /home/HwHiAiUser/wheeltec_ros2/install/ackermann_msgs/include/ackermann_msgs/ackermann_msgs/msg/detail/ackermann_drive_stamped__functions.c
[4.766s] -- Up-to-date: /home/HwHiAiUser/wheeltec_ros2/install/ackermann_msgs/include/ackermann_msgs/ackermann_msgs/msg/detail/ackermann_drive_stamped__functions.h
[4.766s] -- Up-to-date: /home/HwHiAiUser/wheeltec_ros2/install/ackermann_msgs/include/ackermann_msgs/ackermann_msgs/msg/detail/ackermann_drive__functions.h
[4.766s] -- Up-to-date: /home/HwHiAiUser/wheeltec_ros2/install/ackermann_msgs/include/ackermann_msgs/ackermann_msgs/msg/detail/ackermann_drive_stamped__type_support.h
[4.768s] -- Up-to-date: /home/HwHiAiUser/wheeltec_ros2/install/ackermann_msgs/include/ackermann_msgs/ackermann_msgs/msg/detail/ackermann_drive__type_support.h
[4.768s] -- Up-to-date: /home/HwHiAiUser/wheeltec_ros2/install/ackermann_msgs/include/ackermann_msgs/ackermann_msgs/msg/detail/ackermann_drive__functions.c
[4.768s] -- Up-to-date: /home/HwHiAiUser/wheeltec_ros2/install/ackermann_msgs/include/ackermann_msgs/ackermann_msgs/msg/detail/ackermann_drive_stamped__struct.h
[4.768s] -- Up-to-date: /home/HwHiAiUser/wheeltec_ros2/install/ackermann_msgs/include/ackermann_msgs/ackermann_msgs/msg/rosidl_generator_c__visibility_control.h
[4.769s] -- Up-to-date: /home/HwHiAiUser/wheeltec_ros2/install/ackermann_msgs/include/ackermann_msgs/ackermann_msgs/msg/ackermann_drive_stamped.h
[4.769s] -- Up-to-date: /home/HwHiAiUser/wheeltec_ros2/install/ackermann_msgs/include/ackermann_msgs/ackermann_msgs/msg/ackermann_drive.h
[4.769s] -- Up-to-date: /home/HwHiAiUser/wheeltec_ros2/install/ackermann_msgs/share/ackermann_msgs/environment/library_path.sh
[4.769s] -- Up-to-date: /home/HwHiAiUser/wheeltec_ros2/install/ackermann_msgs/share/ackermann_msgs/environment/library_path.dsv
[4.773s] -- Up-to-date: /home/HwHiAiUser/wheeltec_ros2/install/ackermann_msgs/lib/libackermann_msgs__rosidl_generator_c.so
[4.773s] -- Up-to-date: /home/HwHiAiUser/wheeltec_ros2/install/ackermann_msgs/include/ackermann_msgs/ackermann_msgs
[4.773s] -- Up-to-date: /home/HwHiAiUser/wheeltec_ros2/install/ackermann_msgs/include/ackermann_msgs/ackermann_msgs/msg
[4.774s] -- Up-to-date: /home/HwHiAiUser/wheeltec_ros2/install/ackermann_msgs/include/ackermann_msgs/ackermann_msgs/msg/detail
[4.775s] -- Up-to-date: /home/HwHiAiUser/wheeltec_ros2/install/ackermann_msgs/include/ackermann_msgs/ackermann_msgs/msg/detail/ackermann_drive_stamped__rosidl_typesupport_fastrtps_c.h
[4.775s] -- Up-to-date: /home/HwHiAiUser/wheeltec_ros2/install/ackermann_msgs/include/ackermann_msgs/ackermann_msgs/msg/detail/ackermann_drive__rosidl_typesupport_fastrtps_c.h
[4.775s] -- Up-to-date: /home/HwHiAiUser/wheeltec_ros2/install/ackermann_msgs/include/ackermann_msgs/ackermann_msgs/msg/rosidl_typesupport_fastrtps_c__visibility_control.h
[4.776s] -- Up-to-date: /home/HwHiAiUser/wheeltec_ros2/install/ackermann_msgs/lib/libackermann_msgs__rosidl_typesupport_fastrtps_c.so
[4.776s] -- Up-to-date: /home/HwHiAiUser/wheeltec_ros2/install/ackermann_msgs/include/ackermann_msgs/ackermann_msgs
[4.776s] -- Up-to-date: /home/HwHiAiUser/wheeltec_ros2/install/ackermann_msgs/include/ackermann_msgs/ackermann_msgs/msg
[4.776s] -- Up-to-date: /home/HwHiAiUser/wheeltec_ros2/install/ackermann_msgs/include/ackermann_msgs/ackermann_msgs/msg/detail
[4.776s] -- Up-to-date: /home/HwHiAiUser/wheeltec_ros2/install/ackermann_msgs/include/ackermann_msgs/ackermann_msgs/msg/detail/ackermann_drive_stamped__type_support.c
[4.777s] -- Up-to-date: /home/HwHiAiUser/wheeltec_ros2/install/ackermann_msgs/include/ackermann_msgs/ackermann_msgs/msg/detail/ackermann_drive__type_support.c
[4.777s] -- Up-to-date: /home/HwHiAiUser/wheeltec_ros2/install/ackermann_msgs/include/ackermann_msgs/ackermann_msgs/msg/detail/ackermann_drive__rosidl_typesupport_introspection_c.h
[4.777s] -- Up-to-date: /home/HwHiAiUser/wheeltec_ros2/install/ackermann_msgs/include/ackermann_msgs/ackermann_msgs/msg/detail/ackermann_drive_stamped__rosidl_typesupport_introspection_c.h
[4.777s] -- Up-to-date: /home/HwHiAiUser/wheeltec_ros2/install/ackermann_msgs/include/ackermann_msgs/ackermann_msgs/msg/rosidl_typesupport_introspection_c__visibility_control.h
[4.777s] -- Up-to-date: /home/HwHiAiUser/wheeltec_ros2/install/ackermann_msgs/lib/libackermann_msgs__rosidl_typesupport_introspection_c.so
[4.777s] -- Up-to-date: /home/HwHiAiUser/wheeltec_ros2/install/ackermann_msgs/lib/libackermann_msgs__rosidl_typesupport_c.so
[4.778s] -- Up-to-date: /home/HwHiAiUser/wheeltec_ros2/install/ackermann_msgs/include/ackermann_msgs/ackermann_msgs
[4.778s] -- Up-to-date: /home/HwHiAiUser/wheeltec_ros2/install/ackermann_msgs/include/ackermann_msgs/ackermann_msgs/msg
[4.778s] -- Up-to-date: /home/HwHiAiUser/wheeltec_ros2/install/ackermann_msgs/include/ackermann_msgs/ackermann_msgs/msg/detail
[4.778s] -- Up-to-date: /home/HwHiAiUser/wheeltec_ros2/install/ackermann_msgs/include/ackermann_msgs/ackermann_msgs/msg/detail/ackermann_drive_stamped__struct.hpp
[4.784s] -- Up-to-date: /home/HwHiAiUser/wheeltec_ros2/install/ackermann_msgs/include/ackermann_msgs/ackermann_msgs/msg/detail/ackermann_drive__traits.hpp
[4.785s] -- Up-to-date: /home/HwHiAiUser/wheeltec_ros2/install/ackermann_msgs/include/ackermann_msgs/ackermann_msgs/msg/detail/ackermann_drive__builder.hpp
[4.786s] -- Up-to-date: /home/HwHiAiUser/wheeltec_ros2/install/ackermann_msgs/include/ackermann_msgs/ackermann_msgs/msg/detail/ackermann_drive_stamped__traits.hpp
[4.786s] -- Up-to-date: /home/HwHiAiUser/wheeltec_ros2/install/ackermann_msgs/include/ackermann_msgs/ackermann_msgs/msg/detail/ackermann_drive__struct.hpp
[4.795s] -- Up-to-date: /home/HwHiAiUser/wheeltec_ros2/install/ackermann_msgs/include/ackermann_msgs/ackermann_msgs/msg/detail/ackermann_drive_stamped__type_support.hpp
[4.795s] -- Up-to-date: /home/HwHiAiUser/wheeltec_ros2/install/ackermann_msgs/include/ackermann_msgs/ackermann_msgs/msg/detail/ackermann_drive__type_support.hpp
[4.796s] -- Up-to-date: /home/HwHiAiUser/wheeltec_ros2/install/ackermann_msgs/include/ackermann_msgs/ackermann_msgs/msg/detail/ackermann_drive_stamped__builder.hpp
[4.796s] -- Up-to-date: /home/HwHiAiUser/wheeltec_ros2/install/ackermann_msgs/include/ackermann_msgs/ackermann_msgs/msg/rosidl_generator_cpp__visibility_control.hpp
[4.796s] -- Up-to-date: /home/HwHiAiUser/wheeltec_ros2/install/ackermann_msgs/include/ackermann_msgs/ackermann_msgs/msg/ackermann_drive.hpp
[4.796s] -- Up-to-date: /home/HwHiAiUser/wheeltec_ros2/install/ackermann_msgs/include/ackermann_msgs/ackermann_msgs/msg/ackermann_drive_stamped.hpp
[4.797s] -- Up-to-date: /home/HwHiAiUser/wheeltec_ros2/install/ackermann_msgs/include/ackermann_msgs/ackermann_msgs
[4.797s] -- Up-to-date: /home/HwHiAiUser/wheeltec_ros2/install/ackermann_msgs/include/ackermann_msgs/ackermann_msgs/msg
[4.798s] -- Up-to-date: /home/HwHiAiUser/wheeltec_ros2/install/ackermann_msgs/include/ackermann_msgs/ackermann_msgs/msg/detail
[4.798s] -- Up-to-date: /home/HwHiAiUser/wheeltec_ros2/install/ackermann_msgs/include/ackermann_msgs/ackermann_msgs/msg/detail/dds_fastrtps
[4.798s] -- Up-to-date: /home/HwHiAiUser/wheeltec_ros2/install/ackermann_msgs/include/ackermann_msgs/ackermann_msgs/msg/detail/ackermann_drive__rosidl_typesupport_fastrtps_cpp.hpp
[4.799s] -- Up-to-date: /home/HwHiAiUser/wheeltec_ros2/install/ackermann_msgs/include/ackermann_msgs/ackermann_msgs/msg/detail/ackermann_drive_stamped__rosidl_typesupport_fastrtps_cpp.hpp
[4.799s] -- Up-to-date: /home/HwHiAiUser/wheeltec_ros2/install/ackermann_msgs/include/ackermann_msgs/ackermann_msgs/msg/rosidl_typesupport_fastrtps_cpp__visibility_control.h
[4.799s] -- Up-to-date: /home/HwHiAiUser/wheeltec_ros2/install/ackermann_msgs/lib/libackermann_msgs__rosidl_typesupport_fastrtps_cpp.so
[4.799s] -- Up-to-date: /home/HwHiAiUser/wheeltec_ros2/install/ackermann_msgs/include/ackermann_msgs/ackermann_msgs
[4.800s] -- Up-to-date: /home/HwHiAiUser/wheeltec_ros2/install/ackermann_msgs/include/ackermann_msgs/ackermann_msgs/msg
[4.800s] -- Up-to-date: /home/HwHiAiUser/wheeltec_ros2/install/ackermann_msgs/include/ackermann_msgs/ackermann_msgs/msg/detail
[4.800s] -- Up-to-date: /home/HwHiAiUser/wheeltec_ros2/install/ackermann_msgs/include/ackermann_msgs/ackermann_msgs/msg/detail/ackermann_drive_stamped__rosidl_typesupport_introspection_cpp.hpp
[4.800s] -- Up-to-date: /home/HwHiAiUser/wheeltec_ros2/install/ackermann_msgs/include/ackermann_msgs/ackermann_msgs/msg/detail/ackermann_drive__type_support.cpp
[4.800s] -- Up-to-date: /home/HwHiAiUser/wheeltec_ros2/install/ackermann_msgs/include/ackermann_msgs/ackermann_msgs/msg/detail/ackermann_drive__rosidl_typesupport_introspection_cpp.hpp
[4.801s] -- Up-to-date: /home/HwHiAiUser/wheeltec_ros2/install/ackermann_msgs/include/ackermann_msgs/ackermann_msgs/msg/detail/ackermann_drive_stamped__type_support.cpp
[4.801s] -- Up-to-date: /home/HwHiAiUser/wheeltec_ros2/install/ackermann_msgs/lib/libackermann_msgs__rosidl_typesupport_introspection_cpp.so
[4.801s] -- Up-to-date: /home/HwHiAiUser/wheeltec_ros2/install/ackermann_msgs/lib/libackermann_msgs__rosidl_typesupport_cpp.so
[4.801s] -- Up-to-date: /home/HwHiAiUser/wheeltec_ros2/install/ackermann_msgs/share/ackermann_msgs/environment/pythonpath.sh
[4.802s] -- Up-to-date: /home/HwHiAiUser/wheeltec_ros2/install/ackermann_msgs/share/ackermann_msgs/environment/pythonpath.dsv
[4.802s] -- Up-to-date: /home/HwHiAiUser/wheeltec_ros2/install/ackermann_msgs/local/lib/python3.10/dist-packages/ackermann_msgs-2.0.2-py3.10.egg-info
[4.802s] -- Installing: /home/HwHiAiUser/wheeltec_ros2/install/ackermann_msgs/local/lib/python3.10/dist-packages/ackermann_msgs-2.0.2-py3.10.egg-info/dependency_links.txt
[4.807s] -- Installing: /home/HwHiAiUser/wheeltec_ros2/install/ackermann_msgs/local/lib/python3.10/dist-packages/ackermann_msgs-2.0.2-py3.10.egg-info/SOURCES.txt
[4.807s] -- Installing: /home/HwHiAiUser/wheeltec_ros2/install/ackermann_msgs/local/lib/python3.10/dist-packages/ackermann_msgs-2.0.2-py3.10.egg-info/PKG-INFO
[4.808s] -- Installing: /home/HwHiAiUser/wheeltec_ros2/install/ackermann_msgs/local/lib/python3.10/dist-packages/ackermann_msgs-2.0.2-py3.10.egg-info/top_level.txt
[4.808s] -- Up-to-date: /home/HwHiAiUser/wheeltec_ros2/install/ackermann_msgs/local/lib/python3.10/dist-packages/ackermann_msgs
[4.808s] -- Up-to-date: /home/HwHiAiUser/wheeltec_ros2/install/ackermann_msgs/local/lib/python3.10/dist-packages/ackermann_msgs/__init__.py
[4.808s] -- Up-to-date: /home/HwHiAiUser/wheeltec_ros2/install/ackermann_msgs/local/lib/python3.10/dist-packages/ackermann_msgs/ackermann_msgs_s__rosidl_typesupport_fastrtps_c.cpython-310-aarch64-linux-gnu.so
[4.809s] -- Up-to-date: /home/HwHiAiUser/wheeltec_ros2/install/ackermann_msgs/local/lib/python3.10/dist-packages/ackermann_msgs/msg
[4.809s] -- Up-to-date: /home/HwHiAiUser/wheeltec_ros2/install/ackermann_msgs/local/lib/python3.10/dist-packages/ackermann_msgs/msg/_ackermann_drive_stamped.py
[4.809s] -- Up-to-date: /home/HwHiAiUser/wheeltec_ros2/install/ackermann_msgs/local/lib/python3.10/dist-packages/ackermann_msgs/msg/__init__.py
[4.809s] -- Up-to-date: /home/HwHiAiUser/wheeltec_ros2/install/ackermann_msgs/local/lib/python3.10/dist-packages/ackermann_msgs/msg/_ackermann_drive_stamped_s.c
[4.809s] -- Up-to-date: /home/HwHiAiUser/wheeltec_ros2/install/ackermann_msgs/local/lib/python3.10/dist-packages/ackermann_msgs/msg/_ackermann_drive.py
[4.810s] -- Up-to-date: /home/HwHiAiUser/wheeltec_ros2/install/ackermann_msgs/local/lib/python3.10/dist-packages/ackermann_msgs/msg/_ackermann_drive_s.c
[4.810s] -- Up-to-date: /home/HwHiAiUser/wheeltec_ros2/install/ackermann_msgs/local/lib/python3.10/dist-packages/ackermann_msgs/_ackermann_msgs_s.ep.rosidl_typesupport_introspection_c.c
[4.810s] -- Up-to-date: /home/HwHiAiUser/wheeltec_ros2/install/ackermann_msgs/local/lib/python3.10/dist-packages/ackermann_msgs/ackermann_msgs_s__rosidl_typesupport_introspection_c.cpython-310-aarch64-linux-gnu.so
[4.815s] -- Up-to-date: /home/HwHiAiUser/wheeltec_ros2/install/ackermann_msgs/local/lib/python3.10/dist-packages/ackermann_msgs/_ackermann_msgs_s.ep.rosidl_typesupport_c.c
[4.815s] -- Up-to-date: /home/HwHiAiUser/wheeltec_ros2/install/ackermann_msgs/local/lib/python3.10/dist-packages/ackermann_msgs/libackermann_msgs__rosidl_generator_py.so
[4.816s] -- Up-to-date: /home/HwHiAiUser/wheeltec_ros2/install/ackermann_msgs/local/lib/python3.10/dist-packages/ackermann_msgs/ackermann_msgs_s__rosidl_typesupport_c.cpython-310-aarch64-linux-gnu.so
[4.816s] -- Up-to-date: /home/HwHiAiUser/wheeltec_ros2/install/ackermann_msgs/local/lib/python3.10/dist-packages/ackermann_msgs/_ackermann_msgs_s.ep.rosidl_typesupport_fastrtps_c.c
[5.308s] Listing '/home/HwHiAiUser/wheeltec_ros2/install/ackermann_msgs/local/lib/python3.10/dist-packages/ackermann_msgs'...
[5.308s] Listing '/home/HwHiAiUser/wheeltec_ros2/install/ackermann_msgs/local/lib/python3.10/dist-packages/ackermann_msgs/msg'...
[5.360s] -- Up-to-date: /home/HwHiAiUser/wheeltec_ros2/install/ackermann_msgs/local/lib/python3.10/dist-packages/ackermann_msgs/ackermann_msgs_s__rosidl_typesupport_fastrtps_c.cpython-310-aarch64-linux-gnu.so
[5.360s] -- Up-to-date: /home/HwHiAiUser/wheeltec_ros2/install/ackermann_msgs/local/lib/python3.10/dist-packages/ackermann_msgs/ackermann_msgs_s__rosidl_typesupport_introspection_c.cpython-310-aarch64-linux-gnu.so
[5.360s] -- Up-to-date: /home/HwHiAiUser/wheeltec_ros2/install/ackermann_msgs/local/lib/python3.10/dist-packages/ackermann_msgs/ackermann_msgs_s__rosidl_typesupport_c.cpython-310-aarch64-linux-gnu.so
[5.361s] -- Up-to-date: /home/HwHiAiUser/wheeltec_ros2/install/ackermann_msgs/lib/libackermann_msgs__rosidl_generator_py.so
[5.361s] -- Up-to-date: /home/HwHiAiUser/wheeltec_ros2/install/ackermann_msgs/share/ackermann_msgs/msg/AckermannDrive.idl
[5.361s] -- Up-to-date: /home/HwHiAiUser/wheeltec_ros2/install/ackermann_msgs/share/ackermann_msgs/msg/AckermannDriveStamped.idl
[5.361s] -- Up-to-date: /home/HwHiAiUser/wheeltec_ros2/install/ackermann_msgs/share/ackermann_msgs/msg/AckermannDrive.msg
[5.361s] -- Up-to-date: /home/HwHiAiUser/wheeltec_ros2/install/ackermann_msgs/share/ackermann_msgs/msg/AckermannDriveStamped.msg
[5.362s] -- Up-to-date: /home/HwHiAiUser/wheeltec_ros2/install/ackermann_msgs/share/ament_index/resource_index/package_run_dependencies/ackermann_msgs
[5.362s] -- Up-to-date: /home/HwHiAiUser/wheeltec_ros2/install/ackermann_msgs/share/ament_index/resource_index/parent_prefix_path/ackermann_msgs
[5.379s] -- Up-to-date: /home/HwHiAiUser/wheeltec_ros2/install/ackermann_msgs/share/ackermann_msgs/environment/ament_prefix_path.sh
[5.379s] -- Up-to-date: /home/HwHiAiUser/wheeltec_ros2/install/ackermann_msgs/share/ackermann_msgs/environment/ament_prefix_path.dsv
[5.380s] -- Up-to-date: /home/HwHiAiUser/wheeltec_ros2/install/ackermann_msgs/share/ackermann_msgs/environment/path.sh
[5.380s] -- Up-to-date: /home/HwHiAiUser/wheeltec_ros2/install/ackermann_msgs/share/ackermann_msgs/environment/path.dsv
[5.380s] -- Up-to-date: /home/HwHiAiUser/wheeltec_ros2/install/ackermann_msgs/share/ackermann_msgs/local_setup.bash
[5.380s] -- Up-to-date: /home/HwHiAiUser/wheeltec_ros2/install/ackermann_msgs/share/ackermann_msgs/local_setup.sh
[5.381s] -- Up-to-date: /home/HwHiAiUser/wheeltec_ros2/install/ackermann_msgs/share/ackermann_msgs/local_setup.zsh
[5.381s] -- Up-to-date: /home/HwHiAiUser/wheeltec_ros2/install/ackermann_msgs/share/ackermann_msgs/local_setup.dsv
[5.381s] -- Installing: /home/HwHiAiUser/wheeltec_ros2/install/ackermann_msgs/share/ackermann_msgs/package.dsv
[5.381s] -- Up-to-date: /home/HwHiAiUser/wheeltec_ros2/install/ackermann_msgs/share/ament_index/resource_index/packages/ackermann_msgs
[5.382s] -- Up-to-date: /home/HwHiAiUser/wheeltec_ros2/install/ackermann_msgs/share/ackermann_msgs/cmake/export_ackermann_msgs__rosidl_generator_cExport.cmake
[5.382s] -- Up-to-date: /home/HwHiAiUser/wheeltec_ros2/install/ackermann_msgs/share/ackermann_msgs/cmake/export_ackermann_msgs__rosidl_generator_cExport-noconfig.cmake
[5.382s] -- Up-to-date: /home/HwHiAiUser/wheeltec_ros2/install/ackermann_msgs/share/ackermann_msgs/cmake/export_ackermann_msgs__rosidl_typesupport_fastrtps_cExport.cmake
[5.394s] -- Up-to-date: /home/HwHiAiUser/wheeltec_ros2/install/ackermann_msgs/share/ackermann_msgs/cmake/export_ackermann_msgs__rosidl_typesupport_fastrtps_cExport-noconfig.cmake
[5.394s] -- Up-to-date: /home/HwHiAiUser/wheeltec_ros2/install/ackermann_msgs/share/ackermann_msgs/cmake/ackermann_msgs__rosidl_typesupport_introspection_cExport.cmake
[5.395s] -- Up-to-date: /home/HwHiAiUser/wheeltec_ros2/install/ackermann_msgs/share/ackermann_msgs/cmake/ackermann_msgs__rosidl_typesupport_introspection_cExport-noconfig.cmake
[5.395s] -- Up-to-date: /home/HwHiAiUser/wheeltec_ros2/install/ackermann_msgs/share/ackermann_msgs/cmake/ackermann_msgs__rosidl_typesupport_cExport.cmake
[5.395s] -- Up-to-date: /home/HwHiAiUser/wheeltec_ros2/install/ackermann_msgs/share/ackermann_msgs/cmake/ackermann_msgs__rosidl_typesupport_cExport-noconfig.cmake
[5.395s] -- Up-to-date: /home/HwHiAiUser/wheeltec_ros2/install/ackermann_msgs/share/ackermann_msgs/cmake/export_ackermann_msgs__rosidl_generator_cppExport.cmake
[5.396s] -- Up-to-date: /home/HwHiAiUser/wheeltec_ros2/install/ackermann_msgs/share/ackermann_msgs/cmake/export_ackermann_msgs__rosidl_typesupport_fastrtps_cppExport.cmake
[5.396s] -- Up-to-date: /home/HwHiAiUser/wheeltec_ros2/install/ackermann_msgs/share/ackermann_msgs/cmake/export_ackermann_msgs__rosidl_typesupport_fastrtps_cppExport-noconfig.cmake
[5.396s] -- Up-to-date: /home/HwHiAiUser/wheeltec_ros2/install/ackermann_msgs/share/ackermann_msgs/cmake/ackermann_msgs__rosidl_typesupport_introspection_cppExport.cmake
[5.396s] -- Up-to-date: /home/HwHiAiUser/wheeltec_ros2/install/ackermann_msgs/share/ackermann_msgs/cmake/ackermann_msgs__rosidl_typesupport_introspection_cppExport-noconfig.cmake
[5.397s] -- Up-to-date: /home/HwHiAiUser/wheeltec_ros2/install/ackermann_msgs/share/ackermann_msgs/cmake/ackermann_msgs__rosidl_typesupport_cppExport.cmake
[5.400s] -- Up-to-date: /home/HwHiAiUser/wheeltec_ros2/install/ackermann_msgs/share/ackermann_msgs/cmake/ackermann_msgs__rosidl_typesupport_cppExport-noconfig.cmake
[5.409s] -- Up-to-date: /home/HwHiAiUser/wheeltec_ros2/install/ackermann_msgs/share/ackermann_msgs/cmake/export_ackermann_msgs__rosidl_generator_pyExport.cmake
[5.409s] -- Up-to-date: /home/HwHiAiUser/wheeltec_ros2/install/ackermann_msgs/share/ackermann_msgs/cmake/export_ackermann_msgs__rosidl_generator_pyExport-noconfig.cmake
[5.409s] -- Up-to-date: /home/HwHiAiUser/wheeltec_ros2/install/ackermann_msgs/share/ackermann_msgs/cmake/rosidl_cmake-extras.cmake
[5.410s] -- Up-to-date: /home/HwHiAiUser/wheeltec_ros2/install/ackermann_msgs/share/ackermann_msgs/cmake/ament_cmake_export_dependencies-extras.cmake
[5.410s] -- Up-to-date: /home/HwHiAiUser/wheeltec_ros2/install/ackermann_msgs/share/ackermann_msgs/cmake/ament_cmake_export_include_directories-extras.cmake
[5.425s] -- Up-to-date: /home/HwHiAiUser/wheeltec_ros2/install/ackermann_msgs/share/ackermann_msgs/cmake/ament_cmake_export_libraries-extras.cmake
[5.425s] -- Up-to-date: /home/HwHiAiUser/wheeltec_ros2/install/ackermann_msgs/share/ackermann_msgs/cmake/ament_cmake_export_targets-extras.cmake
[5.426s] -- Up-to-date: /home/HwHiAiUser/wheeltec_ros2/install/ackermann_msgs/share/ackermann_msgs/cmake/rosidl_cmake_export_typesupport_targets-extras.cmake
[5.426s] -- Up-to-date: /home/HwHiAiUser/wheeltec_ros2/install/ackermann_msgs/share/ackermann_msgs/cmake/rosidl_cmake_export_typesupport_libraries-extras.cmake
[5.427s] -- Up-to-date: /home/HwHiAiUser/wheeltec_ros2/install/ackermann_msgs/share/ackermann_msgs/cmake/ackermann_msgsConfig.cmake
[5.427s] -- Up-to-date: /home/HwHiAiUser/wheeltec_ros2/install/ackermann_msgs/share/ackermann_msgs/cmake/ackermann_msgsConfig-version.cmake
[5.427s] -- Up-to-date: /home/HwHiAiUser/wheeltec_ros2/install/ackermann_msgs/share/ackermann_msgs/package.xml
[5.440s] Invoked command in '/home/HwHiAiUser/wheeltec_ros2/build/ackermann_msgs' returned '0': CMAKE_PREFIX_PATH=${CMAKE_PREFIX_PATH}:/home/HwHiAiUser/wheeltec_ros2/install/wheeltec_robot_keyboard:/home/HwHiAiUser/wheeltec_ros2/install/wheeltec_gpio_control:/home/HwHiAiUser/wheeltec_ros2/install/tf2_tools:/opt/ros/humble _=/usr/bin/env /usr/bin/cmake --install /home/HwHiAiUser/wheeltec_ros2/build/ackermann_msgs
