[31mCMake Error at CMakeLists.txt:54 (add_executable):
  Target "qt_robot_control" links to target "sensor_msgs::sensor_msgs" but
  the target was not found.  Perhaps a find_package() call is missing for an
  IMPORTED target, or an ALIAS target is missing?

[0m
[31mCMake Error at CMakeLists.txt:54 (add_executable):
  Target "qt_robot_control" links to target "nav_msgs::nav_msgs" but the
  target was not found.  Perhaps a find_package() call is missing for an
  IMPORTED target, or an ALIAS target is missing?

[0m
[31mCMake Error at CMakeLists.txt:54 (add_executable):
  Target "qt_robot_control" links to target "geometry_msgs::geometry_msgs"
  but the target was not found.  Perhaps a find_package() call is missing for
  an IMPORTED target, or an ALIAS target is missing?

[0m
[31mCMake Error at CMakeLists.txt:54 (add_executable):
  Target "qt_robot_control" links to target "std_msgs::std_msgs" but the
  target was not found.  Perhaps a find_package() call is missing for an
  IMPORTED target, or an ALIAS target is missing?

[0m
[0mCMake Generate step failed.  Build files cannot be regenerated correctly.[0m
