[0.184s] Invoking command in '/home/HwHiAiUser/wheeltec_ros2/build/qt_robot_control': CMAKE_PREFIX_PATH=${CMAKE_PREFIX_PATH}:/home/HwHiAiUser/wheeltec_ros2/install/wheeltec_robot_keyboard:/home/HwHiAiUser/wheeltec_ros2/install/wheeltec_gpio_control:/home/HwHiAiUser/wheeltec_ros2/install/tf2_tools:/opt/ros/humble _=/usr/bin/env /usr/bin/cmake /home/HwHiAiUser/wheeltec_ros2/src/qt_robot_control -DCMAKE_INSTALL_PREFIX=/home/HwHiAiUser/wheeltec_ros2/install/qt_robot_control
[0.639s] -- The C compiler identification is GNU 11.4.0
[1.006s] -- The CXX compiler identification is GNU 11.4.0
[1.031s] -- Detecting C compiler ABI info
[1.522s] -- Detecting C compiler ABI info - done
[1.591s] -- Check for working C compiler: /usr/bin/cc - skipped
[1.594s] -- Detecting C compile features
[1.596s] -- Detecting C compile features - done
[1.612s] -- Detecting CXX compiler ABI info
[2.179s] -- Detecting CXX compiler ABI info - done
[2.223s] -- Check for working CXX compiler: /usr/bin/c++ - skipped
[2.224s] -- Detecting CXX compile features
[2.226s] -- Detecting CXX compile features - done
[2.235s] -- Found ament_cmake: 1.3.12 (/opt/ros/humble/share/ament_cmake/cmake)
[3.703s] -- Found Python3: /usr/bin/python3 (found version "3.10.12") found components: Interpreter 
[4.664s] -- Found rclcpp: 16.0.15 (/opt/ros/humble/share/rclcpp/cmake)
[4.958s] -- Found rosidl_generator_c: 3.1.7 (/opt/ros/humble/share/rosidl_generator_c/cmake)
[4.983s] -- Found rosidl_adapter: 3.1.7 (/opt/ros/humble/share/rosidl_adapter/cmake)
[5.023s] -- Found rosidl_generator_cpp: 3.1.7 (/opt/ros/humble/share/rosidl_generator_cpp/cmake)
[5.090s] -- Using all available rosidl_typesupport_c: rosidl_typesupport_fastrtps_c;rosidl_typesupport_introspection_c
[5.187s] -- Using all available rosidl_typesupport_cpp: rosidl_typesupport_fastrtps_cpp;rosidl_typesupport_introspection_cpp
[5.472s] -- Found rmw_implementation_cmake: 6.1.2 (/opt/ros/humble/share/rmw_implementation_cmake/cmake)
[5.486s] -- Found rmw_fastrtps_cpp: 6.2.9 (/opt/ros/humble/share/rmw_fastrtps_cpp/cmake)
[5.932s] -- Found OpenSSL: /usr/lib/aarch64-linux-gnu/libcrypto.so (found version "3.0.2")  
[6.285s] -- Found FastRTPS: /opt/ros/humble/include  
[6.541s] -- Using RMW implementation 'rmw_fastrtps_cpp' as default
[6.606s] -- Looking for pthread.h
[7.169s] -- Looking for pthread.h - found
[7.170s] -- Performing Test CMAKE_HAVE_LIBC_PTHREAD
[7.813s] -- Performing Test CMAKE_HAVE_LIBC_PTHREAD - Success
[7.835s] -- Found Threads: TRUE  
[8.327s] -- Found sensor_msgs: 4.9.0 (/opt/ros/humble/share/sensor_msgs/cmake)
[8.526s] -- Found nav_msgs: 4.9.0 (/opt/ros/humble/share/nav_msgs/cmake)
[8.695s] -- Found cv_bridge: 3.2.1 (/opt/ros/humble/share/cv_bridge/cmake)
[8.750s] -- Found image_transport: 3.1.12 (/opt/ros/humble/share/image_transport/cmake)
[8.947s] -- Found OpenCV: /usr (found version "4.5.4") 
[8.966s] -- Found tf2_ros: 0.25.16 (/opt/ros/humble/share/tf2_ros/cmake)
[9.528s] -- Found tf2_geometry_msgs: 0.25.16 (/opt/ros/humble/share/tf2_geometry_msgs/cmake)
[9.692s] -- Found eigen3_cmake_module: 0.1.1 (/opt/ros/humble/share/eigen3_cmake_module/cmake)
[9.710s] -- Found Eigen3: TRUE (found version "3.4.0") 
[9.712s] -- Ensuring Eigen3 include directory is part of orocos-kdl CMake target
[9.771s] -- Found rviz_common: 11.2.22 (/opt/ros/humble/share/rviz_common/cmake)
[9.889s] -- Setting assimp_DIR to: '/opt/ros/humble/share/rviz_assimp_vendor/cmake/../../../opt/rviz_assimp_vendor/lib/cmake/assimp-4.1'
[9.935s] -- Setting OGRE_DIR to: '/opt/ros/humble/share/rviz_ogre_vendor/cmake/../../../opt/rviz_ogre_vendor/lib/OGRE/cmake'
[9.939s] -- Found OGRE
[9.939s] --   static     : OFF
[9.939s] --   components : HLMS;MeshLodGenerator;Overlay;Paging;Property;RTShaderSystem;Terrain;Volume
[9.940s] --   plugins    : Plugin_BSPSceneManager;Plugin_OctreeSceneManager;Plugin_PCZSceneManager;Plugin_ParticleFX;RenderSystem_GL;RenderSystem_GL3Plus;Codec_STBI
[9.942s] --   media      : /opt/ros/humble/opt/rviz_ogre_vendor/share/OGRE/Media
[9.942s] -- OGRE_LIBRARIES: OgreHLMS;OgreMeshLodGenerator;OgreOverlay;OgrePaging;OgreProperty;OgreRTShaderSystem;OgreTerrain;OgreVolume;OgreMain
[9.943s] -- OGRE_LIBRARY_DIRS: /opt/ros/humble/opt/rviz_ogre_vendor/lib
[9.943s] -- OGRE_PLUGINS: Plugin_BSPSceneManager;Plugin_OctreeSceneManager;Plugin_PCZSceneManager;Plugin_ParticleFX;RenderSystem_GL;RenderSystem_GL3Plus;Codec_STBI
[9.944s] -- OGRE_PLUGIN_DIR: /opt/ros/humble/opt/rviz_ogre_vendor/lib/OGRE
[9.944s] -- rviz_ogre_vendor::OgreOverlay for IMPORTED_LOCATION_RELEASE: /opt/ros/humble/opt/rviz_ogre_vendor/lib/libOgreOverlay.so
[9.944s] -- rviz_ogre_vendor::OgreOverlay for IMPORTED_LOCATION_DEBUG: /opt/ros/humble/opt/rviz_ogre_vendor/lib/libOgreOverlay.so
[9.944s] -- rviz_ogre_vendor::OgreMain for IMPORTED_LOCATION_RELEASE: /opt/ros/humble/opt/rviz_ogre_vendor/lib/libOgreMain.so
[9.945s] -- rviz_ogre_vendor::OgreMain for IMPORTED_LOCATION_DEBUG: /opt/ros/humble/opt/rviz_ogre_vendor/lib/libOgreMain.so
[9.947s] -- Could not find freeimage library
[10.128s] -- Found ZLIB: /usr/lib/aarch64-linux-gnu/libz.so (found version "1.2.11") 
[10.205s] -- Found OpenGL: /usr/lib/aarch64-linux-gnu/libOpenGL.so   
[11.109s] -- Found X11: /usr/include   
[11.113s] -- Looking for XOpenDisplay in /usr/lib/aarch64-linux-gnu/libX11.so;/usr/lib/aarch64-linux-gnu/libXext.so
[11.758s] -- Looking for XOpenDisplay in /usr/lib/aarch64-linux-gnu/libX11.so;/usr/lib/aarch64-linux-gnu/libXext.so - found
[11.763s] -- Looking for gethostbyname
[12.118s] -- Looking for gethostbyname - found
[12.121s] -- Looking for connect
[12.807s] -- Looking for connect - found
[12.808s] -- Looking for remove
[13.471s] -- Looking for remove - found
[13.472s] -- Looking for shmat
[14.024s] -- Looking for shmat - found
[14.025s] -- Looking for IceConnectionNumber in ICE
[14.672s] -- Looking for IceConnectionNumber in ICE - found
[15.149s] -- library: /usr/lib/aarch64-linux-gnu/libcurl.so
[15.431s] -- Found ament_lint_auto: 0.12.14 (/opt/ros/humble/share/ament_lint_auto/cmake)
[16.026s] -- Added test 'copyright' to check source files copyright and LICENSE
[16.030s] -- Added test 'cppcheck' to perform static code analysis on C / C++ code
[16.032s] -- Configured cppcheck include dirs: /home/HwHiAiUser/wheeltec_ros2/src/qt_robot_control/include
[16.033s] -- Configured cppcheck exclude dirs and/or files: 
[16.036s] -- Added test 'cpplint' to check C / C++ code against the Google style
[16.037s] -- Configured cpplint exclude dirs and/or files: 
[16.039s] -- Added test 'flake8' to check Python code syntax and style conventions
[16.041s] -- Added test 'lint_cmake' to check CMake code style
[16.043s] -- Added test 'pep257' to check Python code against some of the docstring style conventions in PEP 257
[16.047s] -- Added test 'uncrustify' to check C / C++ code style
[16.047s] -- Configured uncrustify additional arguments: 
[16.049s] -- Added test 'xmllint' to check XML markup files
[16.057s] -- Configuring done
[16.280s] [31mCMake Error at CMakeLists.txt:54 (add_executable):
[16.280s]   Target "qt_robot_control" links to target "sensor_msgs::sensor_msgs" but
[16.281s]   the target was not found.  Perhaps a find_package() call is missing for an
[16.281s]   IMPORTED target, or an ALIAS target is missing?
[16.284s] 
[16.284s] [0m
[16.285s] [31mCMake Error at CMakeLists.txt:54 (add_executable):
[16.290s]   Target "qt_robot_control" links to target "nav_msgs::nav_msgs" but the
[16.290s]   target was not found.  Perhaps a find_package() call is missing for an
[16.291s]   IMPORTED target, or an ALIAS target is missing?
[16.291s] 
[16.291s] [0m
[16.291s] [31mCMake Error at CMakeLists.txt:54 (add_executable):
[16.292s]   Target "qt_robot_control" links to target "geometry_msgs::geometry_msgs"
[16.292s]   but the target was not found.  Perhaps a find_package() call is missing for
[16.292s]   an IMPORTED target, or an ALIAS target is missing?
[16.308s] 
[16.308s] [0m
[16.308s] [31mCMake Error at CMakeLists.txt:54 (add_executable):
[16.308s]   Target "qt_robot_control" links to target "std_msgs::std_msgs" but the
[16.309s]   target was not found.  Perhaps a find_package() call is missing for an
[16.314s]   IMPORTED target, or an ALIAS target is missing?
[16.314s] 
[16.315s] [0m
[16.332s] -- Generating done
[16.334s] [0mCMake Generate step failed.  Build files cannot be regenerated correctly.[0m
[16.412s] Invoked command in '/home/HwHiAiUser/wheeltec_ros2/build/qt_robot_control' returned '1': CMAKE_PREFIX_PATH=${CMAKE_PREFIX_PATH}:/home/HwHiAiUser/wheeltec_ros2/install/wheeltec_robot_keyboard:/home/HwHiAiUser/wheeltec_ros2/install/wheeltec_gpio_control:/home/HwHiAiUser/wheeltec_ros2/install/tf2_tools:/opt/ros/humble _=/usr/bin/env /usr/bin/cmake /home/HwHiAiUser/wheeltec_ros2/src/qt_robot_control -DCMAKE_INSTALL_PREFIX=/home/HwHiAiUser/wheeltec_ros2/install/qt_robot_control
