[0.890s] Invoking command in '/home/HwHiAiUser/wheeltec_ros2/build/usb_cam': CMAKE_PREFIX_PATH=${CMAKE_PREFIX_PATH}:/home/HwHiAiUser/wheeltec_ros2/install/wheeltec_robot_keyboard:/home/HwHiAiUser/wheeltec_ros2/install/tf2_tools:/opt/ros/humble _=/usr/bin/env /usr/bin/cmake --build /home/HwHiAiUser/wheeltec_ros2/build/usb_cam -- -j4 -l4
[1.097s] [ 14%] Built target usb_cam
[1.189s] [ 28%] Built target gtest
[1.339s] [ 42%] Built target usb_cam_node
[1.429s] [ 57%] Built target gtest_main
[1.502s] [ 71%] Built target usb_cam_node_exe
[1.570s] [ 85%] Built target test_pixel_formats
[1.644s] [100%] Built target test_usb_cam_utils
[2.032s] Invoked command in '/home/HwHiAiUser/wheeltec_ros2/build/usb_cam' returned '0': CMAKE_PREFIX_PATH=${CMAKE_PREFIX_PATH}:/home/HwHiAiUser/wheeltec_ros2/install/wheeltec_robot_keyboard:/home/HwHiAiUser/wheeltec_ros2/install/tf2_tools:/opt/ros/humble _=/usr/bin/env /usr/bin/cmake --build /home/HwHiAiUser/wheeltec_ros2/build/usb_cam -- -j4 -l4
[2.038s] Invoking command in '/home/HwHiAiUser/wheeltec_ros2/build/usb_cam': CMAKE_PREFIX_PATH=${CMAKE_PREFIX_PATH}:/home/HwHiAiUser/wheeltec_ros2/install/wheeltec_robot_keyboard:/home/HwHiAiUser/wheeltec_ros2/install/tf2_tools:/opt/ros/humble _=/usr/bin/env /usr/bin/cmake --install /home/HwHiAiUser/wheeltec_ros2/build/usb_cam
[2.066s] -- Install configuration: ""
[2.066s] -- Up-to-date: /home/HwHiAiUser/wheeltec_ros2/install/usb_cam/share/usb_cam/environment/library_path.sh
[2.067s] -- Up-to-date: /home/HwHiAiUser/wheeltec_ros2/install/usb_cam/share/usb_cam/environment/library_path.dsv
[2.069s] -- Up-to-date: /home/HwHiAiUser/wheeltec_ros2/install/usb_cam/lib/usb_cam/usb_cam_node_exe
[2.069s] -- Up-to-date: /home/HwHiAiUser/wheeltec_ros2/install/usb_cam/lib/usb_cam/show_image.py
[2.071s] -- Up-to-date: /home/HwHiAiUser/wheeltec_ros2/install/usb_cam/lib/libusb_cam.so
[2.076s] -- Up-to-date: /home/HwHiAiUser/wheeltec_ros2/install/usb_cam/lib/libusb_cam_node.so
[2.079s] -- Up-to-date: /home/HwHiAiUser/wheeltec_ros2/install/usb_cam/include
[2.094s] -- Up-to-date: /home/HwHiAiUser/wheeltec_ros2/install/usb_cam/include/usb_cam
[2.094s] -- Up-to-date: /home/HwHiAiUser/wheeltec_ros2/install/usb_cam/include/usb_cam/usb_cam.hpp
[2.095s] -- Up-to-date: /home/HwHiAiUser/wheeltec_ros2/install/usb_cam/include/usb_cam/constants.hpp
[2.099s] -- Up-to-date: /home/HwHiAiUser/wheeltec_ros2/install/usb_cam/include/usb_cam/formats
[2.099s] -- Up-to-date: /home/HwHiAiUser/wheeltec_ros2/install/usb_cam/include/usb_cam/formats/uyvy.hpp
[2.100s] -- Up-to-date: /home/HwHiAiUser/wheeltec_ros2/install/usb_cam/include/usb_cam/formats/mjpeg.hpp
[2.100s] -- Up-to-date: /home/HwHiAiUser/wheeltec_ros2/install/usb_cam/include/usb_cam/formats/yuyv.hpp
[2.100s] -- Up-to-date: /home/HwHiAiUser/wheeltec_ros2/install/usb_cam/include/usb_cam/formats/mono.hpp
[2.100s] -- Up-to-date: /home/HwHiAiUser/wheeltec_ros2/install/usb_cam/include/usb_cam/formats/utils.hpp
[2.100s] -- Up-to-date: /home/HwHiAiUser/wheeltec_ros2/install/usb_cam/include/usb_cam/formats/pixel_format_base.hpp
[2.100s] -- Up-to-date: /home/HwHiAiUser/wheeltec_ros2/install/usb_cam/include/usb_cam/formats/rgb.hpp
[2.101s] -- Up-to-date: /home/HwHiAiUser/wheeltec_ros2/install/usb_cam/include/usb_cam/formats/m420.hpp
[2.101s] -- Up-to-date: /home/HwHiAiUser/wheeltec_ros2/install/usb_cam/include/usb_cam/utils.hpp
[2.101s] -- Up-to-date: /home/HwHiAiUser/wheeltec_ros2/install/usb_cam/include/usb_cam/conversions.hpp
[2.101s] -- Up-to-date: /home/HwHiAiUser/wheeltec_ros2/install/usb_cam/include/usb_cam/usb_cam_node.hpp
[2.113s] -- Up-to-date: /home/HwHiAiUser/wheeltec_ros2/install/usb_cam/lib/libusb_cam_node.so
[2.125s] -- Up-to-date: /home/HwHiAiUser/wheeltec_ros2/install/usb_cam/share/usb_cam/launch
[2.126s] -- Up-to-date: /home/HwHiAiUser/wheeltec_ros2/install/usb_cam/share/usb_cam/launch/demo.launch.py
[2.126s] -- Up-to-date: /home/HwHiAiUser/wheeltec_ros2/install/usb_cam/share/usb_cam/launch/usb_cam_launch.py
[2.127s] -- Up-to-date: /home/HwHiAiUser/wheeltec_ros2/install/usb_cam/share/usb_cam/config
[2.127s] -- Up-to-date: /home/HwHiAiUser/wheeltec_ros2/install/usb_cam/share/usb_cam/config/camera_info.yaml
[2.128s] -- Up-to-date: /home/HwHiAiUser/wheeltec_ros2/install/usb_cam/share/usb_cam/config/params.yaml
[2.128s] -- Up-to-date: /home/HwHiAiUser/wheeltec_ros2/install/usb_cam/share/ament_index/resource_index/package_run_dependencies/usb_cam
[2.128s] -- Up-to-date: /home/HwHiAiUser/wheeltec_ros2/install/usb_cam/share/ament_index/resource_index/parent_prefix_path/usb_cam
[2.129s] -- Up-to-date: /home/HwHiAiUser/wheeltec_ros2/install/usb_cam/share/usb_cam/environment/ament_prefix_path.sh
[2.129s] -- Up-to-date: /home/HwHiAiUser/wheeltec_ros2/install/usb_cam/share/usb_cam/environment/ament_prefix_path.dsv
[2.129s] -- Up-to-date: /home/HwHiAiUser/wheeltec_ros2/install/usb_cam/share/usb_cam/environment/path.sh
[2.129s] -- Up-to-date: /home/HwHiAiUser/wheeltec_ros2/install/usb_cam/share/usb_cam/environment/path.dsv
[2.129s] -- Up-to-date: /home/HwHiAiUser/wheeltec_ros2/install/usb_cam/share/usb_cam/local_setup.bash
[2.130s] -- Up-to-date: /home/HwHiAiUser/wheeltec_ros2/install/usb_cam/share/usb_cam/local_setup.sh
[2.130s] -- Up-to-date: /home/HwHiAiUser/wheeltec_ros2/install/usb_cam/share/usb_cam/local_setup.zsh
[2.130s] -- Up-to-date: /home/HwHiAiUser/wheeltec_ros2/install/usb_cam/share/usb_cam/local_setup.dsv
[2.132s] -- Installing: /home/HwHiAiUser/wheeltec_ros2/install/usb_cam/share/usb_cam/package.dsv
[2.132s] -- Up-to-date: /home/HwHiAiUser/wheeltec_ros2/install/usb_cam/share/ament_index/resource_index/packages/usb_cam
[2.133s] -- Up-to-date: /home/HwHiAiUser/wheeltec_ros2/install/usb_cam/share/ament_index/resource_index/rclcpp_components/usb_cam
[2.133s] -- Up-to-date: /home/HwHiAiUser/wheeltec_ros2/install/usb_cam/share/usb_cam/cmake/ament_cmake_export_libraries-extras.cmake
[2.133s] -- Up-to-date: /home/HwHiAiUser/wheeltec_ros2/install/usb_cam/share/usb_cam/cmake/ament_cmake_export_dependencies-extras.cmake
[2.133s] -- Up-to-date: /home/HwHiAiUser/wheeltec_ros2/install/usb_cam/share/usb_cam/cmake/ament_cmake_export_include_directories-extras.cmake
[2.134s] -- Up-to-date: /home/HwHiAiUser/wheeltec_ros2/install/usb_cam/share/usb_cam/cmake/usb_camConfig.cmake
[2.134s] -- Up-to-date: /home/HwHiAiUser/wheeltec_ros2/install/usb_cam/share/usb_cam/cmake/usb_camConfig-version.cmake
[2.134s] -- Up-to-date: /home/HwHiAiUser/wheeltec_ros2/install/usb_cam/share/usb_cam/package.xml
[2.182s] Invoked command in '/home/HwHiAiUser/wheeltec_ros2/build/usb_cam' returned '0': CMAKE_PREFIX_PATH=${CMAKE_PREFIX_PATH}:/home/HwHiAiUser/wheeltec_ros2/install/wheeltec_robot_keyboard:/home/HwHiAiUser/wheeltec_ros2/install/tf2_tools:/opt/ros/humble _=/usr/bin/env /usr/bin/cmake --install /home/HwHiAiUser/wheeltec_ros2/build/usb_cam
