[0.083s] Invoking command in '/home/HwHiAiUser/wheeltec_ros2/build/yesense_interface': CMAKE_PREFIX_PATH=${CMAKE_PREFIX_PATH}:/home/HwHiAiUser/wheeltec_ros2/install/wheeltec_robot_keyboard:/home/HwHiAiUser/wheeltec_ros2/install/wheeltec_gpio_control:/home/HwHiAiUser/wheeltec_ros2/install/tf2_tools:/opt/ros/humble _=/usr/bin/env /usr/bin/cmake --build /home/HwHiAiUser/wheeltec_ros2/build/yesense_interface -- -j4 -l4
[0.510s] [  0%] Built target yesense_interface__cpp
[0.688s] [  0%] Built target ament_cmake_python_copy_yesense_interface
[1.016s] [ 12%] Built target yesense_interface__rosidl_typesupport_fastrtps_cpp
[1.156s] [ 25%] Built target yesense_interface__rosidl_typesupport_introspection_cpp
[2.679s] running egg_info
[2.691s] writing yesense_interface.egg-info/PKG-INFO
[2.691s] writing dependency_links to yesense_interface.egg-info/dependency_links.txt
[2.691s] writing top-level names to yesense_interface.egg-info/top_level.txt
[2.701s] reading manifest file 'yesense_interface.egg-info/SOURCES.txt'
[2.704s] writing manifest file 'yesense_interface.egg-info/SOURCES.txt'
[2.898s] [ 25%] Built target ament_cmake_python_build_yesense_interface_egg
[2.982s] [ 37%] Built target yesense_interface__rosidl_typesupport_cpp
[3.071s] [ 49%] Built target yesense_interface__rosidl_generator_c
[3.183s] [ 61%] Built target yesense_interface__rosidl_typesupport_fastrtps_c
[3.258s] [ 73%] Built target yesense_interface__rosidl_typesupport_c
[3.351s] [ 85%] Built target yesense_interface__rosidl_typesupport_introspection_c
[3.414s] [ 85%] Built target yesense_interface
[3.492s] [ 86%] Built target yesense_interface__py
[3.638s] [ 97%] Built target yesense_interface__rosidl_generator_py
[3.756s] [ 98%] Built target yesense_interface__rosidl_typesupport_fastrtps_c__pyext
[3.842s] [ 99%] Built target yesense_interface__rosidl_typesupport_c__pyext
[3.921s] [100%] Built target yesense_interface__rosidl_typesupport_introspection_c__pyext
[4.039s] Invoked command in '/home/HwHiAiUser/wheeltec_ros2/build/yesense_interface' returned '0': CMAKE_PREFIX_PATH=${CMAKE_PREFIX_PATH}:/home/HwHiAiUser/wheeltec_ros2/install/wheeltec_robot_keyboard:/home/HwHiAiUser/wheeltec_ros2/install/wheeltec_gpio_control:/home/HwHiAiUser/wheeltec_ros2/install/tf2_tools:/opt/ros/humble _=/usr/bin/env /usr/bin/cmake --build /home/HwHiAiUser/wheeltec_ros2/build/yesense_interface -- -j4 -l4
[4.041s] Invoking command in '/home/HwHiAiUser/wheeltec_ros2/build/yesense_interface': CMAKE_PREFIX_PATH=${CMAKE_PREFIX_PATH}:/home/HwHiAiUser/wheeltec_ros2/install/wheeltec_robot_keyboard:/home/HwHiAiUser/wheeltec_ros2/install/wheeltec_gpio_control:/home/HwHiAiUser/wheeltec_ros2/install/tf2_tools:/opt/ros/humble _=/usr/bin/env /usr/bin/cmake --install /home/HwHiAiUser/wheeltec_ros2/build/yesense_interface
[4.117s] -- Install configuration: ""
[4.117s] -- Up-to-date: /home/HwHiAiUser/wheeltec_ros2/install/yesense_interface/share/ament_index/resource_index/rosidl_interfaces/yesense_interface
[4.122s] -- Up-to-date: /home/HwHiAiUser/wheeltec_ros2/install/yesense_interface/include/yesense_interface/yesense_interface
[4.122s] -- Up-to-date: /home/HwHiAiUser/wheeltec_ros2/install/yesense_interface/include/yesense_interface/yesense_interface/msg
[4.122s] -- Up-to-date: /home/HwHiAiUser/wheeltec_ros2/install/yesense_interface/include/yesense_interface/yesense_interface/msg/attitude_min_ahrs.h
[4.122s] -- Up-to-date: /home/HwHiAiUser/wheeltec_ros2/install/yesense_interface/include/yesense_interface/yesense_interface/msg/detail
[4.122s] -- Up-to-date: /home/HwHiAiUser/wheeltec_ros2/install/yesense_interface/include/yesense_interface/yesense_interface/msg/detail/tid__functions.h
[4.123s] -- Up-to-date: /home/HwHiAiUser/wheeltec_ros2/install/yesense_interface/include/yesense_interface/yesense_interface/msg/detail/utc__functions.h
[4.123s] -- Up-to-date: /home/HwHiAiUser/wheeltec_ros2/install/yesense_interface/include/yesense_interface/yesense_interface/msg/detail/attitude_min_vru__type_support.h
[4.123s] -- Up-to-date: /home/HwHiAiUser/wheeltec_ros2/install/yesense_interface/include/yesense_interface/yesense_interface/msg/detail/quat__struct.h
[4.123s] -- Up-to-date: /home/HwHiAiUser/wheeltec_ros2/install/yesense_interface/include/yesense_interface/yesense_interface/msg/detail/imu_data__type_support.h
[4.130s] -- Up-to-date: /home/HwHiAiUser/wheeltec_ros2/install/yesense_interface/include/yesense_interface/yesense_interface/msg/detail/quat__functions.h
[4.131s] -- Up-to-date: /home/HwHiAiUser/wheeltec_ros2/install/yesense_interface/include/yesense_interface/yesense_interface/msg/detail/pos_only__struct.h
[4.131s] -- Up-to-date: /home/HwHiAiUser/wheeltec_ros2/install/yesense_interface/include/yesense_interface/yesense_interface/msg/detail/three_axis__functions.c
[4.131s] -- Up-to-date: /home/HwHiAiUser/wheeltec_ros2/install/yesense_interface/include/yesense_interface/yesense_interface/msg/detail/quat__type_support.h
[4.131s] -- Up-to-date: /home/HwHiAiUser/wheeltec_ros2/install/yesense_interface/include/yesense_interface/yesense_interface/msg/detail/utc__functions.c
[4.132s] -- Up-to-date: /home/HwHiAiUser/wheeltec_ros2/install/yesense_interface/include/yesense_interface/yesense_interface/msg/detail/robot_lord__functions.h
[4.133s] -- Up-to-date: /home/HwHiAiUser/wheeltec_ros2/install/yesense_interface/include/yesense_interface/yesense_interface/msg/detail/three_axis__functions.h
[4.133s] -- Up-to-date: /home/HwHiAiUser/wheeltec_ros2/install/yesense_interface/include/yesense_interface/yesense_interface/msg/detail/nav_min__type_support.h
[4.134s] -- Up-to-date: /home/HwHiAiUser/wheeltec_ros2/install/yesense_interface/include/yesense_interface/yesense_interface/msg/detail/sensor_temp__struct.h
[4.135s] -- Up-to-date: /home/HwHiAiUser/wheeltec_ros2/install/yesense_interface/include/yesense_interface/yesense_interface/msg/detail/quat__functions.c
[4.135s] -- Up-to-date: /home/HwHiAiUser/wheeltec_ros2/install/yesense_interface/include/yesense_interface/yesense_interface/msg/detail/sample_timestamp__functions.h
[4.136s] -- Up-to-date: /home/HwHiAiUser/wheeltec_ros2/install/yesense_interface/include/yesense_interface/yesense_interface/msg/detail/imu_data__functions.c
[4.136s] -- Up-to-date: /home/HwHiAiUser/wheeltec_ros2/install/yesense_interface/include/yesense_interface/yesense_interface/msg/detail/sensor_temp__functions.h
[4.136s] -- Up-to-date: /home/HwHiAiUser/wheeltec_ros2/install/yesense_interface/include/yesense_interface/yesense_interface/msg/detail/nav_all__functions.c
[4.136s] -- Up-to-date: /home/HwHiAiUser/wheeltec_ros2/install/yesense_interface/include/yesense_interface/yesense_interface/msg/detail/utc__struct.h
[4.137s] -- Up-to-date: /home/HwHiAiUser/wheeltec_ros2/install/yesense_interface/include/yesense_interface/yesense_interface/msg/detail/gnss_pos__type_support.h
[4.137s] -- Up-to-date: /home/HwHiAiUser/wheeltec_ros2/install/yesense_interface/include/yesense_interface/yesense_interface/msg/detail/sensor_temp__type_support.h
[4.137s] -- Up-to-date: /home/HwHiAiUser/wheeltec_ros2/install/yesense_interface/include/yesense_interface/yesense_interface/msg/detail/utc__type_support.h
[4.137s] -- Up-to-date: /home/HwHiAiUser/wheeltec_ros2/install/yesense_interface/include/yesense_interface/yesense_interface/msg/detail/robot_lord__struct.h
[4.137s] -- Up-to-date: /home/HwHiAiUser/wheeltec_ros2/install/yesense_interface/include/yesense_interface/yesense_interface/msg/detail/tid__type_support.h
[4.137s] -- Up-to-date: /home/HwHiAiUser/wheeltec_ros2/install/yesense_interface/include/yesense_interface/yesense_interface/msg/detail/attitude_min_vru__struct.h
[4.138s] -- Up-to-date: /home/HwHiAiUser/wheeltec_ros2/install/yesense_interface/include/yesense_interface/yesense_interface/msg/detail/gnss_pos__functions.h
[4.138s] -- Up-to-date: /home/HwHiAiUser/wheeltec_ros2/install/yesense_interface/include/yesense_interface/yesense_interface/msg/detail/nav_min__functions.c
[4.138s] -- Up-to-date: /home/HwHiAiUser/wheeltec_ros2/install/yesense_interface/include/yesense_interface/yesense_interface/msg/detail/vel__functions.h
[4.138s] -- Up-to-date: /home/HwHiAiUser/wheeltec_ros2/install/yesense_interface/include/yesense_interface/yesense_interface/msg/detail/nav_min__functions.h
[4.138s] -- Up-to-date: /home/HwHiAiUser/wheeltec_ros2/install/yesense_interface/include/yesense_interface/yesense_interface/msg/detail/nav_min_utc__type_support.h
[4.139s] -- Up-to-date: /home/HwHiAiUser/wheeltec_ros2/install/yesense_interface/include/yesense_interface/yesense_interface/msg/detail/three_axis__type_support.h
[4.139s] -- Up-to-date: /home/HwHiAiUser/wheeltec_ros2/install/yesense_interface/include/yesense_interface/yesense_interface/msg/detail/nav_min_utc__functions.c
[4.150s] -- Up-to-date: /home/HwHiAiUser/wheeltec_ros2/install/yesense_interface/include/yesense_interface/yesense_interface/msg/detail/pos_only__functions.c
[4.151s] -- Up-to-date: /home/HwHiAiUser/wheeltec_ros2/install/yesense_interface/include/yesense_interface/yesense_interface/msg/detail/robot_lord__functions.c
[4.151s] -- Up-to-date: /home/HwHiAiUser/wheeltec_ros2/install/yesense_interface/include/yesense_interface/yesense_interface/msg/detail/pressure__type_support.h
[4.151s] -- Up-to-date: /home/HwHiAiUser/wheeltec_ros2/install/yesense_interface/include/yesense_interface/yesense_interface/msg/detail/attitude_min_ahrs__type_support.h
[4.151s] -- Up-to-date: /home/HwHiAiUser/wheeltec_ros2/install/yesense_interface/include/yesense_interface/yesense_interface/msg/detail/attitude_all_data__functions.h
[4.152s] -- Up-to-date: /home/HwHiAiUser/wheeltec_ros2/install/yesense_interface/include/yesense_interface/yesense_interface/msg/detail/attitude_all_data__functions.c
[4.152s] -- Up-to-date: /home/HwHiAiUser/wheeltec_ros2/install/yesense_interface/include/yesense_interface/yesense_interface/msg/detail/sample_timestamp__struct.h
[4.152s] -- Up-to-date: /home/HwHiAiUser/wheeltec_ros2/install/yesense_interface/include/yesense_interface/yesense_interface/msg/detail/tid__struct.h
[4.153s] -- Up-to-date: /home/HwHiAiUser/wheeltec_ros2/install/yesense_interface/include/yesense_interface/yesense_interface/msg/detail/euler_angle__type_support.h
[4.153s] -- Up-to-date: /home/HwHiAiUser/wheeltec_ros2/install/yesense_interface/include/yesense_interface/yesense_interface/msg/detail/nav_min_utc__struct.h
[4.154s] -- Up-to-date: /home/HwHiAiUser/wheeltec_ros2/install/yesense_interface/include/yesense_interface/yesense_interface/msg/detail/euler_only__functions.c
[4.154s] -- Up-to-date: /home/HwHiAiUser/wheeltec_ros2/install/yesense_interface/include/yesense_interface/yesense_interface/msg/detail/imu_data_ten_axis__functions.h
[4.154s] -- Up-to-date: /home/HwHiAiUser/wheeltec_ros2/install/yesense_interface/include/yesense_interface/yesense_interface/msg/detail/pressure__struct.h
[4.154s] -- Up-to-date: /home/HwHiAiUser/wheeltec_ros2/install/yesense_interface/include/yesense_interface/yesense_interface/msg/detail/gnss_pos__functions.c
[4.155s] -- Up-to-date: /home/HwHiAiUser/wheeltec_ros2/install/yesense_interface/include/yesense_interface/yesense_interface/msg/detail/nav_min_utc__functions.h
[4.155s] -- Up-to-date: /home/HwHiAiUser/wheeltec_ros2/install/yesense_interface/include/yesense_interface/yesense_interface/msg/detail/attitude_min_vru__functions.h
[4.162s] -- Up-to-date: /home/HwHiAiUser/wheeltec_ros2/install/yesense_interface/include/yesense_interface/yesense_interface/msg/detail/imu_data__struct.h
[4.162s] -- Up-to-date: /home/HwHiAiUser/wheeltec_ros2/install/yesense_interface/include/yesense_interface/yesense_interface/msg/detail/attitude_all_data__struct.h
[4.165s] -- Up-to-date: /home/HwHiAiUser/wheeltec_ros2/install/yesense_interface/include/yesense_interface/yesense_interface/msg/detail/gnss_pos__struct.h
[4.166s] -- Up-to-date: /home/HwHiAiUser/wheeltec_ros2/install/yesense_interface/include/yesense_interface/yesense_interface/msg/detail/imu_data_ten_axis__functions.c
[4.166s] -- Up-to-date: /home/HwHiAiUser/wheeltec_ros2/install/yesense_interface/include/yesense_interface/yesense_interface/msg/detail/three_axis__struct.h
[4.177s] -- Up-to-date: /home/HwHiAiUser/wheeltec_ros2/install/yesense_interface/include/yesense_interface/yesense_interface/msg/detail/sample_timestamp__functions.c
[4.178s] -- Up-to-date: /home/HwHiAiUser/wheeltec_ros2/install/yesense_interface/include/yesense_interface/yesense_interface/msg/detail/imu_data__functions.h
[4.178s] -- Up-to-date: /home/HwHiAiUser/wheeltec_ros2/install/yesense_interface/include/yesense_interface/yesense_interface/msg/detail/attitude_min_ahrs__functions.c
[4.178s] -- Up-to-date: /home/HwHiAiUser/wheeltec_ros2/install/yesense_interface/include/yesense_interface/yesense_interface/msg/detail/euler_only__functions.h
[4.179s] -- Up-to-date: /home/HwHiAiUser/wheeltec_ros2/install/yesense_interface/include/yesense_interface/yesense_interface/msg/detail/nav_all__type_support.h
[4.179s] -- Up-to-date: /home/HwHiAiUser/wheeltec_ros2/install/yesense_interface/include/yesense_interface/yesense_interface/msg/detail/euler_angle__functions.h
[4.179s] -- Up-to-date: /home/HwHiAiUser/wheeltec_ros2/install/yesense_interface/include/yesense_interface/yesense_interface/msg/detail/pos_only__functions.h
[4.181s] -- Up-to-date: /home/HwHiAiUser/wheeltec_ros2/install/yesense_interface/include/yesense_interface/yesense_interface/msg/detail/nav_all__struct.h
[4.184s] -- Up-to-date: /home/HwHiAiUser/wheeltec_ros2/install/yesense_interface/include/yesense_interface/yesense_interface/msg/detail/pos_only__type_support.h
[4.185s] -- Up-to-date: /home/HwHiAiUser/wheeltec_ros2/install/yesense_interface/include/yesense_interface/yesense_interface/msg/detail/sensor_temp__functions.c
[4.185s] -- Up-to-date: /home/HwHiAiUser/wheeltec_ros2/install/yesense_interface/include/yesense_interface/yesense_interface/msg/detail/imu_data_ten_axis__struct.h
[4.185s] -- Up-to-date: /home/HwHiAiUser/wheeltec_ros2/install/yesense_interface/include/yesense_interface/yesense_interface/msg/detail/attitude_min_ahrs__struct.h
[4.186s] -- Up-to-date: /home/HwHiAiUser/wheeltec_ros2/install/yesense_interface/include/yesense_interface/yesense_interface/msg/detail/imu_data_ten_axis__type_support.h
[4.186s] -- Up-to-date: /home/HwHiAiUser/wheeltec_ros2/install/yesense_interface/include/yesense_interface/yesense_interface/msg/detail/attitude_min_ahrs__functions.h
[4.186s] -- Up-to-date: /home/HwHiAiUser/wheeltec_ros2/install/yesense_interface/include/yesense_interface/yesense_interface/msg/detail/nav_status__functions.c
[4.186s] -- Up-to-date: /home/HwHiAiUser/wheeltec_ros2/install/yesense_interface/include/yesense_interface/yesense_interface/msg/detail/attitude_min_vru__functions.c
[4.186s] -- Up-to-date: /home/HwHiAiUser/wheeltec_ros2/install/yesense_interface/include/yesense_interface/yesense_interface/msg/detail/nav_status__struct.h
[4.187s] -- Up-to-date: /home/HwHiAiUser/wheeltec_ros2/install/yesense_interface/include/yesense_interface/yesense_interface/msg/detail/vel__struct.h
[4.187s] -- Up-to-date: /home/HwHiAiUser/wheeltec_ros2/install/yesense_interface/include/yesense_interface/yesense_interface/msg/detail/nav_status__type_support.h
[4.187s] -- Up-to-date: /home/HwHiAiUser/wheeltec_ros2/install/yesense_interface/include/yesense_interface/yesense_interface/msg/detail/vel__type_support.h
[4.201s] -- Up-to-date: /home/HwHiAiUser/wheeltec_ros2/install/yesense_interface/include/yesense_interface/yesense_interface/msg/detail/vel__functions.c
[4.201s] -- Up-to-date: /home/HwHiAiUser/wheeltec_ros2/install/yesense_interface/include/yesense_interface/yesense_interface/msg/detail/attitude_all_data__type_support.h
[4.202s] -- Up-to-date: /home/HwHiAiUser/wheeltec_ros2/install/yesense_interface/include/yesense_interface/yesense_interface/msg/detail/euler_angle__struct.h
[4.202s] -- Up-to-date: /home/HwHiAiUser/wheeltec_ros2/install/yesense_interface/include/yesense_interface/yesense_interface/msg/detail/pressure__functions.c
[4.202s] -- Up-to-date: /home/HwHiAiUser/wheeltec_ros2/install/yesense_interface/include/yesense_interface/yesense_interface/msg/detail/euler_angle__functions.c
[4.202s] -- Up-to-date: /home/HwHiAiUser/wheeltec_ros2/install/yesense_interface/include/yesense_interface/yesense_interface/msg/detail/pressure__functions.h
[4.202s] -- Up-to-date: /home/HwHiAiUser/wheeltec_ros2/install/yesense_interface/include/yesense_interface/yesense_interface/msg/detail/robot_lord__type_support.h
[4.202s] -- Up-to-date: /home/HwHiAiUser/wheeltec_ros2/install/yesense_interface/include/yesense_interface/yesense_interface/msg/detail/tid__functions.c
[4.203s] -- Up-to-date: /home/HwHiAiUser/wheeltec_ros2/install/yesense_interface/include/yesense_interface/yesense_interface/msg/detail/nav_status__functions.h
[4.203s] -- Up-to-date: /home/HwHiAiUser/wheeltec_ros2/install/yesense_interface/include/yesense_interface/yesense_interface/msg/detail/nav_all__functions.h
[4.203s] -- Up-to-date: /home/HwHiAiUser/wheeltec_ros2/install/yesense_interface/include/yesense_interface/yesense_interface/msg/detail/sample_timestamp__type_support.h
[4.203s] -- Up-to-date: /home/HwHiAiUser/wheeltec_ros2/install/yesense_interface/include/yesense_interface/yesense_interface/msg/detail/nav_min__struct.h
[4.204s] -- Up-to-date: /home/HwHiAiUser/wheeltec_ros2/install/yesense_interface/include/yesense_interface/yesense_interface/msg/detail/euler_only__struct.h
[4.204s] -- Up-to-date: /home/HwHiAiUser/wheeltec_ros2/install/yesense_interface/include/yesense_interface/yesense_interface/msg/detail/euler_only__type_support.h
[4.204s] -- Up-to-date: /home/HwHiAiUser/wheeltec_ros2/install/yesense_interface/include/yesense_interface/yesense_interface/msg/rosidl_generator_c__visibility_control.h
[4.204s] -- Up-to-date: /home/HwHiAiUser/wheeltec_ros2/install/yesense_interface/include/yesense_interface/yesense_interface/msg/euler_angle.h
[4.204s] -- Up-to-date: /home/HwHiAiUser/wheeltec_ros2/install/yesense_interface/include/yesense_interface/yesense_interface/msg/three_axis.h
[4.205s] -- Up-to-date: /home/HwHiAiUser/wheeltec_ros2/install/yesense_interface/include/yesense_interface/yesense_interface/msg/sensor_temp.h
[4.218s] -- Up-to-date: /home/HwHiAiUser/wheeltec_ros2/install/yesense_interface/include/yesense_interface/yesense_interface/msg/sample_timestamp.h
[4.218s] -- Up-to-date: /home/HwHiAiUser/wheeltec_ros2/install/yesense_interface/include/yesense_interface/yesense_interface/msg/robot_lord.h
[4.224s] -- Up-to-date: /home/HwHiAiUser/wheeltec_ros2/install/yesense_interface/include/yesense_interface/yesense_interface/msg/gnss_pos.h
[4.224s] -- Up-to-date: /home/HwHiAiUser/wheeltec_ros2/install/yesense_interface/include/yesense_interface/yesense_interface/msg/nav_all.h
[4.224s] -- Up-to-date: /home/HwHiAiUser/wheeltec_ros2/install/yesense_interface/include/yesense_interface/yesense_interface/msg/vel.h
[4.225s] -- Up-to-date: /home/HwHiAiUser/wheeltec_ros2/install/yesense_interface/include/yesense_interface/yesense_interface/msg/imu_data.h
[4.225s] -- Up-to-date: /home/HwHiAiUser/wheeltec_ros2/install/yesense_interface/include/yesense_interface/yesense_interface/msg/euler_only.h
[4.226s] -- Up-to-date: /home/HwHiAiUser/wheeltec_ros2/install/yesense_interface/include/yesense_interface/yesense_interface/msg/nav_min.h
[4.226s] -- Up-to-date: /home/HwHiAiUser/wheeltec_ros2/install/yesense_interface/include/yesense_interface/yesense_interface/msg/nav_min_utc.h
[4.226s] -- Up-to-date: /home/HwHiAiUser/wheeltec_ros2/install/yesense_interface/include/yesense_interface/yesense_interface/msg/utc.h
[4.227s] -- Up-to-date: /home/HwHiAiUser/wheeltec_ros2/install/yesense_interface/include/yesense_interface/yesense_interface/msg/attitude_all_data.h
[4.227s] -- Up-to-date: /home/HwHiAiUser/wheeltec_ros2/install/yesense_interface/include/yesense_interface/yesense_interface/msg/imu_data_ten_axis.h
[4.227s] -- Up-to-date: /home/HwHiAiUser/wheeltec_ros2/install/yesense_interface/include/yesense_interface/yesense_interface/msg/nav_status.h
[4.227s] -- Up-to-date: /home/HwHiAiUser/wheeltec_ros2/install/yesense_interface/include/yesense_interface/yesense_interface/msg/tid.h
[4.227s] -- Up-to-date: /home/HwHiAiUser/wheeltec_ros2/install/yesense_interface/include/yesense_interface/yesense_interface/msg/attitude_min_vru.h
[4.228s] -- Up-to-date: /home/HwHiAiUser/wheeltec_ros2/install/yesense_interface/include/yesense_interface/yesense_interface/msg/quat.h
[4.228s] -- Up-to-date: /home/HwHiAiUser/wheeltec_ros2/install/yesense_interface/include/yesense_interface/yesense_interface/msg/pos_only.h
[4.228s] -- Up-to-date: /home/HwHiAiUser/wheeltec_ros2/install/yesense_interface/include/yesense_interface/yesense_interface/msg/pressure.h
[4.228s] -- Up-to-date: /home/HwHiAiUser/wheeltec_ros2/install/yesense_interface/share/yesense_interface/environment/library_path.sh
[4.228s] -- Up-to-date: /home/HwHiAiUser/wheeltec_ros2/install/yesense_interface/share/yesense_interface/environment/library_path.dsv
[4.229s] -- Up-to-date: /home/HwHiAiUser/wheeltec_ros2/install/yesense_interface/lib/libyesense_interface__rosidl_generator_c.so
[4.229s] -- Up-to-date: /home/HwHiAiUser/wheeltec_ros2/install/yesense_interface/include/yesense_interface/yesense_interface
[4.229s] -- Up-to-date: /home/HwHiAiUser/wheeltec_ros2/install/yesense_interface/include/yesense_interface/yesense_interface/msg
[4.229s] -- Up-to-date: /home/HwHiAiUser/wheeltec_ros2/install/yesense_interface/include/yesense_interface/yesense_interface/msg/detail
[4.229s] -- Up-to-date: /home/HwHiAiUser/wheeltec_ros2/install/yesense_interface/include/yesense_interface/yesense_interface/msg/detail/nav_status__rosidl_typesupport_fastrtps_c.h
[4.229s] -- Up-to-date: /home/HwHiAiUser/wheeltec_ros2/install/yesense_interface/include/yesense_interface/yesense_interface/msg/detail/pressure__rosidl_typesupport_fastrtps_c.h
[4.230s] -- Up-to-date: /home/HwHiAiUser/wheeltec_ros2/install/yesense_interface/include/yesense_interface/yesense_interface/msg/detail/nav_all__rosidl_typesupport_fastrtps_c.h
[4.230s] -- Up-to-date: /home/HwHiAiUser/wheeltec_ros2/install/yesense_interface/include/yesense_interface/yesense_interface/msg/detail/attitude_min_vru__rosidl_typesupport_fastrtps_c.h
[4.230s] -- Up-to-date: /home/HwHiAiUser/wheeltec_ros2/install/yesense_interface/include/yesense_interface/yesense_interface/msg/detail/attitude_all_data__rosidl_typesupport_fastrtps_c.h
[4.230s] -- Up-to-date: /home/HwHiAiUser/wheeltec_ros2/install/yesense_interface/include/yesense_interface/yesense_interface/msg/detail/euler_angle__rosidl_typesupport_fastrtps_c.h
[4.230s] -- Up-to-date: /home/HwHiAiUser/wheeltec_ros2/install/yesense_interface/include/yesense_interface/yesense_interface/msg/detail/nav_min_utc__rosidl_typesupport_fastrtps_c.h
[4.231s] -- Up-to-date: /home/HwHiAiUser/wheeltec_ros2/install/yesense_interface/include/yesense_interface/yesense_interface/msg/detail/imu_data__rosidl_typesupport_fastrtps_c.h
[4.231s] -- Up-to-date: /home/HwHiAiUser/wheeltec_ros2/install/yesense_interface/include/yesense_interface/yesense_interface/msg/detail/nav_min__rosidl_typesupport_fastrtps_c.h
[4.231s] -- Up-to-date: /home/HwHiAiUser/wheeltec_ros2/install/yesense_interface/include/yesense_interface/yesense_interface/msg/detail/pos_only__rosidl_typesupport_fastrtps_c.h
[4.231s] -- Up-to-date: /home/HwHiAiUser/wheeltec_ros2/install/yesense_interface/include/yesense_interface/yesense_interface/msg/detail/gnss_pos__rosidl_typesupport_fastrtps_c.h
[4.231s] -- Up-to-date: /home/HwHiAiUser/wheeltec_ros2/install/yesense_interface/include/yesense_interface/yesense_interface/msg/detail/sensor_temp__rosidl_typesupport_fastrtps_c.h
[4.232s] -- Up-to-date: /home/HwHiAiUser/wheeltec_ros2/install/yesense_interface/include/yesense_interface/yesense_interface/msg/detail/attitude_min_ahrs__rosidl_typesupport_fastrtps_c.h
[4.232s] -- Up-to-date: /home/HwHiAiUser/wheeltec_ros2/install/yesense_interface/include/yesense_interface/yesense_interface/msg/detail/euler_only__rosidl_typesupport_fastrtps_c.h
[4.232s] -- Up-to-date: /home/HwHiAiUser/wheeltec_ros2/install/yesense_interface/include/yesense_interface/yesense_interface/msg/detail/tid__rosidl_typesupport_fastrtps_c.h
[4.232s] -- Up-to-date: /home/HwHiAiUser/wheeltec_ros2/install/yesense_interface/include/yesense_interface/yesense_interface/msg/detail/utc__rosidl_typesupport_fastrtps_c.h
[4.232s] -- Up-to-date: /home/HwHiAiUser/wheeltec_ros2/install/yesense_interface/include/yesense_interface/yesense_interface/msg/detail/sample_timestamp__rosidl_typesupport_fastrtps_c.h
[4.233s] -- Up-to-date: /home/HwHiAiUser/wheeltec_ros2/install/yesense_interface/include/yesense_interface/yesense_interface/msg/detail/three_axis__rosidl_typesupport_fastrtps_c.h
[4.233s] -- Up-to-date: /home/HwHiAiUser/wheeltec_ros2/install/yesense_interface/include/yesense_interface/yesense_interface/msg/detail/robot_lord__rosidl_typesupport_fastrtps_c.h
[4.233s] -- Up-to-date: /home/HwHiAiUser/wheeltec_ros2/install/yesense_interface/include/yesense_interface/yesense_interface/msg/detail/quat__rosidl_typesupport_fastrtps_c.h
[4.233s] -- Up-to-date: /home/HwHiAiUser/wheeltec_ros2/install/yesense_interface/include/yesense_interface/yesense_interface/msg/detail/vel__rosidl_typesupport_fastrtps_c.h
[4.233s] -- Up-to-date: /home/HwHiAiUser/wheeltec_ros2/install/yesense_interface/include/yesense_interface/yesense_interface/msg/detail/imu_data_ten_axis__rosidl_typesupport_fastrtps_c.h
[4.234s] -- Up-to-date: /home/HwHiAiUser/wheeltec_ros2/install/yesense_interface/include/yesense_interface/yesense_interface/msg/rosidl_typesupport_fastrtps_c__visibility_control.h
[4.234s] -- Up-to-date: /home/HwHiAiUser/wheeltec_ros2/install/yesense_interface/lib/libyesense_interface__rosidl_typesupport_fastrtps_c.so
[4.234s] -- Up-to-date: /home/HwHiAiUser/wheeltec_ros2/install/yesense_interface/include/yesense_interface/yesense_interface
[4.234s] -- Up-to-date: /home/HwHiAiUser/wheeltec_ros2/install/yesense_interface/include/yesense_interface/yesense_interface/msg
[4.234s] -- Up-to-date: /home/HwHiAiUser/wheeltec_ros2/install/yesense_interface/include/yesense_interface/yesense_interface/msg/detail
[4.235s] -- Up-to-date: /home/HwHiAiUser/wheeltec_ros2/install/yesense_interface/include/yesense_interface/yesense_interface/msg/detail/attitude_all_data__rosidl_typesupport_introspection_c.h
[4.235s] -- Up-to-date: /home/HwHiAiUser/wheeltec_ros2/install/yesense_interface/include/yesense_interface/yesense_interface/msg/detail/euler_only__type_support.c
[4.242s] -- Up-to-date: /home/HwHiAiUser/wheeltec_ros2/install/yesense_interface/include/yesense_interface/yesense_interface/msg/detail/imu_data__rosidl_typesupport_introspection_c.h
[4.243s] -- Up-to-date: /home/HwHiAiUser/wheeltec_ros2/install/yesense_interface/include/yesense_interface/yesense_interface/msg/detail/attitude_all_data__type_support.c
[4.243s] -- Up-to-date: /home/HwHiAiUser/wheeltec_ros2/install/yesense_interface/include/yesense_interface/yesense_interface/msg/detail/pos_only__type_support.c
[4.244s] -- Up-to-date: /home/HwHiAiUser/wheeltec_ros2/install/yesense_interface/include/yesense_interface/yesense_interface/msg/detail/nav_min_utc__type_support.c
[4.244s] -- Up-to-date: /home/HwHiAiUser/wheeltec_ros2/install/yesense_interface/include/yesense_interface/yesense_interface/msg/detail/pos_only__rosidl_typesupport_introspection_c.h
[4.244s] -- Up-to-date: /home/HwHiAiUser/wheeltec_ros2/install/yesense_interface/include/yesense_interface/yesense_interface/msg/detail/nav_min__type_support.c
[4.245s] -- Up-to-date: /home/HwHiAiUser/wheeltec_ros2/install/yesense_interface/include/yesense_interface/yesense_interface/msg/detail/utc__rosidl_typesupport_introspection_c.h
[4.245s] -- Up-to-date: /home/HwHiAiUser/wheeltec_ros2/install/yesense_interface/include/yesense_interface/yesense_interface/msg/detail/imu_data__type_support.c
[4.246s] -- Up-to-date: /home/HwHiAiUser/wheeltec_ros2/install/yesense_interface/include/yesense_interface/yesense_interface/msg/detail/imu_data_ten_axis__type_support.c
[4.246s] -- Up-to-date: /home/HwHiAiUser/wheeltec_ros2/install/yesense_interface/include/yesense_interface/yesense_interface/msg/detail/robot_lord__rosidl_typesupport_introspection_c.h
[4.246s] -- Up-to-date: /home/HwHiAiUser/wheeltec_ros2/install/yesense_interface/include/yesense_interface/yesense_interface/msg/detail/three_axis__type_support.c
[4.246s] -- Up-to-date: /home/HwHiAiUser/wheeltec_ros2/install/yesense_interface/include/yesense_interface/yesense_interface/msg/detail/nav_all__rosidl_typesupport_introspection_c.h
[4.247s] -- Up-to-date: /home/HwHiAiUser/wheeltec_ros2/install/yesense_interface/include/yesense_interface/yesense_interface/msg/detail/vel__rosidl_typesupport_introspection_c.h
[4.247s] -- Up-to-date: /home/HwHiAiUser/wheeltec_ros2/install/yesense_interface/include/yesense_interface/yesense_interface/msg/detail/nav_status__type_support.c
[4.247s] -- Up-to-date: /home/HwHiAiUser/wheeltec_ros2/install/yesense_interface/include/yesense_interface/yesense_interface/msg/detail/pressure__rosidl_typesupport_introspection_c.h
[4.257s] -- Up-to-date: /home/HwHiAiUser/wheeltec_ros2/install/yesense_interface/include/yesense_interface/yesense_interface/msg/detail/attitude_min_ahrs__type_support.c
[4.257s] -- Up-to-date: /home/HwHiAiUser/wheeltec_ros2/install/yesense_interface/include/yesense_interface/yesense_interface/msg/detail/sensor_temp__type_support.c
[4.258s] -- Up-to-date: /home/HwHiAiUser/wheeltec_ros2/install/yesense_interface/include/yesense_interface/yesense_interface/msg/detail/nav_status__rosidl_typesupport_introspection_c.h
[4.258s] -- Up-to-date: /home/HwHiAiUser/wheeltec_ros2/install/yesense_interface/include/yesense_interface/yesense_interface/msg/detail/sample_timestamp__type_support.c
[4.258s] -- Up-to-date: /home/HwHiAiUser/wheeltec_ros2/install/yesense_interface/include/yesense_interface/yesense_interface/msg/detail/euler_angle__rosidl_typesupport_introspection_c.h
[4.258s] -- Up-to-date: /home/HwHiAiUser/wheeltec_ros2/install/yesense_interface/include/yesense_interface/yesense_interface/msg/detail/tid__type_support.c
[4.259s] -- Up-to-date: /home/HwHiAiUser/wheeltec_ros2/install/yesense_interface/include/yesense_interface/yesense_interface/msg/detail/sample_timestamp__rosidl_typesupport_introspection_c.h
[4.259s] -- Up-to-date: /home/HwHiAiUser/wheeltec_ros2/install/yesense_interface/include/yesense_interface/yesense_interface/msg/detail/gnss_pos__rosidl_typesupport_introspection_c.h
[4.263s] -- Up-to-date: /home/HwHiAiUser/wheeltec_ros2/install/yesense_interface/include/yesense_interface/yesense_interface/msg/detail/vel__type_support.c
[4.263s] -- Up-to-date: /home/HwHiAiUser/wheeltec_ros2/install/yesense_interface/include/yesense_interface/yesense_interface/msg/detail/nav_min__rosidl_typesupport_introspection_c.h
[4.264s] -- Up-to-date: /home/HwHiAiUser/wheeltec_ros2/install/yesense_interface/include/yesense_interface/yesense_interface/msg/detail/utc__type_support.c
[4.264s] -- Up-to-date: /home/HwHiAiUser/wheeltec_ros2/install/yesense_interface/include/yesense_interface/yesense_interface/msg/detail/imu_data_ten_axis__rosidl_typesupport_introspection_c.h
[4.264s] -- Up-to-date: /home/HwHiAiUser/wheeltec_ros2/install/yesense_interface/include/yesense_interface/yesense_interface/msg/detail/tid__rosidl_typesupport_introspection_c.h
[4.264s] -- Up-to-date: /home/HwHiAiUser/wheeltec_ros2/install/yesense_interface/include/yesense_interface/yesense_interface/msg/detail/quat__rosidl_typesupport_introspection_c.h
[4.264s] -- Up-to-date: /home/HwHiAiUser/wheeltec_ros2/install/yesense_interface/include/yesense_interface/yesense_interface/msg/detail/attitude_min_vru__rosidl_typesupport_introspection_c.h
[4.265s] -- Up-to-date: /home/HwHiAiUser/wheeltec_ros2/install/yesense_interface/include/yesense_interface/yesense_interface/msg/detail/quat__type_support.c
[4.265s] -- Up-to-date: /home/HwHiAiUser/wheeltec_ros2/install/yesense_interface/include/yesense_interface/yesense_interface/msg/detail/euler_angle__type_support.c
[4.265s] -- Up-to-date: /home/HwHiAiUser/wheeltec_ros2/install/yesense_interface/include/yesense_interface/yesense_interface/msg/detail/nav_min_utc__rosidl_typesupport_introspection_c.h
[4.265s] -- Up-to-date: /home/HwHiAiUser/wheeltec_ros2/install/yesense_interface/include/yesense_interface/yesense_interface/msg/detail/robot_lord__type_support.c
[4.265s] -- Up-to-date: /home/HwHiAiUser/wheeltec_ros2/install/yesense_interface/include/yesense_interface/yesense_interface/msg/detail/three_axis__rosidl_typesupport_introspection_c.h
[4.266s] -- Up-to-date: /home/HwHiAiUser/wheeltec_ros2/install/yesense_interface/include/yesense_interface/yesense_interface/msg/detail/sensor_temp__rosidl_typesupport_introspection_c.h
[4.266s] -- Up-to-date: /home/HwHiAiUser/wheeltec_ros2/install/yesense_interface/include/yesense_interface/yesense_interface/msg/detail/attitude_min_ahrs__rosidl_typesupport_introspection_c.h
[4.266s] -- Up-to-date: /home/HwHiAiUser/wheeltec_ros2/install/yesense_interface/include/yesense_interface/yesense_interface/msg/detail/attitude_min_vru__type_support.c
[4.266s] -- Up-to-date: /home/HwHiAiUser/wheeltec_ros2/install/yesense_interface/include/yesense_interface/yesense_interface/msg/detail/euler_only__rosidl_typesupport_introspection_c.h
[4.266s] -- Up-to-date: /home/HwHiAiUser/wheeltec_ros2/install/yesense_interface/include/yesense_interface/yesense_interface/msg/detail/pressure__type_support.c
[4.266s] -- Up-to-date: /home/HwHiAiUser/wheeltec_ros2/install/yesense_interface/include/yesense_interface/yesense_interface/msg/detail/nav_all__type_support.c
[4.267s] -- Up-to-date: /home/HwHiAiUser/wheeltec_ros2/install/yesense_interface/include/yesense_interface/yesense_interface/msg/detail/gnss_pos__type_support.c
[4.267s] -- Up-to-date: /home/HwHiAiUser/wheeltec_ros2/install/yesense_interface/include/yesense_interface/yesense_interface/msg/rosidl_typesupport_introspection_c__visibility_control.h
[4.268s] -- Up-to-date: /home/HwHiAiUser/wheeltec_ros2/install/yesense_interface/lib/libyesense_interface__rosidl_typesupport_introspection_c.so
[4.268s] -- Up-to-date: /home/HwHiAiUser/wheeltec_ros2/install/yesense_interface/lib/libyesense_interface__rosidl_typesupport_c.so
[4.269s] -- Up-to-date: /home/HwHiAiUser/wheeltec_ros2/install/yesense_interface/include/yesense_interface/yesense_interface
[4.269s] -- Up-to-date: /home/HwHiAiUser/wheeltec_ros2/install/yesense_interface/include/yesense_interface/yesense_interface/msg
[4.269s] -- Up-to-date: /home/HwHiAiUser/wheeltec_ros2/install/yesense_interface/include/yesense_interface/yesense_interface/msg/three_axis.hpp
[4.269s] -- Up-to-date: /home/HwHiAiUser/wheeltec_ros2/install/yesense_interface/include/yesense_interface/yesense_interface/msg/tid.hpp
[4.269s] -- Up-to-date: /home/HwHiAiUser/wheeltec_ros2/install/yesense_interface/include/yesense_interface/yesense_interface/msg/detail
[4.270s] -- Up-to-date: /home/HwHiAiUser/wheeltec_ros2/install/yesense_interface/include/yesense_interface/yesense_interface/msg/detail/sensor_temp__type_support.hpp
[4.270s] -- Up-to-date: /home/HwHiAiUser/wheeltec_ros2/install/yesense_interface/include/yesense_interface/yesense_interface/msg/detail/imu_data_ten_axis__type_support.hpp
[4.270s] -- Up-to-date: /home/HwHiAiUser/wheeltec_ros2/install/yesense_interface/include/yesense_interface/yesense_interface/msg/detail/vel__type_support.hpp
[4.270s] -- Up-to-date: /home/HwHiAiUser/wheeltec_ros2/install/yesense_interface/include/yesense_interface/yesense_interface/msg/detail/nav_min_utc__builder.hpp
[4.270s] -- Up-to-date: /home/HwHiAiUser/wheeltec_ros2/install/yesense_interface/include/yesense_interface/yesense_interface/msg/detail/pressure__type_support.hpp
[4.271s] -- Up-to-date: /home/HwHiAiUser/wheeltec_ros2/install/yesense_interface/include/yesense_interface/yesense_interface/msg/detail/imu_data__struct.hpp
[4.271s] -- Up-to-date: /home/HwHiAiUser/wheeltec_ros2/install/yesense_interface/include/yesense_interface/yesense_interface/msg/detail/tid__traits.hpp
[4.271s] -- Up-to-date: /home/HwHiAiUser/wheeltec_ros2/install/yesense_interface/include/yesense_interface/yesense_interface/msg/detail/robot_lord__traits.hpp
[4.271s] -- Up-to-date: /home/HwHiAiUser/wheeltec_ros2/install/yesense_interface/include/yesense_interface/yesense_interface/msg/detail/sample_timestamp__traits.hpp
[4.271s] -- Up-to-date: /home/HwHiAiUser/wheeltec_ros2/install/yesense_interface/include/yesense_interface/yesense_interface/msg/detail/tid__struct.hpp
[4.272s] -- Up-to-date: /home/HwHiAiUser/wheeltec_ros2/install/yesense_interface/include/yesense_interface/yesense_interface/msg/detail/nav_min_utc__struct.hpp
[4.272s] -- Up-to-date: /home/HwHiAiUser/wheeltec_ros2/install/yesense_interface/include/yesense_interface/yesense_interface/msg/detail/gnss_pos__struct.hpp
[4.272s] -- Up-to-date: /home/HwHiAiUser/wheeltec_ros2/install/yesense_interface/include/yesense_interface/yesense_interface/msg/detail/quat__type_support.hpp
[4.272s] -- Up-to-date: /home/HwHiAiUser/wheeltec_ros2/install/yesense_interface/include/yesense_interface/yesense_interface/msg/detail/nav_status__builder.hpp
[4.272s] -- Up-to-date: /home/HwHiAiUser/wheeltec_ros2/install/yesense_interface/include/yesense_interface/yesense_interface/msg/detail/gnss_pos__traits.hpp
[4.273s] -- Up-to-date: /home/HwHiAiUser/wheeltec_ros2/install/yesense_interface/include/yesense_interface/yesense_interface/msg/detail/attitude_min_ahrs__traits.hpp
[4.273s] -- Up-to-date: /home/HwHiAiUser/wheeltec_ros2/install/yesense_interface/include/yesense_interface/yesense_interface/msg/detail/attitude_min_vru__type_support.hpp
[4.273s] -- Up-to-date: /home/HwHiAiUser/wheeltec_ros2/install/yesense_interface/include/yesense_interface/yesense_interface/msg/detail/attitude_min_ahrs__struct.hpp
[4.273s] -- Up-to-date: /home/HwHiAiUser/wheeltec_ros2/install/yesense_interface/include/yesense_interface/yesense_interface/msg/detail/utc__traits.hpp
[4.273s] -- Up-to-date: /home/HwHiAiUser/wheeltec_ros2/install/yesense_interface/include/yesense_interface/yesense_interface/msg/detail/sample_timestamp__type_support.hpp
[4.274s] -- Up-to-date: /home/HwHiAiUser/wheeltec_ros2/install/yesense_interface/include/yesense_interface/yesense_interface/msg/detail/three_axis__traits.hpp
[4.274s] -- Up-to-date: /home/HwHiAiUser/wheeltec_ros2/install/yesense_interface/include/yesense_interface/yesense_interface/msg/detail/pos_only__struct.hpp
[4.274s] -- Up-to-date: /home/HwHiAiUser/wheeltec_ros2/install/yesense_interface/include/yesense_interface/yesense_interface/msg/detail/attitude_min_ahrs__type_support.hpp
[4.274s] -- Up-to-date: /home/HwHiAiUser/wheeltec_ros2/install/yesense_interface/include/yesense_interface/yesense_interface/msg/detail/vel__struct.hpp
[4.274s] -- Up-to-date: /home/HwHiAiUser/wheeltec_ros2/install/yesense_interface/include/yesense_interface/yesense_interface/msg/detail/sample_timestamp__struct.hpp
[4.274s] -- Up-to-date: /home/HwHiAiUser/wheeltec_ros2/install/yesense_interface/include/yesense_interface/yesense_interface/msg/detail/attitude_min_ahrs__builder.hpp
[4.275s] -- Up-to-date: /home/HwHiAiUser/wheeltec_ros2/install/yesense_interface/include/yesense_interface/yesense_interface/msg/detail/euler_only__traits.hpp
[4.275s] -- Up-to-date: /home/HwHiAiUser/wheeltec_ros2/install/yesense_interface/include/yesense_interface/yesense_interface/msg/detail/gnss_pos__type_support.hpp
[4.275s] -- Up-to-date: /home/HwHiAiUser/wheeltec_ros2/install/yesense_interface/include/yesense_interface/yesense_interface/msg/detail/vel__builder.hpp
[4.275s] -- Up-to-date: /home/HwHiAiUser/wheeltec_ros2/install/yesense_interface/include/yesense_interface/yesense_interface/msg/detail/nav_min_utc__type_support.hpp
[4.276s] -- Up-to-date: /home/HwHiAiUser/wheeltec_ros2/install/yesense_interface/include/yesense_interface/yesense_interface/msg/detail/robot_lord__type_support.hpp
[4.276s] -- Up-to-date: /home/HwHiAiUser/wheeltec_ros2/install/yesense_interface/include/yesense_interface/yesense_interface/msg/detail/robot_lord__struct.hpp
[4.277s] -- Up-to-date: /home/HwHiAiUser/wheeltec_ros2/install/yesense_interface/include/yesense_interface/yesense_interface/msg/detail/pos_only__builder.hpp
[4.277s] -- Up-to-date: /home/HwHiAiUser/wheeltec_ros2/install/yesense_interface/include/yesense_interface/yesense_interface/msg/detail/nav_min_utc__traits.hpp
[4.277s] -- Up-to-date: /home/HwHiAiUser/wheeltec_ros2/install/yesense_interface/include/yesense_interface/yesense_interface/msg/detail/attitude_all_data__type_support.hpp
[4.277s] -- Up-to-date: /home/HwHiAiUser/wheeltec_ros2/install/yesense_interface/include/yesense_interface/yesense_interface/msg/detail/attitude_all_data__struct.hpp
[4.278s] -- Up-to-date: /home/HwHiAiUser/wheeltec_ros2/install/yesense_interface/include/yesense_interface/yesense_interface/msg/detail/sample_timestamp__builder.hpp
[4.278s] -- Up-to-date: /home/HwHiAiUser/wheeltec_ros2/install/yesense_interface/include/yesense_interface/yesense_interface/msg/detail/three_axis__type_support.hpp
[4.278s] -- Up-to-date: /home/HwHiAiUser/wheeltec_ros2/install/yesense_interface/include/yesense_interface/yesense_interface/msg/detail/imu_data__type_support.hpp
[4.278s] -- Up-to-date: /home/HwHiAiUser/wheeltec_ros2/install/yesense_interface/include/yesense_interface/yesense_interface/msg/detail/utc__type_support.hpp
[4.278s] -- Up-to-date: /home/HwHiAiUser/wheeltec_ros2/install/yesense_interface/include/yesense_interface/yesense_interface/msg/detail/euler_only__struct.hpp
[4.279s] -- Up-to-date: /home/HwHiAiUser/wheeltec_ros2/install/yesense_interface/include/yesense_interface/yesense_interface/msg/detail/nav_min__builder.hpp
[4.279s] -- Up-to-date: /home/HwHiAiUser/wheeltec_ros2/install/yesense_interface/include/yesense_interface/yesense_interface/msg/detail/attitude_min_vru__traits.hpp
[4.279s] -- Up-to-date: /home/HwHiAiUser/wheeltec_ros2/install/yesense_interface/include/yesense_interface/yesense_interface/msg/detail/pressure__traits.hpp
[4.290s] -- Up-to-date: /home/HwHiAiUser/wheeltec_ros2/install/yesense_interface/include/yesense_interface/yesense_interface/msg/detail/quat__traits.hpp
[4.290s] -- Up-to-date: /home/HwHiAiUser/wheeltec_ros2/install/yesense_interface/include/yesense_interface/yesense_interface/msg/detail/pressure__builder.hpp
[4.292s] -- Up-to-date: /home/HwHiAiUser/wheeltec_ros2/install/yesense_interface/include/yesense_interface/yesense_interface/msg/detail/attitude_all_data__traits.hpp
[4.293s] -- Up-to-date: /home/HwHiAiUser/wheeltec_ros2/install/yesense_interface/include/yesense_interface/yesense_interface/msg/detail/imu_data_ten_axis__struct.hpp
[4.293s] -- Up-to-date: /home/HwHiAiUser/wheeltec_ros2/install/yesense_interface/include/yesense_interface/yesense_interface/msg/detail/robot_lord__builder.hpp
[4.293s] -- Up-to-date: /home/HwHiAiUser/wheeltec_ros2/install/yesense_interface/include/yesense_interface/yesense_interface/msg/detail/nav_all__builder.hpp
[4.293s] -- Up-to-date: /home/HwHiAiUser/wheeltec_ros2/install/yesense_interface/include/yesense_interface/yesense_interface/msg/detail/quat__builder.hpp
[4.293s] -- Up-to-date: /home/HwHiAiUser/wheeltec_ros2/install/yesense_interface/include/yesense_interface/yesense_interface/msg/detail/nav_status__traits.hpp
[4.294s] -- Up-to-date: /home/HwHiAiUser/wheeltec_ros2/install/yesense_interface/include/yesense_interface/yesense_interface/msg/detail/euler_only__type_support.hpp
[4.294s] -- Up-to-date: /home/HwHiAiUser/wheeltec_ros2/install/yesense_interface/include/yesense_interface/yesense_interface/msg/detail/nav_all__traits.hpp
[4.294s] -- Up-to-date: /home/HwHiAiUser/wheeltec_ros2/install/yesense_interface/include/yesense_interface/yesense_interface/msg/detail/pressure__struct.hpp
[4.294s] -- Up-to-date: /home/HwHiAiUser/wheeltec_ros2/install/yesense_interface/include/yesense_interface/yesense_interface/msg/detail/imu_data__traits.hpp
[4.294s] -- Up-to-date: /home/HwHiAiUser/wheeltec_ros2/install/yesense_interface/include/yesense_interface/yesense_interface/msg/detail/three_axis__struct.hpp
[4.294s] -- Up-to-date: /home/HwHiAiUser/wheeltec_ros2/install/yesense_interface/include/yesense_interface/yesense_interface/msg/detail/nav_all__type_support.hpp
[4.295s] -- Up-to-date: /home/HwHiAiUser/wheeltec_ros2/install/yesense_interface/include/yesense_interface/yesense_interface/msg/detail/euler_angle__builder.hpp
[4.295s] -- Up-to-date: /home/HwHiAiUser/wheeltec_ros2/install/yesense_interface/include/yesense_interface/yesense_interface/msg/detail/sensor_temp__traits.hpp
[4.295s] -- Up-to-date: /home/HwHiAiUser/wheeltec_ros2/install/yesense_interface/include/yesense_interface/yesense_interface/msg/detail/imu_data__builder.hpp
[4.295s] -- Up-to-date: /home/HwHiAiUser/wheeltec_ros2/install/yesense_interface/include/yesense_interface/yesense_interface/msg/detail/vel__traits.hpp
[4.295s] -- Up-to-date: /home/HwHiAiUser/wheeltec_ros2/install/yesense_interface/include/yesense_interface/yesense_interface/msg/detail/nav_status__struct.hpp
[4.296s] -- Up-to-date: /home/HwHiAiUser/wheeltec_ros2/install/yesense_interface/include/yesense_interface/yesense_interface/msg/detail/pos_only__traits.hpp
[4.296s] -- Up-to-date: /home/HwHiAiUser/wheeltec_ros2/install/yesense_interface/include/yesense_interface/yesense_interface/msg/detail/sensor_temp__builder.hpp
[4.296s] -- Up-to-date: /home/HwHiAiUser/wheeltec_ros2/install/yesense_interface/include/yesense_interface/yesense_interface/msg/detail/attitude_min_vru__builder.hpp
[4.296s] -- Up-to-date: /home/HwHiAiUser/wheeltec_ros2/install/yesense_interface/include/yesense_interface/yesense_interface/msg/detail/euler_only__builder.hpp
[4.296s] -- Up-to-date: /home/HwHiAiUser/wheeltec_ros2/install/yesense_interface/include/yesense_interface/yesense_interface/msg/detail/nav_min__type_support.hpp
[4.297s] -- Up-to-date: /home/HwHiAiUser/wheeltec_ros2/install/yesense_interface/include/yesense_interface/yesense_interface/msg/detail/nav_all__struct.hpp
[4.297s] -- Up-to-date: /home/HwHiAiUser/wheeltec_ros2/install/yesense_interface/include/yesense_interface/yesense_interface/msg/detail/pos_only__type_support.hpp
[4.297s] -- Up-to-date: /home/HwHiAiUser/wheeltec_ros2/install/yesense_interface/include/yesense_interface/yesense_interface/msg/detail/tid__builder.hpp
[4.297s] -- Up-to-date: /home/HwHiAiUser/wheeltec_ros2/install/yesense_interface/include/yesense_interface/yesense_interface/msg/detail/attitude_all_data__builder.hpp
[4.297s] -- Up-to-date: /home/HwHiAiUser/wheeltec_ros2/install/yesense_interface/include/yesense_interface/yesense_interface/msg/detail/nav_status__type_support.hpp
[4.297s] -- Up-to-date: /home/HwHiAiUser/wheeltec_ros2/install/yesense_interface/include/yesense_interface/yesense_interface/msg/detail/gnss_pos__builder.hpp
[4.298s] -- Up-to-date: /home/HwHiAiUser/wheeltec_ros2/install/yesense_interface/include/yesense_interface/yesense_interface/msg/detail/sensor_temp__struct.hpp
[4.298s] -- Up-to-date: /home/HwHiAiUser/wheeltec_ros2/install/yesense_interface/include/yesense_interface/yesense_interface/msg/detail/euler_angle__type_support.hpp
[4.298s] -- Up-to-date: /home/HwHiAiUser/wheeltec_ros2/install/yesense_interface/include/yesense_interface/yesense_interface/msg/detail/attitude_min_vru__struct.hpp
[4.298s] -- Up-to-date: /home/HwHiAiUser/wheeltec_ros2/install/yesense_interface/include/yesense_interface/yesense_interface/msg/detail/tid__type_support.hpp
[4.298s] -- Up-to-date: /home/HwHiAiUser/wheeltec_ros2/install/yesense_interface/include/yesense_interface/yesense_interface/msg/detail/nav_min__traits.hpp
[4.298s] -- Up-to-date: /home/HwHiAiUser/wheeltec_ros2/install/yesense_interface/include/yesense_interface/yesense_interface/msg/detail/utc__struct.hpp
[4.299s] -- Up-to-date: /home/HwHiAiUser/wheeltec_ros2/install/yesense_interface/include/yesense_interface/yesense_interface/msg/detail/utc__builder.hpp
[4.299s] -- Up-to-date: /home/HwHiAiUser/wheeltec_ros2/install/yesense_interface/include/yesense_interface/yesense_interface/msg/detail/imu_data_ten_axis__traits.hpp
[4.299s] -- Up-to-date: /home/HwHiAiUser/wheeltec_ros2/install/yesense_interface/include/yesense_interface/yesense_interface/msg/detail/euler_angle__struct.hpp
[4.301s] -- Up-to-date: /home/HwHiAiUser/wheeltec_ros2/install/yesense_interface/include/yesense_interface/yesense_interface/msg/detail/euler_angle__traits.hpp
[4.302s] -- Up-to-date: /home/HwHiAiUser/wheeltec_ros2/install/yesense_interface/include/yesense_interface/yesense_interface/msg/detail/quat__struct.hpp
[4.302s] -- Up-to-date: /home/HwHiAiUser/wheeltec_ros2/install/yesense_interface/include/yesense_interface/yesense_interface/msg/detail/three_axis__builder.hpp
[4.302s] -- Up-to-date: /home/HwHiAiUser/wheeltec_ros2/install/yesense_interface/include/yesense_interface/yesense_interface/msg/detail/imu_data_ten_axis__builder.hpp
[4.302s] -- Up-to-date: /home/HwHiAiUser/wheeltec_ros2/install/yesense_interface/include/yesense_interface/yesense_interface/msg/detail/nav_min__struct.hpp
[4.310s] -- Up-to-date: /home/HwHiAiUser/wheeltec_ros2/install/yesense_interface/include/yesense_interface/yesense_interface/msg/gnss_pos.hpp
[4.310s] -- Up-to-date: /home/HwHiAiUser/wheeltec_ros2/install/yesense_interface/include/yesense_interface/yesense_interface/msg/euler_angle.hpp
[4.311s] -- Up-to-date: /home/HwHiAiUser/wheeltec_ros2/install/yesense_interface/include/yesense_interface/yesense_interface/msg/rosidl_generator_cpp__visibility_control.hpp
[4.311s] -- Up-to-date: /home/HwHiAiUser/wheeltec_ros2/install/yesense_interface/include/yesense_interface/yesense_interface/msg/attitude_all_data.hpp
[4.312s] -- Up-to-date: /home/HwHiAiUser/wheeltec_ros2/install/yesense_interface/include/yesense_interface/yesense_interface/msg/imu_data.hpp
[4.312s] -- Up-to-date: /home/HwHiAiUser/wheeltec_ros2/install/yesense_interface/include/yesense_interface/yesense_interface/msg/pressure.hpp
[4.313s] -- Up-to-date: /home/HwHiAiUser/wheeltec_ros2/install/yesense_interface/include/yesense_interface/yesense_interface/msg/euler_only.hpp
[4.313s] -- Up-to-date: /home/HwHiAiUser/wheeltec_ros2/install/yesense_interface/include/yesense_interface/yesense_interface/msg/utc.hpp
[4.313s] -- Up-to-date: /home/HwHiAiUser/wheeltec_ros2/install/yesense_interface/include/yesense_interface/yesense_interface/msg/quat.hpp
[4.314s] -- Up-to-date: /home/HwHiAiUser/wheeltec_ros2/install/yesense_interface/include/yesense_interface/yesense_interface/msg/pos_only.hpp
[4.314s] -- Up-to-date: /home/HwHiAiUser/wheeltec_ros2/install/yesense_interface/include/yesense_interface/yesense_interface/msg/nav_all.hpp
[4.314s] -- Up-to-date: /home/HwHiAiUser/wheeltec_ros2/install/yesense_interface/include/yesense_interface/yesense_interface/msg/attitude_min_vru.hpp
[4.314s] -- Up-to-date: /home/HwHiAiUser/wheeltec_ros2/install/yesense_interface/include/yesense_interface/yesense_interface/msg/nav_status.hpp
[4.315s] -- Up-to-date: /home/HwHiAiUser/wheeltec_ros2/install/yesense_interface/include/yesense_interface/yesense_interface/msg/attitude_min_ahrs.hpp
[4.315s] -- Up-to-date: /home/HwHiAiUser/wheeltec_ros2/install/yesense_interface/include/yesense_interface/yesense_interface/msg/sensor_temp.hpp
[4.327s] -- Up-to-date: /home/HwHiAiUser/wheeltec_ros2/install/yesense_interface/include/yesense_interface/yesense_interface/msg/nav_min.hpp
[4.328s] -- Up-to-date: /home/HwHiAiUser/wheeltec_ros2/install/yesense_interface/include/yesense_interface/yesense_interface/msg/nav_min_utc.hpp
[4.329s] -- Up-to-date: /home/HwHiAiUser/wheeltec_ros2/install/yesense_interface/include/yesense_interface/yesense_interface/msg/imu_data_ten_axis.hpp
[4.329s] -- Up-to-date: /home/HwHiAiUser/wheeltec_ros2/install/yesense_interface/include/yesense_interface/yesense_interface/msg/robot_lord.hpp
[4.329s] -- Up-to-date: /home/HwHiAiUser/wheeltec_ros2/install/yesense_interface/include/yesense_interface/yesense_interface/msg/vel.hpp
[4.329s] -- Up-to-date: /home/HwHiAiUser/wheeltec_ros2/install/yesense_interface/include/yesense_interface/yesense_interface/msg/sample_timestamp.hpp
[4.329s] -- Up-to-date: /home/HwHiAiUser/wheeltec_ros2/install/yesense_interface/include/yesense_interface/yesense_interface
[4.330s] -- Up-to-date: /home/HwHiAiUser/wheeltec_ros2/install/yesense_interface/include/yesense_interface/yesense_interface/msg
[4.330s] -- Up-to-date: /home/HwHiAiUser/wheeltec_ros2/install/yesense_interface/include/yesense_interface/yesense_interface/msg/detail
[4.330s] -- Up-to-date: /home/HwHiAiUser/wheeltec_ros2/install/yesense_interface/include/yesense_interface/yesense_interface/msg/detail/vel__rosidl_typesupport_fastrtps_cpp.hpp
[4.330s] -- Up-to-date: /home/HwHiAiUser/wheeltec_ros2/install/yesense_interface/include/yesense_interface/yesense_interface/msg/detail/nav_status__rosidl_typesupport_fastrtps_cpp.hpp
[4.330s] -- Up-to-date: /home/HwHiAiUser/wheeltec_ros2/install/yesense_interface/include/yesense_interface/yesense_interface/msg/detail/gnss_pos__rosidl_typesupport_fastrtps_cpp.hpp
[4.331s] -- Up-to-date: /home/HwHiAiUser/wheeltec_ros2/install/yesense_interface/include/yesense_interface/yesense_interface/msg/detail/utc__rosidl_typesupport_fastrtps_cpp.hpp
[4.331s] -- Up-to-date: /home/HwHiAiUser/wheeltec_ros2/install/yesense_interface/include/yesense_interface/yesense_interface/msg/detail/euler_angle__rosidl_typesupport_fastrtps_cpp.hpp
[4.331s] -- Up-to-date: /home/HwHiAiUser/wheeltec_ros2/install/yesense_interface/include/yesense_interface/yesense_interface/msg/detail/imu_data__rosidl_typesupport_fastrtps_cpp.hpp
[4.339s] -- Up-to-date: /home/HwHiAiUser/wheeltec_ros2/install/yesense_interface/include/yesense_interface/yesense_interface/msg/detail/euler_only__rosidl_typesupport_fastrtps_cpp.hpp
[4.340s] -- Up-to-date: /home/HwHiAiUser/wheeltec_ros2/install/yesense_interface/include/yesense_interface/yesense_interface/msg/detail/dds_fastrtps
[4.340s] -- Up-to-date: /home/HwHiAiUser/wheeltec_ros2/install/yesense_interface/include/yesense_interface/yesense_interface/msg/detail/three_axis__rosidl_typesupport_fastrtps_cpp.hpp
[4.340s] -- Up-to-date: /home/HwHiAiUser/wheeltec_ros2/install/yesense_interface/include/yesense_interface/yesense_interface/msg/detail/pos_only__rosidl_typesupport_fastrtps_cpp.hpp
[4.340s] -- Up-to-date: /home/HwHiAiUser/wheeltec_ros2/install/yesense_interface/include/yesense_interface/yesense_interface/msg/detail/nav_min_utc__rosidl_typesupport_fastrtps_cpp.hpp
[4.340s] -- Up-to-date: /home/HwHiAiUser/wheeltec_ros2/install/yesense_interface/include/yesense_interface/yesense_interface/msg/detail/nav_min__rosidl_typesupport_fastrtps_cpp.hpp
[4.341s] -- Up-to-date: /home/HwHiAiUser/wheeltec_ros2/install/yesense_interface/include/yesense_interface/yesense_interface/msg/detail/attitude_all_data__rosidl_typesupport_fastrtps_cpp.hpp
[4.341s] -- Up-to-date: /home/HwHiAiUser/wheeltec_ros2/install/yesense_interface/include/yesense_interface/yesense_interface/msg/detail/sample_timestamp__rosidl_typesupport_fastrtps_cpp.hpp
[4.341s] -- Up-to-date: /home/HwHiAiUser/wheeltec_ros2/install/yesense_interface/include/yesense_interface/yesense_interface/msg/detail/robot_lord__rosidl_typesupport_fastrtps_cpp.hpp
[4.341s] -- Up-to-date: /home/HwHiAiUser/wheeltec_ros2/install/yesense_interface/include/yesense_interface/yesense_interface/msg/detail/attitude_min_ahrs__rosidl_typesupport_fastrtps_cpp.hpp
[4.341s] -- Up-to-date: /home/HwHiAiUser/wheeltec_ros2/install/yesense_interface/include/yesense_interface/yesense_interface/msg/detail/attitude_min_vru__rosidl_typesupport_fastrtps_cpp.hpp
[4.341s] -- Up-to-date: /home/HwHiAiUser/wheeltec_ros2/install/yesense_interface/include/yesense_interface/yesense_interface/msg/detail/imu_data_ten_axis__rosidl_typesupport_fastrtps_cpp.hpp
[4.342s] -- Up-to-date: /home/HwHiAiUser/wheeltec_ros2/install/yesense_interface/include/yesense_interface/yesense_interface/msg/detail/quat__rosidl_typesupport_fastrtps_cpp.hpp
[4.342s] -- Up-to-date: /home/HwHiAiUser/wheeltec_ros2/install/yesense_interface/include/yesense_interface/yesense_interface/msg/detail/tid__rosidl_typesupport_fastrtps_cpp.hpp
[4.342s] -- Up-to-date: /home/HwHiAiUser/wheeltec_ros2/install/yesense_interface/include/yesense_interface/yesense_interface/msg/detail/sensor_temp__rosidl_typesupport_fastrtps_cpp.hpp
[4.342s] -- Up-to-date: /home/HwHiAiUser/wheeltec_ros2/install/yesense_interface/include/yesense_interface/yesense_interface/msg/detail/nav_all__rosidl_typesupport_fastrtps_cpp.hpp
[4.342s] -- Up-to-date: /home/HwHiAiUser/wheeltec_ros2/install/yesense_interface/include/yesense_interface/yesense_interface/msg/detail/pressure__rosidl_typesupport_fastrtps_cpp.hpp
[4.343s] -- Up-to-date: /home/HwHiAiUser/wheeltec_ros2/install/yesense_interface/include/yesense_interface/yesense_interface/msg/rosidl_typesupport_fastrtps_cpp__visibility_control.h
[4.343s] -- Up-to-date: /home/HwHiAiUser/wheeltec_ros2/install/yesense_interface/lib/libyesense_interface__rosidl_typesupport_fastrtps_cpp.so
[4.343s] -- Up-to-date: /home/HwHiAiUser/wheeltec_ros2/install/yesense_interface/include/yesense_interface/yesense_interface
[4.343s] -- Up-to-date: /home/HwHiAiUser/wheeltec_ros2/install/yesense_interface/include/yesense_interface/yesense_interface/msg
[4.344s] -- Up-to-date: /home/HwHiAiUser/wheeltec_ros2/install/yesense_interface/include/yesense_interface/yesense_interface/msg/detail
[4.344s] -- Up-to-date: /home/HwHiAiUser/wheeltec_ros2/install/yesense_interface/include/yesense_interface/yesense_interface/msg/detail/quat__rosidl_typesupport_introspection_cpp.hpp
[4.344s] -- Up-to-date: /home/HwHiAiUser/wheeltec_ros2/install/yesense_interface/include/yesense_interface/yesense_interface/msg/detail/attitude_min_vru__rosidl_typesupport_introspection_cpp.hpp
[4.345s] -- Up-to-date: /home/HwHiAiUser/wheeltec_ros2/install/yesense_interface/include/yesense_interface/yesense_interface/msg/detail/utc__rosidl_typesupport_introspection_cpp.hpp
[4.345s] -- Up-to-date: /home/HwHiAiUser/wheeltec_ros2/install/yesense_interface/include/yesense_interface/yesense_interface/msg/detail/gnss_pos__type_support.cpp
[4.345s] -- Up-to-date: /home/HwHiAiUser/wheeltec_ros2/install/yesense_interface/include/yesense_interface/yesense_interface/msg/detail/three_axis__type_support.cpp
[4.345s] -- Up-to-date: /home/HwHiAiUser/wheeltec_ros2/install/yesense_interface/include/yesense_interface/yesense_interface/msg/detail/euler_only__type_support.cpp
[4.345s] -- Up-to-date: /home/HwHiAiUser/wheeltec_ros2/install/yesense_interface/include/yesense_interface/yesense_interface/msg/detail/quat__type_support.cpp
[4.346s] -- Up-to-date: /home/HwHiAiUser/wheeltec_ros2/install/yesense_interface/include/yesense_interface/yesense_interface/msg/detail/sample_timestamp__type_support.cpp
[4.346s] -- Up-to-date: /home/HwHiAiUser/wheeltec_ros2/install/yesense_interface/include/yesense_interface/yesense_interface/msg/detail/gnss_pos__rosidl_typesupport_introspection_cpp.hpp
[4.346s] -- Up-to-date: /home/HwHiAiUser/wheeltec_ros2/install/yesense_interface/include/yesense_interface/yesense_interface/msg/detail/nav_all__type_support.cpp
[4.346s] -- Up-to-date: /home/HwHiAiUser/wheeltec_ros2/install/yesense_interface/include/yesense_interface/yesense_interface/msg/detail/pressure__type_support.cpp
[4.346s] -- Up-to-date: /home/HwHiAiUser/wheeltec_ros2/install/yesense_interface/include/yesense_interface/yesense_interface/msg/detail/sample_timestamp__rosidl_typesupport_introspection_cpp.hpp
[4.346s] -- Up-to-date: /home/HwHiAiUser/wheeltec_ros2/install/yesense_interface/include/yesense_interface/yesense_interface/msg/detail/nav_status__type_support.cpp
[4.347s] -- Up-to-date: /home/HwHiAiUser/wheeltec_ros2/install/yesense_interface/include/yesense_interface/yesense_interface/msg/detail/nav_min_utc__rosidl_typesupport_introspection_cpp.hpp
[4.347s] -- Up-to-date: /home/HwHiAiUser/wheeltec_ros2/install/yesense_interface/include/yesense_interface/yesense_interface/msg/detail/sensor_temp__rosidl_typesupport_introspection_cpp.hpp
[4.347s] -- Up-to-date: /home/HwHiAiUser/wheeltec_ros2/install/yesense_interface/include/yesense_interface/yesense_interface/msg/detail/robot_lord__type_support.cpp
[4.347s] -- Up-to-date: /home/HwHiAiUser/wheeltec_ros2/install/yesense_interface/include/yesense_interface/yesense_interface/msg/detail/euler_only__rosidl_typesupport_introspection_cpp.hpp
[4.347s] -- Up-to-date: /home/HwHiAiUser/wheeltec_ros2/install/yesense_interface/include/yesense_interface/yesense_interface/msg/detail/vel__rosidl_typesupport_introspection_cpp.hpp
[4.348s] -- Up-to-date: /home/HwHiAiUser/wheeltec_ros2/install/yesense_interface/include/yesense_interface/yesense_interface/msg/detail/attitude_min_ahrs__rosidl_typesupport_introspection_cpp.hpp
[4.348s] -- Up-to-date: /home/HwHiAiUser/wheeltec_ros2/install/yesense_interface/include/yesense_interface/yesense_interface/msg/detail/sensor_temp__type_support.cpp
[4.348s] -- Up-to-date: /home/HwHiAiUser/wheeltec_ros2/install/yesense_interface/include/yesense_interface/yesense_interface/msg/detail/nav_status__rosidl_typesupport_introspection_cpp.hpp
[4.348s] -- Up-to-date: /home/HwHiAiUser/wheeltec_ros2/install/yesense_interface/include/yesense_interface/yesense_interface/msg/detail/imu_data_ten_axis__type_support.cpp
[4.348s] -- Up-to-date: /home/HwHiAiUser/wheeltec_ros2/install/yesense_interface/include/yesense_interface/yesense_interface/msg/detail/euler_angle__rosidl_typesupport_introspection_cpp.hpp
[4.349s] -- Up-to-date: /home/HwHiAiUser/wheeltec_ros2/install/yesense_interface/include/yesense_interface/yesense_interface/msg/detail/pressure__rosidl_typesupport_introspection_cpp.hpp
[4.349s] -- Up-to-date: /home/HwHiAiUser/wheeltec_ros2/install/yesense_interface/include/yesense_interface/yesense_interface/msg/detail/imu_data__type_support.cpp
[4.349s] -- Up-to-date: /home/HwHiAiUser/wheeltec_ros2/install/yesense_interface/include/yesense_interface/yesense_interface/msg/detail/three_axis__rosidl_typesupport_introspection_cpp.hpp
[4.350s] -- Up-to-date: /home/HwHiAiUser/wheeltec_ros2/install/yesense_interface/include/yesense_interface/yesense_interface/msg/detail/imu_data__rosidl_typesupport_introspection_cpp.hpp
[4.350s] -- Up-to-date: /home/HwHiAiUser/wheeltec_ros2/install/yesense_interface/include/yesense_interface/yesense_interface/msg/detail/tid__type_support.cpp
[4.350s] -- Up-to-date: /home/HwHiAiUser/wheeltec_ros2/install/yesense_interface/include/yesense_interface/yesense_interface/msg/detail/utc__type_support.cpp
[4.350s] -- Up-to-date: /home/HwHiAiUser/wheeltec_ros2/install/yesense_interface/include/yesense_interface/yesense_interface/msg/detail/vel__type_support.cpp
[4.350s] -- Up-to-date: /home/HwHiAiUser/wheeltec_ros2/install/yesense_interface/include/yesense_interface/yesense_interface/msg/detail/nav_min__rosidl_typesupport_introspection_cpp.hpp
[4.351s] -- Up-to-date: /home/HwHiAiUser/wheeltec_ros2/install/yesense_interface/include/yesense_interface/yesense_interface/msg/detail/attitude_min_vru__type_support.cpp
[4.351s] -- Up-to-date: /home/HwHiAiUser/wheeltec_ros2/install/yesense_interface/include/yesense_interface/yesense_interface/msg/detail/nav_all__rosidl_typesupport_introspection_cpp.hpp
[4.351s] -- Up-to-date: /home/HwHiAiUser/wheeltec_ros2/install/yesense_interface/include/yesense_interface/yesense_interface/msg/detail/attitude_all_data__type_support.cpp
[4.365s] -- Up-to-date: /home/HwHiAiUser/wheeltec_ros2/install/yesense_interface/include/yesense_interface/yesense_interface/msg/detail/pos_only__type_support.cpp
[4.365s] -- Up-to-date: /home/HwHiAiUser/wheeltec_ros2/install/yesense_interface/include/yesense_interface/yesense_interface/msg/detail/attitude_all_data__rosidl_typesupport_introspection_cpp.hpp
[4.365s] -- Up-to-date: /home/HwHiAiUser/wheeltec_ros2/install/yesense_interface/include/yesense_interface/yesense_interface/msg/detail/nav_min_utc__type_support.cpp
[4.366s] -- Up-to-date: /home/HwHiAiUser/wheeltec_ros2/install/yesense_interface/include/yesense_interface/yesense_interface/msg/detail/pos_only__rosidl_typesupport_introspection_cpp.hpp
[4.366s] -- Up-to-date: /home/HwHiAiUser/wheeltec_ros2/install/yesense_interface/include/yesense_interface/yesense_interface/msg/detail/tid__rosidl_typesupport_introspection_cpp.hpp
[4.366s] -- Up-to-date: /home/HwHiAiUser/wheeltec_ros2/install/yesense_interface/include/yesense_interface/yesense_interface/msg/detail/euler_angle__type_support.cpp
[4.366s] -- Up-to-date: /home/HwHiAiUser/wheeltec_ros2/install/yesense_interface/include/yesense_interface/yesense_interface/msg/detail/nav_min__type_support.cpp
[4.367s] -- Up-to-date: /home/HwHiAiUser/wheeltec_ros2/install/yesense_interface/include/yesense_interface/yesense_interface/msg/detail/robot_lord__rosidl_typesupport_introspection_cpp.hpp
[4.370s] -- Up-to-date: /home/HwHiAiUser/wheeltec_ros2/install/yesense_interface/include/yesense_interface/yesense_interface/msg/detail/imu_data_ten_axis__rosidl_typesupport_introspection_cpp.hpp
[4.371s] -- Up-to-date: /home/HwHiAiUser/wheeltec_ros2/install/yesense_interface/include/yesense_interface/yesense_interface/msg/detail/attitude_min_ahrs__type_support.cpp
[4.372s] -- Up-to-date: /home/HwHiAiUser/wheeltec_ros2/install/yesense_interface/lib/libyesense_interface__rosidl_typesupport_introspection_cpp.so
[4.372s] -- Up-to-date: /home/HwHiAiUser/wheeltec_ros2/install/yesense_interface/lib/libyesense_interface__rosidl_typesupport_cpp.so
[4.372s] -- Up-to-date: /home/HwHiAiUser/wheeltec_ros2/install/yesense_interface/share/yesense_interface/environment/pythonpath.sh
[4.374s] -- Up-to-date: /home/HwHiAiUser/wheeltec_ros2/install/yesense_interface/share/yesense_interface/environment/pythonpath.dsv
[4.374s] -- Up-to-date: /home/HwHiAiUser/wheeltec_ros2/install/yesense_interface/local/lib/python3.10/dist-packages/yesense_interface-1.0.0-py3.10.egg-info
[4.374s] -- Installing: /home/HwHiAiUser/wheeltec_ros2/install/yesense_interface/local/lib/python3.10/dist-packages/yesense_interface-1.0.0-py3.10.egg-info/dependency_links.txt
[4.375s] -- Installing: /home/HwHiAiUser/wheeltec_ros2/install/yesense_interface/local/lib/python3.10/dist-packages/yesense_interface-1.0.0-py3.10.egg-info/SOURCES.txt
[4.376s] -- Installing: /home/HwHiAiUser/wheeltec_ros2/install/yesense_interface/local/lib/python3.10/dist-packages/yesense_interface-1.0.0-py3.10.egg-info/PKG-INFO
[4.376s] -- Installing: /home/HwHiAiUser/wheeltec_ros2/install/yesense_interface/local/lib/python3.10/dist-packages/yesense_interface-1.0.0-py3.10.egg-info/top_level.txt
[4.376s] -- Up-to-date: /home/HwHiAiUser/wheeltec_ros2/install/yesense_interface/local/lib/python3.10/dist-packages/yesense_interface
[4.377s] -- Up-to-date: /home/HwHiAiUser/wheeltec_ros2/install/yesense_interface/local/lib/python3.10/dist-packages/yesense_interface/_yesense_interface_s.ep.rosidl_typesupport_c.c
[4.377s] -- Up-to-date: /home/HwHiAiUser/wheeltec_ros2/install/yesense_interface/local/lib/python3.10/dist-packages/yesense_interface/__init__.py
[4.377s] -- Up-to-date: /home/HwHiAiUser/wheeltec_ros2/install/yesense_interface/local/lib/python3.10/dist-packages/yesense_interface/msg
[4.378s] -- Up-to-date: /home/HwHiAiUser/wheeltec_ros2/install/yesense_interface/local/lib/python3.10/dist-packages/yesense_interface/msg/_attitude_min_ahrs.py
[4.378s] -- Up-to-date: /home/HwHiAiUser/wheeltec_ros2/install/yesense_interface/local/lib/python3.10/dist-packages/yesense_interface/msg/_quat_s.c
[4.388s] -- Up-to-date: /home/HwHiAiUser/wheeltec_ros2/install/yesense_interface/local/lib/python3.10/dist-packages/yesense_interface/msg/_sensor_temp_s.c
[4.389s] -- Up-to-date: /home/HwHiAiUser/wheeltec_ros2/install/yesense_interface/local/lib/python3.10/dist-packages/yesense_interface/msg/_nav_all_s.c
[4.389s] -- Up-to-date: /home/HwHiAiUser/wheeltec_ros2/install/yesense_interface/local/lib/python3.10/dist-packages/yesense_interface/msg/_attitude_min_vru.py
[4.389s] -- Up-to-date: /home/HwHiAiUser/wheeltec_ros2/install/yesense_interface/local/lib/python3.10/dist-packages/yesense_interface/msg/_attitude_min_ahrs_s.c
[4.390s] -- Up-to-date: /home/HwHiAiUser/wheeltec_ros2/install/yesense_interface/local/lib/python3.10/dist-packages/yesense_interface/msg/__init__.py
[4.390s] -- Up-to-date: /home/HwHiAiUser/wheeltec_ros2/install/yesense_interface/local/lib/python3.10/dist-packages/yesense_interface/msg/_nav_status.py
[4.390s] -- Up-to-date: /home/HwHiAiUser/wheeltec_ros2/install/yesense_interface/local/lib/python3.10/dist-packages/yesense_interface/msg/_sensor_temp.py
[4.390s] -- Up-to-date: /home/HwHiAiUser/wheeltec_ros2/install/yesense_interface/local/lib/python3.10/dist-packages/yesense_interface/msg/_nav_all.py
[4.390s] -- Up-to-date: /home/HwHiAiUser/wheeltec_ros2/install/yesense_interface/local/lib/python3.10/dist-packages/yesense_interface/msg/_attitude_min_vru_s.c
[4.391s] -- Up-to-date: /home/HwHiAiUser/wheeltec_ros2/install/yesense_interface/local/lib/python3.10/dist-packages/yesense_interface/msg/_tid_s.c
[4.391s] -- Up-to-date: /home/HwHiAiUser/wheeltec_ros2/install/yesense_interface/local/lib/python3.10/dist-packages/yesense_interface/msg/_nav_min_utc.py
[4.391s] -- Up-to-date: /home/HwHiAiUser/wheeltec_ros2/install/yesense_interface/local/lib/python3.10/dist-packages/yesense_interface/msg/_euler_angle_s.c
[4.402s] -- Up-to-date: /home/HwHiAiUser/wheeltec_ros2/install/yesense_interface/local/lib/python3.10/dist-packages/yesense_interface/msg/_imu_data_s.c
[4.403s] -- Up-to-date: /home/HwHiAiUser/wheeltec_ros2/install/yesense_interface/local/lib/python3.10/dist-packages/yesense_interface/msg/_pressure_s.c
[4.404s] -- Up-to-date: /home/HwHiAiUser/wheeltec_ros2/install/yesense_interface/local/lib/python3.10/dist-packages/yesense_interface/msg/_quat.py
[4.404s] -- Up-to-date: /home/HwHiAiUser/wheeltec_ros2/install/yesense_interface/local/lib/python3.10/dist-packages/yesense_interface/msg/_sample_timestamp.py
[4.404s] -- Up-to-date: /home/HwHiAiUser/wheeltec_ros2/install/yesense_interface/local/lib/python3.10/dist-packages/yesense_interface/msg/_gnss_pos_s.c
[4.404s] -- Up-to-date: /home/HwHiAiUser/wheeltec_ros2/install/yesense_interface/local/lib/python3.10/dist-packages/yesense_interface/msg/_nav_status_s.c
[4.404s] -- Up-to-date: /home/HwHiAiUser/wheeltec_ros2/install/yesense_interface/local/lib/python3.10/dist-packages/yesense_interface/msg/_pos_only_s.c
[4.405s] -- Up-to-date: /home/HwHiAiUser/wheeltec_ros2/install/yesense_interface/local/lib/python3.10/dist-packages/yesense_interface/msg/_imu_data_ten_axis.py
[4.405s] -- Up-to-date: /home/HwHiAiUser/wheeltec_ros2/install/yesense_interface/local/lib/python3.10/dist-packages/yesense_interface/msg/_attitude_all_data.py
[4.405s] -- Up-to-date: /home/HwHiAiUser/wheeltec_ros2/install/yesense_interface/local/lib/python3.10/dist-packages/yesense_interface/msg/_euler_angle.py
[4.405s] -- Up-to-date: /home/HwHiAiUser/wheeltec_ros2/install/yesense_interface/local/lib/python3.10/dist-packages/yesense_interface/msg/_imu_data.py
[4.405s] -- Up-to-date: /home/HwHiAiUser/wheeltec_ros2/install/yesense_interface/local/lib/python3.10/dist-packages/yesense_interface/msg/_utc.py
[4.406s] -- Up-to-date: /home/HwHiAiUser/wheeltec_ros2/install/yesense_interface/local/lib/python3.10/dist-packages/yesense_interface/msg/_robot_lord_s.c
[4.406s] -- Up-to-date: /home/HwHiAiUser/wheeltec_ros2/install/yesense_interface/local/lib/python3.10/dist-packages/yesense_interface/msg/_gnss_pos.py
[4.406s] -- Up-to-date: /home/HwHiAiUser/wheeltec_ros2/install/yesense_interface/local/lib/python3.10/dist-packages/yesense_interface/msg/_vel.py
[4.406s] -- Up-to-date: /home/HwHiAiUser/wheeltec_ros2/install/yesense_interface/local/lib/python3.10/dist-packages/yesense_interface/msg/_nav_min_s.c
[4.406s] -- Up-to-date: /home/HwHiAiUser/wheeltec_ros2/install/yesense_interface/local/lib/python3.10/dist-packages/yesense_interface/msg/_tid.py
[4.407s] -- Up-to-date: /home/HwHiAiUser/wheeltec_ros2/install/yesense_interface/local/lib/python3.10/dist-packages/yesense_interface/msg/_vel_s.c
[4.407s] -- Up-to-date: /home/HwHiAiUser/wheeltec_ros2/install/yesense_interface/local/lib/python3.10/dist-packages/yesense_interface/msg/_three_axis_s.c
[4.407s] -- Up-to-date: /home/HwHiAiUser/wheeltec_ros2/install/yesense_interface/local/lib/python3.10/dist-packages/yesense_interface/msg/_pressure.py
[4.407s] -- Up-to-date: /home/HwHiAiUser/wheeltec_ros2/install/yesense_interface/local/lib/python3.10/dist-packages/yesense_interface/msg/_three_axis.py
[4.407s] -- Up-to-date: /home/HwHiAiUser/wheeltec_ros2/install/yesense_interface/local/lib/python3.10/dist-packages/yesense_interface/msg/_imu_data_ten_axis_s.c
[4.408s] -- Up-to-date: /home/HwHiAiUser/wheeltec_ros2/install/yesense_interface/local/lib/python3.10/dist-packages/yesense_interface/msg/_sample_timestamp_s.c
[4.418s] -- Up-to-date: /home/HwHiAiUser/wheeltec_ros2/install/yesense_interface/local/lib/python3.10/dist-packages/yesense_interface/msg/_attitude_all_data_s.c
[4.418s] -- Up-to-date: /home/HwHiAiUser/wheeltec_ros2/install/yesense_interface/local/lib/python3.10/dist-packages/yesense_interface/msg/_nav_min.py
[4.419s] -- Up-to-date: /home/HwHiAiUser/wheeltec_ros2/install/yesense_interface/local/lib/python3.10/dist-packages/yesense_interface/msg/_euler_only_s.c
[4.419s] -- Up-to-date: /home/HwHiAiUser/wheeltec_ros2/install/yesense_interface/local/lib/python3.10/dist-packages/yesense_interface/msg/_euler_only.py
[4.422s] -- Up-to-date: /home/HwHiAiUser/wheeltec_ros2/install/yesense_interface/local/lib/python3.10/dist-packages/yesense_interface/msg/_nav_min_utc_s.c
[4.422s] -- Up-to-date: /home/HwHiAiUser/wheeltec_ros2/install/yesense_interface/local/lib/python3.10/dist-packages/yesense_interface/msg/_robot_lord.py
[4.422s] -- Up-to-date: /home/HwHiAiUser/wheeltec_ros2/install/yesense_interface/local/lib/python3.10/dist-packages/yesense_interface/msg/_utc_s.c
[4.423s] -- Up-to-date: /home/HwHiAiUser/wheeltec_ros2/install/yesense_interface/local/lib/python3.10/dist-packages/yesense_interface/msg/_pos_only.py
[4.428s] -- Up-to-date: /home/HwHiAiUser/wheeltec_ros2/install/yesense_interface/local/lib/python3.10/dist-packages/yesense_interface/libyesense_interface__rosidl_generator_py.so
[4.429s] -- Up-to-date: /home/HwHiAiUser/wheeltec_ros2/install/yesense_interface/local/lib/python3.10/dist-packages/yesense_interface/yesense_interface_s__rosidl_typesupport_fastrtps_c.cpython-310-aarch64-linux-gnu.so
[4.430s] -- Up-to-date: /home/HwHiAiUser/wheeltec_ros2/install/yesense_interface/local/lib/python3.10/dist-packages/yesense_interface/_yesense_interface_s.ep.rosidl_typesupport_introspection_c.c
[4.430s] -- Up-to-date: /home/HwHiAiUser/wheeltec_ros2/install/yesense_interface/local/lib/python3.10/dist-packages/yesense_interface/yesense_interface_s__rosidl_typesupport_introspection_c.cpython-310-aarch64-linux-gnu.so
[4.431s] -- Up-to-date: /home/HwHiAiUser/wheeltec_ros2/install/yesense_interface/local/lib/python3.10/dist-packages/yesense_interface/yesense_interface_s__rosidl_typesupport_c.cpython-310-aarch64-linux-gnu.so
[4.431s] -- Up-to-date: /home/HwHiAiUser/wheeltec_ros2/install/yesense_interface/local/lib/python3.10/dist-packages/yesense_interface/_yesense_interface_s.ep.rosidl_typesupport_fastrtps_c.c
[4.635s] Listing '/home/HwHiAiUser/wheeltec_ros2/install/yesense_interface/local/lib/python3.10/dist-packages/yesense_interface'...
[4.636s] Listing '/home/HwHiAiUser/wheeltec_ros2/install/yesense_interface/local/lib/python3.10/dist-packages/yesense_interface/msg'...
[4.703s] -- Up-to-date: /home/HwHiAiUser/wheeltec_ros2/install/yesense_interface/local/lib/python3.10/dist-packages/yesense_interface/yesense_interface_s__rosidl_typesupport_fastrtps_c.cpython-310-aarch64-linux-gnu.so
[4.704s] -- Up-to-date: /home/HwHiAiUser/wheeltec_ros2/install/yesense_interface/local/lib/python3.10/dist-packages/yesense_interface/yesense_interface_s__rosidl_typesupport_introspection_c.cpython-310-aarch64-linux-gnu.so
[4.705s] -- Up-to-date: /home/HwHiAiUser/wheeltec_ros2/install/yesense_interface/local/lib/python3.10/dist-packages/yesense_interface/yesense_interface_s__rosidl_typesupport_c.cpython-310-aarch64-linux-gnu.so
[4.706s] -- Up-to-date: /home/HwHiAiUser/wheeltec_ros2/install/yesense_interface/lib/libyesense_interface__rosidl_generator_py.so
[4.706s] -- Up-to-date: /home/HwHiAiUser/wheeltec_ros2/install/yesense_interface/share/yesense_interface/msg/Tid.idl
[4.707s] -- Up-to-date: /home/HwHiAiUser/wheeltec_ros2/install/yesense_interface/share/yesense_interface/msg/ThreeAxis.idl
[4.708s] -- Up-to-date: /home/HwHiAiUser/wheeltec_ros2/install/yesense_interface/share/yesense_interface/msg/SensorTemp.idl
[4.708s] -- Up-to-date: /home/HwHiAiUser/wheeltec_ros2/install/yesense_interface/share/yesense_interface/msg/Pressure.idl
[4.708s] -- Up-to-date: /home/HwHiAiUser/wheeltec_ros2/install/yesense_interface/share/yesense_interface/msg/EulerAngle.idl
[4.709s] -- Up-to-date: /home/HwHiAiUser/wheeltec_ros2/install/yesense_interface/share/yesense_interface/msg/Quat.idl
[4.709s] -- Up-to-date: /home/HwHiAiUser/wheeltec_ros2/install/yesense_interface/share/yesense_interface/msg/GnssPos.idl
[4.710s] -- Up-to-date: /home/HwHiAiUser/wheeltec_ros2/install/yesense_interface/share/yesense_interface/msg/NavStatus.idl
[4.710s] -- Up-to-date: /home/HwHiAiUser/wheeltec_ros2/install/yesense_interface/share/yesense_interface/msg/Vel.idl
[4.712s] -- Up-to-date: /home/HwHiAiUser/wheeltec_ros2/install/yesense_interface/share/yesense_interface/msg/Utc.idl
[4.719s] -- Up-to-date: /home/HwHiAiUser/wheeltec_ros2/install/yesense_interface/share/yesense_interface/msg/SampleTimestamp.idl
[4.720s] -- Up-to-date: /home/HwHiAiUser/wheeltec_ros2/install/yesense_interface/share/yesense_interface/msg/ImuData.idl
[4.720s] -- Up-to-date: /home/HwHiAiUser/wheeltec_ros2/install/yesense_interface/share/yesense_interface/msg/ImuDataTenAxis.idl
[4.720s] -- Up-to-date: /home/HwHiAiUser/wheeltec_ros2/install/yesense_interface/share/yesense_interface/msg/EulerOnly.idl
[4.720s] -- Up-to-date: /home/HwHiAiUser/wheeltec_ros2/install/yesense_interface/share/yesense_interface/msg/RobotLord.idl
[4.721s] -- Up-to-date: /home/HwHiAiUser/wheeltec_ros2/install/yesense_interface/share/yesense_interface/msg/AttitudeMinVru.idl
[4.721s] -- Up-to-date: /home/HwHiAiUser/wheeltec_ros2/install/yesense_interface/share/yesense_interface/msg/AttitudeMinAhrs.idl
[4.722s] -- Up-to-date: /home/HwHiAiUser/wheeltec_ros2/install/yesense_interface/share/yesense_interface/msg/AttitudeAllData.idl
[4.722s] -- Up-to-date: /home/HwHiAiUser/wheeltec_ros2/install/yesense_interface/share/yesense_interface/msg/PosOnly.idl
[4.723s] -- Up-to-date: /home/HwHiAiUser/wheeltec_ros2/install/yesense_interface/share/yesense_interface/msg/NavMin.idl
[4.723s] -- Up-to-date: /home/HwHiAiUser/wheeltec_ros2/install/yesense_interface/share/yesense_interface/msg/NavMinUtc.idl
[4.723s] -- Up-to-date: /home/HwHiAiUser/wheeltec_ros2/install/yesense_interface/share/yesense_interface/msg/NavAll.idl
[4.724s] -- Up-to-date: /home/HwHiAiUser/wheeltec_ros2/install/yesense_interface/share/yesense_interface/msg/Tid.msg
[4.724s] -- Up-to-date: /home/HwHiAiUser/wheeltec_ros2/install/yesense_interface/share/yesense_interface/msg/ThreeAxis.msg
[4.724s] -- Up-to-date: /home/HwHiAiUser/wheeltec_ros2/install/yesense_interface/share/yesense_interface/msg/SensorTemp.msg
[4.727s] -- Up-to-date: /home/HwHiAiUser/wheeltec_ros2/install/yesense_interface/share/yesense_interface/msg/Pressure.msg
[4.728s] -- Up-to-date: /home/HwHiAiUser/wheeltec_ros2/install/yesense_interface/share/yesense_interface/msg/EulerAngle.msg
[4.728s] -- Up-to-date: /home/HwHiAiUser/wheeltec_ros2/install/yesense_interface/share/yesense_interface/msg/Quat.msg
[4.728s] -- Up-to-date: /home/HwHiAiUser/wheeltec_ros2/install/yesense_interface/share/yesense_interface/msg/GnssPos.msg
[4.729s] -- Up-to-date: /home/HwHiAiUser/wheeltec_ros2/install/yesense_interface/share/yesense_interface/msg/NavStatus.msg
[4.729s] -- Up-to-date: /home/HwHiAiUser/wheeltec_ros2/install/yesense_interface/share/yesense_interface/msg/Vel.msg
[4.729s] -- Up-to-date: /home/HwHiAiUser/wheeltec_ros2/install/yesense_interface/share/yesense_interface/msg/Utc.msg
[4.729s] -- Up-to-date: /home/HwHiAiUser/wheeltec_ros2/install/yesense_interface/share/yesense_interface/msg/SampleTimestamp.msg
[4.730s] -- Up-to-date: /home/HwHiAiUser/wheeltec_ros2/install/yesense_interface/share/yesense_interface/msg/ImuData.msg
[4.730s] -- Up-to-date: /home/HwHiAiUser/wheeltec_ros2/install/yesense_interface/share/yesense_interface/msg/ImuDataTenAxis.msg
[4.730s] -- Up-to-date: /home/HwHiAiUser/wheeltec_ros2/install/yesense_interface/share/yesense_interface/msg/EulerOnly.msg
[4.731s] -- Up-to-date: /home/HwHiAiUser/wheeltec_ros2/install/yesense_interface/share/yesense_interface/msg/RobotLord.msg
[4.736s] -- Up-to-date: /home/HwHiAiUser/wheeltec_ros2/install/yesense_interface/share/yesense_interface/msg/AttitudeMinVru.msg
[4.736s] -- Up-to-date: /home/HwHiAiUser/wheeltec_ros2/install/yesense_interface/share/yesense_interface/msg/AttitudeMinAhrs.msg
[4.737s] -- Up-to-date: /home/HwHiAiUser/wheeltec_ros2/install/yesense_interface/share/yesense_interface/msg/AttitudeAllData.msg
[4.744s] -- Up-to-date: /home/HwHiAiUser/wheeltec_ros2/install/yesense_interface/share/yesense_interface/msg/PosOnly.msg
[4.752s] -- Up-to-date: /home/HwHiAiUser/wheeltec_ros2/install/yesense_interface/share/yesense_interface/msg/NavMin.msg
[4.752s] -- Up-to-date: /home/HwHiAiUser/wheeltec_ros2/install/yesense_interface/share/yesense_interface/msg/NavMinUtc.msg
[4.753s] -- Up-to-date: /home/HwHiAiUser/wheeltec_ros2/install/yesense_interface/share/yesense_interface/msg/NavAll.msg
[4.753s] -- Up-to-date: /home/HwHiAiUser/wheeltec_ros2/install/yesense_interface/share/ament_index/resource_index/package_run_dependencies/yesense_interface
[4.753s] -- Up-to-date: /home/HwHiAiUser/wheeltec_ros2/install/yesense_interface/share/ament_index/resource_index/parent_prefix_path/yesense_interface
[4.753s] -- Up-to-date: /home/HwHiAiUser/wheeltec_ros2/install/yesense_interface/share/yesense_interface/environment/ament_prefix_path.sh
[4.753s] -- Up-to-date: /home/HwHiAiUser/wheeltec_ros2/install/yesense_interface/share/yesense_interface/environment/ament_prefix_path.dsv
[4.754s] -- Up-to-date: /home/HwHiAiUser/wheeltec_ros2/install/yesense_interface/share/yesense_interface/environment/path.sh
[4.754s] -- Up-to-date: /home/HwHiAiUser/wheeltec_ros2/install/yesense_interface/share/yesense_interface/environment/path.dsv
[4.754s] -- Up-to-date: /home/HwHiAiUser/wheeltec_ros2/install/yesense_interface/share/yesense_interface/local_setup.bash
[4.754s] -- Up-to-date: /home/HwHiAiUser/wheeltec_ros2/install/yesense_interface/share/yesense_interface/local_setup.sh
[4.755s] -- Up-to-date: /home/HwHiAiUser/wheeltec_ros2/install/yesense_interface/share/yesense_interface/local_setup.zsh
[4.780s] -- Up-to-date: /home/HwHiAiUser/wheeltec_ros2/install/yesense_interface/share/yesense_interface/local_setup.dsv
[4.780s] -- Installing: /home/HwHiAiUser/wheeltec_ros2/install/yesense_interface/share/yesense_interface/package.dsv
[4.818s] -- Up-to-date: /home/HwHiAiUser/wheeltec_ros2/install/yesense_interface/share/ament_index/resource_index/packages/yesense_interface
[4.834s] -- Up-to-date: /home/HwHiAiUser/wheeltec_ros2/install/yesense_interface/share/yesense_interface/cmake/export_yesense_interface__rosidl_generator_cExport.cmake
[4.835s] -- Up-to-date: /home/HwHiAiUser/wheeltec_ros2/install/yesense_interface/share/yesense_interface/cmake/export_yesense_interface__rosidl_generator_cExport-noconfig.cmake
[4.835s] -- Up-to-date: /home/HwHiAiUser/wheeltec_ros2/install/yesense_interface/share/yesense_interface/cmake/export_yesense_interface__rosidl_typesupport_fastrtps_cExport.cmake
[4.836s] -- Up-to-date: /home/HwHiAiUser/wheeltec_ros2/install/yesense_interface/share/yesense_interface/cmake/export_yesense_interface__rosidl_typesupport_fastrtps_cExport-noconfig.cmake
[4.836s] -- Up-to-date: /home/HwHiAiUser/wheeltec_ros2/install/yesense_interface/share/yesense_interface/cmake/yesense_interface__rosidl_typesupport_introspection_cExport.cmake
[4.836s] -- Up-to-date: /home/HwHiAiUser/wheeltec_ros2/install/yesense_interface/share/yesense_interface/cmake/yesense_interface__rosidl_typesupport_introspection_cExport-noconfig.cmake
[4.836s] -- Up-to-date: /home/HwHiAiUser/wheeltec_ros2/install/yesense_interface/share/yesense_interface/cmake/yesense_interface__rosidl_typesupport_cExport.cmake
[4.836s] -- Up-to-date: /home/HwHiAiUser/wheeltec_ros2/install/yesense_interface/share/yesense_interface/cmake/yesense_interface__rosidl_typesupport_cExport-noconfig.cmake
[4.837s] -- Up-to-date: /home/HwHiAiUser/wheeltec_ros2/install/yesense_interface/share/yesense_interface/cmake/export_yesense_interface__rosidl_generator_cppExport.cmake
[4.837s] -- Up-to-date: /home/HwHiAiUser/wheeltec_ros2/install/yesense_interface/share/yesense_interface/cmake/export_yesense_interface__rosidl_typesupport_fastrtps_cppExport.cmake
[4.837s] -- Up-to-date: /home/HwHiAiUser/wheeltec_ros2/install/yesense_interface/share/yesense_interface/cmake/export_yesense_interface__rosidl_typesupport_fastrtps_cppExport-noconfig.cmake
[4.837s] -- Up-to-date: /home/HwHiAiUser/wheeltec_ros2/install/yesense_interface/share/yesense_interface/cmake/yesense_interface__rosidl_typesupport_introspection_cppExport.cmake
[4.837s] -- Up-to-date: /home/HwHiAiUser/wheeltec_ros2/install/yesense_interface/share/yesense_interface/cmake/yesense_interface__rosidl_typesupport_introspection_cppExport-noconfig.cmake
[4.838s] -- Up-to-date: /home/HwHiAiUser/wheeltec_ros2/install/yesense_interface/share/yesense_interface/cmake/yesense_interface__rosidl_typesupport_cppExport.cmake
[4.838s] -- Up-to-date: /home/HwHiAiUser/wheeltec_ros2/install/yesense_interface/share/yesense_interface/cmake/yesense_interface__rosidl_typesupport_cppExport-noconfig.cmake
[4.838s] -- Up-to-date: /home/HwHiAiUser/wheeltec_ros2/install/yesense_interface/share/yesense_interface/cmake/export_yesense_interface__rosidl_generator_pyExport.cmake
[4.838s] -- Up-to-date: /home/HwHiAiUser/wheeltec_ros2/install/yesense_interface/share/yesense_interface/cmake/export_yesense_interface__rosidl_generator_pyExport-noconfig.cmake
[4.838s] -- Up-to-date: /home/HwHiAiUser/wheeltec_ros2/install/yesense_interface/share/yesense_interface/cmake/rosidl_cmake-extras.cmake
[4.838s] -- Up-to-date: /home/HwHiAiUser/wheeltec_ros2/install/yesense_interface/share/yesense_interface/cmake/ament_cmake_export_include_directories-extras.cmake
[4.839s] -- Up-to-date: /home/HwHiAiUser/wheeltec_ros2/install/yesense_interface/share/yesense_interface/cmake/ament_cmake_export_libraries-extras.cmake
[4.839s] -- Up-to-date: /home/HwHiAiUser/wheeltec_ros2/install/yesense_interface/share/yesense_interface/cmake/ament_cmake_export_targets-extras.cmake
[4.839s] -- Up-to-date: /home/HwHiAiUser/wheeltec_ros2/install/yesense_interface/share/yesense_interface/cmake/rosidl_cmake_export_typesupport_targets-extras.cmake
[4.839s] -- Up-to-date: /home/HwHiAiUser/wheeltec_ros2/install/yesense_interface/share/yesense_interface/cmake/ament_cmake_export_dependencies-extras.cmake
[4.839s] -- Up-to-date: /home/HwHiAiUser/wheeltec_ros2/install/yesense_interface/share/yesense_interface/cmake/rosidl_cmake_export_typesupport_libraries-extras.cmake
[4.840s] -- Up-to-date: /home/HwHiAiUser/wheeltec_ros2/install/yesense_interface/share/yesense_interface/cmake/yesense_interfaceConfig.cmake
[4.840s] -- Up-to-date: /home/HwHiAiUser/wheeltec_ros2/install/yesense_interface/share/yesense_interface/cmake/yesense_interfaceConfig-version.cmake
[4.840s] -- Up-to-date: /home/HwHiAiUser/wheeltec_ros2/install/yesense_interface/share/yesense_interface/package.xml
[4.994s] Invoked command in '/home/HwHiAiUser/wheeltec_ros2/build/yesense_interface' returned '0': CMAKE_PREFIX_PATH=${CMAKE_PREFIX_PATH}:/home/HwHiAiUser/wheeltec_ros2/install/wheeltec_robot_keyboard:/home/HwHiAiUser/wheeltec_ros2/install/wheeltec_gpio_control:/home/HwHiAiUser/wheeltec_ros2/install/tf2_tools:/opt/ros/humble _=/usr/bin/env /usr/bin/cmake --install /home/HwHiAiUser/wheeltec_ros2/build/yesense_interface
