[0.000000] (-) TimerEvent: {}
[0.000475] (-) JobUnselected: {'identifier': 'ackermann_msgs'}
[0.000677] (-) JobUnselected: {'identifier': 'astra_camera'}
[0.000827] (-) JobUnselected: {'identifier': 'astra_camera_msgs'}
[0.000891] (-) JobUnselected: {'identifier': 'ldlidar'}
[0.000955] (-) JobUnselected: {'identifier': 'ldlidar_sl_ros2'}
[0.001006] (-) JobUnselected: {'identifier': 'ldlidar_stl_ros2'}
[0.001068] (-) JobUnselected: {'identifier': 'lslidar_driver'}
[0.001220] (-) JobUnselected: {'identifier': 'lslidar_msgs'}
[0.001889] (-) JobUnselected: {'identifier': 'rplidar_ros'}
[0.015427] (-) JobUnselected: {'identifier': 'serial'}
[0.016480] (-) JobUnselected: {'identifier': 'tf2_tools'}
[0.017005] (-) JobUnselected: {'identifier': 'turn_on_wheeltec_robot'}
[0.023206] (-) JobUnselected: {'identifier': 'usb_cam'}
[0.023922] (-) JobUnselected: {'identifier': 'web_video_server'}
[0.024297] (-) JobUnselected: {'identifier': 'wheeltec_gpio_control'}
[0.029470] (-) JobUnselected: {'identifier': 'wheeltec_robot_keyboard'}
[0.029658] (-) JobUnselected: {'identifier': 'wheeltec_robot_msg'}
[0.029726] (-) JobUnselected: {'identifier': 'wheeltec_robot_urdf'}
[0.029787] (-) JobUnselected: {'identifier': 'wheeltec_rviz2'}
[0.029838] (-) JobUnselected: {'identifier': 'yesense_interface'}
[0.029882] (-) JobUnselected: {'identifier': 'yesense_std_ros2'}
[0.029933] (qt_robot_control) JobQueued: {'identifier': 'qt_robot_control', 'dependencies': OrderedDict()}
[0.029982] (qt_robot_control) JobStarted: {'identifier': 'qt_robot_control'}
[0.062656] (qt_robot_control) JobProgress: {'identifier': 'qt_robot_control', 'progress': 'cmake'}
[0.064794] (qt_robot_control) JobProgress: {'identifier': 'qt_robot_control', 'progress': 'build'}
[0.067322] (qt_robot_control) Command: {'cmd': ['/usr/bin/cmake', '--build', '/home/HwHiAiUser/wheeltec_ros2/build/qt_robot_control', '--', '-j4', '-l4'], 'cwd': '/home/HwHiAiUser/wheeltec_ros2/build/qt_robot_control', 'env': OrderedDict([('SHELL', '/bin/bash'), ('ROS_VERSION', '2'), ('GTK_IM_MODULE', 'ibus'), ('CONDA_EXE', '/usr/local/miniconda3/bin/conda'), ('_CE_M', ''), ('COMPOSER_NO_INTERACTION', '1'), ('ROS_PYTHON_VERSION', '3'), ('MS_ENABLE_GE', '1'), ('MX_SDK_HOME', '/home/HwHiAiUser/work/Mind_SDK/mxVision'), ('VSCODE_SERVER_SHUTDOWN_TIMEOUT', '300'), ('ELECTRON_RUN_AS_NODE', '1'), ('XMODIFIERS', '@im=ibus'), ('NPU_HOST_INC', '/usr/local/Ascend/ascend-toolkit/latest/runtime/include'), ('NPU_HOST_LIB', '/usr/local/Ascend/ascend-toolkit/latest/runtime/lib64/stub/aarch64'), ('PWD', '/home/HwHiAiUser/wheeltec_ros2/build/qt_robot_control'), ('LOGNAME', 'HwHiAiUser'), ('XDG_SESSION_TYPE', 'tty'), ('VSCODE_ESM_ENTRYPOINT', 'vs/workbench/api/node/extensionHostProcess'), ('MOTD_SHOWN', 'pam'), ('GST_PLUGIN_SCANNER', '/home/HwHiAiUser/work/Mind_SDK/mxVision/opensource/libexec/gstreamer-1.0/gst-plugin-scanner'), ('HOME', '/home/HwHiAiUser'), ('LANG', 'C.UTF-8'), ('LS_COLORS', ''), ('FORCE_COLOR', '0'), ('MS_DEV_FORCE_ACL', '1'), ('AMENT_PREFIX_PATH', '/home/HwHiAiUser/wheeltec_ros2/install/yesense_std_ros2:/home/HwHiAiUser/wheeltec_ros2/install/yesense_interface:/home/HwHiAiUser/wheeltec_ros2/install/wheeltec_rviz2:/home/HwHiAiUser/wheeltec_ros2/install/wheeltec_robot_urdf:/home/HwHiAiUser/wheeltec_ros2/install/turn_on_wheeltec_robot:/home/HwHiAiUser/wheeltec_ros2/install/wheeltec_robot_msg:/home/HwHiAiUser/wheeltec_ros2/install/wheeltec_robot_keyboard:/home/HwHiAiUser/wheeltec_ros2/install/wheeltec_gpio_control:/home/HwHiAiUser/wheeltec_ros2/install/web_video_server:/home/HwHiAiUser/wheeltec_ros2/install/usb_cam:/home/HwHiAiUser/wheeltec_ros2/install/tf2_tools:/home/HwHiAiUser/wheeltec_ros2/install/serial:/home/HwHiAiUser/wheeltec_ros2/install/rplidar_ros:/home/HwHiAiUser/wheeltec_ros2/install/lslidar_driver:/home/HwHiAiUser/wheeltec_ros2/install/lslidar_msgs:/home/HwHiAiUser/wheeltec_ros2/install/ldlidar_stl_ros2:/home/HwHiAiUser/wheeltec_ros2/install/ldlidar_sl_ros2:/home/HwHiAiUser/wheeltec_ros2/install/ldlidar:/home/HwHiAiUser/wheeltec_ros2/install/astra_camera:/home/HwHiAiUser/wheeltec_ros2/install/astra_camera_msgs:/home/HwHiAiUser/wheeltec_ros2/install/ackermann_msgs:/opt/ros/humble'), ('CMAKE_PREFIX_PATH', '/home/HwHiAiUser/wheeltec_ros2/install/yesense_std_ros2:/home/HwHiAiUser/wheeltec_ros2/install/yesense_interface:/home/HwHiAiUser/wheeltec_ros2/install/wheeltec_rviz2:/home/HwHiAiUser/wheeltec_ros2/install/wheeltec_robot_urdf:/home/HwHiAiUser/wheeltec_ros2/install/turn_on_wheeltec_robot:/home/HwHiAiUser/wheeltec_ros2/install/wheeltec_robot_msg:/home/HwHiAiUser/wheeltec_ros2/install/web_video_server:/home/HwHiAiUser/wheeltec_ros2/install/usb_cam:/home/HwHiAiUser/wheeltec_ros2/install/serial:/home/HwHiAiUser/wheeltec_ros2/install/rplidar_ros:/home/HwHiAiUser/wheeltec_ros2/install/lslidar_driver:/home/HwHiAiUser/wheeltec_ros2/install/lslidar_msgs:/home/HwHiAiUser/wheeltec_ros2/install/ldlidar_stl_ros2:/home/HwHiAiUser/wheeltec_ros2/install/ldlidar_sl_ros2:/home/HwHiAiUser/wheeltec_ros2/install/ldlidar:/home/HwHiAiUser/wheeltec_ros2/install/astra_camera:/home/HwHiAiUser/wheeltec_ros2/install/astra_camera_msgs:/home/HwHiAiUser/wheeltec_ros2/install/ackermann_msgs:/home/HwHiAiUser/wheeltec_ros2/install/wheeltec_robot_keyboard:/home/HwHiAiUser/wheeltec_ros2/install/wheeltec_gpio_control:/home/HwHiAiUser/wheeltec_ros2/install/tf2_tools:/opt/ros/humble'), ('VSCODE_AGENT_FOLDER', '/home/HwHiAiUser/.cursor-server'), ('VSCODE_L10N_BUNDLE_LOCATION', 'vscode-local:/c%3A/Users/25914/.cursor/extensions/ms-ceintl.vscode-language-pack-zh-hans-1.99.0-universal/translations/extensions/vscode.json-language-features.i18n.json'), ('COLCON_PREFIX_PATH', '/home/HwHiAiUser/wheeltec_ros2/install'), ('SSH_CONNECTION', '10.248.102.23 12022 10.248.102.204 22'), ('TOOLCHAIN_HOME', '/home/HwHiAiUser/Ascend/ascend-toolkit/latest/toolkit'), ('ASCEND_TOOLKIT_HOME', '/home/HwHiAiUser/Ascend/ascend-toolkit/latest'), ('CURSOR_AGENT', '1'), ('LESSCLOSE', '/usr/bin/lesspipe %s %s'), ('XDG_SESSION_CLASS', 'user'), ('VSCODE_HANDLES_SIGPIPE', 'true'), ('PYTHONPATH', '/home/HwHiAiUser/work/Mind_SDK/mxVision/python:/home/HwHiAiUser/Ascend/ascend-toolkit/latest/python/site-packages:/home/HwHiAiUser/Ascend/ascend-toolkit/latest/opp/built-in/op_impl/ai_core/tbe:/home/HwHiAiUser/wheeltec_ros2/install/yesense_interface/local/lib/python3.10/dist-packages:/home/HwHiAiUser/wheeltec_ros2/install/turn_on_wheeltec_robot/local/lib/python3.10/dist-packages:/home/HwHiAiUser/wheeltec_ros2/install/wheeltec_robot_msg/local/lib/python3.10/dist-packages:/home/HwHiAiUser/wheeltec_ros2/install/wheeltec_robot_keyboard/lib/python3.10/site-packages:/home/HwHiAiUser/wheeltec_ros2/install/wheeltec_gpio_control/lib/python3.10/site-packages:/home/HwHiAiUser/wheeltec_ros2/install/tf2_tools/lib/python3.10/site-packages:/home/HwHiAiUser/wheeltec_ros2/install/lslidar_msgs/local/lib/python3.10/dist-packages:/home/HwHiAiUser/wheeltec_ros2/install/astra_camera_msgs/local/lib/python3.10/dist-packages:/home/HwHiAiUser/wheeltec_ros2/install/ackermann_msgs/local/lib/python3.10/dist-packages:/opt/ros/humble/lib/python3.10/site-packages:/opt/ros/humble/local/lib/python3.10/dist-packages:/usr/local/Ascend/ascend-toolkit/latest/python/site-packages:/usr/local/Ascend/ascend-toolkit/latest/opp/built-in/op_impl/ai_core/tbe:/usr/local/Ascend/ascend-toolkit/laster/python/site-packages:/usr/local/Ascend/ascend-toolkit/laster/opp/built-in/op_impl/ai_core/tbe:/usr/local/Ascend/ascend-toolkit/laster/python/site-packages:/usr/local/Ascend/ascend-toolkit/laster/opp/built-in/op_impl/ai_core/tbe:'), ('COLCON', '1'), ('TERM', 'dumb'), ('_CE_CONDA', ''), ('ASCEND_CUSTOM_OPP_PATH', '/home/HwHiAiUser/work/Mind_SDK/mxVision/operators/ascendc/vendors/customize:'), ('LESSOPEN', '| /usr/bin/lesspipe %s'), ('USER', 'HwHiAiUser'), ('CONDA_SHLVL', '0'), ('SHLVL', '2'), ('QT_IM_MODULE', 'ibus'), ('VSCODE_CWD', '/home/HwHiAiUser'), ('XDG_SESSION_ID', '7'), ('NO_COLOR', '1'), ('GST_PLUGIN_PATH', '/home/HwHiAiUser/work/Mind_SDK/mxVision/opensource/lib/gstreamer-1.0:/home/HwHiAiUser/work/Mind_SDK/mxVision/lib/plugins'), ('ASCEND_OPP_PATH', '/home/HwHiAiUser/Ascend/ascend-toolkit/latest/opp'), ('CONDA_PYTHON_EXE', '/usr/local/miniconda3/bin/python'), ('LD_LIBRARY_PATH', '/usr/lib/aarch64-linux-gnu:/usr/lib:/home/HwHiAiUser/work/Mind_SDK/mxVision/operators/ascendc/vendors/customize/op_api/lib:/home/HwHiAiUser/work/Mind_SDK/mxVision/lib/modelpostprocessors:/home/HwHiAiUser/work/Mind_SDK/mxVision/lib:/home/HwHiAiUser/work/Mind_SDK/mxVision/opensource/lib:/home/HwHiAiUser/work/Mind_SDK/mxVision/opensource/lib64:/home/HwHiAiUser/Ascend/ascend-toolkit/latest/tools/aml/lib64:/home/HwHiAiUser/Ascend/ascend-toolkit/latest/tools/aml/lib64/plugin:/home/HwHiAiUser/Ascend/ascend-toolkit/latest/lib64:/home/HwHiAiUser/Ascend/ascend-toolkit/latest/lib64/plugin/opskernel:/home/HwHiAiUser/Ascend/ascend-toolkit/latest/lib64/plugin/nnengine:/home/HwHiAiUser/Ascend/ascend-toolkit/latest/opp/built-in/op_impl/ai_core/tbe/op_tiling/lib/linux/aarch64:/var/davinci/driver/lib64:/var/davinci/driver/lib64/common:/var/davinci/driver/lib64/driver:/home/HwHiAiUser/wheeltec_ros2/install/yesense_interface/lib:/home/HwHiAiUser/wheeltec_ros2/install/turn_on_wheeltec_robot/lib:/home/HwHiAiUser/wheeltec_ros2/install/wheeltec_robot_msg/lib:/home/HwHiAiUser/wheeltec_ros2/install/usb_cam/lib:/home/HwHiAiUser/wheeltec_ros2/install/serial/lib:/home/HwHiAiUser/wheeltec_ros2/install/lslidar_msgs/lib:/home/HwHiAiUser/wheeltec_ros2/install/astra_camera/lib:/home/HwHiAiUser/wheeltec_ros2/install/astra_camera_msgs/lib:/home/HwHiAiUser/wheeltec_ros2/install/ackermann_msgs/lib:/opt/ros/humble/opt/rviz_ogre_vendor/lib:/opt/ros/humble/lib/aarch64-linux-gnu:/opt/ros/humble/lib:/usr/local/Ascend/ascend-toolkit/latest/tools/aml/lib64:/usr/local/Ascend/ascend-toolkit/latest/tools/aml/lib64/plugin:/usr/local/Ascend/ascend-toolkit/latest/lib64:/usr/local/Ascend/ascend-toolkit/latest/lib64/plugin/opskernel:/usr/local/Ascend/ascend-toolkit/latest/lib64/plugin/nnengine:/usr/local/Ascend/ascend-toolkit/latest/opp/built-in/op_impl/ai_core/tbe/op_tiling/lib/linux/aarch64:/lib64:/var/davinci/driver/lib64:/var/davinci/driver/lib64/common:/var/davinci/driver/lib64/driver:/usr/local/Ascend/ascend-toolkit/laster/runtime/lib64/stub/aarch64:/usr/local/Ascend/ascend-toolkit/laster/lib64:/usr/local/Ascend/ascend-toolkit/laster/lib64/plugin/opskernel:/usr/local/Ascend/ascend-toolkit/laster/lib64/plugin/nnengine:/usr/local/Ascend/ascend-toolkit/laster/opp/built-in/op_impl/ai_core/tbe/op_tiling:/usr/local/Ascend/driver/lib64:/var/davinci/driver/lib64:/var/davinci/driver/lib64/common:/var/davinci/driver/lib64/driver:/usr/local/Ascend/ascend-toolkit/laster/runtime/lib64/stub/aarch64:/usr/local/Ascend/ascend-toolkit/laster/lib64:/usr/local/Ascend/ascend-toolkit/laster/lib64/plugin/opskernel:/usr/local/Ascend/ascend-toolkit/laster/lib64/plugin/nnengine:/usr/local/Ascend/ascend-toolkit/laster/opp/built-in/op_impl/ai_core/tbe/op_tiling:/usr/local/Ascend/driver/lib64:/var/davinci/driver/lib64:/var/davinci/driver/lib64/common:/var/davinci/driver/lib64/driver:'), ('ASCEND_AICPU_PATH', '/home/HwHiAiUser/Ascend/ascend-toolkit/latest'), ('XDG_RUNTIME_DIR', '/run/user/1000'), ('ROS_LOCALHOST_ONLY', '0'), ('SSH_CLIENT', '10.248.102.23 12022 22'), ('XDG_DATA_DIRS', '/usr/share/gnome:/usr/local/share:/usr/share:/var/lib/snapd/desktop'), ('BROWSER', '/home/HwHiAiUser/.cursor-server/bin/7236ee799a5bffd9f28fa4fd18bdc6eab5e08df0/bin/helpers/browser.sh'), ('PATH', '/home/HwHiAiUser/.local/bin:/home/HwHiAiUser/Ascend/ascend-toolkit/latest/bin:/home/HwHiAiUser/Ascend/ascend-toolkit/latest/compiler/ccec_compiler/bin:/home/HwHiAiUser/Ascend/ascend-toolkit/latest/tools/ccec_compiler/bin:/opt/ros/humble/bin:/usr/local/Ascend/ascend-toolkit/latest/bin:/usr/local/Ascend/ascend-toolkit/latest/compiler/ccec_compiler/bin:/usr/local/Ascend/ascend-toolkit/latest/tools/ccec_compiler/bin:/usr/local/miniconda3/condabin:/usr/local/Ascend/ascend-toolkit/laster/bin:/usr/local/Ascend/ascend-toolkit/laster/compiler/ccec_compiler/bin:/home/HwHiAiUser/.cursor-server/bin/7236ee799a5bffd9f28fa4fd18bdc6eab5e08df0/bin/remote-cli:/home/HwHiAiUser/.cursor-server/bin/7236ee799a5bffd9f28fa4fd18bdc6eab5e08df0/bin/remote-cli:/home/HwHiAiUser/.local/bin:/usr/local/Ascend/ascend-toolkit/laster/bin:/usr/local/Ascend/ascend-toolkit/laster/compiler/ccec_compiler/bin:/usr/local/sbin:/usr/local/bin:/usr/sbin:/usr/bin:/sbin:/bin:/usr/games:/usr/local/games:/snap/bin:/home/HwHiAiUser/.fishros/bin/'), ('ASCEND_HOME_PATH', '/home/HwHiAiUser/Ascend/ascend-toolkit/latest'), ('DBUS_SESSION_BUS_ADDRESS', 'unix:path=/run/user/1000/bus'), ('VSCODE_NLS_CONFIG', '{"userLocale":"zh-cn","osLocale":"zh-cn","resolvedLanguage":"en","defaultMessagesFile":"/home/HwHiAiUser/.cursor-server/bin/7236ee799a5bffd9f28fa4fd18bdc6eab5e08df0/out/nls.messages.json","locale":"zh-cn","availableLanguages":{}}'), ('ROS_DISTRO', 'humble'), ('VSCODE_HANDLES_UNCAUGHT_ERRORS', 'true'), ('OLDPWD', '/home/HwHiAiUser/wheeltec_ros2'), ('VSCODE_IPC_HOOK_CLI', '/run/user/1000/vscode-ipc-98642f8e-2152-44c8-8bc5-3c3283fefe37.sock'), ('_', '/usr/bin/env')]), 'shell': False}
[0.087301] (-) TimerEvent: {}
[0.179587] (qt_robot_control) StdoutLine: {'line': b'-- Found ament_cmake: 1.3.12 (/opt/ros/humble/share/ament_cmake/cmake)\n'}
[0.187502] (-) TimerEvent: {}
[0.288095] (-) TimerEvent: {}
[0.388629] (-) TimerEvent: {}
[0.489224] (-) TimerEvent: {}
[0.589798] (-) TimerEvent: {}
[0.690317] (-) TimerEvent: {}
[0.793968] (-) TimerEvent: {}
[0.895144] (-) TimerEvent: {}
[0.995572] (-) TimerEvent: {}
[1.096077] (-) TimerEvent: {}
[1.196595] (-) TimerEvent: {}
[1.220690] (qt_robot_control) StdoutLine: {'line': b'-- Found rclcpp: 16.0.15 (/opt/ros/humble/share/rclcpp/cmake)\n'}
[1.297142] (-) TimerEvent: {}
[1.397587] (-) TimerEvent: {}
[1.427265] (qt_robot_control) StdoutLine: {'line': b'-- Found rosidl_generator_c: 3.1.7 (/opt/ros/humble/share/rosidl_generator_c/cmake)\n'}
[1.448304] (qt_robot_control) StdoutLine: {'line': b'-- Found rosidl_adapter: 3.1.7 (/opt/ros/humble/share/rosidl_adapter/cmake)\n'}
[1.497849] (-) TimerEvent: {}
[1.529132] (qt_robot_control) StdoutLine: {'line': b'-- Found rosidl_generator_cpp: 3.1.7 (/opt/ros/humble/share/rosidl_generator_cpp/cmake)\n'}
[1.598150] (-) TimerEvent: {}
[1.671675] (qt_robot_control) StdoutLine: {'line': b'-- Using all available rosidl_typesupport_c: rosidl_typesupport_fastrtps_c;rosidl_typesupport_introspection_c\n'}
[1.698386] (-) TimerEvent: {}
[1.799373] (-) TimerEvent: {}
[1.812332] (qt_robot_control) StdoutLine: {'line': b'-- Using all available rosidl_typesupport_cpp: rosidl_typesupport_fastrtps_cpp;rosidl_typesupport_introspection_cpp\n'}
[1.900207] (-) TimerEvent: {}
[2.001191] (-) TimerEvent: {}
[2.021254] (qt_robot_control) StdoutLine: {'line': b'-- Found rmw_implementation_cmake: 6.1.2 (/opt/ros/humble/share/rmw_implementation_cmake/cmake)\n'}
[2.028704] (qt_robot_control) StdoutLine: {'line': b'-- Found rmw_fastrtps_cpp: 6.2.9 (/opt/ros/humble/share/rmw_fastrtps_cpp/cmake)\n'}
[2.101502] (-) TimerEvent: {}
[2.202126] (-) TimerEvent: {}
[2.302683] (-) TimerEvent: {}
[2.390845] (qt_robot_control) StdoutLine: {'line': b"-- Using RMW implementation 'rmw_fastrtps_cpp' as default\n"}
[2.403376] (-) TimerEvent: {}
[2.503928] (-) TimerEvent: {}
[2.557311] (qt_robot_control) StdoutLine: {'line': b'-- Found sensor_msgs: 4.9.0 (/opt/ros/humble/share/sensor_msgs/cmake)\n'}
[2.604162] (-) TimerEvent: {}
[2.679824] (qt_robot_control) StdoutLine: {'line': b'-- Found nav_msgs: 4.9.0 (/opt/ros/humble/share/nav_msgs/cmake)\n'}
[2.704445] (-) TimerEvent: {}
[2.802630] (qt_robot_control) StdoutLine: {'line': b'-- Found cv_bridge: 3.2.1 (/opt/ros/humble/share/cv_bridge/cmake)\n'}
[2.804658] (-) TimerEvent: {}
[2.860237] (qt_robot_control) StdoutLine: {'line': b'-- Found image_transport: 3.1.12 (/opt/ros/humble/share/image_transport/cmake)\n'}
[2.904892] (-) TimerEvent: {}
[2.976477] (qt_robot_control) StdoutLine: {'line': b'-- Found tf2_ros: 0.25.16 (/opt/ros/humble/share/tf2_ros/cmake)\n'}
[3.005161] (-) TimerEvent: {}
[3.105756] (-) TimerEvent: {}
[3.206245] (-) TimerEvent: {}
[3.266825] (qt_robot_control) StdoutLine: {'line': b'-- Found tf2_geometry_msgs: 0.25.16 (/opt/ros/humble/share/tf2_geometry_msgs/cmake)\n'}
[3.280779] (qt_robot_control) StdoutLine: {'line': b'-- Found eigen3_cmake_module: 0.1.1 (/opt/ros/humble/share/eigen3_cmake_module/cmake)\n'}
[3.289751] (qt_robot_control) StdoutLine: {'line': b'-- Ensuring Eigen3 include directory is part of orocos-kdl CMake target\n'}
[3.298472] (qt_robot_control) StdoutLine: {'line': b'-- Found rviz_common: 11.2.22 (/opt/ros/humble/share/rviz_common/cmake)\n'}
[3.306488] (-) TimerEvent: {}
[3.338549] (qt_robot_control) StdoutLine: {'line': b"-- Setting assimp_DIR to: '/opt/ros/humble/share/rviz_assimp_vendor/cmake/../../../opt/rviz_assimp_vendor/lib/cmake/assimp-4.1'\n"}
[3.352340] (qt_robot_control) StdoutLine: {'line': b"-- Setting OGRE_DIR to: '/opt/ros/humble/share/rviz_ogre_vendor/cmake/../../../opt/rviz_ogre_vendor/lib/OGRE/cmake'\n"}
[3.357902] (qt_robot_control) StdoutLine: {'line': b'-- Found OGRE\n'}
[3.359570] (qt_robot_control) StdoutLine: {'line': b'--   static     : OFF\n'}
[3.362142] (qt_robot_control) StdoutLine: {'line': b'--   components : HLMS;MeshLodGenerator;Overlay;Paging;Property;RTShaderSystem;Terrain;Volume\n'}
[3.365632] (qt_robot_control) StdoutLine: {'line': b'--   plugins    : Plugin_BSPSceneManager;Plugin_OctreeSceneManager;Plugin_PCZSceneManager;Plugin_ParticleFX;RenderSystem_GL;RenderSystem_GL3Plus;Codec_STBI\n'}
[3.368302] (qt_robot_control) StdoutLine: {'line': b'--   media      : /opt/ros/humble/opt/rviz_ogre_vendor/share/OGRE/Media\n'}
[3.370744] (qt_robot_control) StdoutLine: {'line': b'-- OGRE_LIBRARIES: OgreHLMS;OgreMeshLodGenerator;OgreOverlay;OgrePaging;OgreProperty;OgreRTShaderSystem;OgreTerrain;OgreVolume;OgreMain\n'}
[3.376038] (qt_robot_control) StdoutLine: {'line': b'-- OGRE_LIBRARY_DIRS: /opt/ros/humble/opt/rviz_ogre_vendor/lib\n'}
[3.377817] (qt_robot_control) StdoutLine: {'line': b'-- OGRE_PLUGINS: Plugin_BSPSceneManager;Plugin_OctreeSceneManager;Plugin_PCZSceneManager;Plugin_ParticleFX;RenderSystem_GL;RenderSystem_GL3Plus;Codec_STBI\n'}
[3.379548] (qt_robot_control) StdoutLine: {'line': b'-- OGRE_PLUGIN_DIR: /opt/ros/humble/opt/rviz_ogre_vendor/lib/OGRE\n'}
[3.382465] (qt_robot_control) StdoutLine: {'line': b'-- rviz_ogre_vendor::OgreOverlay for IMPORTED_LOCATION_RELEASE: /opt/ros/humble/opt/rviz_ogre_vendor/lib/libOgreOverlay.so\n'}
[3.382945] (qt_robot_control) StdoutLine: {'line': b'-- rviz_ogre_vendor::OgreOverlay for IMPORTED_LOCATION_DEBUG: /opt/ros/humble/opt/rviz_ogre_vendor/lib/libOgreOverlay.so\n'}
[3.384065] (qt_robot_control) StdoutLine: {'line': b'-- rviz_ogre_vendor::OgreMain for IMPORTED_LOCATION_RELEASE: /opt/ros/humble/opt/rviz_ogre_vendor/lib/libOgreMain.so\n'}
[3.385207] (qt_robot_control) StdoutLine: {'line': b'-- rviz_ogre_vendor::OgreMain for IMPORTED_LOCATION_DEBUG: /opt/ros/humble/opt/rviz_ogre_vendor/lib/libOgreMain.so\n'}
[3.392120] (qt_robot_control) StdoutLine: {'line': b'-- Could not find freeimage library\n'}
[3.406833] (-) TimerEvent: {}
[3.507584] (-) TimerEvent: {}
[3.608203] (-) TimerEvent: {}
[3.669396] (qt_robot_control) StdoutLine: {'line': b'-- library: /usr/lib/aarch64-linux-gnu/libcurl.so\n'}
[3.708452] (-) TimerEvent: {}
[3.763293] (qt_robot_control) StdoutLine: {'line': b'-- Found ament_lint_auto: 0.12.14 (/opt/ros/humble/share/ament_lint_auto/cmake)\n'}
[3.808610] (-) TimerEvent: {}
[3.909144] (-) TimerEvent: {}
[4.009603] (-) TimerEvent: {}
[4.110090] (-) TimerEvent: {}
[4.161707] (qt_robot_control) StdoutLine: {'line': b"-- Added test 'copyright' to check source files copyright and LICENSE\n"}
[4.167911] (qt_robot_control) StdoutLine: {'line': b"-- Added test 'cppcheck' to perform static code analysis on C / C++ code\n"}
[4.171741] (qt_robot_control) StdoutLine: {'line': b'-- Configured cppcheck include dirs: /home/HwHiAiUser/wheeltec_ros2/src/qt_robot_control/include\n'}
[4.173848] (qt_robot_control) StdoutLine: {'line': b'-- Configured cppcheck exclude dirs and/or files: \n'}
[4.178572] (qt_robot_control) StdoutLine: {'line': b"-- Added test 'cpplint' to check C / C++ code against the Google style\n"}
[4.180795] (qt_robot_control) StdoutLine: {'line': b'-- Configured cpplint exclude dirs and/or files: \n'}
[4.184354] (qt_robot_control) StdoutLine: {'line': b"-- Added test 'flake8' to check Python code syntax and style conventions\n"}
[4.188570] (qt_robot_control) StdoutLine: {'line': b"-- Added test 'lint_cmake' to check CMake code style\n"}
[4.191402] (qt_robot_control) StdoutLine: {'line': b"-- Added test 'pep257' to check Python code against some of the docstring style conventions in PEP 257\n"}
[4.196605] (qt_robot_control) StdoutLine: {'line': b"-- Added test 'uncrustify' to check C / C++ code style\n"}
[4.198301] (qt_robot_control) StdoutLine: {'line': b'-- Configured uncrustify additional arguments: \n'}
[4.201992] (qt_robot_control) StdoutLine: {'line': b"-- Added test 'xmllint' to check XML markup files\n"}
[4.210510] (-) TimerEvent: {}
[4.212993] (qt_robot_control) StdoutLine: {'line': b'-- Configuring done\n'}
[4.311292] (-) TimerEvent: {}
[4.411920] (-) TimerEvent: {}
[4.451887] (qt_robot_control) StdoutLine: {'line': b'-- Generating done\n'}
[4.479758] (qt_robot_control) StdoutLine: {'line': b'-- Build files have been written to: /home/HwHiAiUser/wheeltec_ros2/build/qt_robot_control\n'}
[4.512146] (-) TimerEvent: {}
[4.612703] (-) TimerEvent: {}
[4.663626] (qt_robot_control) StdoutLine: {'line': b'[ 11%] Automatic MOC and UIC for target qt_robot_control\n'}
[4.712960] (-) TimerEvent: {}
[4.815368] (-) TimerEvent: {}
[4.915958] (-) TimerEvent: {}
[5.016493] (-) TimerEvent: {}
[5.117090] (-) TimerEvent: {}
[5.217644] (-) TimerEvent: {}
[5.318414] (-) TimerEvent: {}
[5.419435] (-) TimerEvent: {}
[5.519902] (-) TimerEvent: {}
[5.620442] (-) TimerEvent: {}
[5.720962] (-) TimerEvent: {}
[5.829172] (-) TimerEvent: {}
[5.929843] (-) TimerEvent: {}
[6.030416] (-) TimerEvent: {}
[6.131029] (-) TimerEvent: {}
[6.235165] (-) TimerEvent: {}
[6.342135] (-) TimerEvent: {}
[6.454550] (-) TimerEvent: {}
[6.557935] (-) TimerEvent: {}
[6.661508] (-) TimerEvent: {}
[6.762218] (-) TimerEvent: {}
[6.862777] (-) TimerEvent: {}
[6.963353] (-) TimerEvent: {}
[7.063987] (-) TimerEvent: {}
[7.164704] (-) TimerEvent: {}
[7.265334] (-) TimerEvent: {}
[7.365835] (-) TimerEvent: {}
[7.466388] (-) TimerEvent: {}
[7.567066] (-) TimerEvent: {}
[7.667717] (-) TimerEvent: {}
[7.768350] (-) TimerEvent: {}
[7.869016] (-) TimerEvent: {}
[7.971435] (-) TimerEvent: {}
[8.073057] (-) TimerEvent: {}
[8.173687] (-) TimerEvent: {}
[8.274203] (-) TimerEvent: {}
[8.374798] (-) TimerEvent: {}
[8.411834] (qt_robot_control) StdoutLine: {'line': b'[ 11%] Built target qt_robot_control_autogen\n'}
[8.475386] (-) TimerEvent: {}
[8.553199] (qt_robot_control) StdoutLine: {'line': b'Consolidate compiler generated dependencies of target qt_robot_control\n'}
[8.576014] (-) TimerEvent: {}
[8.676456] (-) TimerEvent: {}
[8.680410] (qt_robot_control) StdoutLine: {'line': b'[ 22%] Building CXX object CMakeFiles/qt_robot_control.dir/qt_robot_control_autogen/mocs_compilation.cpp.o\n'}
[8.776693] (-) TimerEvent: {}
[8.877246] (-) TimerEvent: {}
[8.977634] (-) TimerEvent: {}
[9.078823] (-) TimerEvent: {}
[9.179553] (-) TimerEvent: {}
[9.281126] (-) TimerEvent: {}
[9.381812] (-) TimerEvent: {}
[9.482602] (-) TimerEvent: {}
[9.583216] (-) TimerEvent: {}
[9.683664] (-) TimerEvent: {}
[9.784150] (-) TimerEvent: {}
[9.885062] (-) TimerEvent: {}
[9.987166] (-) TimerEvent: {}
[10.087798] (-) TimerEvent: {}
[10.188763] (-) TimerEvent: {}
[10.289373] (-) TimerEvent: {}
[10.390102] (-) TimerEvent: {}
[10.490757] (-) TimerEvent: {}
[10.591785] (-) TimerEvent: {}
[10.692332] (-) TimerEvent: {}
[10.792902] (-) TimerEvent: {}
[10.893469] (-) TimerEvent: {}
[10.994023] (-) TimerEvent: {}
[11.094778] (-) TimerEvent: {}
[11.198371] (-) TimerEvent: {}
[11.299054] (-) TimerEvent: {}
[11.399689] (-) TimerEvent: {}
[11.501243] (-) TimerEvent: {}
[11.604816] (-) TimerEvent: {}
[11.707438] (-) TimerEvent: {}
[11.808084] (-) TimerEvent: {}
[11.908699] (-) TimerEvent: {}
[12.013647] (-) TimerEvent: {}
[12.115231] (-) TimerEvent: {}
[12.215829] (-) TimerEvent: {}
[12.316888] (-) TimerEvent: {}
[12.420847] (-) TimerEvent: {}
[12.530468] (-) TimerEvent: {}
[12.630985] (-) TimerEvent: {}
[12.731521] (-) TimerEvent: {}
[12.832256] (-) TimerEvent: {}
[12.932856] (-) TimerEvent: {}
[13.033492] (-) TimerEvent: {}
[13.136505] (-) TimerEvent: {}
[13.239184] (-) TimerEvent: {}
[13.339689] (-) TimerEvent: {}
[13.440262] (-) TimerEvent: {}
[13.540857] (-) TimerEvent: {}
[13.641430] (-) TimerEvent: {}
[13.743330] (-) TimerEvent: {}
[13.843881] (-) TimerEvent: {}
[13.945873] (-) TimerEvent: {}
[14.046436] (-) TimerEvent: {}
[14.147015] (-) TimerEvent: {}
[14.247605] (-) TimerEvent: {}
[14.352634] (-) TimerEvent: {}
[14.454092] (-) TimerEvent: {}
[14.554754] (-) TimerEvent: {}
[14.656312] (-) TimerEvent: {}
[14.757335] (-) TimerEvent: {}
[14.858175] (-) TimerEvent: {}
[14.959695] (-) TimerEvent: {}
[15.060275] (-) TimerEvent: {}
[15.160778] (-) TimerEvent: {}
[15.261285] (-) TimerEvent: {}
[15.361804] (-) TimerEvent: {}
[15.463611] (-) TimerEvent: {}
[15.564204] (-) TimerEvent: {}
[15.664808] (-) TimerEvent: {}
[15.765436] (-) TimerEvent: {}
[15.867116] (-) TimerEvent: {}
[15.968249] (-) TimerEvent: {}
[16.068801] (-) TimerEvent: {}
[16.169337] (-) TimerEvent: {}
[16.275906] (-) TimerEvent: {}
[16.378653] (-) TimerEvent: {}
[16.479782] (-) TimerEvent: {}
[16.580382] (-) TimerEvent: {}
[16.680927] (-) TimerEvent: {}
[16.781640] (-) TimerEvent: {}
[16.882287] (-) TimerEvent: {}
[16.983111] (-) TimerEvent: {}
[17.093796] (-) TimerEvent: {}
[17.196508] (-) TimerEvent: {}
[17.297141] (-) TimerEvent: {}
[17.397750] (-) TimerEvent: {}
[17.499790] (-) TimerEvent: {}
[17.600434] (-) TimerEvent: {}
[17.701069] (-) TimerEvent: {}
[17.806981] (-) TimerEvent: {}
[17.908248] (-) TimerEvent: {}
[18.008833] (-) TimerEvent: {}
[18.110027] (-) TimerEvent: {}
[18.210702] (-) TimerEvent: {}
[18.311892] (-) TimerEvent: {}
[18.414412] (-) TimerEvent: {}
[18.515610] (-) TimerEvent: {}
[18.616170] (-) TimerEvent: {}
[18.716837] (-) TimerEvent: {}
[18.820767] (-) TimerEvent: {}
[18.921468] (-) TimerEvent: {}
[19.022605] (-) TimerEvent: {}
[19.123398] (-) TimerEvent: {}
[19.223963] (-) TimerEvent: {}
[19.324484] (-) TimerEvent: {}
[19.424979] (-) TimerEvent: {}
[19.525515] (-) TimerEvent: {}
[19.626071] (-) TimerEvent: {}
[19.726651] (-) TimerEvent: {}
[19.827237] (-) TimerEvent: {}
[19.927780] (-) TimerEvent: {}
[20.028365] (-) TimerEvent: {}
[20.128929] (-) TimerEvent: {}
[20.230256] (-) TimerEvent: {}
[20.332332] (-) TimerEvent: {}
[20.432892] (-) TimerEvent: {}
[20.533377] (-) TimerEvent: {}
[20.634707] (-) TimerEvent: {}
[20.735583] (-) TimerEvent: {}
[20.836250] (-) TimerEvent: {}
[20.936803] (-) TimerEvent: {}
[21.038116] (-) TimerEvent: {}
[21.138795] (-) TimerEvent: {}
[21.239749] (-) TimerEvent: {}
[21.340227] (-) TimerEvent: {}
[21.444633] (-) TimerEvent: {}
[21.546170] (-) TimerEvent: {}
[21.647338] (-) TimerEvent: {}
[21.747802] (-) TimerEvent: {}
[21.848299] (-) TimerEvent: {}
[21.948825] (-) TimerEvent: {}
[22.049407] (-) TimerEvent: {}
[22.150843] (-) TimerEvent: {}
[22.254005] (-) TimerEvent: {}
[22.355915] (-) TimerEvent: {}
[22.459468] (-) TimerEvent: {}
[22.560141] (-) TimerEvent: {}
[22.660820] (-) TimerEvent: {}
[22.761430] (-) TimerEvent: {}
[22.862475] (-) TimerEvent: {}
[22.963848] (-) TimerEvent: {}
[23.065819] (-) TimerEvent: {}
[23.167192] (-) TimerEvent: {}
[23.267773] (-) TimerEvent: {}
[23.368384] (-) TimerEvent: {}
[23.469038] (-) TimerEvent: {}
[23.569613] (-) TimerEvent: {}
[23.670126] (-) TimerEvent: {}
[23.770759] (-) TimerEvent: {}
[23.872431] (-) TimerEvent: {}
[23.973033] (-) TimerEvent: {}
[24.073566] (-) TimerEvent: {}
[24.175441] (-) TimerEvent: {}
[24.275950] (-) TimerEvent: {}
[24.376524] (-) TimerEvent: {}
[24.477361] (-) TimerEvent: {}
[24.578083] (-) TimerEvent: {}
[24.680145] (-) TimerEvent: {}
[24.780687] (-) TimerEvent: {}
[24.881262] (-) TimerEvent: {}
[24.985389] (-) TimerEvent: {}
[25.085968] (-) TimerEvent: {}
[25.186567] (-) TimerEvent: {}
[25.287154] (-) TimerEvent: {}
[25.387701] (-) TimerEvent: {}
[25.488279] (-) TimerEvent: {}
[25.588778] (-) TimerEvent: {}
[25.689307] (-) TimerEvent: {}
[25.795782] (-) TimerEvent: {}
[25.896355] (-) TimerEvent: {}
[25.996916] (-) TimerEvent: {}
[26.097467] (-) TimerEvent: {}
[26.197992] (-) TimerEvent: {}
[26.298636] (-) TimerEvent: {}
[26.399723] (-) TimerEvent: {}
[26.500318] (-) TimerEvent: {}
[26.600978] (-) TimerEvent: {}
[26.701659] (-) TimerEvent: {}
[26.802309] (-) TimerEvent: {}
[26.904276] (-) TimerEvent: {}
[27.004954] (-) TimerEvent: {}
[27.105542] (-) TimerEvent: {}
[27.206800] (-) TimerEvent: {}
[27.307333] (-) TimerEvent: {}
[27.409073] (-) TimerEvent: {}
[27.514824] (-) TimerEvent: {}
[27.615481] (-) TimerEvent: {}
[27.716175] (-) TimerEvent: {}
[27.816787] (-) TimerEvent: {}
[27.917433] (-) TimerEvent: {}
[28.018452] (-) TimerEvent: {}
[28.119165] (-) TimerEvent: {}
[28.219735] (-) TimerEvent: {}
[28.325086] (-) TimerEvent: {}
[28.425679] (-) TimerEvent: {}
[28.526199] (-) TimerEvent: {}
[28.626836] (-) TimerEvent: {}
[28.729726] (-) TimerEvent: {}
[28.830613] (-) TimerEvent: {}
[28.931868] (-) TimerEvent: {}
[29.033741] (-) TimerEvent: {}
[29.134963] (-) TimerEvent: {}
[29.235558] (-) TimerEvent: {}
[29.336107] (-) TimerEvent: {}
[29.436810] (-) TimerEvent: {}
[29.537940] (-) TimerEvent: {}
[29.638518] (-) TimerEvent: {}
[29.739361] (-) TimerEvent: {}
[29.840029] (-) TimerEvent: {}
[29.940638] (-) TimerEvent: {}
[30.041186] (-) TimerEvent: {}
[30.143217] (-) TimerEvent: {}
[30.245877] (-) TimerEvent: {}
[30.346438] (-) TimerEvent: {}
[30.447152] (-) TimerEvent: {}
[30.549591] (-) TimerEvent: {}
[30.650833] (-) TimerEvent: {}
[30.753159] (-) TimerEvent: {}
[30.853776] (-) TimerEvent: {}
[30.954488] (-) TimerEvent: {}
[31.055131] (-) TimerEvent: {}
[31.156057] (-) TimerEvent: {}
[31.256682] (-) TimerEvent: {}
[31.357625] (-) TimerEvent: {}
[31.459103] (-) TimerEvent: {}
[31.561060] (-) TimerEvent: {}
[31.661615] (-) TimerEvent: {}
[31.762108] (-) TimerEvent: {}
[31.863565] (-) TimerEvent: {}
[31.964124] (-) TimerEvent: {}
[32.064671] (-) TimerEvent: {}
[32.167351] (-) TimerEvent: {}
[32.271223] (-) TimerEvent: {}
[32.371922] (-) TimerEvent: {}
[32.472953] (-) TimerEvent: {}
[32.573910] (-) TimerEvent: {}
[32.674544] (-) TimerEvent: {}
[32.775179] (-) TimerEvent: {}
[32.875652] (-) TimerEvent: {}
[32.976373] (-) TimerEvent: {}
[33.076964] (-) TimerEvent: {}
[33.177565] (-) TimerEvent: {}
[33.278065] (-) TimerEvent: {}
[33.378684] (-) TimerEvent: {}
[33.479266] (-) TimerEvent: {}
[33.579811] (-) TimerEvent: {}
[33.680345] (-) TimerEvent: {}
[33.780947] (-) TimerEvent: {}
[33.882063] (-) TimerEvent: {}
[33.983233] (-) TimerEvent: {}
[34.083860] (-) TimerEvent: {}
[34.184968] (-) TimerEvent: {}
[34.286854] (-) TimerEvent: {}
[34.387480] (-) TimerEvent: {}
[34.488049] (-) TimerEvent: {}
[34.595236] (-) TimerEvent: {}
[34.695952] (-) TimerEvent: {}
[34.796989] (-) TimerEvent: {}
[34.898806] (-) TimerEvent: {}
[35.000512] (-) TimerEvent: {}
[35.105936] (-) TimerEvent: {}
[35.206559] (-) TimerEvent: {}
[35.307248] (-) TimerEvent: {}
[35.407925] (-) TimerEvent: {}
[35.508514] (-) TimerEvent: {}
[35.609085] (-) TimerEvent: {}
[35.709596] (-) TimerEvent: {}
[35.810677] (-) TimerEvent: {}
[35.912315] (-) TimerEvent: {}
[36.013004] (-) TimerEvent: {}
[36.113545] (-) TimerEvent: {}
[36.214168] (-) TimerEvent: {}
[36.315360] (-) TimerEvent: {}
[36.415897] (-) TimerEvent: {}
[36.516396] (-) TimerEvent: {}
[36.616918] (-) TimerEvent: {}
[36.717950] (-) TimerEvent: {}
[36.821463] (-) TimerEvent: {}
[36.924762] (-) TimerEvent: {}
[37.025409] (-) TimerEvent: {}
[37.125947] (-) TimerEvent: {}
[37.231043] (-) TimerEvent: {}
[37.333775] (-) TimerEvent: {}
[37.434535] (-) TimerEvent: {}
[37.542064] (-) TimerEvent: {}
[37.643165] (-) TimerEvent: {}
[37.743686] (-) TimerEvent: {}
[37.844207] (-) TimerEvent: {}
[37.944743] (-) TimerEvent: {}
[38.045194] (-) TimerEvent: {}
[38.145680] (-) TimerEvent: {}
[38.246498] (-) TimerEvent: {}
[38.348724] (-) TimerEvent: {}
[38.449328] (-) TimerEvent: {}
[38.550191] (-) TimerEvent: {}
[38.650845] (-) TimerEvent: {}
[38.751841] (-) TimerEvent: {}
[38.857472] (-) TimerEvent: {}
[38.958364] (-) TimerEvent: {}
[39.059359] (-) TimerEvent: {}
[39.159890] (-) TimerEvent: {}
[39.260519] (-) TimerEvent: {}
[39.361009] (-) TimerEvent: {}
[39.461537] (-) TimerEvent: {}
[39.562041] (-) TimerEvent: {}
[39.663532] (-) TimerEvent: {}
[39.764121] (-) TimerEvent: {}
[39.864744] (-) TimerEvent: {}
[39.965310] (-) TimerEvent: {}
[40.067307] (-) TimerEvent: {}
[40.167909] (-) TimerEvent: {}
[40.268564] (-) TimerEvent: {}
[40.369107] (-) TimerEvent: {}
[40.469674] (-) TimerEvent: {}
[40.570132] (-) TimerEvent: {}
[40.670640] (-) TimerEvent: {}
[40.771950] (-) TimerEvent: {}
[40.872577] (-) TimerEvent: {}
[40.973201] (-) TimerEvent: {}
[41.073758] (-) TimerEvent: {}
[41.174330] (-) TimerEvent: {}
[41.275314] (-) TimerEvent: {}
[41.376471] (-) TimerEvent: {}
[41.477114] (-) TimerEvent: {}
[41.578332] (-) TimerEvent: {}
[41.680158] (-) TimerEvent: {}
[41.780767] (-) TimerEvent: {}
[41.882828] (-) TimerEvent: {}
[41.983480] (-) TimerEvent: {}
[42.084292] (-) TimerEvent: {}
[42.184861] (-) TimerEvent: {}
[42.285842] (-) TimerEvent: {}
[42.386381] (-) TimerEvent: {}
[42.487093] (-) TimerEvent: {}
[42.587574] (-) TimerEvent: {}
[42.688080] (-) TimerEvent: {}
[42.788594] (-) TimerEvent: {}
[42.889315] (-) TimerEvent: {}
[42.989844] (-) TimerEvent: {}
[43.090523] (-) TimerEvent: {}
[43.191267] (-) TimerEvent: {}
[43.291865] (-) TimerEvent: {}
[43.392381] (-) TimerEvent: {}
[43.492976] (-) TimerEvent: {}
[43.595740] (-) TimerEvent: {}
[43.697413] (-) TimerEvent: {}
[43.799779] (-) TimerEvent: {}
[43.900987] (-) TimerEvent: {}
[44.001477] (-) TimerEvent: {}
[44.102068] (-) TimerEvent: {}
[44.202730] (-) TimerEvent: {}
[44.304924] (-) TimerEvent: {}
[44.405451] (-) TimerEvent: {}
[44.507534] (-) TimerEvent: {}
[44.608064] (-) TimerEvent: {}
[44.713687] (-) TimerEvent: {}
[44.814599] (-) TimerEvent: {}
[44.916250] (-) TimerEvent: {}
[45.017073] (-) TimerEvent: {}
[45.118183] (-) TimerEvent: {}
[45.219587] (-) TimerEvent: {}
[45.320132] (-) TimerEvent: {}
[45.420746] (-) TimerEvent: {}
[45.521302] (-) TimerEvent: {}
[45.621914] (-) TimerEvent: {}
[45.724953] (-) TimerEvent: {}
[45.826122] (-) TimerEvent: {}
[45.926703] (-) TimerEvent: {}
[46.029791] (-) TimerEvent: {}
[46.136583] (-) TimerEvent: {}
[46.237064] (-) TimerEvent: {}
[46.337519] (-) TimerEvent: {}
[46.438220] (-) TimerEvent: {}
[46.538727] (-) TimerEvent: {}
[46.639594] (-) TimerEvent: {}
[46.740264] (-) TimerEvent: {}
[46.842081] (-) TimerEvent: {}
[46.947674] (-) TimerEvent: {}
[47.051341] (-) TimerEvent: {}
[47.151965] (-) TimerEvent: {}
[47.252504] (-) TimerEvent: {}
[47.353010] (-) TimerEvent: {}
[47.453570] (-) TimerEvent: {}
[47.554089] (-) TimerEvent: {}
[47.656161] (-) TimerEvent: {}
[47.756866] (-) TimerEvent: {}
[47.859932] (-) TimerEvent: {}
[47.960533] (-) TimerEvent: {}
[48.061128] (-) TimerEvent: {}
[48.161718] (-) TimerEvent: {}
[48.262380] (-) TimerEvent: {}
[48.364833] (-) TimerEvent: {}
[48.466273] (-) TimerEvent: {}
[48.567345] (-) TimerEvent: {}
[48.668031] (-) TimerEvent: {}
[48.713407] (qt_robot_control) StdoutLine: {'line': b'[ 33%] Building CXX object CMakeFiles/qt_robot_control.dir/src/RosImageSubscriber.cpp.o\n'}
[48.768228] (-) TimerEvent: {}
[48.868686] (-) TimerEvent: {}
[48.969201] (-) TimerEvent: {}
[49.069846] (-) TimerEvent: {}
[49.170483] (-) TimerEvent: {}
[49.271260] (-) TimerEvent: {}
[49.371922] (-) TimerEvent: {}
[49.472525] (-) TimerEvent: {}
[49.573046] (-) TimerEvent: {}
[49.675916] (-) TimerEvent: {}
[49.776681] (-) TimerEvent: {}
[49.877062] (-) TimerEvent: {}
[49.978086] (-) TimerEvent: {}
[50.080208] (-) TimerEvent: {}
[50.180778] (-) TimerEvent: {}
[50.285973] (-) TimerEvent: {}
[50.386510] (-) TimerEvent: {}
[50.498425] (-) TimerEvent: {}
[50.602589] (-) TimerEvent: {}
[50.703367] (-) TimerEvent: {}
[50.803872] (-) TimerEvent: {}
[50.904443] (-) TimerEvent: {}
[51.005015] (-) TimerEvent: {}
[51.105624] (-) TimerEvent: {}
[51.206173] (-) TimerEvent: {}
[51.306851] (-) TimerEvent: {}
[51.407392] (-) TimerEvent: {}
[51.507994] (-) TimerEvent: {}
[51.617672] (-) TimerEvent: {}
[51.719388] (-) TimerEvent: {}
[51.822279] (-) TimerEvent: {}
[51.922828] (-) TimerEvent: {}
[52.024135] (-) TimerEvent: {}
[52.124783] (-) TimerEvent: {}
[52.230229] (-) TimerEvent: {}
[52.330823] (-) TimerEvent: {}
[52.431731] (-) TimerEvent: {}
[52.532321] (-) TimerEvent: {}
[52.633786] (-) TimerEvent: {}
[52.734569] (-) TimerEvent: {}
[52.836497] (-) TimerEvent: {}
[52.937394] (-) TimerEvent: {}
[53.041014] (-) TimerEvent: {}
[53.143197] (-) TimerEvent: {}
[53.243727] (-) TimerEvent: {}
[53.344280] (-) TimerEvent: {}
[53.444841] (-) TimerEvent: {}
[53.545824] (-) TimerEvent: {}
[53.646378] (-) TimerEvent: {}
[53.747298] (-) TimerEvent: {}
[53.847934] (-) TimerEvent: {}
[53.948669] (-) TimerEvent: {}
[54.049839] (-) TimerEvent: {}
[54.151648] (-) TimerEvent: {}
[54.252412] (-) TimerEvent: {}
[54.354066] (-) TimerEvent: {}
[54.454748] (-) TimerEvent: {}
[54.560023] (-) TimerEvent: {}
[54.660598] (-) TimerEvent: {}
[54.761164] (-) TimerEvent: {}
[54.861809] (-) TimerEvent: {}
[54.962457] (-) TimerEvent: {}
[55.063300] (-) TimerEvent: {}
[55.163893] (-) TimerEvent: {}
[55.264455] (-) TimerEvent: {}
[55.364982] (-) TimerEvent: {}
[55.465682] (-) TimerEvent: {}
[55.567313] (-) TimerEvent: {}
[55.672298] (-) TimerEvent: {}
[55.772867] (-) TimerEvent: {}
[55.873398] (-) TimerEvent: {}
[55.973878] (-) TimerEvent: {}
[56.074857] (-) TimerEvent: {}
[56.175578] (-) TimerEvent: {}
[56.276181] (-) TimerEvent: {}
[56.376705] (-) TimerEvent: {}
[56.477305] (-) TimerEvent: {}
[56.577872] (-) TimerEvent: {}
[56.679460] (-) TimerEvent: {}
[56.781202] (-) TimerEvent: {}
[56.885334] (-) TimerEvent: {}
[56.985995] (-) TimerEvent: {}
[57.086605] (-) TimerEvent: {}
[57.189079] (-) TimerEvent: {}
[57.289791] (-) TimerEvent: {}
[57.390384] (-) TimerEvent: {}
[57.491512] (-) TimerEvent: {}
[57.592077] (-) TimerEvent: {}
[57.693522] (-) TimerEvent: {}
[57.794084] (-) TimerEvent: {}
[57.896791] (-) TimerEvent: {}
[58.000085] (-) TimerEvent: {}
[58.100683] (-) TimerEvent: {}
[58.201189] (-) TimerEvent: {}
[58.301681] (-) TimerEvent: {}
[58.407409] (-) TimerEvent: {}
[58.509648] (-) TimerEvent: {}
[58.610229] (-) TimerEvent: {}
[58.710758] (-) TimerEvent: {}
[58.811545] (-) TimerEvent: {}
[58.912066] (-) TimerEvent: {}
[59.012932] (-) TimerEvent: {}
[59.113451] (-) TimerEvent: {}
[59.214836] (-) TimerEvent: {}
[59.315406] (-) TimerEvent: {}
[59.415894] (-) TimerEvent: {}
[59.516409] (-) TimerEvent: {}
[59.616999] (-) TimerEvent: {}
[59.717579] (-) TimerEvent: {}
[59.818423] (-) TimerEvent: {}
[59.919307] (-) TimerEvent: {}
[60.020909] (-) TimerEvent: {}
[60.121569] (-) TimerEvent: {}
[60.222188] (-) TimerEvent: {}
[60.323130] (-) TimerEvent: {}
[60.423690] (-) TimerEvent: {}
[60.524238] (-) TimerEvent: {}
[60.624848] (-) TimerEvent: {}
[60.725585] (-) TimerEvent: {}
[60.826269] (-) TimerEvent: {}
[60.927126] (-) TimerEvent: {}
[61.027664] (-) TimerEvent: {}
[61.128298] (-) TimerEvent: {}
[61.229170] (-) TimerEvent: {}
[61.329900] (-) TimerEvent: {}
[61.431339] (-) TimerEvent: {}
[61.532015] (-) TimerEvent: {}
[61.632723] (-) TimerEvent: {}
[61.733325] (-) TimerEvent: {}
[61.833935] (-) TimerEvent: {}
[61.934626] (-) TimerEvent: {}
[62.039329] (-) TimerEvent: {}
[62.139870] (-) TimerEvent: {}
[62.243350] (-) TimerEvent: {}
[62.343935] (-) TimerEvent: {}
[62.444504] (-) TimerEvent: {}
[62.545155] (-) TimerEvent: {}
[62.645746] (-) TimerEvent: {}
[62.746364] (-) TimerEvent: {}
[62.847032] (-) TimerEvent: {}
[62.947660] (-) TimerEvent: {}
[63.048382] (-) TimerEvent: {}
[63.149028] (-) TimerEvent: {}
[63.249639] (-) TimerEvent: {}
[63.350722] (-) TimerEvent: {}
[63.451495] (-) TimerEvent: {}
[63.551982] (-) TimerEvent: {}
[63.652495] (-) TimerEvent: {}
[63.753153] (-) TimerEvent: {}
[63.853754] (-) TimerEvent: {}
[63.954401] (-) TimerEvent: {}
[64.055030] (-) TimerEvent: {}
[64.155537] (-) TimerEvent: {}
[64.256506] (-) TimerEvent: {}
[64.357140] (-) TimerEvent: {}
[64.457769] (-) TimerEvent: {}
[64.561496] (-) TimerEvent: {}
[64.662116] (-) TimerEvent: {}
[64.762828] (-) TimerEvent: {}
[64.864003] (-) TimerEvent: {}
[64.964940] (-) TimerEvent: {}
[65.065432] (-) TimerEvent: {}
[65.165978] (-) TimerEvent: {}
[65.266566] (-) TimerEvent: {}
[65.375696] (-) TimerEvent: {}
[65.476188] (-) TimerEvent: {}
[65.576791] (-) TimerEvent: {}
[65.677305] (-) TimerEvent: {}
[65.777779] (-) TimerEvent: {}
[65.878368] (-) TimerEvent: {}
[65.979065] (-) TimerEvent: {}
[66.079675] (-) TimerEvent: {}
[66.180369] (-) TimerEvent: {}
[66.280934] (-) TimerEvent: {}
[66.381995] (-) TimerEvent: {}
[66.483471] (-) TimerEvent: {}
[66.584168] (-) TimerEvent: {}
[66.685299] (-) TimerEvent: {}
[66.786297] (-) TimerEvent: {}
[66.887211] (-) TimerEvent: {}
[66.987840] (-) TimerEvent: {}
[67.090093] (-) TimerEvent: {}
[67.196565] (-) TimerEvent: {}
[67.297129] (-) TimerEvent: {}
[67.397660] (-) TimerEvent: {}
[67.505659] (-) TimerEvent: {}
[67.606631] (-) TimerEvent: {}
[67.707631] (-) TimerEvent: {}
[67.809349] (-) TimerEvent: {}
[67.910702] (-) TimerEvent: {}
[68.012431] (-) TimerEvent: {}
[68.113062] (-) TimerEvent: {}
[68.213693] (-) TimerEvent: {}
[68.314348] (-) TimerEvent: {}
[68.415201] (-) TimerEvent: {}
[68.515801] (-) TimerEvent: {}
[68.616390] (-) TimerEvent: {}
[68.716964] (-) TimerEvent: {}
[68.818449] (-) TimerEvent: {}
[68.919307] (-) TimerEvent: {}
[69.019864] (-) TimerEvent: {}
[69.120388] (-) TimerEvent: {}
[69.220957] (-) TimerEvent: {}
[69.321522] (-) TimerEvent: {}
[69.422124] (-) TimerEvent: {}
[69.522717] (-) TimerEvent: {}
[69.627321] (-) TimerEvent: {}
[69.727983] (-) TimerEvent: {}
[69.828648] (-) TimerEvent: {}
[69.929262] (-) TimerEvent: {}
[70.029911] (-) TimerEvent: {}
[70.130497] (-) TimerEvent: {}
[70.232325] (-) TimerEvent: {}
[70.335661] (-) TimerEvent: {}
[70.436269] (-) TimerEvent: {}
[70.536810] (-) TimerEvent: {}
[70.637378] (-) TimerEvent: {}
[70.737868] (-) TimerEvent: {}
[70.838473] (-) TimerEvent: {}
[70.939181] (-) TimerEvent: {}
[71.040043] (-) TimerEvent: {}
[71.140645] (-) TimerEvent: {}
[71.241164] (-) TimerEvent: {}
[71.341620] (-) TimerEvent: {}
[71.442087] (-) TimerEvent: {}
[71.542594] (-) TimerEvent: {}
[71.643186] (-) TimerEvent: {}
[71.743784] (-) TimerEvent: {}
[71.846391] (-) TimerEvent: {}
[71.948710] (-) TimerEvent: {}
[72.049443] (-) TimerEvent: {}
[72.151425] (-) TimerEvent: {}
[72.252064] (-) TimerEvent: {}
[72.353353] (-) TimerEvent: {}
[72.454252] (-) TimerEvent: {}
[72.558786] (-) TimerEvent: {}
[72.660813] (-) TimerEvent: {}
[72.761418] (-) TimerEvent: {}
[72.861993] (-) TimerEvent: {}
[72.962707] (-) TimerEvent: {}
[73.063625] (-) TimerEvent: {}
[73.170096] (-) TimerEvent: {}
[73.270600] (-) TimerEvent: {}
[73.372598] (-) TimerEvent: {}
[73.479523] (-) TimerEvent: {}
[73.580312] (-) TimerEvent: {}
[73.680958] (-) TimerEvent: {}
[73.781523] (-) TimerEvent: {}
[73.885728] (-) TimerEvent: {}
[73.986840] (-) TimerEvent: {}
[74.089671] (-) TimerEvent: {}
[74.190314] (-) TimerEvent: {}
[74.290919] (-) TimerEvent: {}
[74.391529] (-) TimerEvent: {}
[74.493478] (-) TimerEvent: {}
[74.598601] (-) TimerEvent: {}
[74.700579] (-) TimerEvent: {}
[74.801121] (-) TimerEvent: {}
[74.901530] (-) TimerEvent: {}
[75.002002] (-) TimerEvent: {}
[75.102432] (-) TimerEvent: {}
[75.202842] (-) TimerEvent: {}
[75.303477] (-) TimerEvent: {}
[75.403977] (-) TimerEvent: {}
[75.504398] (-) TimerEvent: {}
[75.611142] (-) TimerEvent: {}
[75.711630] (-) TimerEvent: {}
[75.812297] (-) TimerEvent: {}
[75.912853] (-) TimerEvent: {}
[76.013310] (-) TimerEvent: {}
[76.113757] (-) TimerEvent: {}
[76.215818] (-) TimerEvent: {}
[76.316364] (-) TimerEvent: {}
[76.416852] (-) TimerEvent: {}
[76.517335] (-) TimerEvent: {}
[76.618429] (-) TimerEvent: {}
[76.718856] (-) TimerEvent: {}
[76.819538] (-) TimerEvent: {}
[76.920081] (-) TimerEvent: {}
[77.020742] (-) TimerEvent: {}
[77.121652] (-) TimerEvent: {}
[77.222338] (-) TimerEvent: {}
[77.323042] (-) TimerEvent: {}
[77.429391] (-) TimerEvent: {}
[77.530014] (-) TimerEvent: {}
[77.630574] (-) TimerEvent: {}
[77.732466] (-) TimerEvent: {}
[77.833799] (-) TimerEvent: {}
[77.934778] (-) TimerEvent: {}
[78.035471] (-) TimerEvent: {}
[78.136070] (-) TimerEvent: {}
[78.236657] (-) TimerEvent: {}
[78.337681] (-) TimerEvent: {}
[78.438575] (-) TimerEvent: {}
[78.539050] (-) TimerEvent: {}
[78.639598] (-) TimerEvent: {}
[78.740059] (-) TimerEvent: {}
[78.840576] (-) TimerEvent: {}
[78.941113] (-) TimerEvent: {}
[79.041579] (-) TimerEvent: {}
[79.141965] (-) TimerEvent: {}
[79.242395] (-) TimerEvent: {}
[79.342832] (-) TimerEvent: {}
[79.443458] (-) TimerEvent: {}
[79.543893] (-) TimerEvent: {}
[79.644325] (-) TimerEvent: {}
[79.744820] (-) TimerEvent: {}
[79.845423] (-) TimerEvent: {}
[79.945904] (-) TimerEvent: {}
[80.046497] (-) TimerEvent: {}
[80.147097] (-) TimerEvent: {}
[80.247620] (-) TimerEvent: {}
[80.348401] (-) TimerEvent: {}
[80.448995] (-) TimerEvent: {}
[80.549489] (-) TimerEvent: {}
[80.649974] (-) TimerEvent: {}
[80.750438] (-) TimerEvent: {}
[80.850919] (-) TimerEvent: {}
[80.951390] (-) TimerEvent: {}
[81.051840] (-) TimerEvent: {}
[81.152263] (-) TimerEvent: {}
[81.256111] (-) TimerEvent: {}
[81.358424] (-) TimerEvent: {}
[81.458970] (-) TimerEvent: {}
[81.559958] (-) TimerEvent: {}
[81.662855] (-) TimerEvent: {}
[81.763394] (-) TimerEvent: {}
[81.863909] (-) TimerEvent: {}
[81.964355] (-) TimerEvent: {}
[82.064807] (-) TimerEvent: {}
[82.165275] (-) TimerEvent: {}
[82.265748] (-) TimerEvent: {}
[82.366234] (-) TimerEvent: {}
[82.466695] (-) TimerEvent: {}
[82.567230] (-) TimerEvent: {}
[82.667686] (-) TimerEvent: {}
[82.768157] (-) TimerEvent: {}
[82.868626] (-) TimerEvent: {}
[82.969075] (-) TimerEvent: {}
[83.069513] (-) TimerEvent: {}
[83.169917] (-) TimerEvent: {}
[83.270328] (-) TimerEvent: {}
[83.370737] (-) TimerEvent: {}
[83.471200] (-) TimerEvent: {}
[83.571666] (-) TimerEvent: {}
[83.672058] (-) TimerEvent: {}
[83.772471] (-) TimerEvent: {}
[83.872873] (-) TimerEvent: {}
[83.973323] (-) TimerEvent: {}
[84.073762] (-) TimerEvent: {}
[84.174156] (-) TimerEvent: {}
[84.274559] (-) TimerEvent: {}
[84.375016] (-) TimerEvent: {}
[84.475439] (-) TimerEvent: {}
[84.575865] (-) TimerEvent: {}
[84.676322] (-) TimerEvent: {}
[84.776765] (-) TimerEvent: {}
[84.877196] (-) TimerEvent: {}
[84.977623] (-) TimerEvent: {}
[85.078062] (-) TimerEvent: {}
[85.178495] (-) TimerEvent: {}
[85.278961] (-) TimerEvent: {}
[85.379390] (-) TimerEvent: {}
[85.479824] (-) TimerEvent: {}
[85.580275] (-) TimerEvent: {}
[85.680725] (-) TimerEvent: {}
[85.781157] (-) TimerEvent: {}
[85.881558] (-) TimerEvent: {}
[85.982004] (-) TimerEvent: {}
[86.082391] (-) TimerEvent: {}
[86.182750] (-) TimerEvent: {}
[86.283239] (-) TimerEvent: {}
[86.383635] (-) TimerEvent: {}
[86.484026] (-) TimerEvent: {}
[86.584415] (-) TimerEvent: {}
[86.684794] (-) TimerEvent: {}
[86.785185] (-) TimerEvent: {}
[86.885569] (-) TimerEvent: {}
[86.985966] (-) TimerEvent: {}
[87.086356] (-) TimerEvent: {}
[87.186718] (-) TimerEvent: {}
[87.287286] (-) TimerEvent: {}
[87.387658] (-) TimerEvent: {}
[87.488049] (-) TimerEvent: {}
[87.588436] (-) TimerEvent: {}
[87.688830] (-) TimerEvent: {}
[87.789221] (-) TimerEvent: {}
[87.889631] (-) TimerEvent: {}
[87.990026] (-) TimerEvent: {}
[88.090410] (-) TimerEvent: {}
[88.190797] (-) TimerEvent: {}
[88.291307] (-) TimerEvent: {}
[88.391799] (-) TimerEvent: {}
[88.492164] (-) TimerEvent: {}
[88.592623] (-) TimerEvent: {}
[88.692999] (-) TimerEvent: {}
[88.793375] (-) TimerEvent: {}
[88.893898] (-) TimerEvent: {}
[88.994305] (-) TimerEvent: {}
[89.094693] (-) TimerEvent: {}
[89.195175] (-) TimerEvent: {}
[89.295570] (-) TimerEvent: {}
[89.395988] (-) TimerEvent: {}
[89.496400] (-) TimerEvent: {}
[89.596798] (-) TimerEvent: {}
[89.697194] (-) TimerEvent: {}
[89.797594] (-) TimerEvent: {}
[89.897998] (-) TimerEvent: {}
[89.998423] (-) TimerEvent: {}
[90.098854] (-) TimerEvent: {}
[90.199546] (-) TimerEvent: {}
[90.299914] (-) TimerEvent: {}
[90.400309] (-) TimerEvent: {}
[90.500671] (-) TimerEvent: {}
[90.601039] (-) TimerEvent: {}
[90.701415] (-) TimerEvent: {}
[90.801791] (-) TimerEvent: {}
[90.902195] (-) TimerEvent: {}
[91.002648] (-) TimerEvent: {}
[91.103198] (-) TimerEvent: {}
[91.203702] (-) TimerEvent: {}
[91.304127] (-) TimerEvent: {}
[91.404537] (-) TimerEvent: {}
[91.504930] (-) TimerEvent: {}
[91.605332] (-) TimerEvent: {}
[91.705730] (-) TimerEvent: {}
[91.806115] (-) TimerEvent: {}
[91.906503] (-) TimerEvent: {}
[92.006931] (-) TimerEvent: {}
[92.107311] (-) TimerEvent: {}
[92.207682] (-) TimerEvent: {}
[92.308083] (-) TimerEvent: {}
[92.408452] (-) TimerEvent: {}
[92.508823] (-) TimerEvent: {}
[92.609218] (-) TimerEvent: {}
[92.709628] (-) TimerEvent: {}
[92.810004] (-) TimerEvent: {}
[92.910383] (-) TimerEvent: {}
[93.010759] (-) TimerEvent: {}
[93.111205] (-) TimerEvent: {}
[93.211572] (-) TimerEvent: {}
[93.311951] (-) TimerEvent: {}
[93.412352] (-) TimerEvent: {}
[93.512734] (-) TimerEvent: {}
[93.613110] (-) TimerEvent: {}
[93.713515] (-) TimerEvent: {}
[93.813876] (-) TimerEvent: {}
[93.914283] (-) TimerEvent: {}
[94.014692] (-) TimerEvent: {}
[94.115079] (-) TimerEvent: {}
[94.215481] (-) TimerEvent: {}
[94.315870] (-) TimerEvent: {}
[94.416251] (-) TimerEvent: {}
[94.516642] (-) TimerEvent: {}
[94.617014] (-) TimerEvent: {}
[94.717380] (-) TimerEvent: {}
[94.817758] (-) TimerEvent: {}
[94.918121] (-) TimerEvent: {}
[95.018507] (-) TimerEvent: {}
[95.118929] (-) TimerEvent: {}
[95.219301] (-) TimerEvent: {}
[95.319647] (-) TimerEvent: {}
[95.419999] (-) TimerEvent: {}
[95.520367] (-) TimerEvent: {}
[95.620722] (-) TimerEvent: {}
[95.721085] (-) TimerEvent: {}
[95.821441] (-) TimerEvent: {}
[95.921798] (-) TimerEvent: {}
[96.022158] (-) TimerEvent: {}
[96.122541] (-) TimerEvent: {}
[96.223051] (-) TimerEvent: {}
[96.323473] (-) TimerEvent: {}
[96.423857] (-) TimerEvent: {}
[96.524220] (-) TimerEvent: {}
[96.624591] (-) TimerEvent: {}
[96.724973] (-) TimerEvent: {}
[96.825350] (-) TimerEvent: {}
[96.925728] (-) TimerEvent: {}
[97.026078] (-) TimerEvent: {}
[97.126430] (-) TimerEvent: {}
[97.226794] (-) TimerEvent: {}
[97.327211] (-) TimerEvent: {}
[97.427579] (-) TimerEvent: {}
[97.527947] (-) TimerEvent: {}
[97.628291] (-) TimerEvent: {}
[97.728644] (-) TimerEvent: {}
[97.829007] (-) TimerEvent: {}
[97.929390] (-) TimerEvent: {}
[98.029720] (-) TimerEvent: {}
[98.130066] (-) TimerEvent: {}
[98.230425] (-) TimerEvent: {}
[98.330789] (-) TimerEvent: {}
[98.431478] (-) TimerEvent: {}
[98.532094] (-) TimerEvent: {}
[98.632561] (-) TimerEvent: {}
[98.732917] (-) TimerEvent: {}
[98.833273] (-) TimerEvent: {}
[98.933635] (-) TimerEvent: {}
[99.033970] (-) TimerEvent: {}
[99.134341] (-) TimerEvent: {}
[99.234713] (-) TimerEvent: {}
[99.335121] (-) TimerEvent: {}
[99.435493] (-) TimerEvent: {}
[99.535887] (-) TimerEvent: {}
[99.636254] (-) TimerEvent: {}
[99.642819] (qt_robot_control) StdoutLine: {'line': b'[ 44%] Building CXX object CMakeFiles/qt_robot_control.dir/src/MainWindow.cpp.o\n'}
[99.736401] (-) TimerEvent: {}
[99.836765] (-) TimerEvent: {}
[99.937123] (-) TimerEvent: {}
[100.037470] (-) TimerEvent: {}
[100.137840] (-) TimerEvent: {}
[100.238210] (-) TimerEvent: {}
[100.338598] (-) TimerEvent: {}
[100.439013] (-) TimerEvent: {}
[100.539407] (-) TimerEvent: {}
[100.639798] (-) TimerEvent: {}
[100.740192] (-) TimerEvent: {}
[100.840593] (-) TimerEvent: {}
[100.940993] (-) TimerEvent: {}
[101.041369] (-) TimerEvent: {}
[101.141774] (-) TimerEvent: {}
[101.242172] (-) TimerEvent: {}
[101.342564] (-) TimerEvent: {}
[101.442973] (-) TimerEvent: {}
[101.543430] (-) TimerEvent: {}
[101.643863] (-) TimerEvent: {}
[101.744220] (-) TimerEvent: {}
[101.844577] (-) TimerEvent: {}
[101.944941] (-) TimerEvent: {}
[102.045291] (-) TimerEvent: {}
[102.145663] (-) TimerEvent: {}
[102.246043] (-) TimerEvent: {}
[102.346410] (-) TimerEvent: {}
[102.446791] (-) TimerEvent: {}
[102.547245] (-) TimerEvent: {}
[102.647629] (-) TimerEvent: {}
[102.748048] (-) TimerEvent: {}
[102.848447] (-) TimerEvent: {}
[102.948833] (-) TimerEvent: {}
[103.049220] (-) TimerEvent: {}
[103.149620] (-) TimerEvent: {}
[103.250008] (-) TimerEvent: {}
[103.350386] (-) TimerEvent: {}
[103.450778] (-) TimerEvent: {}
[103.551208] (-) TimerEvent: {}
[103.651680] (-) TimerEvent: {}
[103.752057] (-) TimerEvent: {}
[103.852428] (-) TimerEvent: {}
[103.952807] (-) TimerEvent: {}
[104.053190] (-) TimerEvent: {}
[104.153607] (-) TimerEvent: {}
[104.253995] (-) TimerEvent: {}
[104.354385] (-) TimerEvent: {}
[104.454768] (-) TimerEvent: {}
[104.555217] (-) TimerEvent: {}
[104.655620] (-) TimerEvent: {}
[104.756003] (-) TimerEvent: {}
[104.856392] (-) TimerEvent: {}
[104.956770] (-) TimerEvent: {}
[105.057168] (-) TimerEvent: {}
[105.157561] (-) TimerEvent: {}
[105.257961] (-) TimerEvent: {}
[105.358404] (-) TimerEvent: {}
[105.458782] (-) TimerEvent: {}
[105.559207] (-) TimerEvent: {}
[105.659577] (-) TimerEvent: {}
[105.759940] (-) TimerEvent: {}
[105.860312] (-) TimerEvent: {}
[105.960685] (-) TimerEvent: {}
[106.061058] (-) TimerEvent: {}
[106.161410] (-) TimerEvent: {}
[106.261785] (-) TimerEvent: {}
[106.362189] (-) TimerEvent: {}
[106.462561] (-) TimerEvent: {}
[106.562974] (-) TimerEvent: {}
[106.663370] (-) TimerEvent: {}
[106.763858] (-) TimerEvent: {}
[106.864253] (-) TimerEvent: {}
[106.964624] (-) TimerEvent: {}
[107.064990] (-) TimerEvent: {}
[107.165363] (-) TimerEvent: {}
[107.265728] (-) TimerEvent: {}
[107.366084] (-) TimerEvent: {}
[107.466459] (-) TimerEvent: {}
[107.566815] (-) TimerEvent: {}
[107.667214] (-) TimerEvent: {}
[107.767621] (-) TimerEvent: {}
[107.868021] (-) TimerEvent: {}
[107.968435] (-) TimerEvent: {}
[108.068842] (-) TimerEvent: {}
[108.169247] (-) TimerEvent: {}
[108.269646] (-) TimerEvent: {}
[108.370039] (-) TimerEvent: {}
[108.470435] (-) TimerEvent: {}
[108.570834] (-) TimerEvent: {}
[108.671412] (-) TimerEvent: {}
[108.771800] (-) TimerEvent: {}
[108.872207] (-) TimerEvent: {}
[108.972618] (-) TimerEvent: {}
[109.072998] (-) TimerEvent: {}
[109.173393] (-) TimerEvent: {}
[109.273784] (-) TimerEvent: {}
[109.374174] (-) TimerEvent: {}
[109.474576] (-) TimerEvent: {}
[109.575040] (-) TimerEvent: {}
[109.675440] (-) TimerEvent: {}
[109.775873] (-) TimerEvent: {}
[109.876279] (-) TimerEvent: {}
[109.976715] (-) TimerEvent: {}
[110.077104] (-) TimerEvent: {}
[110.177495] (-) TimerEvent: {}
[110.277919] (-) TimerEvent: {}
[110.378319] (-) TimerEvent: {}
[110.478715] (-) TimerEvent: {}
[110.579190] (-) TimerEvent: {}
[110.679584] (-) TimerEvent: {}
[110.779987] (-) TimerEvent: {}
[110.880378] (-) TimerEvent: {}
[110.980771] (-) TimerEvent: {}
[111.081154] (-) TimerEvent: {}
[111.181536] (-) TimerEvent: {}
[111.281915] (-) TimerEvent: {}
[111.382285] (-) TimerEvent: {}
[111.482649] (-) TimerEvent: {}
[111.583036] (-) TimerEvent: {}
[111.683402] (-) TimerEvent: {}
[111.783783] (-) TimerEvent: {}
[111.884156] (-) TimerEvent: {}
[111.984524] (-) TimerEvent: {}
[112.084949] (-) TimerEvent: {}
[112.185377] (-) TimerEvent: {}
[112.285799] (-) TimerEvent: {}
[112.386228] (-) TimerEvent: {}
[112.486690] (-) TimerEvent: {}
[112.587171] (-) TimerEvent: {}
[112.687644] (-) TimerEvent: {}
[112.788046] (-) TimerEvent: {}
[112.888460] (-) TimerEvent: {}
[112.988929] (-) TimerEvent: {}
[113.089362] (-) TimerEvent: {}
[113.189816] (-) TimerEvent: {}
[113.290384] (-) TimerEvent: {}
[113.390825] (-) TimerEvent: {}
[113.491384] (-) TimerEvent: {}
[113.591821] (-) TimerEvent: {}
[113.692311] (-) TimerEvent: {}
[113.792750] (-) TimerEvent: {}
[113.893281] (-) TimerEvent: {}
[113.993693] (-) TimerEvent: {}
[114.094148] (-) TimerEvent: {}
[114.194568] (-) TimerEvent: {}
[114.295033] (-) TimerEvent: {}
[114.395457] (-) TimerEvent: {}
[114.495894] (-) TimerEvent: {}
[114.596343] (-) TimerEvent: {}
[114.696782] (-) TimerEvent: {}
[114.797233] (-) TimerEvent: {}
[114.897651] (-) TimerEvent: {}
[114.998081] (-) TimerEvent: {}
[115.098494] (-) TimerEvent: {}
[115.198970] (-) TimerEvent: {}
[115.299376] (-) TimerEvent: {}
[115.399764] (-) TimerEvent: {}
[115.500166] (-) TimerEvent: {}
[115.600564] (-) TimerEvent: {}
[115.700973] (-) TimerEvent: {}
[115.801373] (-) TimerEvent: {}
[115.901770] (-) TimerEvent: {}
[116.002151] (-) TimerEvent: {}
[116.102544] (-) TimerEvent: {}
[116.203041] (-) TimerEvent: {}
[116.303444] (-) TimerEvent: {}
[116.403824] (-) TimerEvent: {}
[116.504237] (-) TimerEvent: {}
[116.604624] (-) TimerEvent: {}
[116.705029] (-) TimerEvent: {}
[116.805413] (-) TimerEvent: {}
[116.905799] (-) TimerEvent: {}
[117.006184] (-) TimerEvent: {}
[117.106544] (-) TimerEvent: {}
[117.206987] (-) TimerEvent: {}
[117.307450] (-) TimerEvent: {}
[117.408202] (-) TimerEvent: {}
[117.508612] (-) TimerEvent: {}
[117.609031] (-) TimerEvent: {}
[117.709431] (-) TimerEvent: {}
[117.809842] (-) TimerEvent: {}
[117.910214] (-) TimerEvent: {}
[118.010600] (-) TimerEvent: {}
[118.111007] (-) TimerEvent: {}
[118.211400] (-) TimerEvent: {}
[118.311758] (-) TimerEvent: {}
[118.412125] (-) TimerEvent: {}
[118.417845] (qt_robot_control) StdoutLine: {'line': b'[ 55%] Linking CXX executable qt_robot_control\n'}
[118.512279] (-) TimerEvent: {}
[118.612664] (-) TimerEvent: {}
[118.713165] (-) TimerEvent: {}
[118.813571] (-) TimerEvent: {}
[118.913963] (-) TimerEvent: {}
[119.014369] (-) TimerEvent: {}
[119.114758] (-) TimerEvent: {}
[119.215256] (-) TimerEvent: {}
[119.315646] (-) TimerEvent: {}
[119.416087] (-) TimerEvent: {}
[119.516559] (-) TimerEvent: {}
[119.616943] (-) TimerEvent: {}
[119.717356] (-) TimerEvent: {}
[119.817750] (-) TimerEvent: {}
[119.918143] (-) TimerEvent: {}
[120.018547] (-) TimerEvent: {}
[120.119035] (-) TimerEvent: {}
[120.219471] (-) TimerEvent: {}
[120.319907] (-) TimerEvent: {}
[120.420325] (-) TimerEvent: {}
[120.520829] (-) TimerEvent: {}
[120.621372] (-) TimerEvent: {}
[120.721906] (-) TimerEvent: {}
[120.822463] (-) TimerEvent: {}
[120.923013] (-) TimerEvent: {}
[121.023539] (-) TimerEvent: {}
[121.124064] (-) TimerEvent: {}
[121.224578] (-) TimerEvent: {}
[121.325093] (-) TimerEvent: {}
[121.425607] (-) TimerEvent: {}
[121.526142] (-) TimerEvent: {}
[121.626659] (-) TimerEvent: {}
[121.727202] (-) TimerEvent: {}
[121.827719] (-) TimerEvent: {}
[121.928257] (-) TimerEvent: {}
[122.028800] (-) TimerEvent: {}
[122.129292] (-) TimerEvent: {}
[122.229800] (-) TimerEvent: {}
[122.330297] (-) TimerEvent: {}
[122.430812] (-) TimerEvent: {}
[122.531337] (-) TimerEvent: {}
[122.631821] (-) TimerEvent: {}
[122.732289] (-) TimerEvent: {}
[122.832753] (-) TimerEvent: {}
[122.933145] (-) TimerEvent: {}
[123.033512] (-) TimerEvent: {}
[123.133897] (-) TimerEvent: {}
[123.234294] (-) TimerEvent: {}
[123.334691] (-) TimerEvent: {}
[123.435224] (-) TimerEvent: {}
[123.535706] (-) TimerEvent: {}
[123.636206] (-) TimerEvent: {}
[123.736795] (-) TimerEvent: {}
[123.837309] (-) TimerEvent: {}
[123.937811] (-) TimerEvent: {}
[124.038298] (-) TimerEvent: {}
[124.138801] (-) TimerEvent: {}
[124.239362] (-) TimerEvent: {}
[124.339873] (-) TimerEvent: {}
[124.440388] (-) TimerEvent: {}
[124.540888] (-) TimerEvent: {}
[124.641412] (-) TimerEvent: {}
[124.741927] (-) TimerEvent: {}
[124.842411] (-) TimerEvent: {}
[124.942964] (-) TimerEvent: {}
[125.043459] (-) TimerEvent: {}
[125.143965] (-) TimerEvent: {}
[125.244469] (-) TimerEvent: {}
[125.344957] (-) TimerEvent: {}
[125.445442] (-) TimerEvent: {}
[125.545904] (-) TimerEvent: {}
[125.646315] (-) TimerEvent: {}
[125.746810] (-) TimerEvent: {}
[125.847341] (-) TimerEvent: {}
[125.947831] (-) TimerEvent: {}
[126.048323] (-) TimerEvent: {}
[126.148835] (-) TimerEvent: {}
[126.249350] (-) TimerEvent: {}
[126.349861] (-) TimerEvent: {}
[126.450364] (-) TimerEvent: {}
[126.550936] (-) TimerEvent: {}
[126.651449] (-) TimerEvent: {}
[126.751891] (-) TimerEvent: {}
[126.852326] (-) TimerEvent: {}
[126.952791] (-) TimerEvent: {}
[127.053186] (-) TimerEvent: {}
[127.153563] (-) TimerEvent: {}
[127.253944] (-) TimerEvent: {}
[127.354335] (-) TimerEvent: {}
[127.454724] (-) TimerEvent: {}
[127.555175] (-) TimerEvent: {}
[127.655519] (-) TimerEvent: {}
[127.755850] (-) TimerEvent: {}
[127.856191] (-) TimerEvent: {}
[127.956564] (-) TimerEvent: {}
[128.056988] (-) TimerEvent: {}
[128.157437] (-) TimerEvent: {}
[128.257803] (-) TimerEvent: {}
[128.358144] (-) TimerEvent: {}
[128.458498] (-) TimerEvent: {}
[128.558926] (-) TimerEvent: {}
[128.659375] (-) TimerEvent: {}
[128.759923] (-) TimerEvent: {}
[128.860417] (-) TimerEvent: {}
[128.960910] (-) TimerEvent: {}
[129.061395] (-) TimerEvent: {}
[129.161900] (-) TimerEvent: {}
[129.262363] (-) TimerEvent: {}
[129.362807] (-) TimerEvent: {}
[129.463186] (-) TimerEvent: {}
[129.563562] (-) TimerEvent: {}
[129.664015] (-) TimerEvent: {}
[129.764430] (-) TimerEvent: {}
[129.807879] (qt_robot_control) StdoutLine: {'line': b'[100%] Built target qt_robot_control\n'}
[129.829423] (qt_robot_control) CommandEnded: {'returncode': 0}
[129.831545] (qt_robot_control) JobProgress: {'identifier': 'qt_robot_control', 'progress': 'install'}
[129.851245] (qt_robot_control) Command: {'cmd': ['/usr/bin/cmake', '--install', '/home/HwHiAiUser/wheeltec_ros2/build/qt_robot_control'], 'cwd': '/home/HwHiAiUser/wheeltec_ros2/build/qt_robot_control', 'env': OrderedDict([('SHELL', '/bin/bash'), ('ROS_VERSION', '2'), ('GTK_IM_MODULE', 'ibus'), ('CONDA_EXE', '/usr/local/miniconda3/bin/conda'), ('_CE_M', ''), ('COMPOSER_NO_INTERACTION', '1'), ('ROS_PYTHON_VERSION', '3'), ('MS_ENABLE_GE', '1'), ('MX_SDK_HOME', '/home/HwHiAiUser/work/Mind_SDK/mxVision'), ('VSCODE_SERVER_SHUTDOWN_TIMEOUT', '300'), ('ELECTRON_RUN_AS_NODE', '1'), ('XMODIFIERS', '@im=ibus'), ('NPU_HOST_INC', '/usr/local/Ascend/ascend-toolkit/latest/runtime/include'), ('NPU_HOST_LIB', '/usr/local/Ascend/ascend-toolkit/latest/runtime/lib64/stub/aarch64'), ('PWD', '/home/HwHiAiUser/wheeltec_ros2/build/qt_robot_control'), ('LOGNAME', 'HwHiAiUser'), ('XDG_SESSION_TYPE', 'tty'), ('VSCODE_ESM_ENTRYPOINT', 'vs/workbench/api/node/extensionHostProcess'), ('MOTD_SHOWN', 'pam'), ('GST_PLUGIN_SCANNER', '/home/HwHiAiUser/work/Mind_SDK/mxVision/opensource/libexec/gstreamer-1.0/gst-plugin-scanner'), ('HOME', '/home/HwHiAiUser'), ('LANG', 'C.UTF-8'), ('LS_COLORS', ''), ('FORCE_COLOR', '0'), ('MS_DEV_FORCE_ACL', '1'), ('AMENT_PREFIX_PATH', '/home/HwHiAiUser/wheeltec_ros2/install/yesense_std_ros2:/home/HwHiAiUser/wheeltec_ros2/install/yesense_interface:/home/HwHiAiUser/wheeltec_ros2/install/wheeltec_rviz2:/home/HwHiAiUser/wheeltec_ros2/install/wheeltec_robot_urdf:/home/HwHiAiUser/wheeltec_ros2/install/turn_on_wheeltec_robot:/home/HwHiAiUser/wheeltec_ros2/install/wheeltec_robot_msg:/home/HwHiAiUser/wheeltec_ros2/install/wheeltec_robot_keyboard:/home/HwHiAiUser/wheeltec_ros2/install/wheeltec_gpio_control:/home/HwHiAiUser/wheeltec_ros2/install/web_video_server:/home/HwHiAiUser/wheeltec_ros2/install/usb_cam:/home/HwHiAiUser/wheeltec_ros2/install/tf2_tools:/home/HwHiAiUser/wheeltec_ros2/install/serial:/home/HwHiAiUser/wheeltec_ros2/install/rplidar_ros:/home/HwHiAiUser/wheeltec_ros2/install/lslidar_driver:/home/HwHiAiUser/wheeltec_ros2/install/lslidar_msgs:/home/HwHiAiUser/wheeltec_ros2/install/ldlidar_stl_ros2:/home/HwHiAiUser/wheeltec_ros2/install/ldlidar_sl_ros2:/home/HwHiAiUser/wheeltec_ros2/install/ldlidar:/home/HwHiAiUser/wheeltec_ros2/install/astra_camera:/home/HwHiAiUser/wheeltec_ros2/install/astra_camera_msgs:/home/HwHiAiUser/wheeltec_ros2/install/ackermann_msgs:/opt/ros/humble'), ('CMAKE_PREFIX_PATH', '/home/HwHiAiUser/wheeltec_ros2/install/yesense_std_ros2:/home/HwHiAiUser/wheeltec_ros2/install/yesense_interface:/home/HwHiAiUser/wheeltec_ros2/install/wheeltec_rviz2:/home/HwHiAiUser/wheeltec_ros2/install/wheeltec_robot_urdf:/home/HwHiAiUser/wheeltec_ros2/install/turn_on_wheeltec_robot:/home/HwHiAiUser/wheeltec_ros2/install/wheeltec_robot_msg:/home/HwHiAiUser/wheeltec_ros2/install/web_video_server:/home/HwHiAiUser/wheeltec_ros2/install/usb_cam:/home/HwHiAiUser/wheeltec_ros2/install/serial:/home/HwHiAiUser/wheeltec_ros2/install/rplidar_ros:/home/HwHiAiUser/wheeltec_ros2/install/lslidar_driver:/home/HwHiAiUser/wheeltec_ros2/install/lslidar_msgs:/home/HwHiAiUser/wheeltec_ros2/install/ldlidar_stl_ros2:/home/HwHiAiUser/wheeltec_ros2/install/ldlidar_sl_ros2:/home/HwHiAiUser/wheeltec_ros2/install/ldlidar:/home/HwHiAiUser/wheeltec_ros2/install/astra_camera:/home/HwHiAiUser/wheeltec_ros2/install/astra_camera_msgs:/home/HwHiAiUser/wheeltec_ros2/install/ackermann_msgs:/home/HwHiAiUser/wheeltec_ros2/install/wheeltec_robot_keyboard:/home/HwHiAiUser/wheeltec_ros2/install/wheeltec_gpio_control:/home/HwHiAiUser/wheeltec_ros2/install/tf2_tools:/opt/ros/humble'), ('VSCODE_AGENT_FOLDER', '/home/HwHiAiUser/.cursor-server'), ('VSCODE_L10N_BUNDLE_LOCATION', 'vscode-local:/c%3A/Users/25914/.cursor/extensions/ms-ceintl.vscode-language-pack-zh-hans-1.99.0-universal/translations/extensions/vscode.json-language-features.i18n.json'), ('COLCON_PREFIX_PATH', '/home/HwHiAiUser/wheeltec_ros2/install'), ('SSH_CONNECTION', '10.248.102.23 12022 10.248.102.204 22'), ('TOOLCHAIN_HOME', '/home/HwHiAiUser/Ascend/ascend-toolkit/latest/toolkit'), ('ASCEND_TOOLKIT_HOME', '/home/HwHiAiUser/Ascend/ascend-toolkit/latest'), ('CURSOR_AGENT', '1'), ('LESSCLOSE', '/usr/bin/lesspipe %s %s'), ('XDG_SESSION_CLASS', 'user'), ('VSCODE_HANDLES_SIGPIPE', 'true'), ('PYTHONPATH', '/home/HwHiAiUser/work/Mind_SDK/mxVision/python:/home/HwHiAiUser/Ascend/ascend-toolkit/latest/python/site-packages:/home/HwHiAiUser/Ascend/ascend-toolkit/latest/opp/built-in/op_impl/ai_core/tbe:/home/HwHiAiUser/wheeltec_ros2/install/yesense_interface/local/lib/python3.10/dist-packages:/home/HwHiAiUser/wheeltec_ros2/install/turn_on_wheeltec_robot/local/lib/python3.10/dist-packages:/home/HwHiAiUser/wheeltec_ros2/install/wheeltec_robot_msg/local/lib/python3.10/dist-packages:/home/HwHiAiUser/wheeltec_ros2/install/wheeltec_robot_keyboard/lib/python3.10/site-packages:/home/HwHiAiUser/wheeltec_ros2/install/wheeltec_gpio_control/lib/python3.10/site-packages:/home/HwHiAiUser/wheeltec_ros2/install/tf2_tools/lib/python3.10/site-packages:/home/HwHiAiUser/wheeltec_ros2/install/lslidar_msgs/local/lib/python3.10/dist-packages:/home/HwHiAiUser/wheeltec_ros2/install/astra_camera_msgs/local/lib/python3.10/dist-packages:/home/HwHiAiUser/wheeltec_ros2/install/ackermann_msgs/local/lib/python3.10/dist-packages:/opt/ros/humble/lib/python3.10/site-packages:/opt/ros/humble/local/lib/python3.10/dist-packages:/usr/local/Ascend/ascend-toolkit/latest/python/site-packages:/usr/local/Ascend/ascend-toolkit/latest/opp/built-in/op_impl/ai_core/tbe:/usr/local/Ascend/ascend-toolkit/laster/python/site-packages:/usr/local/Ascend/ascend-toolkit/laster/opp/built-in/op_impl/ai_core/tbe:/usr/local/Ascend/ascend-toolkit/laster/python/site-packages:/usr/local/Ascend/ascend-toolkit/laster/opp/built-in/op_impl/ai_core/tbe:'), ('COLCON', '1'), ('TERM', 'dumb'), ('_CE_CONDA', ''), ('ASCEND_CUSTOM_OPP_PATH', '/home/HwHiAiUser/work/Mind_SDK/mxVision/operators/ascendc/vendors/customize:'), ('LESSOPEN', '| /usr/bin/lesspipe %s'), ('USER', 'HwHiAiUser'), ('CONDA_SHLVL', '0'), ('SHLVL', '2'), ('QT_IM_MODULE', 'ibus'), ('VSCODE_CWD', '/home/HwHiAiUser'), ('XDG_SESSION_ID', '7'), ('NO_COLOR', '1'), ('GST_PLUGIN_PATH', '/home/HwHiAiUser/work/Mind_SDK/mxVision/opensource/lib/gstreamer-1.0:/home/HwHiAiUser/work/Mind_SDK/mxVision/lib/plugins'), ('ASCEND_OPP_PATH', '/home/HwHiAiUser/Ascend/ascend-toolkit/latest/opp'), ('CONDA_PYTHON_EXE', '/usr/local/miniconda3/bin/python'), ('LD_LIBRARY_PATH', '/usr/lib/aarch64-linux-gnu:/usr/lib:/home/HwHiAiUser/work/Mind_SDK/mxVision/operators/ascendc/vendors/customize/op_api/lib:/home/HwHiAiUser/work/Mind_SDK/mxVision/lib/modelpostprocessors:/home/HwHiAiUser/work/Mind_SDK/mxVision/lib:/home/HwHiAiUser/work/Mind_SDK/mxVision/opensource/lib:/home/HwHiAiUser/work/Mind_SDK/mxVision/opensource/lib64:/home/HwHiAiUser/Ascend/ascend-toolkit/latest/tools/aml/lib64:/home/HwHiAiUser/Ascend/ascend-toolkit/latest/tools/aml/lib64/plugin:/home/HwHiAiUser/Ascend/ascend-toolkit/latest/lib64:/home/HwHiAiUser/Ascend/ascend-toolkit/latest/lib64/plugin/opskernel:/home/HwHiAiUser/Ascend/ascend-toolkit/latest/lib64/plugin/nnengine:/home/HwHiAiUser/Ascend/ascend-toolkit/latest/opp/built-in/op_impl/ai_core/tbe/op_tiling/lib/linux/aarch64:/var/davinci/driver/lib64:/var/davinci/driver/lib64/common:/var/davinci/driver/lib64/driver:/home/HwHiAiUser/wheeltec_ros2/install/yesense_interface/lib:/home/HwHiAiUser/wheeltec_ros2/install/turn_on_wheeltec_robot/lib:/home/HwHiAiUser/wheeltec_ros2/install/wheeltec_robot_msg/lib:/home/HwHiAiUser/wheeltec_ros2/install/usb_cam/lib:/home/HwHiAiUser/wheeltec_ros2/install/serial/lib:/home/HwHiAiUser/wheeltec_ros2/install/lslidar_msgs/lib:/home/HwHiAiUser/wheeltec_ros2/install/astra_camera/lib:/home/HwHiAiUser/wheeltec_ros2/install/astra_camera_msgs/lib:/home/HwHiAiUser/wheeltec_ros2/install/ackermann_msgs/lib:/opt/ros/humble/opt/rviz_ogre_vendor/lib:/opt/ros/humble/lib/aarch64-linux-gnu:/opt/ros/humble/lib:/usr/local/Ascend/ascend-toolkit/latest/tools/aml/lib64:/usr/local/Ascend/ascend-toolkit/latest/tools/aml/lib64/plugin:/usr/local/Ascend/ascend-toolkit/latest/lib64:/usr/local/Ascend/ascend-toolkit/latest/lib64/plugin/opskernel:/usr/local/Ascend/ascend-toolkit/latest/lib64/plugin/nnengine:/usr/local/Ascend/ascend-toolkit/latest/opp/built-in/op_impl/ai_core/tbe/op_tiling/lib/linux/aarch64:/lib64:/var/davinci/driver/lib64:/var/davinci/driver/lib64/common:/var/davinci/driver/lib64/driver:/usr/local/Ascend/ascend-toolkit/laster/runtime/lib64/stub/aarch64:/usr/local/Ascend/ascend-toolkit/laster/lib64:/usr/local/Ascend/ascend-toolkit/laster/lib64/plugin/opskernel:/usr/local/Ascend/ascend-toolkit/laster/lib64/plugin/nnengine:/usr/local/Ascend/ascend-toolkit/laster/opp/built-in/op_impl/ai_core/tbe/op_tiling:/usr/local/Ascend/driver/lib64:/var/davinci/driver/lib64:/var/davinci/driver/lib64/common:/var/davinci/driver/lib64/driver:/usr/local/Ascend/ascend-toolkit/laster/runtime/lib64/stub/aarch64:/usr/local/Ascend/ascend-toolkit/laster/lib64:/usr/local/Ascend/ascend-toolkit/laster/lib64/plugin/opskernel:/usr/local/Ascend/ascend-toolkit/laster/lib64/plugin/nnengine:/usr/local/Ascend/ascend-toolkit/laster/opp/built-in/op_impl/ai_core/tbe/op_tiling:/usr/local/Ascend/driver/lib64:/var/davinci/driver/lib64:/var/davinci/driver/lib64/common:/var/davinci/driver/lib64/driver:'), ('ASCEND_AICPU_PATH', '/home/HwHiAiUser/Ascend/ascend-toolkit/latest'), ('XDG_RUNTIME_DIR', '/run/user/1000'), ('ROS_LOCALHOST_ONLY', '0'), ('SSH_CLIENT', '10.248.102.23 12022 22'), ('XDG_DATA_DIRS', '/usr/share/gnome:/usr/local/share:/usr/share:/var/lib/snapd/desktop'), ('BROWSER', '/home/HwHiAiUser/.cursor-server/bin/7236ee799a5bffd9f28fa4fd18bdc6eab5e08df0/bin/helpers/browser.sh'), ('PATH', '/home/HwHiAiUser/.local/bin:/home/HwHiAiUser/Ascend/ascend-toolkit/latest/bin:/home/HwHiAiUser/Ascend/ascend-toolkit/latest/compiler/ccec_compiler/bin:/home/HwHiAiUser/Ascend/ascend-toolkit/latest/tools/ccec_compiler/bin:/opt/ros/humble/bin:/usr/local/Ascend/ascend-toolkit/latest/bin:/usr/local/Ascend/ascend-toolkit/latest/compiler/ccec_compiler/bin:/usr/local/Ascend/ascend-toolkit/latest/tools/ccec_compiler/bin:/usr/local/miniconda3/condabin:/usr/local/Ascend/ascend-toolkit/laster/bin:/usr/local/Ascend/ascend-toolkit/laster/compiler/ccec_compiler/bin:/home/HwHiAiUser/.cursor-server/bin/7236ee799a5bffd9f28fa4fd18bdc6eab5e08df0/bin/remote-cli:/home/HwHiAiUser/.cursor-server/bin/7236ee799a5bffd9f28fa4fd18bdc6eab5e08df0/bin/remote-cli:/home/HwHiAiUser/.local/bin:/usr/local/Ascend/ascend-toolkit/laster/bin:/usr/local/Ascend/ascend-toolkit/laster/compiler/ccec_compiler/bin:/usr/local/sbin:/usr/local/bin:/usr/sbin:/usr/bin:/sbin:/bin:/usr/games:/usr/local/games:/snap/bin:/home/HwHiAiUser/.fishros/bin/'), ('ASCEND_HOME_PATH', '/home/HwHiAiUser/Ascend/ascend-toolkit/latest'), ('DBUS_SESSION_BUS_ADDRESS', 'unix:path=/run/user/1000/bus'), ('VSCODE_NLS_CONFIG', '{"userLocale":"zh-cn","osLocale":"zh-cn","resolvedLanguage":"en","defaultMessagesFile":"/home/HwHiAiUser/.cursor-server/bin/7236ee799a5bffd9f28fa4fd18bdc6eab5e08df0/out/nls.messages.json","locale":"zh-cn","availableLanguages":{}}'), ('ROS_DISTRO', 'humble'), ('VSCODE_HANDLES_UNCAUGHT_ERRORS', 'true'), ('OLDPWD', '/home/HwHiAiUser/wheeltec_ros2'), ('VSCODE_IPC_HOOK_CLI', '/run/user/1000/vscode-ipc-98642f8e-2152-44c8-8bc5-3c3283fefe37.sock'), ('_', '/usr/bin/env')]), 'shell': False}
[129.864551] (-) TimerEvent: {}
[129.868063] (qt_robot_control) StdoutLine: {'line': b'-- Install configuration: ""\n'}
[129.868713] (qt_robot_control) StdoutLine: {'line': b'-- Installing: /home/HwHiAiUser/wheeltec_ros2/install/qt_robot_control/lib/qt_robot_control/qt_robot_control\n'}
[129.892939] (qt_robot_control) StdoutLine: {'line': b'-- Set runtime path of "/home/HwHiAiUser/wheeltec_ros2/install/qt_robot_control/lib/qt_robot_control/qt_robot_control" to ""\n'}
[129.893780] (qt_robot_control) StdoutLine: {'line': b'-- Up-to-date: /home/HwHiAiUser/wheeltec_ros2/install/qt_robot_control/share/qt_robot_control/launch\n'}
[129.894232] (qt_robot_control) StdoutLine: {'line': b'-- Up-to-date: /home/HwHiAiUser/wheeltec_ros2/install/qt_robot_control/share/qt_robot_control/launch/qt_robot_control.launch.py\n'}
[129.894546] (qt_robot_control) StdoutLine: {'line': b'-- Up-to-date: /home/HwHiAiUser/wheeltec_ros2/install/qt_robot_control/share/ament_index/resource_index/package_run_dependencies/qt_robot_control\n'}
[129.895204] (qt_robot_control) StdoutLine: {'line': b'-- Up-to-date: /home/HwHiAiUser/wheeltec_ros2/install/qt_robot_control/share/ament_index/resource_index/parent_prefix_path/qt_robot_control\n'}
[129.895381] (qt_robot_control) StdoutLine: {'line': b'-- Up-to-date: /home/HwHiAiUser/wheeltec_ros2/install/qt_robot_control/share/qt_robot_control/environment/ament_prefix_path.sh\n'}
[129.895542] (qt_robot_control) StdoutLine: {'line': b'-- Installing: /home/HwHiAiUser/wheeltec_ros2/install/qt_robot_control/share/qt_robot_control/environment/ament_prefix_path.dsv\n'}
[129.895688] (qt_robot_control) StdoutLine: {'line': b'-- Up-to-date: /home/HwHiAiUser/wheeltec_ros2/install/qt_robot_control/share/qt_robot_control/environment/path.sh\n'}
[129.895847] (qt_robot_control) StdoutLine: {'line': b'-- Installing: /home/HwHiAiUser/wheeltec_ros2/install/qt_robot_control/share/qt_robot_control/environment/path.dsv\n'}
[129.896008] (qt_robot_control) StdoutLine: {'line': b'-- Up-to-date: /home/HwHiAiUser/wheeltec_ros2/install/qt_robot_control/share/qt_robot_control/local_setup.bash\n'}
[129.896164] (qt_robot_control) StdoutLine: {'line': b'-- Up-to-date: /home/HwHiAiUser/wheeltec_ros2/install/qt_robot_control/share/qt_robot_control/local_setup.sh\n'}
[129.896315] (qt_robot_control) StdoutLine: {'line': b'-- Up-to-date: /home/HwHiAiUser/wheeltec_ros2/install/qt_robot_control/share/qt_robot_control/local_setup.zsh\n'}
[129.896459] (qt_robot_control) StdoutLine: {'line': b'-- Installing: /home/HwHiAiUser/wheeltec_ros2/install/qt_robot_control/share/qt_robot_control/local_setup.dsv\n'}
[129.896627] (qt_robot_control) StdoutLine: {'line': b'-- Installing: /home/HwHiAiUser/wheeltec_ros2/install/qt_robot_control/share/qt_robot_control/package.dsv\n'}
[129.896776] (qt_robot_control) StdoutLine: {'line': b'-- Up-to-date: /home/HwHiAiUser/wheeltec_ros2/install/qt_robot_control/share/ament_index/resource_index/packages/qt_robot_control\n'}
[129.896923] (qt_robot_control) StdoutLine: {'line': b'-- Up-to-date: /home/HwHiAiUser/wheeltec_ros2/install/qt_robot_control/share/qt_robot_control/cmake/qt_robot_controlConfig.cmake\n'}
[129.897067] (qt_robot_control) StdoutLine: {'line': b'-- Up-to-date: /home/HwHiAiUser/wheeltec_ros2/install/qt_robot_control/share/qt_robot_control/cmake/qt_robot_controlConfig-version.cmake\n'}
[129.897214] (qt_robot_control) StdoutLine: {'line': b'-- Up-to-date: /home/HwHiAiUser/wheeltec_ros2/install/qt_robot_control/share/qt_robot_control/package.xml\n'}
[129.898612] (qt_robot_control) CommandEnded: {'returncode': 0}
[129.952609] (qt_robot_control) JobEnded: {'identifier': 'qt_robot_control', 'rc': 0}
[129.955427] (-) EventReactorShutdown: {}
