[2.452s] Invoking command in '/home/HwHiAiUser/wheeltec_ros2/src/depend/tf2_tools': PYTHONPATH=/home/HwHiAiUser/wheeltec_ros2/build/tf2_tools/prefix_override:/usr/lib/python3/dist-packages/colcon_core/task/python/colcon_distutils_commands:/home/HwHiAiUser/wheeltec_ros2/install/tf2_tools/lib/python3.10/site-packages:${PYTHONPATH} _=/usr/bin/env /usr/bin/python3 -W ignore:setup.py install is deprecated -W ignore:easy_install command is deprecated setup.py egg_info --egg-base ../../../build/tf2_tools build --build-base /home/HwHiAiUser/wheeltec_ros2/build/tf2_tools/build install --record /home/HwHiAiUser/wheeltec_ros2/build/tf2_tools/install.log --single-version-externally-managed install_data
[3.392s] running egg_info
[3.394s] creating ../../../build/tf2_tools/tf2_tools.egg-info
[3.395s] writing ../../../build/tf2_tools/tf2_tools.egg-info/PKG-INFO
[3.396s] writing dependency_links to ../../../build/tf2_tools/tf2_tools.egg-info/dependency_links.txt
[3.397s] writing entry points to ../../../build/tf2_tools/tf2_tools.egg-info/entry_points.txt
[3.398s] writing requirements to ../../../build/tf2_tools/tf2_tools.egg-info/requires.txt
[3.398s] writing top-level names to ../../../build/tf2_tools/tf2_tools.egg-info/top_level.txt
[3.399s] writing manifest file '../../../build/tf2_tools/tf2_tools.egg-info/SOURCES.txt'
[3.406s] reading manifest file '../../../build/tf2_tools/tf2_tools.egg-info/SOURCES.txt'
[3.409s] writing manifest file '../../../build/tf2_tools/tf2_tools.egg-info/SOURCES.txt'
[3.410s] running build
[3.410s] running build_py
[3.411s] creating /home/HwHiAiUser/wheeltec_ros2/build/tf2_tools/build
[3.411s] creating /home/HwHiAiUser/wheeltec_ros2/build/tf2_tools/build/lib
[3.411s] creating /home/HwHiAiUser/wheeltec_ros2/build/tf2_tools/build/lib/tf2_tools
[3.411s] copying tf2_tools/__init__.py -> /home/HwHiAiUser/wheeltec_ros2/build/tf2_tools/build/lib/tf2_tools
[3.412s] copying tf2_tools/view_frames.py -> /home/HwHiAiUser/wheeltec_ros2/build/tf2_tools/build/lib/tf2_tools
[3.413s] running install
[3.415s] running install_lib
[3.418s] creating /home/HwHiAiUser/wheeltec_ros2/install/tf2_tools/lib/python3.10/site-packages/tf2_tools
[3.418s] copying /home/HwHiAiUser/wheeltec_ros2/build/tf2_tools/build/lib/tf2_tools/__init__.py -> /home/HwHiAiUser/wheeltec_ros2/install/tf2_tools/lib/python3.10/site-packages/tf2_tools
[3.419s] copying /home/HwHiAiUser/wheeltec_ros2/build/tf2_tools/build/lib/tf2_tools/view_frames.py -> /home/HwHiAiUser/wheeltec_ros2/install/tf2_tools/lib/python3.10/site-packages/tf2_tools
[3.421s] byte-compiling /home/HwHiAiUser/wheeltec_ros2/install/tf2_tools/lib/python3.10/site-packages/tf2_tools/__init__.py to __init__.cpython-310.pyc
[3.422s] byte-compiling /home/HwHiAiUser/wheeltec_ros2/install/tf2_tools/lib/python3.10/site-packages/tf2_tools/view_frames.py to view_frames.cpython-310.pyc
[3.426s] running install_data
[3.427s] creating /home/HwHiAiUser/wheeltec_ros2/install/tf2_tools/share/ament_index
[3.427s] creating /home/HwHiAiUser/wheeltec_ros2/install/tf2_tools/share/ament_index/resource_index
[3.427s] creating /home/HwHiAiUser/wheeltec_ros2/install/tf2_tools/share/ament_index/resource_index/packages
[3.427s] copying resource/tf2_tools -> /home/HwHiAiUser/wheeltec_ros2/install/tf2_tools/share/ament_index/resource_index/packages
[3.428s] copying package.xml -> /home/HwHiAiUser/wheeltec_ros2/install/tf2_tools/share/tf2_tools
[3.428s] running install_egg_info
[3.435s] Copying ../../../build/tf2_tools/tf2_tools.egg-info to /home/HwHiAiUser/wheeltec_ros2/install/tf2_tools/lib/python3.10/site-packages/tf2_tools-0.17.1-py3.10.egg-info
[3.440s] running install_scripts
[3.530s] Installing view_frames script to /home/HwHiAiUser/wheeltec_ros2/install/tf2_tools/lib/tf2_tools
[3.531s] writing list of installed files to '/home/HwHiAiUser/wheeltec_ros2/build/tf2_tools/install.log'
[3.731s] Invoked command in '/home/HwHiAiUser/wheeltec_ros2/src/depend/tf2_tools' returned '0': PYTHONPATH=/home/HwHiAiUser/wheeltec_ros2/build/tf2_tools/prefix_override:/usr/lib/python3/dist-packages/colcon_core/task/python/colcon_distutils_commands:/home/HwHiAiUser/wheeltec_ros2/install/tf2_tools/lib/python3.10/site-packages:${PYTHONPATH} _=/usr/bin/env /usr/bin/python3 -W ignore:setup.py install is deprecated -W ignore:easy_install command is deprecated setup.py egg_info --egg-base ../../../build/tf2_tools build --build-base /home/HwHiAiUser/wheeltec_ros2/build/tf2_tools/build install --record /home/HwHiAiUser/wheeltec_ros2/build/tf2_tools/install.log --single-version-externally-managed install_data
