[0.029s] Invoking command in '/home/HwHiAiUser/wheeltec_ros2/build/qt_robot_control': CMAKE_PREFIX_PATH=${CMAKE_PREFIX_PATH}:/home/HwHiAiUser/wheeltec_ros2/install/wheeltec_robot_keyboard:/home/HwHiAiUser/wheeltec_ros2/install/wheeltec_gpio_control:/home/HwHiAiUser/wheeltec_ros2/install/tf2_tools:/opt/ros/humble _=/usr/bin/env /usr/bin/cmake --build /home/HwHiAiUser/wheeltec_ros2/build/qt_robot_control -- -j4 -l4
[0.134s] [ 11%] [34m[1mAutomatic MOC and UIC for target qt_robot_control[0m
[0.182s] [ 11%] Built target qt_robot_control_autogen
[0.223s] [35m[1mConsolidate compiler generated dependencies of target qt_robot_control[0m
[0.306s] [ 22%] [32mBuilding CXX object CMakeFiles/qt_robot_control.dir/src/MainWindow.cpp.o[0m
[19.013s] [ 33%] [32m[1mLinking CXX executable qt_robot_control[0m
[30.968s] [100%] Built target qt_robot_control
[30.991s] Invoked command in '/home/HwHiAiUser/wheeltec_ros2/build/qt_robot_control' returned '0': CMAKE_PREFIX_PATH=${CMAKE_PREFIX_PATH}:/home/HwHiAiUser/wheeltec_ros2/install/wheeltec_robot_keyboard:/home/HwHiAiUser/wheeltec_ros2/install/wheeltec_gpio_control:/home/HwHiAiUser/wheeltec_ros2/install/tf2_tools:/opt/ros/humble _=/usr/bin/env /usr/bin/cmake --build /home/HwHiAiUser/wheeltec_ros2/build/qt_robot_control -- -j4 -l4
[31.012s] Invoking command in '/home/HwHiAiUser/wheeltec_ros2/build/qt_robot_control': CMAKE_PREFIX_PATH=${CMAKE_PREFIX_PATH}:/home/HwHiAiUser/wheeltec_ros2/install/wheeltec_robot_keyboard:/home/HwHiAiUser/wheeltec_ros2/install/wheeltec_gpio_control:/home/HwHiAiUser/wheeltec_ros2/install/tf2_tools:/opt/ros/humble _=/usr/bin/env /usr/bin/cmake --install /home/HwHiAiUser/wheeltec_ros2/build/qt_robot_control
[31.028s] -- Install configuration: ""
[31.028s] -- Installing: /home/HwHiAiUser/wheeltec_ros2/install/qt_robot_control/lib/qt_robot_control/qt_robot_control
[31.049s] -- Set runtime path of "/home/HwHiAiUser/wheeltec_ros2/install/qt_robot_control/lib/qt_robot_control/qt_robot_control" to ""
[31.049s] -- Installing: /home/HwHiAiUser/wheeltec_ros2/install/qt_robot_control/share/ament_index/resource_index/package_run_dependencies/qt_robot_control
[31.050s] -- Installing: /home/HwHiAiUser/wheeltec_ros2/install/qt_robot_control/share/ament_index/resource_index/parent_prefix_path/qt_robot_control
[31.050s] -- Installing: /home/HwHiAiUser/wheeltec_ros2/install/qt_robot_control/share/qt_robot_control/environment/ament_prefix_path.sh
[31.050s] -- Installing: /home/HwHiAiUser/wheeltec_ros2/install/qt_robot_control/share/qt_robot_control/environment/ament_prefix_path.dsv
[31.050s] -- Installing: /home/HwHiAiUser/wheeltec_ros2/install/qt_robot_control/share/qt_robot_control/environment/path.sh
[31.051s] -- Installing: /home/HwHiAiUser/wheeltec_ros2/install/qt_robot_control/share/qt_robot_control/environment/path.dsv
[31.051s] -- Installing: /home/HwHiAiUser/wheeltec_ros2/install/qt_robot_control/share/qt_robot_control/local_setup.bash
[31.051s] -- Installing: /home/HwHiAiUser/wheeltec_ros2/install/qt_robot_control/share/qt_robot_control/local_setup.sh
[31.051s] -- Installing: /home/HwHiAiUser/wheeltec_ros2/install/qt_robot_control/share/qt_robot_control/local_setup.zsh
[31.052s] -- Installing: /home/HwHiAiUser/wheeltec_ros2/install/qt_robot_control/share/qt_robot_control/local_setup.dsv
[31.052s] -- Installing: /home/HwHiAiUser/wheeltec_ros2/install/qt_robot_control/share/qt_robot_control/package.dsv
[31.052s] -- Installing: /home/HwHiAiUser/wheeltec_ros2/install/qt_robot_control/share/ament_index/resource_index/packages/qt_robot_control
[31.053s] -- Installing: /home/HwHiAiUser/wheeltec_ros2/install/qt_robot_control/share/qt_robot_control/cmake/qt_robot_controlConfig.cmake
[31.053s] -- Installing: /home/HwHiAiUser/wheeltec_ros2/install/qt_robot_control/share/qt_robot_control/cmake/qt_robot_controlConfig-version.cmake
[31.053s] -- Installing: /home/HwHiAiUser/wheeltec_ros2/install/qt_robot_control/share/qt_robot_control/package.xml
[31.058s] Invoked command in '/home/HwHiAiUser/wheeltec_ros2/build/qt_robot_control' returned '0': CMAKE_PREFIX_PATH=${CMAKE_PREFIX_PATH}:/home/HwHiAiUser/wheeltec_ros2/install/wheeltec_robot_keyboard:/home/HwHiAiUser/wheeltec_ros2/install/wheeltec_gpio_control:/home/HwHiAiUser/wheeltec_ros2/install/tf2_tools:/opt/ros/humble _=/usr/bin/env /usr/bin/cmake --install /home/HwHiAiUser/wheeltec_ros2/build/qt_robot_control
