[01m[K/home/HwHiAiUser/wheeltec_ros2/src/qt_robot_control/src/RVizWidget.cpp:[m[K In member function ‘[01m[Kvoid RVizWidget::startRViz()[m[K’:
[01m[K/home/HwHiAiUser/wheeltec_ros2/src/qt_robot_control/src/RVizWidget.cpp:39:23:[m[K [01;35m[Kwarning: [m[K‘[01m[Kvoid QProcess::start(const QString&, QIODevice::OpenMode)[m[K’ is deprecated: Use QProcess::start(const QString &program, const QStringList &arguments,OpenMode mode = ReadWrite) instead [[01;35m[K]8;;https://gcc.gnu.org/onlinedocs/gcc/Warning-Options.html#index-Wdeprecated-declarations-Wdeprecated-declarations]8;;[m[K]
   39 |   [01;35m[Krviz_process_->start("rviz2")[m[K;
      |   [01;35m[K~~~~~~~~~~~~~~~~~~~~^~~~~~~~~[m[K
In file included from [01m[K/usr/include/aarch64-linux-gnu/qt5/QtCore/QProcess:1[m[K,
                 from [01m[K/home/HwHiAiUser/wheeltec_ros2/src/qt_robot_control/include/qt_robot_control/RVizWidget.h:8[m[K,
                 from [01m[K/home/HwHiAiUser/wheeltec_ros2/src/qt_robot_control/src/RVizWidget.cpp:1[m[K:
[01m[K/usr/include/aarch64-linux-gnu/qt5/QtCore/qprocess.h:168:10:[m[K [01;36m[Knote: [m[Kdeclared here
  168 |     void [01;36m[Kstart[m[K(const QString &command, OpenMode mode = ReadWrite);
      |          [01;36m[K^~~~~[m[K
[01m[K/home/HwHiAiUser/wheeltec_ros2/src/qt_robot_control/src/SystemMonitorWidget.cpp:[m[K In member function ‘[01m[Kvoid SystemMonitorWidget::setupUI()[m[K’:
[01m[K/home/HwHiAiUser/wheeltec_ros2/src/qt_robot_control/src/SystemMonitorWidget.cpp:94:3:[m[K [01;31m[Kerror: [m[K‘[01m[KQPushButton[m[K’ was not declared in this scope
   94 |   [01;31m[KQPushButton[m[K *clear_log_btn = new QPushButton("清除日志", this);
      |   [01;31m[K^~~~~~~~~~~[m[K
[01m[K/home/HwHiAiUser/wheeltec_ros2/src/qt_robot_control/src/SystemMonitorWidget.cpp:94:16:[m[K [01;31m[Kerror: [m[K‘[01m[Kclear_log_btn[m[K’ was not declared in this scope
   94 |   QPushButton *[01;31m[Kclear_log_btn[m[K = new QPushButton("清除日志", this);
      |                [01;31m[K^~~~~~~~~~~~~[m[K
[01m[K/home/HwHiAiUser/wheeltec_ros2/src/qt_robot_control/src/SystemMonitorWidget.cpp:94:36:[m[K [01;31m[Kerror: [m[Kexpected type-specifier before ‘[01m[KQPushButton[m[K’
   94 |   QPushButton *clear_log_btn = new [01;31m[KQPushButton[m[K("清除日志", this);
      |                                    [01;31m[K^~~~~~~~~~~[m[K
[01m[K/home/HwHiAiUser/wheeltec_ros2/src/qt_robot_control/src/SystemMonitorWidget.cpp:95:27:[m[K [01;31m[Kerror: [m[K‘[01m[KQPushButton[m[K’ is not a class, namespace, or enumeration
   95 |   connect(clear_log_btn, &[01;31m[KQPushButton[m[K::clicked, this, &SystemMonitorWidget::clearLog);
      |                           [01;31m[K^~~~~~~~~~~[m[K
gmake[2]: *** [CMakeFiles/qt_robot_control.dir/build.make:160: CMakeFiles/qt_robot_control.dir/src/SystemMonitorWidget.cpp.o] Error 1
gmake[1]: *** [CMakeFiles/Makefile2:138: CMakeFiles/qt_robot_control.dir/all] Error 2
gmake: *** [Makefile:146: all] Error 2
