-- Found ament_cmake: 1.3.12 (/opt/ros/humble/share/ament_cmake/cmake)
-- Found rclcpp: 16.0.15 (/opt/ros/humble/share/rclcpp/cmake)
-- Found rosidl_generator_c: 3.1.7 (/opt/ros/humble/share/rosidl_generator_c/cmake)
-- Found rosidl_adapter: 3.1.7 (/opt/ros/humble/share/rosidl_adapter/cmake)
-- Found rosidl_generator_cpp: 3.1.7 (/opt/ros/humble/share/rosidl_generator_cpp/cmake)
-- Using all available rosidl_typesupport_c: rosidl_typesupport_fastrtps_c;rosidl_typesupport_introspection_c
-- Using all available rosidl_typesupport_cpp: rosidl_typesupport_fastrtps_cpp;rosidl_typesupport_introspection_cpp
-- Found rmw_implementation_cmake: 6.1.2 (/opt/ros/humble/share/rmw_implementation_cmake/cmake)
-- Found rmw_fastrtps_cpp: 6.2.9 (/opt/ros/humble/share/rmw_fastrtps_cpp/cmake)
-- Using RMW implementation 'rmw_fastrtps_cpp' as default
-- Found sensor_msgs: 4.9.0 (/opt/ros/humble/share/sensor_msgs/cmake)
-- Found nav_msgs: 4.9.0 (/opt/ros/humble/share/nav_msgs/cmake)
-- Found cv_bridge: 3.2.1 (/opt/ros/humble/share/cv_bridge/cmake)
-- Found image_transport: 3.1.12 (/opt/ros/humble/share/image_transport/cmake)
-- Found tf2_ros: 0.25.16 (/opt/ros/humble/share/tf2_ros/cmake)
-- Found tf2_geometry_msgs: 0.25.16 (/opt/ros/humble/share/tf2_geometry_msgs/cmake)
-- Found eigen3_cmake_module: 0.1.1 (/opt/ros/humble/share/eigen3_cmake_module/cmake)
-- Ensuring Eigen3 include directory is part of orocos-kdl CMake target
-- Found rviz_common: 11.2.22 (/opt/ros/humble/share/rviz_common/cmake)
-- Setting assimp_DIR to: '/opt/ros/humble/share/rviz_assimp_vendor/cmake/../../../opt/rviz_assimp_vendor/lib/cmake/assimp-4.1'
-- Setting OGRE_DIR to: '/opt/ros/humble/share/rviz_ogre_vendor/cmake/../../../opt/rviz_ogre_vendor/lib/OGRE/cmake'
-- Found OGRE
--   static     : OFF
--   components : HLMS;MeshLodGenerator;Overlay;Paging;Property;RTShaderSystem;Terrain;Volume
--   plugins    : Plugin_BSPSceneManager;Plugin_OctreeSceneManager;Plugin_PCZSceneManager;Plugin_ParticleFX;RenderSystem_GL;RenderSystem_GL3Plus;Codec_STBI
--   media      : /opt/ros/humble/opt/rviz_ogre_vendor/share/OGRE/Media
-- OGRE_LIBRARIES: OgreHLMS;OgreMeshLodGenerator;OgreOverlay;OgrePaging;OgreProperty;OgreRTShaderSystem;OgreTerrain;OgreVolume;OgreMain
-- OGRE_LIBRARY_DIRS: /opt/ros/humble/opt/rviz_ogre_vendor/lib
-- OGRE_PLUGINS: Plugin_BSPSceneManager;Plugin_OctreeSceneManager;Plugin_PCZSceneManager;Plugin_ParticleFX;RenderSystem_GL;RenderSystem_GL3Plus;Codec_STBI
-- OGRE_PLUGIN_DIR: /opt/ros/humble/opt/rviz_ogre_vendor/lib/OGRE
-- rviz_ogre_vendor::OgreOverlay for IMPORTED_LOCATION_RELEASE: /opt/ros/humble/opt/rviz_ogre_vendor/lib/libOgreOverlay.so
-- rviz_ogre_vendor::OgreOverlay for IMPORTED_LOCATION_DEBUG: /opt/ros/humble/opt/rviz_ogre_vendor/lib/libOgreOverlay.so
-- rviz_ogre_vendor::OgreMain for IMPORTED_LOCATION_RELEASE: /opt/ros/humble/opt/rviz_ogre_vendor/lib/libOgreMain.so
-- rviz_ogre_vendor::OgreMain for IMPORTED_LOCATION_DEBUG: /opt/ros/humble/opt/rviz_ogre_vendor/lib/libOgreMain.so
-- Could not find freeimage library
-- library: /usr/lib/aarch64-linux-gnu/libcurl.so
-- Found ament_lint_auto: 0.12.14 (/opt/ros/humble/share/ament_lint_auto/cmake)
-- Added test 'copyright' to check source files copyright and LICENSE
-- Added test 'cppcheck' to perform static code analysis on C / C++ code
-- Configured cppcheck include dirs: /home/HwHiAiUser/wheeltec_ros2/src/qt_robot_control/include
-- Configured cppcheck exclude dirs and/or files: 
-- Added test 'cpplint' to check C / C++ code against the Google style
-- Configured cpplint exclude dirs and/or files: 
-- Added test 'flake8' to check Python code syntax and style conventions
-- Added test 'lint_cmake' to check CMake code style
-- Added test 'pep257' to check Python code against some of the docstring style conventions in PEP 257
-- Added test 'uncrustify' to check C / C++ code style
-- Configured uncrustify additional arguments: 
-- Added test 'xmllint' to check XML markup files
-- Configuring done
-- Generating done
-- Build files have been written to: /home/HwHiAiUser/wheeltec_ros2/build/qt_robot_control
[ 11%] [34m[1mAutomatic MOC and UIC for target qt_robot_control[0m
[ 11%] Built target qt_robot_control_autogen
[ 22%] [32mBuilding CXX object CMakeFiles/qt_robot_control.dir/qt_robot_control_autogen/mocs_compilation.cpp.o[0m
[ 33%] [32mBuilding CXX object CMakeFiles/qt_robot_control.dir/src/ROSNode.cpp.o[0m
[ 44%] [32mBuilding CXX object CMakeFiles/qt_robot_control.dir/src/RosImageSubscriber.cpp.o[0m
[ 55%] [32mBuilding CXX object CMakeFiles/qt_robot_control.dir/src/RVizWidget.cpp.o[0m
[01m[K/home/HwHiAiUser/wheeltec_ros2/src/qt_robot_control/src/RVizWidget.cpp:[m[K In member function ‘[01m[Kvoid RVizWidget::startRViz()[m[K’:
[01m[K/home/HwHiAiUser/wheeltec_ros2/src/qt_robot_control/src/RVizWidget.cpp:39:23:[m[K [01;35m[Kwarning: [m[K‘[01m[Kvoid QProcess::start(const QString&, QIODevice::OpenMode)[m[K’ is deprecated: Use QProcess::start(const QString &program, const QStringList &arguments,OpenMode mode = ReadWrite) instead [[01;35m[K]8;;https://gcc.gnu.org/onlinedocs/gcc/Warning-Options.html#index-Wdeprecated-declarations-Wdeprecated-declarations]8;;[m[K]
   39 |   [01;35m[Krviz_process_->start("rviz2")[m[K;
      |   [01;35m[K~~~~~~~~~~~~~~~~~~~~^~~~~~~~~[m[K
In file included from [01m[K/usr/include/aarch64-linux-gnu/qt5/QtCore/QProcess:1[m[K,
                 from [01m[K/home/HwHiAiUser/wheeltec_ros2/src/qt_robot_control/include/qt_robot_control/RVizWidget.h:8[m[K,
                 from [01m[K/home/HwHiAiUser/wheeltec_ros2/src/qt_robot_control/src/RVizWidget.cpp:1[m[K:
[01m[K/usr/include/aarch64-linux-gnu/qt5/QtCore/qprocess.h:168:10:[m[K [01;36m[Knote: [m[Kdeclared here
  168 |     void [01;36m[Kstart[m[K(const QString &command, OpenMode mode = ReadWrite);
      |          [01;36m[K^~~~~[m[K
[ 66%] [32mBuilding CXX object CMakeFiles/qt_robot_control.dir/src/SystemMonitorWidget.cpp.o[0m
[01m[K/home/HwHiAiUser/wheeltec_ros2/src/qt_robot_control/src/SystemMonitorWidget.cpp:[m[K In member function ‘[01m[Kvoid SystemMonitorWidget::setupUI()[m[K’:
[01m[K/home/HwHiAiUser/wheeltec_ros2/src/qt_robot_control/src/SystemMonitorWidget.cpp:94:3:[m[K [01;31m[Kerror: [m[K‘[01m[KQPushButton[m[K’ was not declared in this scope
   94 |   [01;31m[KQPushButton[m[K *clear_log_btn = new QPushButton("清除日志", this);
      |   [01;31m[K^~~~~~~~~~~[m[K
[01m[K/home/HwHiAiUser/wheeltec_ros2/src/qt_robot_control/src/SystemMonitorWidget.cpp:94:16:[m[K [01;31m[Kerror: [m[K‘[01m[Kclear_log_btn[m[K’ was not declared in this scope
   94 |   QPushButton *[01;31m[Kclear_log_btn[m[K = new QPushButton("清除日志", this);
      |                [01;31m[K^~~~~~~~~~~~~[m[K
[01m[K/home/HwHiAiUser/wheeltec_ros2/src/qt_robot_control/src/SystemMonitorWidget.cpp:94:36:[m[K [01;31m[Kerror: [m[Kexpected type-specifier before ‘[01m[KQPushButton[m[K’
   94 |   QPushButton *clear_log_btn = new [01;31m[KQPushButton[m[K("清除日志", this);
      |                                    [01;31m[K^~~~~~~~~~~[m[K
[01m[K/home/HwHiAiUser/wheeltec_ros2/src/qt_robot_control/src/SystemMonitorWidget.cpp:95:27:[m[K [01;31m[Kerror: [m[K‘[01m[KQPushButton[m[K’ is not a class, namespace, or enumeration
   95 |   connect(clear_log_btn, &[01;31m[KQPushButton[m[K::clicked, this, &SystemMonitorWidget::clearLog);
      |                           [01;31m[K^~~~~~~~~~~[m[K
gmake[2]: *** [CMakeFiles/qt_robot_control.dir/build.make:160: CMakeFiles/qt_robot_control.dir/src/SystemMonitorWidget.cpp.o] Error 1
gmake[1]: *** [CMakeFiles/Makefile2:138: CMakeFiles/qt_robot_control.dir/all] Error 2
gmake: *** [Makefile:146: all] Error 2
