[0.027s] Invoking command in '/home/HwHiAiUser/wheeltec_ros2/build/qt_robot_control': CMAKE_PREFIX_PATH=${CMAKE_PREFIX_PATH}:/home/HwHiAiUser/wheeltec_ros2/install/wheeltec_robot_keyboard:/home/HwHiAiUser/wheeltec_ros2/install/wheeltec_gpio_control:/home/HwHiAiUser/wheeltec_ros2/install/tf2_tools:/opt/ros/humble _=/usr/bin/env /usr/bin/cmake /home/HwHiAiUser/wheeltec_ros2/src/qt_robot_control -DCMAKE_INSTALL_PREFIX=/home/HwHiAiUser/wheeltec_ros2/install/qt_robot_control
[0.058s] -- Found ament_cmake: 1.3.12 (/opt/ros/humble/share/ament_cmake/cmake)
[0.469s] -- Found rclcpp: 16.0.15 (/opt/ros/humble/share/rclcpp/cmake)
[0.535s] -- Found rosidl_generator_c: 3.1.7 (/opt/ros/humble/share/rosidl_generator_c/cmake)
[0.541s] -- Found rosidl_adapter: 3.1.7 (/opt/ros/humble/share/rosidl_adapter/cmake)
[0.555s] -- Found rosidl_generator_cpp: 3.1.7 (/opt/ros/humble/share/rosidl_generator_cpp/cmake)
[0.581s] -- Using all available rosidl_typesupport_c: rosidl_typesupport_fastrtps_c;rosidl_typesupport_introspection_c
[0.614s] -- Using all available rosidl_typesupport_cpp: rosidl_typesupport_fastrtps_cpp;rosidl_typesupport_introspection_cpp
[0.697s] -- Found rmw_implementation_cmake: 6.1.2 (/opt/ros/humble/share/rmw_implementation_cmake/cmake)
[0.702s] -- Found rmw_fastrtps_cpp: 6.2.9 (/opt/ros/humble/share/rmw_fastrtps_cpp/cmake)
[0.935s] -- Using RMW implementation 'rmw_fastrtps_cpp' as default
[1.055s] -- Found sensor_msgs: 4.9.0 (/opt/ros/humble/share/sensor_msgs/cmake)
[1.127s] -- Found nav_msgs: 4.9.0 (/opt/ros/humble/share/nav_msgs/cmake)
[1.169s] -- Found cv_bridge: 3.2.1 (/opt/ros/humble/share/cv_bridge/cmake)
[1.190s] -- Found image_transport: 3.1.12 (/opt/ros/humble/share/image_transport/cmake)
[1.248s] -- Found tf2_ros: 0.25.16 (/opt/ros/humble/share/tf2_ros/cmake)
[1.437s] -- Found tf2_geometry_msgs: 0.25.16 (/opt/ros/humble/share/tf2_geometry_msgs/cmake)
[1.445s] -- Found eigen3_cmake_module: 0.1.1 (/opt/ros/humble/share/eigen3_cmake_module/cmake)
[1.448s] -- Ensuring Eigen3 include directory is part of orocos-kdl CMake target
[1.451s] -- Found rviz_common: 11.2.22 (/opt/ros/humble/share/rviz_common/cmake)
[1.474s] -- Setting assimp_DIR to: '/opt/ros/humble/share/rviz_assimp_vendor/cmake/../../../opt/rviz_assimp_vendor/lib/cmake/assimp-4.1'
[1.485s] -- Setting OGRE_DIR to: '/opt/ros/humble/share/rviz_ogre_vendor/cmake/../../../opt/rviz_ogre_vendor/lib/OGRE/cmake'
[1.488s] -- Found OGRE
[1.488s] --   static     : OFF
[1.488s] --   components : HLMS;MeshLodGenerator;Overlay;Paging;Property;RTShaderSystem;Terrain;Volume
[1.488s] --   plugins    : Plugin_BSPSceneManager;Plugin_OctreeSceneManager;Plugin_PCZSceneManager;Plugin_ParticleFX;RenderSystem_GL;RenderSystem_GL3Plus;Codec_STBI
[1.489s] --   media      : /opt/ros/humble/opt/rviz_ogre_vendor/share/OGRE/Media
[1.489s] -- OGRE_LIBRARIES: OgreHLMS;OgreMeshLodGenerator;OgreOverlay;OgrePaging;OgreProperty;OgreRTShaderSystem;OgreTerrain;OgreVolume;OgreMain
[1.489s] -- OGRE_LIBRARY_DIRS: /opt/ros/humble/opt/rviz_ogre_vendor/lib
[1.489s] -- OGRE_PLUGINS: Plugin_BSPSceneManager;Plugin_OctreeSceneManager;Plugin_PCZSceneManager;Plugin_ParticleFX;RenderSystem_GL;RenderSystem_GL3Plus;Codec_STBI
[1.489s] -- OGRE_PLUGIN_DIR: /opt/ros/humble/opt/rviz_ogre_vendor/lib/OGRE
[1.489s] -- rviz_ogre_vendor::OgreOverlay for IMPORTED_LOCATION_RELEASE: /opt/ros/humble/opt/rviz_ogre_vendor/lib/libOgreOverlay.so
[1.490s] -- rviz_ogre_vendor::OgreOverlay for IMPORTED_LOCATION_DEBUG: /opt/ros/humble/opt/rviz_ogre_vendor/lib/libOgreOverlay.so
[1.490s] -- rviz_ogre_vendor::OgreMain for IMPORTED_LOCATION_RELEASE: /opt/ros/humble/opt/rviz_ogre_vendor/lib/libOgreMain.so
[1.490s] -- rviz_ogre_vendor::OgreMain for IMPORTED_LOCATION_DEBUG: /opt/ros/humble/opt/rviz_ogre_vendor/lib/libOgreMain.so
[1.493s] -- Could not find freeimage library
[1.660s] -- library: /usr/lib/aarch64-linux-gnu/libcurl.so
[1.714s] -- Found ament_lint_auto: 0.12.14 (/opt/ros/humble/share/ament_lint_auto/cmake)
[1.929s] -- Added test 'copyright' to check source files copyright and LICENSE
[1.931s] -- Added test 'cppcheck' to perform static code analysis on C / C++ code
[1.932s] -- Configured cppcheck include dirs: /home/HwHiAiUser/wheeltec_ros2/src/qt_robot_control/include
[1.932s] -- Configured cppcheck exclude dirs and/or files: 
[1.934s] -- Added test 'cpplint' to check C / C++ code against the Google style
[1.934s] -- Configured cpplint exclude dirs and/or files: 
[1.935s] -- Added test 'flake8' to check Python code syntax and style conventions
[1.936s] -- Added test 'lint_cmake' to check CMake code style
[1.937s] -- Added test 'pep257' to check Python code against some of the docstring style conventions in PEP 257
[1.940s] -- Added test 'uncrustify' to check C / C++ code style
[1.940s] -- Configured uncrustify additional arguments: 
[1.941s] -- Added test 'xmllint' to check XML markup files
[1.943s] -- Configuring done
[2.022s] -- Generating done
[2.039s] -- Build files have been written to: /home/HwHiAiUser/wheeltec_ros2/build/qt_robot_control
[2.073s] Invoked command in '/home/HwHiAiUser/wheeltec_ros2/build/qt_robot_control' returned '0': CMAKE_PREFIX_PATH=${CMAKE_PREFIX_PATH}:/home/HwHiAiUser/wheeltec_ros2/install/wheeltec_robot_keyboard:/home/HwHiAiUser/wheeltec_ros2/install/wheeltec_gpio_control:/home/HwHiAiUser/wheeltec_ros2/install/tf2_tools:/opt/ros/humble _=/usr/bin/env /usr/bin/cmake /home/HwHiAiUser/wheeltec_ros2/src/qt_robot_control -DCMAKE_INSTALL_PREFIX=/home/HwHiAiUser/wheeltec_ros2/install/qt_robot_control
[2.078s] Invoking command in '/home/HwHiAiUser/wheeltec_ros2/build/qt_robot_control': CMAKE_PREFIX_PATH=${CMAKE_PREFIX_PATH}:/home/HwHiAiUser/wheeltec_ros2/install/wheeltec_robot_keyboard:/home/HwHiAiUser/wheeltec_ros2/install/wheeltec_gpio_control:/home/HwHiAiUser/wheeltec_ros2/install/tf2_tools:/opt/ros/humble _=/usr/bin/env /usr/bin/cmake --build /home/HwHiAiUser/wheeltec_ros2/build/qt_robot_control -- -j4 -l4
[2.176s] [ 11%] [34m[1mAutomatic MOC and UIC for target qt_robot_control[0m
[6.168s] [ 11%] Built target qt_robot_control_autogen
[6.215s] [ 22%] [32mBuilding CXX object CMakeFiles/qt_robot_control.dir/qt_robot_control_autogen/mocs_compilation.cpp.o[0m
[23.462s] [ 33%] [32mBuilding CXX object CMakeFiles/qt_robot_control.dir/src/ROSNode.cpp.o[0m
[64.687s] [ 44%] [32mBuilding CXX object CMakeFiles/qt_robot_control.dir/src/RosImageSubscriber.cpp.o[0m
[98.579s] [ 55%] [32mBuilding CXX object CMakeFiles/qt_robot_control.dir/src/RVizWidget.cpp.o[0m
[101.070s] [01m[K/home/HwHiAiUser/wheeltec_ros2/src/qt_robot_control/src/RVizWidget.cpp:[m[K In member function ‘[01m[Kvoid RVizWidget::startRViz()[m[K’:
[101.070s] [01m[K/home/HwHiAiUser/wheeltec_ros2/src/qt_robot_control/src/RVizWidget.cpp:39:23:[m[K [01;35m[Kwarning: [m[K‘[01m[Kvoid QProcess::start(const QString&, QIODevice::OpenMode)[m[K’ is deprecated: Use QProcess::start(const QString &program, const QStringList &arguments,OpenMode mode = ReadWrite) instead [[01;35m[K]8;;https://gcc.gnu.org/onlinedocs/gcc/Warning-Options.html#index-Wdeprecated-declarations-Wdeprecated-declarations]8;;[m[K]
[101.070s]    39 |   [01;35m[Krviz_process_->start("rviz2")[m[K;
[101.071s]       |   [01;35m[K~~~~~~~~~~~~~~~~~~~~^~~~~~~~~[m[K
[101.071s] In file included from [01m[K/usr/include/aarch64-linux-gnu/qt5/QtCore/QProcess:1[m[K,
[101.071s]                  from [01m[K/home/HwHiAiUser/wheeltec_ros2/src/qt_robot_control/include/qt_robot_control/RVizWidget.h:8[m[K,
[101.071s]                  from [01m[K/home/HwHiAiUser/wheeltec_ros2/src/qt_robot_control/src/RVizWidget.cpp:1[m[K:
[101.071s] [01m[K/usr/include/aarch64-linux-gnu/qt5/QtCore/qprocess.h:168:10:[m[K [01;36m[Knote: [m[Kdeclared here
[101.071s]   168 |     void [01;36m[Kstart[m[K(const QString &command, OpenMode mode = ReadWrite);
[101.072s]       |          [01;36m[K^~~~~[m[K
[101.491s] [ 66%] [32mBuilding CXX object CMakeFiles/qt_robot_control.dir/src/SystemMonitorWidget.cpp.o[0m
[104.628s] [01m[K/home/HwHiAiUser/wheeltec_ros2/src/qt_robot_control/src/SystemMonitorWidget.cpp:[m[K In member function ‘[01m[Kvoid SystemMonitorWidget::setupUI()[m[K’:
[104.628s] [01m[K/home/HwHiAiUser/wheeltec_ros2/src/qt_robot_control/src/SystemMonitorWidget.cpp:94:3:[m[K [01;31m[Kerror: [m[K‘[01m[KQPushButton[m[K’ was not declared in this scope
[104.628s]    94 |   [01;31m[KQPushButton[m[K *clear_log_btn = new QPushButton("清除日志", this);
[104.629s]       |   [01;31m[K^~~~~~~~~~~[m[K
[104.645s] [01m[K/home/HwHiAiUser/wheeltec_ros2/src/qt_robot_control/src/SystemMonitorWidget.cpp:94:16:[m[K [01;31m[Kerror: [m[K‘[01m[Kclear_log_btn[m[K’ was not declared in this scope
[104.645s]    94 |   QPushButton *[01;31m[Kclear_log_btn[m[K = new QPushButton("清除日志", this);
[104.645s]       |                [01;31m[K^~~~~~~~~~~~~[m[K
[104.646s] [01m[K/home/HwHiAiUser/wheeltec_ros2/src/qt_robot_control/src/SystemMonitorWidget.cpp:94:36:[m[K [01;31m[Kerror: [m[Kexpected type-specifier before ‘[01m[KQPushButton[m[K’
[104.646s]    94 |   QPushButton *clear_log_btn = new [01;31m[KQPushButton[m[K("清除日志", this);
[104.646s]       |                                    [01;31m[K^~~~~~~~~~~[m[K
[104.646s] [01m[K/home/HwHiAiUser/wheeltec_ros2/src/qt_robot_control/src/SystemMonitorWidget.cpp:95:27:[m[K [01;31m[Kerror: [m[K‘[01m[KQPushButton[m[K’ is not a class, namespace, or enumeration
[104.646s]    95 |   connect(clear_log_btn, &[01;31m[KQPushButton[m[K::clicked, this, &SystemMonitorWidget::clearLog);
[104.646s]       |                           [01;31m[K^~~~~~~~~~~[m[K
[105.111s] gmake[2]: *** [CMakeFiles/qt_robot_control.dir/build.make:160: CMakeFiles/qt_robot_control.dir/src/SystemMonitorWidget.cpp.o] Error 1
[105.111s] gmake[1]: *** [CMakeFiles/Makefile2:138: CMakeFiles/qt_robot_control.dir/all] Error 2
[105.112s] gmake: *** [Makefile:146: all] Error 2
[105.117s] Invoked command in '/home/HwHiAiUser/wheeltec_ros2/build/qt_robot_control' returned '2': CMAKE_PREFIX_PATH=${CMAKE_PREFIX_PATH}:/home/HwHiAiUser/wheeltec_ros2/install/wheeltec_robot_keyboard:/home/HwHiAiUser/wheeltec_ros2/install/wheeltec_gpio_control:/home/HwHiAiUser/wheeltec_ros2/install/tf2_tools:/opt/ros/humble _=/usr/bin/env /usr/bin/cmake --build /home/HwHiAiUser/wheeltec_ros2/build/qt_robot_control -- -j4 -l4
