[0.169s] Invoking command in '/home/HwHiAiUser/wheeltec_ros2/build/lslidar_msgs': CMAKE_PREFIX_PATH=${CMAKE_PREFIX_PATH}:/home/HwHiAiUser/wheeltec_ros2/install/wheeltec_robot_keyboard:/home/HwHiAiUser/wheeltec_ros2/install/wheeltec_gpio_control:/home/HwHiAiUser/wheeltec_ros2/install/tf2_tools:/opt/ros/humble _=/usr/bin/env /usr/bin/cmake --build /home/HwHiAiUser/wheeltec_ros2/build/lslidar_msgs -- -j4 -l4
[0.357s] [  1%] Built target lslidar_msgs__cpp
[0.686s] [  1%] Built target ament_cmake_python_copy_lslidar_msgs
[0.807s] [ 12%] Built target lslidar_msgs__rosidl_typesupport_fastrtps_cpp
[0.878s] [ 23%] Built target lslidar_msgs__rosidl_typesupport_introspection_cpp
[2.673s] running egg_info
[2.677s] writing lslidar_msgs.egg-info/PKG-INFO
[2.677s] writing dependency_links to lslidar_msgs.egg-info/dependency_links.txt
[2.677s] writing top-level names to lslidar_msgs.egg-info/top_level.txt
[2.689s] reading manifest file 'lslidar_msgs.egg-info/SOURCES.txt'
[2.692s] writing manifest file 'lslidar_msgs.egg-info/SOURCES.txt'
[3.129s] [ 23%] Built target ament_cmake_python_build_lslidar_msgs_egg
[3.268s] [ 34%] Built target lslidar_msgs__rosidl_typesupport_cpp
[3.471s] [ 46%] Built target lslidar_msgs__rosidl_generator_c
[3.620s] [ 57%] Built target lslidar_msgs__rosidl_typesupport_fastrtps_c
[3.768s] [ 68%] Built target lslidar_msgs__rosidl_typesupport_c
[3.887s] [ 79%] Built target lslidar_msgs__rosidl_typesupport_introspection_c
[4.009s] [ 79%] Built target lslidar_msgs
[4.145s] [ 80%] Built target lslidar_msgs__py
[4.319s] [ 90%] Built target lslidar_msgs__rosidl_generator_py
[4.402s] [ 93%] Built target lslidar_msgs__rosidl_typesupport_fastrtps_c__pyext
[4.498s] [ 96%] Built target lslidar_msgs__rosidl_typesupport_c__pyext
[4.620s] [100%] Built target lslidar_msgs__rosidl_typesupport_introspection_c__pyext
[4.720s] Invoked command in '/home/HwHiAiUser/wheeltec_ros2/build/lslidar_msgs' returned '0': CMAKE_PREFIX_PATH=${CMAKE_PREFIX_PATH}:/home/HwHiAiUser/wheeltec_ros2/install/wheeltec_robot_keyboard:/home/HwHiAiUser/wheeltec_ros2/install/wheeltec_gpio_control:/home/HwHiAiUser/wheeltec_ros2/install/tf2_tools:/opt/ros/humble _=/usr/bin/env /usr/bin/cmake --build /home/HwHiAiUser/wheeltec_ros2/build/lslidar_msgs -- -j4 -l4
[4.723s] Invoking command in '/home/HwHiAiUser/wheeltec_ros2/build/lslidar_msgs': CMAKE_PREFIX_PATH=${CMAKE_PREFIX_PATH}:/home/HwHiAiUser/wheeltec_ros2/install/wheeltec_robot_keyboard:/home/HwHiAiUser/wheeltec_ros2/install/wheeltec_gpio_control:/home/HwHiAiUser/wheeltec_ros2/install/tf2_tools:/opt/ros/humble _=/usr/bin/env /usr/bin/cmake --install /home/HwHiAiUser/wheeltec_ros2/build/lslidar_msgs
[4.780s] -- Install configuration: ""
[4.781s] -- Up-to-date: /home/HwHiAiUser/wheeltec_ros2/install/lslidar_msgs/share/ament_index/resource_index/rosidl_interfaces/lslidar_msgs
[4.782s] -- Up-to-date: /home/HwHiAiUser/wheeltec_ros2/install/lslidar_msgs/include/lslidar_msgs/lslidar_msgs
[4.783s] -- Up-to-date: /home/HwHiAiUser/wheeltec_ros2/install/lslidar_msgs/include/lslidar_msgs/lslidar_msgs/msg
[4.783s] -- Up-to-date: /home/HwHiAiUser/wheeltec_ros2/install/lslidar_msgs/include/lslidar_msgs/lslidar_msgs/msg/detail
[4.783s] -- Up-to-date: /home/HwHiAiUser/wheeltec_ros2/install/lslidar_msgs/include/lslidar_msgs/lslidar_msgs/msg/detail/lslidar_packet__functions.c
[4.784s] -- Up-to-date: /home/HwHiAiUser/wheeltec_ros2/install/lslidar_msgs/include/lslidar_msgs/lslidar_msgs/msg/detail/lslidar_sweep__functions.h
[4.785s] -- Up-to-date: /home/HwHiAiUser/wheeltec_ros2/install/lslidar_msgs/include/lslidar_msgs/lslidar_msgs/msg/detail/lslidar_packet__functions.h
[4.786s] -- Up-to-date: /home/HwHiAiUser/wheeltec_ros2/install/lslidar_msgs/include/lslidar_msgs/lslidar_msgs/msg/detail/lslidar_packet__type_support.h
[4.786s] -- Up-to-date: /home/HwHiAiUser/wheeltec_ros2/install/lslidar_msgs/include/lslidar_msgs/lslidar_msgs/msg/detail/lslidar_sweep__struct.h
[4.787s] -- Up-to-date: /home/HwHiAiUser/wheeltec_ros2/install/lslidar_msgs/include/lslidar_msgs/lslidar_msgs/msg/detail/lslidar_point__struct.h
[4.787s] -- Up-to-date: /home/HwHiAiUser/wheeltec_ros2/install/lslidar_msgs/include/lslidar_msgs/lslidar_msgs/msg/detail/lslidar_scan__struct.h
[4.788s] -- Up-to-date: /home/HwHiAiUser/wheeltec_ros2/install/lslidar_msgs/include/lslidar_msgs/lslidar_msgs/msg/detail/lslidar_difop__functions.c
[4.788s] -- Up-to-date: /home/HwHiAiUser/wheeltec_ros2/install/lslidar_msgs/include/lslidar_msgs/lslidar_msgs/msg/detail/lslidar_packet__struct.h
[4.789s] -- Up-to-date: /home/HwHiAiUser/wheeltec_ros2/install/lslidar_msgs/include/lslidar_msgs/lslidar_msgs/msg/detail/lslidar_difop__struct.h
[4.789s] -- Up-to-date: /home/HwHiAiUser/wheeltec_ros2/install/lslidar_msgs/include/lslidar_msgs/lslidar_msgs/msg/detail/lslidar_scan__functions.c
[4.789s] -- Up-to-date: /home/HwHiAiUser/wheeltec_ros2/install/lslidar_msgs/include/lslidar_msgs/lslidar_msgs/msg/detail/lslidar_sweep__functions.c
[4.790s] -- Up-to-date: /home/HwHiAiUser/wheeltec_ros2/install/lslidar_msgs/include/lslidar_msgs/lslidar_msgs/msg/detail/lslidar_scan__functions.h
[4.790s] -- Up-to-date: /home/HwHiAiUser/wheeltec_ros2/install/lslidar_msgs/include/lslidar_msgs/lslidar_msgs/msg/detail/lslidar_point__functions.h
[4.790s] -- Up-to-date: /home/HwHiAiUser/wheeltec_ros2/install/lslidar_msgs/include/lslidar_msgs/lslidar_msgs/msg/detail/lslidar_point__type_support.h
[4.791s] -- Up-to-date: /home/HwHiAiUser/wheeltec_ros2/install/lslidar_msgs/include/lslidar_msgs/lslidar_msgs/msg/detail/lslidar_scan__type_support.h
[4.791s] -- Up-to-date: /home/HwHiAiUser/wheeltec_ros2/install/lslidar_msgs/include/lslidar_msgs/lslidar_msgs/msg/detail/lslidar_point__functions.c
[4.791s] -- Up-to-date: /home/HwHiAiUser/wheeltec_ros2/install/lslidar_msgs/include/lslidar_msgs/lslidar_msgs/msg/detail/lslidar_difop__type_support.h
[4.791s] -- Up-to-date: /home/HwHiAiUser/wheeltec_ros2/install/lslidar_msgs/include/lslidar_msgs/lslidar_msgs/msg/detail/lslidar_difop__functions.h
[4.792s] -- Up-to-date: /home/HwHiAiUser/wheeltec_ros2/install/lslidar_msgs/include/lslidar_msgs/lslidar_msgs/msg/detail/lslidar_sweep__type_support.h
[4.792s] -- Up-to-date: /home/HwHiAiUser/wheeltec_ros2/install/lslidar_msgs/include/lslidar_msgs/lslidar_msgs/msg/lslidar_point.h
[4.792s] -- Up-to-date: /home/HwHiAiUser/wheeltec_ros2/install/lslidar_msgs/include/lslidar_msgs/lslidar_msgs/msg/rosidl_generator_c__visibility_control.h
[4.792s] -- Up-to-date: /home/HwHiAiUser/wheeltec_ros2/install/lslidar_msgs/include/lslidar_msgs/lslidar_msgs/msg/lslidar_packet.h
[4.793s] -- Up-to-date: /home/HwHiAiUser/wheeltec_ros2/install/lslidar_msgs/include/lslidar_msgs/lslidar_msgs/msg/lslidar_difop.h
[4.793s] -- Up-to-date: /home/HwHiAiUser/wheeltec_ros2/install/lslidar_msgs/include/lslidar_msgs/lslidar_msgs/msg/lslidar_scan.h
[4.793s] -- Up-to-date: /home/HwHiAiUser/wheeltec_ros2/install/lslidar_msgs/include/lslidar_msgs/lslidar_msgs/msg/lslidar_sweep.h
[4.793s] -- Up-to-date: /home/HwHiAiUser/wheeltec_ros2/install/lslidar_msgs/share/lslidar_msgs/environment/library_path.sh
[4.800s] -- Up-to-date: /home/HwHiAiUser/wheeltec_ros2/install/lslidar_msgs/share/lslidar_msgs/environment/library_path.dsv
[4.800s] -- Up-to-date: /home/HwHiAiUser/wheeltec_ros2/install/lslidar_msgs/lib/liblslidar_msgs__rosidl_generator_c.so
[4.800s] -- Up-to-date: /home/HwHiAiUser/wheeltec_ros2/install/lslidar_msgs/include/lslidar_msgs/lslidar_msgs
[4.804s] -- Up-to-date: /home/HwHiAiUser/wheeltec_ros2/install/lslidar_msgs/include/lslidar_msgs/lslidar_msgs/msg
[4.805s] -- Up-to-date: /home/HwHiAiUser/wheeltec_ros2/install/lslidar_msgs/include/lslidar_msgs/lslidar_msgs/msg/detail
[4.805s] -- Up-to-date: /home/HwHiAiUser/wheeltec_ros2/install/lslidar_msgs/include/lslidar_msgs/lslidar_msgs/msg/detail/lslidar_point__rosidl_typesupport_fastrtps_c.h
[4.805s] -- Up-to-date: /home/HwHiAiUser/wheeltec_ros2/install/lslidar_msgs/include/lslidar_msgs/lslidar_msgs/msg/detail/lslidar_difop__rosidl_typesupport_fastrtps_c.h
[4.810s] -- Up-to-date: /home/HwHiAiUser/wheeltec_ros2/install/lslidar_msgs/include/lslidar_msgs/lslidar_msgs/msg/detail/lslidar_scan__rosidl_typesupport_fastrtps_c.h
[4.812s] -- Up-to-date: /home/HwHiAiUser/wheeltec_ros2/install/lslidar_msgs/include/lslidar_msgs/lslidar_msgs/msg/detail/lslidar_sweep__rosidl_typesupport_fastrtps_c.h
[4.813s] -- Up-to-date: /home/HwHiAiUser/wheeltec_ros2/install/lslidar_msgs/include/lslidar_msgs/lslidar_msgs/msg/detail/lslidar_packet__rosidl_typesupport_fastrtps_c.h
[4.813s] -- Up-to-date: /home/HwHiAiUser/wheeltec_ros2/install/lslidar_msgs/include/lslidar_msgs/lslidar_msgs/msg/rosidl_typesupport_fastrtps_c__visibility_control.h
[4.813s] -- Up-to-date: /home/HwHiAiUser/wheeltec_ros2/install/lslidar_msgs/lib/liblslidar_msgs__rosidl_typesupport_fastrtps_c.so
[4.814s] -- Up-to-date: /home/HwHiAiUser/wheeltec_ros2/install/lslidar_msgs/include/lslidar_msgs/lslidar_msgs
[4.818s] -- Up-to-date: /home/HwHiAiUser/wheeltec_ros2/install/lslidar_msgs/include/lslidar_msgs/lslidar_msgs/msg
[4.820s] -- Up-to-date: /home/HwHiAiUser/wheeltec_ros2/install/lslidar_msgs/include/lslidar_msgs/lslidar_msgs/msg/lslidar_sweep.hpp
[4.826s] -- Up-to-date: /home/HwHiAiUser/wheeltec_ros2/install/lslidar_msgs/include/lslidar_msgs/lslidar_msgs/msg/detail
[4.827s] -- Up-to-date: /home/HwHiAiUser/wheeltec_ros2/install/lslidar_msgs/include/lslidar_msgs/lslidar_msgs/msg/detail/lslidar_point__traits.hpp
[4.828s] -- Up-to-date: /home/HwHiAiUser/wheeltec_ros2/install/lslidar_msgs/include/lslidar_msgs/lslidar_msgs/msg/detail/lslidar_packet__builder.hpp
[4.830s] -- Up-to-date: /home/HwHiAiUser/wheeltec_ros2/install/lslidar_msgs/include/lslidar_msgs/lslidar_msgs/msg/detail/lslidar_packet__traits.hpp
[4.833s] -- Up-to-date: /home/HwHiAiUser/wheeltec_ros2/install/lslidar_msgs/include/lslidar_msgs/lslidar_msgs/msg/detail/lslidar_point__type_support.hpp
[4.833s] -- Up-to-date: /home/HwHiAiUser/wheeltec_ros2/install/lslidar_msgs/include/lslidar_msgs/lslidar_msgs/msg/detail/lslidar_scan__struct.hpp
[4.834s] -- Up-to-date: /home/HwHiAiUser/wheeltec_ros2/install/lslidar_msgs/include/lslidar_msgs/lslidar_msgs/msg/detail/lslidar_packet__struct.hpp
[4.834s] -- Up-to-date: /home/HwHiAiUser/wheeltec_ros2/install/lslidar_msgs/include/lslidar_msgs/lslidar_msgs/msg/detail/lslidar_scan__builder.hpp
[4.834s] -- Up-to-date: /home/HwHiAiUser/wheeltec_ros2/install/lslidar_msgs/include/lslidar_msgs/lslidar_msgs/msg/detail/lslidar_sweep__traits.hpp
[4.835s] -- Up-to-date: /home/HwHiAiUser/wheeltec_ros2/install/lslidar_msgs/include/lslidar_msgs/lslidar_msgs/msg/detail/lslidar_packet__type_support.hpp
[4.835s] -- Up-to-date: /home/HwHiAiUser/wheeltec_ros2/install/lslidar_msgs/include/lslidar_msgs/lslidar_msgs/msg/detail/lslidar_scan__type_support.hpp
[4.835s] -- Up-to-date: /home/HwHiAiUser/wheeltec_ros2/install/lslidar_msgs/include/lslidar_msgs/lslidar_msgs/msg/detail/lslidar_difop__type_support.hpp
[4.835s] -- Up-to-date: /home/HwHiAiUser/wheeltec_ros2/install/lslidar_msgs/include/lslidar_msgs/lslidar_msgs/msg/detail/lslidar_sweep__struct.hpp
[4.840s] -- Up-to-date: /home/HwHiAiUser/wheeltec_ros2/install/lslidar_msgs/include/lslidar_msgs/lslidar_msgs/msg/detail/lslidar_sweep__builder.hpp
[4.841s] -- Up-to-date: /home/HwHiAiUser/wheeltec_ros2/install/lslidar_msgs/include/lslidar_msgs/lslidar_msgs/msg/detail/lslidar_difop__struct.hpp
[4.844s] -- Up-to-date: /home/HwHiAiUser/wheeltec_ros2/install/lslidar_msgs/include/lslidar_msgs/lslidar_msgs/msg/detail/lslidar_difop__traits.hpp
[4.845s] -- Up-to-date: /home/HwHiAiUser/wheeltec_ros2/install/lslidar_msgs/include/lslidar_msgs/lslidar_msgs/msg/detail/lslidar_sweep__type_support.hpp
[4.848s] -- Up-to-date: /home/HwHiAiUser/wheeltec_ros2/install/lslidar_msgs/include/lslidar_msgs/lslidar_msgs/msg/detail/lslidar_point__struct.hpp
[4.849s] -- Up-to-date: /home/HwHiAiUser/wheeltec_ros2/install/lslidar_msgs/include/lslidar_msgs/lslidar_msgs/msg/detail/lslidar_point__builder.hpp
[4.849s] -- Up-to-date: /home/HwHiAiUser/wheeltec_ros2/install/lslidar_msgs/include/lslidar_msgs/lslidar_msgs/msg/detail/lslidar_difop__builder.hpp
[4.851s] -- Up-to-date: /home/HwHiAiUser/wheeltec_ros2/install/lslidar_msgs/include/lslidar_msgs/lslidar_msgs/msg/detail/lslidar_scan__traits.hpp
[4.852s] -- Up-to-date: /home/HwHiAiUser/wheeltec_ros2/install/lslidar_msgs/include/lslidar_msgs/lslidar_msgs/msg/lslidar_packet.hpp
[4.852s] -- Up-to-date: /home/HwHiAiUser/wheeltec_ros2/install/lslidar_msgs/include/lslidar_msgs/lslidar_msgs/msg/rosidl_generator_cpp__visibility_control.hpp
[4.857s] -- Up-to-date: /home/HwHiAiUser/wheeltec_ros2/install/lslidar_msgs/include/lslidar_msgs/lslidar_msgs/msg/lslidar_scan.hpp
[4.861s] -- Up-to-date: /home/HwHiAiUser/wheeltec_ros2/install/lslidar_msgs/include/lslidar_msgs/lslidar_msgs/msg/lslidar_difop.hpp
[4.863s] -- Up-to-date: /home/HwHiAiUser/wheeltec_ros2/install/lslidar_msgs/include/lslidar_msgs/lslidar_msgs/msg/lslidar_point.hpp
[4.864s] -- Up-to-date: /home/HwHiAiUser/wheeltec_ros2/install/lslidar_msgs/include/lslidar_msgs/lslidar_msgs
[4.864s] -- Up-to-date: /home/HwHiAiUser/wheeltec_ros2/install/lslidar_msgs/include/lslidar_msgs/lslidar_msgs/msg
[4.864s] -- Up-to-date: /home/HwHiAiUser/wheeltec_ros2/install/lslidar_msgs/include/lslidar_msgs/lslidar_msgs/msg/detail
[4.864s] -- Up-to-date: /home/HwHiAiUser/wheeltec_ros2/install/lslidar_msgs/include/lslidar_msgs/lslidar_msgs/msg/detail/lslidar_sweep__rosidl_typesupport_fastrtps_cpp.hpp
[4.865s] -- Up-to-date: /home/HwHiAiUser/wheeltec_ros2/install/lslidar_msgs/include/lslidar_msgs/lslidar_msgs/msg/detail/lslidar_difop__rosidl_typesupport_fastrtps_cpp.hpp
[4.865s] -- Up-to-date: /home/HwHiAiUser/wheeltec_ros2/install/lslidar_msgs/include/lslidar_msgs/lslidar_msgs/msg/detail/dds_fastrtps
[4.865s] -- Up-to-date: /home/HwHiAiUser/wheeltec_ros2/install/lslidar_msgs/include/lslidar_msgs/lslidar_msgs/msg/detail/lslidar_point__rosidl_typesupport_fastrtps_cpp.hpp
[4.865s] -- Up-to-date: /home/HwHiAiUser/wheeltec_ros2/install/lslidar_msgs/include/lslidar_msgs/lslidar_msgs/msg/detail/lslidar_packet__rosidl_typesupport_fastrtps_cpp.hpp
[4.866s] -- Up-to-date: /home/HwHiAiUser/wheeltec_ros2/install/lslidar_msgs/include/lslidar_msgs/lslidar_msgs/msg/detail/lslidar_scan__rosidl_typesupport_fastrtps_cpp.hpp
[4.866s] -- Up-to-date: /home/HwHiAiUser/wheeltec_ros2/install/lslidar_msgs/include/lslidar_msgs/lslidar_msgs/msg/rosidl_typesupport_fastrtps_cpp__visibility_control.h
[4.866s] -- Up-to-date: /home/HwHiAiUser/wheeltec_ros2/install/lslidar_msgs/lib/liblslidar_msgs__rosidl_typesupport_fastrtps_cpp.so
[4.867s] -- Up-to-date: /home/HwHiAiUser/wheeltec_ros2/install/lslidar_msgs/include/lslidar_msgs/lslidar_msgs
[4.867s] -- Up-to-date: /home/HwHiAiUser/wheeltec_ros2/install/lslidar_msgs/include/lslidar_msgs/lslidar_msgs/msg
[4.867s] -- Up-to-date: /home/HwHiAiUser/wheeltec_ros2/install/lslidar_msgs/include/lslidar_msgs/lslidar_msgs/msg/detail
[4.868s] -- Up-to-date: /home/HwHiAiUser/wheeltec_ros2/install/lslidar_msgs/include/lslidar_msgs/lslidar_msgs/msg/detail/lslidar_point__rosidl_typesupport_introspection_c.h
[4.869s] -- Up-to-date: /home/HwHiAiUser/wheeltec_ros2/install/lslidar_msgs/include/lslidar_msgs/lslidar_msgs/msg/detail/lslidar_scan__type_support.c
[4.869s] -- Up-to-date: /home/HwHiAiUser/wheeltec_ros2/install/lslidar_msgs/include/lslidar_msgs/lslidar_msgs/msg/detail/lslidar_sweep__rosidl_typesupport_introspection_c.h
[4.870s] -- Up-to-date: /home/HwHiAiUser/wheeltec_ros2/install/lslidar_msgs/include/lslidar_msgs/lslidar_msgs/msg/detail/lslidar_sweep__type_support.c
[4.870s] -- Up-to-date: /home/HwHiAiUser/wheeltec_ros2/install/lslidar_msgs/include/lslidar_msgs/lslidar_msgs/msg/detail/lslidar_packet__type_support.c
[4.870s] -- Up-to-date: /home/HwHiAiUser/wheeltec_ros2/install/lslidar_msgs/include/lslidar_msgs/lslidar_msgs/msg/detail/lslidar_difop__rosidl_typesupport_introspection_c.h
[4.870s] -- Up-to-date: /home/HwHiAiUser/wheeltec_ros2/install/lslidar_msgs/include/lslidar_msgs/lslidar_msgs/msg/detail/lslidar_difop__type_support.c
[4.871s] -- Up-to-date: /home/HwHiAiUser/wheeltec_ros2/install/lslidar_msgs/include/lslidar_msgs/lslidar_msgs/msg/detail/lslidar_scan__rosidl_typesupport_introspection_c.h
[4.871s] -- Up-to-date: /home/HwHiAiUser/wheeltec_ros2/install/lslidar_msgs/include/lslidar_msgs/lslidar_msgs/msg/detail/lslidar_point__type_support.c
[4.871s] -- Up-to-date: /home/HwHiAiUser/wheeltec_ros2/install/lslidar_msgs/include/lslidar_msgs/lslidar_msgs/msg/detail/lslidar_packet__rosidl_typesupport_introspection_c.h
[4.874s] -- Up-to-date: /home/HwHiAiUser/wheeltec_ros2/install/lslidar_msgs/include/lslidar_msgs/lslidar_msgs/msg/rosidl_typesupport_introspection_c__visibility_control.h
[4.874s] -- Up-to-date: /home/HwHiAiUser/wheeltec_ros2/install/lslidar_msgs/lib/liblslidar_msgs__rosidl_typesupport_introspection_c.so
[4.874s] -- Up-to-date: /home/HwHiAiUser/wheeltec_ros2/install/lslidar_msgs/lib/liblslidar_msgs__rosidl_typesupport_c.so
[4.875s] -- Up-to-date: /home/HwHiAiUser/wheeltec_ros2/install/lslidar_msgs/include/lslidar_msgs/lslidar_msgs
[4.875s] -- Up-to-date: /home/HwHiAiUser/wheeltec_ros2/install/lslidar_msgs/include/lslidar_msgs/lslidar_msgs/msg
[4.875s] -- Up-to-date: /home/HwHiAiUser/wheeltec_ros2/install/lslidar_msgs/include/lslidar_msgs/lslidar_msgs/msg/detail
[4.879s] -- Up-to-date: /home/HwHiAiUser/wheeltec_ros2/install/lslidar_msgs/include/lslidar_msgs/lslidar_msgs/msg/detail/lslidar_sweep__type_support.cpp
[4.880s] -- Up-to-date: /home/HwHiAiUser/wheeltec_ros2/install/lslidar_msgs/include/lslidar_msgs/lslidar_msgs/msg/detail/lslidar_packet__rosidl_typesupport_introspection_cpp.hpp
[4.880s] -- Up-to-date: /home/HwHiAiUser/wheeltec_ros2/install/lslidar_msgs/include/lslidar_msgs/lslidar_msgs/msg/detail/lslidar_difop__rosidl_typesupport_introspection_cpp.hpp
[4.881s] -- Up-to-date: /home/HwHiAiUser/wheeltec_ros2/install/lslidar_msgs/include/lslidar_msgs/lslidar_msgs/msg/detail/lslidar_sweep__rosidl_typesupport_introspection_cpp.hpp
[4.881s] -- Up-to-date: /home/HwHiAiUser/wheeltec_ros2/install/lslidar_msgs/include/lslidar_msgs/lslidar_msgs/msg/detail/lslidar_point__rosidl_typesupport_introspection_cpp.hpp
[4.882s] -- Up-to-date: /home/HwHiAiUser/wheeltec_ros2/install/lslidar_msgs/include/lslidar_msgs/lslidar_msgs/msg/detail/lslidar_scan__type_support.cpp
[4.882s] -- Up-to-date: /home/HwHiAiUser/wheeltec_ros2/install/lslidar_msgs/include/lslidar_msgs/lslidar_msgs/msg/detail/lslidar_difop__type_support.cpp
[4.882s] -- Up-to-date: /home/HwHiAiUser/wheeltec_ros2/install/lslidar_msgs/include/lslidar_msgs/lslidar_msgs/msg/detail/lslidar_scan__rosidl_typesupport_introspection_cpp.hpp
[4.883s] -- Up-to-date: /home/HwHiAiUser/wheeltec_ros2/install/lslidar_msgs/include/lslidar_msgs/lslidar_msgs/msg/detail/lslidar_point__type_support.cpp
[4.883s] -- Up-to-date: /home/HwHiAiUser/wheeltec_ros2/install/lslidar_msgs/include/lslidar_msgs/lslidar_msgs/msg/detail/lslidar_packet__type_support.cpp
[4.884s] -- Up-to-date: /home/HwHiAiUser/wheeltec_ros2/install/lslidar_msgs/lib/liblslidar_msgs__rosidl_typesupport_introspection_cpp.so
[4.884s] -- Up-to-date: /home/HwHiAiUser/wheeltec_ros2/install/lslidar_msgs/lib/liblslidar_msgs__rosidl_typesupport_cpp.so
[4.885s] -- Up-to-date: /home/HwHiAiUser/wheeltec_ros2/install/lslidar_msgs/share/lslidar_msgs/environment/pythonpath.sh
[4.885s] -- Up-to-date: /home/HwHiAiUser/wheeltec_ros2/install/lslidar_msgs/share/lslidar_msgs/environment/pythonpath.dsv
[4.886s] -- Up-to-date: /home/HwHiAiUser/wheeltec_ros2/install/lslidar_msgs/local/lib/python3.10/dist-packages/lslidar_msgs-1.2.0-py3.10.egg-info
[4.886s] -- Installing: /home/HwHiAiUser/wheeltec_ros2/install/lslidar_msgs/local/lib/python3.10/dist-packages/lslidar_msgs-1.2.0-py3.10.egg-info/dependency_links.txt
[4.886s] -- Installing: /home/HwHiAiUser/wheeltec_ros2/install/lslidar_msgs/local/lib/python3.10/dist-packages/lslidar_msgs-1.2.0-py3.10.egg-info/SOURCES.txt
[4.887s] -- Installing: /home/HwHiAiUser/wheeltec_ros2/install/lslidar_msgs/local/lib/python3.10/dist-packages/lslidar_msgs-1.2.0-py3.10.egg-info/PKG-INFO
[4.888s] -- Installing: /home/HwHiAiUser/wheeltec_ros2/install/lslidar_msgs/local/lib/python3.10/dist-packages/lslidar_msgs-1.2.0-py3.10.egg-info/top_level.txt
[4.888s] -- Up-to-date: /home/HwHiAiUser/wheeltec_ros2/install/lslidar_msgs/local/lib/python3.10/dist-packages/lslidar_msgs
[4.890s] -- Up-to-date: /home/HwHiAiUser/wheeltec_ros2/install/lslidar_msgs/local/lib/python3.10/dist-packages/lslidar_msgs/__init__.py
[4.890s] -- Up-to-date: /home/HwHiAiUser/wheeltec_ros2/install/lslidar_msgs/local/lib/python3.10/dist-packages/lslidar_msgs/_lslidar_msgs_s.ep.rosidl_typesupport_c.c
[4.891s] -- Up-to-date: /home/HwHiAiUser/wheeltec_ros2/install/lslidar_msgs/local/lib/python3.10/dist-packages/lslidar_msgs/msg
[4.892s] -- Up-to-date: /home/HwHiAiUser/wheeltec_ros2/install/lslidar_msgs/local/lib/python3.10/dist-packages/lslidar_msgs/msg/_lslidar_difop.py
[4.892s] -- Up-to-date: /home/HwHiAiUser/wheeltec_ros2/install/lslidar_msgs/local/lib/python3.10/dist-packages/lslidar_msgs/msg/_lslidar_scan_s.c
[4.892s] -- Up-to-date: /home/HwHiAiUser/wheeltec_ros2/install/lslidar_msgs/local/lib/python3.10/dist-packages/lslidar_msgs/msg/__init__.py
[4.893s] -- Up-to-date: /home/HwHiAiUser/wheeltec_ros2/install/lslidar_msgs/local/lib/python3.10/dist-packages/lslidar_msgs/msg/_lslidar_scan.py
[4.893s] -- Up-to-date: /home/HwHiAiUser/wheeltec_ros2/install/lslidar_msgs/local/lib/python3.10/dist-packages/lslidar_msgs/msg/_lslidar_packet_s.c
[4.894s] -- Up-to-date: /home/HwHiAiUser/wheeltec_ros2/install/lslidar_msgs/local/lib/python3.10/dist-packages/lslidar_msgs/msg/_lslidar_difop_s.c
[4.894s] -- Up-to-date: /home/HwHiAiUser/wheeltec_ros2/install/lslidar_msgs/local/lib/python3.10/dist-packages/lslidar_msgs/msg/_lslidar_sweep.py
[4.895s] -- Up-to-date: /home/HwHiAiUser/wheeltec_ros2/install/lslidar_msgs/local/lib/python3.10/dist-packages/lslidar_msgs/msg/_lslidar_point.py
[4.895s] -- Up-to-date: /home/HwHiAiUser/wheeltec_ros2/install/lslidar_msgs/local/lib/python3.10/dist-packages/lslidar_msgs/msg/_lslidar_point_s.c
[4.896s] -- Up-to-date: /home/HwHiAiUser/wheeltec_ros2/install/lslidar_msgs/local/lib/python3.10/dist-packages/lslidar_msgs/msg/_lslidar_sweep_s.c
[4.896s] -- Up-to-date: /home/HwHiAiUser/wheeltec_ros2/install/lslidar_msgs/local/lib/python3.10/dist-packages/lslidar_msgs/msg/_lslidar_packet.py
[4.896s] -- Up-to-date: /home/HwHiAiUser/wheeltec_ros2/install/lslidar_msgs/local/lib/python3.10/dist-packages/lslidar_msgs/lslidar_msgs_s__rosidl_typesupport_fastrtps_c.cpython-310-aarch64-linux-gnu.so
[4.896s] -- Up-to-date: /home/HwHiAiUser/wheeltec_ros2/install/lslidar_msgs/local/lib/python3.10/dist-packages/lslidar_msgs/_lslidar_msgs_s.ep.rosidl_typesupport_introspection_c.c
[4.897s] -- Up-to-date: /home/HwHiAiUser/wheeltec_ros2/install/lslidar_msgs/local/lib/python3.10/dist-packages/lslidar_msgs/lslidar_msgs_s__rosidl_typesupport_c.cpython-310-aarch64-linux-gnu.so
[4.897s] -- Up-to-date: /home/HwHiAiUser/wheeltec_ros2/install/lslidar_msgs/local/lib/python3.10/dist-packages/lslidar_msgs/liblslidar_msgs__rosidl_generator_py.so
[4.897s] -- Up-to-date: /home/HwHiAiUser/wheeltec_ros2/install/lslidar_msgs/local/lib/python3.10/dist-packages/lslidar_msgs/lslidar_msgs_s__rosidl_typesupport_introspection_c.cpython-310-aarch64-linux-gnu.so
[4.900s] -- Up-to-date: /home/HwHiAiUser/wheeltec_ros2/install/lslidar_msgs/local/lib/python3.10/dist-packages/lslidar_msgs/_lslidar_msgs_s.ep.rosidl_typesupport_fastrtps_c.c
[5.340s] Listing '/home/HwHiAiUser/wheeltec_ros2/install/lslidar_msgs/local/lib/python3.10/dist-packages/lslidar_msgs'...
[5.340s] Listing '/home/HwHiAiUser/wheeltec_ros2/install/lslidar_msgs/local/lib/python3.10/dist-packages/lslidar_msgs/msg'...
[5.461s] -- Up-to-date: /home/HwHiAiUser/wheeltec_ros2/install/lslidar_msgs/local/lib/python3.10/dist-packages/lslidar_msgs/lslidar_msgs_s__rosidl_typesupport_fastrtps_c.cpython-310-aarch64-linux-gnu.so
[5.461s] -- Up-to-date: /home/HwHiAiUser/wheeltec_ros2/install/lslidar_msgs/local/lib/python3.10/dist-packages/lslidar_msgs/lslidar_msgs_s__rosidl_typesupport_introspection_c.cpython-310-aarch64-linux-gnu.so
[5.462s] -- Up-to-date: /home/HwHiAiUser/wheeltec_ros2/install/lslidar_msgs/local/lib/python3.10/dist-packages/lslidar_msgs/lslidar_msgs_s__rosidl_typesupport_c.cpython-310-aarch64-linux-gnu.so
[5.466s] -- Up-to-date: /home/HwHiAiUser/wheeltec_ros2/install/lslidar_msgs/lib/liblslidar_msgs__rosidl_generator_py.so
[5.467s] -- Up-to-date: /home/HwHiAiUser/wheeltec_ros2/install/lslidar_msgs/share/lslidar_msgs/msg/LslidarDifop.idl
[5.467s] -- Up-to-date: /home/HwHiAiUser/wheeltec_ros2/install/lslidar_msgs/share/lslidar_msgs/msg/LslidarPacket.idl
[5.468s] -- Up-to-date: /home/HwHiAiUser/wheeltec_ros2/install/lslidar_msgs/share/lslidar_msgs/msg/LslidarPoint.idl
[5.468s] -- Up-to-date: /home/HwHiAiUser/wheeltec_ros2/install/lslidar_msgs/share/lslidar_msgs/msg/LslidarScan.idl
[5.468s] -- Up-to-date: /home/HwHiAiUser/wheeltec_ros2/install/lslidar_msgs/share/lslidar_msgs/msg/LslidarSweep.idl
[5.471s] -- Up-to-date: /home/HwHiAiUser/wheeltec_ros2/install/lslidar_msgs/share/lslidar_msgs/msg/LslidarDifop.msg
[5.472s] -- Up-to-date: /home/HwHiAiUser/wheeltec_ros2/install/lslidar_msgs/share/lslidar_msgs/msg/LslidarPacket.msg
[5.472s] -- Up-to-date: /home/HwHiAiUser/wheeltec_ros2/install/lslidar_msgs/share/lslidar_msgs/msg/LslidarPoint.msg
[5.473s] -- Up-to-date: /home/HwHiAiUser/wheeltec_ros2/install/lslidar_msgs/share/lslidar_msgs/msg/LslidarScan.msg
[5.473s] -- Up-to-date: /home/HwHiAiUser/wheeltec_ros2/install/lslidar_msgs/share/lslidar_msgs/msg/LslidarSweep.msg
[5.474s] -- Up-to-date: /home/HwHiAiUser/wheeltec_ros2/install/lslidar_msgs/share/ament_index/resource_index/package_run_dependencies/lslidar_msgs
[5.474s] -- Up-to-date: /home/HwHiAiUser/wheeltec_ros2/install/lslidar_msgs/share/ament_index/resource_index/parent_prefix_path/lslidar_msgs
[5.475s] -- Up-to-date: /home/HwHiAiUser/wheeltec_ros2/install/lslidar_msgs/share/lslidar_msgs/environment/ament_prefix_path.sh
[5.475s] -- Up-to-date: /home/HwHiAiUser/wheeltec_ros2/install/lslidar_msgs/share/lslidar_msgs/environment/ament_prefix_path.dsv
[5.475s] -- Up-to-date: /home/HwHiAiUser/wheeltec_ros2/install/lslidar_msgs/share/lslidar_msgs/environment/path.sh
[5.486s] -- Up-to-date: /home/HwHiAiUser/wheeltec_ros2/install/lslidar_msgs/share/lslidar_msgs/environment/path.dsv
[5.486s] -- Up-to-date: /home/HwHiAiUser/wheeltec_ros2/install/lslidar_msgs/share/lslidar_msgs/local_setup.bash
[5.486s] -- Up-to-date: /home/HwHiAiUser/wheeltec_ros2/install/lslidar_msgs/share/lslidar_msgs/local_setup.sh
[5.486s] -- Up-to-date: /home/HwHiAiUser/wheeltec_ros2/install/lslidar_msgs/share/lslidar_msgs/local_setup.zsh
[5.487s] -- Up-to-date: /home/HwHiAiUser/wheeltec_ros2/install/lslidar_msgs/share/lslidar_msgs/local_setup.dsv
[5.487s] -- Installing: /home/HwHiAiUser/wheeltec_ros2/install/lslidar_msgs/share/lslidar_msgs/package.dsv
[5.487s] -- Up-to-date: /home/HwHiAiUser/wheeltec_ros2/install/lslidar_msgs/share/ament_index/resource_index/packages/lslidar_msgs
[5.487s] -- Up-to-date: /home/HwHiAiUser/wheeltec_ros2/install/lslidar_msgs/share/lslidar_msgs/cmake/export_lslidar_msgs__rosidl_generator_cExport.cmake
[5.487s] -- Up-to-date: /home/HwHiAiUser/wheeltec_ros2/install/lslidar_msgs/share/lslidar_msgs/cmake/export_lslidar_msgs__rosidl_generator_cExport-noconfig.cmake
[5.488s] -- Up-to-date: /home/HwHiAiUser/wheeltec_ros2/install/lslidar_msgs/share/lslidar_msgs/cmake/export_lslidar_msgs__rosidl_typesupport_fastrtps_cExport.cmake
[5.488s] -- Up-to-date: /home/HwHiAiUser/wheeltec_ros2/install/lslidar_msgs/share/lslidar_msgs/cmake/export_lslidar_msgs__rosidl_typesupport_fastrtps_cExport-noconfig.cmake
[5.488s] -- Up-to-date: /home/HwHiAiUser/wheeltec_ros2/install/lslidar_msgs/share/lslidar_msgs/cmake/export_lslidar_msgs__rosidl_generator_cppExport.cmake
[5.488s] -- Up-to-date: /home/HwHiAiUser/wheeltec_ros2/install/lslidar_msgs/share/lslidar_msgs/cmake/export_lslidar_msgs__rosidl_typesupport_fastrtps_cppExport.cmake
[5.488s] -- Up-to-date: /home/HwHiAiUser/wheeltec_ros2/install/lslidar_msgs/share/lslidar_msgs/cmake/export_lslidar_msgs__rosidl_typesupport_fastrtps_cppExport-noconfig.cmake
[5.489s] -- Up-to-date: /home/HwHiAiUser/wheeltec_ros2/install/lslidar_msgs/share/lslidar_msgs/cmake/lslidar_msgs__rosidl_typesupport_introspection_cExport.cmake
[5.489s] -- Up-to-date: /home/HwHiAiUser/wheeltec_ros2/install/lslidar_msgs/share/lslidar_msgs/cmake/lslidar_msgs__rosidl_typesupport_introspection_cExport-noconfig.cmake
[5.489s] -- Up-to-date: /home/HwHiAiUser/wheeltec_ros2/install/lslidar_msgs/share/lslidar_msgs/cmake/lslidar_msgs__rosidl_typesupport_cExport.cmake
[5.489s] -- Up-to-date: /home/HwHiAiUser/wheeltec_ros2/install/lslidar_msgs/share/lslidar_msgs/cmake/lslidar_msgs__rosidl_typesupport_cExport-noconfig.cmake
[5.489s] -- Up-to-date: /home/HwHiAiUser/wheeltec_ros2/install/lslidar_msgs/share/lslidar_msgs/cmake/lslidar_msgs__rosidl_typesupport_introspection_cppExport.cmake
[5.490s] -- Up-to-date: /home/HwHiAiUser/wheeltec_ros2/install/lslidar_msgs/share/lslidar_msgs/cmake/lslidar_msgs__rosidl_typesupport_introspection_cppExport-noconfig.cmake
[5.490s] -- Up-to-date: /home/HwHiAiUser/wheeltec_ros2/install/lslidar_msgs/share/lslidar_msgs/cmake/lslidar_msgs__rosidl_typesupport_cppExport.cmake
[5.490s] -- Up-to-date: /home/HwHiAiUser/wheeltec_ros2/install/lslidar_msgs/share/lslidar_msgs/cmake/lslidar_msgs__rosidl_typesupport_cppExport-noconfig.cmake
[5.490s] -- Up-to-date: /home/HwHiAiUser/wheeltec_ros2/install/lslidar_msgs/share/lslidar_msgs/cmake/export_lslidar_msgs__rosidl_generator_pyExport.cmake
[5.490s] -- Up-to-date: /home/HwHiAiUser/wheeltec_ros2/install/lslidar_msgs/share/lslidar_msgs/cmake/export_lslidar_msgs__rosidl_generator_pyExport-noconfig.cmake
[5.491s] -- Up-to-date: /home/HwHiAiUser/wheeltec_ros2/install/lslidar_msgs/share/lslidar_msgs/cmake/rosidl_cmake-extras.cmake
[5.491s] -- Up-to-date: /home/HwHiAiUser/wheeltec_ros2/install/lslidar_msgs/share/lslidar_msgs/cmake/ament_cmake_export_dependencies-extras.cmake
[5.491s] -- Up-to-date: /home/HwHiAiUser/wheeltec_ros2/install/lslidar_msgs/share/lslidar_msgs/cmake/ament_cmake_export_include_directories-extras.cmake
[5.491s] -- Up-to-date: /home/HwHiAiUser/wheeltec_ros2/install/lslidar_msgs/share/lslidar_msgs/cmake/ament_cmake_export_libraries-extras.cmake
[5.492s] -- Up-to-date: /home/HwHiAiUser/wheeltec_ros2/install/lslidar_msgs/share/lslidar_msgs/cmake/ament_cmake_export_targets-extras.cmake
[5.492s] -- Up-to-date: /home/HwHiAiUser/wheeltec_ros2/install/lslidar_msgs/share/lslidar_msgs/cmake/rosidl_cmake_export_typesupport_targets-extras.cmake
[5.492s] -- Up-to-date: /home/HwHiAiUser/wheeltec_ros2/install/lslidar_msgs/share/lslidar_msgs/cmake/rosidl_cmake_export_typesupport_libraries-extras.cmake
[5.492s] -- Up-to-date: /home/HwHiAiUser/wheeltec_ros2/install/lslidar_msgs/share/lslidar_msgs/cmake/lslidar_msgsConfig.cmake
[5.492s] -- Up-to-date: /home/HwHiAiUser/wheeltec_ros2/install/lslidar_msgs/share/lslidar_msgs/cmake/lslidar_msgsConfig-version.cmake
[5.493s] -- Up-to-date: /home/HwHiAiUser/wheeltec_ros2/install/lslidar_msgs/share/lslidar_msgs/package.xml
[5.498s] Invoked command in '/home/HwHiAiUser/wheeltec_ros2/build/lslidar_msgs' returned '0': CMAKE_PREFIX_PATH=${CMAKE_PREFIX_PATH}:/home/HwHiAiUser/wheeltec_ros2/install/wheeltec_robot_keyboard:/home/HwHiAiUser/wheeltec_ros2/install/wheeltec_gpio_control:/home/HwHiAiUser/wheeltec_ros2/install/tf2_tools:/opt/ros/humble _=/usr/bin/env /usr/bin/cmake --install /home/HwHiAiUser/wheeltec_ros2/build/lslidar_msgs
