[0.112s] Invoking command in '/home/HwHiAiUser/wheeltec_ros2/build/ackermann_msgs': CMAKE_PREFIX_PATH=${CMAKE_PREFIX_PATH}:/home/HwHiAiUser/wheeltec_ros2/install/wheeltec_robot_keyboard:/home/HwHiAiUser/wheeltec_ros2/install/wheeltec_gpio_control:/home/HwHiAiUser/wheeltec_ros2/install/tf2_tools:/opt/ros/humble _=/usr/bin/env /usr/bin/cmake --build /home/HwHiAiUser/wheeltec_ros2/build/ackermann_msgs -- -j4 -l4
[0.386s] [  2%] Built target ackermann_msgs__cpp
[0.583s] [  2%] Built target ament_cmake_python_copy_ackermann_msgs
[0.704s] [ 12%] Built target ackermann_msgs__rosidl_typesupport_fastrtps_cpp
[0.849s] [ 23%] Built target ackermann_msgs__rosidl_typesupport_introspection_cpp
[2.684s] running egg_info
[2.689s] writing ackermann_msgs.egg-info/PKG-INFO
[2.690s] writing dependency_links to ackermann_msgs.egg-info/dependency_links.txt
[2.691s] writing top-level names to ackermann_msgs.egg-info/top_level.txt
[2.705s] reading manifest file 'ackermann_msgs.egg-info/SOURCES.txt'
[2.707s] writing manifest file 'ackermann_msgs.egg-info/SOURCES.txt'
[2.952s] [ 23%] Built target ament_cmake_python_build_ackermann_msgs_egg
[3.073s] [ 33%] Built target ackermann_msgs__rosidl_typesupport_cpp
[3.146s] [ 43%] Built target ackermann_msgs__rosidl_generator_c
[3.238s] [ 53%] Built target ackermann_msgs__rosidl_typesupport_fastrtps_c
[3.331s] [ 64%] Built target ackermann_msgs__rosidl_typesupport_c
[3.418s] [ 74%] Built target ackermann_msgs__rosidl_typesupport_introspection_c
[3.535s] [ 74%] Built target ackermann_msgs
[3.653s] [ 76%] Built target ackermann_msgs__py
[3.786s] [ 84%] Built target ackermann_msgs__rosidl_generator_py
[3.988s] [ 89%] Built target ackermann_msgs__rosidl_typesupport_fastrtps_c__pyext
[4.111s] [ 94%] Built target ackermann_msgs__rosidl_typesupport_c__pyext
[4.205s] [100%] Built target ackermann_msgs__rosidl_typesupport_introspection_c__pyext
[4.269s] Invoked command in '/home/HwHiAiUser/wheeltec_ros2/build/ackermann_msgs' returned '0': CMAKE_PREFIX_PATH=${CMAKE_PREFIX_PATH}:/home/HwHiAiUser/wheeltec_ros2/install/wheeltec_robot_keyboard:/home/HwHiAiUser/wheeltec_ros2/install/wheeltec_gpio_control:/home/HwHiAiUser/wheeltec_ros2/install/tf2_tools:/opt/ros/humble _=/usr/bin/env /usr/bin/cmake --build /home/HwHiAiUser/wheeltec_ros2/build/ackermann_msgs -- -j4 -l4
[4.273s] Invoking command in '/home/HwHiAiUser/wheeltec_ros2/build/ackermann_msgs': CMAKE_PREFIX_PATH=${CMAKE_PREFIX_PATH}:/home/HwHiAiUser/wheeltec_ros2/install/wheeltec_robot_keyboard:/home/HwHiAiUser/wheeltec_ros2/install/wheeltec_gpio_control:/home/HwHiAiUser/wheeltec_ros2/install/tf2_tools:/opt/ros/humble _=/usr/bin/env /usr/bin/cmake --install /home/HwHiAiUser/wheeltec_ros2/build/ackermann_msgs
[4.308s] -- Install configuration: ""
[4.310s] -- Up-to-date: /home/HwHiAiUser/wheeltec_ros2/install/ackermann_msgs/share/ament_index/resource_index/rosidl_interfaces/ackermann_msgs
[4.312s] -- Up-to-date: /home/HwHiAiUser/wheeltec_ros2/install/ackermann_msgs/include/ackermann_msgs/ackermann_msgs
[4.313s] -- Up-to-date: /home/HwHiAiUser/wheeltec_ros2/install/ackermann_msgs/include/ackermann_msgs/ackermann_msgs/msg
[4.314s] -- Up-to-date: /home/HwHiAiUser/wheeltec_ros2/install/ackermann_msgs/include/ackermann_msgs/ackermann_msgs/msg/detail
[4.315s] -- Up-to-date: /home/HwHiAiUser/wheeltec_ros2/install/ackermann_msgs/include/ackermann_msgs/ackermann_msgs/msg/detail/ackermann_drive__struct.h
[4.316s] -- Up-to-date: /home/HwHiAiUser/wheeltec_ros2/install/ackermann_msgs/include/ackermann_msgs/ackermann_msgs/msg/detail/ackermann_drive_stamped__functions.c
[4.316s] -- Up-to-date: /home/HwHiAiUser/wheeltec_ros2/install/ackermann_msgs/include/ackermann_msgs/ackermann_msgs/msg/detail/ackermann_drive_stamped__functions.h
[4.317s] -- Up-to-date: /home/HwHiAiUser/wheeltec_ros2/install/ackermann_msgs/include/ackermann_msgs/ackermann_msgs/msg/detail/ackermann_drive__functions.h
[4.321s] -- Up-to-date: /home/HwHiAiUser/wheeltec_ros2/install/ackermann_msgs/include/ackermann_msgs/ackermann_msgs/msg/detail/ackermann_drive_stamped__type_support.h
[4.322s] -- Up-to-date: /home/HwHiAiUser/wheeltec_ros2/install/ackermann_msgs/include/ackermann_msgs/ackermann_msgs/msg/detail/ackermann_drive__type_support.h
[4.324s] -- Up-to-date: /home/HwHiAiUser/wheeltec_ros2/install/ackermann_msgs/include/ackermann_msgs/ackermann_msgs/msg/detail/ackermann_drive__functions.c
[4.325s] -- Up-to-date: /home/HwHiAiUser/wheeltec_ros2/install/ackermann_msgs/include/ackermann_msgs/ackermann_msgs/msg/detail/ackermann_drive_stamped__struct.h
[4.326s] -- Up-to-date: /home/HwHiAiUser/wheeltec_ros2/install/ackermann_msgs/include/ackermann_msgs/ackermann_msgs/msg/rosidl_generator_c__visibility_control.h
[4.329s] -- Up-to-date: /home/HwHiAiUser/wheeltec_ros2/install/ackermann_msgs/include/ackermann_msgs/ackermann_msgs/msg/ackermann_drive_stamped.h
[4.330s] -- Up-to-date: /home/HwHiAiUser/wheeltec_ros2/install/ackermann_msgs/include/ackermann_msgs/ackermann_msgs/msg/ackermann_drive.h
[4.333s] -- Up-to-date: /home/HwHiAiUser/wheeltec_ros2/install/ackermann_msgs/share/ackermann_msgs/environment/library_path.sh
[4.333s] -- Up-to-date: /home/HwHiAiUser/wheeltec_ros2/install/ackermann_msgs/share/ackermann_msgs/environment/library_path.dsv
[4.334s] -- Up-to-date: /home/HwHiAiUser/wheeltec_ros2/install/ackermann_msgs/lib/libackermann_msgs__rosidl_generator_c.so
[4.334s] -- Up-to-date: /home/HwHiAiUser/wheeltec_ros2/install/ackermann_msgs/include/ackermann_msgs/ackermann_msgs
[4.334s] -- Up-to-date: /home/HwHiAiUser/wheeltec_ros2/install/ackermann_msgs/include/ackermann_msgs/ackermann_msgs/msg
[4.335s] -- Up-to-date: /home/HwHiAiUser/wheeltec_ros2/install/ackermann_msgs/include/ackermann_msgs/ackermann_msgs/msg/detail
[4.342s] -- Up-to-date: /home/HwHiAiUser/wheeltec_ros2/install/ackermann_msgs/include/ackermann_msgs/ackermann_msgs/msg/detail/ackermann_drive_stamped__rosidl_typesupport_fastrtps_c.h
[4.342s] -- Up-to-date: /home/HwHiAiUser/wheeltec_ros2/install/ackermann_msgs/include/ackermann_msgs/ackermann_msgs/msg/detail/ackermann_drive__rosidl_typesupport_fastrtps_c.h
[4.344s] -- Up-to-date: /home/HwHiAiUser/wheeltec_ros2/install/ackermann_msgs/include/ackermann_msgs/ackermann_msgs/msg/rosidl_typesupport_fastrtps_c__visibility_control.h
[4.356s] -- Up-to-date: /home/HwHiAiUser/wheeltec_ros2/install/ackermann_msgs/lib/libackermann_msgs__rosidl_typesupport_fastrtps_c.so
[4.360s] -- Up-to-date: /home/HwHiAiUser/wheeltec_ros2/install/ackermann_msgs/include/ackermann_msgs/ackermann_msgs
[4.360s] -- Up-to-date: /home/HwHiAiUser/wheeltec_ros2/install/ackermann_msgs/include/ackermann_msgs/ackermann_msgs/msg
[4.361s] -- Up-to-date: /home/HwHiAiUser/wheeltec_ros2/install/ackermann_msgs/include/ackermann_msgs/ackermann_msgs/msg/detail
[4.361s] -- Up-to-date: /home/HwHiAiUser/wheeltec_ros2/install/ackermann_msgs/include/ackermann_msgs/ackermann_msgs/msg/detail/ackermann_drive_stamped__type_support.c
[4.361s] -- Up-to-date: /home/HwHiAiUser/wheeltec_ros2/install/ackermann_msgs/include/ackermann_msgs/ackermann_msgs/msg/detail/ackermann_drive__type_support.c
[4.362s] -- Up-to-date: /home/HwHiAiUser/wheeltec_ros2/install/ackermann_msgs/include/ackermann_msgs/ackermann_msgs/msg/detail/ackermann_drive__rosidl_typesupport_introspection_c.h
[4.362s] -- Up-to-date: /home/HwHiAiUser/wheeltec_ros2/install/ackermann_msgs/include/ackermann_msgs/ackermann_msgs/msg/detail/ackermann_drive_stamped__rosidl_typesupport_introspection_c.h
[4.362s] -- Up-to-date: /home/HwHiAiUser/wheeltec_ros2/install/ackermann_msgs/include/ackermann_msgs/ackermann_msgs/msg/rosidl_typesupport_introspection_c__visibility_control.h
[4.362s] -- Up-to-date: /home/HwHiAiUser/wheeltec_ros2/install/ackermann_msgs/lib/libackermann_msgs__rosidl_typesupport_introspection_c.so
[4.363s] -- Up-to-date: /home/HwHiAiUser/wheeltec_ros2/install/ackermann_msgs/lib/libackermann_msgs__rosidl_typesupport_c.so
[4.363s] -- Up-to-date: /home/HwHiAiUser/wheeltec_ros2/install/ackermann_msgs/include/ackermann_msgs/ackermann_msgs
[4.377s] -- Up-to-date: /home/HwHiAiUser/wheeltec_ros2/install/ackermann_msgs/include/ackermann_msgs/ackermann_msgs/msg
[4.377s] -- Up-to-date: /home/HwHiAiUser/wheeltec_ros2/install/ackermann_msgs/include/ackermann_msgs/ackermann_msgs/msg/detail
[4.378s] -- Up-to-date: /home/HwHiAiUser/wheeltec_ros2/install/ackermann_msgs/include/ackermann_msgs/ackermann_msgs/msg/detail/ackermann_drive_stamped__struct.hpp
[4.378s] -- Up-to-date: /home/HwHiAiUser/wheeltec_ros2/install/ackermann_msgs/include/ackermann_msgs/ackermann_msgs/msg/detail/ackermann_drive__traits.hpp
[4.378s] -- Up-to-date: /home/HwHiAiUser/wheeltec_ros2/install/ackermann_msgs/include/ackermann_msgs/ackermann_msgs/msg/detail/ackermann_drive__builder.hpp
[4.378s] -- Up-to-date: /home/HwHiAiUser/wheeltec_ros2/install/ackermann_msgs/include/ackermann_msgs/ackermann_msgs/msg/detail/ackermann_drive_stamped__traits.hpp
[4.379s] -- Up-to-date: /home/HwHiAiUser/wheeltec_ros2/install/ackermann_msgs/include/ackermann_msgs/ackermann_msgs/msg/detail/ackermann_drive__struct.hpp
[4.379s] -- Up-to-date: /home/HwHiAiUser/wheeltec_ros2/install/ackermann_msgs/include/ackermann_msgs/ackermann_msgs/msg/detail/ackermann_drive_stamped__type_support.hpp
[4.380s] -- Up-to-date: /home/HwHiAiUser/wheeltec_ros2/install/ackermann_msgs/include/ackermann_msgs/ackermann_msgs/msg/detail/ackermann_drive__type_support.hpp
[4.380s] -- Up-to-date: /home/HwHiAiUser/wheeltec_ros2/install/ackermann_msgs/include/ackermann_msgs/ackermann_msgs/msg/detail/ackermann_drive_stamped__builder.hpp
[4.380s] -- Up-to-date: /home/HwHiAiUser/wheeltec_ros2/install/ackermann_msgs/include/ackermann_msgs/ackermann_msgs/msg/rosidl_generator_cpp__visibility_control.hpp
[4.381s] -- Up-to-date: /home/HwHiAiUser/wheeltec_ros2/install/ackermann_msgs/include/ackermann_msgs/ackermann_msgs/msg/ackermann_drive.hpp
[4.381s] -- Up-to-date: /home/HwHiAiUser/wheeltec_ros2/install/ackermann_msgs/include/ackermann_msgs/ackermann_msgs/msg/ackermann_drive_stamped.hpp
[4.381s] -- Up-to-date: /home/HwHiAiUser/wheeltec_ros2/install/ackermann_msgs/include/ackermann_msgs/ackermann_msgs
[4.381s] -- Up-to-date: /home/HwHiAiUser/wheeltec_ros2/install/ackermann_msgs/include/ackermann_msgs/ackermann_msgs/msg
[4.381s] -- Up-to-date: /home/HwHiAiUser/wheeltec_ros2/install/ackermann_msgs/include/ackermann_msgs/ackermann_msgs/msg/detail
[4.382s] -- Up-to-date: /home/HwHiAiUser/wheeltec_ros2/install/ackermann_msgs/include/ackermann_msgs/ackermann_msgs/msg/detail/dds_fastrtps
[4.382s] -- Up-to-date: /home/HwHiAiUser/wheeltec_ros2/install/ackermann_msgs/include/ackermann_msgs/ackermann_msgs/msg/detail/ackermann_drive__rosidl_typesupport_fastrtps_cpp.hpp
[4.382s] -- Up-to-date: /home/HwHiAiUser/wheeltec_ros2/install/ackermann_msgs/include/ackermann_msgs/ackermann_msgs/msg/detail/ackermann_drive_stamped__rosidl_typesupport_fastrtps_cpp.hpp
[4.382s] -- Up-to-date: /home/HwHiAiUser/wheeltec_ros2/install/ackermann_msgs/include/ackermann_msgs/ackermann_msgs/msg/rosidl_typesupport_fastrtps_cpp__visibility_control.h
[4.382s] -- Up-to-date: /home/HwHiAiUser/wheeltec_ros2/install/ackermann_msgs/lib/libackermann_msgs__rosidl_typesupport_fastrtps_cpp.so
[4.383s] -- Up-to-date: /home/HwHiAiUser/wheeltec_ros2/install/ackermann_msgs/include/ackermann_msgs/ackermann_msgs
[4.383s] -- Up-to-date: /home/HwHiAiUser/wheeltec_ros2/install/ackermann_msgs/include/ackermann_msgs/ackermann_msgs/msg
[4.383s] -- Up-to-date: /home/HwHiAiUser/wheeltec_ros2/install/ackermann_msgs/include/ackermann_msgs/ackermann_msgs/msg/detail
[4.383s] -- Up-to-date: /home/HwHiAiUser/wheeltec_ros2/install/ackermann_msgs/include/ackermann_msgs/ackermann_msgs/msg/detail/ackermann_drive_stamped__rosidl_typesupport_introspection_cpp.hpp
[4.383s] -- Up-to-date: /home/HwHiAiUser/wheeltec_ros2/install/ackermann_msgs/include/ackermann_msgs/ackermann_msgs/msg/detail/ackermann_drive__type_support.cpp
[4.384s] -- Up-to-date: /home/HwHiAiUser/wheeltec_ros2/install/ackermann_msgs/include/ackermann_msgs/ackermann_msgs/msg/detail/ackermann_drive__rosidl_typesupport_introspection_cpp.hpp
[4.384s] -- Up-to-date: /home/HwHiAiUser/wheeltec_ros2/install/ackermann_msgs/include/ackermann_msgs/ackermann_msgs/msg/detail/ackermann_drive_stamped__type_support.cpp
[4.384s] -- Up-to-date: /home/HwHiAiUser/wheeltec_ros2/install/ackermann_msgs/lib/libackermann_msgs__rosidl_typesupport_introspection_cpp.so
[4.385s] -- Up-to-date: /home/HwHiAiUser/wheeltec_ros2/install/ackermann_msgs/lib/libackermann_msgs__rosidl_typesupport_cpp.so
[4.385s] -- Up-to-date: /home/HwHiAiUser/wheeltec_ros2/install/ackermann_msgs/share/ackermann_msgs/environment/pythonpath.sh
[4.385s] -- Up-to-date: /home/HwHiAiUser/wheeltec_ros2/install/ackermann_msgs/share/ackermann_msgs/environment/pythonpath.dsv
[4.385s] -- Up-to-date: /home/HwHiAiUser/wheeltec_ros2/install/ackermann_msgs/local/lib/python3.10/dist-packages/ackermann_msgs-2.0.2-py3.10.egg-info
[4.385s] -- Installing: /home/HwHiAiUser/wheeltec_ros2/install/ackermann_msgs/local/lib/python3.10/dist-packages/ackermann_msgs-2.0.2-py3.10.egg-info/dependency_links.txt
[4.386s] -- Installing: /home/HwHiAiUser/wheeltec_ros2/install/ackermann_msgs/local/lib/python3.10/dist-packages/ackermann_msgs-2.0.2-py3.10.egg-info/SOURCES.txt
[4.386s] -- Installing: /home/HwHiAiUser/wheeltec_ros2/install/ackermann_msgs/local/lib/python3.10/dist-packages/ackermann_msgs-2.0.2-py3.10.egg-info/PKG-INFO
[4.386s] -- Installing: /home/HwHiAiUser/wheeltec_ros2/install/ackermann_msgs/local/lib/python3.10/dist-packages/ackermann_msgs-2.0.2-py3.10.egg-info/top_level.txt
[4.386s] -- Up-to-date: /home/HwHiAiUser/wheeltec_ros2/install/ackermann_msgs/local/lib/python3.10/dist-packages/ackermann_msgs
[4.386s] -- Up-to-date: /home/HwHiAiUser/wheeltec_ros2/install/ackermann_msgs/local/lib/python3.10/dist-packages/ackermann_msgs/__init__.py
[4.387s] -- Up-to-date: /home/HwHiAiUser/wheeltec_ros2/install/ackermann_msgs/local/lib/python3.10/dist-packages/ackermann_msgs/ackermann_msgs_s__rosidl_typesupport_fastrtps_c.cpython-310-aarch64-linux-gnu.so
[4.387s] -- Up-to-date: /home/HwHiAiUser/wheeltec_ros2/install/ackermann_msgs/local/lib/python3.10/dist-packages/ackermann_msgs/msg
[4.387s] -- Up-to-date: /home/HwHiAiUser/wheeltec_ros2/install/ackermann_msgs/local/lib/python3.10/dist-packages/ackermann_msgs/msg/_ackermann_drive_stamped.py
[4.388s] -- Up-to-date: /home/HwHiAiUser/wheeltec_ros2/install/ackermann_msgs/local/lib/python3.10/dist-packages/ackermann_msgs/msg/__init__.py
[4.388s] -- Up-to-date: /home/HwHiAiUser/wheeltec_ros2/install/ackermann_msgs/local/lib/python3.10/dist-packages/ackermann_msgs/msg/_ackermann_drive_stamped_s.c
[4.388s] -- Up-to-date: /home/HwHiAiUser/wheeltec_ros2/install/ackermann_msgs/local/lib/python3.10/dist-packages/ackermann_msgs/msg/_ackermann_drive.py
[4.388s] -- Up-to-date: /home/HwHiAiUser/wheeltec_ros2/install/ackermann_msgs/local/lib/python3.10/dist-packages/ackermann_msgs/msg/_ackermann_drive_s.c
[4.389s] -- Up-to-date: /home/HwHiAiUser/wheeltec_ros2/install/ackermann_msgs/local/lib/python3.10/dist-packages/ackermann_msgs/_ackermann_msgs_s.ep.rosidl_typesupport_introspection_c.c
[4.389s] -- Up-to-date: /home/HwHiAiUser/wheeltec_ros2/install/ackermann_msgs/local/lib/python3.10/dist-packages/ackermann_msgs/ackermann_msgs_s__rosidl_typesupport_introspection_c.cpython-310-aarch64-linux-gnu.so
[4.389s] -- Up-to-date: /home/HwHiAiUser/wheeltec_ros2/install/ackermann_msgs/local/lib/python3.10/dist-packages/ackermann_msgs/_ackermann_msgs_s.ep.rosidl_typesupport_c.c
[4.389s] -- Up-to-date: /home/HwHiAiUser/wheeltec_ros2/install/ackermann_msgs/local/lib/python3.10/dist-packages/ackermann_msgs/libackermann_msgs__rosidl_generator_py.so
[4.389s] -- Up-to-date: /home/HwHiAiUser/wheeltec_ros2/install/ackermann_msgs/local/lib/python3.10/dist-packages/ackermann_msgs/ackermann_msgs_s__rosidl_typesupport_c.cpython-310-aarch64-linux-gnu.so
[4.390s] -- Up-to-date: /home/HwHiAiUser/wheeltec_ros2/install/ackermann_msgs/local/lib/python3.10/dist-packages/ackermann_msgs/_ackermann_msgs_s.ep.rosidl_typesupport_fastrtps_c.c
[4.701s] Listing '/home/HwHiAiUser/wheeltec_ros2/install/ackermann_msgs/local/lib/python3.10/dist-packages/ackermann_msgs'...
[4.701s] Listing '/home/HwHiAiUser/wheeltec_ros2/install/ackermann_msgs/local/lib/python3.10/dist-packages/ackermann_msgs/msg'...
[4.769s] -- Up-to-date: /home/HwHiAiUser/wheeltec_ros2/install/ackermann_msgs/local/lib/python3.10/dist-packages/ackermann_msgs/ackermann_msgs_s__rosidl_typesupport_fastrtps_c.cpython-310-aarch64-linux-gnu.so
[4.770s] -- Up-to-date: /home/HwHiAiUser/wheeltec_ros2/install/ackermann_msgs/local/lib/python3.10/dist-packages/ackermann_msgs/ackermann_msgs_s__rosidl_typesupport_introspection_c.cpython-310-aarch64-linux-gnu.so
[4.776s] -- Up-to-date: /home/HwHiAiUser/wheeltec_ros2/install/ackermann_msgs/local/lib/python3.10/dist-packages/ackermann_msgs/ackermann_msgs_s__rosidl_typesupport_c.cpython-310-aarch64-linux-gnu.so
[4.779s] -- Up-to-date: /home/HwHiAiUser/wheeltec_ros2/install/ackermann_msgs/lib/libackermann_msgs__rosidl_generator_py.so
[4.779s] -- Up-to-date: /home/HwHiAiUser/wheeltec_ros2/install/ackermann_msgs/share/ackermann_msgs/msg/AckermannDrive.idl
[4.780s] -- Up-to-date: /home/HwHiAiUser/wheeltec_ros2/install/ackermann_msgs/share/ackermann_msgs/msg/AckermannDriveStamped.idl
[4.781s] -- Up-to-date: /home/HwHiAiUser/wheeltec_ros2/install/ackermann_msgs/share/ackermann_msgs/msg/AckermannDrive.msg
[4.785s] -- Up-to-date: /home/HwHiAiUser/wheeltec_ros2/install/ackermann_msgs/share/ackermann_msgs/msg/AckermannDriveStamped.msg
[4.785s] -- Up-to-date: /home/HwHiAiUser/wheeltec_ros2/install/ackermann_msgs/share/ament_index/resource_index/package_run_dependencies/ackermann_msgs
[4.795s] -- Up-to-date: /home/HwHiAiUser/wheeltec_ros2/install/ackermann_msgs/share/ament_index/resource_index/parent_prefix_path/ackermann_msgs
[4.800s] -- Up-to-date: /home/HwHiAiUser/wheeltec_ros2/install/ackermann_msgs/share/ackermann_msgs/environment/ament_prefix_path.sh
[4.800s] -- Up-to-date: /home/HwHiAiUser/wheeltec_ros2/install/ackermann_msgs/share/ackermann_msgs/environment/ament_prefix_path.dsv
[4.800s] -- Up-to-date: /home/HwHiAiUser/wheeltec_ros2/install/ackermann_msgs/share/ackermann_msgs/environment/path.sh
[4.801s] -- Up-to-date: /home/HwHiAiUser/wheeltec_ros2/install/ackermann_msgs/share/ackermann_msgs/environment/path.dsv
[4.801s] -- Up-to-date: /home/HwHiAiUser/wheeltec_ros2/install/ackermann_msgs/share/ackermann_msgs/local_setup.bash
[4.801s] -- Up-to-date: /home/HwHiAiUser/wheeltec_ros2/install/ackermann_msgs/share/ackermann_msgs/local_setup.sh
[4.801s] -- Up-to-date: /home/HwHiAiUser/wheeltec_ros2/install/ackermann_msgs/share/ackermann_msgs/local_setup.zsh
[4.801s] -- Up-to-date: /home/HwHiAiUser/wheeltec_ros2/install/ackermann_msgs/share/ackermann_msgs/local_setup.dsv
[4.802s] -- Installing: /home/HwHiAiUser/wheeltec_ros2/install/ackermann_msgs/share/ackermann_msgs/package.dsv
[4.802s] -- Up-to-date: /home/HwHiAiUser/wheeltec_ros2/install/ackermann_msgs/share/ament_index/resource_index/packages/ackermann_msgs
[4.802s] -- Up-to-date: /home/HwHiAiUser/wheeltec_ros2/install/ackermann_msgs/share/ackermann_msgs/cmake/export_ackermann_msgs__rosidl_generator_cExport.cmake
[4.802s] -- Up-to-date: /home/HwHiAiUser/wheeltec_ros2/install/ackermann_msgs/share/ackermann_msgs/cmake/export_ackermann_msgs__rosidl_generator_cExport-noconfig.cmake
[4.802s] -- Up-to-date: /home/HwHiAiUser/wheeltec_ros2/install/ackermann_msgs/share/ackermann_msgs/cmake/export_ackermann_msgs__rosidl_typesupport_fastrtps_cExport.cmake
[4.841s] -- Up-to-date: /home/HwHiAiUser/wheeltec_ros2/install/ackermann_msgs/share/ackermann_msgs/cmake/export_ackermann_msgs__rosidl_typesupport_fastrtps_cExport-noconfig.cmake
[4.842s] -- Up-to-date: /home/HwHiAiUser/wheeltec_ros2/install/ackermann_msgs/share/ackermann_msgs/cmake/ackermann_msgs__rosidl_typesupport_introspection_cExport.cmake
[4.842s] -- Up-to-date: /home/HwHiAiUser/wheeltec_ros2/install/ackermann_msgs/share/ackermann_msgs/cmake/ackermann_msgs__rosidl_typesupport_introspection_cExport-noconfig.cmake
[4.844s] -- Up-to-date: /home/HwHiAiUser/wheeltec_ros2/install/ackermann_msgs/share/ackermann_msgs/cmake/ackermann_msgs__rosidl_typesupport_cExport.cmake
[4.845s] -- Up-to-date: /home/HwHiAiUser/wheeltec_ros2/install/ackermann_msgs/share/ackermann_msgs/cmake/ackermann_msgs__rosidl_typesupport_cExport-noconfig.cmake
[4.845s] -- Up-to-date: /home/HwHiAiUser/wheeltec_ros2/install/ackermann_msgs/share/ackermann_msgs/cmake/export_ackermann_msgs__rosidl_generator_cppExport.cmake
[4.846s] -- Up-to-date: /home/HwHiAiUser/wheeltec_ros2/install/ackermann_msgs/share/ackermann_msgs/cmake/export_ackermann_msgs__rosidl_typesupport_fastrtps_cppExport.cmake
[4.847s] -- Up-to-date: /home/HwHiAiUser/wheeltec_ros2/install/ackermann_msgs/share/ackermann_msgs/cmake/export_ackermann_msgs__rosidl_typesupport_fastrtps_cppExport-noconfig.cmake
[4.856s] -- Up-to-date: /home/HwHiAiUser/wheeltec_ros2/install/ackermann_msgs/share/ackermann_msgs/cmake/ackermann_msgs__rosidl_typesupport_introspection_cppExport.cmake
[4.856s] -- Up-to-date: /home/HwHiAiUser/wheeltec_ros2/install/ackermann_msgs/share/ackermann_msgs/cmake/ackermann_msgs__rosidl_typesupport_introspection_cppExport-noconfig.cmake
[4.857s] -- Up-to-date: /home/HwHiAiUser/wheeltec_ros2/install/ackermann_msgs/share/ackermann_msgs/cmake/ackermann_msgs__rosidl_typesupport_cppExport.cmake
[4.857s] -- Up-to-date: /home/HwHiAiUser/wheeltec_ros2/install/ackermann_msgs/share/ackermann_msgs/cmake/ackermann_msgs__rosidl_typesupport_cppExport-noconfig.cmake
[4.857s] -- Up-to-date: /home/HwHiAiUser/wheeltec_ros2/install/ackermann_msgs/share/ackermann_msgs/cmake/export_ackermann_msgs__rosidl_generator_pyExport.cmake
[4.857s] -- Up-to-date: /home/HwHiAiUser/wheeltec_ros2/install/ackermann_msgs/share/ackermann_msgs/cmake/export_ackermann_msgs__rosidl_generator_pyExport-noconfig.cmake
[4.857s] -- Up-to-date: /home/HwHiAiUser/wheeltec_ros2/install/ackermann_msgs/share/ackermann_msgs/cmake/rosidl_cmake-extras.cmake
[4.857s] -- Up-to-date: /home/HwHiAiUser/wheeltec_ros2/install/ackermann_msgs/share/ackermann_msgs/cmake/ament_cmake_export_dependencies-extras.cmake
[4.858s] -- Up-to-date: /home/HwHiAiUser/wheeltec_ros2/install/ackermann_msgs/share/ackermann_msgs/cmake/ament_cmake_export_include_directories-extras.cmake
[4.858s] -- Up-to-date: /home/HwHiAiUser/wheeltec_ros2/install/ackermann_msgs/share/ackermann_msgs/cmake/ament_cmake_export_libraries-extras.cmake
[4.858s] -- Up-to-date: /home/HwHiAiUser/wheeltec_ros2/install/ackermann_msgs/share/ackermann_msgs/cmake/ament_cmake_export_targets-extras.cmake
[4.858s] -- Up-to-date: /home/HwHiAiUser/wheeltec_ros2/install/ackermann_msgs/share/ackermann_msgs/cmake/rosidl_cmake_export_typesupport_targets-extras.cmake
[4.858s] -- Up-to-date: /home/HwHiAiUser/wheeltec_ros2/install/ackermann_msgs/share/ackermann_msgs/cmake/rosidl_cmake_export_typesupport_libraries-extras.cmake
[4.859s] -- Up-to-date: /home/HwHiAiUser/wheeltec_ros2/install/ackermann_msgs/share/ackermann_msgs/cmake/ackermann_msgsConfig.cmake
[4.867s] -- Up-to-date: /home/HwHiAiUser/wheeltec_ros2/install/ackermann_msgs/share/ackermann_msgs/cmake/ackermann_msgsConfig-version.cmake
[4.883s] -- Up-to-date: /home/HwHiAiUser/wheeltec_ros2/install/ackermann_msgs/share/ackermann_msgs/package.xml
[4.897s] Invoked command in '/home/HwHiAiUser/wheeltec_ros2/build/ackermann_msgs' returned '0': CMAKE_PREFIX_PATH=${CMAKE_PREFIX_PATH}:/home/HwHiAiUser/wheeltec_ros2/install/wheeltec_robot_keyboard:/home/HwHiAiUser/wheeltec_ros2/install/wheeltec_gpio_control:/home/HwHiAiUser/wheeltec_ros2/install/tf2_tools:/opt/ros/humble _=/usr/bin/env /usr/bin/cmake --install /home/HwHiAiUser/wheeltec_ros2/build/ackermann_msgs
