[0.069s] Invoking command in '/home/HwHiAiUser/wheeltec_ros2/build/rplidar_ros': CMAKE_PREFIX_PATH=${CMAKE_PREFIX_PATH}:/home/HwHiAiUser/wheeltec_ros2/install/wheeltec_robot_keyboard:/home/HwHiAiUser/wheeltec_ros2/install/wheeltec_gpio_control:/home/HwHiAiUser/wheeltec_ros2/install/tf2_tools:/opt/ros/humble _=/usr/bin/env /usr/bin/cmake --build /home/HwHiAiUser/wheeltec_ros2/build/rplidar_ros -- -j4 -l4
[0.481s] [ 47%] Built target rplidar_node
[0.654s] [ 52%] Built target rplidar_client
[0.834s] [100%] Built target rplidar_composition
[2.126s] Invoked command in '/home/HwHiAiUser/wheeltec_ros2/build/rplidar_ros' returned '0': CMAKE_PREFIX_PATH=${CMAKE_PREFIX_PATH}:/home/HwHiAiUser/wheeltec_ros2/install/wheeltec_robot_keyboard:/home/HwHiAiUser/wheeltec_ros2/install/wheeltec_gpio_control:/home/HwHiAiUser/wheeltec_ros2/install/tf2_tools:/opt/ros/humble _=/usr/bin/env /usr/bin/cmake --build /home/HwHiAiUser/wheeltec_ros2/build/rplidar_ros -- -j4 -l4
[2.149s] Invoking command in '/home/HwHiAiUser/wheeltec_ros2/build/rplidar_ros': CMAKE_PREFIX_PATH=${CMAKE_PREFIX_PATH}:/home/HwHiAiUser/wheeltec_ros2/install/wheeltec_robot_keyboard:/home/HwHiAiUser/wheeltec_ros2/install/wheeltec_gpio_control:/home/HwHiAiUser/wheeltec_ros2/install/tf2_tools:/opt/ros/humble _=/usr/bin/env /usr/bin/cmake --install /home/HwHiAiUser/wheeltec_ros2/build/rplidar_ros
[2.279s] -- Install configuration: ""
[2.279s] -- Up-to-date: /home/HwHiAiUser/wheeltec_ros2/install/rplidar_ros/share/rplidar_ros/launch
[2.279s] -- Up-to-date: /home/HwHiAiUser/wheeltec_ros2/install/rplidar_ros/share/rplidar_ros/launch/rplidar_a1_launch.py
[2.279s] -- Up-to-date: /home/HwHiAiUser/wheeltec_ros2/install/rplidar_ros/share/rplidar_ros/launch/rplidar_s1_launch.py
[2.280s] -- Up-to-date: /home/HwHiAiUser/wheeltec_ros2/install/rplidar_ros/share/rplidar_ros/launch/view_rplidar_t1_launch.py
[2.280s] -- Up-to-date: /home/HwHiAiUser/wheeltec_ros2/install/rplidar_ros/share/rplidar_ros/launch/view_rplidar_a2m12_launch.py
[2.280s] -- Up-to-date: /home/HwHiAiUser/wheeltec_ros2/install/rplidar_ros/share/rplidar_ros/launch/view_rplidar_s1_launch.py
[2.280s] -- Up-to-date: /home/HwHiAiUser/wheeltec_ros2/install/rplidar_ros/share/rplidar_ros/launch/rplidar_t1_launch.py
[2.280s] -- Up-to-date: /home/HwHiAiUser/wheeltec_ros2/install/rplidar_ros/share/rplidar_ros/launch/view_rplidar_a2m8_launch.py
[2.281s] -- Up-to-date: /home/HwHiAiUser/wheeltec_ros2/install/rplidar_ros/share/rplidar_ros/launch/rplidar_c1_launch.py
[2.281s] -- Up-to-date: /home/HwHiAiUser/wheeltec_ros2/install/rplidar_ros/share/rplidar_ros/launch/rplidar_a2m7_launch.py
[2.281s] -- Up-to-date: /home/HwHiAiUser/wheeltec_ros2/install/rplidar_ros/share/rplidar_ros/launch/view_rplidar_s2e_launch.py
[2.281s] -- Up-to-date: /home/HwHiAiUser/wheeltec_ros2/install/rplidar_ros/share/rplidar_ros/launch/view_rplidar_a2m7_launch.py
[2.281s] -- Up-to-date: /home/HwHiAiUser/wheeltec_ros2/install/rplidar_ros/share/rplidar_ros/launch/rplidar_a2m12_launch.py
[2.281s] -- Up-to-date: /home/HwHiAiUser/wheeltec_ros2/install/rplidar_ros/share/rplidar_ros/launch/rplidar_a3_launch.py
[2.282s] -- Up-to-date: /home/HwHiAiUser/wheeltec_ros2/install/rplidar_ros/share/rplidar_ros/launch/rplidar_s2e_launch.py
[2.282s] -- Up-to-date: /home/HwHiAiUser/wheeltec_ros2/install/rplidar_ros/share/rplidar_ros/launch/rplidar_s3_launch.py
[2.282s] -- Up-to-date: /home/HwHiAiUser/wheeltec_ros2/install/rplidar_ros/share/rplidar_ros/launch/rplidar_a2m8_launch.py
[2.282s] -- Up-to-date: /home/HwHiAiUser/wheeltec_ros2/install/rplidar_ros/share/rplidar_ros/launch/view_rplidar_a1_launch.py
[2.282s] -- Up-to-date: /home/HwHiAiUser/wheeltec_ros2/install/rplidar_ros/share/rplidar_ros/launch/view_rplidar_a3_launch.py
[2.283s] -- Up-to-date: /home/HwHiAiUser/wheeltec_ros2/install/rplidar_ros/share/rplidar_ros/launch/rplidar_s1_tcp_launch.py
[2.283s] -- Up-to-date: /home/HwHiAiUser/wheeltec_ros2/install/rplidar_ros/share/rplidar_ros/launch/view_rplidar_s1_tcp_launch.py
[2.283s] -- Up-to-date: /home/HwHiAiUser/wheeltec_ros2/install/rplidar_ros/share/rplidar_ros/launch/view_rplidar_s2_launch.py
[2.283s] -- Up-to-date: /home/HwHiAiUser/wheeltec_ros2/install/rplidar_ros/share/rplidar_ros/launch/view_rplidar_s3_launch.py
[2.283s] -- Up-to-date: /home/HwHiAiUser/wheeltec_ros2/install/rplidar_ros/share/rplidar_ros/launch/rplidar_s2_launch.py
[2.284s] -- Up-to-date: /home/HwHiAiUser/wheeltec_ros2/install/rplidar_ros/share/rplidar_ros/launch/view_rplidar_c1_launch.py
[2.284s] -- Up-to-date: /home/HwHiAiUser/wheeltec_ros2/install/rplidar_ros/share/rplidar_ros/rviz
[2.285s] -- Up-to-date: /home/HwHiAiUser/wheeltec_ros2/install/rplidar_ros/share/rplidar_ros/rviz/rplidar_ros.rviz
[2.285s] -- Up-to-date: /home/HwHiAiUser/wheeltec_ros2/install/rplidar_ros/lib/rplidar_ros/rplidar_node
[2.285s] -- Up-to-date: /home/HwHiAiUser/wheeltec_ros2/install/rplidar_ros/lib/rplidar_ros/rplidar_composition
[2.286s] -- Up-to-date: /home/HwHiAiUser/wheeltec_ros2/install/rplidar_ros/lib/rplidar_ros/rplidar_client
[2.286s] -- Up-to-date: /home/HwHiAiUser/wheeltec_ros2/install/rplidar_ros/share/ament_index/resource_index/package_run_dependencies/rplidar_ros
[2.287s] -- Up-to-date: /home/HwHiAiUser/wheeltec_ros2/install/rplidar_ros/share/ament_index/resource_index/parent_prefix_path/rplidar_ros
[2.287s] -- Up-to-date: /home/HwHiAiUser/wheeltec_ros2/install/rplidar_ros/share/rplidar_ros/environment/ament_prefix_path.sh
[2.288s] -- Up-to-date: /home/HwHiAiUser/wheeltec_ros2/install/rplidar_ros/share/rplidar_ros/environment/ament_prefix_path.dsv
[2.288s] -- Up-to-date: /home/HwHiAiUser/wheeltec_ros2/install/rplidar_ros/share/rplidar_ros/environment/path.sh
[2.288s] -- Up-to-date: /home/HwHiAiUser/wheeltec_ros2/install/rplidar_ros/share/rplidar_ros/environment/path.dsv
[2.288s] -- Up-to-date: /home/HwHiAiUser/wheeltec_ros2/install/rplidar_ros/share/rplidar_ros/local_setup.bash
[2.288s] -- Up-to-date: /home/HwHiAiUser/wheeltec_ros2/install/rplidar_ros/share/rplidar_ros/local_setup.sh
[2.289s] -- Up-to-date: /home/HwHiAiUser/wheeltec_ros2/install/rplidar_ros/share/rplidar_ros/local_setup.zsh
[2.289s] -- Up-to-date: /home/HwHiAiUser/wheeltec_ros2/install/rplidar_ros/share/rplidar_ros/local_setup.dsv
[2.289s] -- Installing: /home/HwHiAiUser/wheeltec_ros2/install/rplidar_ros/share/rplidar_ros/package.dsv
[2.289s] -- Up-to-date: /home/HwHiAiUser/wheeltec_ros2/install/rplidar_ros/share/ament_index/resource_index/packages/rplidar_ros
[2.289s] -- Up-to-date: /home/HwHiAiUser/wheeltec_ros2/install/rplidar_ros/share/rplidar_ros/cmake/ament_cmake_export_dependencies-extras.cmake
[2.289s] -- Up-to-date: /home/HwHiAiUser/wheeltec_ros2/install/rplidar_ros/share/rplidar_ros/cmake/ament_cmake_export_include_directories-extras.cmake
[2.290s] -- Up-to-date: /home/HwHiAiUser/wheeltec_ros2/install/rplidar_ros/share/rplidar_ros/cmake/rplidar_rosConfig.cmake
[2.290s] -- Up-to-date: /home/HwHiAiUser/wheeltec_ros2/install/rplidar_ros/share/rplidar_ros/cmake/rplidar_rosConfig-version.cmake
[2.304s] -- Up-to-date: /home/HwHiAiUser/wheeltec_ros2/install/rplidar_ros/share/rplidar_ros/package.xml
[2.333s] Invoked command in '/home/HwHiAiUser/wheeltec_ros2/build/rplidar_ros' returned '0': CMAKE_PREFIX_PATH=${CMAKE_PREFIX_PATH}:/home/HwHiAiUser/wheeltec_ros2/install/wheeltec_robot_keyboard:/home/HwHiAiUser/wheeltec_ros2/install/wheeltec_gpio_control:/home/HwHiAiUser/wheeltec_ros2/install/tf2_tools:/opt/ros/humble _=/usr/bin/env /usr/bin/cmake --install /home/HwHiAiUser/wheeltec_ros2/build/rplidar_ros
