[0.000000] (-) TimerEvent: {}
[0.000457] (-) JobUnselected: {'identifier': 'ackermann_msgs'}
[0.001061] (-) JobUnselected: {'identifier': 'astra_camera'}
[0.001423] (-) JobUnselected: {'identifier': 'astra_camera_msgs'}
[0.001478] (-) JobUnselected: {'identifier': 'ldlidar'}
[0.001799] (-) JobUnselected: {'identifier': 'ldlidar_sl_ros2'}
[0.001918] (-) JobUnselected: {'identifier': 'ldlidar_stl_ros2'}
[0.001995] (-) JobUnselected: {'identifier': 'lslidar_driver'}
[0.002073] (-) JobUnselected: {'identifier': 'lslidar_msgs'}
[0.002146] (-) JobUnselected: {'identifier': 'rplidar_ros'}
[0.002218] (-) JobUnselected: {'identifier': 'serial'}
[0.002284] (-) JobUnselected: {'identifier': 'tf2_tools'}
[0.002352] (-) JobUnselected: {'identifier': 'turn_on_wheeltec_robot'}
[0.002417] (-) JobUnselected: {'identifier': 'usb_cam'}
[0.002486] (-) JobUnselected: {'identifier': 'web_video_server'}
[0.002551] (-) JobUnselected: {'identifier': 'wheeltec_gpio_control'}
[0.002615] (-) JobUnselected: {'identifier': 'wheeltec_robot_keyboard'}
[0.002681] (-) JobUnselected: {'identifier': 'wheeltec_robot_msg'}
[0.002745] (-) JobUnselected: {'identifier': 'wheeltec_robot_urdf'}
[0.002811] (-) JobUnselected: {'identifier': 'wheeltec_rviz2'}
[0.002882] (-) JobUnselected: {'identifier': 'yesense_interface'}
[0.002949] (-) JobUnselected: {'identifier': 'yesense_std_ros2'}
[0.003053] (qt_robot_control) JobQueued: {'identifier': 'qt_robot_control', 'dependencies': OrderedDict()}
[0.003151] (qt_robot_control) JobStarted: {'identifier': 'qt_robot_control'}
[0.025187] (qt_robot_control) JobProgress: {'identifier': 'qt_robot_control', 'progress': 'cmake'}
[0.027830] (qt_robot_control) JobProgress: {'identifier': 'qt_robot_control', 'progress': 'build'}
[0.029755] (qt_robot_control) Command: {'cmd': ['/usr/bin/cmake', '--build', '/home/HwHiAiUser/wheeltec_ros2/build/qt_robot_control', '--', '-j4', '-l4'], 'cwd': '/home/HwHiAiUser/wheeltec_ros2/build/qt_robot_control', 'env': OrderedDict([('SHELL', '/bin/bash'), ('ROS_VERSION', '2'), ('GTK_IM_MODULE', 'ibus'), ('CONDA_EXE', '/usr/local/miniconda3/bin/conda'), ('_CE_M', ''), ('COMPOSER_NO_INTERACTION', '1'), ('ROS_PYTHON_VERSION', '3'), ('MS_ENABLE_GE', '1'), ('MX_SDK_HOME', '/home/HwHiAiUser/work/Mind_SDK/mxVision'), ('VSCODE_SERVER_SHUTDOWN_TIMEOUT', '300'), ('ELECTRON_RUN_AS_NODE', '1'), ('XMODIFIERS', '@im=ibus'), ('NPU_HOST_INC', '/usr/local/Ascend/ascend-toolkit/latest/runtime/include'), ('NPU_HOST_LIB', '/usr/local/Ascend/ascend-toolkit/latest/runtime/lib64/stub/aarch64'), ('PWD', '/home/HwHiAiUser/wheeltec_ros2/build/qt_robot_control'), ('LOGNAME', 'HwHiAiUser'), ('XDG_SESSION_TYPE', 'tty'), ('VSCODE_ESM_ENTRYPOINT', 'vs/workbench/api/node/extensionHostProcess'), ('MOTD_SHOWN', 'pam'), ('GST_PLUGIN_SCANNER', '/home/HwHiAiUser/work/Mind_SDK/mxVision/opensource/libexec/gstreamer-1.0/gst-plugin-scanner'), ('HOME', '/home/HwHiAiUser'), ('LANG', 'C.UTF-8'), ('LS_COLORS', ''), ('FORCE_COLOR', '0'), ('MS_DEV_FORCE_ACL', '1'), ('AMENT_PREFIX_PATH', '/home/HwHiAiUser/wheeltec_ros2/install/yesense_std_ros2:/home/HwHiAiUser/wheeltec_ros2/install/yesense_interface:/home/HwHiAiUser/wheeltec_ros2/install/wheeltec_rviz2:/home/HwHiAiUser/wheeltec_ros2/install/wheeltec_robot_urdf:/home/HwHiAiUser/wheeltec_ros2/install/turn_on_wheeltec_robot:/home/HwHiAiUser/wheeltec_ros2/install/wheeltec_robot_msg:/home/HwHiAiUser/wheeltec_ros2/install/wheeltec_robot_keyboard:/home/HwHiAiUser/wheeltec_ros2/install/wheeltec_gpio_control:/home/HwHiAiUser/wheeltec_ros2/install/web_video_server:/home/HwHiAiUser/wheeltec_ros2/install/usb_cam:/home/HwHiAiUser/wheeltec_ros2/install/tf2_tools:/home/HwHiAiUser/wheeltec_ros2/install/serial:/home/HwHiAiUser/wheeltec_ros2/install/rplidar_ros:/home/HwHiAiUser/wheeltec_ros2/install/lslidar_driver:/home/HwHiAiUser/wheeltec_ros2/install/lslidar_msgs:/home/HwHiAiUser/wheeltec_ros2/install/ldlidar_stl_ros2:/home/HwHiAiUser/wheeltec_ros2/install/ldlidar_sl_ros2:/home/HwHiAiUser/wheeltec_ros2/install/ldlidar:/home/HwHiAiUser/wheeltec_ros2/install/astra_camera:/home/HwHiAiUser/wheeltec_ros2/install/astra_camera_msgs:/home/HwHiAiUser/wheeltec_ros2/install/ackermann_msgs:/opt/ros/humble'), ('CMAKE_PREFIX_PATH', '/home/HwHiAiUser/wheeltec_ros2/install/yesense_std_ros2:/home/HwHiAiUser/wheeltec_ros2/install/yesense_interface:/home/HwHiAiUser/wheeltec_ros2/install/wheeltec_rviz2:/home/HwHiAiUser/wheeltec_ros2/install/wheeltec_robot_urdf:/home/HwHiAiUser/wheeltec_ros2/install/turn_on_wheeltec_robot:/home/HwHiAiUser/wheeltec_ros2/install/wheeltec_robot_msg:/home/HwHiAiUser/wheeltec_ros2/install/web_video_server:/home/HwHiAiUser/wheeltec_ros2/install/usb_cam:/home/HwHiAiUser/wheeltec_ros2/install/serial:/home/HwHiAiUser/wheeltec_ros2/install/rplidar_ros:/home/HwHiAiUser/wheeltec_ros2/install/lslidar_driver:/home/HwHiAiUser/wheeltec_ros2/install/lslidar_msgs:/home/HwHiAiUser/wheeltec_ros2/install/ldlidar_stl_ros2:/home/HwHiAiUser/wheeltec_ros2/install/ldlidar_sl_ros2:/home/HwHiAiUser/wheeltec_ros2/install/ldlidar:/home/HwHiAiUser/wheeltec_ros2/install/astra_camera:/home/HwHiAiUser/wheeltec_ros2/install/astra_camera_msgs:/home/HwHiAiUser/wheeltec_ros2/install/ackermann_msgs:/home/HwHiAiUser/wheeltec_ros2/install/wheeltec_robot_keyboard:/home/HwHiAiUser/wheeltec_ros2/install/wheeltec_gpio_control:/home/HwHiAiUser/wheeltec_ros2/install/tf2_tools:/opt/ros/humble'), ('VSCODE_AGENT_FOLDER', '/home/HwHiAiUser/.cursor-server'), ('VSCODE_L10N_BUNDLE_LOCATION', 'vscode-local:/c%3A/Users/25914/.cursor/extensions/ms-ceintl.vscode-language-pack-zh-hans-1.99.0-universal/translations/extensions/vscode.json-language-features.i18n.json'), ('COLCON_PREFIX_PATH', '/home/HwHiAiUser/wheeltec_ros2/install'), ('SSH_CONNECTION', '10.248.102.23 12022 10.248.102.204 22'), ('TOOLCHAIN_HOME', '/home/HwHiAiUser/Ascend/ascend-toolkit/latest/toolkit'), ('ASCEND_TOOLKIT_HOME', '/home/HwHiAiUser/Ascend/ascend-toolkit/latest'), ('CURSOR_AGENT', '1'), ('LESSCLOSE', '/usr/bin/lesspipe %s %s'), ('XDG_SESSION_CLASS', 'user'), ('VSCODE_HANDLES_SIGPIPE', 'true'), ('PYTHONPATH', '/home/HwHiAiUser/work/Mind_SDK/mxVision/python:/home/HwHiAiUser/Ascend/ascend-toolkit/latest/python/site-packages:/home/HwHiAiUser/Ascend/ascend-toolkit/latest/opp/built-in/op_impl/ai_core/tbe:/home/HwHiAiUser/wheeltec_ros2/install/yesense_interface/local/lib/python3.10/dist-packages:/home/HwHiAiUser/wheeltec_ros2/install/turn_on_wheeltec_robot/local/lib/python3.10/dist-packages:/home/HwHiAiUser/wheeltec_ros2/install/wheeltec_robot_msg/local/lib/python3.10/dist-packages:/home/HwHiAiUser/wheeltec_ros2/install/wheeltec_robot_keyboard/lib/python3.10/site-packages:/home/HwHiAiUser/wheeltec_ros2/install/wheeltec_gpio_control/lib/python3.10/site-packages:/home/HwHiAiUser/wheeltec_ros2/install/tf2_tools/lib/python3.10/site-packages:/home/HwHiAiUser/wheeltec_ros2/install/lslidar_msgs/local/lib/python3.10/dist-packages:/home/HwHiAiUser/wheeltec_ros2/install/astra_camera_msgs/local/lib/python3.10/dist-packages:/home/HwHiAiUser/wheeltec_ros2/install/ackermann_msgs/local/lib/python3.10/dist-packages:/opt/ros/humble/lib/python3.10/site-packages:/opt/ros/humble/local/lib/python3.10/dist-packages:/usr/local/Ascend/ascend-toolkit/latest/python/site-packages:/usr/local/Ascend/ascend-toolkit/latest/opp/built-in/op_impl/ai_core/tbe:/usr/local/Ascend/ascend-toolkit/laster/python/site-packages:/usr/local/Ascend/ascend-toolkit/laster/opp/built-in/op_impl/ai_core/tbe:/usr/local/Ascend/ascend-toolkit/laster/python/site-packages:/usr/local/Ascend/ascend-toolkit/laster/opp/built-in/op_impl/ai_core/tbe:'), ('COLCON', '1'), ('TERM', 'dumb'), ('_CE_CONDA', ''), ('ASCEND_CUSTOM_OPP_PATH', '/home/HwHiAiUser/work/Mind_SDK/mxVision/operators/ascendc/vendors/customize:'), ('LESSOPEN', '| /usr/bin/lesspipe %s'), ('USER', 'HwHiAiUser'), ('CONDA_SHLVL', '0'), ('SHLVL', '2'), ('QT_IM_MODULE', 'ibus'), ('VSCODE_CWD', '/home/HwHiAiUser'), ('XDG_SESSION_ID', '7'), ('NO_COLOR', '1'), ('ASCEND_OPP_PATH', '/home/HwHiAiUser/Ascend/ascend-toolkit/latest/opp'), ('GST_PLUGIN_PATH', '/home/HwHiAiUser/work/Mind_SDK/mxVision/opensource/lib/gstreamer-1.0:/home/HwHiAiUser/work/Mind_SDK/mxVision/lib/plugins'), ('CONDA_PYTHON_EXE', '/usr/local/miniconda3/bin/python'), ('LD_LIBRARY_PATH', '/usr/lib/aarch64-linux-gnu:/usr/lib:/home/HwHiAiUser/work/Mind_SDK/mxVision/operators/ascendc/vendors/customize/op_api/lib:/home/HwHiAiUser/work/Mind_SDK/mxVision/lib/modelpostprocessors:/home/HwHiAiUser/work/Mind_SDK/mxVision/lib:/home/HwHiAiUser/work/Mind_SDK/mxVision/opensource/lib:/home/HwHiAiUser/work/Mind_SDK/mxVision/opensource/lib64:/home/HwHiAiUser/Ascend/ascend-toolkit/latest/tools/aml/lib64:/home/HwHiAiUser/Ascend/ascend-toolkit/latest/tools/aml/lib64/plugin:/home/HwHiAiUser/Ascend/ascend-toolkit/latest/lib64:/home/HwHiAiUser/Ascend/ascend-toolkit/latest/lib64/plugin/opskernel:/home/HwHiAiUser/Ascend/ascend-toolkit/latest/lib64/plugin/nnengine:/home/HwHiAiUser/Ascend/ascend-toolkit/latest/opp/built-in/op_impl/ai_core/tbe/op_tiling/lib/linux/aarch64:/var/davinci/driver/lib64:/var/davinci/driver/lib64/common:/var/davinci/driver/lib64/driver:/home/HwHiAiUser/wheeltec_ros2/install/yesense_interface/lib:/home/HwHiAiUser/wheeltec_ros2/install/turn_on_wheeltec_robot/lib:/home/HwHiAiUser/wheeltec_ros2/install/wheeltec_robot_msg/lib:/home/HwHiAiUser/wheeltec_ros2/install/usb_cam/lib:/home/HwHiAiUser/wheeltec_ros2/install/serial/lib:/home/HwHiAiUser/wheeltec_ros2/install/lslidar_msgs/lib:/home/HwHiAiUser/wheeltec_ros2/install/astra_camera/lib:/home/HwHiAiUser/wheeltec_ros2/install/astra_camera_msgs/lib:/home/HwHiAiUser/wheeltec_ros2/install/ackermann_msgs/lib:/opt/ros/humble/opt/rviz_ogre_vendor/lib:/opt/ros/humble/lib/aarch64-linux-gnu:/opt/ros/humble/lib:/usr/local/Ascend/ascend-toolkit/latest/tools/aml/lib64:/usr/local/Ascend/ascend-toolkit/latest/tools/aml/lib64/plugin:/usr/local/Ascend/ascend-toolkit/latest/lib64:/usr/local/Ascend/ascend-toolkit/latest/lib64/plugin/opskernel:/usr/local/Ascend/ascend-toolkit/latest/lib64/plugin/nnengine:/usr/local/Ascend/ascend-toolkit/latest/opp/built-in/op_impl/ai_core/tbe/op_tiling/lib/linux/aarch64:/lib64:/var/davinci/driver/lib64:/var/davinci/driver/lib64/common:/var/davinci/driver/lib64/driver:/usr/local/Ascend/ascend-toolkit/laster/runtime/lib64/stub/aarch64:/usr/local/Ascend/ascend-toolkit/laster/lib64:/usr/local/Ascend/ascend-toolkit/laster/lib64/plugin/opskernel:/usr/local/Ascend/ascend-toolkit/laster/lib64/plugin/nnengine:/usr/local/Ascend/ascend-toolkit/laster/opp/built-in/op_impl/ai_core/tbe/op_tiling:/usr/local/Ascend/driver/lib64:/var/davinci/driver/lib64:/var/davinci/driver/lib64/common:/var/davinci/driver/lib64/driver:/usr/local/Ascend/ascend-toolkit/laster/runtime/lib64/stub/aarch64:/usr/local/Ascend/ascend-toolkit/laster/lib64:/usr/local/Ascend/ascend-toolkit/laster/lib64/plugin/opskernel:/usr/local/Ascend/ascend-toolkit/laster/lib64/plugin/nnengine:/usr/local/Ascend/ascend-toolkit/laster/opp/built-in/op_impl/ai_core/tbe/op_tiling:/usr/local/Ascend/driver/lib64:/var/davinci/driver/lib64:/var/davinci/driver/lib64/common:/var/davinci/driver/lib64/driver:'), ('ASCEND_AICPU_PATH', '/home/HwHiAiUser/Ascend/ascend-toolkit/latest'), ('XDG_RUNTIME_DIR', '/run/user/1000'), ('ROS_LOCALHOST_ONLY', '0'), ('SSH_CLIENT', '10.248.102.23 12022 22'), ('XDG_DATA_DIRS', '/usr/share/gnome:/usr/local/share:/usr/share:/var/lib/snapd/desktop'), ('BROWSER', '/home/HwHiAiUser/.cursor-server/bin/7236ee799a5bffd9f28fa4fd18bdc6eab5e08df0/bin/helpers/browser.sh'), ('PATH', '/home/HwHiAiUser/.local/bin:/home/HwHiAiUser/Ascend/ascend-toolkit/latest/bin:/home/HwHiAiUser/Ascend/ascend-toolkit/latest/compiler/ccec_compiler/bin:/home/HwHiAiUser/Ascend/ascend-toolkit/latest/tools/ccec_compiler/bin:/opt/ros/humble/bin:/usr/local/Ascend/ascend-toolkit/latest/bin:/usr/local/Ascend/ascend-toolkit/latest/compiler/ccec_compiler/bin:/usr/local/Ascend/ascend-toolkit/latest/tools/ccec_compiler/bin:/usr/local/miniconda3/condabin:/usr/local/Ascend/ascend-toolkit/laster/bin:/usr/local/Ascend/ascend-toolkit/laster/compiler/ccec_compiler/bin:/home/HwHiAiUser/.cursor-server/bin/7236ee799a5bffd9f28fa4fd18bdc6eab5e08df0/bin/remote-cli:/home/HwHiAiUser/.cursor-server/bin/7236ee799a5bffd9f28fa4fd18bdc6eab5e08df0/bin/remote-cli:/home/HwHiAiUser/.local/bin:/usr/local/Ascend/ascend-toolkit/laster/bin:/usr/local/Ascend/ascend-toolkit/laster/compiler/ccec_compiler/bin:/usr/local/sbin:/usr/local/bin:/usr/sbin:/usr/bin:/sbin:/bin:/usr/games:/usr/local/games:/snap/bin:/home/HwHiAiUser/.fishros/bin/'), ('ASCEND_HOME_PATH', '/home/HwHiAiUser/Ascend/ascend-toolkit/latest'), ('DBUS_SESSION_BUS_ADDRESS', 'unix:path=/run/user/1000/bus'), ('VSCODE_NLS_CONFIG', '{"userLocale":"zh-cn","osLocale":"zh-cn","resolvedLanguage":"en","defaultMessagesFile":"/home/HwHiAiUser/.cursor-server/bin/7236ee799a5bffd9f28fa4fd18bdc6eab5e08df0/out/nls.messages.json","locale":"zh-cn","availableLanguages":{}}'), ('ROS_DISTRO', 'humble'), ('VSCODE_HANDLES_UNCAUGHT_ERRORS', 'true'), ('OLDPWD', '/home/HwHiAiUser/wheeltec_ros2'), ('VSCODE_IPC_HOOK_CLI', '/run/user/1000/vscode-ipc-98642f8e-2152-44c8-8bc5-3c3283fefe37.sock'), ('_', '/usr/bin/env')]), 'shell': False}
[0.099045] (-) TimerEvent: {}
[0.128766] (qt_robot_control) StdoutLine: {'line': b'[ 11%] Automatic MOC and UIC for target qt_robot_control\n'}
[0.177709] (qt_robot_control) StdoutLine: {'line': b'[ 11%] Built target qt_robot_control_autogen\n'}
[0.199227] (-) TimerEvent: {}
[0.264239] (qt_robot_control) StdoutLine: {'line': b'Consolidate compiler generated dependencies of target qt_robot_control\n'}
[0.299403] (-) TimerEvent: {}
[0.305603] (qt_robot_control) StdoutLine: {'line': b'[ 22%] Building CXX object CMakeFiles/qt_robot_control.dir/src/MainWindow.cpp.o\n'}
[0.399540] (-) TimerEvent: {}
[0.499972] (-) TimerEvent: {}
[0.600327] (-) TimerEvent: {}
[0.700676] (-) TimerEvent: {}
[0.801045] (-) TimerEvent: {}
[0.901398] (-) TimerEvent: {}
[1.001743] (-) TimerEvent: {}
[1.102103] (-) TimerEvent: {}
[1.202458] (-) TimerEvent: {}
[1.302837] (-) TimerEvent: {}
[1.403213] (-) TimerEvent: {}
[1.503621] (-) TimerEvent: {}
[1.603998] (-) TimerEvent: {}
[1.704365] (-) TimerEvent: {}
[1.804743] (-) TimerEvent: {}
[1.905096] (-) TimerEvent: {}
[2.005435] (-) TimerEvent: {}
[2.105840] (-) TimerEvent: {}
[2.206279] (-) TimerEvent: {}
[2.306752] (-) TimerEvent: {}
[2.407166] (-) TimerEvent: {}
[2.507660] (-) TimerEvent: {}
[2.608084] (-) TimerEvent: {}
[2.708513] (-) TimerEvent: {}
[2.808908] (-) TimerEvent: {}
[2.909318] (-) TimerEvent: {}
[3.009735] (-) TimerEvent: {}
[3.110145] (-) TimerEvent: {}
[3.210592] (-) TimerEvent: {}
[3.311038] (-) TimerEvent: {}
[3.411491] (-) TimerEvent: {}
[3.512049] (-) TimerEvent: {}
[3.612490] (-) TimerEvent: {}
[3.712900] (-) TimerEvent: {}
[3.813309] (-) TimerEvent: {}
[3.913720] (-) TimerEvent: {}
[4.014156] (-) TimerEvent: {}
[4.114578] (-) TimerEvent: {}
[4.215004] (-) TimerEvent: {}
[4.315443] (-) TimerEvent: {}
[4.415951] (-) TimerEvent: {}
[4.516344] (-) TimerEvent: {}
[4.616751] (-) TimerEvent: {}
[4.717172] (-) TimerEvent: {}
[4.817574] (-) TimerEvent: {}
[4.917971] (-) TimerEvent: {}
[5.018366] (-) TimerEvent: {}
[5.118779] (-) TimerEvent: {}
[5.219190] (-) TimerEvent: {}
[5.319620] (-) TimerEvent: {}
[5.420009] (-) TimerEvent: {}
[5.520405] (-) TimerEvent: {}
[5.620789] (-) TimerEvent: {}
[5.721170] (-) TimerEvent: {}
[5.821563] (-) TimerEvent: {}
[5.921956] (-) TimerEvent: {}
[6.022337] (-) TimerEvent: {}
[6.122732] (-) TimerEvent: {}
[6.223136] (-) TimerEvent: {}
[6.323667] (-) TimerEvent: {}
[6.424231] (-) TimerEvent: {}
[6.524677] (-) TimerEvent: {}
[6.625079] (-) TimerEvent: {}
[6.725486] (-) TimerEvent: {}
[6.825874] (-) TimerEvent: {}
[6.926289] (-) TimerEvent: {}
[7.026676] (-) TimerEvent: {}
[7.127075] (-) TimerEvent: {}
[7.227455] (-) TimerEvent: {}
[7.327893] (-) TimerEvent: {}
[7.428275] (-) TimerEvent: {}
[7.528669] (-) TimerEvent: {}
[7.629060] (-) TimerEvent: {}
[7.729438] (-) TimerEvent: {}
[7.829844] (-) TimerEvent: {}
[7.930245] (-) TimerEvent: {}
[8.030608] (-) TimerEvent: {}
[8.130983] (-) TimerEvent: {}
[8.231348] (-) TimerEvent: {}
[8.331688] (-) TimerEvent: {}
[8.432062] (-) TimerEvent: {}
[8.532426] (-) TimerEvent: {}
[8.632795] (-) TimerEvent: {}
[8.733172] (-) TimerEvent: {}
[8.833554] (-) TimerEvent: {}
[8.933926] (-) TimerEvent: {}
[9.034293] (-) TimerEvent: {}
[9.134658] (-) TimerEvent: {}
[9.235024] (-) TimerEvent: {}
[9.335428] (-) TimerEvent: {}
[9.435884] (-) TimerEvent: {}
[9.536270] (-) TimerEvent: {}
[9.636645] (-) TimerEvent: {}
[9.737022] (-) TimerEvent: {}
[9.837455] (-) TimerEvent: {}
[9.937909] (-) TimerEvent: {}
[10.038303] (-) TimerEvent: {}
[10.138716] (-) TimerEvent: {}
[10.239134] (-) TimerEvent: {}
[10.339663] (-) TimerEvent: {}
[10.440121] (-) TimerEvent: {}
[10.540561] (-) TimerEvent: {}
[10.641000] (-) TimerEvent: {}
[10.741399] (-) TimerEvent: {}
[10.841825] (-) TimerEvent: {}
[10.942268] (-) TimerEvent: {}
[11.042709] (-) TimerEvent: {}
[11.143112] (-) TimerEvent: {}
[11.243542] (-) TimerEvent: {}
[11.344056] (-) TimerEvent: {}
[11.444487] (-) TimerEvent: {}
[11.544912] (-) TimerEvent: {}
[11.645322] (-) TimerEvent: {}
[11.745781] (-) TimerEvent: {}
[11.846292] (-) TimerEvent: {}
[11.946715] (-) TimerEvent: {}
[12.047139] (-) TimerEvent: {}
[12.147538] (-) TimerEvent: {}
[12.248021] (-) TimerEvent: {}
[12.348459] (-) TimerEvent: {}
[12.448907] (-) TimerEvent: {}
[12.549335] (-) TimerEvent: {}
[12.649760] (-) TimerEvent: {}
[12.750178] (-) TimerEvent: {}
[12.850620] (-) TimerEvent: {}
[12.951023] (-) TimerEvent: {}
[13.051440] (-) TimerEvent: {}
[13.151975] (-) TimerEvent: {}
[13.252380] (-) TimerEvent: {}
[13.352774] (-) TimerEvent: {}
[13.453171] (-) TimerEvent: {}
[13.553576] (-) TimerEvent: {}
[13.653965] (-) TimerEvent: {}
[13.754355] (-) TimerEvent: {}
[13.854743] (-) TimerEvent: {}
[13.955139] (-) TimerEvent: {}
[14.055521] (-) TimerEvent: {}
[14.155929] (-) TimerEvent: {}
[14.256270] (-) TimerEvent: {}
[14.356653] (-) TimerEvent: {}
[14.457042] (-) TimerEvent: {}
[14.557428] (-) TimerEvent: {}
[14.657802] (-) TimerEvent: {}
[14.758162] (-) TimerEvent: {}
[14.858539] (-) TimerEvent: {}
[14.958917] (-) TimerEvent: {}
[15.059303] (-) TimerEvent: {}
[15.159683] (-) TimerEvent: {}
[15.260090] (-) TimerEvent: {}
[15.360466] (-) TimerEvent: {}
[15.460850] (-) TimerEvent: {}
[15.561225] (-) TimerEvent: {}
[15.661609] (-) TimerEvent: {}
[15.761999] (-) TimerEvent: {}
[15.862403] (-) TimerEvent: {}
[15.962794] (-) TimerEvent: {}
[16.063154] (-) TimerEvent: {}
[16.163516] (-) TimerEvent: {}
[16.263921] (-) TimerEvent: {}
[16.364321] (-) TimerEvent: {}
[16.464742] (-) TimerEvent: {}
[16.565214] (-) TimerEvent: {}
[16.665585] (-) TimerEvent: {}
[16.765960] (-) TimerEvent: {}
[16.866368] (-) TimerEvent: {}
[16.966793] (-) TimerEvent: {}
[17.067223] (-) TimerEvent: {}
[17.167682] (-) TimerEvent: {}
[17.268070] (-) TimerEvent: {}
[17.368484] (-) TimerEvent: {}
[17.468881] (-) TimerEvent: {}
[17.569248] (-) TimerEvent: {}
[17.669619] (-) TimerEvent: {}
[17.769982] (-) TimerEvent: {}
[17.870359] (-) TimerEvent: {}
[17.970737] (-) TimerEvent: {}
[18.071132] (-) TimerEvent: {}
[18.171515] (-) TimerEvent: {}
[18.271944] (-) TimerEvent: {}
[18.372331] (-) TimerEvent: {}
[18.472724] (-) TimerEvent: {}
[18.573095] (-) TimerEvent: {}
[18.673482] (-) TimerEvent: {}
[18.773853] (-) TimerEvent: {}
[18.874246] (-) TimerEvent: {}
[18.918878] (qt_robot_control) StdoutLine: {'line': b'[ 33%] Building CXX object CMakeFiles/qt_robot_control.dir/src/RosImageSubscriber.cpp.o\n'}
[18.974434] (-) TimerEvent: {}
[19.074806] (-) TimerEvent: {}
[19.175164] (-) TimerEvent: {}
[19.275530] (-) TimerEvent: {}
[19.376002] (-) TimerEvent: {}
[19.476377] (-) TimerEvent: {}
[19.576772] (-) TimerEvent: {}
[19.677281] (-) TimerEvent: {}
[19.777774] (-) TimerEvent: {}
[19.878191] (-) TimerEvent: {}
[19.978587] (-) TimerEvent: {}
[20.078969] (-) TimerEvent: {}
[20.179345] (-) TimerEvent: {}
[20.279689] (-) TimerEvent: {}
[20.380069] (-) TimerEvent: {}
[20.480452] (-) TimerEvent: {}
[20.580833] (-) TimerEvent: {}
[20.681214] (-) TimerEvent: {}
[20.781588] (-) TimerEvent: {}
[20.881959] (-) TimerEvent: {}
[20.982320] (-) TimerEvent: {}
[21.082700] (-) TimerEvent: {}
[21.183084] (-) TimerEvent: {}
[21.283452] (-) TimerEvent: {}
[21.383836] (-) TimerEvent: {}
[21.484192] (-) TimerEvent: {}
[21.584579] (-) TimerEvent: {}
[21.684951] (-) TimerEvent: {}
[21.785307] (-) TimerEvent: {}
[21.885751] (-) TimerEvent: {}
[21.991601] (-) TimerEvent: {}
[22.092033] (-) TimerEvent: {}
[22.192482] (-) TimerEvent: {}
[22.292901] (-) TimerEvent: {}
[22.393323] (-) TimerEvent: {}
[22.493788] (-) TimerEvent: {}
[22.594203] (-) TimerEvent: {}
[22.694633] (-) TimerEvent: {}
[22.795064] (-) TimerEvent: {}
[22.895484] (-) TimerEvent: {}
[22.995969] (-) TimerEvent: {}
[23.096362] (-) TimerEvent: {}
[23.196761] (-) TimerEvent: {}
[23.297151] (-) TimerEvent: {}
[23.397543] (-) TimerEvent: {}
[23.497954] (-) TimerEvent: {}
[23.598356] (-) TimerEvent: {}
[23.698760] (-) TimerEvent: {}
[23.799153] (-) TimerEvent: {}
[23.899543] (-) TimerEvent: {}
[23.999940] (-) TimerEvent: {}
[24.100316] (-) TimerEvent: {}
[24.200715] (-) TimerEvent: {}
[24.301109] (-) TimerEvent: {}
[24.401487] (-) TimerEvent: {}
[24.501863] (-) TimerEvent: {}
[24.602246] (-) TimerEvent: {}
[24.702634] (-) TimerEvent: {}
[24.803046] (-) TimerEvent: {}
[24.903461] (-) TimerEvent: {}
[25.003882] (-) TimerEvent: {}
[25.104286] (-) TimerEvent: {}
[25.204665] (-) TimerEvent: {}
[25.305065] (-) TimerEvent: {}
[25.405455] (-) TimerEvent: {}
[25.505844] (-) TimerEvent: {}
[25.606227] (-) TimerEvent: {}
[25.706628] (-) TimerEvent: {}
[25.807041] (-) TimerEvent: {}
[25.907441] (-) TimerEvent: {}
[26.007911] (-) TimerEvent: {}
[26.108313] (-) TimerEvent: {}
[26.208684] (-) TimerEvent: {}
[26.309137] (-) TimerEvent: {}
[26.409591] (-) TimerEvent: {}
[26.509975] (-) TimerEvent: {}
[26.610355] (-) TimerEvent: {}
[26.710725] (-) TimerEvent: {}
[26.811089] (-) TimerEvent: {}
[26.911461] (-) TimerEvent: {}
[27.011838] (-) TimerEvent: {}
[27.112233] (-) TimerEvent: {}
[27.212624] (-) TimerEvent: {}
[27.313024] (-) TimerEvent: {}
[27.413407] (-) TimerEvent: {}
[27.513781] (-) TimerEvent: {}
[27.614149] (-) TimerEvent: {}
[27.714531] (-) TimerEvent: {}
[27.814917] (-) TimerEvent: {}
[27.915301] (-) TimerEvent: {}
[28.015695] (-) TimerEvent: {}
[28.116073] (-) TimerEvent: {}
[28.216466] (-) TimerEvent: {}
[28.316853] (-) TimerEvent: {}
[28.417243] (-) TimerEvent: {}
[28.517629] (-) TimerEvent: {}
[28.618013] (-) TimerEvent: {}
[28.718411] (-) TimerEvent: {}
[28.818784] (-) TimerEvent: {}
[28.919180] (-) TimerEvent: {}
[29.019546] (-) TimerEvent: {}
[29.119971] (-) TimerEvent: {}
[29.220357] (-) TimerEvent: {}
[29.320738] (-) TimerEvent: {}
[29.421124] (-) TimerEvent: {}
[29.521581] (-) TimerEvent: {}
[29.622037] (-) TimerEvent: {}
[29.722492] (-) TimerEvent: {}
[29.822913] (-) TimerEvent: {}
[29.923332] (-) TimerEvent: {}
[30.023711] (-) TimerEvent: {}
[30.124160] (-) TimerEvent: {}
[30.224689] (-) TimerEvent: {}
[30.325131] (-) TimerEvent: {}
[30.425544] (-) TimerEvent: {}
[30.525955] (-) TimerEvent: {}
[30.626354] (-) TimerEvent: {}
[30.726763] (-) TimerEvent: {}
[30.827124] (-) TimerEvent: {}
[30.927515] (-) TimerEvent: {}
[31.027986] (-) TimerEvent: {}
[31.128385] (-) TimerEvent: {}
[31.228778] (-) TimerEvent: {}
[31.329233] (-) TimerEvent: {}
[31.429654] (-) TimerEvent: {}
[31.530083] (-) TimerEvent: {}
[31.630492] (-) TimerEvent: {}
[31.730885] (-) TimerEvent: {}
[31.831272] (-) TimerEvent: {}
[31.931711] (-) TimerEvent: {}
[32.032144] (-) TimerEvent: {}
[32.132581] (-) TimerEvent: {}
[32.232963] (-) TimerEvent: {}
[32.333352] (-) TimerEvent: {}
[32.433806] (-) TimerEvent: {}
[32.534249] (-) TimerEvent: {}
[32.634636] (-) TimerEvent: {}
[32.735065] (-) TimerEvent: {}
[32.835538] (-) TimerEvent: {}
[32.936061] (-) TimerEvent: {}
[33.036450] (-) TimerEvent: {}
[33.136903] (-) TimerEvent: {}
[33.237336] (-) TimerEvent: {}
[33.337761] (-) TimerEvent: {}
[33.438122] (-) TimerEvent: {}
[33.538559] (-) TimerEvent: {}
[33.638918] (-) TimerEvent: {}
[33.739280] (-) TimerEvent: {}
[33.839669] (-) TimerEvent: {}
[33.940031] (-) TimerEvent: {}
[34.040393] (-) TimerEvent: {}
[34.140762] (-) TimerEvent: {}
[34.241140] (-) TimerEvent: {}
[34.341511] (-) TimerEvent: {}
[34.441885] (-) TimerEvent: {}
[34.542270] (-) TimerEvent: {}
[34.642640] (-) TimerEvent: {}
[34.743015] (-) TimerEvent: {}
[34.843358] (-) TimerEvent: {}
[34.943703] (-) TimerEvent: {}
[35.044022] (-) TimerEvent: {}
[35.144363] (-) TimerEvent: {}
[35.244735] (-) TimerEvent: {}
[35.345095] (-) TimerEvent: {}
[35.445491] (-) TimerEvent: {}
[35.545853] (-) TimerEvent: {}
[35.646234] (-) TimerEvent: {}
[35.746605] (-) TimerEvent: {}
[35.846988] (-) TimerEvent: {}
[35.947363] (-) TimerEvent: {}
[36.047734] (-) TimerEvent: {}
[36.148148] (-) TimerEvent: {}
[36.248624] (-) TimerEvent: {}
[36.349092] (-) TimerEvent: {}
[36.449615] (-) TimerEvent: {}
[36.550132] (-) TimerEvent: {}
[36.650518] (-) TimerEvent: {}
[36.750899] (-) TimerEvent: {}
[36.851282] (-) TimerEvent: {}
[36.951676] (-) TimerEvent: {}
[37.052062] (-) TimerEvent: {}
[37.152455] (-) TimerEvent: {}
[37.252831] (-) TimerEvent: {}
[37.353216] (-) TimerEvent: {}
[37.453590] (-) TimerEvent: {}
[37.553985] (-) TimerEvent: {}
[37.654369] (-) TimerEvent: {}
[37.754762] (-) TimerEvent: {}
[37.855112] (-) TimerEvent: {}
[37.955478] (-) TimerEvent: {}
[38.056173] (-) TimerEvent: {}
[38.156563] (-) TimerEvent: {}
[38.256962] (-) TimerEvent: {}
[38.357357] (-) TimerEvent: {}
[38.457754] (-) TimerEvent: {}
[38.558146] (-) TimerEvent: {}
[38.658543] (-) TimerEvent: {}
[38.758951] (-) TimerEvent: {}
[38.859379] (-) TimerEvent: {}
[38.959903] (-) TimerEvent: {}
[39.060285] (-) TimerEvent: {}
[39.160653] (-) TimerEvent: {}
[39.261019] (-) TimerEvent: {}
[39.361393] (-) TimerEvent: {}
[39.461773] (-) TimerEvent: {}
[39.562144] (-) TimerEvent: {}
[39.662574] (-) TimerEvent: {}
[39.763045] (-) TimerEvent: {}
[39.863494] (-) TimerEvent: {}
[39.963969] (-) TimerEvent: {}
[40.064433] (-) TimerEvent: {}
[40.164923] (-) TimerEvent: {}
[40.265337] (-) TimerEvent: {}
[40.365770] (-) TimerEvent: {}
[40.466169] (-) TimerEvent: {}
[40.566551] (-) TimerEvent: {}
[40.666959] (-) TimerEvent: {}
[40.767372] (-) TimerEvent: {}
[40.867854] (-) TimerEvent: {}
[40.968265] (-) TimerEvent: {}
[41.068707] (-) TimerEvent: {}
[41.169120] (-) TimerEvent: {}
[41.269540] (-) TimerEvent: {}
[41.369926] (-) TimerEvent: {}
[41.470320] (-) TimerEvent: {}
[41.570712] (-) TimerEvent: {}
[41.671147] (-) TimerEvent: {}
[41.771612] (-) TimerEvent: {}
[41.872059] (-) TimerEvent: {}
[41.972488] (-) TimerEvent: {}
[42.072862] (-) TimerEvent: {}
[42.173255] (-) TimerEvent: {}
[42.273620] (-) TimerEvent: {}
[42.373988] (-) TimerEvent: {}
[42.474378] (-) TimerEvent: {}
[42.574821] (-) TimerEvent: {}
[42.675204] (-) TimerEvent: {}
[42.775616] (-) TimerEvent: {}
[42.876012] (-) TimerEvent: {}
[42.976434] (-) TimerEvent: {}
[43.076818] (-) TimerEvent: {}
[43.177223] (-) TimerEvent: {}
[43.277623] (-) TimerEvent: {}
[43.378033] (-) TimerEvent: {}
[43.478417] (-) TimerEvent: {}
[43.578814] (-) TimerEvent: {}
[43.679232] (-) TimerEvent: {}
[43.779654] (-) TimerEvent: {}
[43.880080] (-) TimerEvent: {}
[43.980461] (-) TimerEvent: {}
[44.080828] (-) TimerEvent: {}
[44.181183] (-) TimerEvent: {}
[44.281542] (-) TimerEvent: {}
[44.381894] (-) TimerEvent: {}
[44.482259] (-) TimerEvent: {}
[44.582612] (-) TimerEvent: {}
[44.682965] (-) TimerEvent: {}
[44.783329] (-) TimerEvent: {}
[44.883717] (-) TimerEvent: {}
[44.984170] (-) TimerEvent: {}
[45.084543] (-) TimerEvent: {}
[45.184969] (-) TimerEvent: {}
[45.285399] (-) TimerEvent: {}
[45.385768] (-) TimerEvent: {}
[45.486134] (-) TimerEvent: {}
[45.586498] (-) TimerEvent: {}
[45.686865] (-) TimerEvent: {}
[45.787240] (-) TimerEvent: {}
[45.887647] (-) TimerEvent: {}
[45.988041] (-) TimerEvent: {}
[46.088402] (-) TimerEvent: {}
[46.188811] (-) TimerEvent: {}
[46.289271] (-) TimerEvent: {}
[46.389722] (-) TimerEvent: {}
[46.490162] (-) TimerEvent: {}
[46.590601] (-) TimerEvent: {}
[46.691041] (-) TimerEvent: {}
[46.791481] (-) TimerEvent: {}
[46.891999] (-) TimerEvent: {}
[46.992429] (-) TimerEvent: {}
[47.092891] (-) TimerEvent: {}
[47.193309] (-) TimerEvent: {}
[47.293759] (-) TimerEvent: {}
[47.394190] (-) TimerEvent: {}
[47.494621] (-) TimerEvent: {}
[47.595057] (-) TimerEvent: {}
[47.695466] (-) TimerEvent: {}
[47.796039] (-) TimerEvent: {}
[47.896470] (-) TimerEvent: {}
[47.996914] (-) TimerEvent: {}
[48.097335] (-) TimerEvent: {}
[48.197790] (-) TimerEvent: {}
[48.298219] (-) TimerEvent: {}
[48.398675] (-) TimerEvent: {}
[48.499105] (-) TimerEvent: {}
[48.599529] (-) TimerEvent: {}
[48.700084] (-) TimerEvent: {}
[48.800525] (-) TimerEvent: {}
[48.900905] (-) TimerEvent: {}
[49.001317] (-) TimerEvent: {}
[49.101755] (-) TimerEvent: {}
[49.202179] (-) TimerEvent: {}
[49.302596] (-) TimerEvent: {}
[49.403058] (-) TimerEvent: {}
[49.503503] (-) TimerEvent: {}
[49.604000] (-) TimerEvent: {}
[49.704483] (-) TimerEvent: {}
[49.804853] (-) TimerEvent: {}
[49.905216] (-) TimerEvent: {}
[50.005564] (-) TimerEvent: {}
[50.105922] (-) TimerEvent: {}
[50.206283] (-) TimerEvent: {}
[50.306634] (-) TimerEvent: {}
[50.406981] (-) TimerEvent: {}
[50.507329] (-) TimerEvent: {}
[50.607690] (-) TimerEvent: {}
[50.708036] (-) TimerEvent: {}
[50.808371] (-) TimerEvent: {}
[50.908722] (-) TimerEvent: {}
[51.009098] (-) TimerEvent: {}
[51.109486] (-) TimerEvent: {}
[51.209855] (-) TimerEvent: {}
[51.310216] (-) TimerEvent: {}
[51.410582] (-) TimerEvent: {}
[51.510973] (-) TimerEvent: {}
[51.611331] (-) TimerEvent: {}
[51.711728] (-) TimerEvent: {}
[51.812117] (-) TimerEvent: {}
[51.912483] (-) TimerEvent: {}
[52.012919] (-) TimerEvent: {}
[52.113298] (-) TimerEvent: {}
[52.213668] (-) TimerEvent: {}
[52.314024] (-) TimerEvent: {}
[52.414370] (-) TimerEvent: {}
[52.514793] (-) TimerEvent: {}
[52.615230] (-) TimerEvent: {}
[52.715651] (-) TimerEvent: {}
[52.816078] (-) TimerEvent: {}
[52.916520] (-) TimerEvent: {}
[53.016938] (-) TimerEvent: {}
[53.117374] (-) TimerEvent: {}
[53.217806] (-) TimerEvent: {}
[53.318164] (-) TimerEvent: {}
[53.334640] (qt_robot_control) StdoutLine: {'line': b'[ 44%] Linking CXX executable qt_robot_control\n'}
[53.418342] (-) TimerEvent: {}
[53.518798] (-) TimerEvent: {}
[53.619242] (-) TimerEvent: {}
[53.719780] (-) TimerEvent: {}
[53.820218] (-) TimerEvent: {}
[53.920653] (-) TimerEvent: {}
[54.021146] (-) TimerEvent: {}
[54.121659] (-) TimerEvent: {}
[54.222180] (-) TimerEvent: {}
[54.322699] (-) TimerEvent: {}
[54.423217] (-) TimerEvent: {}
[54.523764] (-) TimerEvent: {}
[54.624273] (-) TimerEvent: {}
[54.724765] (-) TimerEvent: {}
[54.825308] (-) TimerEvent: {}
[54.925806] (-) TimerEvent: {}
[55.026314] (-) TimerEvent: {}
[55.126832] (-) TimerEvent: {}
[55.227337] (-) TimerEvent: {}
[55.327882] (-) TimerEvent: {}
[55.428388] (-) TimerEvent: {}
[55.528889] (-) TimerEvent: {}
[55.629398] (-) TimerEvent: {}
[55.729913] (-) TimerEvent: {}
[55.830448] (-) TimerEvent: {}
[55.930966] (-) TimerEvent: {}
[56.031477] (-) TimerEvent: {}
[56.132012] (-) TimerEvent: {}
[56.232533] (-) TimerEvent: {}
[56.332972] (-) TimerEvent: {}
[56.433394] (-) TimerEvent: {}
[56.533829] (-) TimerEvent: {}
[56.634231] (-) TimerEvent: {}
[56.734621] (-) TimerEvent: {}
[56.835003] (-) TimerEvent: {}
[56.935397] (-) TimerEvent: {}
[57.035848] (-) TimerEvent: {}
[57.136251] (-) TimerEvent: {}
[57.236667] (-) TimerEvent: {}
[57.337086] (-) TimerEvent: {}
[57.437495] (-) TimerEvent: {}
[57.537906] (-) TimerEvent: {}
[57.638318] (-) TimerEvent: {}
[57.738721] (-) TimerEvent: {}
[57.839133] (-) TimerEvent: {}
[57.939597] (-) TimerEvent: {}
[58.039998] (-) TimerEvent: {}
[58.140409] (-) TimerEvent: {}
[58.240829] (-) TimerEvent: {}
[58.341242] (-) TimerEvent: {}
[58.441663] (-) TimerEvent: {}
[58.542083] (-) TimerEvent: {}
[58.642495] (-) TimerEvent: {}
[58.742932] (-) TimerEvent: {}
[58.843352] (-) TimerEvent: {}
[58.943796] (-) TimerEvent: {}
[59.044182] (-) TimerEvent: {}
[59.144576] (-) TimerEvent: {}
[59.244966] (-) TimerEvent: {}
[59.345353] (-) TimerEvent: {}
[59.445740] (-) TimerEvent: {}
[59.546148] (-) TimerEvent: {}
[59.646606] (-) TimerEvent: {}
[59.747139] (-) TimerEvent: {}
[59.847702] (-) TimerEvent: {}
[59.948220] (-) TimerEvent: {}
[60.048692] (-) TimerEvent: {}
[60.149184] (-) TimerEvent: {}
[60.249701] (-) TimerEvent: {}
[60.350203] (-) TimerEvent: {}
[60.450676] (-) TimerEvent: {}
[60.551149] (-) TimerEvent: {}
[60.651720] (-) TimerEvent: {}
[60.752228] (-) TimerEvent: {}
[60.852713] (-) TimerEvent: {}
[60.953239] (-) TimerEvent: {}
[61.053740] (-) TimerEvent: {}
[61.154221] (-) TimerEvent: {}
[61.254717] (-) TimerEvent: {}
[61.355220] (-) TimerEvent: {}
[61.455690] (-) TimerEvent: {}
[61.556128] (-) TimerEvent: {}
[61.656674] (-) TimerEvent: {}
[61.757115] (-) TimerEvent: {}
[61.857517] (-) TimerEvent: {}
[61.957942] (-) TimerEvent: {}
[62.058339] (-) TimerEvent: {}
[62.158681] (-) TimerEvent: {}
[62.259073] (-) TimerEvent: {}
[62.359511] (-) TimerEvent: {}
[62.460104] (-) TimerEvent: {}
[62.560463] (-) TimerEvent: {}
[62.660881] (-) TimerEvent: {}
[62.761308] (-) TimerEvent: {}
[62.861767] (-) TimerEvent: {}
[62.962258] (-) TimerEvent: {}
[63.062691] (-) TimerEvent: {}
[63.163114] (-) TimerEvent: {}
[63.263535] (-) TimerEvent: {}
[63.364071] (-) TimerEvent: {}
[63.464487] (-) TimerEvent: {}
[63.564907] (-) TimerEvent: {}
[63.665321] (-) TimerEvent: {}
[63.765760] (-) TimerEvent: {}
[63.866189] (-) TimerEvent: {}
[63.966631] (-) TimerEvent: {}
[64.067019] (-) TimerEvent: {}
[64.167427] (-) TimerEvent: {}
[64.267897] (-) TimerEvent: {}
[64.368423] (-) TimerEvent: {}
[64.468818] (-) TimerEvent: {}
[64.569198] (-) TimerEvent: {}
[64.630738] (qt_robot_control) StdoutLine: {'line': b'[100%] Built target qt_robot_control\n'}
[64.652732] (qt_robot_control) CommandEnded: {'returncode': 0}
[64.654687] (qt_robot_control) JobProgress: {'identifier': 'qt_robot_control', 'progress': 'install'}
[64.669350] (-) TimerEvent: {}
[64.672910] (qt_robot_control) Command: {'cmd': ['/usr/bin/cmake', '--install', '/home/HwHiAiUser/wheeltec_ros2/build/qt_robot_control'], 'cwd': '/home/HwHiAiUser/wheeltec_ros2/build/qt_robot_control', 'env': OrderedDict([('SHELL', '/bin/bash'), ('ROS_VERSION', '2'), ('GTK_IM_MODULE', 'ibus'), ('CONDA_EXE', '/usr/local/miniconda3/bin/conda'), ('_CE_M', ''), ('COMPOSER_NO_INTERACTION', '1'), ('ROS_PYTHON_VERSION', '3'), ('MS_ENABLE_GE', '1'), ('MX_SDK_HOME', '/home/HwHiAiUser/work/Mind_SDK/mxVision'), ('VSCODE_SERVER_SHUTDOWN_TIMEOUT', '300'), ('ELECTRON_RUN_AS_NODE', '1'), ('XMODIFIERS', '@im=ibus'), ('NPU_HOST_INC', '/usr/local/Ascend/ascend-toolkit/latest/runtime/include'), ('NPU_HOST_LIB', '/usr/local/Ascend/ascend-toolkit/latest/runtime/lib64/stub/aarch64'), ('PWD', '/home/HwHiAiUser/wheeltec_ros2/build/qt_robot_control'), ('LOGNAME', 'HwHiAiUser'), ('XDG_SESSION_TYPE', 'tty'), ('VSCODE_ESM_ENTRYPOINT', 'vs/workbench/api/node/extensionHostProcess'), ('MOTD_SHOWN', 'pam'), ('GST_PLUGIN_SCANNER', '/home/HwHiAiUser/work/Mind_SDK/mxVision/opensource/libexec/gstreamer-1.0/gst-plugin-scanner'), ('HOME', '/home/HwHiAiUser'), ('LANG', 'C.UTF-8'), ('LS_COLORS', ''), ('FORCE_COLOR', '0'), ('MS_DEV_FORCE_ACL', '1'), ('AMENT_PREFIX_PATH', '/home/HwHiAiUser/wheeltec_ros2/install/yesense_std_ros2:/home/HwHiAiUser/wheeltec_ros2/install/yesense_interface:/home/HwHiAiUser/wheeltec_ros2/install/wheeltec_rviz2:/home/HwHiAiUser/wheeltec_ros2/install/wheeltec_robot_urdf:/home/HwHiAiUser/wheeltec_ros2/install/turn_on_wheeltec_robot:/home/HwHiAiUser/wheeltec_ros2/install/wheeltec_robot_msg:/home/HwHiAiUser/wheeltec_ros2/install/wheeltec_robot_keyboard:/home/HwHiAiUser/wheeltec_ros2/install/wheeltec_gpio_control:/home/HwHiAiUser/wheeltec_ros2/install/web_video_server:/home/HwHiAiUser/wheeltec_ros2/install/usb_cam:/home/HwHiAiUser/wheeltec_ros2/install/tf2_tools:/home/HwHiAiUser/wheeltec_ros2/install/serial:/home/HwHiAiUser/wheeltec_ros2/install/rplidar_ros:/home/HwHiAiUser/wheeltec_ros2/install/lslidar_driver:/home/HwHiAiUser/wheeltec_ros2/install/lslidar_msgs:/home/HwHiAiUser/wheeltec_ros2/install/ldlidar_stl_ros2:/home/HwHiAiUser/wheeltec_ros2/install/ldlidar_sl_ros2:/home/HwHiAiUser/wheeltec_ros2/install/ldlidar:/home/HwHiAiUser/wheeltec_ros2/install/astra_camera:/home/HwHiAiUser/wheeltec_ros2/install/astra_camera_msgs:/home/HwHiAiUser/wheeltec_ros2/install/ackermann_msgs:/opt/ros/humble'), ('CMAKE_PREFIX_PATH', '/home/HwHiAiUser/wheeltec_ros2/install/yesense_std_ros2:/home/HwHiAiUser/wheeltec_ros2/install/yesense_interface:/home/HwHiAiUser/wheeltec_ros2/install/wheeltec_rviz2:/home/HwHiAiUser/wheeltec_ros2/install/wheeltec_robot_urdf:/home/HwHiAiUser/wheeltec_ros2/install/turn_on_wheeltec_robot:/home/HwHiAiUser/wheeltec_ros2/install/wheeltec_robot_msg:/home/HwHiAiUser/wheeltec_ros2/install/web_video_server:/home/HwHiAiUser/wheeltec_ros2/install/usb_cam:/home/HwHiAiUser/wheeltec_ros2/install/serial:/home/HwHiAiUser/wheeltec_ros2/install/rplidar_ros:/home/HwHiAiUser/wheeltec_ros2/install/lslidar_driver:/home/HwHiAiUser/wheeltec_ros2/install/lslidar_msgs:/home/HwHiAiUser/wheeltec_ros2/install/ldlidar_stl_ros2:/home/HwHiAiUser/wheeltec_ros2/install/ldlidar_sl_ros2:/home/HwHiAiUser/wheeltec_ros2/install/ldlidar:/home/HwHiAiUser/wheeltec_ros2/install/astra_camera:/home/HwHiAiUser/wheeltec_ros2/install/astra_camera_msgs:/home/HwHiAiUser/wheeltec_ros2/install/ackermann_msgs:/home/HwHiAiUser/wheeltec_ros2/install/wheeltec_robot_keyboard:/home/HwHiAiUser/wheeltec_ros2/install/wheeltec_gpio_control:/home/HwHiAiUser/wheeltec_ros2/install/tf2_tools:/opt/ros/humble'), ('VSCODE_AGENT_FOLDER', '/home/HwHiAiUser/.cursor-server'), ('VSCODE_L10N_BUNDLE_LOCATION', 'vscode-local:/c%3A/Users/25914/.cursor/extensions/ms-ceintl.vscode-language-pack-zh-hans-1.99.0-universal/translations/extensions/vscode.json-language-features.i18n.json'), ('COLCON_PREFIX_PATH', '/home/HwHiAiUser/wheeltec_ros2/install'), ('SSH_CONNECTION', '10.248.102.23 12022 10.248.102.204 22'), ('TOOLCHAIN_HOME', '/home/HwHiAiUser/Ascend/ascend-toolkit/latest/toolkit'), ('ASCEND_TOOLKIT_HOME', '/home/HwHiAiUser/Ascend/ascend-toolkit/latest'), ('CURSOR_AGENT', '1'), ('LESSCLOSE', '/usr/bin/lesspipe %s %s'), ('XDG_SESSION_CLASS', 'user'), ('VSCODE_HANDLES_SIGPIPE', 'true'), ('PYTHONPATH', '/home/HwHiAiUser/work/Mind_SDK/mxVision/python:/home/HwHiAiUser/Ascend/ascend-toolkit/latest/python/site-packages:/home/HwHiAiUser/Ascend/ascend-toolkit/latest/opp/built-in/op_impl/ai_core/tbe:/home/HwHiAiUser/wheeltec_ros2/install/yesense_interface/local/lib/python3.10/dist-packages:/home/HwHiAiUser/wheeltec_ros2/install/turn_on_wheeltec_robot/local/lib/python3.10/dist-packages:/home/HwHiAiUser/wheeltec_ros2/install/wheeltec_robot_msg/local/lib/python3.10/dist-packages:/home/HwHiAiUser/wheeltec_ros2/install/wheeltec_robot_keyboard/lib/python3.10/site-packages:/home/HwHiAiUser/wheeltec_ros2/install/wheeltec_gpio_control/lib/python3.10/site-packages:/home/HwHiAiUser/wheeltec_ros2/install/tf2_tools/lib/python3.10/site-packages:/home/HwHiAiUser/wheeltec_ros2/install/lslidar_msgs/local/lib/python3.10/dist-packages:/home/HwHiAiUser/wheeltec_ros2/install/astra_camera_msgs/local/lib/python3.10/dist-packages:/home/HwHiAiUser/wheeltec_ros2/install/ackermann_msgs/local/lib/python3.10/dist-packages:/opt/ros/humble/lib/python3.10/site-packages:/opt/ros/humble/local/lib/python3.10/dist-packages:/usr/local/Ascend/ascend-toolkit/latest/python/site-packages:/usr/local/Ascend/ascend-toolkit/latest/opp/built-in/op_impl/ai_core/tbe:/usr/local/Ascend/ascend-toolkit/laster/python/site-packages:/usr/local/Ascend/ascend-toolkit/laster/opp/built-in/op_impl/ai_core/tbe:/usr/local/Ascend/ascend-toolkit/laster/python/site-packages:/usr/local/Ascend/ascend-toolkit/laster/opp/built-in/op_impl/ai_core/tbe:'), ('COLCON', '1'), ('TERM', 'dumb'), ('_CE_CONDA', ''), ('ASCEND_CUSTOM_OPP_PATH', '/home/HwHiAiUser/work/Mind_SDK/mxVision/operators/ascendc/vendors/customize:'), ('LESSOPEN', '| /usr/bin/lesspipe %s'), ('USER', 'HwHiAiUser'), ('CONDA_SHLVL', '0'), ('SHLVL', '2'), ('QT_IM_MODULE', 'ibus'), ('VSCODE_CWD', '/home/HwHiAiUser'), ('XDG_SESSION_ID', '7'), ('NO_COLOR', '1'), ('ASCEND_OPP_PATH', '/home/HwHiAiUser/Ascend/ascend-toolkit/latest/opp'), ('GST_PLUGIN_PATH', '/home/HwHiAiUser/work/Mind_SDK/mxVision/opensource/lib/gstreamer-1.0:/home/HwHiAiUser/work/Mind_SDK/mxVision/lib/plugins'), ('CONDA_PYTHON_EXE', '/usr/local/miniconda3/bin/python'), ('LD_LIBRARY_PATH', '/usr/lib/aarch64-linux-gnu:/usr/lib:/home/HwHiAiUser/work/Mind_SDK/mxVision/operators/ascendc/vendors/customize/op_api/lib:/home/HwHiAiUser/work/Mind_SDK/mxVision/lib/modelpostprocessors:/home/HwHiAiUser/work/Mind_SDK/mxVision/lib:/home/HwHiAiUser/work/Mind_SDK/mxVision/opensource/lib:/home/HwHiAiUser/work/Mind_SDK/mxVision/opensource/lib64:/home/HwHiAiUser/Ascend/ascend-toolkit/latest/tools/aml/lib64:/home/HwHiAiUser/Ascend/ascend-toolkit/latest/tools/aml/lib64/plugin:/home/HwHiAiUser/Ascend/ascend-toolkit/latest/lib64:/home/HwHiAiUser/Ascend/ascend-toolkit/latest/lib64/plugin/opskernel:/home/HwHiAiUser/Ascend/ascend-toolkit/latest/lib64/plugin/nnengine:/home/HwHiAiUser/Ascend/ascend-toolkit/latest/opp/built-in/op_impl/ai_core/tbe/op_tiling/lib/linux/aarch64:/var/davinci/driver/lib64:/var/davinci/driver/lib64/common:/var/davinci/driver/lib64/driver:/home/HwHiAiUser/wheeltec_ros2/install/yesense_interface/lib:/home/HwHiAiUser/wheeltec_ros2/install/turn_on_wheeltec_robot/lib:/home/HwHiAiUser/wheeltec_ros2/install/wheeltec_robot_msg/lib:/home/HwHiAiUser/wheeltec_ros2/install/usb_cam/lib:/home/HwHiAiUser/wheeltec_ros2/install/serial/lib:/home/HwHiAiUser/wheeltec_ros2/install/lslidar_msgs/lib:/home/HwHiAiUser/wheeltec_ros2/install/astra_camera/lib:/home/HwHiAiUser/wheeltec_ros2/install/astra_camera_msgs/lib:/home/HwHiAiUser/wheeltec_ros2/install/ackermann_msgs/lib:/opt/ros/humble/opt/rviz_ogre_vendor/lib:/opt/ros/humble/lib/aarch64-linux-gnu:/opt/ros/humble/lib:/usr/local/Ascend/ascend-toolkit/latest/tools/aml/lib64:/usr/local/Ascend/ascend-toolkit/latest/tools/aml/lib64/plugin:/usr/local/Ascend/ascend-toolkit/latest/lib64:/usr/local/Ascend/ascend-toolkit/latest/lib64/plugin/opskernel:/usr/local/Ascend/ascend-toolkit/latest/lib64/plugin/nnengine:/usr/local/Ascend/ascend-toolkit/latest/opp/built-in/op_impl/ai_core/tbe/op_tiling/lib/linux/aarch64:/lib64:/var/davinci/driver/lib64:/var/davinci/driver/lib64/common:/var/davinci/driver/lib64/driver:/usr/local/Ascend/ascend-toolkit/laster/runtime/lib64/stub/aarch64:/usr/local/Ascend/ascend-toolkit/laster/lib64:/usr/local/Ascend/ascend-toolkit/laster/lib64/plugin/opskernel:/usr/local/Ascend/ascend-toolkit/laster/lib64/plugin/nnengine:/usr/local/Ascend/ascend-toolkit/laster/opp/built-in/op_impl/ai_core/tbe/op_tiling:/usr/local/Ascend/driver/lib64:/var/davinci/driver/lib64:/var/davinci/driver/lib64/common:/var/davinci/driver/lib64/driver:/usr/local/Ascend/ascend-toolkit/laster/runtime/lib64/stub/aarch64:/usr/local/Ascend/ascend-toolkit/laster/lib64:/usr/local/Ascend/ascend-toolkit/laster/lib64/plugin/opskernel:/usr/local/Ascend/ascend-toolkit/laster/lib64/plugin/nnengine:/usr/local/Ascend/ascend-toolkit/laster/opp/built-in/op_impl/ai_core/tbe/op_tiling:/usr/local/Ascend/driver/lib64:/var/davinci/driver/lib64:/var/davinci/driver/lib64/common:/var/davinci/driver/lib64/driver:'), ('ASCEND_AICPU_PATH', '/home/HwHiAiUser/Ascend/ascend-toolkit/latest'), ('XDG_RUNTIME_DIR', '/run/user/1000'), ('ROS_LOCALHOST_ONLY', '0'), ('SSH_CLIENT', '10.248.102.23 12022 22'), ('XDG_DATA_DIRS', '/usr/share/gnome:/usr/local/share:/usr/share:/var/lib/snapd/desktop'), ('BROWSER', '/home/HwHiAiUser/.cursor-server/bin/7236ee799a5bffd9f28fa4fd18bdc6eab5e08df0/bin/helpers/browser.sh'), ('PATH', '/home/HwHiAiUser/.local/bin:/home/HwHiAiUser/Ascend/ascend-toolkit/latest/bin:/home/HwHiAiUser/Ascend/ascend-toolkit/latest/compiler/ccec_compiler/bin:/home/HwHiAiUser/Ascend/ascend-toolkit/latest/tools/ccec_compiler/bin:/opt/ros/humble/bin:/usr/local/Ascend/ascend-toolkit/latest/bin:/usr/local/Ascend/ascend-toolkit/latest/compiler/ccec_compiler/bin:/usr/local/Ascend/ascend-toolkit/latest/tools/ccec_compiler/bin:/usr/local/miniconda3/condabin:/usr/local/Ascend/ascend-toolkit/laster/bin:/usr/local/Ascend/ascend-toolkit/laster/compiler/ccec_compiler/bin:/home/HwHiAiUser/.cursor-server/bin/7236ee799a5bffd9f28fa4fd18bdc6eab5e08df0/bin/remote-cli:/home/HwHiAiUser/.cursor-server/bin/7236ee799a5bffd9f28fa4fd18bdc6eab5e08df0/bin/remote-cli:/home/HwHiAiUser/.local/bin:/usr/local/Ascend/ascend-toolkit/laster/bin:/usr/local/Ascend/ascend-toolkit/laster/compiler/ccec_compiler/bin:/usr/local/sbin:/usr/local/bin:/usr/sbin:/usr/bin:/sbin:/bin:/usr/games:/usr/local/games:/snap/bin:/home/HwHiAiUser/.fishros/bin/'), ('ASCEND_HOME_PATH', '/home/HwHiAiUser/Ascend/ascend-toolkit/latest'), ('DBUS_SESSION_BUS_ADDRESS', 'unix:path=/run/user/1000/bus'), ('VSCODE_NLS_CONFIG', '{"userLocale":"zh-cn","osLocale":"zh-cn","resolvedLanguage":"en","defaultMessagesFile":"/home/HwHiAiUser/.cursor-server/bin/7236ee799a5bffd9f28fa4fd18bdc6eab5e08df0/out/nls.messages.json","locale":"zh-cn","availableLanguages":{}}'), ('ROS_DISTRO', 'humble'), ('VSCODE_HANDLES_UNCAUGHT_ERRORS', 'true'), ('OLDPWD', '/home/HwHiAiUser/wheeltec_ros2'), ('VSCODE_IPC_HOOK_CLI', '/run/user/1000/vscode-ipc-98642f8e-2152-44c8-8bc5-3c3283fefe37.sock'), ('_', '/usr/bin/env')]), 'shell': False}
[64.688789] (qt_robot_control) StdoutLine: {'line': b'-- Install configuration: ""\n'}
[64.689416] (qt_robot_control) StdoutLine: {'line': b'-- Installing: /home/HwHiAiUser/wheeltec_ros2/install/qt_robot_control/lib/qt_robot_control/qt_robot_control\n'}
[64.713179] (qt_robot_control) StdoutLine: {'line': b'-- Set runtime path of "/home/HwHiAiUser/wheeltec_ros2/install/qt_robot_control/lib/qt_robot_control/qt_robot_control" to ""\n'}
[64.713948] (qt_robot_control) StdoutLine: {'line': b'-- Up-to-date: /home/HwHiAiUser/wheeltec_ros2/install/qt_robot_control/share/ament_index/resource_index/package_run_dependencies/qt_robot_control\n'}
[64.714578] (qt_robot_control) StdoutLine: {'line': b'-- Up-to-date: /home/HwHiAiUser/wheeltec_ros2/install/qt_robot_control/share/ament_index/resource_index/parent_prefix_path/qt_robot_control\n'}
[64.714780] (qt_robot_control) StdoutLine: {'line': b'-- Up-to-date: /home/HwHiAiUser/wheeltec_ros2/install/qt_robot_control/share/qt_robot_control/environment/ament_prefix_path.sh\n'}
[64.714946] (qt_robot_control) StdoutLine: {'line': b'-- Up-to-date: /home/HwHiAiUser/wheeltec_ros2/install/qt_robot_control/share/qt_robot_control/environment/ament_prefix_path.dsv\n'}
[64.715112] (qt_robot_control) StdoutLine: {'line': b'-- Up-to-date: /home/HwHiAiUser/wheeltec_ros2/install/qt_robot_control/share/qt_robot_control/environment/path.sh\n'}
[64.715271] (qt_robot_control) StdoutLine: {'line': b'-- Up-to-date: /home/HwHiAiUser/wheeltec_ros2/install/qt_robot_control/share/qt_robot_control/environment/path.dsv\n'}
[64.715427] (qt_robot_control) StdoutLine: {'line': b'-- Up-to-date: /home/HwHiAiUser/wheeltec_ros2/install/qt_robot_control/share/qt_robot_control/local_setup.bash\n'}
[64.715774] (qt_robot_control) StdoutLine: {'line': b'-- Up-to-date: /home/HwHiAiUser/wheeltec_ros2/install/qt_robot_control/share/qt_robot_control/local_setup.sh\n'}
[64.715965] (qt_robot_control) StdoutLine: {'line': b'-- Up-to-date: /home/HwHiAiUser/wheeltec_ros2/install/qt_robot_control/share/qt_robot_control/local_setup.zsh\n'}
[64.716128] (qt_robot_control) StdoutLine: {'line': b'-- Up-to-date: /home/HwHiAiUser/wheeltec_ros2/install/qt_robot_control/share/qt_robot_control/local_setup.dsv\n'}
[64.716284] (qt_robot_control) StdoutLine: {'line': b'-- Installing: /home/HwHiAiUser/wheeltec_ros2/install/qt_robot_control/share/qt_robot_control/package.dsv\n'}
[64.716489] (qt_robot_control) StdoutLine: {'line': b'-- Up-to-date: /home/HwHiAiUser/wheeltec_ros2/install/qt_robot_control/share/ament_index/resource_index/packages/qt_robot_control\n'}
[64.716652] (qt_robot_control) StdoutLine: {'line': b'-- Up-to-date: /home/HwHiAiUser/wheeltec_ros2/install/qt_robot_control/share/qt_robot_control/cmake/qt_robot_controlConfig.cmake\n'}
[64.716816] (qt_robot_control) StdoutLine: {'line': b'-- Up-to-date: /home/HwHiAiUser/wheeltec_ros2/install/qt_robot_control/share/qt_robot_control/cmake/qt_robot_controlConfig-version.cmake\n'}
[64.716971] (qt_robot_control) StdoutLine: {'line': b'-- Up-to-date: /home/HwHiAiUser/wheeltec_ros2/install/qt_robot_control/share/qt_robot_control/package.xml\n'}
[64.718425] (qt_robot_control) CommandEnded: {'returncode': 0}
[64.767027] (qt_robot_control) JobEnded: {'identifier': 'qt_robot_control', 'rc': 0}
[64.768642] (-) EventReactorShutdown: {}
