[0.068s] Invoking command in '/home/HwHiAiUser/wheeltec_ros2/build/web_video_server': CMAKE_PREFIX_PATH=${CMAKE_PREFIX_PATH}:/home/HwHiAiUser/wheeltec_ros2/install/wheeltec_robot_keyboard:/home/HwHiAiUser/wheeltec_ros2/install/wheeltec_gpio_control:/home/HwHiAiUser/wheeltec_ros2/install/tf2_tools:/opt/ros/humble _=/usr/bin/env /usr/bin/cmake --build /home/HwHiAiUser/wheeltec_ros2/build/web_video_server -- -j4 -l4
[0.633s] [100%] Built target web_video_server
[0.715s] Invoked command in '/home/HwHiAiUser/wheeltec_ros2/build/web_video_server' returned '0': CMAKE_PREFIX_PATH=${CMAKE_PREFIX_PATH}:/home/HwHiAiUser/wheeltec_ros2/install/wheeltec_robot_keyboard:/home/HwHiAiUser/wheeltec_ros2/install/wheeltec_gpio_control:/home/HwHiAiUser/wheeltec_ros2/install/tf2_tools:/opt/ros/humble _=/usr/bin/env /usr/bin/cmake --build /home/HwHiAiUser/wheeltec_ros2/build/web_video_server -- -j4 -l4
[0.717s] Invoking command in '/home/HwHiAiUser/wheeltec_ros2/build/web_video_server': CMAKE_PREFIX_PATH=${CMAKE_PREFIX_PATH}:/home/HwHiAiUser/wheeltec_ros2/install/wheeltec_robot_keyboard:/home/HwHiAiUser/wheeltec_ros2/install/wheeltec_gpio_control:/home/HwHiAiUser/wheeltec_ros2/install/tf2_tools:/opt/ros/humble _=/usr/bin/env /usr/bin/cmake --install /home/HwHiAiUser/wheeltec_ros2/build/web_video_server
[0.750s] -- Install configuration: ""
[0.750s] -- Up-to-date: /home/HwHiAiUser/wheeltec_ros2/install/web_video_server/lib/web_video_server/web_video_server
[0.751s] -- Up-to-date: /home/HwHiAiUser/wheeltec_ros2/install/web_video_server/include/web_video_server
[0.751s] -- Up-to-date: /home/HwHiAiUser/wheeltec_ros2/install/web_video_server/include/web_video_server/image_streamer.h
[0.751s] -- Up-to-date: /home/HwHiAiUser/wheeltec_ros2/install/web_video_server/include/web_video_server/png_streamers.h
[0.752s] -- Up-to-date: /home/HwHiAiUser/wheeltec_ros2/install/web_video_server/include/web_video_server/ros_compressed_streamer.h
[0.752s] -- Up-to-date: /home/HwHiAiUser/wheeltec_ros2/install/web_video_server/include/web_video_server/libav_streamer.h
[0.752s] -- Up-to-date: /home/HwHiAiUser/wheeltec_ros2/install/web_video_server/include/web_video_server/h264_streamer.h
[0.752s] -- Up-to-date: /home/HwHiAiUser/wheeltec_ros2/install/web_video_server/include/web_video_server/multipart_stream.h
[0.753s] -- Up-to-date: /home/HwHiAiUser/wheeltec_ros2/install/web_video_server/include/web_video_server/web_video_server.h
[0.753s] -- Up-to-date: /home/HwHiAiUser/wheeltec_ros2/install/web_video_server/include/web_video_server/vp9_streamer.h
[0.753s] -- Up-to-date: /home/HwHiAiUser/wheeltec_ros2/install/web_video_server/include/web_video_server/jpeg_streamers.h
[0.753s] -- Up-to-date: /home/HwHiAiUser/wheeltec_ros2/install/web_video_server/include/web_video_server/vp8_streamer.h
[0.754s] -- Up-to-date: /home/HwHiAiUser/wheeltec_ros2/install/web_video_server/share/ament_index/resource_index/package_run_dependencies/web_video_server
[0.754s] -- Up-to-date: /home/HwHiAiUser/wheeltec_ros2/install/web_video_server/share/ament_index/resource_index/parent_prefix_path/web_video_server
[0.754s] -- Up-to-date: /home/HwHiAiUser/wheeltec_ros2/install/web_video_server/share/web_video_server/environment/ament_prefix_path.sh
[0.755s] -- Up-to-date: /home/HwHiAiUser/wheeltec_ros2/install/web_video_server/share/web_video_server/environment/ament_prefix_path.dsv
[0.755s] -- Up-to-date: /home/HwHiAiUser/wheeltec_ros2/install/web_video_server/share/web_video_server/environment/path.sh
[0.756s] -- Up-to-date: /home/HwHiAiUser/wheeltec_ros2/install/web_video_server/share/web_video_server/environment/path.dsv
[0.756s] -- Up-to-date: /home/HwHiAiUser/wheeltec_ros2/install/web_video_server/share/web_video_server/local_setup.bash
[0.756s] -- Up-to-date: /home/HwHiAiUser/wheeltec_ros2/install/web_video_server/share/web_video_server/local_setup.sh
[0.756s] -- Up-to-date: /home/HwHiAiUser/wheeltec_ros2/install/web_video_server/share/web_video_server/local_setup.zsh
[0.757s] -- Up-to-date: /home/HwHiAiUser/wheeltec_ros2/install/web_video_server/share/web_video_server/local_setup.dsv
[0.757s] -- Installing: /home/HwHiAiUser/wheeltec_ros2/install/web_video_server/share/web_video_server/package.dsv
[0.758s] -- Up-to-date: /home/HwHiAiUser/wheeltec_ros2/install/web_video_server/share/ament_index/resource_index/packages/web_video_server
[0.759s] -- Up-to-date: /home/HwHiAiUser/wheeltec_ros2/install/web_video_server/share/web_video_server/cmake/web_video_serverConfig.cmake
[0.759s] -- Up-to-date: /home/HwHiAiUser/wheeltec_ros2/install/web_video_server/share/web_video_server/cmake/web_video_serverConfig-version.cmake
[0.760s] -- Up-to-date: /home/HwHiAiUser/wheeltec_ros2/install/web_video_server/share/web_video_server/package.xml
[0.774s] Invoked command in '/home/HwHiAiUser/wheeltec_ros2/build/web_video_server' returned '0': CMAKE_PREFIX_PATH=${CMAKE_PREFIX_PATH}:/home/HwHiAiUser/wheeltec_ros2/install/wheeltec_robot_keyboard:/home/HwHiAiUser/wheeltec_ros2/install/wheeltec_gpio_control:/home/HwHiAiUser/wheeltec_ros2/install/tf2_tools:/opt/ros/humble _=/usr/bin/env /usr/bin/cmake --install /home/HwHiAiUser/wheeltec_ros2/build/web_video_server
