[5.890s] Invoking command in '/home/HwHiAiUser/wheeltec_ros2/src/depend/tf2_tools': PYTHONPATH=/home/HwHiAiUser/wheeltec_ros2/build/tf2_tools/prefix_override:/usr/lib/python3/dist-packages/colcon_core/task/python/colcon_distutils_commands:/home/HwHiAiUser/wheeltec_ros2/install/tf2_tools/lib/python3.10/site-packages:${PYTHONPATH} _=/usr/bin/env /usr/bin/python3 -W ignore:setup.py install is deprecated -W ignore:easy_install command is deprecated setup.py egg_info --egg-base ../../../build/tf2_tools build --build-base /home/HwHiAiUser/wheeltec_ros2/build/tf2_tools/build install --record /home/HwHiAiUser/wheeltec_ros2/build/tf2_tools/install.log --single-version-externally-managed install_data
[8.313s] running egg_info
[8.313s] writing ../../../build/tf2_tools/tf2_tools.egg-info/PKG-INFO
[8.313s] writing dependency_links to ../../../build/tf2_tools/tf2_tools.egg-info/dependency_links.txt
[8.314s] writing entry points to ../../../build/tf2_tools/tf2_tools.egg-info/entry_points.txt
[8.314s] writing requirements to ../../../build/tf2_tools/tf2_tools.egg-info/requires.txt
[8.314s] writing top-level names to ../../../build/tf2_tools/tf2_tools.egg-info/top_level.txt
[8.314s] reading manifest file '../../../build/tf2_tools/tf2_tools.egg-info/SOURCES.txt'
[8.314s] writing manifest file '../../../build/tf2_tools/tf2_tools.egg-info/SOURCES.txt'
[8.315s] running build
[8.315s] running build_py
[8.333s] running install
[8.334s] running install_lib
[8.334s] running install_data
[8.335s] running install_egg_info
[8.335s] removing '/home/HwHiAiUser/wheeltec_ros2/install/tf2_tools/lib/python3.10/site-packages/tf2_tools-0.17.1-py3.10.egg-info' (and everything under it)
[8.335s] Copying ../../../build/tf2_tools/tf2_tools.egg-info to /home/HwHiAiUser/wheeltec_ros2/install/tf2_tools/lib/python3.10/site-packages/tf2_tools-0.17.1-py3.10.egg-info
[8.335s] running install_scripts
[8.470s] Installing view_frames script to /home/HwHiAiUser/wheeltec_ros2/install/tf2_tools/lib/tf2_tools
[8.473s] writing list of installed files to '/home/HwHiAiUser/wheeltec_ros2/build/tf2_tools/install.log'
[8.797s] Invoked command in '/home/HwHiAiUser/wheeltec_ros2/src/depend/tf2_tools' returned '0': PYTHONPATH=/home/HwHiAiUser/wheeltec_ros2/build/tf2_tools/prefix_override:/usr/lib/python3/dist-packages/colcon_core/task/python/colcon_distutils_commands:/home/HwHiAiUser/wheeltec_ros2/install/tf2_tools/lib/python3.10/site-packages:${PYTHONPATH} _=/usr/bin/env /usr/bin/python3 -W ignore:setup.py install is deprecated -W ignore:easy_install command is deprecated setup.py egg_info --egg-base ../../../build/tf2_tools build --build-base /home/HwHiAiUser/wheeltec_ros2/build/tf2_tools/build install --record /home/HwHiAiUser/wheeltec_ros2/build/tf2_tools/install.log --single-version-externally-managed install_data
