[6.156s] Invoking command in '/home/HwHiAiUser/wheeltec_ros2/src/wheeltec_gpio_control': PYTHONPATH=/home/HwHiAiUser/wheeltec_ros2/build/wheeltec_gpio_control/prefix_override:/usr/lib/python3/dist-packages/colcon_core/task/python/colcon_distutils_commands:/home/HwHiAiUser/wheeltec_ros2/install/wheeltec_gpio_control/lib/python3.10/site-packages:${PYTHONPATH} _=/usr/bin/env /usr/bin/python3 -W ignore:setup.py install is deprecated -W ignore:easy_install command is deprecated setup.py egg_info --egg-base ../../build/wheeltec_gpio_control build --build-base /home/HwHiAiUser/wheeltec_ros2/build/wheeltec_gpio_control/build install --record /home/HwHiAiUser/wheeltec_ros2/build/wheeltec_gpio_control/install.log --install-scripts $base/lib/wheeltec_gpio_control --single-version-externally-managed install_data
[7.839s] /usr/lib/python3/dist-packages/setuptools/dist.py:723: UserWarning: Usage of dash-separated 'script-dir' will not be supported in future versions. Please use the underscore name 'script_dir' instead
[7.840s]   warnings.warn(
[7.884s] running egg_info
[7.889s] writing ../../build/wheeltec_gpio_control/wheeltec_gpio_control.egg-info/PKG-INFO
[7.889s] writing dependency_links to ../../build/wheeltec_gpio_control/wheeltec_gpio_control.egg-info/dependency_links.txt
[7.889s] writing entry points to ../../build/wheeltec_gpio_control/wheeltec_gpio_control.egg-info/entry_points.txt
[7.890s] writing requirements to ../../build/wheeltec_gpio_control/wheeltec_gpio_control.egg-info/requires.txt
[7.893s] writing top-level names to ../../build/wheeltec_gpio_control/wheeltec_gpio_control.egg-info/top_level.txt
[7.895s] reading manifest file '../../build/wheeltec_gpio_control/wheeltec_gpio_control.egg-info/SOURCES.txt'
[7.900s] writing manifest file '../../build/wheeltec_gpio_control/wheeltec_gpio_control.egg-info/SOURCES.txt'
[7.901s] running build
[7.901s] running build_py
[7.902s] running install
[7.903s] running install_lib
[7.910s] running install_data
[7.926s] running install_egg_info
[7.926s] removing '/home/HwHiAiUser/wheeltec_ros2/install/wheeltec_gpio_control/lib/python3.10/site-packages/wheeltec_gpio_control-0.0.1-py3.10.egg-info' (and everything under it)
[7.927s] Copying ../../build/wheeltec_gpio_control/wheeltec_gpio_control.egg-info to /home/HwHiAiUser/wheeltec_ros2/install/wheeltec_gpio_control/lib/python3.10/site-packages/wheeltec_gpio_control-0.0.1-py3.10.egg-info
[7.927s] running install_scripts
[7.998s] Installing gpio_control_node script to /home/HwHiAiUser/wheeltec_ros2/install/wheeltec_gpio_control/lib/wheeltec_gpio_control
[8.001s] writing list of installed files to '/home/HwHiAiUser/wheeltec_ros2/build/wheeltec_gpio_control/install.log'
[8.196s] Invoked command in '/home/HwHiAiUser/wheeltec_ros2/src/wheeltec_gpio_control' returned '0': PYTHONPATH=/home/HwHiAiUser/wheeltec_ros2/build/wheeltec_gpio_control/prefix_override:/usr/lib/python3/dist-packages/colcon_core/task/python/colcon_distutils_commands:/home/HwHiAiUser/wheeltec_ros2/install/wheeltec_gpio_control/lib/python3.10/site-packages:${PYTHONPATH} _=/usr/bin/env /usr/bin/python3 -W ignore:setup.py install is deprecated -W ignore:easy_install command is deprecated setup.py egg_info --egg-base ../../build/wheeltec_gpio_control build --build-base /home/HwHiAiUser/wheeltec_ros2/build/wheeltec_gpio_control/build install --record /home/HwHiAiUser/wheeltec_ros2/build/wheeltec_gpio_control/install.log --install-scripts $base/lib/wheeltec_gpio_control --single-version-externally-managed install_data
