[0.111s] Invoking command in '/home/HwHiAiUser/wheeltec_ros2/build/ldlidar_sl_ros2': CMAKE_PREFIX_PATH=/opt/ros/humble _=/usr/bin/env /usr/bin/cmake --build /home/HwHiAiUser/wheeltec_ros2/build/ldlidar_sl_ros2 -- -j4 -l4
[0.302s] [35m[1mConsolidate compiler generated dependencies of target ldlidar_sl_ros2_node[0m
[0.363s] [100%] Built target ldlidar_sl_ros2_node
[0.652s] Invoked command in '/home/HwHiAiUser/wheeltec_ros2/build/ldlidar_sl_ros2' returned '0': CMAKE_PREFIX_PATH=/opt/ros/humble _=/usr/bin/env /usr/bin/cmake --build /home/HwHiAiUser/wheeltec_ros2/build/ldlidar_sl_ros2 -- -j4 -l4
[0.654s] Invoking command in '/home/HwHiAiUser/wheeltec_ros2/build/ldlidar_sl_ros2': CMAKE_PREFIX_PATH=/opt/ros/humble _=/usr/bin/env /usr/bin/cmake --install /home/HwHiAiUser/wheeltec_ros2/build/ldlidar_sl_ros2
[0.700s] -- Install configuration: ""
[0.700s] -- Up-to-date: /home/HwHiAiUser/wheeltec_ros2/install/ldlidar_sl_ros2/lib/ldlidar_sl_ros2/ldlidar_sl_ros2_node
[0.704s] -- Up-to-date: /home/HwHiAiUser/wheeltec_ros2/install/ldlidar_sl_ros2/share/ldlidar_sl_ros2//launch
[0.705s] -- Up-to-date: /home/HwHiAiUser/wheeltec_ros2/install/ldlidar_sl_ros2/share/ldlidar_sl_ros2//launch/ld14.launch.py
[0.705s] -- Up-to-date: /home/HwHiAiUser/wheeltec_ros2/install/ldlidar_sl_ros2/share/ldlidar_sl_ros2//launch/viewer_ld14.launch.py
[0.710s] -- Up-to-date: /home/HwHiAiUser/wheeltec_ros2/install/ldlidar_sl_ros2/share/ldlidar_sl_ros2//rviz2
[0.712s] -- Up-to-date: /home/HwHiAiUser/wheeltec_ros2/install/ldlidar_sl_ros2/share/ldlidar_sl_ros2//rviz2/ldlidar.rviz
[0.713s] -- Up-to-date: /home/HwHiAiUser/wheeltec_ros2/install/ldlidar_sl_ros2/share/ldlidar_sl_ros2//scripts
[0.713s] -- Up-to-date: /home/HwHiAiUser/wheeltec_ros2/install/ldlidar_sl_ros2/share/ldlidar_sl_ros2//scripts/delete_udev_rules.sh
[0.713s] -- Up-to-date: /home/HwHiAiUser/wheeltec_ros2/install/ldlidar_sl_ros2/share/ldlidar_sl_ros2//scripts/ldlidar.rules
[0.714s] -- Up-to-date: /home/HwHiAiUser/wheeltec_ros2/install/ldlidar_sl_ros2/share/ldlidar_sl_ros2//scripts/create_udev_rules.sh
[0.718s] -- Up-to-date: /home/HwHiAiUser/wheeltec_ros2/install/ldlidar_sl_ros2/share/ament_index/resource_index/package_run_dependencies/ldlidar_sl_ros2
[0.719s] -- Up-to-date: /home/HwHiAiUser/wheeltec_ros2/install/ldlidar_sl_ros2/share/ament_index/resource_index/parent_prefix_path/ldlidar_sl_ros2
[0.720s] -- Up-to-date: /home/HwHiAiUser/wheeltec_ros2/install/ldlidar_sl_ros2/share/ldlidar_sl_ros2/environment/ament_prefix_path.sh
[0.721s] -- Up-to-date: /home/HwHiAiUser/wheeltec_ros2/install/ldlidar_sl_ros2/share/ldlidar_sl_ros2/environment/ament_prefix_path.dsv
[0.721s] -- Up-to-date: /home/HwHiAiUser/wheeltec_ros2/install/ldlidar_sl_ros2/share/ldlidar_sl_ros2/environment/path.sh
[0.721s] -- Up-to-date: /home/HwHiAiUser/wheeltec_ros2/install/ldlidar_sl_ros2/share/ldlidar_sl_ros2/environment/path.dsv
[0.722s] -- Up-to-date: /home/HwHiAiUser/wheeltec_ros2/install/ldlidar_sl_ros2/share/ldlidar_sl_ros2/local_setup.bash
[0.722s] -- Up-to-date: /home/HwHiAiUser/wheeltec_ros2/install/ldlidar_sl_ros2/share/ldlidar_sl_ros2/local_setup.sh
[0.723s] -- Up-to-date: /home/HwHiAiUser/wheeltec_ros2/install/ldlidar_sl_ros2/share/ldlidar_sl_ros2/local_setup.zsh
[0.723s] -- Up-to-date: /home/HwHiAiUser/wheeltec_ros2/install/ldlidar_sl_ros2/share/ldlidar_sl_ros2/local_setup.dsv
[0.728s] -- Installing: /home/HwHiAiUser/wheeltec_ros2/install/ldlidar_sl_ros2/share/ldlidar_sl_ros2/package.dsv
[0.745s] -- Up-to-date: /home/HwHiAiUser/wheeltec_ros2/install/ldlidar_sl_ros2/share/ament_index/resource_index/packages/ldlidar_sl_ros2
[0.745s] -- Up-to-date: /home/HwHiAiUser/wheeltec_ros2/install/ldlidar_sl_ros2/share/ldlidar_sl_ros2/cmake/ldlidar_sl_ros2Config.cmake
[0.746s] -- Up-to-date: /home/HwHiAiUser/wheeltec_ros2/install/ldlidar_sl_ros2/share/ldlidar_sl_ros2/cmake/ldlidar_sl_ros2Config-version.cmake
[0.746s] -- Up-to-date: /home/HwHiAiUser/wheeltec_ros2/install/ldlidar_sl_ros2/share/ldlidar_sl_ros2/package.xml
[0.763s] Invoked command in '/home/HwHiAiUser/wheeltec_ros2/build/ldlidar_sl_ros2' returned '0': CMAKE_PREFIX_PATH=/opt/ros/humble _=/usr/bin/env /usr/bin/cmake --install /home/HwHiAiUser/wheeltec_ros2/build/ldlidar_sl_ros2
