[0.053s] Invoking command in '/home/HwHiAiUser/wheeltec_ros2/build/wheeltec_robot_msg': CMAKE_PREFIX_PATH=${CMAKE_PREFIX_PATH}:/home/HwHiAiUser/wheeltec_ros2/install/wheeltec_robot_keyboard:/home/HwHiAiUser/wheeltec_ros2/install/wheeltec_gpio_control:/home/HwHiAiUser/wheeltec_ros2/install/tf2_tools:/opt/ros/humble _=/usr/bin/env /usr/bin/cmake --build /home/HwHiAiUser/wheeltec_ros2/build/wheeltec_robot_msg -- -j4 -l4
[0.273s] [  2%] Built target wheeltec_robot_msg__cpp
[0.380s] [  2%] Built target ament_cmake_python_copy_wheeltec_robot_msg
[0.499s] [ 12%] Built target wheeltec_robot_msg__rosidl_typesupport_fastrtps_cpp
[0.626s] [ 23%] Built target wheeltec_robot_msg__rosidl_typesupport_introspection_cpp
[2.336s] running egg_info
[2.340s] writing wheeltec_robot_msg.egg-info/PKG-INFO
[2.341s] writing dependency_links to wheeltec_robot_msg.egg-info/dependency_links.txt
[2.343s] writing top-level names to wheeltec_robot_msg.egg-info/top_level.txt
[2.354s] reading manifest file 'wheeltec_robot_msg.egg-info/SOURCES.txt'
[2.357s] writing manifest file 'wheeltec_robot_msg.egg-info/SOURCES.txt'
[2.621s] [ 23%] Built target ament_cmake_python_build_wheeltec_robot_msg_egg
[2.780s] [ 33%] Built target wheeltec_robot_msg__rosidl_typesupport_cpp
[2.903s] [ 43%] Built target wheeltec_robot_msg__rosidl_generator_c
[3.135s] [ 53%] Built target wheeltec_robot_msg__rosidl_typesupport_fastrtps_c
[3.309s] [ 64%] Built target wheeltec_robot_msg__rosidl_typesupport_c
[3.440s] [ 74%] Built target wheeltec_robot_msg__rosidl_typesupport_introspection_c
[3.558s] [ 74%] Built target wheeltec_robot_msg
[3.667s] [ 76%] Built target wheeltec_robot_msg__py
[3.807s] [ 84%] Built target wheeltec_robot_msg__rosidl_generator_py
[3.994s] [ 89%] Built target wheeltec_robot_msg__rosidl_typesupport_fastrtps_c__pyext
[4.146s] [ 94%] Built target wheeltec_robot_msg__rosidl_typesupport_c__pyext
[4.569s] [100%] Built target wheeltec_robot_msg__rosidl_typesupport_introspection_c__pyext
[4.577s] Invoked command in '/home/HwHiAiUser/wheeltec_ros2/build/wheeltec_robot_msg' returned '0': CMAKE_PREFIX_PATH=${CMAKE_PREFIX_PATH}:/home/HwHiAiUser/wheeltec_ros2/install/wheeltec_robot_keyboard:/home/HwHiAiUser/wheeltec_ros2/install/wheeltec_gpio_control:/home/HwHiAiUser/wheeltec_ros2/install/tf2_tools:/opt/ros/humble _=/usr/bin/env /usr/bin/cmake --build /home/HwHiAiUser/wheeltec_ros2/build/wheeltec_robot_msg -- -j4 -l4
[4.586s] Invoking command in '/home/HwHiAiUser/wheeltec_ros2/build/wheeltec_robot_msg': CMAKE_PREFIX_PATH=${CMAKE_PREFIX_PATH}:/home/HwHiAiUser/wheeltec_ros2/install/wheeltec_robot_keyboard:/home/HwHiAiUser/wheeltec_ros2/install/wheeltec_gpio_control:/home/HwHiAiUser/wheeltec_ros2/install/tf2_tools:/opt/ros/humble _=/usr/bin/env /usr/bin/cmake --install /home/HwHiAiUser/wheeltec_ros2/build/wheeltec_robot_msg
[4.587s] -- Install configuration: ""
[4.588s] -- Up-to-date: /home/HwHiAiUser/wheeltec_ros2/install/wheeltec_robot_msg/share/ament_index/resource_index/rosidl_interfaces/wheeltec_robot_msg
[4.588s] -- Up-to-date: /home/HwHiAiUser/wheeltec_ros2/install/wheeltec_robot_msg/include/wheeltec_robot_msg/wheeltec_robot_msg
[4.589s] -- Up-to-date: /home/HwHiAiUser/wheeltec_ros2/install/wheeltec_robot_msg/include/wheeltec_robot_msg/wheeltec_robot_msg/msg
[4.594s] -- Up-to-date: /home/HwHiAiUser/wheeltec_ros2/install/wheeltec_robot_msg/include/wheeltec_robot_msg/wheeltec_robot_msg/msg/detail
[4.614s] -- Up-to-date: /home/HwHiAiUser/wheeltec_ros2/install/wheeltec_robot_msg/include/wheeltec_robot_msg/wheeltec_robot_msg/msg/detail/supersonic__functions.h
[4.615s] -- Up-to-date: /home/HwHiAiUser/wheeltec_ros2/install/wheeltec_robot_msg/include/wheeltec_robot_msg/wheeltec_robot_msg/msg/detail/data__struct.h
[4.616s] -- Up-to-date: /home/HwHiAiUser/wheeltec_ros2/install/wheeltec_robot_msg/include/wheeltec_robot_msg/wheeltec_robot_msg/msg/detail/supersonic__functions.c
[4.616s] -- Up-to-date: /home/HwHiAiUser/wheeltec_ros2/install/wheeltec_robot_msg/include/wheeltec_robot_msg/wheeltec_robot_msg/msg/detail/data__type_support.h
[4.616s] -- Up-to-date: /home/HwHiAiUser/wheeltec_ros2/install/wheeltec_robot_msg/include/wheeltec_robot_msg/wheeltec_robot_msg/msg/detail/data__functions.c
[4.617s] -- Up-to-date: /home/HwHiAiUser/wheeltec_ros2/install/wheeltec_robot_msg/include/wheeltec_robot_msg/wheeltec_robot_msg/msg/detail/data__functions.h
[4.617s] -- Up-to-date: /home/HwHiAiUser/wheeltec_ros2/install/wheeltec_robot_msg/include/wheeltec_robot_msg/wheeltec_robot_msg/msg/detail/supersonic__struct.h
[4.627s] -- Up-to-date: /home/HwHiAiUser/wheeltec_ros2/install/wheeltec_robot_msg/include/wheeltec_robot_msg/wheeltec_robot_msg/msg/detail/supersonic__type_support.h
[4.628s] -- Up-to-date: /home/HwHiAiUser/wheeltec_ros2/install/wheeltec_robot_msg/include/wheeltec_robot_msg/wheeltec_robot_msg/msg/rosidl_generator_c__visibility_control.h
[4.628s] -- Up-to-date: /home/HwHiAiUser/wheeltec_ros2/install/wheeltec_robot_msg/include/wheeltec_robot_msg/wheeltec_robot_msg/msg/supersonic.h
[4.629s] -- Up-to-date: /home/HwHiAiUser/wheeltec_ros2/install/wheeltec_robot_msg/include/wheeltec_robot_msg/wheeltec_robot_msg/msg/data.h
[4.629s] -- Up-to-date: /home/HwHiAiUser/wheeltec_ros2/install/wheeltec_robot_msg/share/wheeltec_robot_msg/environment/library_path.sh
[4.629s] -- Up-to-date: /home/HwHiAiUser/wheeltec_ros2/install/wheeltec_robot_msg/share/wheeltec_robot_msg/environment/library_path.dsv
[4.629s] -- Up-to-date: /home/HwHiAiUser/wheeltec_ros2/install/wheeltec_robot_msg/lib/libwheeltec_robot_msg__rosidl_generator_c.so
[4.629s] -- Up-to-date: /home/HwHiAiUser/wheeltec_ros2/install/wheeltec_robot_msg/include/wheeltec_robot_msg/wheeltec_robot_msg
[4.630s] -- Up-to-date: /home/HwHiAiUser/wheeltec_ros2/install/wheeltec_robot_msg/include/wheeltec_robot_msg/wheeltec_robot_msg/msg
[4.630s] -- Up-to-date: /home/HwHiAiUser/wheeltec_ros2/install/wheeltec_robot_msg/include/wheeltec_robot_msg/wheeltec_robot_msg/msg/detail
[4.630s] -- Up-to-date: /home/HwHiAiUser/wheeltec_ros2/install/wheeltec_robot_msg/include/wheeltec_robot_msg/wheeltec_robot_msg/msg/detail/supersonic__rosidl_typesupport_fastrtps_c.h
[4.630s] -- Up-to-date: /home/HwHiAiUser/wheeltec_ros2/install/wheeltec_robot_msg/include/wheeltec_robot_msg/wheeltec_robot_msg/msg/detail/data__rosidl_typesupport_fastrtps_c.h
[4.631s] -- Up-to-date: /home/HwHiAiUser/wheeltec_ros2/install/wheeltec_robot_msg/include/wheeltec_robot_msg/wheeltec_robot_msg/msg/rosidl_typesupport_fastrtps_c__visibility_control.h
[4.631s] -- Up-to-date: /home/HwHiAiUser/wheeltec_ros2/install/wheeltec_robot_msg/lib/libwheeltec_robot_msg__rosidl_typesupport_fastrtps_c.so
[4.631s] -- Up-to-date: /home/HwHiAiUser/wheeltec_ros2/install/wheeltec_robot_msg/include/wheeltec_robot_msg/wheeltec_robot_msg
[4.631s] -- Up-to-date: /home/HwHiAiUser/wheeltec_ros2/install/wheeltec_robot_msg/include/wheeltec_robot_msg/wheeltec_robot_msg/msg
[4.631s] -- Up-to-date: /home/HwHiAiUser/wheeltec_ros2/install/wheeltec_robot_msg/include/wheeltec_robot_msg/wheeltec_robot_msg/msg/detail
[4.632s] -- Up-to-date: /home/HwHiAiUser/wheeltec_ros2/install/wheeltec_robot_msg/include/wheeltec_robot_msg/wheeltec_robot_msg/msg/detail/supersonic__type_support.c
[4.632s] -- Up-to-date: /home/HwHiAiUser/wheeltec_ros2/install/wheeltec_robot_msg/include/wheeltec_robot_msg/wheeltec_robot_msg/msg/detail/supersonic__rosidl_typesupport_introspection_c.h
[4.632s] -- Up-to-date: /home/HwHiAiUser/wheeltec_ros2/install/wheeltec_robot_msg/include/wheeltec_robot_msg/wheeltec_robot_msg/msg/detail/data__type_support.c
[4.632s] -- Up-to-date: /home/HwHiAiUser/wheeltec_ros2/install/wheeltec_robot_msg/include/wheeltec_robot_msg/wheeltec_robot_msg/msg/detail/data__rosidl_typesupport_introspection_c.h
[4.632s] -- Up-to-date: /home/HwHiAiUser/wheeltec_ros2/install/wheeltec_robot_msg/include/wheeltec_robot_msg/wheeltec_robot_msg/msg/rosidl_typesupport_introspection_c__visibility_control.h
[4.632s] -- Up-to-date: /home/HwHiAiUser/wheeltec_ros2/install/wheeltec_robot_msg/lib/libwheeltec_robot_msg__rosidl_typesupport_introspection_c.so
[4.633s] -- Up-to-date: /home/HwHiAiUser/wheeltec_ros2/install/wheeltec_robot_msg/lib/libwheeltec_robot_msg__rosidl_typesupport_c.so
[4.633s] -- Up-to-date: /home/HwHiAiUser/wheeltec_ros2/install/wheeltec_robot_msg/include/wheeltec_robot_msg/wheeltec_robot_msg
[4.633s] -- Up-to-date: /home/HwHiAiUser/wheeltec_ros2/install/wheeltec_robot_msg/include/wheeltec_robot_msg/wheeltec_robot_msg/msg
[4.633s] -- Up-to-date: /home/HwHiAiUser/wheeltec_ros2/install/wheeltec_robot_msg/include/wheeltec_robot_msg/wheeltec_robot_msg/msg/detail
[4.633s] -- Up-to-date: /home/HwHiAiUser/wheeltec_ros2/install/wheeltec_robot_msg/include/wheeltec_robot_msg/wheeltec_robot_msg/msg/detail/supersonic__builder.hpp
[4.634s] -- Up-to-date: /home/HwHiAiUser/wheeltec_ros2/install/wheeltec_robot_msg/include/wheeltec_robot_msg/wheeltec_robot_msg/msg/detail/data__builder.hpp
[4.634s] -- Up-to-date: /home/HwHiAiUser/wheeltec_ros2/install/wheeltec_robot_msg/include/wheeltec_robot_msg/wheeltec_robot_msg/msg/detail/supersonic__traits.hpp
[4.637s] -- Up-to-date: /home/HwHiAiUser/wheeltec_ros2/install/wheeltec_robot_msg/include/wheeltec_robot_msg/wheeltec_robot_msg/msg/detail/data__type_support.hpp
[4.637s] -- Up-to-date: /home/HwHiAiUser/wheeltec_ros2/install/wheeltec_robot_msg/include/wheeltec_robot_msg/wheeltec_robot_msg/msg/detail/supersonic__struct.hpp
[4.637s] -- Up-to-date: /home/HwHiAiUser/wheeltec_ros2/install/wheeltec_robot_msg/include/wheeltec_robot_msg/wheeltec_robot_msg/msg/detail/supersonic__type_support.hpp
[4.638s] -- Up-to-date: /home/HwHiAiUser/wheeltec_ros2/install/wheeltec_robot_msg/include/wheeltec_robot_msg/wheeltec_robot_msg/msg/detail/data__struct.hpp
[4.645s] -- Up-to-date: /home/HwHiAiUser/wheeltec_ros2/install/wheeltec_robot_msg/include/wheeltec_robot_msg/wheeltec_robot_msg/msg/detail/data__traits.hpp
[4.646s] -- Up-to-date: /home/HwHiAiUser/wheeltec_ros2/install/wheeltec_robot_msg/include/wheeltec_robot_msg/wheeltec_robot_msg/msg/rosidl_generator_cpp__visibility_control.hpp
[4.646s] -- Up-to-date: /home/HwHiAiUser/wheeltec_ros2/install/wheeltec_robot_msg/include/wheeltec_robot_msg/wheeltec_robot_msg/msg/data.hpp
[4.647s] -- Up-to-date: /home/HwHiAiUser/wheeltec_ros2/install/wheeltec_robot_msg/include/wheeltec_robot_msg/wheeltec_robot_msg/msg/supersonic.hpp
[4.647s] -- Up-to-date: /home/HwHiAiUser/wheeltec_ros2/install/wheeltec_robot_msg/include/wheeltec_robot_msg/wheeltec_robot_msg
[4.647s] -- Up-to-date: /home/HwHiAiUser/wheeltec_ros2/install/wheeltec_robot_msg/include/wheeltec_robot_msg/wheeltec_robot_msg/msg
[4.647s] -- Up-to-date: /home/HwHiAiUser/wheeltec_ros2/install/wheeltec_robot_msg/include/wheeltec_robot_msg/wheeltec_robot_msg/msg/detail
[4.648s] -- Up-to-date: /home/HwHiAiUser/wheeltec_ros2/install/wheeltec_robot_msg/include/wheeltec_robot_msg/wheeltec_robot_msg/msg/detail/dds_fastrtps
[4.648s] -- Up-to-date: /home/HwHiAiUser/wheeltec_ros2/install/wheeltec_robot_msg/include/wheeltec_robot_msg/wheeltec_robot_msg/msg/detail/data__rosidl_typesupport_fastrtps_cpp.hpp
[4.648s] -- Up-to-date: /home/HwHiAiUser/wheeltec_ros2/install/wheeltec_robot_msg/include/wheeltec_robot_msg/wheeltec_robot_msg/msg/detail/supersonic__rosidl_typesupport_fastrtps_cpp.hpp
[4.648s] -- Up-to-date: /home/HwHiAiUser/wheeltec_ros2/install/wheeltec_robot_msg/include/wheeltec_robot_msg/wheeltec_robot_msg/msg/rosidl_typesupport_fastrtps_cpp__visibility_control.h
[4.648s] -- Up-to-date: /home/HwHiAiUser/wheeltec_ros2/install/wheeltec_robot_msg/lib/libwheeltec_robot_msg__rosidl_typesupport_fastrtps_cpp.so
[4.649s] -- Up-to-date: /home/HwHiAiUser/wheeltec_ros2/install/wheeltec_robot_msg/include/wheeltec_robot_msg/wheeltec_robot_msg
[4.649s] -- Up-to-date: /home/HwHiAiUser/wheeltec_ros2/install/wheeltec_robot_msg/include/wheeltec_robot_msg/wheeltec_robot_msg/msg
[4.649s] -- Up-to-date: /home/HwHiAiUser/wheeltec_ros2/install/wheeltec_robot_msg/include/wheeltec_robot_msg/wheeltec_robot_msg/msg/detail
[4.649s] -- Up-to-date: /home/HwHiAiUser/wheeltec_ros2/install/wheeltec_robot_msg/include/wheeltec_robot_msg/wheeltec_robot_msg/msg/detail/data__type_support.cpp
[4.657s] -- Up-to-date: /home/HwHiAiUser/wheeltec_ros2/install/wheeltec_robot_msg/include/wheeltec_robot_msg/wheeltec_robot_msg/msg/detail/data__rosidl_typesupport_introspection_cpp.hpp
[4.658s] -- Up-to-date: /home/HwHiAiUser/wheeltec_ros2/install/wheeltec_robot_msg/include/wheeltec_robot_msg/wheeltec_robot_msg/msg/detail/supersonic__rosidl_typesupport_introspection_cpp.hpp
[4.658s] -- Up-to-date: /home/HwHiAiUser/wheeltec_ros2/install/wheeltec_robot_msg/include/wheeltec_robot_msg/wheeltec_robot_msg/msg/detail/supersonic__type_support.cpp
[4.661s] -- Up-to-date: /home/HwHiAiUser/wheeltec_ros2/install/wheeltec_robot_msg/lib/libwheeltec_robot_msg__rosidl_typesupport_introspection_cpp.so
[4.666s] -- Up-to-date: /home/HwHiAiUser/wheeltec_ros2/install/wheeltec_robot_msg/lib/libwheeltec_robot_msg__rosidl_typesupport_cpp.so
[4.666s] -- Up-to-date: /home/HwHiAiUser/wheeltec_ros2/install/wheeltec_robot_msg/share/wheeltec_robot_msg/environment/pythonpath.sh
[4.669s] -- Up-to-date: /home/HwHiAiUser/wheeltec_ros2/install/wheeltec_robot_msg/share/wheeltec_robot_msg/environment/pythonpath.dsv
[4.682s] -- Up-to-date: /home/HwHiAiUser/wheeltec_ros2/install/wheeltec_robot_msg/local/lib/python3.10/dist-packages/wheeltec_robot_msg-0.0.0-py3.10.egg-info
[4.682s] -- Installing: /home/HwHiAiUser/wheeltec_ros2/install/wheeltec_robot_msg/local/lib/python3.10/dist-packages/wheeltec_robot_msg-0.0.0-py3.10.egg-info/dependency_links.txt
[4.682s] -- Installing: /home/HwHiAiUser/wheeltec_ros2/install/wheeltec_robot_msg/local/lib/python3.10/dist-packages/wheeltec_robot_msg-0.0.0-py3.10.egg-info/SOURCES.txt
[4.683s] -- Installing: /home/HwHiAiUser/wheeltec_ros2/install/wheeltec_robot_msg/local/lib/python3.10/dist-packages/wheeltec_robot_msg-0.0.0-py3.10.egg-info/PKG-INFO
[4.683s] -- Installing: /home/HwHiAiUser/wheeltec_ros2/install/wheeltec_robot_msg/local/lib/python3.10/dist-packages/wheeltec_robot_msg-0.0.0-py3.10.egg-info/top_level.txt
[4.683s] -- Up-to-date: /home/HwHiAiUser/wheeltec_ros2/install/wheeltec_robot_msg/local/lib/python3.10/dist-packages/wheeltec_robot_msg
[4.683s] -- Up-to-date: /home/HwHiAiUser/wheeltec_ros2/install/wheeltec_robot_msg/local/lib/python3.10/dist-packages/wheeltec_robot_msg/__init__.py
[4.684s] -- Up-to-date: /home/HwHiAiUser/wheeltec_ros2/install/wheeltec_robot_msg/local/lib/python3.10/dist-packages/wheeltec_robot_msg/msg
[4.684s] -- Up-to-date: /home/HwHiAiUser/wheeltec_ros2/install/wheeltec_robot_msg/local/lib/python3.10/dist-packages/wheeltec_robot_msg/msg/_data_s.c
[4.688s] -- Up-to-date: /home/HwHiAiUser/wheeltec_ros2/install/wheeltec_robot_msg/local/lib/python3.10/dist-packages/wheeltec_robot_msg/msg/_data.py
[4.694s] -- Up-to-date: /home/HwHiAiUser/wheeltec_ros2/install/wheeltec_robot_msg/local/lib/python3.10/dist-packages/wheeltec_robot_msg/msg/__init__.py
[4.698s] -- Up-to-date: /home/HwHiAiUser/wheeltec_ros2/install/wheeltec_robot_msg/local/lib/python3.10/dist-packages/wheeltec_robot_msg/msg/_supersonic_s.c
[4.699s] -- Up-to-date: /home/HwHiAiUser/wheeltec_ros2/install/wheeltec_robot_msg/local/lib/python3.10/dist-packages/wheeltec_robot_msg/msg/_supersonic.py
[4.699s] -- Up-to-date: /home/HwHiAiUser/wheeltec_ros2/install/wheeltec_robot_msg/local/lib/python3.10/dist-packages/wheeltec_robot_msg/wheeltec_robot_msg_s__rosidl_typesupport_fastrtps_c.cpython-310-aarch64-linux-gnu.so
[4.700s] -- Up-to-date: /home/HwHiAiUser/wheeltec_ros2/install/wheeltec_robot_msg/local/lib/python3.10/dist-packages/wheeltec_robot_msg/libwheeltec_robot_msg__rosidl_generator_py.so
[4.705s] -- Up-to-date: /home/HwHiAiUser/wheeltec_ros2/install/wheeltec_robot_msg/local/lib/python3.10/dist-packages/wheeltec_robot_msg/_wheeltec_robot_msg_s.ep.rosidl_typesupport_introspection_c.c
[4.705s] -- Up-to-date: /home/HwHiAiUser/wheeltec_ros2/install/wheeltec_robot_msg/local/lib/python3.10/dist-packages/wheeltec_robot_msg/_wheeltec_robot_msg_s.ep.rosidl_typesupport_c.c
[4.705s] -- Up-to-date: /home/HwHiAiUser/wheeltec_ros2/install/wheeltec_robot_msg/local/lib/python3.10/dist-packages/wheeltec_robot_msg/_wheeltec_robot_msg_s.ep.rosidl_typesupport_fastrtps_c.c
[4.706s] -- Up-to-date: /home/HwHiAiUser/wheeltec_ros2/install/wheeltec_robot_msg/local/lib/python3.10/dist-packages/wheeltec_robot_msg/wheeltec_robot_msg_s__rosidl_typesupport_introspection_c.cpython-310-aarch64-linux-gnu.so
[4.709s] -- Up-to-date: /home/HwHiAiUser/wheeltec_ros2/install/wheeltec_robot_msg/local/lib/python3.10/dist-packages/wheeltec_robot_msg/wheeltec_robot_msg_s__rosidl_typesupport_c.cpython-310-aarch64-linux-gnu.so
[4.865s] Listing '/home/HwHiAiUser/wheeltec_ros2/install/wheeltec_robot_msg/local/lib/python3.10/dist-packages/wheeltec_robot_msg'...
[4.865s] Listing '/home/HwHiAiUser/wheeltec_ros2/install/wheeltec_robot_msg/local/lib/python3.10/dist-packages/wheeltec_robot_msg/msg'...
[4.947s] -- Up-to-date: /home/HwHiAiUser/wheeltec_ros2/install/wheeltec_robot_msg/local/lib/python3.10/dist-packages/wheeltec_robot_msg/wheeltec_robot_msg_s__rosidl_typesupport_fastrtps_c.cpython-310-aarch64-linux-gnu.so
[4.949s] -- Up-to-date: /home/HwHiAiUser/wheeltec_ros2/install/wheeltec_robot_msg/local/lib/python3.10/dist-packages/wheeltec_robot_msg/wheeltec_robot_msg_s__rosidl_typesupport_introspection_c.cpython-310-aarch64-linux-gnu.so
[4.949s] -- Up-to-date: /home/HwHiAiUser/wheeltec_ros2/install/wheeltec_robot_msg/local/lib/python3.10/dist-packages/wheeltec_robot_msg/wheeltec_robot_msg_s__rosidl_typesupport_c.cpython-310-aarch64-linux-gnu.so
[4.949s] -- Up-to-date: /home/HwHiAiUser/wheeltec_ros2/install/wheeltec_robot_msg/lib/libwheeltec_robot_msg__rosidl_generator_py.so
[4.950s] -- Up-to-date: /home/HwHiAiUser/wheeltec_ros2/install/wheeltec_robot_msg/share/wheeltec_robot_msg/msg/Data.idl
[4.950s] -- Up-to-date: /home/HwHiAiUser/wheeltec_ros2/install/wheeltec_robot_msg/share/wheeltec_robot_msg/msg/Supersonic.idl
[4.951s] -- Up-to-date: /home/HwHiAiUser/wheeltec_ros2/install/wheeltec_robot_msg/share/wheeltec_robot_msg/msg/Data.msg
[4.962s] -- Up-to-date: /home/HwHiAiUser/wheeltec_ros2/install/wheeltec_robot_msg/share/wheeltec_robot_msg/msg/Supersonic.msg
[4.965s] -- Up-to-date: /home/HwHiAiUser/wheeltec_ros2/install/wheeltec_robot_msg/share/ament_index/resource_index/package_run_dependencies/wheeltec_robot_msg
[4.965s] -- Up-to-date: /home/HwHiAiUser/wheeltec_ros2/install/wheeltec_robot_msg/share/ament_index/resource_index/parent_prefix_path/wheeltec_robot_msg
[4.965s] -- Up-to-date: /home/HwHiAiUser/wheeltec_ros2/install/wheeltec_robot_msg/share/wheeltec_robot_msg/environment/ament_prefix_path.sh
[4.966s] -- Up-to-date: /home/HwHiAiUser/wheeltec_ros2/install/wheeltec_robot_msg/share/wheeltec_robot_msg/environment/ament_prefix_path.dsv
[4.966s] -- Up-to-date: /home/HwHiAiUser/wheeltec_ros2/install/wheeltec_robot_msg/share/wheeltec_robot_msg/environment/path.sh
[4.967s] -- Up-to-date: /home/HwHiAiUser/wheeltec_ros2/install/wheeltec_robot_msg/share/wheeltec_robot_msg/environment/path.dsv
[4.982s] -- Up-to-date: /home/HwHiAiUser/wheeltec_ros2/install/wheeltec_robot_msg/share/wheeltec_robot_msg/local_setup.bash
[4.988s] -- Up-to-date: /home/HwHiAiUser/wheeltec_ros2/install/wheeltec_robot_msg/share/wheeltec_robot_msg/local_setup.sh
[4.988s] -- Up-to-date: /home/HwHiAiUser/wheeltec_ros2/install/wheeltec_robot_msg/share/wheeltec_robot_msg/local_setup.zsh
[4.992s] -- Up-to-date: /home/HwHiAiUser/wheeltec_ros2/install/wheeltec_robot_msg/share/wheeltec_robot_msg/local_setup.dsv
[4.992s] -- Installing: /home/HwHiAiUser/wheeltec_ros2/install/wheeltec_robot_msg/share/wheeltec_robot_msg/package.dsv
[5.016s] -- Up-to-date: /home/HwHiAiUser/wheeltec_ros2/install/wheeltec_robot_msg/share/ament_index/resource_index/packages/wheeltec_robot_msg
[5.017s] -- Up-to-date: /home/HwHiAiUser/wheeltec_ros2/install/wheeltec_robot_msg/share/wheeltec_robot_msg/cmake/export_wheeltec_robot_msg__rosidl_generator_cExport.cmake
[5.021s] -- Up-to-date: /home/HwHiAiUser/wheeltec_ros2/install/wheeltec_robot_msg/share/wheeltec_robot_msg/cmake/export_wheeltec_robot_msg__rosidl_generator_cExport-noconfig.cmake
[5.021s] -- Up-to-date: /home/HwHiAiUser/wheeltec_ros2/install/wheeltec_robot_msg/share/wheeltec_robot_msg/cmake/export_wheeltec_robot_msg__rosidl_typesupport_fastrtps_cExport.cmake
[5.022s] -- Up-to-date: /home/HwHiAiUser/wheeltec_ros2/install/wheeltec_robot_msg/share/wheeltec_robot_msg/cmake/export_wheeltec_robot_msg__rosidl_typesupport_fastrtps_cExport-noconfig.cmake
[5.022s] -- Up-to-date: /home/HwHiAiUser/wheeltec_ros2/install/wheeltec_robot_msg/share/wheeltec_robot_msg/cmake/wheeltec_robot_msg__rosidl_typesupport_introspection_cExport.cmake
[5.023s] -- Up-to-date: /home/HwHiAiUser/wheeltec_ros2/install/wheeltec_robot_msg/share/wheeltec_robot_msg/cmake/wheeltec_robot_msg__rosidl_typesupport_introspection_cExport-noconfig.cmake
[5.023s] -- Up-to-date: /home/HwHiAiUser/wheeltec_ros2/install/wheeltec_robot_msg/share/wheeltec_robot_msg/cmake/wheeltec_robot_msg__rosidl_typesupport_cExport.cmake
[5.024s] -- Up-to-date: /home/HwHiAiUser/wheeltec_ros2/install/wheeltec_robot_msg/share/wheeltec_robot_msg/cmake/wheeltec_robot_msg__rosidl_typesupport_cExport-noconfig.cmake
[5.024s] -- Up-to-date: /home/HwHiAiUser/wheeltec_ros2/install/wheeltec_robot_msg/share/wheeltec_robot_msg/cmake/export_wheeltec_robot_msg__rosidl_generator_cppExport.cmake
[5.031s] -- Up-to-date: /home/HwHiAiUser/wheeltec_ros2/install/wheeltec_robot_msg/share/wheeltec_robot_msg/cmake/export_wheeltec_robot_msg__rosidl_typesupport_fastrtps_cppExport.cmake
[5.032s] -- Up-to-date: /home/HwHiAiUser/wheeltec_ros2/install/wheeltec_robot_msg/share/wheeltec_robot_msg/cmake/export_wheeltec_robot_msg__rosidl_typesupport_fastrtps_cppExport-noconfig.cmake
[5.033s] -- Up-to-date: /home/HwHiAiUser/wheeltec_ros2/install/wheeltec_robot_msg/share/wheeltec_robot_msg/cmake/wheeltec_robot_msg__rosidl_typesupport_introspection_cppExport.cmake
[5.034s] -- Up-to-date: /home/HwHiAiUser/wheeltec_ros2/install/wheeltec_robot_msg/share/wheeltec_robot_msg/cmake/wheeltec_robot_msg__rosidl_typesupport_introspection_cppExport-noconfig.cmake
[5.034s] -- Up-to-date: /home/HwHiAiUser/wheeltec_ros2/install/wheeltec_robot_msg/share/wheeltec_robot_msg/cmake/wheeltec_robot_msg__rosidl_typesupport_cppExport.cmake
[5.037s] -- Up-to-date: /home/HwHiAiUser/wheeltec_ros2/install/wheeltec_robot_msg/share/wheeltec_robot_msg/cmake/wheeltec_robot_msg__rosidl_typesupport_cppExport-noconfig.cmake
[5.040s] -- Up-to-date: /home/HwHiAiUser/wheeltec_ros2/install/wheeltec_robot_msg/share/wheeltec_robot_msg/cmake/export_wheeltec_robot_msg__rosidl_generator_pyExport.cmake
[5.041s] -- Up-to-date: /home/HwHiAiUser/wheeltec_ros2/install/wheeltec_robot_msg/share/wheeltec_robot_msg/cmake/export_wheeltec_robot_msg__rosidl_generator_pyExport-noconfig.cmake
[5.041s] -- Up-to-date: /home/HwHiAiUser/wheeltec_ros2/install/wheeltec_robot_msg/share/wheeltec_robot_msg/cmake/rosidl_cmake-extras.cmake
[5.041s] -- Up-to-date: /home/HwHiAiUser/wheeltec_ros2/install/wheeltec_robot_msg/share/wheeltec_robot_msg/cmake/ament_cmake_export_dependencies-extras.cmake
[5.041s] -- Up-to-date: /home/HwHiAiUser/wheeltec_ros2/install/wheeltec_robot_msg/share/wheeltec_robot_msg/cmake/ament_cmake_export_include_directories-extras.cmake
[5.041s] -- Up-to-date: /home/HwHiAiUser/wheeltec_ros2/install/wheeltec_robot_msg/share/wheeltec_robot_msg/cmake/ament_cmake_export_libraries-extras.cmake
[5.042s] -- Up-to-date: /home/HwHiAiUser/wheeltec_ros2/install/wheeltec_robot_msg/share/wheeltec_robot_msg/cmake/ament_cmake_export_targets-extras.cmake
[5.042s] -- Up-to-date: /home/HwHiAiUser/wheeltec_ros2/install/wheeltec_robot_msg/share/wheeltec_robot_msg/cmake/rosidl_cmake_export_typesupport_targets-extras.cmake
[5.047s] -- Up-to-date: /home/HwHiAiUser/wheeltec_ros2/install/wheeltec_robot_msg/share/wheeltec_robot_msg/cmake/rosidl_cmake_export_typesupport_libraries-extras.cmake
[5.047s] -- Up-to-date: /home/HwHiAiUser/wheeltec_ros2/install/wheeltec_robot_msg/share/wheeltec_robot_msg/cmake/wheeltec_robot_msgConfig.cmake
[5.048s] -- Up-to-date: /home/HwHiAiUser/wheeltec_ros2/install/wheeltec_robot_msg/share/wheeltec_robot_msg/cmake/wheeltec_robot_msgConfig-version.cmake
[5.048s] -- Up-to-date: /home/HwHiAiUser/wheeltec_ros2/install/wheeltec_robot_msg/share/wheeltec_robot_msg/package.xml
[5.121s] Invoked command in '/home/HwHiAiUser/wheeltec_ros2/build/wheeltec_robot_msg' returned '0': CMAKE_PREFIX_PATH=${CMAKE_PREFIX_PATH}:/home/HwHiAiUser/wheeltec_ros2/install/wheeltec_robot_keyboard:/home/HwHiAiUser/wheeltec_ros2/install/wheeltec_gpio_control:/home/HwHiAiUser/wheeltec_ros2/install/tf2_tools:/opt/ros/humble _=/usr/bin/env /usr/bin/cmake --install /home/HwHiAiUser/wheeltec_ros2/build/wheeltec_robot_msg
