[0.067s] Invoking command in '/home/HwHiAiUser/wheeltec_ros2/build/qt_robot_control': _=/usr/bin/env /usr/bin/cmake /home/HwHiAiUser/wheeltec_ros2/src/qt_robot_control -DCMAKE_INSTALL_PREFIX=/home/HwHiAiUser/wheeltec_ros2/install/qt_robot_control
[0.186s] -- Found ament_cmake: 1.3.12 (/opt/ros/humble/share/ament_cmake/cmake)
[2.056s] -- Found rclcpp: 16.0.15 (/opt/ros/humble/share/rclcpp/cmake)
[2.342s] -- Found rosidl_generator_c: 3.1.7 (/opt/ros/humble/share/rosidl_generator_c/cmake)
[2.357s] -- Found rosidl_adapter: 3.1.7 (/opt/ros/humble/share/rosidl_adapter/cmake)
[2.441s] -- Found rosidl_generator_cpp: 3.1.7 (/opt/ros/humble/share/rosidl_generator_cpp/cmake)
[2.547s] -- Using all available rosidl_typesupport_c: rosidl_typesupport_fastrtps_c;rosidl_typesupport_introspection_c
[2.676s] -- Using all available rosidl_typesupport_cpp: rosidl_typesupport_fastrtps_cpp;rosidl_typesupport_introspection_cpp
[2.847s] -- Found rmw_implementation_cmake: 6.1.2 (/opt/ros/humble/share/rmw_implementation_cmake/cmake)
[2.854s] -- Found rmw_fastrtps_cpp: 6.2.9 (/opt/ros/humble/share/rmw_fastrtps_cpp/cmake)
[3.430s] -- Using RMW implementation 'rmw_fastrtps_cpp' as default
[3.716s] -- Found sensor_msgs: 4.9.0 (/opt/ros/humble/share/sensor_msgs/cmake)
[3.902s] -- Found nav_msgs: 4.9.0 (/opt/ros/humble/share/nav_msgs/cmake)
[3.989s] -- Found cv_bridge: 3.2.1 (/opt/ros/humble/share/cv_bridge/cmake)
[4.017s] -- Found image_transport: 3.1.12 (/opt/ros/humble/share/image_transport/cmake)
[4.123s] -- Found tf2_ros: 0.25.16 (/opt/ros/humble/share/tf2_ros/cmake)
[4.612s] -- Found tf2_geometry_msgs: 0.25.16 (/opt/ros/humble/share/tf2_geometry_msgs/cmake)
[4.637s] -- Found eigen3_cmake_module: 0.1.1 (/opt/ros/humble/share/eigen3_cmake_module/cmake)
[4.648s] -- Ensuring Eigen3 include directory is part of orocos-kdl CMake target
[4.658s] -- Found rviz_common: 11.2.22 (/opt/ros/humble/share/rviz_common/cmake)
[4.727s] -- Setting assimp_DIR to: '/opt/ros/humble/share/rviz_assimp_vendor/cmake/../../../opt/rviz_assimp_vendor/lib/cmake/assimp-4.1'
[4.765s] -- Setting OGRE_DIR to: '/opt/ros/humble/share/rviz_ogre_vendor/cmake/../../../opt/rviz_ogre_vendor/lib/OGRE/cmake'
[4.787s] -- Found OGRE
[4.787s] --   static     : OFF
[4.788s] --   components : HLMS;MeshLodGenerator;Overlay;Paging;Property;RTShaderSystem;Terrain;Volume
[4.791s] --   plugins    : Plugin_BSPSceneManager;Plugin_OctreeSceneManager;Plugin_PCZSceneManager;Plugin_ParticleFX;RenderSystem_GL;RenderSystem_GL3Plus;Codec_STBI
[4.792s] --   media      : /opt/ros/humble/opt/rviz_ogre_vendor/share/OGRE/Media
[4.793s] -- OGRE_LIBRARIES: OgreHLMS;OgreMeshLodGenerator;OgreOverlay;OgrePaging;OgreProperty;OgreRTShaderSystem;OgreTerrain;OgreVolume;OgreMain
[4.794s] -- OGRE_LIBRARY_DIRS: /opt/ros/humble/opt/rviz_ogre_vendor/lib
[4.794s] -- OGRE_PLUGINS: Plugin_BSPSceneManager;Plugin_OctreeSceneManager;Plugin_PCZSceneManager;Plugin_ParticleFX;RenderSystem_GL;RenderSystem_GL3Plus;Codec_STBI
[4.794s] -- OGRE_PLUGIN_DIR: /opt/ros/humble/opt/rviz_ogre_vendor/lib/OGRE
[4.794s] -- rviz_ogre_vendor::OgreOverlay for IMPORTED_LOCATION_RELEASE: /opt/ros/humble/opt/rviz_ogre_vendor/lib/libOgreOverlay.so
[4.794s] -- rviz_ogre_vendor::OgreOverlay for IMPORTED_LOCATION_DEBUG: /opt/ros/humble/opt/rviz_ogre_vendor/lib/libOgreOverlay.so
[4.797s] -- rviz_ogre_vendor::OgreMain for IMPORTED_LOCATION_RELEASE: /opt/ros/humble/opt/rviz_ogre_vendor/lib/libOgreMain.so
[4.798s] -- rviz_ogre_vendor::OgreMain for IMPORTED_LOCATION_DEBUG: /opt/ros/humble/opt/rviz_ogre_vendor/lib/libOgreMain.so
[4.804s] -- Could not find freeimage library
[5.171s] -- library: /usr/lib/aarch64-linux-gnu/libcurl.so
[5.311s] -- Found ament_lint_auto: 0.12.14 (/opt/ros/humble/share/ament_lint_auto/cmake)
[5.756s] Error parsing '/home/HwHiAiUser/wheeltec_ros2/src/qt_robot_control/package.xml':
[6.249s] Traceback (most recent call last):
[6.253s]   File "/opt/ros/humble/share/ament_cmake_core/cmake/core/package_xml_2_cmake.py", line 150, in <module>
[6.253s]     main()
[6.255s]   File "/opt/ros/humble/share/ament_cmake_core/cmake/core/package_xml_2_cmake.py", line 53, in main
[6.255s]     raise e
[6.256s]   File "/opt/ros/humble/share/ament_cmake_core/cmake/core/package_xml_2_cmake.py", line 49, in main
[6.256s]     package = parse_package_string(
[6.257s]   File "/usr/lib/python3/dist-packages/catkin_pkg/package.py", line 786, in parse_package_string
[6.267s]     raise InvalidPackage('Error(s):%s' % (''.join(['\n- %s' % e for e in errors])), filename)
[6.268s] catkin_pkg.package.InvalidPackage: Error(s) in package '/home/HwHiAiUser/wheeltec_ros2/src/qt_robot_control/package.xml':
[6.268s] Error(s):
[6.269s] - The generic dependency on 'rclcpp' is redundant with: build_depend, build_export_depend, exec_depend
[6.269s] - The generic dependency on 'sensor_msgs' is redundant with: build_depend, build_export_depend, exec_depend
[6.269s] - The generic dependency on 'nav_msgs' is redundant with: build_depend, build_export_depend, exec_depend
[6.270s] - The generic dependency on 'geometry_msgs' is redundant with: build_depend, build_export_depend, exec_depend
[6.270s] - The generic dependency on 'std_msgs' is redundant with: build_depend, build_export_depend, exec_depend
[6.270s] - The generic dependency on 'cv_bridge' is redundant with: build_depend, build_export_depend, exec_depend
[6.270s] - The generic dependency on 'image_transport' is redundant with: build_depend, build_export_depend, exec_depend
[6.271s] - The generic dependency on 'tf2_ros' is redundant with: build_depend, build_export_depend, exec_depend
[6.271s] - The generic dependency on 'tf2_geometry_msgs' is redundant with: build_depend, build_export_depend, exec_depend
[6.271s] - The generic dependency on 'rviz_common' is redundant with: build_depend, build_export_depend, exec_depend
[6.271s] - The generic dependency on 'rviz_rendering' is redundant with: build_depend, build_export_depend, exec_depend
[6.271s] - The generic dependency on 'rviz_visualization_tools' is redundant with: build_depend, build_export_depend, exec_depend
[6.610s] [31mCMake Error at /opt/ros/humble/share/ament_cmake_core/cmake/core/ament_package_xml.cmake:95 (message):
[6.610s]   execute_process(/usr/bin/python3
[6.610s]   /opt/ros/humble/share/ament_cmake_core/cmake/core/package_xml_2_cmake.py
[6.610s]   /home/HwHiAiUser/wheeltec_ros2/src/qt_robot_control/package.xml
[6.611s]   /home/HwHiAiUser/wheeltec_ros2/build/qt_robot_control/ament_cmake_core/package.cmake)
[6.611s]   returned error code 1
[6.611s] Call Stack (most recent call first):
[6.611s]   /opt/ros/humble/share/ament_cmake_core/cmake/core/ament_package_xml.cmake:49 (_ament_package_xml)
[6.611s]   /opt/ros/humble/share/ament_lint_auto/cmake/ament_lint_auto_find_test_dependencies.cmake:31 (ament_package_xml)
[6.612s]   CMakeLists.txt:77 (ament_lint_auto_find_test_dependencies)
[6.613s] 
[6.613s] [0m
[6.613s] -- Configuring incomplete, errors occurred!
[6.613s] See also "/home/HwHiAiUser/wheeltec_ros2/build/qt_robot_control/CMakeFiles/CMakeOutput.log".
[6.753s] Invoked command in '/home/HwHiAiUser/wheeltec_ros2/build/qt_robot_control' returned '1': _=/usr/bin/env /usr/bin/cmake /home/HwHiAiUser/wheeltec_ros2/src/qt_robot_control -DCMAKE_INSTALL_PREFIX=/home/HwHiAiUser/wheeltec_ros2/install/qt_robot_control
