[0.061s] Invoking command in '/home/HwHiAiUser/wheeltec_ros2/build/ackermann_msgs': CMAKE_PREFIX_PATH=${CMAKE_PREFIX_PATH}:/home/HwHiAiUser/wheeltec_ros2/install/wheeltec_robot_keyboard:/home/HwHiAiUser/wheeltec_ros2/install/wheeltec_gpio_control:/home/HwHiAiUser/wheeltec_ros2/install/tf2_tools:/opt/ros/humble _=/usr/bin/env /usr/bin/cmake --build /home/HwHiAiUser/wheeltec_ros2/build/ackermann_msgs -- -j4 -l4
[0.197s] [  2%] Built target ackermann_msgs__cpp
[0.290s] [  2%] Built target ament_cmake_python_copy_ackermann_msgs
[0.372s] [ 12%] Built target ackermann_msgs__rosidl_typesupport_fastrtps_cpp
[0.451s] [ 23%] Built target ackermann_msgs__rosidl_typesupport_introspection_cpp
[1.511s] running egg_info
[1.516s] writing ackermann_msgs.egg-info/PKG-INFO
[1.521s] writing dependency_links to ackermann_msgs.egg-info/dependency_links.txt
[1.524s] writing top-level names to ackermann_msgs.egg-info/top_level.txt
[1.537s] reading manifest file 'ackermann_msgs.egg-info/SOURCES.txt'
[1.539s] writing manifest file 'ackermann_msgs.egg-info/SOURCES.txt'
[1.714s] [ 23%] Built target ament_cmake_python_build_ackermann_msgs_egg
[1.779s] [ 33%] Built target ackermann_msgs__rosidl_typesupport_cpp
[1.842s] [ 43%] Built target ackermann_msgs__rosidl_generator_c
[1.903s] [ 53%] Built target ackermann_msgs__rosidl_typesupport_fastrtps_c
[1.957s] [ 64%] Built target ackermann_msgs__rosidl_typesupport_c
[2.040s] [ 74%] Built target ackermann_msgs__rosidl_typesupport_introspection_c
[2.093s] [ 74%] Built target ackermann_msgs
[2.162s] [ 76%] Built target ackermann_msgs__py
[2.226s] [ 84%] Built target ackermann_msgs__rosidl_generator_py
[2.303s] [ 89%] Built target ackermann_msgs__rosidl_typesupport_fastrtps_c__pyext
[2.365s] [ 94%] Built target ackermann_msgs__rosidl_typesupport_c__pyext
[2.425s] [100%] Built target ackermann_msgs__rosidl_typesupport_introspection_c__pyext
[2.471s] Invoked command in '/home/HwHiAiUser/wheeltec_ros2/build/ackermann_msgs' returned '0': CMAKE_PREFIX_PATH=${CMAKE_PREFIX_PATH}:/home/HwHiAiUser/wheeltec_ros2/install/wheeltec_robot_keyboard:/home/HwHiAiUser/wheeltec_ros2/install/wheeltec_gpio_control:/home/HwHiAiUser/wheeltec_ros2/install/tf2_tools:/opt/ros/humble _=/usr/bin/env /usr/bin/cmake --build /home/HwHiAiUser/wheeltec_ros2/build/ackermann_msgs -- -j4 -l4
[2.477s] Invoking command in '/home/HwHiAiUser/wheeltec_ros2/build/ackermann_msgs': CMAKE_PREFIX_PATH=${CMAKE_PREFIX_PATH}:/home/HwHiAiUser/wheeltec_ros2/install/wheeltec_robot_keyboard:/home/HwHiAiUser/wheeltec_ros2/install/wheeltec_gpio_control:/home/HwHiAiUser/wheeltec_ros2/install/tf2_tools:/opt/ros/humble _=/usr/bin/env /usr/bin/cmake --install /home/HwHiAiUser/wheeltec_ros2/build/ackermann_msgs
[2.506s] -- Install configuration: ""
[2.507s] -- Up-to-date: /home/HwHiAiUser/wheeltec_ros2/install/ackermann_msgs/share/ament_index/resource_index/rosidl_interfaces/ackermann_msgs
[2.508s] -- Up-to-date: /home/HwHiAiUser/wheeltec_ros2/install/ackermann_msgs/include/ackermann_msgs/ackermann_msgs
[2.509s] -- Up-to-date: /home/HwHiAiUser/wheeltec_ros2/install/ackermann_msgs/include/ackermann_msgs/ackermann_msgs/msg
[2.509s] -- Up-to-date: /home/HwHiAiUser/wheeltec_ros2/install/ackermann_msgs/include/ackermann_msgs/ackermann_msgs/msg/detail
[2.509s] -- Up-to-date: /home/HwHiAiUser/wheeltec_ros2/install/ackermann_msgs/include/ackermann_msgs/ackermann_msgs/msg/detail/ackermann_drive__struct.h
[2.510s] -- Up-to-date: /home/HwHiAiUser/wheeltec_ros2/install/ackermann_msgs/include/ackermann_msgs/ackermann_msgs/msg/detail/ackermann_drive_stamped__functions.c
[2.510s] -- Up-to-date: /home/HwHiAiUser/wheeltec_ros2/install/ackermann_msgs/include/ackermann_msgs/ackermann_msgs/msg/detail/ackermann_drive_stamped__functions.h
[2.510s] -- Up-to-date: /home/HwHiAiUser/wheeltec_ros2/install/ackermann_msgs/include/ackermann_msgs/ackermann_msgs/msg/detail/ackermann_drive__functions.h
[2.511s] -- Up-to-date: /home/HwHiAiUser/wheeltec_ros2/install/ackermann_msgs/include/ackermann_msgs/ackermann_msgs/msg/detail/ackermann_drive_stamped__type_support.h
[2.511s] -- Up-to-date: /home/HwHiAiUser/wheeltec_ros2/install/ackermann_msgs/include/ackermann_msgs/ackermann_msgs/msg/detail/ackermann_drive__type_support.h
[2.512s] -- Up-to-date: /home/HwHiAiUser/wheeltec_ros2/install/ackermann_msgs/include/ackermann_msgs/ackermann_msgs/msg/detail/ackermann_drive__functions.c
[2.512s] -- Up-to-date: /home/HwHiAiUser/wheeltec_ros2/install/ackermann_msgs/include/ackermann_msgs/ackermann_msgs/msg/detail/ackermann_drive_stamped__struct.h
[2.512s] -- Up-to-date: /home/HwHiAiUser/wheeltec_ros2/install/ackermann_msgs/include/ackermann_msgs/ackermann_msgs/msg/rosidl_generator_c__visibility_control.h
[2.512s] -- Up-to-date: /home/HwHiAiUser/wheeltec_ros2/install/ackermann_msgs/include/ackermann_msgs/ackermann_msgs/msg/ackermann_drive_stamped.h
[2.513s] -- Up-to-date: /home/HwHiAiUser/wheeltec_ros2/install/ackermann_msgs/include/ackermann_msgs/ackermann_msgs/msg/ackermann_drive.h
[2.513s] -- Up-to-date: /home/HwHiAiUser/wheeltec_ros2/install/ackermann_msgs/share/ackermann_msgs/environment/library_path.sh
[2.520s] -- Up-to-date: /home/HwHiAiUser/wheeltec_ros2/install/ackermann_msgs/share/ackermann_msgs/environment/library_path.dsv
[2.520s] -- Up-to-date: /home/HwHiAiUser/wheeltec_ros2/install/ackermann_msgs/lib/libackermann_msgs__rosidl_generator_c.so
[2.520s] -- Up-to-date: /home/HwHiAiUser/wheeltec_ros2/install/ackermann_msgs/include/ackermann_msgs/ackermann_msgs
[2.520s] -- Up-to-date: /home/HwHiAiUser/wheeltec_ros2/install/ackermann_msgs/include/ackermann_msgs/ackermann_msgs/msg
[2.521s] -- Up-to-date: /home/HwHiAiUser/wheeltec_ros2/install/ackermann_msgs/include/ackermann_msgs/ackermann_msgs/msg/detail
[2.521s] -- Up-to-date: /home/HwHiAiUser/wheeltec_ros2/install/ackermann_msgs/include/ackermann_msgs/ackermann_msgs/msg/detail/ackermann_drive_stamped__rosidl_typesupport_fastrtps_c.h
[2.521s] -- Up-to-date: /home/HwHiAiUser/wheeltec_ros2/install/ackermann_msgs/include/ackermann_msgs/ackermann_msgs/msg/detail/ackermann_drive__rosidl_typesupport_fastrtps_c.h
[2.521s] -- Up-to-date: /home/HwHiAiUser/wheeltec_ros2/install/ackermann_msgs/include/ackermann_msgs/ackermann_msgs/msg/rosidl_typesupport_fastrtps_c__visibility_control.h
[2.522s] -- Up-to-date: /home/HwHiAiUser/wheeltec_ros2/install/ackermann_msgs/lib/libackermann_msgs__rosidl_typesupport_fastrtps_c.so
[2.522s] -- Up-to-date: /home/HwHiAiUser/wheeltec_ros2/install/ackermann_msgs/include/ackermann_msgs/ackermann_msgs
[2.522s] -- Up-to-date: /home/HwHiAiUser/wheeltec_ros2/install/ackermann_msgs/include/ackermann_msgs/ackermann_msgs/msg
[2.522s] -- Up-to-date: /home/HwHiAiUser/wheeltec_ros2/install/ackermann_msgs/include/ackermann_msgs/ackermann_msgs/msg/detail
[2.525s] -- Up-to-date: /home/HwHiAiUser/wheeltec_ros2/install/ackermann_msgs/include/ackermann_msgs/ackermann_msgs/msg/detail/ackermann_drive_stamped__type_support.c
[2.525s] -- Up-to-date: /home/HwHiAiUser/wheeltec_ros2/install/ackermann_msgs/include/ackermann_msgs/ackermann_msgs/msg/detail/ackermann_drive__type_support.c
[2.525s] -- Up-to-date: /home/HwHiAiUser/wheeltec_ros2/install/ackermann_msgs/include/ackermann_msgs/ackermann_msgs/msg/detail/ackermann_drive__rosidl_typesupport_introspection_c.h
[2.526s] -- Up-to-date: /home/HwHiAiUser/wheeltec_ros2/install/ackermann_msgs/include/ackermann_msgs/ackermann_msgs/msg/detail/ackermann_drive_stamped__rosidl_typesupport_introspection_c.h
[2.526s] -- Up-to-date: /home/HwHiAiUser/wheeltec_ros2/install/ackermann_msgs/include/ackermann_msgs/ackermann_msgs/msg/rosidl_typesupport_introspection_c__visibility_control.h
[2.526s] -- Up-to-date: /home/HwHiAiUser/wheeltec_ros2/install/ackermann_msgs/lib/libackermann_msgs__rosidl_typesupport_introspection_c.so
[2.526s] -- Up-to-date: /home/HwHiAiUser/wheeltec_ros2/install/ackermann_msgs/lib/libackermann_msgs__rosidl_typesupport_c.so
[2.527s] -- Up-to-date: /home/HwHiAiUser/wheeltec_ros2/install/ackermann_msgs/include/ackermann_msgs/ackermann_msgs
[2.527s] -- Up-to-date: /home/HwHiAiUser/wheeltec_ros2/install/ackermann_msgs/include/ackermann_msgs/ackermann_msgs/msg
[2.527s] -- Up-to-date: /home/HwHiAiUser/wheeltec_ros2/install/ackermann_msgs/include/ackermann_msgs/ackermann_msgs/msg/detail
[2.527s] -- Up-to-date: /home/HwHiAiUser/wheeltec_ros2/install/ackermann_msgs/include/ackermann_msgs/ackermann_msgs/msg/detail/ackermann_drive_stamped__struct.hpp
[2.528s] -- Up-to-date: /home/HwHiAiUser/wheeltec_ros2/install/ackermann_msgs/include/ackermann_msgs/ackermann_msgs/msg/detail/ackermann_drive__traits.hpp
[2.528s] -- Up-to-date: /home/HwHiAiUser/wheeltec_ros2/install/ackermann_msgs/include/ackermann_msgs/ackermann_msgs/msg/detail/ackermann_drive__builder.hpp
[2.528s] -- Up-to-date: /home/HwHiAiUser/wheeltec_ros2/install/ackermann_msgs/include/ackermann_msgs/ackermann_msgs/msg/detail/ackermann_drive_stamped__traits.hpp
[2.528s] -- Up-to-date: /home/HwHiAiUser/wheeltec_ros2/install/ackermann_msgs/include/ackermann_msgs/ackermann_msgs/msg/detail/ackermann_drive__struct.hpp
[2.528s] -- Up-to-date: /home/HwHiAiUser/wheeltec_ros2/install/ackermann_msgs/include/ackermann_msgs/ackermann_msgs/msg/detail/ackermann_drive_stamped__type_support.hpp
[2.529s] -- Up-to-date: /home/HwHiAiUser/wheeltec_ros2/install/ackermann_msgs/include/ackermann_msgs/ackermann_msgs/msg/detail/ackermann_drive__type_support.hpp
[2.529s] -- Up-to-date: /home/HwHiAiUser/wheeltec_ros2/install/ackermann_msgs/include/ackermann_msgs/ackermann_msgs/msg/detail/ackermann_drive_stamped__builder.hpp
[2.529s] -- Up-to-date: /home/HwHiAiUser/wheeltec_ros2/install/ackermann_msgs/include/ackermann_msgs/ackermann_msgs/msg/rosidl_generator_cpp__visibility_control.hpp
[2.529s] -- Up-to-date: /home/HwHiAiUser/wheeltec_ros2/install/ackermann_msgs/include/ackermann_msgs/ackermann_msgs/msg/ackermann_drive.hpp
[2.529s] -- Up-to-date: /home/HwHiAiUser/wheeltec_ros2/install/ackermann_msgs/include/ackermann_msgs/ackermann_msgs/msg/ackermann_drive_stamped.hpp
[2.533s] -- Up-to-date: /home/HwHiAiUser/wheeltec_ros2/install/ackermann_msgs/include/ackermann_msgs/ackermann_msgs
[2.534s] -- Up-to-date: /home/HwHiAiUser/wheeltec_ros2/install/ackermann_msgs/include/ackermann_msgs/ackermann_msgs/msg
[2.534s] -- Up-to-date: /home/HwHiAiUser/wheeltec_ros2/install/ackermann_msgs/include/ackermann_msgs/ackermann_msgs/msg/detail
[2.534s] -- Up-to-date: /home/HwHiAiUser/wheeltec_ros2/install/ackermann_msgs/include/ackermann_msgs/ackermann_msgs/msg/detail/dds_fastrtps
[2.535s] -- Up-to-date: /home/HwHiAiUser/wheeltec_ros2/install/ackermann_msgs/include/ackermann_msgs/ackermann_msgs/msg/detail/ackermann_drive__rosidl_typesupport_fastrtps_cpp.hpp
[2.535s] -- Up-to-date: /home/HwHiAiUser/wheeltec_ros2/install/ackermann_msgs/include/ackermann_msgs/ackermann_msgs/msg/detail/ackermann_drive_stamped__rosidl_typesupport_fastrtps_cpp.hpp
[2.535s] -- Up-to-date: /home/HwHiAiUser/wheeltec_ros2/install/ackermann_msgs/include/ackermann_msgs/ackermann_msgs/msg/rosidl_typesupport_fastrtps_cpp__visibility_control.h
[2.535s] -- Up-to-date: /home/HwHiAiUser/wheeltec_ros2/install/ackermann_msgs/lib/libackermann_msgs__rosidl_typesupport_fastrtps_cpp.so
[2.535s] -- Up-to-date: /home/HwHiAiUser/wheeltec_ros2/install/ackermann_msgs/include/ackermann_msgs/ackermann_msgs
[2.536s] -- Up-to-date: /home/HwHiAiUser/wheeltec_ros2/install/ackermann_msgs/include/ackermann_msgs/ackermann_msgs/msg
[2.536s] -- Up-to-date: /home/HwHiAiUser/wheeltec_ros2/install/ackermann_msgs/include/ackermann_msgs/ackermann_msgs/msg/detail
[2.537s] -- Up-to-date: /home/HwHiAiUser/wheeltec_ros2/install/ackermann_msgs/include/ackermann_msgs/ackermann_msgs/msg/detail/ackermann_drive_stamped__rosidl_typesupport_introspection_cpp.hpp
[2.537s] -- Up-to-date: /home/HwHiAiUser/wheeltec_ros2/install/ackermann_msgs/include/ackermann_msgs/ackermann_msgs/msg/detail/ackermann_drive__type_support.cpp
[2.538s] -- Up-to-date: /home/HwHiAiUser/wheeltec_ros2/install/ackermann_msgs/include/ackermann_msgs/ackermann_msgs/msg/detail/ackermann_drive__rosidl_typesupport_introspection_cpp.hpp
[2.538s] -- Up-to-date: /home/HwHiAiUser/wheeltec_ros2/install/ackermann_msgs/include/ackermann_msgs/ackermann_msgs/msg/detail/ackermann_drive_stamped__type_support.cpp
[2.539s] -- Up-to-date: /home/HwHiAiUser/wheeltec_ros2/install/ackermann_msgs/lib/libackermann_msgs__rosidl_typesupport_introspection_cpp.so
[2.539s] -- Up-to-date: /home/HwHiAiUser/wheeltec_ros2/install/ackermann_msgs/lib/libackermann_msgs__rosidl_typesupport_cpp.so
[2.540s] -- Up-to-date: /home/HwHiAiUser/wheeltec_ros2/install/ackermann_msgs/share/ackermann_msgs/environment/pythonpath.sh
[2.540s] -- Up-to-date: /home/HwHiAiUser/wheeltec_ros2/install/ackermann_msgs/share/ackermann_msgs/environment/pythonpath.dsv
[2.541s] -- Up-to-date: /home/HwHiAiUser/wheeltec_ros2/install/ackermann_msgs/local/lib/python3.10/dist-packages/ackermann_msgs-2.0.2-py3.10.egg-info
[2.542s] -- Installing: /home/HwHiAiUser/wheeltec_ros2/install/ackermann_msgs/local/lib/python3.10/dist-packages/ackermann_msgs-2.0.2-py3.10.egg-info/dependency_links.txt
[2.543s] -- Installing: /home/HwHiAiUser/wheeltec_ros2/install/ackermann_msgs/local/lib/python3.10/dist-packages/ackermann_msgs-2.0.2-py3.10.egg-info/SOURCES.txt
[2.544s] -- Installing: /home/HwHiAiUser/wheeltec_ros2/install/ackermann_msgs/local/lib/python3.10/dist-packages/ackermann_msgs-2.0.2-py3.10.egg-info/PKG-INFO
[2.544s] -- Installing: /home/HwHiAiUser/wheeltec_ros2/install/ackermann_msgs/local/lib/python3.10/dist-packages/ackermann_msgs-2.0.2-py3.10.egg-info/top_level.txt
[2.544s] -- Up-to-date: /home/HwHiAiUser/wheeltec_ros2/install/ackermann_msgs/local/lib/python3.10/dist-packages/ackermann_msgs
[2.544s] -- Up-to-date: /home/HwHiAiUser/wheeltec_ros2/install/ackermann_msgs/local/lib/python3.10/dist-packages/ackermann_msgs/__init__.py
[2.545s] -- Up-to-date: /home/HwHiAiUser/wheeltec_ros2/install/ackermann_msgs/local/lib/python3.10/dist-packages/ackermann_msgs/ackermann_msgs_s__rosidl_typesupport_fastrtps_c.cpython-310-aarch64-linux-gnu.so
[2.545s] -- Up-to-date: /home/HwHiAiUser/wheeltec_ros2/install/ackermann_msgs/local/lib/python3.10/dist-packages/ackermann_msgs/msg
[2.546s] -- Up-to-date: /home/HwHiAiUser/wheeltec_ros2/install/ackermann_msgs/local/lib/python3.10/dist-packages/ackermann_msgs/msg/_ackermann_drive_stamped.py
[2.546s] -- Up-to-date: /home/HwHiAiUser/wheeltec_ros2/install/ackermann_msgs/local/lib/python3.10/dist-packages/ackermann_msgs/msg/__init__.py
[2.546s] -- Up-to-date: /home/HwHiAiUser/wheeltec_ros2/install/ackermann_msgs/local/lib/python3.10/dist-packages/ackermann_msgs/msg/_ackermann_drive_stamped_s.c
[2.547s] -- Up-to-date: /home/HwHiAiUser/wheeltec_ros2/install/ackermann_msgs/local/lib/python3.10/dist-packages/ackermann_msgs/msg/_ackermann_drive.py
[2.547s] -- Up-to-date: /home/HwHiAiUser/wheeltec_ros2/install/ackermann_msgs/local/lib/python3.10/dist-packages/ackermann_msgs/msg/_ackermann_drive_s.c
[2.547s] -- Up-to-date: /home/HwHiAiUser/wheeltec_ros2/install/ackermann_msgs/local/lib/python3.10/dist-packages/ackermann_msgs/_ackermann_msgs_s.ep.rosidl_typesupport_introspection_c.c
[2.547s] -- Up-to-date: /home/HwHiAiUser/wheeltec_ros2/install/ackermann_msgs/local/lib/python3.10/dist-packages/ackermann_msgs/ackermann_msgs_s__rosidl_typesupport_introspection_c.cpython-310-aarch64-linux-gnu.so
[2.548s] -- Up-to-date: /home/HwHiAiUser/wheeltec_ros2/install/ackermann_msgs/local/lib/python3.10/dist-packages/ackermann_msgs/_ackermann_msgs_s.ep.rosidl_typesupport_c.c
[2.548s] -- Up-to-date: /home/HwHiAiUser/wheeltec_ros2/install/ackermann_msgs/local/lib/python3.10/dist-packages/ackermann_msgs/libackermann_msgs__rosidl_generator_py.so
[2.548s] -- Up-to-date: /home/HwHiAiUser/wheeltec_ros2/install/ackermann_msgs/local/lib/python3.10/dist-packages/ackermann_msgs/ackermann_msgs_s__rosidl_typesupport_c.cpython-310-aarch64-linux-gnu.so
[2.548s] -- Up-to-date: /home/HwHiAiUser/wheeltec_ros2/install/ackermann_msgs/local/lib/python3.10/dist-packages/ackermann_msgs/_ackermann_msgs_s.ep.rosidl_typesupport_fastrtps_c.c
[2.849s] Listing '/home/HwHiAiUser/wheeltec_ros2/install/ackermann_msgs/local/lib/python3.10/dist-packages/ackermann_msgs'...
[2.850s] Listing '/home/HwHiAiUser/wheeltec_ros2/install/ackermann_msgs/local/lib/python3.10/dist-packages/ackermann_msgs/msg'...
[2.942s] -- Up-to-date: /home/HwHiAiUser/wheeltec_ros2/install/ackermann_msgs/local/lib/python3.10/dist-packages/ackermann_msgs/ackermann_msgs_s__rosidl_typesupport_fastrtps_c.cpython-310-aarch64-linux-gnu.so
[2.942s] -- Up-to-date: /home/HwHiAiUser/wheeltec_ros2/install/ackermann_msgs/local/lib/python3.10/dist-packages/ackermann_msgs/ackermann_msgs_s__rosidl_typesupport_introspection_c.cpython-310-aarch64-linux-gnu.so
[2.943s] -- Up-to-date: /home/HwHiAiUser/wheeltec_ros2/install/ackermann_msgs/local/lib/python3.10/dist-packages/ackermann_msgs/ackermann_msgs_s__rosidl_typesupport_c.cpython-310-aarch64-linux-gnu.so
[2.943s] -- Up-to-date: /home/HwHiAiUser/wheeltec_ros2/install/ackermann_msgs/lib/libackermann_msgs__rosidl_generator_py.so
[2.943s] -- Up-to-date: /home/HwHiAiUser/wheeltec_ros2/install/ackermann_msgs/share/ackermann_msgs/msg/AckermannDrive.idl
[2.943s] -- Up-to-date: /home/HwHiAiUser/wheeltec_ros2/install/ackermann_msgs/share/ackermann_msgs/msg/AckermannDriveStamped.idl
[2.944s] -- Up-to-date: /home/HwHiAiUser/wheeltec_ros2/install/ackermann_msgs/share/ackermann_msgs/msg/AckermannDrive.msg
[2.944s] -- Up-to-date: /home/HwHiAiUser/wheeltec_ros2/install/ackermann_msgs/share/ackermann_msgs/msg/AckermannDriveStamped.msg
[2.944s] -- Up-to-date: /home/HwHiAiUser/wheeltec_ros2/install/ackermann_msgs/share/ament_index/resource_index/package_run_dependencies/ackermann_msgs
[2.944s] -- Up-to-date: /home/HwHiAiUser/wheeltec_ros2/install/ackermann_msgs/share/ament_index/resource_index/parent_prefix_path/ackermann_msgs
[2.944s] -- Up-to-date: /home/HwHiAiUser/wheeltec_ros2/install/ackermann_msgs/share/ackermann_msgs/environment/ament_prefix_path.sh
[2.945s] -- Up-to-date: /home/HwHiAiUser/wheeltec_ros2/install/ackermann_msgs/share/ackermann_msgs/environment/ament_prefix_path.dsv
[2.945s] -- Up-to-date: /home/HwHiAiUser/wheeltec_ros2/install/ackermann_msgs/share/ackermann_msgs/environment/path.sh
[2.945s] -- Up-to-date: /home/HwHiAiUser/wheeltec_ros2/install/ackermann_msgs/share/ackermann_msgs/environment/path.dsv
[2.945s] -- Up-to-date: /home/HwHiAiUser/wheeltec_ros2/install/ackermann_msgs/share/ackermann_msgs/local_setup.bash
[2.945s] -- Up-to-date: /home/HwHiAiUser/wheeltec_ros2/install/ackermann_msgs/share/ackermann_msgs/local_setup.sh
[2.945s] -- Up-to-date: /home/HwHiAiUser/wheeltec_ros2/install/ackermann_msgs/share/ackermann_msgs/local_setup.zsh
[2.950s] -- Up-to-date: /home/HwHiAiUser/wheeltec_ros2/install/ackermann_msgs/share/ackermann_msgs/local_setup.dsv
[2.950s] -- Installing: /home/HwHiAiUser/wheeltec_ros2/install/ackermann_msgs/share/ackermann_msgs/package.dsv
[2.950s] -- Up-to-date: /home/HwHiAiUser/wheeltec_ros2/install/ackermann_msgs/share/ament_index/resource_index/packages/ackermann_msgs
[2.951s] -- Up-to-date: /home/HwHiAiUser/wheeltec_ros2/install/ackermann_msgs/share/ackermann_msgs/cmake/export_ackermann_msgs__rosidl_generator_cExport.cmake
[2.951s] -- Up-to-date: /home/HwHiAiUser/wheeltec_ros2/install/ackermann_msgs/share/ackermann_msgs/cmake/export_ackermann_msgs__rosidl_generator_cExport-noconfig.cmake
[2.951s] -- Up-to-date: /home/HwHiAiUser/wheeltec_ros2/install/ackermann_msgs/share/ackermann_msgs/cmake/export_ackermann_msgs__rosidl_typesupport_fastrtps_cExport.cmake
[2.951s] -- Up-to-date: /home/HwHiAiUser/wheeltec_ros2/install/ackermann_msgs/share/ackermann_msgs/cmake/export_ackermann_msgs__rosidl_typesupport_fastrtps_cExport-noconfig.cmake
[2.951s] -- Up-to-date: /home/HwHiAiUser/wheeltec_ros2/install/ackermann_msgs/share/ackermann_msgs/cmake/ackermann_msgs__rosidl_typesupport_introspection_cExport.cmake
[2.952s] -- Up-to-date: /home/HwHiAiUser/wheeltec_ros2/install/ackermann_msgs/share/ackermann_msgs/cmake/ackermann_msgs__rosidl_typesupport_introspection_cExport-noconfig.cmake
[2.952s] -- Up-to-date: /home/HwHiAiUser/wheeltec_ros2/install/ackermann_msgs/share/ackermann_msgs/cmake/ackermann_msgs__rosidl_typesupport_cExport.cmake
[2.952s] -- Up-to-date: /home/HwHiAiUser/wheeltec_ros2/install/ackermann_msgs/share/ackermann_msgs/cmake/ackermann_msgs__rosidl_typesupport_cExport-noconfig.cmake
[2.952s] -- Up-to-date: /home/HwHiAiUser/wheeltec_ros2/install/ackermann_msgs/share/ackermann_msgs/cmake/export_ackermann_msgs__rosidl_generator_cppExport.cmake
[2.952s] -- Up-to-date: /home/HwHiAiUser/wheeltec_ros2/install/ackermann_msgs/share/ackermann_msgs/cmake/export_ackermann_msgs__rosidl_typesupport_fastrtps_cppExport.cmake
[2.953s] -- Up-to-date: /home/HwHiAiUser/wheeltec_ros2/install/ackermann_msgs/share/ackermann_msgs/cmake/export_ackermann_msgs__rosidl_typesupport_fastrtps_cppExport-noconfig.cmake
[2.953s] -- Up-to-date: /home/HwHiAiUser/wheeltec_ros2/install/ackermann_msgs/share/ackermann_msgs/cmake/ackermann_msgs__rosidl_typesupport_introspection_cppExport.cmake
[2.954s] -- Up-to-date: /home/HwHiAiUser/wheeltec_ros2/install/ackermann_msgs/share/ackermann_msgs/cmake/ackermann_msgs__rosidl_typesupport_introspection_cppExport-noconfig.cmake
[2.954s] -- Up-to-date: /home/HwHiAiUser/wheeltec_ros2/install/ackermann_msgs/share/ackermann_msgs/cmake/ackermann_msgs__rosidl_typesupport_cppExport.cmake
[2.954s] -- Up-to-date: /home/HwHiAiUser/wheeltec_ros2/install/ackermann_msgs/share/ackermann_msgs/cmake/ackermann_msgs__rosidl_typesupport_cppExport-noconfig.cmake
[2.955s] -- Up-to-date: /home/HwHiAiUser/wheeltec_ros2/install/ackermann_msgs/share/ackermann_msgs/cmake/export_ackermann_msgs__rosidl_generator_pyExport.cmake
[2.955s] -- Up-to-date: /home/HwHiAiUser/wheeltec_ros2/install/ackermann_msgs/share/ackermann_msgs/cmake/export_ackermann_msgs__rosidl_generator_pyExport-noconfig.cmake
[2.955s] -- Up-to-date: /home/HwHiAiUser/wheeltec_ros2/install/ackermann_msgs/share/ackermann_msgs/cmake/rosidl_cmake-extras.cmake
[2.955s] -- Up-to-date: /home/HwHiAiUser/wheeltec_ros2/install/ackermann_msgs/share/ackermann_msgs/cmake/ament_cmake_export_dependencies-extras.cmake
[2.956s] -- Up-to-date: /home/HwHiAiUser/wheeltec_ros2/install/ackermann_msgs/share/ackermann_msgs/cmake/ament_cmake_export_include_directories-extras.cmake
[2.956s] -- Up-to-date: /home/HwHiAiUser/wheeltec_ros2/install/ackermann_msgs/share/ackermann_msgs/cmake/ament_cmake_export_libraries-extras.cmake
[2.956s] -- Up-to-date: /home/HwHiAiUser/wheeltec_ros2/install/ackermann_msgs/share/ackermann_msgs/cmake/ament_cmake_export_targets-extras.cmake
[2.956s] -- Up-to-date: /home/HwHiAiUser/wheeltec_ros2/install/ackermann_msgs/share/ackermann_msgs/cmake/rosidl_cmake_export_typesupport_targets-extras.cmake
[2.956s] -- Up-to-date: /home/HwHiAiUser/wheeltec_ros2/install/ackermann_msgs/share/ackermann_msgs/cmake/rosidl_cmake_export_typesupport_libraries-extras.cmake
[2.957s] -- Up-to-date: /home/HwHiAiUser/wheeltec_ros2/install/ackermann_msgs/share/ackermann_msgs/cmake/ackermann_msgsConfig.cmake
[2.957s] -- Up-to-date: /home/HwHiAiUser/wheeltec_ros2/install/ackermann_msgs/share/ackermann_msgs/cmake/ackermann_msgsConfig-version.cmake
[2.957s] -- Up-to-date: /home/HwHiAiUser/wheeltec_ros2/install/ackermann_msgs/share/ackermann_msgs/package.xml
[3.014s] Invoked command in '/home/HwHiAiUser/wheeltec_ros2/build/ackermann_msgs' returned '0': CMAKE_PREFIX_PATH=${CMAKE_PREFIX_PATH}:/home/HwHiAiUser/wheeltec_ros2/install/wheeltec_robot_keyboard:/home/HwHiAiUser/wheeltec_ros2/install/wheeltec_gpio_control:/home/HwHiAiUser/wheeltec_ros2/install/tf2_tools:/opt/ros/humble _=/usr/bin/env /usr/bin/cmake --install /home/HwHiAiUser/wheeltec_ros2/build/ackermann_msgs
