[0.118s] Invoking command in '/home/HwHiAiUser/wheeltec_ros2/build/web_video_server': CMAKE_PREFIX_PATH=${CMAKE_PREFIX_PATH}:/home/HwHiAiUser/wheeltec_ros2/install/wheeltec_robot_keyboard:/home/HwHiAiUser/wheeltec_ros2/install/tf2_tools:/opt/ros/humble _=/usr/bin/env /usr/bin/cmake --build /home/HwHiAiUser/wheeltec_ros2/build/web_video_server -- -j4 -l4
[0.506s] [100%] Built target web_video_server
[1.090s] Invoked command in '/home/HwHiAiUser/wheeltec_ros2/build/web_video_server' returned '0': CMAKE_PREFIX_PATH=${CMAKE_PREFIX_PATH}:/home/HwHiAiUser/wheeltec_ros2/install/wheeltec_robot_keyboard:/home/HwHiAiUser/wheeltec_ros2/install/tf2_tools:/opt/ros/humble _=/usr/bin/env /usr/bin/cmake --build /home/HwHiAiUser/wheeltec_ros2/build/web_video_server -- -j4 -l4
[1.096s] Invoking command in '/home/HwHiAiUser/wheeltec_ros2/build/web_video_server': CMAKE_PREFIX_PATH=${CMAKE_PREFIX_PATH}:/home/HwHiAiUser/wheeltec_ros2/install/wheeltec_robot_keyboard:/home/HwHiAiUser/wheeltec_ros2/install/tf2_tools:/opt/ros/humble _=/usr/bin/env /usr/bin/cmake --install /home/HwHiAiUser/wheeltec_ros2/build/web_video_server
[1.123s] -- Install configuration: ""
[1.123s] -- Up-to-date: /home/HwHiAiUser/wheeltec_ros2/install/web_video_server/lib/web_video_server/web_video_server
[1.124s] -- Up-to-date: /home/HwHiAiUser/wheeltec_ros2/install/web_video_server/include/web_video_server
[1.130s] -- Up-to-date: /home/HwHiAiUser/wheeltec_ros2/install/web_video_server/include/web_video_server/image_streamer.h
[1.136s] -- Up-to-date: /home/HwHiAiUser/wheeltec_ros2/install/web_video_server/include/web_video_server/png_streamers.h
[1.137s] -- Up-to-date: /home/HwHiAiUser/wheeltec_ros2/install/web_video_server/include/web_video_server/ros_compressed_streamer.h
[1.137s] -- Up-to-date: /home/HwHiAiUser/wheeltec_ros2/install/web_video_server/include/web_video_server/libav_streamer.h
[1.152s] -- Up-to-date: /home/HwHiAiUser/wheeltec_ros2/install/web_video_server/include/web_video_server/h264_streamer.h
[1.152s] -- Up-to-date: /home/HwHiAiUser/wheeltec_ros2/install/web_video_server/include/web_video_server/multipart_stream.h
[1.153s] -- Up-to-date: /home/HwHiAiUser/wheeltec_ros2/install/web_video_server/include/web_video_server/web_video_server.h
[1.153s] -- Up-to-date: /home/HwHiAiUser/wheeltec_ros2/install/web_video_server/include/web_video_server/vp9_streamer.h
[1.153s] -- Up-to-date: /home/HwHiAiUser/wheeltec_ros2/install/web_video_server/include/web_video_server/jpeg_streamers.h
[1.153s] -- Up-to-date: /home/HwHiAiUser/wheeltec_ros2/install/web_video_server/include/web_video_server/vp8_streamer.h
[1.153s] -- Up-to-date: /home/HwHiAiUser/wheeltec_ros2/install/web_video_server/share/ament_index/resource_index/package_run_dependencies/web_video_server
[1.154s] -- Up-to-date: /home/HwHiAiUser/wheeltec_ros2/install/web_video_server/share/ament_index/resource_index/parent_prefix_path/web_video_server
[1.154s] -- Up-to-date: /home/HwHiAiUser/wheeltec_ros2/install/web_video_server/share/web_video_server/environment/ament_prefix_path.sh
[1.154s] -- Up-to-date: /home/HwHiAiUser/wheeltec_ros2/install/web_video_server/share/web_video_server/environment/ament_prefix_path.dsv
[1.154s] -- Up-to-date: /home/HwHiAiUser/wheeltec_ros2/install/web_video_server/share/web_video_server/environment/path.sh
[1.154s] -- Up-to-date: /home/HwHiAiUser/wheeltec_ros2/install/web_video_server/share/web_video_server/environment/path.dsv
[1.155s] -- Up-to-date: /home/HwHiAiUser/wheeltec_ros2/install/web_video_server/share/web_video_server/local_setup.bash
[1.155s] -- Up-to-date: /home/HwHiAiUser/wheeltec_ros2/install/web_video_server/share/web_video_server/local_setup.sh
[1.155s] -- Up-to-date: /home/HwHiAiUser/wheeltec_ros2/install/web_video_server/share/web_video_server/local_setup.zsh
[1.155s] -- Up-to-date: /home/HwHiAiUser/wheeltec_ros2/install/web_video_server/share/web_video_server/local_setup.dsv
[1.155s] -- Installing: /home/HwHiAiUser/wheeltec_ros2/install/web_video_server/share/web_video_server/package.dsv
[1.155s] -- Up-to-date: /home/HwHiAiUser/wheeltec_ros2/install/web_video_server/share/ament_index/resource_index/packages/web_video_server
[1.156s] -- Up-to-date: /home/HwHiAiUser/wheeltec_ros2/install/web_video_server/share/web_video_server/cmake/web_video_serverConfig.cmake
[1.156s] -- Up-to-date: /home/HwHiAiUser/wheeltec_ros2/install/web_video_server/share/web_video_server/cmake/web_video_serverConfig-version.cmake
[1.156s] -- Up-to-date: /home/HwHiAiUser/wheeltec_ros2/install/web_video_server/share/web_video_server/package.xml
[1.244s] Invoked command in '/home/HwHiAiUser/wheeltec_ros2/build/web_video_server' returned '0': CMAKE_PREFIX_PATH=${CMAKE_PREFIX_PATH}:/home/HwHiAiUser/wheeltec_ros2/install/wheeltec_robot_keyboard:/home/HwHiAiUser/wheeltec_ros2/install/tf2_tools:/opt/ros/humble _=/usr/bin/env /usr/bin/cmake --install /home/HwHiAiUser/wheeltec_ros2/build/web_video_server
