[0.049s] Invoking command in '/home/HwHiAiUser/wheeltec_ros2/build/web_video_server': CMAKE_PREFIX_PATH=${CMAKE_PREFIX_PATH}:/home/HwHiAiUser/wheeltec_ros2/install/wheeltec_robot_keyboard:/home/HwHiAiUser/wheeltec_ros2/install/wheeltec_gpio_control:/home/HwHiAiUser/wheeltec_ros2/install/tf2_tools:/opt/ros/humble _=/usr/bin/env /usr/bin/cmake --build /home/HwHiAiUser/wheeltec_ros2/build/web_video_server -- -j4 -l4
[0.392s] [100%] Built target web_video_server
[0.434s] Invoked command in '/home/HwHiAiUser/wheeltec_ros2/build/web_video_server' returned '0': CMAKE_PREFIX_PATH=${CMAKE_PREFIX_PATH}:/home/HwHiAiUser/wheeltec_ros2/install/wheeltec_robot_keyboard:/home/HwHiAiUser/wheeltec_ros2/install/wheeltec_gpio_control:/home/HwHiAiUser/wheeltec_ros2/install/tf2_tools:/opt/ros/humble _=/usr/bin/env /usr/bin/cmake --build /home/HwHiAiUser/wheeltec_ros2/build/web_video_server -- -j4 -l4
[0.436s] Invoking command in '/home/HwHiAiUser/wheeltec_ros2/build/web_video_server': CMAKE_PREFIX_PATH=${CMAKE_PREFIX_PATH}:/home/HwHiAiUser/wheeltec_ros2/install/wheeltec_robot_keyboard:/home/HwHiAiUser/wheeltec_ros2/install/wheeltec_gpio_control:/home/HwHiAiUser/wheeltec_ros2/install/tf2_tools:/opt/ros/humble _=/usr/bin/env /usr/bin/cmake --install /home/HwHiAiUser/wheeltec_ros2/build/web_video_server
[0.497s] -- Install configuration: ""
[0.499s] -- Up-to-date: /home/HwHiAiUser/wheeltec_ros2/install/web_video_server/lib/web_video_server/web_video_server
[0.499s] -- Up-to-date: /home/HwHiAiUser/wheeltec_ros2/install/web_video_server/include/web_video_server
[0.499s] -- Up-to-date: /home/HwHiAiUser/wheeltec_ros2/install/web_video_server/include/web_video_server/image_streamer.h
[0.500s] -- Up-to-date: /home/HwHiAiUser/wheeltec_ros2/install/web_video_server/include/web_video_server/png_streamers.h
[0.500s] -- Up-to-date: /home/HwHiAiUser/wheeltec_ros2/install/web_video_server/include/web_video_server/ros_compressed_streamer.h
[0.500s] -- Up-to-date: /home/HwHiAiUser/wheeltec_ros2/install/web_video_server/include/web_video_server/libav_streamer.h
[0.501s] -- Up-to-date: /home/HwHiAiUser/wheeltec_ros2/install/web_video_server/include/web_video_server/h264_streamer.h
[0.501s] -- Up-to-date: /home/HwHiAiUser/wheeltec_ros2/install/web_video_server/include/web_video_server/multipart_stream.h
[0.501s] -- Up-to-date: /home/HwHiAiUser/wheeltec_ros2/install/web_video_server/include/web_video_server/web_video_server.h
[0.501s] -- Up-to-date: /home/HwHiAiUser/wheeltec_ros2/install/web_video_server/include/web_video_server/vp9_streamer.h
[0.501s] -- Up-to-date: /home/HwHiAiUser/wheeltec_ros2/install/web_video_server/include/web_video_server/jpeg_streamers.h
[0.502s] -- Up-to-date: /home/HwHiAiUser/wheeltec_ros2/install/web_video_server/include/web_video_server/vp8_streamer.h
[0.502s] -- Up-to-date: /home/HwHiAiUser/wheeltec_ros2/install/web_video_server/share/ament_index/resource_index/package_run_dependencies/web_video_server
[0.502s] -- Up-to-date: /home/HwHiAiUser/wheeltec_ros2/install/web_video_server/share/ament_index/resource_index/parent_prefix_path/web_video_server
[0.503s] -- Up-to-date: /home/HwHiAiUser/wheeltec_ros2/install/web_video_server/share/web_video_server/environment/ament_prefix_path.sh
[0.503s] -- Up-to-date: /home/HwHiAiUser/wheeltec_ros2/install/web_video_server/share/web_video_server/environment/ament_prefix_path.dsv
[0.503s] -- Up-to-date: /home/HwHiAiUser/wheeltec_ros2/install/web_video_server/share/web_video_server/environment/path.sh
[0.504s] -- Up-to-date: /home/HwHiAiUser/wheeltec_ros2/install/web_video_server/share/web_video_server/environment/path.dsv
[0.507s] -- Up-to-date: /home/HwHiAiUser/wheeltec_ros2/install/web_video_server/share/web_video_server/local_setup.bash
[0.510s] -- Up-to-date: /home/HwHiAiUser/wheeltec_ros2/install/web_video_server/share/web_video_server/local_setup.sh
[0.511s] -- Up-to-date: /home/HwHiAiUser/wheeltec_ros2/install/web_video_server/share/web_video_server/local_setup.zsh
[0.511s] -- Up-to-date: /home/HwHiAiUser/wheeltec_ros2/install/web_video_server/share/web_video_server/local_setup.dsv
[0.512s] -- Installing: /home/HwHiAiUser/wheeltec_ros2/install/web_video_server/share/web_video_server/package.dsv
[0.516s] -- Up-to-date: /home/HwHiAiUser/wheeltec_ros2/install/web_video_server/share/ament_index/resource_index/packages/web_video_server
[0.518s] -- Up-to-date: /home/HwHiAiUser/wheeltec_ros2/install/web_video_server/share/web_video_server/cmake/web_video_serverConfig.cmake
[0.518s] -- Up-to-date: /home/HwHiAiUser/wheeltec_ros2/install/web_video_server/share/web_video_server/cmake/web_video_serverConfig-version.cmake
[0.520s] -- Up-to-date: /home/HwHiAiUser/wheeltec_ros2/install/web_video_server/share/web_video_server/package.xml
[0.521s] Invoked command in '/home/HwHiAiUser/wheeltec_ros2/build/web_video_server' returned '0': CMAKE_PREFIX_PATH=${CMAKE_PREFIX_PATH}:/home/HwHiAiUser/wheeltec_ros2/install/wheeltec_robot_keyboard:/home/HwHiAiUser/wheeltec_ros2/install/wheeltec_gpio_control:/home/HwHiAiUser/wheeltec_ros2/install/tf2_tools:/opt/ros/humble _=/usr/bin/env /usr/bin/cmake --install /home/HwHiAiUser/wheeltec_ros2/build/web_video_server
