[0.161s] Invoking command in '/home/HwHiAiUser/wheeltec_ros2/build/wheeltec_robot_urdf': CMAKE_PREFIX_PATH=${CMAKE_PREFIX_PATH}:/home/HwHiAiUser/wheeltec_ros2/install/wheeltec_robot_keyboard:/home/HwHiAiUser/wheeltec_ros2/install/wheeltec_gpio_control:/home/HwHiAiUser/wheeltec_ros2/install/tf2_tools:/opt/ros/humble _=/usr/bin/env /usr/bin/cmake --build /home/HwHiAiUser/wheeltec_ros2/build/wheeltec_robot_urdf -- -j4 -l4
[0.401s] Invoked command in '/home/HwHiAiUser/wheeltec_ros2/build/wheeltec_robot_urdf' returned '0': CMAKE_PREFIX_PATH=${CMAKE_PREFIX_PATH}:/home/HwHiAiUser/wheeltec_ros2/install/wheeltec_robot_keyboard:/home/HwHiAiUser/wheeltec_ros2/install/wheeltec_gpio_control:/home/HwHiAiUser/wheeltec_ros2/install/tf2_tools:/opt/ros/humble _=/usr/bin/env /usr/bin/cmake --build /home/HwHiAiUser/wheeltec_ros2/build/wheeltec_robot_urdf -- -j4 -l4
[0.416s] Invoking command in '/home/HwHiAiUser/wheeltec_ros2/build/wheeltec_robot_urdf': CMAKE_PREFIX_PATH=${CMAKE_PREFIX_PATH}:/home/HwHiAiUser/wheeltec_ros2/install/wheeltec_robot_keyboard:/home/HwHiAiUser/wheeltec_ros2/install/wheeltec_gpio_control:/home/HwHiAiUser/wheeltec_ros2/install/tf2_tools:/opt/ros/humble _=/usr/bin/env /usr/bin/cmake --install /home/HwHiAiUser/wheeltec_ros2/build/wheeltec_robot_urdf
[0.467s] -- Install configuration: ""
[0.474s] -- Up-to-date: /home/HwHiAiUser/wheeltec_ros2/install/wheeltec_robot_urdf/share/wheeltec_robot_urdf/meshes
[0.481s] -- Up-to-date: /home/HwHiAiUser/wheeltec_ros2/install/wheeltec_robot_urdf/share/wheeltec_robot_urdf/meshes/top_mec_EightDrive_robot_meshes
[0.485s] -- Up-to-date: /home/HwHiAiUser/wheeltec_ros2/install/wheeltec_robot_urdf/share/wheeltec_robot_urdf/meshes/top_mec_EightDrive_robot_meshes/base_link.STL
[0.489s] -- Up-to-date: /home/HwHiAiUser/wheeltec_ros2/install/wheeltec_robot_urdf/share/wheeltec_robot_urdf/meshes/top_mec_EightDrive_robot_meshes/right_wheel2_link.STL
[0.491s] -- Up-to-date: /home/HwHiAiUser/wheeltec_ros2/install/wheeltec_robot_urdf/share/wheeltec_robot_urdf/meshes/top_mec_EightDrive_robot_meshes/left_wheel2_link.STL
[0.493s] -- Up-to-date: /home/HwHiAiUser/wheeltec_ros2/install/wheeltec_robot_urdf/share/wheeltec_robot_urdf/meshes/top_mec_EightDrive_robot_meshes/laser.STL
[0.495s] -- Up-to-date: /home/HwHiAiUser/wheeltec_ros2/install/wheeltec_robot_urdf/share/wheeltec_robot_urdf/meshes/top_mec_EightDrive_robot_meshes/controller_link.STL
[0.496s] -- Up-to-date: /home/HwHiAiUser/wheeltec_ros2/install/wheeltec_robot_urdf/share/wheeltec_robot_urdf/meshes/top_mec_EightDrive_robot_meshes/camera_link.STL
[0.498s] -- Up-to-date: /home/HwHiAiUser/wheeltec_ros2/install/wheeltec_robot_urdf/share/wheeltec_robot_urdf/meshes/top_mec_EightDrive_robot_meshes/left_wheel1_link.STL
[0.500s] -- Up-to-date: /home/HwHiAiUser/wheeltec_ros2/install/wheeltec_robot_urdf/share/wheeltec_robot_urdf/meshes/top_mec_EightDrive_robot_meshes/left_wheel4_link.STL
[0.501s] -- Up-to-date: /home/HwHiAiUser/wheeltec_ros2/install/wheeltec_robot_urdf/share/wheeltec_robot_urdf/meshes/top_mec_EightDrive_robot_meshes/left_wheel3_link.STL
[0.529s] -- Up-to-date: /home/HwHiAiUser/wheeltec_ros2/install/wheeltec_robot_urdf/share/wheeltec_robot_urdf/meshes/top_mec_EightDrive_robot_meshes/right_wheel1_link.STL
[0.529s] -- Up-to-date: /home/HwHiAiUser/wheeltec_ros2/install/wheeltec_robot_urdf/share/wheeltec_robot_urdf/meshes/top_mec_EightDrive_robot_meshes/right_wheel3_link.STL
[0.529s] -- Up-to-date: /home/HwHiAiUser/wheeltec_ros2/install/wheeltec_robot_urdf/share/wheeltec_robot_urdf/meshes/top_mec_EightDrive_robot_meshes/right_wheel4_link.STL
[0.529s] -- Up-to-date: /home/HwHiAiUser/wheeltec_ros2/install/wheeltec_robot_urdf/share/wheeltec_robot_urdf/meshes/senior_akm_bs_meshes
[0.551s] -- Up-to-date: /home/HwHiAiUser/wheeltec_ros2/install/wheeltec_robot_urdf/share/wheeltec_robot_urdf/meshes/senior_akm_bs_meshes/base_link.STL
[0.551s] -- Up-to-date: /home/HwHiAiUser/wheeltec_ros2/install/wheeltec_robot_urdf/share/wheeltec_robot_urdf/meshes/senior_akm_bs_meshes/rf_1_link.STL
[0.551s] -- Up-to-date: /home/HwHiAiUser/wheeltec_ros2/install/wheeltec_robot_urdf/share/wheeltec_robot_urdf/meshes/senior_akm_bs_meshes/lb_wheel_link.STL
[0.552s] -- Up-to-date: /home/HwHiAiUser/wheeltec_ros2/install/wheeltec_robot_urdf/share/wheeltec_robot_urdf/meshes/senior_akm_bs_meshes/lf_wheel_link.STL
[0.552s] -- Up-to-date: /home/HwHiAiUser/wheeltec_ros2/install/wheeltec_robot_urdf/share/wheeltec_robot_urdf/meshes/senior_akm_bs_meshes/rf_2_link.STL
[0.552s] -- Up-to-date: /home/HwHiAiUser/wheeltec_ros2/install/wheeltec_robot_urdf/share/wheeltec_robot_urdf/meshes/senior_akm_bs_meshes/controller_link.STL
[0.553s] -- Up-to-date: /home/HwHiAiUser/wheeltec_ros2/install/wheeltec_robot_urdf/share/wheeltec_robot_urdf/meshes/senior_akm_bs_meshes/camera_link.STL
[0.553s] -- Up-to-date: /home/HwHiAiUser/wheeltec_ros2/install/wheeltec_robot_urdf/share/wheeltec_robot_urdf/meshes/senior_akm_bs_meshes/lf_1_link.STL
[0.554s] -- Up-to-date: /home/HwHiAiUser/wheeltec_ros2/install/wheeltec_robot_urdf/share/wheeltec_robot_urdf/meshes/senior_akm_bs_meshes/lf_2_link.STL
[0.554s] -- Up-to-date: /home/HwHiAiUser/wheeltec_ros2/install/wheeltec_robot_urdf/share/wheeltec_robot_urdf/meshes/senior_akm_bs_meshes/rb_wheel_link.STL
[0.554s] -- Up-to-date: /home/HwHiAiUser/wheeltec_ros2/install/wheeltec_robot_urdf/share/wheeltec_robot_urdf/meshes/senior_akm_bs_meshes/rf_wheel_link.STL
[0.554s] -- Up-to-date: /home/HwHiAiUser/wheeltec_ros2/install/wheeltec_robot_urdf/share/wheeltec_robot_urdf/meshes/senior_akm_bs_meshes/laser_link.STL
[0.555s] -- Up-to-date: /home/HwHiAiUser/wheeltec_ros2/install/wheeltec_robot_urdf/share/wheeltec_robot_urdf/meshes/mini_tank_moveit_four_meshes
[0.555s] -- Up-to-date: /home/HwHiAiUser/wheeltec_ros2/install/wheeltec_robot_urdf/share/wheeltec_robot_urdf/meshes/mini_tank_moveit_four_meshes/base_link.STL
[0.555s] -- Up-to-date: /home/HwHiAiUser/wheeltec_ros2/install/wheeltec_robot_urdf/share/wheeltec_robot_urdf/meshes/mini_tank_moveit_four_meshes/j2_link.STL
[0.556s] -- Up-to-date: /home/HwHiAiUser/wheeltec_ros2/install/wheeltec_robot_urdf/share/wheeltec_robot_urdf/meshes/mini_tank_moveit_four_meshes/j4_2_link.STL
[0.556s] -- Up-to-date: /home/HwHiAiUser/wheeltec_ros2/install/wheeltec_robot_urdf/share/wheeltec_robot_urdf/meshes/mini_tank_moveit_four_meshes/j4_6_link.STL
[0.556s] -- Up-to-date: /home/HwHiAiUser/wheeltec_ros2/install/wheeltec_robot_urdf/share/wheeltec_robot_urdf/meshes/mini_tank_moveit_four_meshes/right5_link.STL
[0.556s] -- Up-to-date: /home/HwHiAiUser/wheeltec_ros2/install/wheeltec_robot_urdf/share/wheeltec_robot_urdf/meshes/mini_tank_moveit_four_meshes/right_belt_link.STL
[0.556s] -- Up-to-date: /home/HwHiAiUser/wheeltec_ros2/install/wheeltec_robot_urdf/share/wheeltec_robot_urdf/meshes/mini_tank_moveit_four_meshes/left6_link.STL
[0.557s] -- Up-to-date: /home/HwHiAiUser/wheeltec_ros2/install/wheeltec_robot_urdf/share/wheeltec_robot_urdf/meshes/mini_tank_moveit_four_meshes/right4_link.STL
[0.557s] -- Up-to-date: /home/HwHiAiUser/wheeltec_ros2/install/wheeltec_robot_urdf/share/wheeltec_robot_urdf/meshes/mini_tank_moveit_four_meshes/laser.STL
[0.557s] -- Up-to-date: /home/HwHiAiUser/wheeltec_ros2/install/wheeltec_robot_urdf/share/wheeltec_robot_urdf/meshes/mini_tank_moveit_four_meshes/controller_link.STL
[0.574s] -- Up-to-date: /home/HwHiAiUser/wheeltec_ros2/install/wheeltec_robot_urdf/share/wheeltec_robot_urdf/meshes/mini_tank_moveit_four_meshes/camera_link.STL
[0.575s] -- Up-to-date: /home/HwHiAiUser/wheeltec_ros2/install/wheeltec_robot_urdf/share/wheeltec_robot_urdf/meshes/mini_tank_moveit_four_meshes/left3_link.STL
[0.575s] -- Up-to-date: /home/HwHiAiUser/wheeltec_ros2/install/wheeltec_robot_urdf/share/wheeltec_robot_urdf/meshes/mini_tank_moveit_four_meshes/j4_4_link.STL
[0.575s] -- Up-to-date: /home/HwHiAiUser/wheeltec_ros2/install/wheeltec_robot_urdf/share/wheeltec_robot_urdf/meshes/mini_tank_moveit_four_meshes/left1_link.STL
[0.577s] -- Up-to-date: /home/HwHiAiUser/wheeltec_ros2/install/wheeltec_robot_urdf/share/wheeltec_robot_urdf/meshes/mini_tank_moveit_four_meshes/left4_link.STL
[0.577s] -- Up-to-date: /home/HwHiAiUser/wheeltec_ros2/install/wheeltec_robot_urdf/share/wheeltec_robot_urdf/meshes/mini_tank_moveit_four_meshes/left5_link.STL
[0.578s] -- Up-to-date: /home/HwHiAiUser/wheeltec_ros2/install/wheeltec_robot_urdf/share/wheeltec_robot_urdf/meshes/mini_tank_moveit_four_meshes/right2_link.STL
[0.578s] -- Up-to-date: /home/HwHiAiUser/wheeltec_ros2/install/wheeltec_robot_urdf/share/wheeltec_robot_urdf/meshes/mini_tank_moveit_four_meshes/right6_link.STL
[0.578s] -- Up-to-date: /home/HwHiAiUser/wheeltec_ros2/install/wheeltec_robot_urdf/share/wheeltec_robot_urdf/meshes/mini_tank_moveit_four_meshes/left_belt_link.STL
[0.586s] -- Up-to-date: /home/HwHiAiUser/wheeltec_ros2/install/wheeltec_robot_urdf/share/wheeltec_robot_urdf/meshes/mini_tank_moveit_four_meshes/j4_5_link.STL
[0.587s] -- Up-to-date: /home/HwHiAiUser/wheeltec_ros2/install/wheeltec_robot_urdf/share/wheeltec_robot_urdf/meshes/mini_tank_moveit_four_meshes/right1_link.STL
[0.587s] -- Up-to-date: /home/HwHiAiUser/wheeltec_ros2/install/wheeltec_robot_urdf/share/wheeltec_robot_urdf/meshes/mini_tank_moveit_four_meshes/right3_link.STL
[0.587s] -- Up-to-date: /home/HwHiAiUser/wheeltec_ros2/install/wheeltec_robot_urdf/share/wheeltec_robot_urdf/meshes/mini_tank_moveit_four_meshes/arm_base_link.STL
[0.587s] -- Up-to-date: /home/HwHiAiUser/wheeltec_ros2/install/wheeltec_robot_urdf/share/wheeltec_robot_urdf/meshes/mini_tank_moveit_four_meshes/j1_link.STL
[0.587s] -- Up-to-date: /home/HwHiAiUser/wheeltec_ros2/install/wheeltec_robot_urdf/share/wheeltec_robot_urdf/meshes/mini_tank_moveit_four_meshes/j4_1_link.STL
[0.588s] -- Up-to-date: /home/HwHiAiUser/wheeltec_ros2/install/wheeltec_robot_urdf/share/wheeltec_robot_urdf/meshes/mini_tank_moveit_four_meshes/left2_link.STL
[0.588s] -- Up-to-date: /home/HwHiAiUser/wheeltec_ros2/install/wheeltec_robot_urdf/share/wheeltec_robot_urdf/meshes/mini_tank_moveit_four_meshes/j3_link.STL
[0.588s] -- Up-to-date: /home/HwHiAiUser/wheeltec_ros2/install/wheeltec_robot_urdf/share/wheeltec_robot_urdf/meshes/mini_tank_moveit_four_meshes/j4_3_link.STL
[0.588s] -- Up-to-date: /home/HwHiAiUser/wheeltec_ros2/install/wheeltec_robot_urdf/share/wheeltec_robot_urdf/meshes/mini_mec_moveit_four_meshes
[0.589s] -- Up-to-date: /home/HwHiAiUser/wheeltec_ros2/install/wheeltec_robot_urdf/share/wheeltec_robot_urdf/meshes/mini_mec_moveit_four_meshes/base_link.STL
[0.594s] -- Up-to-date: /home/HwHiAiUser/wheeltec_ros2/install/wheeltec_robot_urdf/share/wheeltec_robot_urdf/meshes/mini_mec_moveit_four_meshes/j2_link.STL
[0.595s] -- Up-to-date: /home/HwHiAiUser/wheeltec_ros2/install/wheeltec_robot_urdf/share/wheeltec_robot_urdf/meshes/mini_mec_moveit_four_meshes/j4_2_link.STL
[0.595s] -- Up-to-date: /home/HwHiAiUser/wheeltec_ros2/install/wheeltec_robot_urdf/share/wheeltec_robot_urdf/meshes/mini_mec_moveit_four_meshes/j4_6_link.STL
[0.599s] -- Up-to-date: /home/HwHiAiUser/wheeltec_ros2/install/wheeltec_robot_urdf/share/wheeltec_robot_urdf/meshes/mini_mec_moveit_four_meshes/lb_wheel_link.STL
[0.616s] -- Up-to-date: /home/HwHiAiUser/wheeltec_ros2/install/wheeltec_robot_urdf/share/wheeltec_robot_urdf/meshes/mini_mec_moveit_four_meshes/display_link.STL
[0.617s] -- Up-to-date: /home/HwHiAiUser/wheeltec_ros2/install/wheeltec_robot_urdf/share/wheeltec_robot_urdf/meshes/mini_mec_moveit_four_meshes/lf_wheel_link.STL
[0.617s] -- Up-to-date: /home/HwHiAiUser/wheeltec_ros2/install/wheeltec_robot_urdf/share/wheeltec_robot_urdf/meshes/mini_mec_moveit_four_meshes/laser.STL
[0.617s] -- Up-to-date: /home/HwHiAiUser/wheeltec_ros2/install/wheeltec_robot_urdf/share/wheeltec_robot_urdf/meshes/mini_mec_moveit_four_meshes/controller_link.STL
[0.618s] -- Up-to-date: /home/HwHiAiUser/wheeltec_ros2/install/wheeltec_robot_urdf/share/wheeltec_robot_urdf/meshes/mini_mec_moveit_four_meshes/camera_link.STL
[0.618s] -- Up-to-date: /home/HwHiAiUser/wheeltec_ros2/install/wheeltec_robot_urdf/share/wheeltec_robot_urdf/meshes/mini_mec_moveit_four_meshes/j4_4_link.STL
[0.618s] -- Up-to-date: /home/HwHiAiUser/wheeltec_ros2/install/wheeltec_robot_urdf/share/wheeltec_robot_urdf/meshes/mini_mec_moveit_four_meshes/rb_wheel_link.STL
[0.618s] -- Up-to-date: /home/HwHiAiUser/wheeltec_ros2/install/wheeltec_robot_urdf/share/wheeltec_robot_urdf/meshes/mini_mec_moveit_four_meshes/rf_wheel_link.STL
[0.619s] -- Up-to-date: /home/HwHiAiUser/wheeltec_ros2/install/wheeltec_robot_urdf/share/wheeltec_robot_urdf/meshes/mini_mec_moveit_four_meshes/j4_5_link.STL
[0.619s] -- Up-to-date: /home/HwHiAiUser/wheeltec_ros2/install/wheeltec_robot_urdf/share/wheeltec_robot_urdf/meshes/mini_mec_moveit_four_meshes/arm_base_link.STL
[0.619s] -- Up-to-date: /home/HwHiAiUser/wheeltec_ros2/install/wheeltec_robot_urdf/share/wheeltec_robot_urdf/meshes/mini_mec_moveit_four_meshes/j1_link.STL
[0.620s] -- Up-to-date: /home/HwHiAiUser/wheeltec_ros2/install/wheeltec_robot_urdf/share/wheeltec_robot_urdf/meshes/mini_mec_moveit_four_meshes/j4_1_link.STL
[0.620s] -- Up-to-date: /home/HwHiAiUser/wheeltec_ros2/install/wheeltec_robot_urdf/share/wheeltec_robot_urdf/meshes/mini_mec_moveit_four_meshes/j3_link.STL
[0.620s] -- Up-to-date: /home/HwHiAiUser/wheeltec_ros2/install/wheeltec_robot_urdf/share/wheeltec_robot_urdf/meshes/mini_mec_moveit_four_meshes/j4_3_link.STL
[0.637s] -- Up-to-date: /home/HwHiAiUser/wheeltec_ros2/install/wheeltec_robot_urdf/share/wheeltec_robot_urdf/meshes/senior_diff_robot_meshes
[0.637s] -- Up-to-date: /home/HwHiAiUser/wheeltec_ros2/install/wheeltec_robot_urdf/share/wheeltec_robot_urdf/meshes/senior_diff_robot_meshes/base_link.STL
[0.637s] -- Up-to-date: /home/HwHiAiUser/wheeltec_ros2/install/wheeltec_robot_urdf/share/wheeltec_robot_urdf/meshes/senior_diff_robot_meshes/laser.STL
[0.638s] -- Up-to-date: /home/HwHiAiUser/wheeltec_ros2/install/wheeltec_robot_urdf/share/wheeltec_robot_urdf/meshes/senior_diff_robot_meshes/controller_link.STL
[0.638s] -- Up-to-date: /home/HwHiAiUser/wheeltec_ros2/install/wheeltec_robot_urdf/share/wheeltec_robot_urdf/meshes/senior_diff_robot_meshes/camera_link.STL
[0.638s] -- Up-to-date: /home/HwHiAiUser/wheeltec_ros2/install/wheeltec_robot_urdf/share/wheeltec_robot_urdf/meshes/senior_diff_robot_meshes/left_wheel_link.STL
[0.639s] -- Up-to-date: /home/HwHiAiUser/wheeltec_ros2/install/wheeltec_robot_urdf/share/wheeltec_robot_urdf/meshes/senior_diff_robot_meshes/quanxiang_wheel_link.STL
[0.639s] -- Up-to-date: /home/HwHiAiUser/wheeltec_ros2/install/wheeltec_robot_urdf/share/wheeltec_robot_urdf/meshes/senior_diff_robot_meshes/right_wheel_link.STL
[0.639s] -- Up-to-date: /home/HwHiAiUser/wheeltec_ros2/install/wheeltec_robot_urdf/share/wheeltec_robot_urdf/meshes/senior_akm_robot_meshes
[0.639s] -- Up-to-date: /home/HwHiAiUser/wheeltec_ros2/install/wheeltec_robot_urdf/share/wheeltec_robot_urdf/meshes/senior_akm_robot_meshes/base_link.STL
[0.649s] -- Up-to-date: /home/HwHiAiUser/wheeltec_ros2/install/wheeltec_robot_urdf/share/wheeltec_robot_urdf/meshes/senior_akm_robot_meshes/lb_wheel_link.STL
[0.649s] -- Up-to-date: /home/HwHiAiUser/wheeltec_ros2/install/wheeltec_robot_urdf/share/wheeltec_robot_urdf/meshes/senior_akm_robot_meshes/lf_wheel_link.STL
[0.649s] -- Up-to-date: /home/HwHiAiUser/wheeltec_ros2/install/wheeltec_robot_urdf/share/wheeltec_robot_urdf/meshes/senior_akm_robot_meshes/laser.STL
[0.649s] -- Up-to-date: /home/HwHiAiUser/wheeltec_ros2/install/wheeltec_robot_urdf/share/wheeltec_robot_urdf/meshes/senior_akm_robot_meshes/controller_link.STL
[0.650s] -- Up-to-date: /home/HwHiAiUser/wheeltec_ros2/install/wheeltec_robot_urdf/share/wheeltec_robot_urdf/meshes/senior_akm_robot_meshes/camera_link.STL
[0.650s] -- Up-to-date: /home/HwHiAiUser/wheeltec_ros2/install/wheeltec_robot_urdf/share/wheeltec_robot_urdf/meshes/senior_akm_robot_meshes/rb_wheel_link.STL
[0.650s] -- Up-to-date: /home/HwHiAiUser/wheeltec_ros2/install/wheeltec_robot_urdf/share/wheeltec_robot_urdf/meshes/senior_akm_robot_meshes/rf_wheel_link.STL
[0.650s] -- Up-to-date: /home/HwHiAiUser/wheeltec_ros2/install/wheeltec_robot_urdf/share/wheeltec_robot_urdf/meshes/top_omni_robot_meshes
[0.650s] -- Up-to-date: /home/HwHiAiUser/wheeltec_ros2/install/wheeltec_robot_urdf/share/wheeltec_robot_urdf/meshes/top_omni_robot_meshes/base_link.STL
[0.651s] -- Up-to-date: /home/HwHiAiUser/wheeltec_ros2/install/wheeltec_robot_urdf/share/wheeltec_robot_urdf/meshes/top_omni_robot_meshes/laser.STL
[0.651s] -- Up-to-date: /home/HwHiAiUser/wheeltec_ros2/install/wheeltec_robot_urdf/share/wheeltec_robot_urdf/meshes/top_omni_robot_meshes/controller_link.STL
[0.651s] -- Up-to-date: /home/HwHiAiUser/wheeltec_ros2/install/wheeltec_robot_urdf/share/wheeltec_robot_urdf/meshes/top_omni_robot_meshes/camera_link.STL
[0.651s] -- Up-to-date: /home/HwHiAiUser/wheeltec_ros2/install/wheeltec_robot_urdf/share/wheeltec_robot_urdf/meshes/top_omni_robot_meshes/quanxiang_wheel3_link.STL
[0.652s] -- Up-to-date: /home/HwHiAiUser/wheeltec_ros2/install/wheeltec_robot_urdf/share/wheeltec_robot_urdf/meshes/top_omni_robot_meshes/quanxiang_wheel1_link.STL
[0.674s] -- Up-to-date: /home/HwHiAiUser/wheeltec_ros2/install/wheeltec_robot_urdf/share/wheeltec_robot_urdf/meshes/top_omni_robot_meshes/quanxiang_wheel2_link.STL
[0.674s] -- Up-to-date: /home/HwHiAiUser/wheeltec_ros2/install/wheeltec_robot_urdf/share/wheeltec_robot_urdf/meshes/four_wheel_diff_dl_robot_meshes
[0.674s] -- Up-to-date: /home/HwHiAiUser/wheeltec_ros2/install/wheeltec_robot_urdf/share/wheeltec_robot_urdf/meshes/four_wheel_diff_dl_robot_meshes/base_link.STL
[0.674s] -- Up-to-date: /home/HwHiAiUser/wheeltec_ros2/install/wheeltec_robot_urdf/share/wheeltec_robot_urdf/meshes/four_wheel_diff_dl_robot_meshes/lb_wheel_link.STL
[0.675s] -- Up-to-date: /home/HwHiAiUser/wheeltec_ros2/install/wheeltec_robot_urdf/share/wheeltec_robot_urdf/meshes/four_wheel_diff_dl_robot_meshes/lf_wheel_link.STL
[0.675s] -- Up-to-date: /home/HwHiAiUser/wheeltec_ros2/install/wheeltec_robot_urdf/share/wheeltec_robot_urdf/meshes/four_wheel_diff_dl_robot_meshes/laser.STL
[0.676s] -- Up-to-date: /home/HwHiAiUser/wheeltec_ros2/install/wheeltec_robot_urdf/share/wheeltec_robot_urdf/meshes/four_wheel_diff_dl_robot_meshes/controller_link.STL
[0.676s] -- Up-to-date: /home/HwHiAiUser/wheeltec_ros2/install/wheeltec_robot_urdf/share/wheeltec_robot_urdf/meshes/four_wheel_diff_dl_robot_meshes/camera_link.STL
[0.676s] -- Up-to-date: /home/HwHiAiUser/wheeltec_ros2/install/wheeltec_robot_urdf/share/wheeltec_robot_urdf/meshes/four_wheel_diff_dl_robot_meshes/rb_wheel_link.STL
[0.676s] -- Up-to-date: /home/HwHiAiUser/wheeltec_ros2/install/wheeltec_robot_urdf/share/wheeltec_robot_urdf/meshes/four_wheel_diff_dl_robot_meshes/rf_wheel_link.STL
[0.677s] -- Up-to-date: /home/HwHiAiUser/wheeltec_ros2/install/wheeltec_robot_urdf/share/wheeltec_robot_urdf/meshes/top_mec_dl_robot_meshes
[0.677s] -- Up-to-date: /home/HwHiAiUser/wheeltec_ros2/install/wheeltec_robot_urdf/share/wheeltec_robot_urdf/meshes/top_mec_dl_robot_meshes/base_link.STL
[0.677s] -- Up-to-date: /home/HwHiAiUser/wheeltec_ros2/install/wheeltec_robot_urdf/share/wheeltec_robot_urdf/meshes/top_mec_dl_robot_meshes/lb_wheel_link.STL
[0.677s] -- Up-to-date: /home/HwHiAiUser/wheeltec_ros2/install/wheeltec_robot_urdf/share/wheeltec_robot_urdf/meshes/top_mec_dl_robot_meshes/lf_wheel_link.STL
[0.678s] -- Up-to-date: /home/HwHiAiUser/wheeltec_ros2/install/wheeltec_robot_urdf/share/wheeltec_robot_urdf/meshes/top_mec_dl_robot_meshes/laser.STL
[0.678s] -- Up-to-date: /home/HwHiAiUser/wheeltec_ros2/install/wheeltec_robot_urdf/share/wheeltec_robot_urdf/meshes/top_mec_dl_robot_meshes/controller_link.STL
[0.678s] -- Up-to-date: /home/HwHiAiUser/wheeltec_ros2/install/wheeltec_robot_urdf/share/wheeltec_robot_urdf/meshes/top_mec_dl_robot_meshes/camera_link.STL
[0.678s] -- Up-to-date: /home/HwHiAiUser/wheeltec_ros2/install/wheeltec_robot_urdf/share/wheeltec_robot_urdf/meshes/top_mec_dl_robot_meshes/rb_wheel_link.STL
[0.679s] -- Up-to-date: /home/HwHiAiUser/wheeltec_ros2/install/wheeltec_robot_urdf/share/wheeltec_robot_urdf/meshes/top_mec_dl_robot_meshes/rf_wheel_link.STL
[0.679s] -- Up-to-date: /home/HwHiAiUser/wheeltec_ros2/install/wheeltec_robot_urdf/share/wheeltec_robot_urdf/meshes/senior_omni_robot_meshes
[0.688s] -- Up-to-date: /home/HwHiAiUser/wheeltec_ros2/install/wheeltec_robot_urdf/share/wheeltec_robot_urdf/meshes/senior_omni_robot_meshes/base_link.STL
[0.688s] -- Up-to-date: /home/HwHiAiUser/wheeltec_ros2/install/wheeltec_robot_urdf/share/wheeltec_robot_urdf/meshes/senior_omni_robot_meshes/laser.STL
[0.688s] -- Up-to-date: /home/HwHiAiUser/wheeltec_ros2/install/wheeltec_robot_urdf/share/wheeltec_robot_urdf/meshes/senior_omni_robot_meshes/controller_link.STL
[0.689s] -- Up-to-date: /home/HwHiAiUser/wheeltec_ros2/install/wheeltec_robot_urdf/share/wheeltec_robot_urdf/meshes/senior_omni_robot_meshes/camera_link.STL
[0.691s] -- Up-to-date: /home/HwHiAiUser/wheeltec_ros2/install/wheeltec_robot_urdf/share/wheeltec_robot_urdf/meshes/senior_omni_robot_meshes/quanxiang_wheel3_link.STL
[0.692s] -- Up-to-date: /home/HwHiAiUser/wheeltec_ros2/install/wheeltec_robot_urdf/share/wheeltec_robot_urdf/meshes/senior_omni_robot_meshes/quanxiang_wheel1_link.STL
[0.692s] -- Up-to-date: /home/HwHiAiUser/wheeltec_ros2/install/wheeltec_robot_urdf/share/wheeltec_robot_urdf/meshes/senior_omni_robot_meshes/quanxiang_wheel2_link.STL
[0.692s] -- Up-to-date: /home/HwHiAiUser/wheeltec_ros2/install/wheeltec_robot_urdf/share/wheeltec_robot_urdf/meshes/four_wheel_diff_bs_robot_meshes
[0.693s] -- Up-to-date: /home/HwHiAiUser/wheeltec_ros2/install/wheeltec_robot_urdf/share/wheeltec_robot_urdf/meshes/four_wheel_diff_bs_robot_meshes/base_link.STL
[0.693s] -- Up-to-date: /home/HwHiAiUser/wheeltec_ros2/install/wheeltec_robot_urdf/share/wheeltec_robot_urdf/meshes/four_wheel_diff_bs_robot_meshes/lb_wheel_link.STL
[0.693s] -- Up-to-date: /home/HwHiAiUser/wheeltec_ros2/install/wheeltec_robot_urdf/share/wheeltec_robot_urdf/meshes/four_wheel_diff_bs_robot_meshes/lf_wheel_link.STL
[0.693s] -- Up-to-date: /home/HwHiAiUser/wheeltec_ros2/install/wheeltec_robot_urdf/share/wheeltec_robot_urdf/meshes/four_wheel_diff_bs_robot_meshes/laser.STL
[0.693s] -- Up-to-date: /home/HwHiAiUser/wheeltec_ros2/install/wheeltec_robot_urdf/share/wheeltec_robot_urdf/meshes/four_wheel_diff_bs_robot_meshes/controller_link.STL
[0.694s] -- Up-to-date: /home/HwHiAiUser/wheeltec_ros2/install/wheeltec_robot_urdf/share/wheeltec_robot_urdf/meshes/four_wheel_diff_bs_robot_meshes/camera_link.STL
[0.694s] -- Up-to-date: /home/HwHiAiUser/wheeltec_ros2/install/wheeltec_robot_urdf/share/wheeltec_robot_urdf/meshes/four_wheel_diff_bs_robot_meshes/rb_wheel_link.STL
[0.694s] -- Up-to-date: /home/HwHiAiUser/wheeltec_ros2/install/wheeltec_robot_urdf/share/wheeltec_robot_urdf/meshes/four_wheel_diff_bs_robot_meshes/rf_wheel_link.STL
[0.694s] -- Up-to-date: /home/HwHiAiUser/wheeltec_ros2/install/wheeltec_robot_urdf/share/wheeltec_robot_urdf/meshes/top_4wd_dl_robot_meshes
[0.694s] -- Up-to-date: /home/HwHiAiUser/wheeltec_ros2/install/wheeltec_robot_urdf/share/wheeltec_robot_urdf/meshes/top_4wd_dl_robot_meshes/base_link.STL
[0.695s] -- Up-to-date: /home/HwHiAiUser/wheeltec_ros2/install/wheeltec_robot_urdf/share/wheeltec_robot_urdf/meshes/top_4wd_dl_robot_meshes/lb_wheel_link.STL
[0.695s] -- Up-to-date: /home/HwHiAiUser/wheeltec_ros2/install/wheeltec_robot_urdf/share/wheeltec_robot_urdf/meshes/top_4wd_dl_robot_meshes/lf_wheel_link.STL
[0.696s] -- Up-to-date: /home/HwHiAiUser/wheeltec_ros2/install/wheeltec_robot_urdf/share/wheeltec_robot_urdf/meshes/top_4wd_dl_robot_meshes/laser.STL
[0.696s] -- Up-to-date: /home/HwHiAiUser/wheeltec_ros2/install/wheeltec_robot_urdf/share/wheeltec_robot_urdf/meshes/top_4wd_dl_robot_meshes/controller_link.STL
[0.696s] -- Up-to-date: /home/HwHiAiUser/wheeltec_ros2/install/wheeltec_robot_urdf/share/wheeltec_robot_urdf/meshes/top_4wd_dl_robot_meshes/camera_link.STL
[0.699s] -- Up-to-date: /home/HwHiAiUser/wheeltec_ros2/install/wheeltec_robot_urdf/share/wheeltec_robot_urdf/meshes/top_4wd_dl_robot_meshes/charger_link.STL
[0.699s] -- Up-to-date: /home/HwHiAiUser/wheeltec_ros2/install/wheeltec_robot_urdf/share/wheeltec_robot_urdf/meshes/top_4wd_dl_robot_meshes/rb_wheel_link.STL
[0.700s] -- Up-to-date: /home/HwHiAiUser/wheeltec_ros2/install/wheeltec_robot_urdf/share/wheeltec_robot_urdf/meshes/top_4wd_dl_robot_meshes/rf_wheel_link.STL
[0.700s] -- Up-to-date: /home/HwHiAiUser/wheeltec_ros2/install/wheeltec_robot_urdf/share/wheeltec_robot_urdf/meshes/mini_mec_moveit_six_meshes
[0.700s] -- Up-to-date: /home/HwHiAiUser/wheeltec_ros2/install/wheeltec_robot_urdf/share/wheeltec_robot_urdf/meshes/mini_mec_moveit_six_meshes/base_link.STL
[0.700s] -- Up-to-date: /home/HwHiAiUser/wheeltec_ros2/install/wheeltec_robot_urdf/share/wheeltec_robot_urdf/meshes/mini_mec_moveit_six_meshes/j2_link.STL
[0.701s] -- Up-to-date: /home/HwHiAiUser/wheeltec_ros2/install/wheeltec_robot_urdf/share/wheeltec_robot_urdf/meshes/mini_mec_moveit_six_meshes/j5_1_link.STL
[0.701s] -- Up-to-date: /home/HwHiAiUser/wheeltec_ros2/install/wheeltec_robot_urdf/share/wheeltec_robot_urdf/meshes/mini_mec_moveit_six_meshes/j5_4_link.STL
[0.701s] -- Up-to-date: /home/HwHiAiUser/wheeltec_ros2/install/wheeltec_robot_urdf/share/wheeltec_robot_urdf/meshes/mini_mec_moveit_six_meshes/lb_wheel_link.STL
[0.701s] -- Up-to-date: /home/HwHiAiUser/wheeltec_ros2/install/wheeltec_robot_urdf/share/wheeltec_robot_urdf/meshes/mini_mec_moveit_six_meshes/display_link.STL
[0.701s] -- Up-to-date: /home/HwHiAiUser/wheeltec_ros2/install/wheeltec_robot_urdf/share/wheeltec_robot_urdf/meshes/mini_mec_moveit_six_meshes/j5_2_link.STL
[0.702s] -- Up-to-date: /home/HwHiAiUser/wheeltec_ros2/install/wheeltec_robot_urdf/share/wheeltec_robot_urdf/meshes/mini_mec_moveit_six_meshes/lf_wheel_link.STL
[0.702s] -- Up-to-date: /home/HwHiAiUser/wheeltec_ros2/install/wheeltec_robot_urdf/share/wheeltec_robot_urdf/meshes/mini_mec_moveit_six_meshes/laser.STL
[0.702s] -- Up-to-date: /home/HwHiAiUser/wheeltec_ros2/install/wheeltec_robot_urdf/share/wheeltec_robot_urdf/meshes/mini_mec_moveit_six_meshes/controller_link.STL
[0.702s] -- Up-to-date: /home/HwHiAiUser/wheeltec_ros2/install/wheeltec_robot_urdf/share/wheeltec_robot_urdf/meshes/mini_mec_moveit_six_meshes/camera_link.STL
[0.702s] -- Up-to-date: /home/HwHiAiUser/wheeltec_ros2/install/wheeltec_robot_urdf/share/wheeltec_robot_urdf/meshes/mini_mec_moveit_six_meshes/j4_link.STL
[0.707s] -- Up-to-date: /home/HwHiAiUser/wheeltec_ros2/install/wheeltec_robot_urdf/share/wheeltec_robot_urdf/meshes/mini_mec_moveit_six_meshes/rb_wheel_link.STL
[0.713s] -- Up-to-date: /home/HwHiAiUser/wheeltec_ros2/install/wheeltec_robot_urdf/share/wheeltec_robot_urdf/meshes/mini_mec_moveit_six_meshes/rf_wheel_link.STL
[0.713s] -- Up-to-date: /home/HwHiAiUser/wheeltec_ros2/install/wheeltec_robot_urdf/share/wheeltec_robot_urdf/meshes/mini_mec_moveit_six_meshes/j5_5_link.STL
[0.714s] -- Up-to-date: /home/HwHiAiUser/wheeltec_ros2/install/wheeltec_robot_urdf/share/wheeltec_robot_urdf/meshes/mini_mec_moveit_six_meshes/j5_6_link.STL
[0.714s] -- Up-to-date: /home/HwHiAiUser/wheeltec_ros2/install/wheeltec_robot_urdf/share/wheeltec_robot_urdf/meshes/mini_mec_moveit_six_meshes/arm_base_link.STL
[0.714s] -- Up-to-date: /home/HwHiAiUser/wheeltec_ros2/install/wheeltec_robot_urdf/share/wheeltec_robot_urdf/meshes/mini_mec_moveit_six_meshes/j1_link.STL
[0.714s] -- Up-to-date: /home/HwHiAiUser/wheeltec_ros2/install/wheeltec_robot_urdf/share/wheeltec_robot_urdf/meshes/mini_mec_moveit_six_meshes/j3_link.STL
[0.716s] -- Up-to-date: /home/HwHiAiUser/wheeltec_ros2/install/wheeltec_robot_urdf/share/wheeltec_robot_urdf/meshes/mini_mec_moveit_six_meshes/j5_3_link.STL
[0.716s] -- Up-to-date: /home/HwHiAiUser/wheeltec_ros2/install/wheeltec_robot_urdf/share/wheeltec_robot_urdf/meshes/top_akm_dl_robot_meshes
[0.716s] -- Up-to-date: /home/HwHiAiUser/wheeltec_ros2/install/wheeltec_robot_urdf/share/wheeltec_robot_urdf/meshes/top_akm_dl_robot_meshes/base_link.STL
[0.716s] -- Up-to-date: /home/HwHiAiUser/wheeltec_ros2/install/wheeltec_robot_urdf/share/wheeltec_robot_urdf/meshes/top_akm_dl_robot_meshes/lb_wheel_link.STL
[0.717s] -- Up-to-date: /home/HwHiAiUser/wheeltec_ros2/install/wheeltec_robot_urdf/share/wheeltec_robot_urdf/meshes/top_akm_dl_robot_meshes/lf_wheel_link.STL
[0.717s] -- Up-to-date: /home/HwHiAiUser/wheeltec_ros2/install/wheeltec_robot_urdf/share/wheeltec_robot_urdf/meshes/top_akm_dl_robot_meshes/laser.STL
[0.717s] -- Up-to-date: /home/HwHiAiUser/wheeltec_ros2/install/wheeltec_robot_urdf/share/wheeltec_robot_urdf/meshes/top_akm_dl_robot_meshes/controller_link.STL
[0.717s] -- Up-to-date: /home/HwHiAiUser/wheeltec_ros2/install/wheeltec_robot_urdf/share/wheeltec_robot_urdf/meshes/top_akm_dl_robot_meshes/camera_link.STL
[0.718s] -- Up-to-date: /home/HwHiAiUser/wheeltec_ros2/install/wheeltec_robot_urdf/share/wheeltec_robot_urdf/meshes/top_akm_dl_robot_meshes/left1_link.STL
[0.718s] -- Up-to-date: /home/HwHiAiUser/wheeltec_ros2/install/wheeltec_robot_urdf/share/wheeltec_robot_urdf/meshes/top_akm_dl_robot_meshes/rb_wheel_link.STL
[0.718s] -- Up-to-date: /home/HwHiAiUser/wheeltec_ros2/install/wheeltec_robot_urdf/share/wheeltec_robot_urdf/meshes/top_akm_dl_robot_meshes/rf_wheel_link.STL
[0.718s] -- Up-to-date: /home/HwHiAiUser/wheeltec_ros2/install/wheeltec_robot_urdf/share/wheeltec_robot_urdf/meshes/top_akm_dl_robot_meshes/right1_link.STL
[0.735s] -- Up-to-date: /home/HwHiAiUser/wheeltec_ros2/install/wheeltec_robot_urdf/share/wheeltec_robot_urdf/meshes/top_akm_dl_meshes
[0.735s] -- Up-to-date: /home/HwHiAiUser/wheeltec_ros2/install/wheeltec_robot_urdf/share/wheeltec_robot_urdf/meshes/top_akm_dl_meshes/base_link.STL
[0.735s] -- Up-to-date: /home/HwHiAiUser/wheeltec_ros2/install/wheeltec_robot_urdf/share/wheeltec_robot_urdf/meshes/top_akm_dl_meshes/lb_wheel_link.STL
[0.736s] -- Up-to-date: /home/HwHiAiUser/wheeltec_ros2/install/wheeltec_robot_urdf/share/wheeltec_robot_urdf/meshes/top_akm_dl_meshes/lf_wheel_link.STL
[0.736s] -- Up-to-date: /home/HwHiAiUser/wheeltec_ros2/install/wheeltec_robot_urdf/share/wheeltec_robot_urdf/meshes/top_akm_dl_meshes/controller_link.STL
[0.736s] -- Up-to-date: /home/HwHiAiUser/wheeltec_ros2/install/wheeltec_robot_urdf/share/wheeltec_robot_urdf/meshes/top_akm_dl_meshes/camera_link.STL
[0.736s] -- Up-to-date: /home/HwHiAiUser/wheeltec_ros2/install/wheeltec_robot_urdf/share/wheeltec_robot_urdf/meshes/top_akm_dl_meshes/left1_link.STL
[0.736s] -- Up-to-date: /home/HwHiAiUser/wheeltec_ros2/install/wheeltec_robot_urdf/share/wheeltec_robot_urdf/meshes/top_akm_dl_meshes/rb_wheel_link.STL
[0.737s] -- Up-to-date: /home/HwHiAiUser/wheeltec_ros2/install/wheeltec_robot_urdf/share/wheeltec_robot_urdf/meshes/top_akm_dl_meshes/rf_wheel_link.STL
[0.737s] -- Up-to-date: /home/HwHiAiUser/wheeltec_ros2/install/wheeltec_robot_urdf/share/wheeltec_robot_urdf/meshes/top_akm_dl_meshes/right1_link.STL
[0.737s] -- Up-to-date: /home/HwHiAiUser/wheeltec_ros2/install/wheeltec_robot_urdf/share/wheeltec_robot_urdf/meshes/top_akm_dl_meshes/laser_link.STL
[0.737s] -- Up-to-date: /home/HwHiAiUser/wheeltec_ros2/install/wheeltec_robot_urdf/share/wheeltec_robot_urdf/meshes/top_4wd_bs_meshes
[0.737s] -- Up-to-date: /home/HwHiAiUser/wheeltec_ros2/install/wheeltec_robot_urdf/share/wheeltec_robot_urdf/meshes/top_4wd_bs_meshes/base_link.STL
[0.737s] -- Up-to-date: /home/HwHiAiUser/wheeltec_ros2/install/wheeltec_robot_urdf/share/wheeltec_robot_urdf/meshes/top_4wd_bs_meshes/lb_wheel_link.STL
[0.738s] -- Up-to-date: /home/HwHiAiUser/wheeltec_ros2/install/wheeltec_robot_urdf/share/wheeltec_robot_urdf/meshes/top_4wd_bs_meshes/lf_wheel_link.STL
[0.738s] -- Up-to-date: /home/HwHiAiUser/wheeltec_ros2/install/wheeltec_robot_urdf/share/wheeltec_robot_urdf/meshes/top_4wd_bs_meshes/controller_link.STL
[0.738s] -- Up-to-date: /home/HwHiAiUser/wheeltec_ros2/install/wheeltec_robot_urdf/share/wheeltec_robot_urdf/meshes/top_4wd_bs_meshes/camera_link.STL
[0.738s] -- Up-to-date: /home/HwHiAiUser/wheeltec_ros2/install/wheeltec_robot_urdf/share/wheeltec_robot_urdf/meshes/top_4wd_bs_meshes/rb_wheel_link.STL
[0.738s] -- Up-to-date: /home/HwHiAiUser/wheeltec_ros2/install/wheeltec_robot_urdf/share/wheeltec_robot_urdf/meshes/top_4wd_bs_meshes/rf_wheel_link.STL
[0.739s] -- Up-to-date: /home/HwHiAiUser/wheeltec_ros2/install/wheeltec_robot_urdf/share/wheeltec_robot_urdf/meshes/top_4wd_bs_meshes/laser_link.STL
[0.739s] -- Up-to-date: /home/HwHiAiUser/wheeltec_ros2/install/wheeltec_robot_urdf/share/wheeltec_robot_urdf/meshes/mini_4wd_robot_meshes
[0.739s] -- Up-to-date: /home/HwHiAiUser/wheeltec_ros2/install/wheeltec_robot_urdf/share/wheeltec_robot_urdf/meshes/mini_4wd_robot_meshes/base_link.STL
[0.739s] -- Up-to-date: /home/HwHiAiUser/wheeltec_ros2/install/wheeltec_robot_urdf/share/wheeltec_robot_urdf/meshes/mini_4wd_robot_meshes/lb_wheel_link.STL
[0.740s] -- Up-to-date: /home/HwHiAiUser/wheeltec_ros2/install/wheeltec_robot_urdf/share/wheeltec_robot_urdf/meshes/mini_4wd_robot_meshes/lf_wheel_link.STL
[0.740s] -- Up-to-date: /home/HwHiAiUser/wheeltec_ros2/install/wheeltec_robot_urdf/share/wheeltec_robot_urdf/meshes/mini_4wd_robot_meshes/laser.STL
[0.740s] -- Up-to-date: /home/HwHiAiUser/wheeltec_ros2/install/wheeltec_robot_urdf/share/wheeltec_robot_urdf/meshes/mini_4wd_robot_meshes/controller_link.STL
[0.740s] -- Up-to-date: /home/HwHiAiUser/wheeltec_ros2/install/wheeltec_robot_urdf/share/wheeltec_robot_urdf/meshes/mini_4wd_robot_meshes/camera_link.STL
[0.741s] -- Up-to-date: /home/HwHiAiUser/wheeltec_ros2/install/wheeltec_robot_urdf/share/wheeltec_robot_urdf/meshes/mini_4wd_robot_meshes/rb_wheel_link.STL
[0.741s] -- Up-to-date: /home/HwHiAiUser/wheeltec_ros2/install/wheeltec_robot_urdf/share/wheeltec_robot_urdf/meshes/mini_4wd_robot_meshes/rf_wheel_link.STL
[0.741s] -- Up-to-date: /home/HwHiAiUser/wheeltec_ros2/install/wheeltec_robot_urdf/share/wheeltec_robot_urdf/meshes/senior_4wd_bs_robot_meshes
[0.746s] -- Up-to-date: /home/HwHiAiUser/wheeltec_ros2/install/wheeltec_robot_urdf/share/wheeltec_robot_urdf/meshes/senior_4wd_bs_robot_meshes/base_link.STL
[0.747s] -- Up-to-date: /home/HwHiAiUser/wheeltec_ros2/install/wheeltec_robot_urdf/share/wheeltec_robot_urdf/meshes/senior_4wd_bs_robot_meshes/lb_wheel_link.STL
[0.747s] -- Up-to-date: /home/HwHiAiUser/wheeltec_ros2/install/wheeltec_robot_urdf/share/wheeltec_robot_urdf/meshes/senior_4wd_bs_robot_meshes/lf_wheel_link.STL
[0.747s] -- Up-to-date: /home/HwHiAiUser/wheeltec_ros2/install/wheeltec_robot_urdf/share/wheeltec_robot_urdf/meshes/senior_4wd_bs_robot_meshes/laser.STL
[0.748s] -- Up-to-date: /home/HwHiAiUser/wheeltec_ros2/install/wheeltec_robot_urdf/share/wheeltec_robot_urdf/meshes/senior_4wd_bs_robot_meshes/controller_link.STL
[0.748s] -- Up-to-date: /home/HwHiAiUser/wheeltec_ros2/install/wheeltec_robot_urdf/share/wheeltec_robot_urdf/meshes/senior_4wd_bs_robot_meshes/camera_link.STL
[0.748s] -- Up-to-date: /home/HwHiAiUser/wheeltec_ros2/install/wheeltec_robot_urdf/share/wheeltec_robot_urdf/meshes/senior_4wd_bs_robot_meshes/rb_wheel_link.STL
[0.748s] -- Up-to-date: /home/HwHiAiUser/wheeltec_ros2/install/wheeltec_robot_urdf/share/wheeltec_robot_urdf/meshes/senior_4wd_bs_robot_meshes/rf_wheel_link.STL
[0.749s] -- Up-to-date: /home/HwHiAiUser/wheeltec_ros2/install/wheeltec_robot_urdf/share/wheeltec_robot_urdf/meshes/top_mec_bs_robot_meshes
[0.749s] -- Up-to-date: /home/HwHiAiUser/wheeltec_ros2/install/wheeltec_robot_urdf/share/wheeltec_robot_urdf/meshes/top_mec_bs_robot_meshes/base_link.STL
[0.749s] -- Up-to-date: /home/HwHiAiUser/wheeltec_ros2/install/wheeltec_robot_urdf/share/wheeltec_robot_urdf/meshes/top_mec_bs_robot_meshes/lb_wheel_link.STL
[0.749s] -- Up-to-date: /home/HwHiAiUser/wheeltec_ros2/install/wheeltec_robot_urdf/share/wheeltec_robot_urdf/meshes/top_mec_bs_robot_meshes/lf_wheel_link.STL
[0.749s] -- Up-to-date: /home/HwHiAiUser/wheeltec_ros2/install/wheeltec_robot_urdf/share/wheeltec_robot_urdf/meshes/top_mec_bs_robot_meshes/laser.STL
[0.750s] -- Up-to-date: /home/HwHiAiUser/wheeltec_ros2/install/wheeltec_robot_urdf/share/wheeltec_robot_urdf/meshes/top_mec_bs_robot_meshes/controller_link.STL
[0.750s] -- Up-to-date: /home/HwHiAiUser/wheeltec_ros2/install/wheeltec_robot_urdf/share/wheeltec_robot_urdf/meshes/top_mec_bs_robot_meshes/camera_link.STL
[0.762s] -- Up-to-date: /home/HwHiAiUser/wheeltec_ros2/install/wheeltec_robot_urdf/share/wheeltec_robot_urdf/meshes/top_mec_bs_robot_meshes/rb_wheel_link.STL
[0.762s] -- Up-to-date: /home/HwHiAiUser/wheeltec_ros2/install/wheeltec_robot_urdf/share/wheeltec_robot_urdf/meshes/top_mec_bs_robot_meshes/rf_wheel_link.STL
[0.762s] -- Up-to-date: /home/HwHiAiUser/wheeltec_ros2/install/wheeltec_robot_urdf/share/wheeltec_robot_urdf/meshes/mini_akm_meshes
[0.763s] -- Up-to-date: /home/HwHiAiUser/wheeltec_ros2/install/wheeltec_robot_urdf/share/wheeltec_robot_urdf/meshes/mini_akm_meshes/rf_link.STL
[0.763s] -- Up-to-date: /home/HwHiAiUser/wheeltec_ros2/install/wheeltec_robot_urdf/share/wheeltec_robot_urdf/meshes/mini_akm_meshes/base_link.STL
[0.763s] -- Up-to-date: /home/HwHiAiUser/wheeltec_ros2/install/wheeltec_robot_urdf/share/wheeltec_robot_urdf/meshes/mini_akm_meshes/front_link.STL
[0.763s] -- Up-to-date: /home/HwHiAiUser/wheeltec_ros2/install/wheeltec_robot_urdf/share/wheeltec_robot_urdf/meshes/mini_akm_meshes/lb_link.STL
[0.764s] -- Up-to-date: /home/HwHiAiUser/wheeltec_ros2/install/wheeltec_robot_urdf/share/wheeltec_robot_urdf/meshes/mini_akm_meshes/controller_link.STL
[0.764s] -- Up-to-date: /home/HwHiAiUser/wheeltec_ros2/install/wheeltec_robot_urdf/share/wheeltec_robot_urdf/meshes/mini_akm_meshes/camera_link.STL
[0.764s] -- Up-to-date: /home/HwHiAiUser/wheeltec_ros2/install/wheeltec_robot_urdf/share/wheeltec_robot_urdf/meshes/mini_akm_meshes/lf_link.STL
[0.764s] -- Up-to-date: /home/HwHiAiUser/wheeltec_ros2/install/wheeltec_robot_urdf/share/wheeltec_robot_urdf/meshes/mini_akm_meshes/left_link.STL
[0.764s] -- Up-to-date: /home/HwHiAiUser/wheeltec_ros2/install/wheeltec_robot_urdf/share/wheeltec_robot_urdf/meshes/mini_akm_meshes/rb_link.STL
[0.765s] -- Up-to-date: /home/HwHiAiUser/wheeltec_ros2/install/wheeltec_robot_urdf/share/wheeltec_robot_urdf/meshes/mini_akm_meshes/right_link.STL
[0.765s] -- Up-to-date: /home/HwHiAiUser/wheeltec_ros2/install/wheeltec_robot_urdf/share/wheeltec_robot_urdf/meshes/mini_akm_meshes/laser_link.STL
[0.765s] -- Up-to-date: /home/HwHiAiUser/wheeltec_ros2/install/wheeltec_robot_urdf/share/wheeltec_robot_urdf/meshes/r3s_mec_robot_meshes
[0.765s] -- Up-to-date: /home/HwHiAiUser/wheeltec_ros2/install/wheeltec_robot_urdf/share/wheeltec_robot_urdf/meshes/r3s_mec_robot_meshes/base_link.STL
[0.776s] -- Up-to-date: /home/HwHiAiUser/wheeltec_ros2/install/wheeltec_robot_urdf/share/wheeltec_robot_urdf/meshes/r3s_mec_robot_meshes/lb_wheel_link.STL
[0.778s] -- Up-to-date: /home/HwHiAiUser/wheeltec_ros2/install/wheeltec_robot_urdf/share/wheeltec_robot_urdf/meshes/r3s_mec_robot_meshes/lf_wheel_link.STL
[0.778s] -- Up-to-date: /home/HwHiAiUser/wheeltec_ros2/install/wheeltec_robot_urdf/share/wheeltec_robot_urdf/meshes/r3s_mec_robot_meshes/laser.STL
[0.778s] -- Up-to-date: /home/HwHiAiUser/wheeltec_ros2/install/wheeltec_robot_urdf/share/wheeltec_robot_urdf/meshes/r3s_mec_robot_meshes/controller_link.STL
[0.779s] -- Up-to-date: /home/HwHiAiUser/wheeltec_ros2/install/wheeltec_robot_urdf/share/wheeltec_robot_urdf/meshes/r3s_mec_robot_meshes/camera_link.STL
[0.779s] -- Up-to-date: /home/HwHiAiUser/wheeltec_ros2/install/wheeltec_robot_urdf/share/wheeltec_robot_urdf/meshes/r3s_mec_robot_meshes/rb_wheel_link.STL
[0.779s] -- Up-to-date: /home/HwHiAiUser/wheeltec_ros2/install/wheeltec_robot_urdf/share/wheeltec_robot_urdf/meshes/r3s_mec_robot_meshes/rf_wheel_link.STL
[0.779s] -- Up-to-date: /home/HwHiAiUser/wheeltec_ros2/install/wheeltec_robot_urdf/share/wheeltec_robot_urdf/meshes/S100_diff_robot_meshes
[0.779s] -- Up-to-date: /home/HwHiAiUser/wheeltec_ros2/install/wheeltec_robot_urdf/share/wheeltec_robot_urdf/meshes/S100_diff_robot_meshes/base_link.STL
[0.780s] -- Up-to-date: /home/HwHiAiUser/wheeltec_ros2/install/wheeltec_robot_urdf/share/wheeltec_robot_urdf/meshes/S100_diff_robot_meshes/recharge_link.STL
[0.780s] -- Up-to-date: /home/HwHiAiUser/wheeltec_ros2/install/wheeltec_robot_urdf/share/wheeltec_robot_urdf/meshes/S100_diff_robot_meshes/lf_wheel_link.STL
[0.780s] -- Up-to-date: /home/HwHiAiUser/wheeltec_ros2/install/wheeltec_robot_urdf/share/wheeltec_robot_urdf/meshes/S100_diff_robot_meshes/laser.STL
[0.781s] -- Up-to-date: /home/HwHiAiUser/wheeltec_ros2/install/wheeltec_robot_urdf/share/wheeltec_robot_urdf/meshes/S100_diff_robot_meshes/camera_link.STL
[0.781s] -- Up-to-date: /home/HwHiAiUser/wheeltec_ros2/install/wheeltec_robot_urdf/share/wheeltec_robot_urdf/meshes/S100_diff_robot_meshes/rf_wheel_link.STL
[0.781s] -- Up-to-date: /home/HwHiAiUser/wheeltec_ros2/install/wheeltec_robot_urdf/share/wheeltec_robot_urdf/meshes/senior_mec_dl_robot_meshes
[0.781s] -- Up-to-date: /home/HwHiAiUser/wheeltec_ros2/install/wheeltec_robot_urdf/share/wheeltec_robot_urdf/meshes/senior_mec_dl_robot_meshes/base_link.STL
[0.782s] -- Up-to-date: /home/HwHiAiUser/wheeltec_ros2/install/wheeltec_robot_urdf/share/wheeltec_robot_urdf/meshes/senior_mec_dl_robot_meshes/lb_wheel_link.STL
[0.782s] -- Up-to-date: /home/HwHiAiUser/wheeltec_ros2/install/wheeltec_robot_urdf/share/wheeltec_robot_urdf/meshes/senior_mec_dl_robot_meshes/lf_wheel_link.STL
[0.782s] -- Up-to-date: /home/HwHiAiUser/wheeltec_ros2/install/wheeltec_robot_urdf/share/wheeltec_robot_urdf/meshes/senior_mec_dl_robot_meshes/laser.STL
[0.782s] -- Up-to-date: /home/HwHiAiUser/wheeltec_ros2/install/wheeltec_robot_urdf/share/wheeltec_robot_urdf/meshes/senior_mec_dl_robot_meshes/controller_link.STL
[0.782s] -- Up-to-date: /home/HwHiAiUser/wheeltec_ros2/install/wheeltec_robot_urdf/share/wheeltec_robot_urdf/meshes/senior_mec_dl_robot_meshes/camera_link.STL
[0.783s] -- Up-to-date: /home/HwHiAiUser/wheeltec_ros2/install/wheeltec_robot_urdf/share/wheeltec_robot_urdf/meshes/senior_mec_dl_robot_meshes/rb_wheel_link.STL
[0.783s] -- Up-to-date: /home/HwHiAiUser/wheeltec_ros2/install/wheeltec_robot_urdf/share/wheeltec_robot_urdf/meshes/senior_mec_dl_robot_meshes/rf_wheel_link.STL
[0.783s] -- Up-to-date: /home/HwHiAiUser/wheeltec_ros2/install/wheeltec_robot_urdf/share/wheeltec_robot_urdf/meshes/mini_omni_robot_meshes
[0.783s] -- Up-to-date: /home/HwHiAiUser/wheeltec_ros2/install/wheeltec_robot_urdf/share/wheeltec_robot_urdf/meshes/mini_omni_robot_meshes/front_wheel_link.STL
[0.784s] -- Up-to-date: /home/HwHiAiUser/wheeltec_ros2/install/wheeltec_robot_urdf/share/wheeltec_robot_urdf/meshes/mini_omni_robot_meshes/base_link.STL
[0.798s] -- Up-to-date: /home/HwHiAiUser/wheeltec_ros2/install/wheeltec_robot_urdf/share/wheeltec_robot_urdf/meshes/mini_omni_robot_meshes/laser.STL
[0.798s] -- Up-to-date: /home/HwHiAiUser/wheeltec_ros2/install/wheeltec_robot_urdf/share/wheeltec_robot_urdf/meshes/mini_omni_robot_meshes/controller_link.STL
[0.799s] -- Up-to-date: /home/HwHiAiUser/wheeltec_ros2/install/wheeltec_robot_urdf/share/wheeltec_robot_urdf/meshes/mini_omni_robot_meshes/camera_link.STL
[0.799s] -- Up-to-date: /home/HwHiAiUser/wheeltec_ros2/install/wheeltec_robot_urdf/share/wheeltec_robot_urdf/meshes/mini_omni_robot_meshes/left_wheel_link.STL
[0.799s] -- Up-to-date: /home/HwHiAiUser/wheeltec_ros2/install/wheeltec_robot_urdf/share/wheeltec_robot_urdf/meshes/mini_omni_robot_meshes/right_wheel_link.STL
[0.799s] -- Up-to-date: /home/HwHiAiUser/wheeltec_ros2/install/wheeltec_robot_urdf/share/wheeltec_robot_urdf/meshes/mini_tank_robot_meshes
[0.800s] -- Up-to-date: /home/HwHiAiUser/wheeltec_ros2/install/wheeltec_robot_urdf/share/wheeltec_robot_urdf/meshes/mini_tank_robot_meshes/base_link.STL
[0.800s] -- Up-to-date: /home/HwHiAiUser/wheeltec_ros2/install/wheeltec_robot_urdf/share/wheeltec_robot_urdf/meshes/mini_tank_robot_meshes/right5_link.STL
[0.800s] -- Up-to-date: /home/HwHiAiUser/wheeltec_ros2/install/wheeltec_robot_urdf/share/wheeltec_robot_urdf/meshes/mini_tank_robot_meshes/left6_link.STL
[0.800s] -- Up-to-date: /home/HwHiAiUser/wheeltec_ros2/install/wheeltec_robot_urdf/share/wheeltec_robot_urdf/meshes/mini_tank_robot_meshes/right4_link.STL
[0.801s] -- Up-to-date: /home/HwHiAiUser/wheeltec_ros2/install/wheeltec_robot_urdf/share/wheeltec_robot_urdf/meshes/mini_tank_robot_meshes/laser.STL
[0.801s] -- Up-to-date: /home/HwHiAiUser/wheeltec_ros2/install/wheeltec_robot_urdf/share/wheeltec_robot_urdf/meshes/mini_tank_robot_meshes/controller_link.STL
[0.805s] -- Up-to-date: /home/HwHiAiUser/wheeltec_ros2/install/wheeltec_robot_urdf/share/wheeltec_robot_urdf/meshes/mini_tank_robot_meshes/camera_link.STL
[0.805s] -- Up-to-date: /home/HwHiAiUser/wheeltec_ros2/install/wheeltec_robot_urdf/share/wheeltec_robot_urdf/meshes/mini_tank_robot_meshes/left3_link.STL
[0.806s] -- Up-to-date: /home/HwHiAiUser/wheeltec_ros2/install/wheeltec_robot_urdf/share/wheeltec_robot_urdf/meshes/mini_tank_robot_meshes/left1_link.STL
[0.806s] -- Up-to-date: /home/HwHiAiUser/wheeltec_ros2/install/wheeltec_robot_urdf/share/wheeltec_robot_urdf/meshes/mini_tank_robot_meshes/left4_link.STL
[0.806s] -- Up-to-date: /home/HwHiAiUser/wheeltec_ros2/install/wheeltec_robot_urdf/share/wheeltec_robot_urdf/meshes/mini_tank_robot_meshes/left5_link.STL
[0.806s] -- Up-to-date: /home/HwHiAiUser/wheeltec_ros2/install/wheeltec_robot_urdf/share/wheeltec_robot_urdf/meshes/mini_tank_robot_meshes/right2_link.STL
[0.807s] -- Up-to-date: /home/HwHiAiUser/wheeltec_ros2/install/wheeltec_robot_urdf/share/wheeltec_robot_urdf/meshes/mini_tank_robot_meshes/right6_link.STL
[0.807s] -- Up-to-date: /home/HwHiAiUser/wheeltec_ros2/install/wheeltec_robot_urdf/share/wheeltec_robot_urdf/meshes/mini_tank_robot_meshes/right1_link.STL
[0.807s] -- Up-to-date: /home/HwHiAiUser/wheeltec_ros2/install/wheeltec_robot_urdf/share/wheeltec_robot_urdf/meshes/mini_tank_robot_meshes/right3_link.STL
[0.807s] -- Up-to-date: /home/HwHiAiUser/wheeltec_ros2/install/wheeltec_robot_urdf/share/wheeltec_robot_urdf/meshes/mini_tank_robot_meshes/left2_link.STL
[0.807s] -- Up-to-date: /home/HwHiAiUser/wheeltec_ros2/install/wheeltec_robot_urdf/share/wheeltec_robot_urdf/meshes/s300_yw_robot_meshes
[0.808s] -- Up-to-date: /home/HwHiAiUser/wheeltec_ros2/install/wheeltec_robot_urdf/share/wheeltec_robot_urdf/meshes/s300_yw_robot_meshes/base_link.STL
[0.809s] -- Up-to-date: /home/HwHiAiUser/wheeltec_ros2/install/wheeltec_robot_urdf/share/wheeltec_robot_urdf/meshes/s300_yw_robot_meshes/lm_wheel_link.STL
[0.810s] -- Up-to-date: /home/HwHiAiUser/wheeltec_ros2/install/wheeltec_robot_urdf/share/wheeltec_robot_urdf/meshes/s300_yw_robot_meshes/arm6_link.STL
[0.812s] -- Up-to-date: /home/HwHiAiUser/wheeltec_ros2/install/wheeltec_robot_urdf/share/wheeltec_robot_urdf/meshes/s300_yw_robot_meshes/laser.STL
[0.812s] -- Up-to-date: /home/HwHiAiUser/wheeltec_ros2/install/wheeltec_robot_urdf/share/wheeltec_robot_urdf/meshes/s300_yw_robot_meshes/camera_link.STL
[0.813s] -- Up-to-date: /home/HwHiAiUser/wheeltec_ros2/install/wheeltec_robot_urdf/share/wheeltec_robot_urdf/meshes/s300_yw_robot_meshes/gripper1_link.STL
[0.814s] -- Up-to-date: /home/HwHiAiUser/wheeltec_ros2/install/wheeltec_robot_urdf/share/wheeltec_robot_urdf/meshes/s300_yw_robot_meshes/arm4_link.STL
[0.814s] -- Up-to-date: /home/HwHiAiUser/wheeltec_ros2/install/wheeltec_robot_urdf/share/wheeltec_robot_urdf/meshes/s300_yw_robot_meshes/arm5_link.STL
[0.815s] -- Up-to-date: /home/HwHiAiUser/wheeltec_ros2/install/wheeltec_robot_urdf/share/wheeltec_robot_urdf/meshes/s300_yw_robot_meshes/rm_wheel_link.STL
[0.815s] -- Up-to-date: /home/HwHiAiUser/wheeltec_ros2/install/wheeltec_robot_urdf/share/wheeltec_robot_urdf/meshes/s300_yw_robot_meshes/arm3_link.STL
[0.815s] -- Up-to-date: /home/HwHiAiUser/wheeltec_ros2/install/wheeltec_robot_urdf/share/wheeltec_robot_urdf/meshes/s300_yw_robot_meshes/arm1_link.STL
[0.815s] -- Up-to-date: /home/HwHiAiUser/wheeltec_ros2/install/wheeltec_robot_urdf/share/wheeltec_robot_urdf/meshes/s300_yw_robot_meshes/arm_base_link.STL
[0.816s] -- Up-to-date: /home/HwHiAiUser/wheeltec_ros2/install/wheeltec_robot_urdf/share/wheeltec_robot_urdf/meshes/s300_yw_robot_meshes/arm2_link.STL
[0.817s] -- Up-to-date: /home/HwHiAiUser/wheeltec_ros2/install/wheeltec_robot_urdf/share/wheeltec_robot_urdf/meshes/s300_yw_robot_meshes/laser_link.STL
[0.817s] -- Up-to-date: /home/HwHiAiUser/wheeltec_ros2/install/wheeltec_robot_urdf/share/wheeltec_robot_urdf/meshes/flagship_mec_dl_robot_meshes
[0.818s] -- Up-to-date: /home/HwHiAiUser/wheeltec_ros2/install/wheeltec_robot_urdf/share/wheeltec_robot_urdf/meshes/flagship_mec_dl_robot_meshes/base_link.STL
[0.818s] -- Up-to-date: /home/HwHiAiUser/wheeltec_ros2/install/wheeltec_robot_urdf/share/wheeltec_robot_urdf/meshes/flagship_mec_dl_robot_meshes/lb_wheel_link.STL
[0.818s] -- Up-to-date: /home/HwHiAiUser/wheeltec_ros2/install/wheeltec_robot_urdf/share/wheeltec_robot_urdf/meshes/flagship_mec_dl_robot_meshes/lf_wheel_link.STL
[0.818s] -- Up-to-date: /home/HwHiAiUser/wheeltec_ros2/install/wheeltec_robot_urdf/share/wheeltec_robot_urdf/meshes/flagship_mec_dl_robot_meshes/laser.STL
[0.819s] -- Up-to-date: /home/HwHiAiUser/wheeltec_ros2/install/wheeltec_robot_urdf/share/wheeltec_robot_urdf/meshes/flagship_mec_dl_robot_meshes/controller_link.STL
[0.819s] -- Up-to-date: /home/HwHiAiUser/wheeltec_ros2/install/wheeltec_robot_urdf/share/wheeltec_robot_urdf/meshes/flagship_mec_dl_robot_meshes/camera_link.STL
[0.819s] -- Up-to-date: /home/HwHiAiUser/wheeltec_ros2/install/wheeltec_robot_urdf/share/wheeltec_robot_urdf/meshes/flagship_mec_dl_robot_meshes/rb_wheel_link.STL
[0.819s] -- Up-to-date: /home/HwHiAiUser/wheeltec_ros2/install/wheeltec_robot_urdf/share/wheeltec_robot_urdf/meshes/flagship_mec_dl_robot_meshes/rf_wheel_link.STL
[0.820s] -- Up-to-date: /home/HwHiAiUser/wheeltec_ros2/install/wheeltec_robot_urdf/share/wheeltec_robot_urdf/meshes/wheels
[0.820s] -- Up-to-date: /home/HwHiAiUser/wheeltec_ros2/install/wheeltec_robot_urdf/share/wheeltec_robot_urdf/meshes/wheels/left_tire.stl
[0.820s] -- Up-to-date: /home/HwHiAiUser/wheeltec_ros2/install/wheeltec_robot_urdf/share/wheeltec_robot_urdf/meshes/wheels/right_tire.stl
[0.820s] -- Up-to-date: /home/HwHiAiUser/wheeltec_ros2/install/wheeltec_robot_urdf/share/wheeltec_robot_urdf/meshes/top_akm_bs_robot_meshes
[0.820s] -- Up-to-date: /home/HwHiAiUser/wheeltec_ros2/install/wheeltec_robot_urdf/share/wheeltec_robot_urdf/meshes/top_akm_bs_robot_meshes/base_link.STL
[0.821s] -- Up-to-date: /home/HwHiAiUser/wheeltec_ros2/install/wheeltec_robot_urdf/share/wheeltec_robot_urdf/meshes/top_akm_bs_robot_meshes/lb_wheel_link.STL
[0.821s] -- Up-to-date: /home/HwHiAiUser/wheeltec_ros2/install/wheeltec_robot_urdf/share/wheeltec_robot_urdf/meshes/top_akm_bs_robot_meshes/lf_wheel_link.STL
[0.821s] -- Up-to-date: /home/HwHiAiUser/wheeltec_ros2/install/wheeltec_robot_urdf/share/wheeltec_robot_urdf/meshes/top_akm_bs_robot_meshes/laser.STL
[0.821s] -- Up-to-date: /home/HwHiAiUser/wheeltec_ros2/install/wheeltec_robot_urdf/share/wheeltec_robot_urdf/meshes/top_akm_bs_robot_meshes/controller_link.STL
[0.822s] -- Up-to-date: /home/HwHiAiUser/wheeltec_ros2/install/wheeltec_robot_urdf/share/wheeltec_robot_urdf/meshes/top_akm_bs_robot_meshes/camera_link.STL
[0.822s] -- Up-to-date: /home/HwHiAiUser/wheeltec_ros2/install/wheeltec_robot_urdf/share/wheeltec_robot_urdf/meshes/top_akm_bs_robot_meshes/left1_link.STL
[0.822s] -- Up-to-date: /home/HwHiAiUser/wheeltec_ros2/install/wheeltec_robot_urdf/share/wheeltec_robot_urdf/meshes/top_akm_bs_robot_meshes/rb_wheel_link.STL
[0.822s] -- Up-to-date: /home/HwHiAiUser/wheeltec_ros2/install/wheeltec_robot_urdf/share/wheeltec_robot_urdf/meshes/top_akm_bs_robot_meshes/rf_wheel_link.STL
[0.822s] -- Up-to-date: /home/HwHiAiUser/wheeltec_ros2/install/wheeltec_robot_urdf/share/wheeltec_robot_urdf/meshes/top_akm_bs_robot_meshes/right1_link.STL
[0.823s] -- Up-to-date: /home/HwHiAiUser/wheeltec_ros2/install/wheeltec_robot_urdf/share/wheeltec_robot_urdf/meshes/bases
[0.823s] -- Up-to-date: /home/HwHiAiUser/wheeltec_ros2/install/wheeltec_robot_urdf/share/wheeltec_robot_urdf/meshes/bases/waffle_base.stl
[0.823s] -- Up-to-date: /home/HwHiAiUser/wheeltec_ros2/install/wheeltec_robot_urdf/share/wheeltec_robot_urdf/meshes/bases/waffle_pi_base.stl
[0.823s] -- Up-to-date: /home/HwHiAiUser/wheeltec_ros2/install/wheeltec_robot_urdf/share/wheeltec_robot_urdf/meshes/bases/burger_base.stl
[0.823s] -- Up-to-date: /home/HwHiAiUser/wheeltec_ros2/install/wheeltec_robot_urdf/share/wheeltec_robot_urdf/meshes/mini_akm_robot_meshes
[0.824s] -- Up-to-date: /home/HwHiAiUser/wheeltec_ros2/install/wheeltec_robot_urdf/share/wheeltec_robot_urdf/meshes/mini_akm_robot_meshes/rf_link.STL
[0.825s] -- Up-to-date: /home/HwHiAiUser/wheeltec_ros2/install/wheeltec_robot_urdf/share/wheeltec_robot_urdf/meshes/mini_akm_robot_meshes/base_link.STL
[0.825s] -- Up-to-date: /home/HwHiAiUser/wheeltec_ros2/install/wheeltec_robot_urdf/share/wheeltec_robot_urdf/meshes/mini_akm_robot_meshes/front_link.STL
[0.826s] -- Up-to-date: /home/HwHiAiUser/wheeltec_ros2/install/wheeltec_robot_urdf/share/wheeltec_robot_urdf/meshes/mini_akm_robot_meshes/lb_link.STL
[0.826s] -- Up-to-date: /home/HwHiAiUser/wheeltec_ros2/install/wheeltec_robot_urdf/share/wheeltec_robot_urdf/meshes/mini_akm_robot_meshes/laser.STL
[0.826s] -- Up-to-date: /home/HwHiAiUser/wheeltec_ros2/install/wheeltec_robot_urdf/share/wheeltec_robot_urdf/meshes/mini_akm_robot_meshes/controller_link.STL
[0.826s] -- Up-to-date: /home/HwHiAiUser/wheeltec_ros2/install/wheeltec_robot_urdf/share/wheeltec_robot_urdf/meshes/mini_akm_robot_meshes/camera_link.STL
[0.827s] -- Up-to-date: /home/HwHiAiUser/wheeltec_ros2/install/wheeltec_robot_urdf/share/wheeltec_robot_urdf/meshes/mini_akm_robot_meshes/lf_link.STL
[0.827s] -- Up-to-date: /home/HwHiAiUser/wheeltec_ros2/install/wheeltec_robot_urdf/share/wheeltec_robot_urdf/meshes/mini_akm_robot_meshes/left_link.STL
[0.827s] -- Up-to-date: /home/HwHiAiUser/wheeltec_ros2/install/wheeltec_robot_urdf/share/wheeltec_robot_urdf/meshes/mini_akm_robot_meshes/rb_link.STL
[0.827s] -- Up-to-date: /home/HwHiAiUser/wheeltec_ros2/install/wheeltec_robot_urdf/share/wheeltec_robot_urdf/meshes/mini_akm_robot_meshes/right_link.STL
[0.839s] -- Up-to-date: /home/HwHiAiUser/wheeltec_ros2/install/wheeltec_robot_urdf/share/wheeltec_robot_urdf/meshes/mini_diff_robot_meshes
[0.842s] -- Up-to-date: /home/HwHiAiUser/wheeltec_ros2/install/wheeltec_robot_urdf/share/wheeltec_robot_urdf/meshes/mini_diff_robot_meshes/base_link.STL
[0.842s] -- Up-to-date: /home/HwHiAiUser/wheeltec_ros2/install/wheeltec_robot_urdf/share/wheeltec_robot_urdf/meshes/mini_diff_robot_meshes/front_link.STL
[0.843s] -- Up-to-date: /home/HwHiAiUser/wheeltec_ros2/install/wheeltec_robot_urdf/share/wheeltec_robot_urdf/meshes/mini_diff_robot_meshes/laser.STL
[0.848s] -- Up-to-date: /home/HwHiAiUser/wheeltec_ros2/install/wheeltec_robot_urdf/share/wheeltec_robot_urdf/meshes/mini_diff_robot_meshes/controller_link.STL
[0.848s] -- Up-to-date: /home/HwHiAiUser/wheeltec_ros2/install/wheeltec_robot_urdf/share/wheeltec_robot_urdf/meshes/mini_diff_robot_meshes/camera_link.STL
[0.849s] -- Up-to-date: /home/HwHiAiUser/wheeltec_ros2/install/wheeltec_robot_urdf/share/wheeltec_robot_urdf/meshes/mini_diff_robot_meshes/left_link.STL
[0.849s] -- Up-to-date: /home/HwHiAiUser/wheeltec_ros2/install/wheeltec_robot_urdf/share/wheeltec_robot_urdf/meshes/mini_diff_robot_meshes/right_link.STL
[0.849s] -- Up-to-date: /home/HwHiAiUser/wheeltec_ros2/install/wheeltec_robot_urdf/share/wheeltec_robot_urdf/meshes/s300_mini_robot_meshes
[0.849s] -- Up-to-date: /home/HwHiAiUser/wheeltec_ros2/install/wheeltec_robot_urdf/share/wheeltec_robot_urdf/meshes/s300_mini_robot_meshes/base_link.STL
[0.850s] -- Up-to-date: /home/HwHiAiUser/wheeltec_ros2/install/wheeltec_robot_urdf/share/wheeltec_robot_urdf/meshes/s300_mini_robot_meshes/lm_wheel_link.STL
[0.850s] -- Up-to-date: /home/HwHiAiUser/wheeltec_ros2/install/wheeltec_robot_urdf/share/wheeltec_robot_urdf/meshes/s300_mini_robot_meshes/arm6_link.STL
[0.850s] -- Up-to-date: /home/HwHiAiUser/wheeltec_ros2/install/wheeltec_robot_urdf/share/wheeltec_robot_urdf/meshes/s300_mini_robot_meshes/laser.STL
[0.850s] -- Up-to-date: /home/HwHiAiUser/wheeltec_ros2/install/wheeltec_robot_urdf/share/wheeltec_robot_urdf/meshes/s300_mini_robot_meshes/camera_link.STL
[0.851s] -- Up-to-date: /home/HwHiAiUser/wheeltec_ros2/install/wheeltec_robot_urdf/share/wheeltec_robot_urdf/meshes/s300_mini_robot_meshes/gripper1_link.STL
[0.851s] -- Up-to-date: /home/HwHiAiUser/wheeltec_ros2/install/wheeltec_robot_urdf/share/wheeltec_robot_urdf/meshes/s300_mini_robot_meshes/arm4_link.STL
[0.851s] -- Up-to-date: /home/HwHiAiUser/wheeltec_ros2/install/wheeltec_robot_urdf/share/wheeltec_robot_urdf/meshes/s300_mini_robot_meshes/arm5_link.STL
[0.852s] -- Up-to-date: /home/HwHiAiUser/wheeltec_ros2/install/wheeltec_robot_urdf/share/wheeltec_robot_urdf/meshes/s300_mini_robot_meshes/rm_wheel_link.STL
[0.856s] -- Up-to-date: /home/HwHiAiUser/wheeltec_ros2/install/wheeltec_robot_urdf/share/wheeltec_robot_urdf/meshes/s300_mini_robot_meshes/arm3_link.STL
[0.857s] -- Up-to-date: /home/HwHiAiUser/wheeltec_ros2/install/wheeltec_robot_urdf/share/wheeltec_robot_urdf/meshes/s300_mini_robot_meshes/arm1_link.STL
[0.857s] -- Up-to-date: /home/HwHiAiUser/wheeltec_ros2/install/wheeltec_robot_urdf/share/wheeltec_robot_urdf/meshes/s300_mini_robot_meshes/arm_base_link.STL
[0.857s] -- Up-to-date: /home/HwHiAiUser/wheeltec_ros2/install/wheeltec_robot_urdf/share/wheeltec_robot_urdf/meshes/s300_mini_robot_meshes/arm2_link.STL
[0.858s] -- Up-to-date: /home/HwHiAiUser/wheeltec_ros2/install/wheeltec_robot_urdf/share/wheeltec_robot_urdf/meshes/s300_mini_robot_meshes/laser_link.STL
[0.858s] -- Up-to-date: /home/HwHiAiUser/wheeltec_ros2/install/wheeltec_robot_urdf/share/wheeltec_robot_urdf/meshes/flagship_4wd_dl_robot_meshes
[0.858s] -- Up-to-date: /home/HwHiAiUser/wheeltec_ros2/install/wheeltec_robot_urdf/share/wheeltec_robot_urdf/meshes/flagship_4wd_dl_robot_meshes/base_link.STL
[0.858s] -- Up-to-date: /home/HwHiAiUser/wheeltec_ros2/install/wheeltec_robot_urdf/share/wheeltec_robot_urdf/meshes/flagship_4wd_dl_robot_meshes/lb_wheel_link.STL
[0.859s] -- Up-to-date: /home/HwHiAiUser/wheeltec_ros2/install/wheeltec_robot_urdf/share/wheeltec_robot_urdf/meshes/flagship_4wd_dl_robot_meshes/lf_wheel_link.STL
[0.859s] -- Up-to-date: /home/HwHiAiUser/wheeltec_ros2/install/wheeltec_robot_urdf/share/wheeltec_robot_urdf/meshes/flagship_4wd_dl_robot_meshes/laser.STL
[0.859s] -- Up-to-date: /home/HwHiAiUser/wheeltec_ros2/install/wheeltec_robot_urdf/share/wheeltec_robot_urdf/meshes/flagship_4wd_dl_robot_meshes/controller_link.STL
[0.859s] -- Up-to-date: /home/HwHiAiUser/wheeltec_ros2/install/wheeltec_robot_urdf/share/wheeltec_robot_urdf/meshes/flagship_4wd_dl_robot_meshes/camera_link.STL
[0.860s] -- Up-to-date: /home/HwHiAiUser/wheeltec_ros2/install/wheeltec_robot_urdf/share/wheeltec_robot_urdf/meshes/flagship_4wd_dl_robot_meshes/rb_wheel_link.STL
[0.860s] -- Up-to-date: /home/HwHiAiUser/wheeltec_ros2/install/wheeltec_robot_urdf/share/wheeltec_robot_urdf/meshes/flagship_4wd_dl_robot_meshes/rf_wheel_link.STL
[0.860s] -- Up-to-date: /home/HwHiAiUser/wheeltec_ros2/install/wheeltec_robot_urdf/share/wheeltec_robot_urdf/meshes/senior_4wd_dl_robot_meshes
[0.860s] -- Up-to-date: /home/HwHiAiUser/wheeltec_ros2/install/wheeltec_robot_urdf/share/wheeltec_robot_urdf/meshes/senior_4wd_dl_robot_meshes/base_link.STL
[0.861s] -- Up-to-date: /home/HwHiAiUser/wheeltec_ros2/install/wheeltec_robot_urdf/share/wheeltec_robot_urdf/meshes/senior_4wd_dl_robot_meshes/lb_wheel_link.STL
[0.861s] -- Up-to-date: /home/HwHiAiUser/wheeltec_ros2/install/wheeltec_robot_urdf/share/wheeltec_robot_urdf/meshes/senior_4wd_dl_robot_meshes/lf_wheel_link.STL
[0.861s] -- Up-to-date: /home/HwHiAiUser/wheeltec_ros2/install/wheeltec_robot_urdf/share/wheeltec_robot_urdf/meshes/senior_4wd_dl_robot_meshes/laser.STL
[0.861s] -- Up-to-date: /home/HwHiAiUser/wheeltec_ros2/install/wheeltec_robot_urdf/share/wheeltec_robot_urdf/meshes/senior_4wd_dl_robot_meshes/controller_link.STL
[0.861s] -- Up-to-date: /home/HwHiAiUser/wheeltec_ros2/install/wheeltec_robot_urdf/share/wheeltec_robot_urdf/meshes/senior_4wd_dl_robot_meshes/camera_link.STL
[0.862s] -- Up-to-date: /home/HwHiAiUser/wheeltec_ros2/install/wheeltec_robot_urdf/share/wheeltec_robot_urdf/meshes/senior_4wd_dl_robot_meshes/rb_wheel_link.STL
[0.862s] -- Up-to-date: /home/HwHiAiUser/wheeltec_ros2/install/wheeltec_robot_urdf/share/wheeltec_robot_urdf/meshes/senior_4wd_dl_robot_meshes/rf_wheel_link.STL
[0.862s] -- Up-to-date: /home/HwHiAiUser/wheeltec_ros2/install/wheeltec_robot_urdf/share/wheeltec_robot_urdf/meshes/brushless_senior_diff_meshes
[0.862s] -- Up-to-date: /home/HwHiAiUser/wheeltec_ros2/install/wheeltec_robot_urdf/share/wheeltec_robot_urdf/meshes/brushless_senior_diff_meshes/base_link.STL
[0.862s] -- Up-to-date: /home/HwHiAiUser/wheeltec_ros2/install/wheeltec_robot_urdf/share/wheeltec_robot_urdf/meshes/brushless_senior_diff_meshes/lb_wheel_link.STL
[0.863s] -- Up-to-date: /home/HwHiAiUser/wheeltec_ros2/install/wheeltec_robot_urdf/share/wheeltec_robot_urdf/meshes/brushless_senior_diff_meshes/laser.STL
[0.863s] -- Up-to-date: /home/HwHiAiUser/wheeltec_ros2/install/wheeltec_robot_urdf/share/wheeltec_robot_urdf/meshes/brushless_senior_diff_meshes/controller_link.STL
[0.863s] -- Up-to-date: /home/HwHiAiUser/wheeltec_ros2/install/wheeltec_robot_urdf/share/wheeltec_robot_urdf/meshes/brushless_senior_diff_meshes/camera_link.STL
[0.863s] -- Up-to-date: /home/HwHiAiUser/wheeltec_ros2/install/wheeltec_robot_urdf/share/wheeltec_robot_urdf/meshes/brushless_senior_diff_meshes/rb_wheel_link.STL
[0.863s] -- Up-to-date: /home/HwHiAiUser/wheeltec_ros2/install/wheeltec_robot_urdf/share/wheeltec_robot_urdf/meshes/senior_mec_bs_robot_meshes
[0.864s] -- Up-to-date: /home/HwHiAiUser/wheeltec_ros2/install/wheeltec_robot_urdf/share/wheeltec_robot_urdf/meshes/senior_mec_bs_robot_meshes/base_link.STL
[0.871s] -- Up-to-date: /home/HwHiAiUser/wheeltec_ros2/install/wheeltec_robot_urdf/share/wheeltec_robot_urdf/meshes/senior_mec_bs_robot_meshes/lb_wheel_link.STL
[0.872s] -- Up-to-date: /home/HwHiAiUser/wheeltec_ros2/install/wheeltec_robot_urdf/share/wheeltec_robot_urdf/meshes/senior_mec_bs_robot_meshes/lf_wheel_link.STL
[0.872s] -- Up-to-date: /home/HwHiAiUser/wheeltec_ros2/install/wheeltec_robot_urdf/share/wheeltec_robot_urdf/meshes/senior_mec_bs_robot_meshes/laser.STL
[0.872s] -- Up-to-date: /home/HwHiAiUser/wheeltec_ros2/install/wheeltec_robot_urdf/share/wheeltec_robot_urdf/meshes/senior_mec_bs_robot_meshes/controller_link.STL
[0.873s] -- Up-to-date: /home/HwHiAiUser/wheeltec_ros2/install/wheeltec_robot_urdf/share/wheeltec_robot_urdf/meshes/senior_mec_bs_robot_meshes/camera_link.STL
[0.873s] -- Up-to-date: /home/HwHiAiUser/wheeltec_ros2/install/wheeltec_robot_urdf/share/wheeltec_robot_urdf/meshes/senior_mec_bs_robot_meshes/rb_wheel_link.STL
[0.873s] -- Up-to-date: /home/HwHiAiUser/wheeltec_ros2/install/wheeltec_robot_urdf/share/wheeltec_robot_urdf/meshes/senior_mec_bs_robot_meshes/rf_wheel_link.STL
[0.873s] -- Up-to-date: /home/HwHiAiUser/wheeltec_ros2/install/wheeltec_robot_urdf/share/wheeltec_robot_urdf/meshes/top_4wd_bs_robot_meshes
[0.873s] -- Up-to-date: /home/HwHiAiUser/wheeltec_ros2/install/wheeltec_robot_urdf/share/wheeltec_robot_urdf/meshes/top_4wd_bs_robot_meshes/base_link.STL
[0.874s] -- Up-to-date: /home/HwHiAiUser/wheeltec_ros2/install/wheeltec_robot_urdf/share/wheeltec_robot_urdf/meshes/top_4wd_bs_robot_meshes/lb_wheel_link.STL
[0.874s] -- Up-to-date: /home/HwHiAiUser/wheeltec_ros2/install/wheeltec_robot_urdf/share/wheeltec_robot_urdf/meshes/top_4wd_bs_robot_meshes/lf_wheel_link.STL
[0.874s] -- Up-to-date: /home/HwHiAiUser/wheeltec_ros2/install/wheeltec_robot_urdf/share/wheeltec_robot_urdf/meshes/top_4wd_bs_robot_meshes/laser.STL
[0.874s] -- Up-to-date: /home/HwHiAiUser/wheeltec_ros2/install/wheeltec_robot_urdf/share/wheeltec_robot_urdf/meshes/top_4wd_bs_robot_meshes/controller_link.STL
[0.874s] -- Up-to-date: /home/HwHiAiUser/wheeltec_ros2/install/wheeltec_robot_urdf/share/wheeltec_robot_urdf/meshes/top_4wd_bs_robot_meshes/camera_link.STL
[0.875s] -- Up-to-date: /home/HwHiAiUser/wheeltec_ros2/install/wheeltec_robot_urdf/share/wheeltec_robot_urdf/meshes/top_4wd_bs_robot_meshes/rb_wheel_link.STL
[0.875s] -- Up-to-date: /home/HwHiAiUser/wheeltec_ros2/install/wheeltec_robot_urdf/share/wheeltec_robot_urdf/meshes/top_4wd_bs_robot_meshes/rf_wheel_link.STL
[0.875s] -- Up-to-date: /home/HwHiAiUser/wheeltec_ros2/install/wheeltec_robot_urdf/share/wheeltec_robot_urdf/meshes/top_akm_bs_meshes
[0.875s] -- Up-to-date: /home/HwHiAiUser/wheeltec_ros2/install/wheeltec_robot_urdf/share/wheeltec_robot_urdf/meshes/top_akm_bs_meshes/base_link.STL
[0.876s] -- Up-to-date: /home/HwHiAiUser/wheeltec_ros2/install/wheeltec_robot_urdf/share/wheeltec_robot_urdf/meshes/top_akm_bs_meshes/lb_wheel_link.STL
[0.880s] -- Up-to-date: /home/HwHiAiUser/wheeltec_ros2/install/wheeltec_robot_urdf/share/wheeltec_robot_urdf/meshes/top_akm_bs_meshes/lf_wheel_link.STL
[0.881s] -- Up-to-date: /home/HwHiAiUser/wheeltec_ros2/install/wheeltec_robot_urdf/share/wheeltec_robot_urdf/meshes/top_akm_bs_meshes/controller_link.STL
[0.881s] -- Up-to-date: /home/HwHiAiUser/wheeltec_ros2/install/wheeltec_robot_urdf/share/wheeltec_robot_urdf/meshes/top_akm_bs_meshes/camera_link.STL
[0.881s] -- Up-to-date: /home/HwHiAiUser/wheeltec_ros2/install/wheeltec_robot_urdf/share/wheeltec_robot_urdf/meshes/top_akm_bs_meshes/left1_link.STL
[0.881s] -- Up-to-date: /home/HwHiAiUser/wheeltec_ros2/install/wheeltec_robot_urdf/share/wheeltec_robot_urdf/meshes/top_akm_bs_meshes/rb_wheel_link.STL
[0.881s] -- Up-to-date: /home/HwHiAiUser/wheeltec_ros2/install/wheeltec_robot_urdf/share/wheeltec_robot_urdf/meshes/top_akm_bs_meshes/rf_wheel_link.STL
[0.882s] -- Up-to-date: /home/HwHiAiUser/wheeltec_ros2/install/wheeltec_robot_urdf/share/wheeltec_robot_urdf/meshes/top_akm_bs_meshes/right1_link.STL
[0.882s] -- Up-to-date: /home/HwHiAiUser/wheeltec_ros2/install/wheeltec_robot_urdf/share/wheeltec_robot_urdf/meshes/top_akm_bs_meshes/laser_link.STL
[0.882s] -- Up-to-date: /home/HwHiAiUser/wheeltec_ros2/install/wheeltec_robot_urdf/share/wheeltec_robot_urdf/meshes/mini_4wd_moveit_four_meshes
[0.882s] -- Up-to-date: /home/HwHiAiUser/wheeltec_ros2/install/wheeltec_robot_urdf/share/wheeltec_robot_urdf/meshes/mini_4wd_moveit_four_meshes/base_link.STL
[0.883s] -- Up-to-date: /home/HwHiAiUser/wheeltec_ros2/install/wheeltec_robot_urdf/share/wheeltec_robot_urdf/meshes/mini_4wd_moveit_four_meshes/j2_link.STL
[0.883s] -- Up-to-date: /home/HwHiAiUser/wheeltec_ros2/install/wheeltec_robot_urdf/share/wheeltec_robot_urdf/meshes/mini_4wd_moveit_four_meshes/j4_2_link.STL
[0.883s] -- Up-to-date: /home/HwHiAiUser/wheeltec_ros2/install/wheeltec_robot_urdf/share/wheeltec_robot_urdf/meshes/mini_4wd_moveit_four_meshes/j4_6_link.STL
[0.883s] -- Up-to-date: /home/HwHiAiUser/wheeltec_ros2/install/wheeltec_robot_urdf/share/wheeltec_robot_urdf/meshes/mini_4wd_moveit_four_meshes/lb_wheel_link.STL
[0.883s] -- Up-to-date: /home/HwHiAiUser/wheeltec_ros2/install/wheeltec_robot_urdf/share/wheeltec_robot_urdf/meshes/mini_4wd_moveit_four_meshes/display_link.STL
[0.888s] -- Up-to-date: /home/HwHiAiUser/wheeltec_ros2/install/wheeltec_robot_urdf/share/wheeltec_robot_urdf/meshes/mini_4wd_moveit_four_meshes/lf_wheel_link.STL
[0.888s] -- Up-to-date: /home/HwHiAiUser/wheeltec_ros2/install/wheeltec_robot_urdf/share/wheeltec_robot_urdf/meshes/mini_4wd_moveit_four_meshes/laser.STL
[0.889s] -- Up-to-date: /home/HwHiAiUser/wheeltec_ros2/install/wheeltec_robot_urdf/share/wheeltec_robot_urdf/meshes/mini_4wd_moveit_four_meshes/controller_link.STL
[0.889s] -- Up-to-date: /home/HwHiAiUser/wheeltec_ros2/install/wheeltec_robot_urdf/share/wheeltec_robot_urdf/meshes/mini_4wd_moveit_four_meshes/camera_link.STL
[0.889s] -- Up-to-date: /home/HwHiAiUser/wheeltec_ros2/install/wheeltec_robot_urdf/share/wheeltec_robot_urdf/meshes/mini_4wd_moveit_four_meshes/j4_4_link.STL
[0.889s] -- Up-to-date: /home/HwHiAiUser/wheeltec_ros2/install/wheeltec_robot_urdf/share/wheeltec_robot_urdf/meshes/mini_4wd_moveit_four_meshes/rb_wheel_link.STL
[0.890s] -- Up-to-date: /home/HwHiAiUser/wheeltec_ros2/install/wheeltec_robot_urdf/share/wheeltec_robot_urdf/meshes/mini_4wd_moveit_four_meshes/rf_wheel_link.STL
[0.890s] -- Up-to-date: /home/HwHiAiUser/wheeltec_ros2/install/wheeltec_robot_urdf/share/wheeltec_robot_urdf/meshes/mini_4wd_moveit_four_meshes/j4_5_link.STL
[0.890s] -- Up-to-date: /home/HwHiAiUser/wheeltec_ros2/install/wheeltec_robot_urdf/share/wheeltec_robot_urdf/meshes/mini_4wd_moveit_four_meshes/arm_base_link.STL
[0.890s] -- Up-to-date: /home/HwHiAiUser/wheeltec_ros2/install/wheeltec_robot_urdf/share/wheeltec_robot_urdf/meshes/mini_4wd_moveit_four_meshes/j1_link.STL
[0.890s] -- Up-to-date: /home/HwHiAiUser/wheeltec_ros2/install/wheeltec_robot_urdf/share/wheeltec_robot_urdf/meshes/mini_4wd_moveit_four_meshes/j4_1_link.STL
[0.890s] -- Up-to-date: /home/HwHiAiUser/wheeltec_ros2/install/wheeltec_robot_urdf/share/wheeltec_robot_urdf/meshes/mini_4wd_moveit_four_meshes/j3_link.STL
[0.891s] -- Up-to-date: /home/HwHiAiUser/wheeltec_ros2/install/wheeltec_robot_urdf/share/wheeltec_robot_urdf/meshes/mini_4wd_moveit_four_meshes/j4_3_link.STL
[0.891s] -- Up-to-date: /home/HwHiAiUser/wheeltec_ros2/install/wheeltec_robot_urdf/share/wheeltec_robot_urdf/meshes/sensors
[0.891s] -- Up-to-date: /home/HwHiAiUser/wheeltec_ros2/install/wheeltec_robot_urdf/share/wheeltec_robot_urdf/meshes/sensors/astra.dae
[0.891s] -- Up-to-date: /home/HwHiAiUser/wheeltec_ros2/install/wheeltec_robot_urdf/share/wheeltec_robot_urdf/meshes/sensors/r200.dae
[0.895s] -- Up-to-date: /home/HwHiAiUser/wheeltec_ros2/install/wheeltec_robot_urdf/share/wheeltec_robot_urdf/meshes/sensors/r200.jpg
[0.896s] -- Up-to-date: /home/HwHiAiUser/wheeltec_ros2/install/wheeltec_robot_urdf/share/wheeltec_robot_urdf/meshes/sensors/lds.stl
[0.896s] -- Up-to-date: /home/HwHiAiUser/wheeltec_ros2/install/wheeltec_robot_urdf/share/wheeltec_robot_urdf/meshes/sensors/astra.jpg
[0.896s] -- Up-to-date: /home/HwHiAiUser/wheeltec_ros2/install/wheeltec_robot_urdf/share/wheeltec_robot_urdf/meshes/flagship_4wd_bs_robot_meshes
[0.897s] -- Up-to-date: /home/HwHiAiUser/wheeltec_ros2/install/wheeltec_robot_urdf/share/wheeltec_robot_urdf/meshes/flagship_4wd_bs_robot_meshes/base_link.STL
[0.897s] -- Up-to-date: /home/HwHiAiUser/wheeltec_ros2/install/wheeltec_robot_urdf/share/wheeltec_robot_urdf/meshes/flagship_4wd_bs_robot_meshes/lb_wheel_link.STL
[0.897s] -- Up-to-date: /home/HwHiAiUser/wheeltec_ros2/install/wheeltec_robot_urdf/share/wheeltec_robot_urdf/meshes/flagship_4wd_bs_robot_meshes/lf_wheel_link.STL
[0.897s] -- Up-to-date: /home/HwHiAiUser/wheeltec_ros2/install/wheeltec_robot_urdf/share/wheeltec_robot_urdf/meshes/flagship_4wd_bs_robot_meshes/laser.STL
[0.897s] -- Up-to-date: /home/HwHiAiUser/wheeltec_ros2/install/wheeltec_robot_urdf/share/wheeltec_robot_urdf/meshes/flagship_4wd_bs_robot_meshes/controller_link.STL
[0.898s] -- Up-to-date: /home/HwHiAiUser/wheeltec_ros2/install/wheeltec_robot_urdf/share/wheeltec_robot_urdf/meshes/flagship_4wd_bs_robot_meshes/camera_link.STL
[0.898s] -- Up-to-date: /home/HwHiAiUser/wheeltec_ros2/install/wheeltec_robot_urdf/share/wheeltec_robot_urdf/meshes/flagship_4wd_bs_robot_meshes/rb_wheel_link.STL
[0.898s] -- Up-to-date: /home/HwHiAiUser/wheeltec_ros2/install/wheeltec_robot_urdf/share/wheeltec_robot_urdf/meshes/flagship_4wd_bs_robot_meshes/rf_wheel_link.STL
[0.898s] -- Up-to-date: /home/HwHiAiUser/wheeltec_ros2/install/wheeltec_robot_urdf/share/wheeltec_robot_urdf/meshes/r3S_4wd_robot_meshes
[0.898s] -- Up-to-date: /home/HwHiAiUser/wheeltec_ros2/install/wheeltec_robot_urdf/share/wheeltec_robot_urdf/meshes/r3S_4wd_robot_meshes/base_link.STL
[0.898s] -- Up-to-date: /home/HwHiAiUser/wheeltec_ros2/install/wheeltec_robot_urdf/share/wheeltec_robot_urdf/meshes/r3S_4wd_robot_meshes/lb_wheel_link.STL
[0.899s] -- Up-to-date: /home/HwHiAiUser/wheeltec_ros2/install/wheeltec_robot_urdf/share/wheeltec_robot_urdf/meshes/r3S_4wd_robot_meshes/lf_wheel_link.STL
[0.899s] -- Up-to-date: /home/HwHiAiUser/wheeltec_ros2/install/wheeltec_robot_urdf/share/wheeltec_robot_urdf/meshes/r3S_4wd_robot_meshes/laser.STL
[0.899s] -- Up-to-date: /home/HwHiAiUser/wheeltec_ros2/install/wheeltec_robot_urdf/share/wheeltec_robot_urdf/meshes/r3S_4wd_robot_meshes/controller_link.STL
[0.899s] -- Up-to-date: /home/HwHiAiUser/wheeltec_ros2/install/wheeltec_robot_urdf/share/wheeltec_robot_urdf/meshes/r3S_4wd_robot_meshes/camera_link.STL
[0.908s] -- Up-to-date: /home/HwHiAiUser/wheeltec_ros2/install/wheeltec_robot_urdf/share/wheeltec_robot_urdf/meshes/r3S_4wd_robot_meshes/rb_wheel_link.STL
[0.908s] -- Up-to-date: /home/HwHiAiUser/wheeltec_ros2/install/wheeltec_robot_urdf/share/wheeltec_robot_urdf/meshes/r3S_4wd_robot_meshes/rf_wheel_link.STL
[0.908s] -- Up-to-date: /home/HwHiAiUser/wheeltec_ros2/install/wheeltec_robot_urdf/share/wheeltec_robot_urdf/meshes/mini_mec_robot_meshes
[0.908s] -- Up-to-date: /home/HwHiAiUser/wheeltec_ros2/install/wheeltec_robot_urdf/share/wheeltec_robot_urdf/meshes/mini_mec_robot_meshes/base_link.STL
[0.909s] -- Up-to-date: /home/HwHiAiUser/wheeltec_ros2/install/wheeltec_robot_urdf/share/wheeltec_robot_urdf/meshes/mini_mec_robot_meshes/lb_wheel_link.STL
[0.909s] -- Up-to-date: /home/HwHiAiUser/wheeltec_ros2/install/wheeltec_robot_urdf/share/wheeltec_robot_urdf/meshes/mini_mec_robot_meshes/lf_wheel_link.STL
[0.909s] -- Up-to-date: /home/HwHiAiUser/wheeltec_ros2/install/wheeltec_robot_urdf/share/wheeltec_robot_urdf/meshes/mini_mec_robot_meshes/laser.STL
[0.909s] -- Up-to-date: /home/HwHiAiUser/wheeltec_ros2/install/wheeltec_robot_urdf/share/wheeltec_robot_urdf/meshes/mini_mec_robot_meshes/controller_link.STL
[0.909s] -- Up-to-date: /home/HwHiAiUser/wheeltec_ros2/install/wheeltec_robot_urdf/share/wheeltec_robot_urdf/meshes/mini_mec_robot_meshes/camera_link.STL
[0.910s] -- Up-to-date: /home/HwHiAiUser/wheeltec_ros2/install/wheeltec_robot_urdf/share/wheeltec_robot_urdf/meshes/mini_mec_robot_meshes/rb_wheel_link.STL
[0.910s] -- Up-to-date: /home/HwHiAiUser/wheeltec_ros2/install/wheeltec_robot_urdf/share/wheeltec_robot_urdf/meshes/mini_mec_robot_meshes/rf_wheel_link.STL
[0.910s] -- Up-to-date: /home/HwHiAiUser/wheeltec_ros2/install/wheeltec_robot_urdf/share/wheeltec_robot_urdf/meshes/flagship_mec_bs_robot_meshes
[0.910s] -- Up-to-date: /home/HwHiAiUser/wheeltec_ros2/install/wheeltec_robot_urdf/share/wheeltec_robot_urdf/meshes/flagship_mec_bs_robot_meshes/base_link.STL
[0.910s] -- Up-to-date: /home/HwHiAiUser/wheeltec_ros2/install/wheeltec_robot_urdf/share/wheeltec_robot_urdf/meshes/flagship_mec_bs_robot_meshes/lb_wheel_link.STL
[0.910s] -- Up-to-date: /home/HwHiAiUser/wheeltec_ros2/install/wheeltec_robot_urdf/share/wheeltec_robot_urdf/meshes/flagship_mec_bs_robot_meshes/lf_wheel_link.STL
[0.911s] -- Up-to-date: /home/HwHiAiUser/wheeltec_ros2/install/wheeltec_robot_urdf/share/wheeltec_robot_urdf/meshes/flagship_mec_bs_robot_meshes/laser.STL
[0.911s] -- Up-to-date: /home/HwHiAiUser/wheeltec_ros2/install/wheeltec_robot_urdf/share/wheeltec_robot_urdf/meshes/flagship_mec_bs_robot_meshes/controller_link.STL
[0.915s] -- Up-to-date: /home/HwHiAiUser/wheeltec_ros2/install/wheeltec_robot_urdf/share/wheeltec_robot_urdf/meshes/flagship_mec_bs_robot_meshes/camera_link.STL
[0.916s] -- Up-to-date: /home/HwHiAiUser/wheeltec_ros2/install/wheeltec_robot_urdf/share/wheeltec_robot_urdf/meshes/flagship_mec_bs_robot_meshes/rb_wheel_link.STL
[0.916s] -- Up-to-date: /home/HwHiAiUser/wheeltec_ros2/install/wheeltec_robot_urdf/share/wheeltec_robot_urdf/meshes/flagship_mec_bs_robot_meshes/rf_wheel_link.STL
[0.916s] -- Up-to-date: /home/HwHiAiUser/wheeltec_ros2/install/wheeltec_robot_urdf/share/wheeltec_robot_urdf/rviz
[0.916s] -- Up-to-date: /home/HwHiAiUser/wheeltec_ros2/install/wheeltec_robot_urdf/share/wheeltec_robot_urdf/rviz/model.rviz
[0.916s] -- Up-to-date: /home/HwHiAiUser/wheeltec_ros2/install/wheeltec_robot_urdf/share/wheeltec_robot_urdf/urdf
[0.917s] -- Up-to-date: /home/HwHiAiUser/wheeltec_ros2/install/wheeltec_robot_urdf/share/wheeltec_robot_urdf/urdf/flagship_4wd_dl_robot.urdf
[0.917s] -- Up-to-date: /home/HwHiAiUser/wheeltec_ros2/install/wheeltec_robot_urdf/share/wheeltec_robot_urdf/urdf/senior_mec_bs_robot.urdf
[0.917s] -- Up-to-date: /home/HwHiAiUser/wheeltec_ros2/install/wheeltec_robot_urdf/share/wheeltec_robot_urdf/urdf/s300_yw_robot.urdf
[0.917s] -- Up-to-date: /home/HwHiAiUser/wheeltec_ros2/install/wheeltec_robot_urdf/share/wheeltec_robot_urdf/urdf/top_akm_bs_robot.urdf
[0.917s] -- Up-to-date: /home/HwHiAiUser/wheeltec_ros2/install/wheeltec_robot_urdf/share/wheeltec_robot_urdf/urdf/senior_4wd_bs_robot.urdf
[0.918s] -- Up-to-date: /home/HwHiAiUser/wheeltec_ros2/install/wheeltec_robot_urdf/share/wheeltec_robot_urdf/urdf/mini_mec_moveit_four.urdf
[0.918s] -- Up-to-date: /home/HwHiAiUser/wheeltec_ros2/install/wheeltec_robot_urdf/share/wheeltec_robot_urdf/urdf/mini_4wd_robot.urdf
[0.918s] -- Up-to-date: /home/HwHiAiUser/wheeltec_ros2/install/wheeltec_robot_urdf/share/wheeltec_robot_urdf/urdf/mini_tank_robot.urdf
[0.918s] -- Up-to-date: /home/HwHiAiUser/wheeltec_ros2/install/wheeltec_robot_urdf/share/wheeltec_robot_urdf/urdf/senior_akm_robot.urdf
[0.918s] -- Up-to-date: /home/HwHiAiUser/wheeltec_ros2/install/wheeltec_robot_urdf/share/wheeltec_robot_urdf/urdf/senior_mec_dl_robot.urdf
[0.919s] -- Up-to-date: /home/HwHiAiUser/wheeltec_ros2/install/wheeltec_robot_urdf/share/wheeltec_robot_urdf/urdf/mini_omni_robot.urdf
[0.919s] -- Up-to-date: /home/HwHiAiUser/wheeltec_ros2/install/wheeltec_robot_urdf/share/wheeltec_robot_urdf/urdf/top_mec_EightDrive_robot.urdf
[0.919s] -- Up-to-date: /home/HwHiAiUser/wheeltec_ros2/install/wheeltec_robot_urdf/share/wheeltec_robot_urdf/urdf/s300_mini_robot.urdf
[0.919s] -- Up-to-date: /home/HwHiAiUser/wheeltec_ros2/install/wheeltec_robot_urdf/share/wheeltec_robot_urdf/urdf/senior_diff_robot.urdf
[0.920s] -- Up-to-date: /home/HwHiAiUser/wheeltec_ros2/install/wheeltec_robot_urdf/share/wheeltec_robot_urdf/urdf/senior_4wd_dl_robot.urdf
[0.920s] -- Up-to-date: /home/HwHiAiUser/wheeltec_ros2/install/wheeltec_robot_urdf/share/wheeltec_robot_urdf/urdf/mini_mec_moveit_six.urdf
[0.920s] -- Up-to-date: /home/HwHiAiUser/wheeltec_ros2/install/wheeltec_robot_urdf/share/wheeltec_robot_urdf/urdf/brushless_senior_diff.urdf
[0.921s] -- Up-to-date: /home/HwHiAiUser/wheeltec_ros2/install/wheeltec_robot_urdf/share/wheeltec_robot_urdf/urdf/top_4wd_bs_robot.urdf
[0.921s] -- Up-to-date: /home/HwHiAiUser/wheeltec_ros2/install/wheeltec_robot_urdf/share/wheeltec_robot_urdf/urdf/top_mec_dl_robot.urdf
[0.921s] -- Up-to-date: /home/HwHiAiUser/wheeltec_ros2/install/wheeltec_robot_urdf/share/wheeltec_robot_urdf/urdf/top_mec_bs_robot.urdf
[0.921s] -- Up-to-date: /home/HwHiAiUser/wheeltec_ros2/install/wheeltec_robot_urdf/share/wheeltec_robot_urdf/urdf/four_wheel_diff_dl_robot.urdf
[0.921s] -- Up-to-date: /home/HwHiAiUser/wheeltec_ros2/install/wheeltec_robot_urdf/share/wheeltec_robot_urdf/urdf/S100_diff_robot.urdf
[0.922s] -- Up-to-date: /home/HwHiAiUser/wheeltec_ros2/install/wheeltec_robot_urdf/share/wheeltec_robot_urdf/urdf/flagship_4wd_bs_robot.urdf
[0.922s] -- Up-to-date: /home/HwHiAiUser/wheeltec_ros2/install/wheeltec_robot_urdf/share/wheeltec_robot_urdf/urdf/mini_akm_robot.urdf
[0.922s] -- Up-to-date: /home/HwHiAiUser/wheeltec_ros2/install/wheeltec_robot_urdf/share/wheeltec_robot_urdf/urdf/r3s_mec_robot.urdf
[0.922s] -- Up-to-date: /home/HwHiAiUser/wheeltec_ros2/install/wheeltec_robot_urdf/share/wheeltec_robot_urdf/urdf/flagship_mec_bs_robot.urdf
[0.923s] -- Up-to-date: /home/HwHiAiUser/wheeltec_ros2/install/wheeltec_robot_urdf/share/wheeltec_robot_urdf/urdf/mini_tank_moveit_four.urdf
[0.923s] -- Up-to-date: /home/HwHiAiUser/wheeltec_ros2/install/wheeltec_robot_urdf/share/wheeltec_robot_urdf/urdf/flagship_mec_dl_robot.urdf
[0.934s] -- Up-to-date: /home/HwHiAiUser/wheeltec_ros2/install/wheeltec_robot_urdf/share/wheeltec_robot_urdf/urdf/mini_4wd_moveit_four.urdf
[0.935s] -- Up-to-date: /home/HwHiAiUser/wheeltec_ros2/install/wheeltec_robot_urdf/share/wheeltec_robot_urdf/urdf/senior_omni_robot.urdf
[0.936s] -- Up-to-date: /home/HwHiAiUser/wheeltec_ros2/install/wheeltec_robot_urdf/share/wheeltec_robot_urdf/urdf/mini_mec_robot.urdf
[0.936s] -- Up-to-date: /home/HwHiAiUser/wheeltec_ros2/install/wheeltec_robot_urdf/share/wheeltec_robot_urdf/urdf/top_4wd_dl_robot.urdf
[0.936s] -- Up-to-date: /home/HwHiAiUser/wheeltec_ros2/install/wheeltec_robot_urdf/share/wheeltec_robot_urdf/urdf/r3S_4wd_robot.urdf
[0.936s] -- Up-to-date: /home/HwHiAiUser/wheeltec_ros2/install/wheeltec_robot_urdf/share/wheeltec_robot_urdf/urdf/top_omni_robot.urdf
[0.937s] -- Up-to-date: /home/HwHiAiUser/wheeltec_ros2/install/wheeltec_robot_urdf/share/wheeltec_robot_urdf/urdf/mini_diff_robot.urdf
[0.937s] -- Up-to-date: /home/HwHiAiUser/wheeltec_ros2/install/wheeltec_robot_urdf/share/wheeltec_robot_urdf/urdf/top_akm_dl_robot.urdf
[0.937s] -- Up-to-date: /home/HwHiAiUser/wheeltec_ros2/install/wheeltec_robot_urdf/share/wheeltec_robot_urdf/urdf/four_wheel_diff_bs_robot.urdf
[0.943s] -- Up-to-date: /home/HwHiAiUser/wheeltec_ros2/install/wheeltec_robot_urdf/share/ament_index/resource_index/package_run_dependencies/wheeltec_robot_urdf
[0.948s] -- Up-to-date: /home/HwHiAiUser/wheeltec_ros2/install/wheeltec_robot_urdf/share/ament_index/resource_index/parent_prefix_path/wheeltec_robot_urdf
[0.949s] -- Up-to-date: /home/HwHiAiUser/wheeltec_ros2/install/wheeltec_robot_urdf/share/wheeltec_robot_urdf/environment/ament_prefix_path.sh
[0.949s] -- Up-to-date: /home/HwHiAiUser/wheeltec_ros2/install/wheeltec_robot_urdf/share/wheeltec_robot_urdf/environment/ament_prefix_path.dsv
[0.949s] -- Up-to-date: /home/HwHiAiUser/wheeltec_ros2/install/wheeltec_robot_urdf/share/wheeltec_robot_urdf/environment/path.sh
[0.949s] -- Up-to-date: /home/HwHiAiUser/wheeltec_ros2/install/wheeltec_robot_urdf/share/wheeltec_robot_urdf/environment/path.dsv
[0.950s] -- Up-to-date: /home/HwHiAiUser/wheeltec_ros2/install/wheeltec_robot_urdf/share/wheeltec_robot_urdf/local_setup.bash
[0.950s] -- Up-to-date: /home/HwHiAiUser/wheeltec_ros2/install/wheeltec_robot_urdf/share/wheeltec_robot_urdf/local_setup.sh
[0.950s] -- Up-to-date: /home/HwHiAiUser/wheeltec_ros2/install/wheeltec_robot_urdf/share/wheeltec_robot_urdf/local_setup.zsh
[0.950s] -- Up-to-date: /home/HwHiAiUser/wheeltec_ros2/install/wheeltec_robot_urdf/share/wheeltec_robot_urdf/local_setup.dsv
[0.951s] -- Installing: /home/HwHiAiUser/wheeltec_ros2/install/wheeltec_robot_urdf/share/wheeltec_robot_urdf/package.dsv
[0.951s] -- Up-to-date: /home/HwHiAiUser/wheeltec_ros2/install/wheeltec_robot_urdf/share/ament_index/resource_index/packages/wheeltec_robot_urdf
[0.951s] -- Up-to-date: /home/HwHiAiUser/wheeltec_ros2/install/wheeltec_robot_urdf/share/wheeltec_robot_urdf/cmake/wheeltec_robot_urdfConfig.cmake
[0.951s] -- Up-to-date: /home/HwHiAiUser/wheeltec_ros2/install/wheeltec_robot_urdf/share/wheeltec_robot_urdf/cmake/wheeltec_robot_urdfConfig-version.cmake
[0.951s] -- Up-to-date: /home/HwHiAiUser/wheeltec_ros2/install/wheeltec_robot_urdf/share/wheeltec_robot_urdf/package.xml
[0.969s] Invoked command in '/home/HwHiAiUser/wheeltec_ros2/build/wheeltec_robot_urdf' returned '0': CMAKE_PREFIX_PATH=${CMAKE_PREFIX_PATH}:/home/HwHiAiUser/wheeltec_ros2/install/wheeltec_robot_keyboard:/home/HwHiAiUser/wheeltec_ros2/install/wheeltec_gpio_control:/home/HwHiAiUser/wheeltec_ros2/install/tf2_tools:/opt/ros/humble _=/usr/bin/env /usr/bin/cmake --install /home/HwHiAiUser/wheeltec_ros2/build/wheeltec_robot_urdf
