[0.110s] Invoking command in '/home/HwHiAiUser/wheeltec_ros2/build/astra_camera_msgs': CMAKE_PREFIX_PATH=${CMAKE_PREFIX_PATH}:/home/HwHiAiUser/wheeltec_ros2/install/wheeltec_robot_keyboard:/home/HwHiAiUser/wheeltec_ros2/install/wheeltec_gpio_control:/home/HwHiAiUser/wheeltec_ros2/install/tf2_tools:/opt/ros/humble _=/usr/bin/env /usr/bin/cmake --build /home/HwHiAiUser/wheeltec_ros2/build/astra_camera_msgs -- -j4 -l4
[0.323s] [  1%] Built target astra_camera_msgs__cpp
[0.575s] [  1%] Built target ament_cmake_python_copy_astra_camera_msgs
[0.738s] [ 12%] Built target astra_camera_msgs__rosidl_typesupport_fastrtps_cpp
[0.896s] [ 24%] Built target astra_camera_msgs__rosidl_typesupport_introspection_cpp
[2.795s] running egg_info
[2.798s] writing astra_camera_msgs.egg-info/PKG-INFO
[2.798s] writing dependency_links to astra_camera_msgs.egg-info/dependency_links.txt
[2.799s] writing top-level names to astra_camera_msgs.egg-info/top_level.txt
[2.810s] reading manifest file 'astra_camera_msgs.egg-info/SOURCES.txt'
[2.812s] writing manifest file 'astra_camera_msgs.egg-info/SOURCES.txt'
[3.086s] [ 24%] Built target ament_cmake_python_build_astra_camera_msgs_egg
[3.250s] [ 35%] Built target astra_camera_msgs__rosidl_typesupport_cpp
[3.434s] [ 47%] Built target astra_camera_msgs__rosidl_generator_c
[3.670s] [ 58%] Built target astra_camera_msgs__rosidl_typesupport_fastrtps_c
[3.765s] [ 70%] Built target astra_camera_msgs__rosidl_typesupport_c
[3.893s] [ 82%] Built target astra_camera_msgs__rosidl_typesupport_introspection_c
[4.027s] [ 82%] Built target astra_camera_msgs
[4.213s] [ 83%] Built target astra_camera_msgs__py
[4.361s] [ 93%] Built target astra_camera_msgs__rosidl_generator_py
[4.487s] [ 95%] Built target astra_camera_msgs__rosidl_typesupport_fastrtps_c__pyext
[4.584s] [ 97%] Built target astra_camera_msgs__rosidl_typesupport_c__pyext
[4.647s] [100%] Built target astra_camera_msgs__rosidl_typesupport_introspection_c__pyext
[4.721s] Invoked command in '/home/HwHiAiUser/wheeltec_ros2/build/astra_camera_msgs' returned '0': CMAKE_PREFIX_PATH=${CMAKE_PREFIX_PATH}:/home/HwHiAiUser/wheeltec_ros2/install/wheeltec_robot_keyboard:/home/HwHiAiUser/wheeltec_ros2/install/wheeltec_gpio_control:/home/HwHiAiUser/wheeltec_ros2/install/tf2_tools:/opt/ros/humble _=/usr/bin/env /usr/bin/cmake --build /home/HwHiAiUser/wheeltec_ros2/build/astra_camera_msgs -- -j4 -l4
[4.723s] Invoking command in '/home/HwHiAiUser/wheeltec_ros2/build/astra_camera_msgs': CMAKE_PREFIX_PATH=${CMAKE_PREFIX_PATH}:/home/HwHiAiUser/wheeltec_ros2/install/wheeltec_robot_keyboard:/home/HwHiAiUser/wheeltec_ros2/install/wheeltec_gpio_control:/home/HwHiAiUser/wheeltec_ros2/install/tf2_tools:/opt/ros/humble _=/usr/bin/env /usr/bin/cmake --install /home/HwHiAiUser/wheeltec_ros2/build/astra_camera_msgs
[4.923s] -- Install configuration: ""
[4.923s] -- Up-to-date: /home/HwHiAiUser/wheeltec_ros2/install/astra_camera_msgs/share/ament_index/resource_index/rosidl_interfaces/astra_camera_msgs
[4.926s] -- Up-to-date: /home/HwHiAiUser/wheeltec_ros2/install/astra_camera_msgs/include/astra_camera_msgs/astra_camera_msgs
[4.931s] -- Up-to-date: /home/HwHiAiUser/wheeltec_ros2/install/astra_camera_msgs/include/astra_camera_msgs/astra_camera_msgs/srv
[4.934s] -- Up-to-date: /home/HwHiAiUser/wheeltec_ros2/install/astra_camera_msgs/include/astra_camera_msgs/astra_camera_msgs/srv/detail
[4.935s] -- Up-to-date: /home/HwHiAiUser/wheeltec_ros2/install/astra_camera_msgs/include/astra_camera_msgs/astra_camera_msgs/srv/detail/get_int32__struct.h
[4.935s] -- Up-to-date: /home/HwHiAiUser/wheeltec_ros2/install/astra_camera_msgs/include/astra_camera_msgs/astra_camera_msgs/srv/detail/get_camera_info__functions.c
[4.936s] -- Up-to-date: /home/HwHiAiUser/wheeltec_ros2/install/astra_camera_msgs/include/astra_camera_msgs/astra_camera_msgs/srv/detail/set_int32__type_support.h
[4.936s] -- Up-to-date: /home/HwHiAiUser/wheeltec_ros2/install/astra_camera_msgs/include/astra_camera_msgs/astra_camera_msgs/srv/detail/set_int32__functions.h
[4.936s] -- Up-to-date: /home/HwHiAiUser/wheeltec_ros2/install/astra_camera_msgs/include/astra_camera_msgs/astra_camera_msgs/srv/detail/get_string__struct.h
[4.936s] -- Up-to-date: /home/HwHiAiUser/wheeltec_ros2/install/astra_camera_msgs/include/astra_camera_msgs/astra_camera_msgs/srv/detail/get_camera_params__struct.h
[4.936s] -- Up-to-date: /home/HwHiAiUser/wheeltec_ros2/install/astra_camera_msgs/include/astra_camera_msgs/astra_camera_msgs/srv/detail/get_camera_params__type_support.h
[4.937s] -- Up-to-date: /home/HwHiAiUser/wheeltec_ros2/install/astra_camera_msgs/include/astra_camera_msgs/astra_camera_msgs/srv/detail/get_camera_info__functions.h
[4.937s] -- Up-to-date: /home/HwHiAiUser/wheeltec_ros2/install/astra_camera_msgs/include/astra_camera_msgs/astra_camera_msgs/srv/detail/get_int32__functions.h
[4.941s] -- Up-to-date: /home/HwHiAiUser/wheeltec_ros2/install/astra_camera_msgs/include/astra_camera_msgs/astra_camera_msgs/srv/detail/get_int32__type_support.h
[4.942s] -- Up-to-date: /home/HwHiAiUser/wheeltec_ros2/install/astra_camera_msgs/include/astra_camera_msgs/astra_camera_msgs/srv/detail/get_camera_info__type_support.h
[4.944s] -- Up-to-date: /home/HwHiAiUser/wheeltec_ros2/install/astra_camera_msgs/include/astra_camera_msgs/astra_camera_msgs/srv/detail/get_string__functions.c
[4.947s] -- Up-to-date: /home/HwHiAiUser/wheeltec_ros2/install/astra_camera_msgs/include/astra_camera_msgs/astra_camera_msgs/srv/detail/get_int32__functions.c
[4.948s] -- Up-to-date: /home/HwHiAiUser/wheeltec_ros2/install/astra_camera_msgs/include/astra_camera_msgs/astra_camera_msgs/srv/detail/get_device_info__type_support.h
[4.950s] -- Up-to-date: /home/HwHiAiUser/wheeltec_ros2/install/astra_camera_msgs/include/astra_camera_msgs/astra_camera_msgs/srv/detail/get_device_info__functions.c
[4.951s] -- Up-to-date: /home/HwHiAiUser/wheeltec_ros2/install/astra_camera_msgs/include/astra_camera_msgs/astra_camera_msgs/srv/detail/get_string__type_support.h
[4.951s] -- Up-to-date: /home/HwHiAiUser/wheeltec_ros2/install/astra_camera_msgs/include/astra_camera_msgs/astra_camera_msgs/srv/detail/get_string__functions.h
[4.951s] -- Up-to-date: /home/HwHiAiUser/wheeltec_ros2/install/astra_camera_msgs/include/astra_camera_msgs/astra_camera_msgs/srv/detail/get_camera_params__functions.c
[4.951s] -- Up-to-date: /home/HwHiAiUser/wheeltec_ros2/install/astra_camera_msgs/include/astra_camera_msgs/astra_camera_msgs/srv/detail/get_camera_info__struct.h
[4.952s] -- Up-to-date: /home/HwHiAiUser/wheeltec_ros2/install/astra_camera_msgs/include/astra_camera_msgs/astra_camera_msgs/srv/detail/get_camera_params__functions.h
[4.952s] -- Up-to-date: /home/HwHiAiUser/wheeltec_ros2/install/astra_camera_msgs/include/astra_camera_msgs/astra_camera_msgs/srv/detail/get_device_info__struct.h
[4.952s] -- Up-to-date: /home/HwHiAiUser/wheeltec_ros2/install/astra_camera_msgs/include/astra_camera_msgs/astra_camera_msgs/srv/detail/get_device_info__functions.h
[4.958s] -- Up-to-date: /home/HwHiAiUser/wheeltec_ros2/install/astra_camera_msgs/include/astra_camera_msgs/astra_camera_msgs/srv/detail/set_int32__struct.h
[4.959s] -- Up-to-date: /home/HwHiAiUser/wheeltec_ros2/install/astra_camera_msgs/include/astra_camera_msgs/astra_camera_msgs/srv/detail/set_int32__functions.c
[4.959s] -- Up-to-date: /home/HwHiAiUser/wheeltec_ros2/install/astra_camera_msgs/include/astra_camera_msgs/astra_camera_msgs/srv/get_int32.h
[4.959s] -- Up-to-date: /home/HwHiAiUser/wheeltec_ros2/install/astra_camera_msgs/include/astra_camera_msgs/astra_camera_msgs/srv/get_string.h
[4.959s] -- Up-to-date: /home/HwHiAiUser/wheeltec_ros2/install/astra_camera_msgs/include/astra_camera_msgs/astra_camera_msgs/srv/set_int32.h
[4.960s] -- Up-to-date: /home/HwHiAiUser/wheeltec_ros2/install/astra_camera_msgs/include/astra_camera_msgs/astra_camera_msgs/srv/get_camera_params.h
[4.960s] -- Up-to-date: /home/HwHiAiUser/wheeltec_ros2/install/astra_camera_msgs/include/astra_camera_msgs/astra_camera_msgs/srv/get_device_info.h
[4.960s] -- Up-to-date: /home/HwHiAiUser/wheeltec_ros2/install/astra_camera_msgs/include/astra_camera_msgs/astra_camera_msgs/srv/get_camera_info.h
[4.960s] -- Up-to-date: /home/HwHiAiUser/wheeltec_ros2/install/astra_camera_msgs/include/astra_camera_msgs/astra_camera_msgs/msg
[4.961s] -- Up-to-date: /home/HwHiAiUser/wheeltec_ros2/install/astra_camera_msgs/include/astra_camera_msgs/astra_camera_msgs/msg/detail
[4.961s] -- Up-to-date: /home/HwHiAiUser/wheeltec_ros2/install/astra_camera_msgs/include/astra_camera_msgs/astra_camera_msgs/msg/detail/metadata__type_support.h
[4.961s] -- Up-to-date: /home/HwHiAiUser/wheeltec_ros2/install/astra_camera_msgs/include/astra_camera_msgs/astra_camera_msgs/msg/detail/metadata__functions.h
[4.966s] -- Up-to-date: /home/HwHiAiUser/wheeltec_ros2/install/astra_camera_msgs/include/astra_camera_msgs/astra_camera_msgs/msg/detail/metadata__functions.c
[4.967s] -- Up-to-date: /home/HwHiAiUser/wheeltec_ros2/install/astra_camera_msgs/include/astra_camera_msgs/astra_camera_msgs/msg/detail/device_info__functions.c
[4.967s] -- Up-to-date: /home/HwHiAiUser/wheeltec_ros2/install/astra_camera_msgs/include/astra_camera_msgs/astra_camera_msgs/msg/detail/device_info__struct.h
[4.967s] -- Up-to-date: /home/HwHiAiUser/wheeltec_ros2/install/astra_camera_msgs/include/astra_camera_msgs/astra_camera_msgs/msg/detail/extrinsics__struct.h
[4.967s] -- Up-to-date: /home/HwHiAiUser/wheeltec_ros2/install/astra_camera_msgs/include/astra_camera_msgs/astra_camera_msgs/msg/detail/device_info__type_support.h
[4.967s] -- Up-to-date: /home/HwHiAiUser/wheeltec_ros2/install/astra_camera_msgs/include/astra_camera_msgs/astra_camera_msgs/msg/detail/device_info__functions.h
[4.968s] -- Up-to-date: /home/HwHiAiUser/wheeltec_ros2/install/astra_camera_msgs/include/astra_camera_msgs/astra_camera_msgs/msg/detail/metadata__struct.h
[4.968s] -- Up-to-date: /home/HwHiAiUser/wheeltec_ros2/install/astra_camera_msgs/include/astra_camera_msgs/astra_camera_msgs/msg/detail/extrinsics__functions.c
[4.968s] -- Up-to-date: /home/HwHiAiUser/wheeltec_ros2/install/astra_camera_msgs/include/astra_camera_msgs/astra_camera_msgs/msg/detail/extrinsics__functions.h
[4.968s] -- Up-to-date: /home/HwHiAiUser/wheeltec_ros2/install/astra_camera_msgs/include/astra_camera_msgs/astra_camera_msgs/msg/detail/extrinsics__type_support.h
[4.969s] -- Up-to-date: /home/HwHiAiUser/wheeltec_ros2/install/astra_camera_msgs/include/astra_camera_msgs/astra_camera_msgs/msg/rosidl_generator_c__visibility_control.h
[4.969s] -- Up-to-date: /home/HwHiAiUser/wheeltec_ros2/install/astra_camera_msgs/include/astra_camera_msgs/astra_camera_msgs/msg/extrinsics.h
[4.969s] -- Up-to-date: /home/HwHiAiUser/wheeltec_ros2/install/astra_camera_msgs/include/astra_camera_msgs/astra_camera_msgs/msg/metadata.h
[4.980s] -- Up-to-date: /home/HwHiAiUser/wheeltec_ros2/install/astra_camera_msgs/include/astra_camera_msgs/astra_camera_msgs/msg/device_info.h
[4.981s] -- Up-to-date: /home/HwHiAiUser/wheeltec_ros2/install/astra_camera_msgs/share/astra_camera_msgs/environment/library_path.sh
[4.982s] -- Up-to-date: /home/HwHiAiUser/wheeltec_ros2/install/astra_camera_msgs/share/astra_camera_msgs/environment/library_path.dsv
[4.983s] -- Up-to-date: /home/HwHiAiUser/wheeltec_ros2/install/astra_camera_msgs/lib/libastra_camera_msgs__rosidl_generator_c.so
[4.983s] -- Up-to-date: /home/HwHiAiUser/wheeltec_ros2/install/astra_camera_msgs/include/astra_camera_msgs/astra_camera_msgs
[4.984s] -- Up-to-date: /home/HwHiAiUser/wheeltec_ros2/install/astra_camera_msgs/include/astra_camera_msgs/astra_camera_msgs/srv
[4.984s] -- Up-to-date: /home/HwHiAiUser/wheeltec_ros2/install/astra_camera_msgs/include/astra_camera_msgs/astra_camera_msgs/srv/detail
[4.984s] -- Up-to-date: /home/HwHiAiUser/wheeltec_ros2/install/astra_camera_msgs/include/astra_camera_msgs/astra_camera_msgs/srv/detail/get_device_info__rosidl_typesupport_fastrtps_c.h
[4.984s] -- Up-to-date: /home/HwHiAiUser/wheeltec_ros2/install/astra_camera_msgs/include/astra_camera_msgs/astra_camera_msgs/srv/detail/get_string__rosidl_typesupport_fastrtps_c.h
[4.985s] -- Up-to-date: /home/HwHiAiUser/wheeltec_ros2/install/astra_camera_msgs/include/astra_camera_msgs/astra_camera_msgs/srv/detail/get_int32__rosidl_typesupport_fastrtps_c.h
[4.985s] -- Up-to-date: /home/HwHiAiUser/wheeltec_ros2/install/astra_camera_msgs/include/astra_camera_msgs/astra_camera_msgs/srv/detail/set_int32__rosidl_typesupport_fastrtps_c.h
[4.990s] -- Up-to-date: /home/HwHiAiUser/wheeltec_ros2/install/astra_camera_msgs/include/astra_camera_msgs/astra_camera_msgs/srv/detail/get_camera_info__rosidl_typesupport_fastrtps_c.h
[4.991s] -- Up-to-date: /home/HwHiAiUser/wheeltec_ros2/install/astra_camera_msgs/include/astra_camera_msgs/astra_camera_msgs/srv/detail/get_camera_params__rosidl_typesupport_fastrtps_c.h
[4.991s] -- Up-to-date: /home/HwHiAiUser/wheeltec_ros2/install/astra_camera_msgs/include/astra_camera_msgs/astra_camera_msgs/msg
[4.991s] -- Up-to-date: /home/HwHiAiUser/wheeltec_ros2/install/astra_camera_msgs/include/astra_camera_msgs/astra_camera_msgs/msg/detail
[4.993s] -- Up-to-date: /home/HwHiAiUser/wheeltec_ros2/install/astra_camera_msgs/include/astra_camera_msgs/astra_camera_msgs/msg/detail/extrinsics__rosidl_typesupport_fastrtps_c.h
[4.995s] -- Up-to-date: /home/HwHiAiUser/wheeltec_ros2/install/astra_camera_msgs/include/astra_camera_msgs/astra_camera_msgs/msg/detail/device_info__rosidl_typesupport_fastrtps_c.h
[4.995s] -- Up-to-date: /home/HwHiAiUser/wheeltec_ros2/install/astra_camera_msgs/include/astra_camera_msgs/astra_camera_msgs/msg/detail/metadata__rosidl_typesupport_fastrtps_c.h
[4.998s] -- Up-to-date: /home/HwHiAiUser/wheeltec_ros2/install/astra_camera_msgs/include/astra_camera_msgs/astra_camera_msgs/msg/rosidl_typesupport_fastrtps_c__visibility_control.h
[5.006s] -- Up-to-date: /home/HwHiAiUser/wheeltec_ros2/install/astra_camera_msgs/lib/libastra_camera_msgs__rosidl_typesupport_fastrtps_c.so
[5.007s] -- Up-to-date: /home/HwHiAiUser/wheeltec_ros2/install/astra_camera_msgs/include/astra_camera_msgs/astra_camera_msgs
[5.007s] -- Up-to-date: /home/HwHiAiUser/wheeltec_ros2/install/astra_camera_msgs/include/astra_camera_msgs/astra_camera_msgs/srv
[5.007s] -- Up-to-date: /home/HwHiAiUser/wheeltec_ros2/install/astra_camera_msgs/include/astra_camera_msgs/astra_camera_msgs/srv/detail
[5.008s] -- Up-to-date: /home/HwHiAiUser/wheeltec_ros2/install/astra_camera_msgs/include/astra_camera_msgs/astra_camera_msgs/srv/detail/get_device_info__type_support.c
[5.008s] -- Up-to-date: /home/HwHiAiUser/wheeltec_ros2/install/astra_camera_msgs/include/astra_camera_msgs/astra_camera_msgs/srv/detail/get_camera_params__type_support.c
[5.008s] -- Up-to-date: /home/HwHiAiUser/wheeltec_ros2/install/astra_camera_msgs/include/astra_camera_msgs/astra_camera_msgs/srv/detail/get_string__rosidl_typesupport_introspection_c.h
[5.008s] -- Up-to-date: /home/HwHiAiUser/wheeltec_ros2/install/astra_camera_msgs/include/astra_camera_msgs/astra_camera_msgs/srv/detail/get_camera_info__rosidl_typesupport_introspection_c.h
[5.009s] -- Up-to-date: /home/HwHiAiUser/wheeltec_ros2/install/astra_camera_msgs/include/astra_camera_msgs/astra_camera_msgs/srv/detail/set_int32__rosidl_typesupport_introspection_c.h
[5.009s] -- Up-to-date: /home/HwHiAiUser/wheeltec_ros2/install/astra_camera_msgs/include/astra_camera_msgs/astra_camera_msgs/srv/detail/get_camera_info__type_support.c
[5.022s] -- Up-to-date: /home/HwHiAiUser/wheeltec_ros2/install/astra_camera_msgs/include/astra_camera_msgs/astra_camera_msgs/srv/detail/get_device_info__rosidl_typesupport_introspection_c.h
[5.025s] -- Up-to-date: /home/HwHiAiUser/wheeltec_ros2/install/astra_camera_msgs/include/astra_camera_msgs/astra_camera_msgs/srv/detail/set_int32__type_support.c
[5.027s] -- Up-to-date: /home/HwHiAiUser/wheeltec_ros2/install/astra_camera_msgs/include/astra_camera_msgs/astra_camera_msgs/srv/detail/get_string__type_support.c
[5.030s] -- Up-to-date: /home/HwHiAiUser/wheeltec_ros2/install/astra_camera_msgs/include/astra_camera_msgs/astra_camera_msgs/srv/detail/get_int32__type_support.c
[5.030s] -- Up-to-date: /home/HwHiAiUser/wheeltec_ros2/install/astra_camera_msgs/include/astra_camera_msgs/astra_camera_msgs/srv/detail/get_camera_params__rosidl_typesupport_introspection_c.h
[5.031s] -- Up-to-date: /home/HwHiAiUser/wheeltec_ros2/install/astra_camera_msgs/include/astra_camera_msgs/astra_camera_msgs/srv/detail/get_int32__rosidl_typesupport_introspection_c.h
[5.031s] -- Up-to-date: /home/HwHiAiUser/wheeltec_ros2/install/astra_camera_msgs/include/astra_camera_msgs/astra_camera_msgs/msg
[5.031s] -- Up-to-date: /home/HwHiAiUser/wheeltec_ros2/install/astra_camera_msgs/include/astra_camera_msgs/astra_camera_msgs/msg/detail
[5.031s] -- Up-to-date: /home/HwHiAiUser/wheeltec_ros2/install/astra_camera_msgs/include/astra_camera_msgs/astra_camera_msgs/msg/detail/extrinsics__type_support.c
[5.032s] -- Up-to-date: /home/HwHiAiUser/wheeltec_ros2/install/astra_camera_msgs/include/astra_camera_msgs/astra_camera_msgs/msg/detail/extrinsics__rosidl_typesupport_introspection_c.h
[5.032s] -- Up-to-date: /home/HwHiAiUser/wheeltec_ros2/install/astra_camera_msgs/include/astra_camera_msgs/astra_camera_msgs/msg/detail/device_info__rosidl_typesupport_introspection_c.h
[5.032s] -- Up-to-date: /home/HwHiAiUser/wheeltec_ros2/install/astra_camera_msgs/include/astra_camera_msgs/astra_camera_msgs/msg/detail/metadata__type_support.c
[5.032s] -- Up-to-date: /home/HwHiAiUser/wheeltec_ros2/install/astra_camera_msgs/include/astra_camera_msgs/astra_camera_msgs/msg/detail/device_info__type_support.c
[5.032s] -- Up-to-date: /home/HwHiAiUser/wheeltec_ros2/install/astra_camera_msgs/include/astra_camera_msgs/astra_camera_msgs/msg/detail/metadata__rosidl_typesupport_introspection_c.h
[5.033s] -- Up-to-date: /home/HwHiAiUser/wheeltec_ros2/install/astra_camera_msgs/include/astra_camera_msgs/astra_camera_msgs/msg/rosidl_typesupport_introspection_c__visibility_control.h
[5.033s] -- Up-to-date: /home/HwHiAiUser/wheeltec_ros2/install/astra_camera_msgs/lib/libastra_camera_msgs__rosidl_typesupport_introspection_c.so
[5.039s] -- Up-to-date: /home/HwHiAiUser/wheeltec_ros2/install/astra_camera_msgs/lib/libastra_camera_msgs__rosidl_typesupport_c.so
[5.045s] -- Up-to-date: /home/HwHiAiUser/wheeltec_ros2/install/astra_camera_msgs/include/astra_camera_msgs/astra_camera_msgs
[5.046s] -- Up-to-date: /home/HwHiAiUser/wheeltec_ros2/install/astra_camera_msgs/include/astra_camera_msgs/astra_camera_msgs/srv
[5.046s] -- Up-to-date: /home/HwHiAiUser/wheeltec_ros2/install/astra_camera_msgs/include/astra_camera_msgs/astra_camera_msgs/srv/detail
[5.046s] -- Up-to-date: /home/HwHiAiUser/wheeltec_ros2/install/astra_camera_msgs/include/astra_camera_msgs/astra_camera_msgs/srv/detail/get_device_info__type_support.hpp
[5.047s] -- Up-to-date: /home/HwHiAiUser/wheeltec_ros2/install/astra_camera_msgs/include/astra_camera_msgs/astra_camera_msgs/srv/detail/get_int32__type_support.hpp
[5.047s] -- Up-to-date: /home/HwHiAiUser/wheeltec_ros2/install/astra_camera_msgs/include/astra_camera_msgs/astra_camera_msgs/srv/detail/get_camera_info__builder.hpp
[5.047s] -- Up-to-date: /home/HwHiAiUser/wheeltec_ros2/install/astra_camera_msgs/include/astra_camera_msgs/astra_camera_msgs/srv/detail/get_int32__builder.hpp
[5.047s] -- Up-to-date: /home/HwHiAiUser/wheeltec_ros2/install/astra_camera_msgs/include/astra_camera_msgs/astra_camera_msgs/srv/detail/get_device_info__builder.hpp
[5.047s] -- Up-to-date: /home/HwHiAiUser/wheeltec_ros2/install/astra_camera_msgs/include/astra_camera_msgs/astra_camera_msgs/srv/detail/get_camera_params__builder.hpp
[5.048s] -- Up-to-date: /home/HwHiAiUser/wheeltec_ros2/install/astra_camera_msgs/include/astra_camera_msgs/astra_camera_msgs/srv/detail/get_string__builder.hpp
[5.048s] -- Up-to-date: /home/HwHiAiUser/wheeltec_ros2/install/astra_camera_msgs/include/astra_camera_msgs/astra_camera_msgs/srv/detail/get_int32__struct.hpp
[5.048s] -- Up-to-date: /home/HwHiAiUser/wheeltec_ros2/install/astra_camera_msgs/include/astra_camera_msgs/astra_camera_msgs/srv/detail/set_int32__type_support.hpp
[5.048s] -- Up-to-date: /home/HwHiAiUser/wheeltec_ros2/install/astra_camera_msgs/include/astra_camera_msgs/astra_camera_msgs/srv/detail/get_camera_params__traits.hpp
[5.048s] -- Up-to-date: /home/HwHiAiUser/wheeltec_ros2/install/astra_camera_msgs/include/astra_camera_msgs/astra_camera_msgs/srv/detail/get_camera_params__type_support.hpp
[5.049s] -- Up-to-date: /home/HwHiAiUser/wheeltec_ros2/install/astra_camera_msgs/include/astra_camera_msgs/astra_camera_msgs/srv/detail/get_device_info__traits.hpp
[5.070s] -- Up-to-date: /home/HwHiAiUser/wheeltec_ros2/install/astra_camera_msgs/include/astra_camera_msgs/astra_camera_msgs/srv/detail/set_int32__struct.hpp
[5.072s] -- Up-to-date: /home/HwHiAiUser/wheeltec_ros2/install/astra_camera_msgs/include/astra_camera_msgs/astra_camera_msgs/srv/detail/get_int32__traits.hpp
[5.078s] -- Up-to-date: /home/HwHiAiUser/wheeltec_ros2/install/astra_camera_msgs/include/astra_camera_msgs/astra_camera_msgs/srv/detail/set_int32__traits.hpp
[5.078s] -- Up-to-date: /home/HwHiAiUser/wheeltec_ros2/install/astra_camera_msgs/include/astra_camera_msgs/astra_camera_msgs/srv/detail/get_device_info__struct.hpp
[5.079s] -- Up-to-date: /home/HwHiAiUser/wheeltec_ros2/install/astra_camera_msgs/include/astra_camera_msgs/astra_camera_msgs/srv/detail/get_camera_params__struct.hpp
[5.079s] -- Up-to-date: /home/HwHiAiUser/wheeltec_ros2/install/astra_camera_msgs/include/astra_camera_msgs/astra_camera_msgs/srv/detail/get_string__struct.hpp
[5.079s] -- Up-to-date: /home/HwHiAiUser/wheeltec_ros2/install/astra_camera_msgs/include/astra_camera_msgs/astra_camera_msgs/srv/detail/get_string__traits.hpp
[5.079s] -- Up-to-date: /home/HwHiAiUser/wheeltec_ros2/install/astra_camera_msgs/include/astra_camera_msgs/astra_camera_msgs/srv/detail/set_int32__builder.hpp
[5.080s] -- Up-to-date: /home/HwHiAiUser/wheeltec_ros2/install/astra_camera_msgs/include/astra_camera_msgs/astra_camera_msgs/srv/detail/get_string__type_support.hpp
[5.080s] -- Up-to-date: /home/HwHiAiUser/wheeltec_ros2/install/astra_camera_msgs/include/astra_camera_msgs/astra_camera_msgs/srv/detail/get_camera_info__traits.hpp
[5.080s] -- Up-to-date: /home/HwHiAiUser/wheeltec_ros2/install/astra_camera_msgs/include/astra_camera_msgs/astra_camera_msgs/srv/detail/get_camera_info__struct.hpp
[5.081s] -- Up-to-date: /home/HwHiAiUser/wheeltec_ros2/install/astra_camera_msgs/include/astra_camera_msgs/astra_camera_msgs/srv/detail/get_camera_info__type_support.hpp
[5.081s] -- Up-to-date: /home/HwHiAiUser/wheeltec_ros2/install/astra_camera_msgs/include/astra_camera_msgs/astra_camera_msgs/srv/get_int32.hpp
[5.082s] -- Up-to-date: /home/HwHiAiUser/wheeltec_ros2/install/astra_camera_msgs/include/astra_camera_msgs/astra_camera_msgs/srv/get_string.hpp
[5.082s] -- Up-to-date: /home/HwHiAiUser/wheeltec_ros2/install/astra_camera_msgs/include/astra_camera_msgs/astra_camera_msgs/srv/get_camera_params.hpp
[5.083s] -- Up-to-date: /home/HwHiAiUser/wheeltec_ros2/install/astra_camera_msgs/include/astra_camera_msgs/astra_camera_msgs/srv/set_int32.hpp
[5.083s] -- Up-to-date: /home/HwHiAiUser/wheeltec_ros2/install/astra_camera_msgs/include/astra_camera_msgs/astra_camera_msgs/srv/get_device_info.hpp
[5.084s] -- Up-to-date: /home/HwHiAiUser/wheeltec_ros2/install/astra_camera_msgs/include/astra_camera_msgs/astra_camera_msgs/srv/get_camera_info.hpp
[5.087s] -- Up-to-date: /home/HwHiAiUser/wheeltec_ros2/install/astra_camera_msgs/include/astra_camera_msgs/astra_camera_msgs/msg
[5.088s] -- Up-to-date: /home/HwHiAiUser/wheeltec_ros2/install/astra_camera_msgs/include/astra_camera_msgs/astra_camera_msgs/msg/detail
[5.091s] -- Up-to-date: /home/HwHiAiUser/wheeltec_ros2/install/astra_camera_msgs/include/astra_camera_msgs/astra_camera_msgs/msg/detail/metadata__builder.hpp
[5.095s] -- Up-to-date: /home/HwHiAiUser/wheeltec_ros2/install/astra_camera_msgs/include/astra_camera_msgs/astra_camera_msgs/msg/detail/device_info__struct.hpp
[5.098s] -- Up-to-date: /home/HwHiAiUser/wheeltec_ros2/install/astra_camera_msgs/include/astra_camera_msgs/astra_camera_msgs/msg/detail/metadata__type_support.hpp
[5.108s] -- Up-to-date: /home/HwHiAiUser/wheeltec_ros2/install/astra_camera_msgs/include/astra_camera_msgs/astra_camera_msgs/msg/detail/device_info__type_support.hpp
[5.109s] -- Up-to-date: /home/HwHiAiUser/wheeltec_ros2/install/astra_camera_msgs/include/astra_camera_msgs/astra_camera_msgs/msg/detail/extrinsics__builder.hpp
[5.109s] -- Up-to-date: /home/HwHiAiUser/wheeltec_ros2/install/astra_camera_msgs/include/astra_camera_msgs/astra_camera_msgs/msg/detail/metadata__traits.hpp
[5.110s] -- Up-to-date: /home/HwHiAiUser/wheeltec_ros2/install/astra_camera_msgs/include/astra_camera_msgs/astra_camera_msgs/msg/detail/extrinsics__struct.hpp
[5.110s] -- Up-to-date: /home/HwHiAiUser/wheeltec_ros2/install/astra_camera_msgs/include/astra_camera_msgs/astra_camera_msgs/msg/detail/extrinsics__traits.hpp
[5.110s] -- Up-to-date: /home/HwHiAiUser/wheeltec_ros2/install/astra_camera_msgs/include/astra_camera_msgs/astra_camera_msgs/msg/detail/metadata__struct.hpp
[5.110s] -- Up-to-date: /home/HwHiAiUser/wheeltec_ros2/install/astra_camera_msgs/include/astra_camera_msgs/astra_camera_msgs/msg/detail/device_info__builder.hpp
[5.112s] -- Up-to-date: /home/HwHiAiUser/wheeltec_ros2/install/astra_camera_msgs/include/astra_camera_msgs/astra_camera_msgs/msg/detail/extrinsics__type_support.hpp
[5.118s] -- Up-to-date: /home/HwHiAiUser/wheeltec_ros2/install/astra_camera_msgs/include/astra_camera_msgs/astra_camera_msgs/msg/detail/device_info__traits.hpp
[5.120s] -- Up-to-date: /home/HwHiAiUser/wheeltec_ros2/install/astra_camera_msgs/include/astra_camera_msgs/astra_camera_msgs/msg/extrinsics.hpp
[5.123s] -- Up-to-date: /home/HwHiAiUser/wheeltec_ros2/install/astra_camera_msgs/include/astra_camera_msgs/astra_camera_msgs/msg/rosidl_generator_cpp__visibility_control.hpp
[5.123s] -- Up-to-date: /home/HwHiAiUser/wheeltec_ros2/install/astra_camera_msgs/include/astra_camera_msgs/astra_camera_msgs/msg/device_info.hpp
[5.124s] -- Up-to-date: /home/HwHiAiUser/wheeltec_ros2/install/astra_camera_msgs/include/astra_camera_msgs/astra_camera_msgs/msg/metadata.hpp
[5.132s] -- Up-to-date: /home/HwHiAiUser/wheeltec_ros2/install/astra_camera_msgs/include/astra_camera_msgs/astra_camera_msgs
[5.132s] -- Up-to-date: /home/HwHiAiUser/wheeltec_ros2/install/astra_camera_msgs/include/astra_camera_msgs/astra_camera_msgs/srv
[5.133s] -- Up-to-date: /home/HwHiAiUser/wheeltec_ros2/install/astra_camera_msgs/include/astra_camera_msgs/astra_camera_msgs/srv/detail
[5.134s] -- Up-to-date: /home/HwHiAiUser/wheeltec_ros2/install/astra_camera_msgs/include/astra_camera_msgs/astra_camera_msgs/srv/detail/set_int32__rosidl_typesupport_fastrtps_cpp.hpp
[5.134s] -- Up-to-date: /home/HwHiAiUser/wheeltec_ros2/install/astra_camera_msgs/include/astra_camera_msgs/astra_camera_msgs/srv/detail/dds_fastrtps
[5.135s] -- Up-to-date: /home/HwHiAiUser/wheeltec_ros2/install/astra_camera_msgs/include/astra_camera_msgs/astra_camera_msgs/srv/detail/get_device_info__rosidl_typesupport_fastrtps_cpp.hpp
[5.135s] -- Up-to-date: /home/HwHiAiUser/wheeltec_ros2/install/astra_camera_msgs/include/astra_camera_msgs/astra_camera_msgs/srv/detail/get_string__rosidl_typesupport_fastrtps_cpp.hpp
[5.136s] -- Up-to-date: /home/HwHiAiUser/wheeltec_ros2/install/astra_camera_msgs/include/astra_camera_msgs/astra_camera_msgs/srv/detail/get_int32__rosidl_typesupport_fastrtps_cpp.hpp
[5.137s] -- Up-to-date: /home/HwHiAiUser/wheeltec_ros2/install/astra_camera_msgs/include/astra_camera_msgs/astra_camera_msgs/srv/detail/get_camera_params__rosidl_typesupport_fastrtps_cpp.hpp
[5.140s] -- Up-to-date: /home/HwHiAiUser/wheeltec_ros2/install/astra_camera_msgs/include/astra_camera_msgs/astra_camera_msgs/srv/detail/get_camera_info__rosidl_typesupport_fastrtps_cpp.hpp
[5.145s] -- Up-to-date: /home/HwHiAiUser/wheeltec_ros2/install/astra_camera_msgs/include/astra_camera_msgs/astra_camera_msgs/msg
[5.153s] -- Up-to-date: /home/HwHiAiUser/wheeltec_ros2/install/astra_camera_msgs/include/astra_camera_msgs/astra_camera_msgs/msg/detail
[5.154s] -- Up-to-date: /home/HwHiAiUser/wheeltec_ros2/install/astra_camera_msgs/include/astra_camera_msgs/astra_camera_msgs/msg/detail/device_info__rosidl_typesupport_fastrtps_cpp.hpp
[5.154s] -- Up-to-date: /home/HwHiAiUser/wheeltec_ros2/install/astra_camera_msgs/include/astra_camera_msgs/astra_camera_msgs/msg/detail/dds_fastrtps
[5.155s] -- Up-to-date: /home/HwHiAiUser/wheeltec_ros2/install/astra_camera_msgs/include/astra_camera_msgs/astra_camera_msgs/msg/detail/extrinsics__rosidl_typesupport_fastrtps_cpp.hpp
[5.155s] -- Up-to-date: /home/HwHiAiUser/wheeltec_ros2/install/astra_camera_msgs/include/astra_camera_msgs/astra_camera_msgs/msg/detail/metadata__rosidl_typesupport_fastrtps_cpp.hpp
[5.158s] -- Up-to-date: /home/HwHiAiUser/wheeltec_ros2/install/astra_camera_msgs/include/astra_camera_msgs/astra_camera_msgs/msg/rosidl_typesupport_fastrtps_cpp__visibility_control.h
[5.159s] -- Up-to-date: /home/HwHiAiUser/wheeltec_ros2/install/astra_camera_msgs/lib/libastra_camera_msgs__rosidl_typesupport_fastrtps_cpp.so
[5.159s] -- Up-to-date: /home/HwHiAiUser/wheeltec_ros2/install/astra_camera_msgs/include/astra_camera_msgs/astra_camera_msgs
[5.159s] -- Up-to-date: /home/HwHiAiUser/wheeltec_ros2/install/astra_camera_msgs/include/astra_camera_msgs/astra_camera_msgs/srv
[5.160s] -- Up-to-date: /home/HwHiAiUser/wheeltec_ros2/install/astra_camera_msgs/include/astra_camera_msgs/astra_camera_msgs/srv/detail
[5.160s] -- Up-to-date: /home/HwHiAiUser/wheeltec_ros2/install/astra_camera_msgs/include/astra_camera_msgs/astra_camera_msgs/srv/detail/set_int32__rosidl_typesupport_introspection_cpp.hpp
[5.160s] -- Up-to-date: /home/HwHiAiUser/wheeltec_ros2/install/astra_camera_msgs/include/astra_camera_msgs/astra_camera_msgs/srv/detail/get_string__type_support.cpp
[5.160s] -- Up-to-date: /home/HwHiAiUser/wheeltec_ros2/install/astra_camera_msgs/include/astra_camera_msgs/astra_camera_msgs/srv/detail/get_device_info__type_support.cpp
[5.161s] -- Up-to-date: /home/HwHiAiUser/wheeltec_ros2/install/astra_camera_msgs/include/astra_camera_msgs/astra_camera_msgs/srv/detail/get_camera_info__type_support.cpp
[5.161s] -- Up-to-date: /home/HwHiAiUser/wheeltec_ros2/install/astra_camera_msgs/include/astra_camera_msgs/astra_camera_msgs/srv/detail/get_int32__rosidl_typesupport_introspection_cpp.hpp
[5.167s] -- Up-to-date: /home/HwHiAiUser/wheeltec_ros2/install/astra_camera_msgs/include/astra_camera_msgs/astra_camera_msgs/srv/detail/get_camera_params__rosidl_typesupport_introspection_cpp.hpp
[5.168s] -- Up-to-date: /home/HwHiAiUser/wheeltec_ros2/install/astra_camera_msgs/include/astra_camera_msgs/astra_camera_msgs/srv/detail/get_camera_params__type_support.cpp
[5.178s] -- Up-to-date: /home/HwHiAiUser/wheeltec_ros2/install/astra_camera_msgs/include/astra_camera_msgs/astra_camera_msgs/srv/detail/get_camera_info__rosidl_typesupport_introspection_cpp.hpp
[5.178s] -- Up-to-date: /home/HwHiAiUser/wheeltec_ros2/install/astra_camera_msgs/include/astra_camera_msgs/astra_camera_msgs/srv/detail/get_int32__type_support.cpp
[5.178s] -- Up-to-date: /home/HwHiAiUser/wheeltec_ros2/install/astra_camera_msgs/include/astra_camera_msgs/astra_camera_msgs/srv/detail/get_string__rosidl_typesupport_introspection_cpp.hpp
[5.182s] -- Up-to-date: /home/HwHiAiUser/wheeltec_ros2/install/astra_camera_msgs/include/astra_camera_msgs/astra_camera_msgs/srv/detail/get_device_info__rosidl_typesupport_introspection_cpp.hpp
[5.183s] -- Up-to-date: /home/HwHiAiUser/wheeltec_ros2/install/astra_camera_msgs/include/astra_camera_msgs/astra_camera_msgs/srv/detail/set_int32__type_support.cpp
[5.183s] -- Up-to-date: /home/HwHiAiUser/wheeltec_ros2/install/astra_camera_msgs/include/astra_camera_msgs/astra_camera_msgs/msg
[5.183s] -- Up-to-date: /home/HwHiAiUser/wheeltec_ros2/install/astra_camera_msgs/include/astra_camera_msgs/astra_camera_msgs/msg/detail
[5.183s] -- Up-to-date: /home/HwHiAiUser/wheeltec_ros2/install/astra_camera_msgs/include/astra_camera_msgs/astra_camera_msgs/msg/detail/extrinsics__rosidl_typesupport_introspection_cpp.hpp
[5.184s] -- Up-to-date: /home/HwHiAiUser/wheeltec_ros2/install/astra_camera_msgs/include/astra_camera_msgs/astra_camera_msgs/msg/detail/device_info__type_support.cpp
[5.184s] -- Up-to-date: /home/HwHiAiUser/wheeltec_ros2/install/astra_camera_msgs/include/astra_camera_msgs/astra_camera_msgs/msg/detail/device_info__rosidl_typesupport_introspection_cpp.hpp
[5.184s] -- Up-to-date: /home/HwHiAiUser/wheeltec_ros2/install/astra_camera_msgs/include/astra_camera_msgs/astra_camera_msgs/msg/detail/metadata__rosidl_typesupport_introspection_cpp.hpp
[5.184s] -- Up-to-date: /home/HwHiAiUser/wheeltec_ros2/install/astra_camera_msgs/include/astra_camera_msgs/astra_camera_msgs/msg/detail/extrinsics__type_support.cpp
[5.185s] -- Up-to-date: /home/HwHiAiUser/wheeltec_ros2/install/astra_camera_msgs/include/astra_camera_msgs/astra_camera_msgs/msg/detail/metadata__type_support.cpp
[5.185s] -- Up-to-date: /home/HwHiAiUser/wheeltec_ros2/install/astra_camera_msgs/lib/libastra_camera_msgs__rosidl_typesupport_introspection_cpp.so
[5.185s] -- Up-to-date: /home/HwHiAiUser/wheeltec_ros2/install/astra_camera_msgs/lib/libastra_camera_msgs__rosidl_typesupport_cpp.so
[5.195s] -- Up-to-date: /home/HwHiAiUser/wheeltec_ros2/install/astra_camera_msgs/share/astra_camera_msgs/environment/pythonpath.sh
[5.195s] -- Up-to-date: /home/HwHiAiUser/wheeltec_ros2/install/astra_camera_msgs/share/astra_camera_msgs/environment/pythonpath.dsv
[5.195s] -- Up-to-date: /home/HwHiAiUser/wheeltec_ros2/install/astra_camera_msgs/local/lib/python3.10/dist-packages/astra_camera_msgs-1.0.1-py3.10.egg-info
[5.196s] -- Installing: /home/HwHiAiUser/wheeltec_ros2/install/astra_camera_msgs/local/lib/python3.10/dist-packages/astra_camera_msgs-1.0.1-py3.10.egg-info/dependency_links.txt
[5.196s] -- Installing: /home/HwHiAiUser/wheeltec_ros2/install/astra_camera_msgs/local/lib/python3.10/dist-packages/astra_camera_msgs-1.0.1-py3.10.egg-info/SOURCES.txt
[5.196s] -- Installing: /home/HwHiAiUser/wheeltec_ros2/install/astra_camera_msgs/local/lib/python3.10/dist-packages/astra_camera_msgs-1.0.1-py3.10.egg-info/PKG-INFO
[5.196s] -- Installing: /home/HwHiAiUser/wheeltec_ros2/install/astra_camera_msgs/local/lib/python3.10/dist-packages/astra_camera_msgs-1.0.1-py3.10.egg-info/top_level.txt
[5.196s] -- Up-to-date: /home/HwHiAiUser/wheeltec_ros2/install/astra_camera_msgs/local/lib/python3.10/dist-packages/astra_camera_msgs
[5.196s] -- Up-to-date: /home/HwHiAiUser/wheeltec_ros2/install/astra_camera_msgs/local/lib/python3.10/dist-packages/astra_camera_msgs/__init__.py
[5.197s] -- Up-to-date: /home/HwHiAiUser/wheeltec_ros2/install/astra_camera_msgs/local/lib/python3.10/dist-packages/astra_camera_msgs/_astra_camera_msgs_s.ep.rosidl_typesupport_introspection_c.c
[5.197s] -- Up-to-date: /home/HwHiAiUser/wheeltec_ros2/install/astra_camera_msgs/local/lib/python3.10/dist-packages/astra_camera_msgs/astra_camera_msgs_s__rosidl_typesupport_introspection_c.cpython-310-aarch64-linux-gnu.so
[5.197s] -- Up-to-date: /home/HwHiAiUser/wheeltec_ros2/install/astra_camera_msgs/local/lib/python3.10/dist-packages/astra_camera_msgs/srv
[5.198s] -- Up-to-date: /home/HwHiAiUser/wheeltec_ros2/install/astra_camera_msgs/local/lib/python3.10/dist-packages/astra_camera_msgs/srv/_get_camera_params_s.c
[5.198s] -- Up-to-date: /home/HwHiAiUser/wheeltec_ros2/install/astra_camera_msgs/local/lib/python3.10/dist-packages/astra_camera_msgs/srv/__init__.py
[5.198s] -- Up-to-date: /home/HwHiAiUser/wheeltec_ros2/install/astra_camera_msgs/local/lib/python3.10/dist-packages/astra_camera_msgs/srv/_set_int32.py
[5.198s] -- Up-to-date: /home/HwHiAiUser/wheeltec_ros2/install/astra_camera_msgs/local/lib/python3.10/dist-packages/astra_camera_msgs/srv/_get_int32.py
[5.203s] -- Up-to-date: /home/HwHiAiUser/wheeltec_ros2/install/astra_camera_msgs/local/lib/python3.10/dist-packages/astra_camera_msgs/srv/_get_string.py
[5.203s] -- Up-to-date: /home/HwHiAiUser/wheeltec_ros2/install/astra_camera_msgs/local/lib/python3.10/dist-packages/astra_camera_msgs/srv/_set_int32_s.c
[5.203s] -- Up-to-date: /home/HwHiAiUser/wheeltec_ros2/install/astra_camera_msgs/local/lib/python3.10/dist-packages/astra_camera_msgs/srv/_get_camera_info.py
[5.204s] -- Up-to-date: /home/HwHiAiUser/wheeltec_ros2/install/astra_camera_msgs/local/lib/python3.10/dist-packages/astra_camera_msgs/srv/_get_device_info_s.c
[5.204s] -- Up-to-date: /home/HwHiAiUser/wheeltec_ros2/install/astra_camera_msgs/local/lib/python3.10/dist-packages/astra_camera_msgs/srv/_get_camera_params.py
[5.204s] -- Up-to-date: /home/HwHiAiUser/wheeltec_ros2/install/astra_camera_msgs/local/lib/python3.10/dist-packages/astra_camera_msgs/srv/_get_string_s.c
[5.204s] -- Up-to-date: /home/HwHiAiUser/wheeltec_ros2/install/astra_camera_msgs/local/lib/python3.10/dist-packages/astra_camera_msgs/srv/_get_device_info.py
[5.204s] -- Up-to-date: /home/HwHiAiUser/wheeltec_ros2/install/astra_camera_msgs/local/lib/python3.10/dist-packages/astra_camera_msgs/srv/_get_int32_s.c
[5.205s] -- Up-to-date: /home/HwHiAiUser/wheeltec_ros2/install/astra_camera_msgs/local/lib/python3.10/dist-packages/astra_camera_msgs/srv/_get_camera_info_s.c
[5.205s] -- Up-to-date: /home/HwHiAiUser/wheeltec_ros2/install/astra_camera_msgs/local/lib/python3.10/dist-packages/astra_camera_msgs/libastra_camera_msgs__rosidl_generator_py.so
[5.205s] -- Up-to-date: /home/HwHiAiUser/wheeltec_ros2/install/astra_camera_msgs/local/lib/python3.10/dist-packages/astra_camera_msgs/msg
[5.205s] -- Up-to-date: /home/HwHiAiUser/wheeltec_ros2/install/astra_camera_msgs/local/lib/python3.10/dist-packages/astra_camera_msgs/msg/__init__.py
[5.206s] -- Up-to-date: /home/HwHiAiUser/wheeltec_ros2/install/astra_camera_msgs/local/lib/python3.10/dist-packages/astra_camera_msgs/msg/_device_info_s.c
[5.206s] -- Up-to-date: /home/HwHiAiUser/wheeltec_ros2/install/astra_camera_msgs/local/lib/python3.10/dist-packages/astra_camera_msgs/msg/_metadata_s.c
[5.206s] -- Up-to-date: /home/HwHiAiUser/wheeltec_ros2/install/astra_camera_msgs/local/lib/python3.10/dist-packages/astra_camera_msgs/msg/_extrinsics_s.c
[5.214s] -- Up-to-date: /home/HwHiAiUser/wheeltec_ros2/install/astra_camera_msgs/local/lib/python3.10/dist-packages/astra_camera_msgs/msg/_extrinsics.py
[5.215s] -- Up-to-date: /home/HwHiAiUser/wheeltec_ros2/install/astra_camera_msgs/local/lib/python3.10/dist-packages/astra_camera_msgs/msg/_metadata.py
[5.215s] -- Up-to-date: /home/HwHiAiUser/wheeltec_ros2/install/astra_camera_msgs/local/lib/python3.10/dist-packages/astra_camera_msgs/msg/_device_info.py
[5.216s] -- Up-to-date: /home/HwHiAiUser/wheeltec_ros2/install/astra_camera_msgs/local/lib/python3.10/dist-packages/astra_camera_msgs/_astra_camera_msgs_s.ep.rosidl_typesupport_c.c
[5.216s] -- Up-to-date: /home/HwHiAiUser/wheeltec_ros2/install/astra_camera_msgs/local/lib/python3.10/dist-packages/astra_camera_msgs/astra_camera_msgs_s__rosidl_typesupport_fastrtps_c.cpython-310-aarch64-linux-gnu.so
[5.216s] -- Up-to-date: /home/HwHiAiUser/wheeltec_ros2/install/astra_camera_msgs/local/lib/python3.10/dist-packages/astra_camera_msgs/_astra_camera_msgs_s.ep.rosidl_typesupport_fastrtps_c.c
[5.216s] -- Up-to-date: /home/HwHiAiUser/wheeltec_ros2/install/astra_camera_msgs/local/lib/python3.10/dist-packages/astra_camera_msgs/astra_camera_msgs_s__rosidl_typesupport_c.cpython-310-aarch64-linux-gnu.so
[5.522s] Listing '/home/HwHiAiUser/wheeltec_ros2/install/astra_camera_msgs/local/lib/python3.10/dist-packages/astra_camera_msgs'...
[5.523s] Listing '/home/HwHiAiUser/wheeltec_ros2/install/astra_camera_msgs/local/lib/python3.10/dist-packages/astra_camera_msgs/msg'...
[5.523s] Listing '/home/HwHiAiUser/wheeltec_ros2/install/astra_camera_msgs/local/lib/python3.10/dist-packages/astra_camera_msgs/srv'...
[5.696s] -- Up-to-date: /home/HwHiAiUser/wheeltec_ros2/install/astra_camera_msgs/local/lib/python3.10/dist-packages/astra_camera_msgs/astra_camera_msgs_s__rosidl_typesupport_fastrtps_c.cpython-310-aarch64-linux-gnu.so
[5.697s] -- Up-to-date: /home/HwHiAiUser/wheeltec_ros2/install/astra_camera_msgs/local/lib/python3.10/dist-packages/astra_camera_msgs/astra_camera_msgs_s__rosidl_typesupport_introspection_c.cpython-310-aarch64-linux-gnu.so
[5.697s] -- Up-to-date: /home/HwHiAiUser/wheeltec_ros2/install/astra_camera_msgs/local/lib/python3.10/dist-packages/astra_camera_msgs/astra_camera_msgs_s__rosidl_typesupport_c.cpython-310-aarch64-linux-gnu.so
[5.697s] -- Up-to-date: /home/HwHiAiUser/wheeltec_ros2/install/astra_camera_msgs/lib/libastra_camera_msgs__rosidl_generator_py.so
[5.698s] -- Up-to-date: /home/HwHiAiUser/wheeltec_ros2/install/astra_camera_msgs/share/astra_camera_msgs/msg/DeviceInfo.idl
[5.699s] -- Up-to-date: /home/HwHiAiUser/wheeltec_ros2/install/astra_camera_msgs/share/astra_camera_msgs/msg/Extrinsics.idl
[5.699s] -- Up-to-date: /home/HwHiAiUser/wheeltec_ros2/install/astra_camera_msgs/share/astra_camera_msgs/msg/Metadata.idl
[5.699s] -- Up-to-date: /home/HwHiAiUser/wheeltec_ros2/install/astra_camera_msgs/share/astra_camera_msgs/srv/GetDeviceInfo.idl
[5.699s] -- Up-to-date: /home/HwHiAiUser/wheeltec_ros2/install/astra_camera_msgs/share/astra_camera_msgs/srv/GetCameraInfo.idl
[5.699s] -- Up-to-date: /home/HwHiAiUser/wheeltec_ros2/install/astra_camera_msgs/share/astra_camera_msgs/srv/GetCameraParams.idl
[5.700s] -- Up-to-date: /home/HwHiAiUser/wheeltec_ros2/install/astra_camera_msgs/share/astra_camera_msgs/srv/GetInt32.idl
[5.700s] -- Up-to-date: /home/HwHiAiUser/wheeltec_ros2/install/astra_camera_msgs/share/astra_camera_msgs/srv/GetString.idl
[5.700s] -- Up-to-date: /home/HwHiAiUser/wheeltec_ros2/install/astra_camera_msgs/share/astra_camera_msgs/srv/SetInt32.idl
[5.700s] -- Up-to-date: /home/HwHiAiUser/wheeltec_ros2/install/astra_camera_msgs/share/astra_camera_msgs/msg/DeviceInfo.msg
[5.701s] -- Up-to-date: /home/HwHiAiUser/wheeltec_ros2/install/astra_camera_msgs/share/astra_camera_msgs/msg/Extrinsics.msg
[5.701s] -- Up-to-date: /home/HwHiAiUser/wheeltec_ros2/install/astra_camera_msgs/share/astra_camera_msgs/msg/Metadata.msg
[5.701s] -- Up-to-date: /home/HwHiAiUser/wheeltec_ros2/install/astra_camera_msgs/share/astra_camera_msgs/srv/GetDeviceInfo.srv
[5.701s] -- Up-to-date: /home/HwHiAiUser/wheeltec_ros2/install/astra_camera_msgs/share/astra_camera_msgs/srv/GetDeviceInfo_Request.msg
[5.702s] -- Up-to-date: /home/HwHiAiUser/wheeltec_ros2/install/astra_camera_msgs/share/astra_camera_msgs/srv/GetDeviceInfo_Response.msg
[5.702s] -- Up-to-date: /home/HwHiAiUser/wheeltec_ros2/install/astra_camera_msgs/share/astra_camera_msgs/srv/GetCameraInfo.srv
[5.718s] -- Up-to-date: /home/HwHiAiUser/wheeltec_ros2/install/astra_camera_msgs/share/astra_camera_msgs/srv/GetCameraInfo_Request.msg
[5.719s] -- Up-to-date: /home/HwHiAiUser/wheeltec_ros2/install/astra_camera_msgs/share/astra_camera_msgs/srv/GetCameraInfo_Response.msg
[5.719s] -- Up-to-date: /home/HwHiAiUser/wheeltec_ros2/install/astra_camera_msgs/share/astra_camera_msgs/srv/GetCameraParams.srv
[5.719s] -- Up-to-date: /home/HwHiAiUser/wheeltec_ros2/install/astra_camera_msgs/share/astra_camera_msgs/srv/GetCameraParams_Request.msg
[5.719s] -- Up-to-date: /home/HwHiAiUser/wheeltec_ros2/install/astra_camera_msgs/share/astra_camera_msgs/srv/GetCameraParams_Response.msg
[5.719s] -- Up-to-date: /home/HwHiAiUser/wheeltec_ros2/install/astra_camera_msgs/share/astra_camera_msgs/srv/GetInt32.srv
[5.720s] -- Up-to-date: /home/HwHiAiUser/wheeltec_ros2/install/astra_camera_msgs/share/astra_camera_msgs/srv/GetInt32_Request.msg
[5.720s] -- Up-to-date: /home/HwHiAiUser/wheeltec_ros2/install/astra_camera_msgs/share/astra_camera_msgs/srv/GetInt32_Response.msg
[5.720s] -- Up-to-date: /home/HwHiAiUser/wheeltec_ros2/install/astra_camera_msgs/share/astra_camera_msgs/srv/GetString.srv
[5.720s] -- Up-to-date: /home/HwHiAiUser/wheeltec_ros2/install/astra_camera_msgs/share/astra_camera_msgs/srv/GetString_Request.msg
[5.725s] -- Up-to-date: /home/HwHiAiUser/wheeltec_ros2/install/astra_camera_msgs/share/astra_camera_msgs/srv/GetString_Response.msg
[5.732s] -- Up-to-date: /home/HwHiAiUser/wheeltec_ros2/install/astra_camera_msgs/share/astra_camera_msgs/srv/SetInt32.srv
[5.732s] -- Up-to-date: /home/HwHiAiUser/wheeltec_ros2/install/astra_camera_msgs/share/astra_camera_msgs/srv/SetInt32_Request.msg
[5.733s] -- Up-to-date: /home/HwHiAiUser/wheeltec_ros2/install/astra_camera_msgs/share/astra_camera_msgs/srv/SetInt32_Response.msg
[5.733s] -- Up-to-date: /home/HwHiAiUser/wheeltec_ros2/install/astra_camera_msgs/share/ament_index/resource_index/package_run_dependencies/astra_camera_msgs
[5.734s] -- Up-to-date: /home/HwHiAiUser/wheeltec_ros2/install/astra_camera_msgs/share/ament_index/resource_index/parent_prefix_path/astra_camera_msgs
[5.734s] -- Up-to-date: /home/HwHiAiUser/wheeltec_ros2/install/astra_camera_msgs/share/astra_camera_msgs/environment/ament_prefix_path.sh
[5.734s] -- Up-to-date: /home/HwHiAiUser/wheeltec_ros2/install/astra_camera_msgs/share/astra_camera_msgs/environment/ament_prefix_path.dsv
[5.735s] -- Up-to-date: /home/HwHiAiUser/wheeltec_ros2/install/astra_camera_msgs/share/astra_camera_msgs/environment/path.sh
[5.737s] -- Up-to-date: /home/HwHiAiUser/wheeltec_ros2/install/astra_camera_msgs/share/astra_camera_msgs/environment/path.dsv
[5.744s] -- Up-to-date: /home/HwHiAiUser/wheeltec_ros2/install/astra_camera_msgs/share/astra_camera_msgs/local_setup.bash
[5.744s] -- Up-to-date: /home/HwHiAiUser/wheeltec_ros2/install/astra_camera_msgs/share/astra_camera_msgs/local_setup.sh
[5.745s] -- Up-to-date: /home/HwHiAiUser/wheeltec_ros2/install/astra_camera_msgs/share/astra_camera_msgs/local_setup.zsh
[5.745s] -- Up-to-date: /home/HwHiAiUser/wheeltec_ros2/install/astra_camera_msgs/share/astra_camera_msgs/local_setup.dsv
[5.746s] -- Installing: /home/HwHiAiUser/wheeltec_ros2/install/astra_camera_msgs/share/astra_camera_msgs/package.dsv
[5.746s] -- Up-to-date: /home/HwHiAiUser/wheeltec_ros2/install/astra_camera_msgs/share/ament_index/resource_index/packages/astra_camera_msgs
[5.746s] -- Up-to-date: /home/HwHiAiUser/wheeltec_ros2/install/astra_camera_msgs/share/astra_camera_msgs/cmake/export_astra_camera_msgs__rosidl_generator_cExport.cmake
[5.756s] -- Up-to-date: /home/HwHiAiUser/wheeltec_ros2/install/astra_camera_msgs/share/astra_camera_msgs/cmake/export_astra_camera_msgs__rosidl_generator_cExport-noconfig.cmake
[5.757s] -- Up-to-date: /home/HwHiAiUser/wheeltec_ros2/install/astra_camera_msgs/share/astra_camera_msgs/cmake/export_astra_camera_msgs__rosidl_typesupport_fastrtps_cExport.cmake
[5.757s] -- Up-to-date: /home/HwHiAiUser/wheeltec_ros2/install/astra_camera_msgs/share/astra_camera_msgs/cmake/export_astra_camera_msgs__rosidl_typesupport_fastrtps_cExport-noconfig.cmake
[5.757s] -- Up-to-date: /home/HwHiAiUser/wheeltec_ros2/install/astra_camera_msgs/share/astra_camera_msgs/cmake/astra_camera_msgs__rosidl_typesupport_introspection_cExport.cmake
[5.758s] -- Up-to-date: /home/HwHiAiUser/wheeltec_ros2/install/astra_camera_msgs/share/astra_camera_msgs/cmake/astra_camera_msgs__rosidl_typesupport_introspection_cExport-noconfig.cmake
[5.758s] -- Up-to-date: /home/HwHiAiUser/wheeltec_ros2/install/astra_camera_msgs/share/astra_camera_msgs/cmake/astra_camera_msgs__rosidl_typesupport_cExport.cmake
[5.758s] -- Up-to-date: /home/HwHiAiUser/wheeltec_ros2/install/astra_camera_msgs/share/astra_camera_msgs/cmake/astra_camera_msgs__rosidl_typesupport_cExport-noconfig.cmake
[5.758s] -- Up-to-date: /home/HwHiAiUser/wheeltec_ros2/install/astra_camera_msgs/share/astra_camera_msgs/cmake/export_astra_camera_msgs__rosidl_generator_cppExport.cmake
[5.758s] -- Up-to-date: /home/HwHiAiUser/wheeltec_ros2/install/astra_camera_msgs/share/astra_camera_msgs/cmake/export_astra_camera_msgs__rosidl_typesupport_fastrtps_cppExport.cmake
[5.759s] -- Up-to-date: /home/HwHiAiUser/wheeltec_ros2/install/astra_camera_msgs/share/astra_camera_msgs/cmake/export_astra_camera_msgs__rosidl_typesupport_fastrtps_cppExport-noconfig.cmake
[5.759s] -- Up-to-date: /home/HwHiAiUser/wheeltec_ros2/install/astra_camera_msgs/share/astra_camera_msgs/cmake/astra_camera_msgs__rosidl_typesupport_introspection_cppExport.cmake
[5.759s] -- Up-to-date: /home/HwHiAiUser/wheeltec_ros2/install/astra_camera_msgs/share/astra_camera_msgs/cmake/astra_camera_msgs__rosidl_typesupport_introspection_cppExport-noconfig.cmake
[5.759s] -- Up-to-date: /home/HwHiAiUser/wheeltec_ros2/install/astra_camera_msgs/share/astra_camera_msgs/cmake/astra_camera_msgs__rosidl_typesupport_cppExport.cmake
[5.759s] -- Up-to-date: /home/HwHiAiUser/wheeltec_ros2/install/astra_camera_msgs/share/astra_camera_msgs/cmake/astra_camera_msgs__rosidl_typesupport_cppExport-noconfig.cmake
[5.759s] -- Up-to-date: /home/HwHiAiUser/wheeltec_ros2/install/astra_camera_msgs/share/astra_camera_msgs/cmake/export_astra_camera_msgs__rosidl_generator_pyExport.cmake
[5.760s] -- Up-to-date: /home/HwHiAiUser/wheeltec_ros2/install/astra_camera_msgs/share/astra_camera_msgs/cmake/export_astra_camera_msgs__rosidl_generator_pyExport-noconfig.cmake
[5.760s] -- Up-to-date: /home/HwHiAiUser/wheeltec_ros2/install/astra_camera_msgs/share/astra_camera_msgs/cmake/rosidl_cmake-extras.cmake
[5.760s] -- Up-to-date: /home/HwHiAiUser/wheeltec_ros2/install/astra_camera_msgs/share/astra_camera_msgs/cmake/ament_cmake_export_dependencies-extras.cmake
[5.760s] -- Up-to-date: /home/HwHiAiUser/wheeltec_ros2/install/astra_camera_msgs/share/astra_camera_msgs/cmake/ament_cmake_export_include_directories-extras.cmake
[5.760s] -- Up-to-date: /home/HwHiAiUser/wheeltec_ros2/install/astra_camera_msgs/share/astra_camera_msgs/cmake/ament_cmake_export_libraries-extras.cmake
[5.761s] -- Up-to-date: /home/HwHiAiUser/wheeltec_ros2/install/astra_camera_msgs/share/astra_camera_msgs/cmake/ament_cmake_export_targets-extras.cmake
[5.761s] -- Up-to-date: /home/HwHiAiUser/wheeltec_ros2/install/astra_camera_msgs/share/astra_camera_msgs/cmake/rosidl_cmake_export_typesupport_targets-extras.cmake
[5.761s] -- Up-to-date: /home/HwHiAiUser/wheeltec_ros2/install/astra_camera_msgs/share/astra_camera_msgs/cmake/rosidl_cmake_export_typesupport_libraries-extras.cmake
[5.762s] -- Up-to-date: /home/HwHiAiUser/wheeltec_ros2/install/astra_camera_msgs/share/astra_camera_msgs/cmake/astra_camera_msgsConfig.cmake
[5.762s] -- Up-to-date: /home/HwHiAiUser/wheeltec_ros2/install/astra_camera_msgs/share/astra_camera_msgs/cmake/astra_camera_msgsConfig-version.cmake
[5.762s] -- Up-to-date: /home/HwHiAiUser/wheeltec_ros2/install/astra_camera_msgs/share/astra_camera_msgs/package.xml
[5.930s] Invoked command in '/home/HwHiAiUser/wheeltec_ros2/build/astra_camera_msgs' returned '0': CMAKE_PREFIX_PATH=${CMAKE_PREFIX_PATH}:/home/HwHiAiUser/wheeltec_ros2/install/wheeltec_robot_keyboard:/home/HwHiAiUser/wheeltec_ros2/install/wheeltec_gpio_control:/home/HwHiAiUser/wheeltec_ros2/install/tf2_tools:/opt/ros/humble _=/usr/bin/env /usr/bin/cmake --install /home/HwHiAiUser/wheeltec_ros2/build/astra_camera_msgs
