[0.082s] Invoking command in '/home/HwHiAiUser/wheeltec_ros2/build/turn_on_wheeltec_robot': CMAKE_PREFIX_PATH=/home/HwHiAiUser/wheeltec_ros2/install/wheeltec_robot_msg:/home/HwHiAiUser/wheeltec_ros2/install/serial:/home/HwHiAiUser/wheeltec_ros2/install/ackermann_msgs:/home/HwHiAiUser/wheeltec_ros2/install/yesense_std_ros2:/home/HwHiAiUser/wheeltec_ros2/install/yesense_interface:/home/HwHiAiUser/wheeltec_ros2/install/wheeltec_rviz2:/home/HwHiAiUser/wheeltec_ros2/install/wheeltec_robot_urdf:/home/HwHiAiUser/wheeltec_ros2/install/turn_on_wheeltec_robot:/home/HwHiAiUser/wheeltec_ros2/install/web_video_server:/home/HwHiAiUser/wheeltec_ros2/install/usb_cam:/home/HwHiAiUser/wheeltec_ros2/install/rplidar_ros:/home/HwHiAiUser/wheeltec_ros2/install/lslidar_driver:/home/HwHiAiUser/wheeltec_ros2/install/lslidar_msgs:/home/HwHiAiUser/wheeltec_ros2/install/ldlidar_stl_ros2:/home/HwHiAiUser/wheeltec_ros2/install/ldlidar_sl_ros2:/home/HwHiAiUser/wheeltec_ros2/install/ldlidar:/home/HwHiAiUser/wheeltec_ros2/install/wheeltec_robot_keyboard:/home/HwHiAiUser/wheeltec_ros2/install/tf2_tools:/opt/ros/humble LD_LIBRARY_PATH=/home/HwHiAiUser/wheeltec_ros2/install/wheeltec_robot_msg/lib:/home/HwHiAiUser/wheeltec_ros2/install/ackermann_msgs/lib:/usr/local/Ascend/ascend-toolkit/latest/tools/aml/lib64:/usr/local/Ascend/ascend-toolkit/latest/tools/aml/lib64/plugin:/usr/local/Ascend/ascend-toolkit/latest/lib64:/usr/local/Ascend/ascend-toolkit/latest/lib64/plugin/opskernel:/usr/local/Ascend/ascend-toolkit/latest/lib64/plugin/nnengine:/usr/local/Ascend/ascend-toolkit/latest/opp/built-in/op_impl/ai_core/tbe/op_tiling/lib/linux/aarch64:/lib64:/var/davinci/driver/lib64:/var/davinci/driver/lib64/common:/var/davinci/driver/lib64/driver:/usr/local/Ascend/ascend-toolkit/laster/runtime/lib64/stub/aarch64:/usr/local/Ascend/ascend-toolkit/laster/lib64:/usr/local/Ascend/ascend-toolkit/laster/lib64/plugin/opskernel:/usr/local/Ascend/ascend-toolkit/laster/lib64/plugin/nnengine:/usr/local/Ascend/ascend-toolkit/laster/opp/built-in/op_impl/ai_core/tbe/op_tiling:/usr/local/Ascend/driver/lib64:/var/davinci/driver/lib64:/var/davinci/driver/lib64/common:/var/davinci/driver/lib64/driver:/home/HwHiAiUser/wheeltec_ros2/install/yesense_interface/lib:/home/HwHiAiUser/wheeltec_ros2/install/turn_on_wheeltec_robot/lib:/home/HwHiAiUser/wheeltec_ros2/install/usb_cam/lib:/home/HwHiAiUser/wheeltec_ros2/install/serial/lib:/home/HwHiAiUser/wheeltec_ros2/install/lslidar_msgs/lib:/opt/ros/humble/opt/rviz_ogre_vendor/lib:/opt/ros/humble/lib/aarch64-linux-gnu:/opt/ros/humble/lib:/usr/local/Ascend/ascend-toolkit/latest/tools/aml/lib64:/usr/local/Ascend/ascend-toolkit/latest/tools/aml/lib64/plugin:/usr/local/Ascend/ascend-toolkit/latest/lib64:/usr/local/Ascend/ascend-toolkit/latest/lib64/plugin/opskernel:/usr/local/Ascend/ascend-toolkit/latest/lib64/plugin/nnengine:/usr/local/Ascend/ascend-toolkit/latest/opp/built-in/op_impl/ai_core/tbe/op_tiling/lib/linux/aarch64:/lib64:/var/davinci/driver/lib64:/var/davinci/driver/lib64/common:/var/davinci/driver/lib64/driver:/usr/local/Ascend/ascend-toolkit/laster/runtime/lib64/stub/aarch64:/usr/local/Ascend/ascend-toolkit/laster/lib64:/usr/local/Ascend/ascend-toolkit/laster/lib64/plugin/opskernel:/usr/local/Ascend/ascend-toolkit/laster/lib64/plugin/nnengine:/usr/local/Ascend/ascend-toolkit/laster/opp/built-in/op_impl/ai_core/tbe/op_tiling:/usr/local/Ascend/driver/lib64:/var/davinci/driver/lib64:/var/davinci/driver/lib64/common:/var/davinci/driver/lib64/driver:/usr/local/Ascend/ascend-toolkit/laster/runtime/lib64/stub/aarch64:/usr/local/Ascend/ascend-toolkit/laster/lib64:/usr/local/Ascend/ascend-toolkit/laster/lib64/plugin/opskernel:/usr/local/Ascend/ascend-toolkit/laster/lib64/plugin/nnengine:/usr/local/Ascend/ascend-toolkit/laster/opp/built-in/op_impl/ai_core/tbe/op_tiling:/usr/local/Ascend/driver/lib64:/var/davinci/driver/lib64:/var/davinci/driver/lib64/common:/var/davinci/driver/lib64/driver _=/usr/bin/env /usr/bin/cmake /home/HwHiAiUser/wheeltec_ros2/src/turn_on_wheeltec_robot -DCMAKE_BUILD_TYPE=Release -DCMAKE_INSTALL_PREFIX=/home/HwHiAiUser/wheeltec_ros2/install/turn_on_wheeltec_robot
[0.201s] -- Found ament_cmake: 1.3.12 (/opt/ros/humble/share/ament_cmake/cmake)
[0.632s] -- Found geometry_msgs: 4.9.0 (/opt/ros/humble/share/geometry_msgs/cmake)
[0.711s] -- Found rosidl_generator_c: 3.1.7 (/opt/ros/humble/share/rosidl_generator_c/cmake)
[0.719s] -- Found rosidl_adapter: 3.1.7 (/opt/ros/humble/share/rosidl_adapter/cmake)
[0.739s] -- Found rosidl_generator_cpp: 3.1.7 (/opt/ros/humble/share/rosidl_generator_cpp/cmake)
[0.772s] -- Using all available rosidl_typesupport_c: rosidl_typesupport_fastrtps_c;rosidl_typesupport_introspection_c
[0.811s] -- Using all available rosidl_typesupport_cpp: rosidl_typesupport_fastrtps_cpp;rosidl_typesupport_introspection_cpp
[0.924s] -- Found tf2_geometry_msgs: 0.25.16 (/opt/ros/humble/share/tf2_geometry_msgs/cmake)
[0.939s] -- Found eigen3_cmake_module: 0.1.1 (/opt/ros/humble/share/eigen3_cmake_module/cmake)
[0.943s] -- Ensuring Eigen3 include directory is part of orocos-kdl CMake target
[1.111s] -- Found rmw_implementation_cmake: 6.1.2 (/opt/ros/humble/share/rmw_implementation_cmake/cmake)
[1.117s] -- Found rmw_fastrtps_cpp: 6.2.9 (/opt/ros/humble/share/rmw_fastrtps_cpp/cmake)
[1.368s] -- Using RMW implementation 'rmw_fastrtps_cpp' as default
[1.676s] -- Found turtlesim: 1.4.3 (/opt/ros/humble/share/turtlesim/cmake)
[1.718s] -- Found nav2_msgs: 1.1.19 (/opt/ros/humble/share/nav2_msgs/cmake)
[1.841s] -- Found rclpy: 3.3.17 (/opt/ros/humble/share/rclpy/cmake)
[1.841s] -- Found sensor_msgs: 4.9.0 (/opt/ros/humble/share/sensor_msgs/cmake)
[1.893s] -- Found std_srvs: 4.9.0 (/opt/ros/humble/share/std_srvs/cmake)
[1.922s] -- Found wheeltec_robot_msg: 0.0.0 (/home/HwHiAiUser/wheeltec_ros2/install/wheeltec_robot_msg/share/wheeltec_robot_msg/cmake)
[1.960s] -- Found serial: 1.2.1 (/home/HwHiAiUser/wheeltec_ros2/install/serial/share/serial/cmake)
[1.966s] -- Found rosidl_default_generators: 1.2.0 (/opt/ros/humble/share/rosidl_default_generators/cmake)
[2.750s] -- Found ament_cmake_ros: 0.10.0 (/opt/ros/humble/share/ament_cmake_ros/cmake)
[3.660s] -- Using all available rosidl_typesupport_c: rosidl_typesupport_fastrtps_c;rosidl_typesupport_introspection_c
[4.027s] -- Using all available rosidl_typesupport_cpp: rosidl_typesupport_fastrtps_cpp;rosidl_typesupport_introspection_cpp
[4.099s] -- Found python_cmake_module: 0.10.0 (/opt/ros/humble/share/python_cmake_module/cmake)
[4.178s] -- Using PYTHON_EXECUTABLE: /usr/bin/python3
[4.178s] -- Using PYTHON_INCLUDE_DIRS: /usr/include/python3.10
[4.178s] -- Using PYTHON_LIBRARIES: /usr/lib/aarch64-linux-gnu/libpython3.10.so
[4.221s] -- Found ament_lint_auto: 0.12.14 (/opt/ros/humble/share/ament_lint_auto/cmake)
[4.330s] -- Added test 'copyright' to check source files copyright and LICENSE
[4.333s] -- Added test 'cppcheck' to perform static code analysis on C / C++ code
[4.336s] -- Configured cppcheck include dirs: /home/HwHiAiUser/wheeltec_ros2/src/turn_on_wheeltec_robot/include
[4.336s] -- Configured cppcheck exclude dirs and/or files: 
[4.339s] -- Added test 'cpplint' to check C / C++ code against the Google style
[4.339s] -- Configured cpplint exclude dirs and/or files: 
[4.341s] -- Added test 'flake8' to check Python code syntax and style conventions
[4.342s] -- Added test 'lint_cmake' to check CMake code style
[4.343s] -- Added test 'pep257' to check Python code against some of the docstring style conventions in PEP 257
[4.346s] -- Added test 'uncrustify' to check C / C++ code style
[4.346s] -- Configured uncrustify additional arguments: 
[4.348s] -- Added test 'xmllint' to check XML markup files
[4.356s] -- Configuring done
[4.491s] -- Generating done
[4.528s] -- Build files have been written to: /home/HwHiAiUser/wheeltec_ros2/build/turn_on_wheeltec_robot
[4.568s] Invoked command in '/home/HwHiAiUser/wheeltec_ros2/build/turn_on_wheeltec_robot' returned '0': CMAKE_PREFIX_PATH=/home/HwHiAiUser/wheeltec_ros2/install/wheeltec_robot_msg:/home/HwHiAiUser/wheeltec_ros2/install/serial:/home/HwHiAiUser/wheeltec_ros2/install/ackermann_msgs:/home/HwHiAiUser/wheeltec_ros2/install/yesense_std_ros2:/home/HwHiAiUser/wheeltec_ros2/install/yesense_interface:/home/HwHiAiUser/wheeltec_ros2/install/wheeltec_rviz2:/home/HwHiAiUser/wheeltec_ros2/install/wheeltec_robot_urdf:/home/HwHiAiUser/wheeltec_ros2/install/turn_on_wheeltec_robot:/home/HwHiAiUser/wheeltec_ros2/install/web_video_server:/home/HwHiAiUser/wheeltec_ros2/install/usb_cam:/home/HwHiAiUser/wheeltec_ros2/install/rplidar_ros:/home/HwHiAiUser/wheeltec_ros2/install/lslidar_driver:/home/HwHiAiUser/wheeltec_ros2/install/lslidar_msgs:/home/HwHiAiUser/wheeltec_ros2/install/ldlidar_stl_ros2:/home/HwHiAiUser/wheeltec_ros2/install/ldlidar_sl_ros2:/home/HwHiAiUser/wheeltec_ros2/install/ldlidar:/home/HwHiAiUser/wheeltec_ros2/install/wheeltec_robot_keyboard:/home/HwHiAiUser/wheeltec_ros2/install/tf2_tools:/opt/ros/humble LD_LIBRARY_PATH=/home/HwHiAiUser/wheeltec_ros2/install/wheeltec_robot_msg/lib:/home/HwHiAiUser/wheeltec_ros2/install/ackermann_msgs/lib:/usr/local/Ascend/ascend-toolkit/latest/tools/aml/lib64:/usr/local/Ascend/ascend-toolkit/latest/tools/aml/lib64/plugin:/usr/local/Ascend/ascend-toolkit/latest/lib64:/usr/local/Ascend/ascend-toolkit/latest/lib64/plugin/opskernel:/usr/local/Ascend/ascend-toolkit/latest/lib64/plugin/nnengine:/usr/local/Ascend/ascend-toolkit/latest/opp/built-in/op_impl/ai_core/tbe/op_tiling/lib/linux/aarch64:/lib64:/var/davinci/driver/lib64:/var/davinci/driver/lib64/common:/var/davinci/driver/lib64/driver:/usr/local/Ascend/ascend-toolkit/laster/runtime/lib64/stub/aarch64:/usr/local/Ascend/ascend-toolkit/laster/lib64:/usr/local/Ascend/ascend-toolkit/laster/lib64/plugin/opskernel:/usr/local/Ascend/ascend-toolkit/laster/lib64/plugin/nnengine:/usr/local/Ascend/ascend-toolkit/laster/opp/built-in/op_impl/ai_core/tbe/op_tiling:/usr/local/Ascend/driver/lib64:/var/davinci/driver/lib64:/var/davinci/driver/lib64/common:/var/davinci/driver/lib64/driver:/home/HwHiAiUser/wheeltec_ros2/install/yesense_interface/lib:/home/HwHiAiUser/wheeltec_ros2/install/turn_on_wheeltec_robot/lib:/home/HwHiAiUser/wheeltec_ros2/install/usb_cam/lib:/home/HwHiAiUser/wheeltec_ros2/install/serial/lib:/home/HwHiAiUser/wheeltec_ros2/install/lslidar_msgs/lib:/opt/ros/humble/opt/rviz_ogre_vendor/lib:/opt/ros/humble/lib/aarch64-linux-gnu:/opt/ros/humble/lib:/usr/local/Ascend/ascend-toolkit/latest/tools/aml/lib64:/usr/local/Ascend/ascend-toolkit/latest/tools/aml/lib64/plugin:/usr/local/Ascend/ascend-toolkit/latest/lib64:/usr/local/Ascend/ascend-toolkit/latest/lib64/plugin/opskernel:/usr/local/Ascend/ascend-toolkit/latest/lib64/plugin/nnengine:/usr/local/Ascend/ascend-toolkit/latest/opp/built-in/op_impl/ai_core/tbe/op_tiling/lib/linux/aarch64:/lib64:/var/davinci/driver/lib64:/var/davinci/driver/lib64/common:/var/davinci/driver/lib64/driver:/usr/local/Ascend/ascend-toolkit/laster/runtime/lib64/stub/aarch64:/usr/local/Ascend/ascend-toolkit/laster/lib64:/usr/local/Ascend/ascend-toolkit/laster/lib64/plugin/opskernel:/usr/local/Ascend/ascend-toolkit/laster/lib64/plugin/nnengine:/usr/local/Ascend/ascend-toolkit/laster/opp/built-in/op_impl/ai_core/tbe/op_tiling:/usr/local/Ascend/driver/lib64:/var/davinci/driver/lib64:/var/davinci/driver/lib64/common:/var/davinci/driver/lib64/driver:/usr/local/Ascend/ascend-toolkit/laster/runtime/lib64/stub/aarch64:/usr/local/Ascend/ascend-toolkit/laster/lib64:/usr/local/Ascend/ascend-toolkit/laster/lib64/plugin/opskernel:/usr/local/Ascend/ascend-toolkit/laster/lib64/plugin/nnengine:/usr/local/Ascend/ascend-toolkit/laster/opp/built-in/op_impl/ai_core/tbe/op_tiling:/usr/local/Ascend/driver/lib64:/var/davinci/driver/lib64:/var/davinci/driver/lib64/common:/var/davinci/driver/lib64/driver _=/usr/bin/env /usr/bin/cmake /home/HwHiAiUser/wheeltec_ros2/src/turn_on_wheeltec_robot -DCMAKE_BUILD_TYPE=Release -DCMAKE_INSTALL_PREFIX=/home/HwHiAiUser/wheeltec_ros2/install/turn_on_wheeltec_robot
[4.573s] Invoking command in '/home/HwHiAiUser/wheeltec_ros2/build/turn_on_wheeltec_robot': CMAKE_PREFIX_PATH=/home/HwHiAiUser/wheeltec_ros2/install/wheeltec_robot_msg:/home/HwHiAiUser/wheeltec_ros2/install/serial:/home/HwHiAiUser/wheeltec_ros2/install/ackermann_msgs:/home/HwHiAiUser/wheeltec_ros2/install/yesense_std_ros2:/home/HwHiAiUser/wheeltec_ros2/install/yesense_interface:/home/HwHiAiUser/wheeltec_ros2/install/wheeltec_rviz2:/home/HwHiAiUser/wheeltec_ros2/install/wheeltec_robot_urdf:/home/HwHiAiUser/wheeltec_ros2/install/turn_on_wheeltec_robot:/home/HwHiAiUser/wheeltec_ros2/install/web_video_server:/home/HwHiAiUser/wheeltec_ros2/install/usb_cam:/home/HwHiAiUser/wheeltec_ros2/install/rplidar_ros:/home/HwHiAiUser/wheeltec_ros2/install/lslidar_driver:/home/HwHiAiUser/wheeltec_ros2/install/lslidar_msgs:/home/HwHiAiUser/wheeltec_ros2/install/ldlidar_stl_ros2:/home/HwHiAiUser/wheeltec_ros2/install/ldlidar_sl_ros2:/home/HwHiAiUser/wheeltec_ros2/install/ldlidar:/home/HwHiAiUser/wheeltec_ros2/install/wheeltec_robot_keyboard:/home/HwHiAiUser/wheeltec_ros2/install/tf2_tools:/opt/ros/humble LD_LIBRARY_PATH=/home/HwHiAiUser/wheeltec_ros2/install/wheeltec_robot_msg/lib:/home/HwHiAiUser/wheeltec_ros2/install/ackermann_msgs/lib:/usr/local/Ascend/ascend-toolkit/latest/tools/aml/lib64:/usr/local/Ascend/ascend-toolkit/latest/tools/aml/lib64/plugin:/usr/local/Ascend/ascend-toolkit/latest/lib64:/usr/local/Ascend/ascend-toolkit/latest/lib64/plugin/opskernel:/usr/local/Ascend/ascend-toolkit/latest/lib64/plugin/nnengine:/usr/local/Ascend/ascend-toolkit/latest/opp/built-in/op_impl/ai_core/tbe/op_tiling/lib/linux/aarch64:/lib64:/var/davinci/driver/lib64:/var/davinci/driver/lib64/common:/var/davinci/driver/lib64/driver:/usr/local/Ascend/ascend-toolkit/laster/runtime/lib64/stub/aarch64:/usr/local/Ascend/ascend-toolkit/laster/lib64:/usr/local/Ascend/ascend-toolkit/laster/lib64/plugin/opskernel:/usr/local/Ascend/ascend-toolkit/laster/lib64/plugin/nnengine:/usr/local/Ascend/ascend-toolkit/laster/opp/built-in/op_impl/ai_core/tbe/op_tiling:/usr/local/Ascend/driver/lib64:/var/davinci/driver/lib64:/var/davinci/driver/lib64/common:/var/davinci/driver/lib64/driver:/home/HwHiAiUser/wheeltec_ros2/install/yesense_interface/lib:/home/HwHiAiUser/wheeltec_ros2/install/turn_on_wheeltec_robot/lib:/home/HwHiAiUser/wheeltec_ros2/install/usb_cam/lib:/home/HwHiAiUser/wheeltec_ros2/install/serial/lib:/home/HwHiAiUser/wheeltec_ros2/install/lslidar_msgs/lib:/opt/ros/humble/opt/rviz_ogre_vendor/lib:/opt/ros/humble/lib/aarch64-linux-gnu:/opt/ros/humble/lib:/usr/local/Ascend/ascend-toolkit/latest/tools/aml/lib64:/usr/local/Ascend/ascend-toolkit/latest/tools/aml/lib64/plugin:/usr/local/Ascend/ascend-toolkit/latest/lib64:/usr/local/Ascend/ascend-toolkit/latest/lib64/plugin/opskernel:/usr/local/Ascend/ascend-toolkit/latest/lib64/plugin/nnengine:/usr/local/Ascend/ascend-toolkit/latest/opp/built-in/op_impl/ai_core/tbe/op_tiling/lib/linux/aarch64:/lib64:/var/davinci/driver/lib64:/var/davinci/driver/lib64/common:/var/davinci/driver/lib64/driver:/usr/local/Ascend/ascend-toolkit/laster/runtime/lib64/stub/aarch64:/usr/local/Ascend/ascend-toolkit/laster/lib64:/usr/local/Ascend/ascend-toolkit/laster/lib64/plugin/opskernel:/usr/local/Ascend/ascend-toolkit/laster/lib64/plugin/nnengine:/usr/local/Ascend/ascend-toolkit/laster/opp/built-in/op_impl/ai_core/tbe/op_tiling:/usr/local/Ascend/driver/lib64:/var/davinci/driver/lib64:/var/davinci/driver/lib64/common:/var/davinci/driver/lib64/driver:/usr/local/Ascend/ascend-toolkit/laster/runtime/lib64/stub/aarch64:/usr/local/Ascend/ascend-toolkit/laster/lib64:/usr/local/Ascend/ascend-toolkit/laster/lib64/plugin/opskernel:/usr/local/Ascend/ascend-toolkit/laster/lib64/plugin/nnengine:/usr/local/Ascend/ascend-toolkit/laster/opp/built-in/op_impl/ai_core/tbe/op_tiling:/usr/local/Ascend/driver/lib64:/var/davinci/driver/lib64:/var/davinci/driver/lib64/common:/var/davinci/driver/lib64/driver _=/usr/bin/env /usr/bin/cmake --build /home/HwHiAiUser/wheeltec_ros2/build/turn_on_wheeltec_robot -- -j4 -l4
[4.698s] [  2%] Built target turn_on_wheeltec_robot__cpp
[4.746s] Consolidate compiler generated dependencies of target wheeltec_robot_node
[4.828s] [  5%] Building CXX object CMakeFiles/wheeltec_robot_node.dir/src/wheeltec_robot.cpp.o
[5.884s] /home/HwHiAiUser/wheeltec_ros2/src/turn_on_wheeltec_robot/src/wheeltec_robot.cpp:750:70: warning: backslash and newline separated by space
[5.884s]   750 |   ("/set_charge",std::bind(&turn_on_robot::Set_Charge_Callback,this, \
[5.885s]       |                                                                       
[13.162s] /home/HwHiAiUser/wheeltec_ros2/src/turn_on_wheeltec_robot/src/wheeltec_robot.cpp: In member function ‘bool turn_on_robot::Get_Sensor_Data()’:
[13.162s] /home/HwHiAiUser/wheeltec_ros2/src/turn_on_wheeltec_robot/src/wheeltec_robot.cpp:381:50: warning: ISO C++ forbids variable length array ‘Receive_Data_Tr’ [-Wvla]
[13.163s]   381 |   uint8_t Receive_Data_Pr[RECEIVE_DATA_SIZE]={0},Receive_Data_Tr[temp]={0}; //Temporary variable to save the data of the lower machine //临时变量，保存下位机数据
[13.163s]       |                                                  ^~~~~~~~~~~~~~~
[60.521s] [  8%] Building CXX object CMakeFiles/wheeltec_robot_node.dir/src/Quaternion_Solution.cpp.o
[68.211s] /home/HwHiAiUser/wheeltec_ros2/src/turn_on_wheeltec_robot/src/Quaternion_Solution.cpp: In function ‘float InvSqrt(float)’:
[68.211s] /home/HwHiAiUser/wheeltec_ros2/src/turn_on_wheeltec_robot/src/Quaternion_Solution.cpp:15:12: warning: dereferencing type-punned pointer will break strict-aliasing rules [-Wstrict-aliasing]
[68.211s]    15 |     i = * (( long * ) &y);
[68.211s]       |           ~^~~~~~~~~~~~~~
[68.212s] /home/HwHiAiUser/wheeltec_ros2/src/turn_on_wheeltec_robot/src/Quaternion_Solution.cpp:17:12: warning: dereferencing type-punned pointer will break strict-aliasing rules [-Wstrict-aliasing]
[68.212s]    17 |     y = * (( float * ) &i);
[68.212s]       |           ~^~~~~~~~~~~~~~~
[69.453s] /home/HwHiAiUser/wheeltec_ros2/src/turn_on_wheeltec_robot/src/Quaternion_Solution.cpp:15:9: warning: ‘y’ is used uninitialized [-Wuninitialized]
[69.454s]    15 |     i = * (( long * ) &y);
[69.454s]       |         ^~~~~~~~~~~~~~~~~
[69.454s] /home/HwHiAiUser/wheeltec_ros2/src/turn_on_wheeltec_robot/src/Quaternion_Solution.cpp:11:23: note: ‘y’ declared here
[69.454s]    11 |     volatile float x, y;
[69.454s]       |                       ^
[69.462s] /home/HwHiAiUser/wheeltec_ros2/src/turn_on_wheeltec_robot/src/Quaternion_Solution.cpp:15:9: warning: array subscript ‘long int[0]’ is partly outside array bounds of ‘volatile float [1]’ [-Warray-bounds]
[69.462s]    15 |     i = * (( long * ) &y);
[69.462s]       |         ^~~~~~~~~~~~~~~~~
[69.462s] /home/HwHiAiUser/wheeltec_ros2/src/turn_on_wheeltec_robot/src/Quaternion_Solution.cpp:11:23: note: while referencing ‘y’
[69.462s]    11 |     volatile float x, y;
[69.463s]       |                       ^
[69.471s] /home/HwHiAiUser/wheeltec_ros2/src/turn_on_wheeltec_robot/src/Quaternion_Solution.cpp: In function ‘void Quaternion_Solution(float, float, float, float, float, float)’:
[69.471s] /home/HwHiAiUser/wheeltec_ros2/src/turn_on_wheeltec_robot/src/Quaternion_Solution.cpp:15:9: warning: array subscript ‘long int[0]’ is partly outside array bounds of ‘volatile float [1]’ [-Warray-bounds]
[69.471s]    15 |     i = * (( long * ) &y);
[69.471s]       |         ^~~~~~~~~~~~~~~~~
[69.472s] /home/HwHiAiUser/wheeltec_ros2/src/turn_on_wheeltec_robot/src/Quaternion_Solution.cpp:11:23: note: while referencing ‘y’
[69.472s]    11 |     volatile float x, y;
[69.472s]       |                       ^
[69.472s] /home/HwHiAiUser/wheeltec_ros2/src/turn_on_wheeltec_robot/src/Quaternion_Solution.cpp:15:9: warning: array subscript ‘long int[0]’ is partly outside array bounds of ‘volatile float [1]’ [-Warray-bounds]
[69.472s]    15 |     i = * (( long * ) &y);
[69.472s]       |         ^~~~~~~~~~~~~~~~~
[69.473s] /home/HwHiAiUser/wheeltec_ros2/src/turn_on_wheeltec_robot/src/Quaternion_Solution.cpp:11:23: note: while referencing ‘y’
[69.473s]    11 |     volatile float x, y;
[69.473s]       |                       ^
[69.592s] [ 11%] Linking CXX executable wheeltec_robot_node
[70.594s] [ 11%] Built target wheeltec_robot_node
[70.622s] Consolidate compiler generated dependencies of target turn_on_wheeltec_robot__rosidl_typesupport_cpp
[70.650s] [ 14%] Building CXX object CMakeFiles/turn_on_wheeltec_robot__rosidl_typesupport_cpp.dir/rosidl_typesupport_cpp/turn_on_wheeltec_robot/msg/position__type_support.cpp.o
[71.395s] [ 17%] Linking CXX shared library libturn_on_wheeltec_robot__rosidl_typesupport_cpp.so
[71.487s] [ 20%] Built target turn_on_wheeltec_robot__rosidl_typesupport_cpp
[71.516s] Consolidate compiler generated dependencies of target turn_on_wheeltec_robot__rosidl_typesupport_fastrtps_cpp
[71.544s] [ 23%] Building CXX object CMakeFiles/turn_on_wheeltec_robot__rosidl_typesupport_fastrtps_cpp.dir/rosidl_typesupport_fastrtps_cpp/turn_on_wheeltec_robot/msg/detail/dds_fastrtps/position__type_support.cpp.o
[72.673s] [ 26%] Linking CXX shared library libturn_on_wheeltec_robot__rosidl_typesupport_fastrtps_cpp.so
[72.921s] [ 29%] Built target turn_on_wheeltec_robot__rosidl_typesupport_fastrtps_cpp
[72.951s] Consolidate compiler generated dependencies of target turn_on_wheeltec_robot__rosidl_typesupport_introspection_cpp
[72.979s] [ 32%] Building CXX object CMakeFiles/turn_on_wheeltec_robot__rosidl_typesupport_introspection_cpp.dir/rosidl_typesupport_introspection_cpp/turn_on_wheeltec_robot/msg/detail/position__type_support.cpp.o
[74.057s] [ 35%] Linking CXX shared library libturn_on_wheeltec_robot__rosidl_typesupport_introspection_cpp.so
[74.148s] [ 38%] Built target turn_on_wheeltec_robot__rosidl_typesupport_introspection_cpp
[74.221s] [ 38%] Built target ament_cmake_python_copy_turn_on_wheeltec_robot
[74.248s] Consolidate compiler generated dependencies of target turn_on_wheeltec_robot__rosidl_generator_c
[74.274s] [ 41%] Building C object CMakeFiles/turn_on_wheeltec_robot__rosidl_generator_c.dir/rosidl_generator_c/turn_on_wheeltec_robot/msg/detail/position__functions.c.o
[74.670s] [ 44%] Linking C shared library libturn_on_wheeltec_robot__rosidl_generator_c.so
[74.762s] [ 47%] Built target turn_on_wheeltec_robot__rosidl_generator_c
[75.425s] running egg_info
[75.427s] writing turn_on_wheeltec_robot.egg-info/PKG-INFO
[75.428s] writing dependency_links to turn_on_wheeltec_robot.egg-info/dependency_links.txt
[75.429s] writing top-level names to turn_on_wheeltec_robot.egg-info/top_level.txt
[75.439s] reading manifest file 'turn_on_wheeltec_robot.egg-info/SOURCES.txt'
[75.441s] writing manifest file 'turn_on_wheeltec_robot.egg-info/SOURCES.txt'
[75.546s] [ 47%] Built target ament_cmake_python_build_turn_on_wheeltec_robot_egg
[75.573s] Consolidate compiler generated dependencies of target turn_on_wheeltec_robot__rosidl_typesupport_c
[75.598s] [ 50%] Building CXX object CMakeFiles/turn_on_wheeltec_robot__rosidl_typesupport_c.dir/rosidl_typesupport_c/turn_on_wheeltec_robot/msg/position__type_support.cpp.o
[75.676s] [ 52%] Linking CXX shared library libturn_on_wheeltec_robot__rosidl_typesupport_c.so
[75.766s] [ 55%] Built target turn_on_wheeltec_robot__rosidl_typesupport_c
[75.794s] Consolidate compiler generated dependencies of target turn_on_wheeltec_robot__rosidl_typesupport_introspection_c
[75.819s] [ 58%] Building C object CMakeFiles/turn_on_wheeltec_robot__rosidl_typesupport_introspection_c.dir/rosidl_typesupport_introspection_c/turn_on_wheeltec_robot/msg/detail/position__type_support.c.o
[75.911s] [ 61%] Linking C shared library libturn_on_wheeltec_robot__rosidl_typesupport_introspection_c.so
[75.979s] [ 64%] Built target turn_on_wheeltec_robot__rosidl_typesupport_introspection_c
[76.010s] Consolidate compiler generated dependencies of target turn_on_wheeltec_robot__rosidl_typesupport_fastrtps_c
[76.039s] [ 67%] Building CXX object CMakeFiles/turn_on_wheeltec_robot__rosidl_typesupport_fastrtps_c.dir/rosidl_typesupport_fastrtps_c/turn_on_wheeltec_robot/msg/detail/position__type_support_c.cpp.o
[76.982s] [ 70%] Linking CXX shared library libturn_on_wheeltec_robot__rosidl_typesupport_fastrtps_c.so
[77.207s] [ 73%] Built target turn_on_wheeltec_robot__rosidl_typesupport_fastrtps_c
[77.259s] [ 73%] Built target turn_on_wheeltec_robot
[77.309s] [ 76%] Built target turn_on_wheeltec_robot__py
[77.339s] Consolidate compiler generated dependencies of target turn_on_wheeltec_robot__rosidl_generator_py
[77.369s] [ 79%] Building C object CMakeFiles/turn_on_wheeltec_robot__rosidl_generator_py.dir/rosidl_generator_py/turn_on_wheeltec_robot/msg/_position_s.c.o
[77.703s] [ 82%] Linking C shared library rosidl_generator_py/turn_on_wheeltec_robot/libturn_on_wheeltec_robot__rosidl_generator_py.so
[77.809s] [ 82%] Built target turn_on_wheeltec_robot__rosidl_generator_py
[77.838s] Consolidate compiler generated dependencies of target turn_on_wheeltec_robot__rosidl_typesupport_fastrtps_c__pyext
[77.868s] [ 85%] Building C object CMakeFiles/turn_on_wheeltec_robot__rosidl_typesupport_fastrtps_c__pyext.dir/rosidl_generator_py/turn_on_wheeltec_robot/_turn_on_wheeltec_robot_s.ep.rosidl_typesupport_fastrtps_c.c.o
[78.156s] [ 88%] Linking C shared library rosidl_generator_py/turn_on_wheeltec_robot/turn_on_wheeltec_robot_s__rosidl_typesupport_fastrtps_c.cpython-310-aarch64-linux-gnu.so
[78.242s] [ 88%] Built target turn_on_wheeltec_robot__rosidl_typesupport_fastrtps_c__pyext
[78.271s] Consolidate compiler generated dependencies of target turn_on_wheeltec_robot__rosidl_typesupport_c__pyext
[78.298s] [ 91%] Building C object CMakeFiles/turn_on_wheeltec_robot__rosidl_typesupport_c__pyext.dir/rosidl_generator_py/turn_on_wheeltec_robot/_turn_on_wheeltec_robot_s.ep.rosidl_typesupport_c.c.o
[78.573s] [ 94%] Linking C shared library rosidl_generator_py/turn_on_wheeltec_robot/turn_on_wheeltec_robot_s__rosidl_typesupport_c.cpython-310-aarch64-linux-gnu.so
[78.653s] [ 94%] Built target turn_on_wheeltec_robot__rosidl_typesupport_c__pyext
[78.681s] Consolidate compiler generated dependencies of target turn_on_wheeltec_robot__rosidl_typesupport_introspection_c__pyext
[78.707s] [ 97%] Building C object CMakeFiles/turn_on_wheeltec_robot__rosidl_typesupport_introspection_c__pyext.dir/rosidl_generator_py/turn_on_wheeltec_robot/_turn_on_wheeltec_robot_s.ep.rosidl_typesupport_introspection_c.c.o
[78.983s] [100%] Linking C shared library rosidl_generator_py/turn_on_wheeltec_robot/turn_on_wheeltec_robot_s__rosidl_typesupport_introspection_c.cpython-310-aarch64-linux-gnu.so
[79.065s] [100%] Built target turn_on_wheeltec_robot__rosidl_typesupport_introspection_c__pyext
[79.091s] Invoked command in '/home/HwHiAiUser/wheeltec_ros2/build/turn_on_wheeltec_robot' returned '0': CMAKE_PREFIX_PATH=/home/HwHiAiUser/wheeltec_ros2/install/wheeltec_robot_msg:/home/HwHiAiUser/wheeltec_ros2/install/serial:/home/HwHiAiUser/wheeltec_ros2/install/ackermann_msgs:/home/HwHiAiUser/wheeltec_ros2/install/yesense_std_ros2:/home/HwHiAiUser/wheeltec_ros2/install/yesense_interface:/home/HwHiAiUser/wheeltec_ros2/install/wheeltec_rviz2:/home/HwHiAiUser/wheeltec_ros2/install/wheeltec_robot_urdf:/home/HwHiAiUser/wheeltec_ros2/install/turn_on_wheeltec_robot:/home/HwHiAiUser/wheeltec_ros2/install/web_video_server:/home/HwHiAiUser/wheeltec_ros2/install/usb_cam:/home/HwHiAiUser/wheeltec_ros2/install/rplidar_ros:/home/HwHiAiUser/wheeltec_ros2/install/lslidar_driver:/home/HwHiAiUser/wheeltec_ros2/install/lslidar_msgs:/home/HwHiAiUser/wheeltec_ros2/install/ldlidar_stl_ros2:/home/HwHiAiUser/wheeltec_ros2/install/ldlidar_sl_ros2:/home/HwHiAiUser/wheeltec_ros2/install/ldlidar:/home/HwHiAiUser/wheeltec_ros2/install/wheeltec_robot_keyboard:/home/HwHiAiUser/wheeltec_ros2/install/tf2_tools:/opt/ros/humble LD_LIBRARY_PATH=/home/HwHiAiUser/wheeltec_ros2/install/wheeltec_robot_msg/lib:/home/HwHiAiUser/wheeltec_ros2/install/ackermann_msgs/lib:/usr/local/Ascend/ascend-toolkit/latest/tools/aml/lib64:/usr/local/Ascend/ascend-toolkit/latest/tools/aml/lib64/plugin:/usr/local/Ascend/ascend-toolkit/latest/lib64:/usr/local/Ascend/ascend-toolkit/latest/lib64/plugin/opskernel:/usr/local/Ascend/ascend-toolkit/latest/lib64/plugin/nnengine:/usr/local/Ascend/ascend-toolkit/latest/opp/built-in/op_impl/ai_core/tbe/op_tiling/lib/linux/aarch64:/lib64:/var/davinci/driver/lib64:/var/davinci/driver/lib64/common:/var/davinci/driver/lib64/driver:/usr/local/Ascend/ascend-toolkit/laster/runtime/lib64/stub/aarch64:/usr/local/Ascend/ascend-toolkit/laster/lib64:/usr/local/Ascend/ascend-toolkit/laster/lib64/plugin/opskernel:/usr/local/Ascend/ascend-toolkit/laster/lib64/plugin/nnengine:/usr/local/Ascend/ascend-toolkit/laster/opp/built-in/op_impl/ai_core/tbe/op_tiling:/usr/local/Ascend/driver/lib64:/var/davinci/driver/lib64:/var/davinci/driver/lib64/common:/var/davinci/driver/lib64/driver:/home/HwHiAiUser/wheeltec_ros2/install/yesense_interface/lib:/home/HwHiAiUser/wheeltec_ros2/install/turn_on_wheeltec_robot/lib:/home/HwHiAiUser/wheeltec_ros2/install/usb_cam/lib:/home/HwHiAiUser/wheeltec_ros2/install/serial/lib:/home/HwHiAiUser/wheeltec_ros2/install/lslidar_msgs/lib:/opt/ros/humble/opt/rviz_ogre_vendor/lib:/opt/ros/humble/lib/aarch64-linux-gnu:/opt/ros/humble/lib:/usr/local/Ascend/ascend-toolkit/latest/tools/aml/lib64:/usr/local/Ascend/ascend-toolkit/latest/tools/aml/lib64/plugin:/usr/local/Ascend/ascend-toolkit/latest/lib64:/usr/local/Ascend/ascend-toolkit/latest/lib64/plugin/opskernel:/usr/local/Ascend/ascend-toolkit/latest/lib64/plugin/nnengine:/usr/local/Ascend/ascend-toolkit/latest/opp/built-in/op_impl/ai_core/tbe/op_tiling/lib/linux/aarch64:/lib64:/var/davinci/driver/lib64:/var/davinci/driver/lib64/common:/var/davinci/driver/lib64/driver:/usr/local/Ascend/ascend-toolkit/laster/runtime/lib64/stub/aarch64:/usr/local/Ascend/ascend-toolkit/laster/lib64:/usr/local/Ascend/ascend-toolkit/laster/lib64/plugin/opskernel:/usr/local/Ascend/ascend-toolkit/laster/lib64/plugin/nnengine:/usr/local/Ascend/ascend-toolkit/laster/opp/built-in/op_impl/ai_core/tbe/op_tiling:/usr/local/Ascend/driver/lib64:/var/davinci/driver/lib64:/var/davinci/driver/lib64/common:/var/davinci/driver/lib64/driver:/usr/local/Ascend/ascend-toolkit/laster/runtime/lib64/stub/aarch64:/usr/local/Ascend/ascend-toolkit/laster/lib64:/usr/local/Ascend/ascend-toolkit/laster/lib64/plugin/opskernel:/usr/local/Ascend/ascend-toolkit/laster/lib64/plugin/nnengine:/usr/local/Ascend/ascend-toolkit/laster/opp/built-in/op_impl/ai_core/tbe/op_tiling:/usr/local/Ascend/driver/lib64:/var/davinci/driver/lib64:/var/davinci/driver/lib64/common:/var/davinci/driver/lib64/driver _=/usr/bin/env /usr/bin/cmake --build /home/HwHiAiUser/wheeltec_ros2/build/turn_on_wheeltec_robot -- -j4 -l4
[79.116s] Invoking command in '/home/HwHiAiUser/wheeltec_ros2/build/turn_on_wheeltec_robot': CMAKE_PREFIX_PATH=/home/HwHiAiUser/wheeltec_ros2/install/wheeltec_robot_msg:/home/HwHiAiUser/wheeltec_ros2/install/serial:/home/HwHiAiUser/wheeltec_ros2/install/ackermann_msgs:/home/HwHiAiUser/wheeltec_ros2/install/yesense_std_ros2:/home/HwHiAiUser/wheeltec_ros2/install/yesense_interface:/home/HwHiAiUser/wheeltec_ros2/install/wheeltec_rviz2:/home/HwHiAiUser/wheeltec_ros2/install/wheeltec_robot_urdf:/home/HwHiAiUser/wheeltec_ros2/install/turn_on_wheeltec_robot:/home/HwHiAiUser/wheeltec_ros2/install/web_video_server:/home/HwHiAiUser/wheeltec_ros2/install/usb_cam:/home/HwHiAiUser/wheeltec_ros2/install/rplidar_ros:/home/HwHiAiUser/wheeltec_ros2/install/lslidar_driver:/home/HwHiAiUser/wheeltec_ros2/install/lslidar_msgs:/home/HwHiAiUser/wheeltec_ros2/install/ldlidar_stl_ros2:/home/HwHiAiUser/wheeltec_ros2/install/ldlidar_sl_ros2:/home/HwHiAiUser/wheeltec_ros2/install/ldlidar:/home/HwHiAiUser/wheeltec_ros2/install/wheeltec_robot_keyboard:/home/HwHiAiUser/wheeltec_ros2/install/tf2_tools:/opt/ros/humble LD_LIBRARY_PATH=/home/HwHiAiUser/wheeltec_ros2/install/wheeltec_robot_msg/lib:/home/HwHiAiUser/wheeltec_ros2/install/ackermann_msgs/lib:/usr/local/Ascend/ascend-toolkit/latest/tools/aml/lib64:/usr/local/Ascend/ascend-toolkit/latest/tools/aml/lib64/plugin:/usr/local/Ascend/ascend-toolkit/latest/lib64:/usr/local/Ascend/ascend-toolkit/latest/lib64/plugin/opskernel:/usr/local/Ascend/ascend-toolkit/latest/lib64/plugin/nnengine:/usr/local/Ascend/ascend-toolkit/latest/opp/built-in/op_impl/ai_core/tbe/op_tiling/lib/linux/aarch64:/lib64:/var/davinci/driver/lib64:/var/davinci/driver/lib64/common:/var/davinci/driver/lib64/driver:/usr/local/Ascend/ascend-toolkit/laster/runtime/lib64/stub/aarch64:/usr/local/Ascend/ascend-toolkit/laster/lib64:/usr/local/Ascend/ascend-toolkit/laster/lib64/plugin/opskernel:/usr/local/Ascend/ascend-toolkit/laster/lib64/plugin/nnengine:/usr/local/Ascend/ascend-toolkit/laster/opp/built-in/op_impl/ai_core/tbe/op_tiling:/usr/local/Ascend/driver/lib64:/var/davinci/driver/lib64:/var/davinci/driver/lib64/common:/var/davinci/driver/lib64/driver:/home/HwHiAiUser/wheeltec_ros2/install/yesense_interface/lib:/home/HwHiAiUser/wheeltec_ros2/install/turn_on_wheeltec_robot/lib:/home/HwHiAiUser/wheeltec_ros2/install/usb_cam/lib:/home/HwHiAiUser/wheeltec_ros2/install/serial/lib:/home/HwHiAiUser/wheeltec_ros2/install/lslidar_msgs/lib:/opt/ros/humble/opt/rviz_ogre_vendor/lib:/opt/ros/humble/lib/aarch64-linux-gnu:/opt/ros/humble/lib:/usr/local/Ascend/ascend-toolkit/latest/tools/aml/lib64:/usr/local/Ascend/ascend-toolkit/latest/tools/aml/lib64/plugin:/usr/local/Ascend/ascend-toolkit/latest/lib64:/usr/local/Ascend/ascend-toolkit/latest/lib64/plugin/opskernel:/usr/local/Ascend/ascend-toolkit/latest/lib64/plugin/nnengine:/usr/local/Ascend/ascend-toolkit/latest/opp/built-in/op_impl/ai_core/tbe/op_tiling/lib/linux/aarch64:/lib64:/var/davinci/driver/lib64:/var/davinci/driver/lib64/common:/var/davinci/driver/lib64/driver:/usr/local/Ascend/ascend-toolkit/laster/runtime/lib64/stub/aarch64:/usr/local/Ascend/ascend-toolkit/laster/lib64:/usr/local/Ascend/ascend-toolkit/laster/lib64/plugin/opskernel:/usr/local/Ascend/ascend-toolkit/laster/lib64/plugin/nnengine:/usr/local/Ascend/ascend-toolkit/laster/opp/built-in/op_impl/ai_core/tbe/op_tiling:/usr/local/Ascend/driver/lib64:/var/davinci/driver/lib64:/var/davinci/driver/lib64/common:/var/davinci/driver/lib64/driver:/usr/local/Ascend/ascend-toolkit/laster/runtime/lib64/stub/aarch64:/usr/local/Ascend/ascend-toolkit/laster/lib64:/usr/local/Ascend/ascend-toolkit/laster/lib64/plugin/opskernel:/usr/local/Ascend/ascend-toolkit/laster/lib64/plugin/nnengine:/usr/local/Ascend/ascend-toolkit/laster/opp/built-in/op_impl/ai_core/tbe/op_tiling:/usr/local/Ascend/driver/lib64:/var/davinci/driver/lib64:/var/davinci/driver/lib64/common:/var/davinci/driver/lib64/driver _=/usr/bin/env /usr/bin/cmake --install /home/HwHiAiUser/wheeltec_ros2/build/turn_on_wheeltec_robot
[79.136s] -- Install configuration: "Release"
[79.137s] -- Up-to-date: /home/HwHiAiUser/wheeltec_ros2/install/turn_on_wheeltec_robot/share/ament_index/resource_index/rosidl_interfaces/turn_on_wheeltec_robot
[79.137s] -- Up-to-date: /home/HwHiAiUser/wheeltec_ros2/install/turn_on_wheeltec_robot/include/turn_on_wheeltec_robot/turn_on_wheeltec_robot
[79.138s] -- Up-to-date: /home/HwHiAiUser/wheeltec_ros2/install/turn_on_wheeltec_robot/include/turn_on_wheeltec_robot/turn_on_wheeltec_robot/msg
[79.138s] -- Up-to-date: /home/HwHiAiUser/wheeltec_ros2/install/turn_on_wheeltec_robot/include/turn_on_wheeltec_robot/turn_on_wheeltec_robot/msg/detail
[79.138s] -- Up-to-date: /home/HwHiAiUser/wheeltec_ros2/install/turn_on_wheeltec_robot/include/turn_on_wheeltec_robot/turn_on_wheeltec_robot/msg/detail/position__struct.h
[79.138s] -- Up-to-date: /home/HwHiAiUser/wheeltec_ros2/install/turn_on_wheeltec_robot/include/turn_on_wheeltec_robot/turn_on_wheeltec_robot/msg/detail/position__functions.h
[79.139s] -- Up-to-date: /home/HwHiAiUser/wheeltec_ros2/install/turn_on_wheeltec_robot/include/turn_on_wheeltec_robot/turn_on_wheeltec_robot/msg/detail/position__functions.c
[79.139s] -- Up-to-date: /home/HwHiAiUser/wheeltec_ros2/install/turn_on_wheeltec_robot/include/turn_on_wheeltec_robot/turn_on_wheeltec_robot/msg/detail/position__type_support.h
[79.139s] -- Up-to-date: /home/HwHiAiUser/wheeltec_ros2/install/turn_on_wheeltec_robot/include/turn_on_wheeltec_robot/turn_on_wheeltec_robot/msg/rosidl_generator_c__visibility_control.h
[79.140s] -- Up-to-date: /home/HwHiAiUser/wheeltec_ros2/install/turn_on_wheeltec_robot/include/turn_on_wheeltec_robot/turn_on_wheeltec_robot/msg/position.h
[79.140s] -- Up-to-date: /home/HwHiAiUser/wheeltec_ros2/install/turn_on_wheeltec_robot/share/turn_on_wheeltec_robot/environment/library_path.sh
[79.140s] -- Installing: /home/HwHiAiUser/wheeltec_ros2/install/turn_on_wheeltec_robot/share/turn_on_wheeltec_robot/environment/library_path.dsv
[79.141s] -- Installing: /home/HwHiAiUser/wheeltec_ros2/install/turn_on_wheeltec_robot/lib/libturn_on_wheeltec_robot__rosidl_generator_c.so
[79.141s] -- Set runtime path of "/home/HwHiAiUser/wheeltec_ros2/install/turn_on_wheeltec_robot/lib/libturn_on_wheeltec_robot__rosidl_generator_c.so" to ""
[79.142s] -- Up-to-date: /home/HwHiAiUser/wheeltec_ros2/install/turn_on_wheeltec_robot/include/turn_on_wheeltec_robot/turn_on_wheeltec_robot
[79.142s] -- Up-to-date: /home/HwHiAiUser/wheeltec_ros2/install/turn_on_wheeltec_robot/include/turn_on_wheeltec_robot/turn_on_wheeltec_robot/msg
[79.142s] -- Up-to-date: /home/HwHiAiUser/wheeltec_ros2/install/turn_on_wheeltec_robot/include/turn_on_wheeltec_robot/turn_on_wheeltec_robot/msg/detail
[79.142s] -- Up-to-date: /home/HwHiAiUser/wheeltec_ros2/install/turn_on_wheeltec_robot/include/turn_on_wheeltec_robot/turn_on_wheeltec_robot/msg/detail/position__rosidl_typesupport_fastrtps_c.h
[79.143s] -- Up-to-date: /home/HwHiAiUser/wheeltec_ros2/install/turn_on_wheeltec_robot/include/turn_on_wheeltec_robot/turn_on_wheeltec_robot/msg/rosidl_typesupport_fastrtps_c__visibility_control.h
[79.143s] -- Installing: /home/HwHiAiUser/wheeltec_ros2/install/turn_on_wheeltec_robot/lib/libturn_on_wheeltec_robot__rosidl_typesupport_fastrtps_c.so
[79.143s] -- Set runtime path of "/home/HwHiAiUser/wheeltec_ros2/install/turn_on_wheeltec_robot/lib/libturn_on_wheeltec_robot__rosidl_typesupport_fastrtps_c.so" to ""
[79.143s] -- Up-to-date: /home/HwHiAiUser/wheeltec_ros2/install/turn_on_wheeltec_robot/include/turn_on_wheeltec_robot/turn_on_wheeltec_robot
[79.144s] -- Up-to-date: /home/HwHiAiUser/wheeltec_ros2/install/turn_on_wheeltec_robot/include/turn_on_wheeltec_robot/turn_on_wheeltec_robot/msg
[79.144s] -- Up-to-date: /home/HwHiAiUser/wheeltec_ros2/install/turn_on_wheeltec_robot/include/turn_on_wheeltec_robot/turn_on_wheeltec_robot/msg/detail
[79.145s] -- Up-to-date: /home/HwHiAiUser/wheeltec_ros2/install/turn_on_wheeltec_robot/include/turn_on_wheeltec_robot/turn_on_wheeltec_robot/msg/detail/position__struct.hpp
[79.145s] -- Up-to-date: /home/HwHiAiUser/wheeltec_ros2/install/turn_on_wheeltec_robot/include/turn_on_wheeltec_robot/turn_on_wheeltec_robot/msg/detail/position__builder.hpp
[79.145s] -- Up-to-date: /home/HwHiAiUser/wheeltec_ros2/install/turn_on_wheeltec_robot/include/turn_on_wheeltec_robot/turn_on_wheeltec_robot/msg/detail/position__type_support.hpp
[79.146s] -- Up-to-date: /home/HwHiAiUser/wheeltec_ros2/install/turn_on_wheeltec_robot/include/turn_on_wheeltec_robot/turn_on_wheeltec_robot/msg/detail/position__traits.hpp
[79.146s] -- Up-to-date: /home/HwHiAiUser/wheeltec_ros2/install/turn_on_wheeltec_robot/include/turn_on_wheeltec_robot/turn_on_wheeltec_robot/msg/rosidl_generator_cpp__visibility_control.hpp
[79.146s] -- Up-to-date: /home/HwHiAiUser/wheeltec_ros2/install/turn_on_wheeltec_robot/include/turn_on_wheeltec_robot/turn_on_wheeltec_robot/msg/position.hpp
[79.146s] -- Up-to-date: /home/HwHiAiUser/wheeltec_ros2/install/turn_on_wheeltec_robot/include/turn_on_wheeltec_robot/turn_on_wheeltec_robot
[79.147s] -- Up-to-date: /home/HwHiAiUser/wheeltec_ros2/install/turn_on_wheeltec_robot/include/turn_on_wheeltec_robot/turn_on_wheeltec_robot/msg
[79.147s] -- Up-to-date: /home/HwHiAiUser/wheeltec_ros2/install/turn_on_wheeltec_robot/include/turn_on_wheeltec_robot/turn_on_wheeltec_robot/msg/detail
[79.147s] -- Up-to-date: /home/HwHiAiUser/wheeltec_ros2/install/turn_on_wheeltec_robot/include/turn_on_wheeltec_robot/turn_on_wheeltec_robot/msg/detail/dds_fastrtps
[79.147s] -- Up-to-date: /home/HwHiAiUser/wheeltec_ros2/install/turn_on_wheeltec_robot/include/turn_on_wheeltec_robot/turn_on_wheeltec_robot/msg/detail/position__rosidl_typesupport_fastrtps_cpp.hpp
[79.148s] -- Up-to-date: /home/HwHiAiUser/wheeltec_ros2/install/turn_on_wheeltec_robot/include/turn_on_wheeltec_robot/turn_on_wheeltec_robot/msg/rosidl_typesupport_fastrtps_cpp__visibility_control.h
[79.148s] -- Installing: /home/HwHiAiUser/wheeltec_ros2/install/turn_on_wheeltec_robot/lib/libturn_on_wheeltec_robot__rosidl_typesupport_fastrtps_cpp.so
[79.148s] -- Set runtime path of "/home/HwHiAiUser/wheeltec_ros2/install/turn_on_wheeltec_robot/lib/libturn_on_wheeltec_robot__rosidl_typesupport_fastrtps_cpp.so" to ""
[79.149s] -- Up-to-date: /home/HwHiAiUser/wheeltec_ros2/install/turn_on_wheeltec_robot/include/turn_on_wheeltec_robot/turn_on_wheeltec_robot
[79.149s] -- Up-to-date: /home/HwHiAiUser/wheeltec_ros2/install/turn_on_wheeltec_robot/include/turn_on_wheeltec_robot/turn_on_wheeltec_robot/msg
[79.149s] -- Up-to-date: /home/HwHiAiUser/wheeltec_ros2/install/turn_on_wheeltec_robot/include/turn_on_wheeltec_robot/turn_on_wheeltec_robot/msg/detail
[79.149s] -- Up-to-date: /home/HwHiAiUser/wheeltec_ros2/install/turn_on_wheeltec_robot/include/turn_on_wheeltec_robot/turn_on_wheeltec_robot/msg/detail/position__type_support.c
[79.150s] -- Up-to-date: /home/HwHiAiUser/wheeltec_ros2/install/turn_on_wheeltec_robot/include/turn_on_wheeltec_robot/turn_on_wheeltec_robot/msg/detail/position__rosidl_typesupport_introspection_c.h
[79.150s] -- Up-to-date: /home/HwHiAiUser/wheeltec_ros2/install/turn_on_wheeltec_robot/include/turn_on_wheeltec_robot/turn_on_wheeltec_robot/msg/rosidl_typesupport_introspection_c__visibility_control.h
[79.150s] -- Installing: /home/HwHiAiUser/wheeltec_ros2/install/turn_on_wheeltec_robot/lib/libturn_on_wheeltec_robot__rosidl_typesupport_introspection_c.so
[79.151s] -- Set runtime path of "/home/HwHiAiUser/wheeltec_ros2/install/turn_on_wheeltec_robot/lib/libturn_on_wheeltec_robot__rosidl_typesupport_introspection_c.so" to ""
[79.151s] -- Installing: /home/HwHiAiUser/wheeltec_ros2/install/turn_on_wheeltec_robot/lib/libturn_on_wheeltec_robot__rosidl_typesupport_c.so
[79.151s] -- Set runtime path of "/home/HwHiAiUser/wheeltec_ros2/install/turn_on_wheeltec_robot/lib/libturn_on_wheeltec_robot__rosidl_typesupport_c.so" to ""
[79.152s] -- Up-to-date: /home/HwHiAiUser/wheeltec_ros2/install/turn_on_wheeltec_robot/include/turn_on_wheeltec_robot/turn_on_wheeltec_robot
[79.153s] -- Up-to-date: /home/HwHiAiUser/wheeltec_ros2/install/turn_on_wheeltec_robot/include/turn_on_wheeltec_robot/turn_on_wheeltec_robot/msg
[79.153s] -- Up-to-date: /home/HwHiAiUser/wheeltec_ros2/install/turn_on_wheeltec_robot/include/turn_on_wheeltec_robot/turn_on_wheeltec_robot/msg/detail
[79.153s] -- Up-to-date: /home/HwHiAiUser/wheeltec_ros2/install/turn_on_wheeltec_robot/include/turn_on_wheeltec_robot/turn_on_wheeltec_robot/msg/detail/position__rosidl_typesupport_introspection_cpp.hpp
[79.153s] -- Up-to-date: /home/HwHiAiUser/wheeltec_ros2/install/turn_on_wheeltec_robot/include/turn_on_wheeltec_robot/turn_on_wheeltec_robot/msg/detail/position__type_support.cpp
[79.153s] -- Installing: /home/HwHiAiUser/wheeltec_ros2/install/turn_on_wheeltec_robot/lib/libturn_on_wheeltec_robot__rosidl_typesupport_introspection_cpp.so
[79.153s] -- Set runtime path of "/home/HwHiAiUser/wheeltec_ros2/install/turn_on_wheeltec_robot/lib/libturn_on_wheeltec_robot__rosidl_typesupport_introspection_cpp.so" to ""
[79.154s] -- Installing: /home/HwHiAiUser/wheeltec_ros2/install/turn_on_wheeltec_robot/lib/libturn_on_wheeltec_robot__rosidl_typesupport_cpp.so
[79.154s] -- Set runtime path of "/home/HwHiAiUser/wheeltec_ros2/install/turn_on_wheeltec_robot/lib/libturn_on_wheeltec_robot__rosidl_typesupport_cpp.so" to ""
[79.154s] -- Up-to-date: /home/HwHiAiUser/wheeltec_ros2/install/turn_on_wheeltec_robot/share/turn_on_wheeltec_robot/environment/pythonpath.sh
[79.154s] -- Installing: /home/HwHiAiUser/wheeltec_ros2/install/turn_on_wheeltec_robot/share/turn_on_wheeltec_robot/environment/pythonpath.dsv
[79.154s] -- Up-to-date: /home/HwHiAiUser/wheeltec_ros2/install/turn_on_wheeltec_robot/local/lib/python3.10/dist-packages/turn_on_wheeltec_robot-0.0.0-py3.10.egg-info
[79.154s] -- Installing: /home/HwHiAiUser/wheeltec_ros2/install/turn_on_wheeltec_robot/local/lib/python3.10/dist-packages/turn_on_wheeltec_robot-0.0.0-py3.10.egg-info/dependency_links.txt
[79.155s] -- Installing: /home/HwHiAiUser/wheeltec_ros2/install/turn_on_wheeltec_robot/local/lib/python3.10/dist-packages/turn_on_wheeltec_robot-0.0.0-py3.10.egg-info/SOURCES.txt
[79.155s] -- Installing: /home/HwHiAiUser/wheeltec_ros2/install/turn_on_wheeltec_robot/local/lib/python3.10/dist-packages/turn_on_wheeltec_robot-0.0.0-py3.10.egg-info/PKG-INFO
[79.155s] -- Installing: /home/HwHiAiUser/wheeltec_ros2/install/turn_on_wheeltec_robot/local/lib/python3.10/dist-packages/turn_on_wheeltec_robot-0.0.0-py3.10.egg-info/top_level.txt
[79.155s] -- Up-to-date: /home/HwHiAiUser/wheeltec_ros2/install/turn_on_wheeltec_robot/local/lib/python3.10/dist-packages/turn_on_wheeltec_robot
[79.155s] -- Up-to-date: /home/HwHiAiUser/wheeltec_ros2/install/turn_on_wheeltec_robot/local/lib/python3.10/dist-packages/turn_on_wheeltec_robot/_turn_on_wheeltec_robot_s.ep.rosidl_typesupport_introspection_c.c
[79.155s] -- Installing: /home/HwHiAiUser/wheeltec_ros2/install/turn_on_wheeltec_robot/local/lib/python3.10/dist-packages/turn_on_wheeltec_robot/__init__.py
[79.156s] -- Up-to-date: /home/HwHiAiUser/wheeltec_ros2/install/turn_on_wheeltec_robot/local/lib/python3.10/dist-packages/turn_on_wheeltec_robot/msg
[79.156s] -- Up-to-date: /home/HwHiAiUser/wheeltec_ros2/install/turn_on_wheeltec_robot/local/lib/python3.10/dist-packages/turn_on_wheeltec_robot/msg/__init__.py
[79.156s] -- Up-to-date: /home/HwHiAiUser/wheeltec_ros2/install/turn_on_wheeltec_robot/local/lib/python3.10/dist-packages/turn_on_wheeltec_robot/msg/_position_s.c
[79.156s] -- Up-to-date: /home/HwHiAiUser/wheeltec_ros2/install/turn_on_wheeltec_robot/local/lib/python3.10/dist-packages/turn_on_wheeltec_robot/msg/_position.py
[79.157s] -- Installing: /home/HwHiAiUser/wheeltec_ros2/install/turn_on_wheeltec_robot/local/lib/python3.10/dist-packages/turn_on_wheeltec_robot/turn_on_wheeltec_robot_s__rosidl_typesupport_c.cpython-310-aarch64-linux-gnu.so
[79.157s] -- Installing: /home/HwHiAiUser/wheeltec_ros2/install/turn_on_wheeltec_robot/local/lib/python3.10/dist-packages/turn_on_wheeltec_robot/libturn_on_wheeltec_robot__rosidl_generator_py.so
[79.157s] -- Installing: /home/HwHiAiUser/wheeltec_ros2/install/turn_on_wheeltec_robot/local/lib/python3.10/dist-packages/turn_on_wheeltec_robot/turn_on_wheeltec_robot_s__rosidl_typesupport_introspection_c.cpython-310-aarch64-linux-gnu.so
[79.157s] -- Up-to-date: /home/HwHiAiUser/wheeltec_ros2/install/turn_on_wheeltec_robot/local/lib/python3.10/dist-packages/turn_on_wheeltec_robot/_turn_on_wheeltec_robot_s.ep.rosidl_typesupport_c.c
[79.157s] -- Installing: /home/HwHiAiUser/wheeltec_ros2/install/turn_on_wheeltec_robot/local/lib/python3.10/dist-packages/turn_on_wheeltec_robot/turn_on_wheeltec_robot_s__rosidl_typesupport_fastrtps_c.cpython-310-aarch64-linux-gnu.so
[79.157s] -- Up-to-date: /home/HwHiAiUser/wheeltec_ros2/install/turn_on_wheeltec_robot/local/lib/python3.10/dist-packages/turn_on_wheeltec_robot/_turn_on_wheeltec_robot_s.ep.rosidl_typesupport_fastrtps_c.c
[79.251s] Listing '/home/HwHiAiUser/wheeltec_ros2/install/turn_on_wheeltec_robot/local/lib/python3.10/dist-packages/turn_on_wheeltec_robot'...
[79.251s] Compiling '/home/HwHiAiUser/wheeltec_ros2/install/turn_on_wheeltec_robot/local/lib/python3.10/dist-packages/turn_on_wheeltec_robot/__init__.py'...
[79.251s] Listing '/home/HwHiAiUser/wheeltec_ros2/install/turn_on_wheeltec_robot/local/lib/python3.10/dist-packages/turn_on_wheeltec_robot/msg'...
[79.274s] -- Installing: /home/HwHiAiUser/wheeltec_ros2/install/turn_on_wheeltec_robot/local/lib/python3.10/dist-packages/turn_on_wheeltec_robot/turn_on_wheeltec_robot_s__rosidl_typesupport_fastrtps_c.cpython-310-aarch64-linux-gnu.so
[79.274s] -- Set runtime path of "/home/HwHiAiUser/wheeltec_ros2/install/turn_on_wheeltec_robot/local/lib/python3.10/dist-packages/turn_on_wheeltec_robot/turn_on_wheeltec_robot_s__rosidl_typesupport_fastrtps_c.cpython-310-aarch64-linux-gnu.so" to ""
[79.274s] -- Installing: /home/HwHiAiUser/wheeltec_ros2/install/turn_on_wheeltec_robot/local/lib/python3.10/dist-packages/turn_on_wheeltec_robot/turn_on_wheeltec_robot_s__rosidl_typesupport_introspection_c.cpython-310-aarch64-linux-gnu.so
[79.275s] -- Set runtime path of "/home/HwHiAiUser/wheeltec_ros2/install/turn_on_wheeltec_robot/local/lib/python3.10/dist-packages/turn_on_wheeltec_robot/turn_on_wheeltec_robot_s__rosidl_typesupport_introspection_c.cpython-310-aarch64-linux-gnu.so" to ""
[79.275s] -- Installing: /home/HwHiAiUser/wheeltec_ros2/install/turn_on_wheeltec_robot/local/lib/python3.10/dist-packages/turn_on_wheeltec_robot/turn_on_wheeltec_robot_s__rosidl_typesupport_c.cpython-310-aarch64-linux-gnu.so
[79.276s] -- Set runtime path of "/home/HwHiAiUser/wheeltec_ros2/install/turn_on_wheeltec_robot/local/lib/python3.10/dist-packages/turn_on_wheeltec_robot/turn_on_wheeltec_robot_s__rosidl_typesupport_c.cpython-310-aarch64-linux-gnu.so" to ""
[79.277s] -- Installing: /home/HwHiAiUser/wheeltec_ros2/install/turn_on_wheeltec_robot/lib/libturn_on_wheeltec_robot__rosidl_generator_py.so
[79.278s] -- Set runtime path of "/home/HwHiAiUser/wheeltec_ros2/install/turn_on_wheeltec_robot/lib/libturn_on_wheeltec_robot__rosidl_generator_py.so" to ""
[79.278s] -- Up-to-date: /home/HwHiAiUser/wheeltec_ros2/install/turn_on_wheeltec_robot/share/turn_on_wheeltec_robot/msg/Position.idl
[79.278s] -- Up-to-date: /home/HwHiAiUser/wheeltec_ros2/install/turn_on_wheeltec_robot/share/turn_on_wheeltec_robot/msg/Position.msg
[79.279s] -- Installing: /home/HwHiAiUser/wheeltec_ros2/install/turn_on_wheeltec_robot/lib/turn_on_wheeltec_robot/wheeltec_robot_node
[79.284s] -- Set runtime path of "/home/HwHiAiUser/wheeltec_ros2/install/turn_on_wheeltec_robot/lib/turn_on_wheeltec_robot/wheeltec_robot_node" to ""
[79.285s] -- Up-to-date: /home/HwHiAiUser/wheeltec_ros2/install/turn_on_wheeltec_robot/share/turn_on_wheeltec_robot/launch
[79.285s] -- Up-to-date: /home/HwHiAiUser/wheeltec_ros2/install/turn_on_wheeltec_robot/share/turn_on_wheeltec_robot/launch/wheeltec_sensors.launch.py
[79.285s] -- Up-to-date: /home/HwHiAiUser/wheeltec_ros2/install/turn_on_wheeltec_robot/share/turn_on_wheeltec_robot/launch/wheeltec_camera.launch.py
[79.285s] -- Up-to-date: /home/HwHiAiUser/wheeltec_ros2/install/turn_on_wheeltec_robot/share/turn_on_wheeltec_robot/launch/include
[79.286s] -- Up-to-date: /home/HwHiAiUser/wheeltec_ros2/install/turn_on_wheeltec_robot/share/turn_on_wheeltec_robot/launch/include/base_serial_h30imu.launch.py
[79.286s] -- Up-to-date: /home/HwHiAiUser/wheeltec_ros2/install/turn_on_wheeltec_robot/share/turn_on_wheeltec_robot/launch/include/turn_on_wheeltec_robot_h30imu.launch.py
[79.287s] -- Up-to-date: /home/HwHiAiUser/wheeltec_ros2/install/turn_on_wheeltec_robot/share/turn_on_wheeltec_robot/launch/__pycache__
[79.287s] -- Up-to-date: /home/HwHiAiUser/wheeltec_ros2/install/turn_on_wheeltec_robot/share/turn_on_wheeltec_robot/launch/__pycache__/testtwo.launch.cpython-38.pyc
[79.287s] -- Up-to-date: /home/HwHiAiUser/wheeltec_ros2/install/turn_on_wheeltec_robot/share/turn_on_wheeltec_robot/launch/robot_mode_description.launch.py
[79.287s] -- Up-to-date: /home/HwHiAiUser/wheeltec_ros2/install/turn_on_wheeltec_robot/share/turn_on_wheeltec_robot/launch/turn_on_wheeltec_robot.launch.py
[79.288s] -- Up-to-date: /home/HwHiAiUser/wheeltec_ros2/install/turn_on_wheeltec_robot/share/turn_on_wheeltec_robot/launch/custom_urdf_nav.launch.py
[79.288s] -- Installing: /home/HwHiAiUser/wheeltec_ros2/install/turn_on_wheeltec_robot/share/turn_on_wheeltec_robot/launch/base_serial.launch.py
[79.288s] -- Up-to-date: /home/HwHiAiUser/wheeltec_ros2/install/turn_on_wheeltec_robot/share/turn_on_wheeltec_robot/launch/wheeltec_lidar.launch.py
[79.288s] -- Up-to-date: /home/HwHiAiUser/wheeltec_ros2/install/turn_on_wheeltec_robot/share/turn_on_wheeltec_robot/launch/wheeltec_ekf.launch.py
[79.289s] -- Up-to-date: /home/HwHiAiUser/wheeltec_ros2/install/turn_on_wheeltec_robot/share/turn_on_wheeltec_robot/launch/robot_mode_description_minibot.launch.py
[79.289s] -- Up-to-date: /home/HwHiAiUser/wheeltec_ros2/install/turn_on_wheeltec_robot/share/turn_on_wheeltec_robot/config
[79.289s] -- Up-to-date: /home/HwHiAiUser/wheeltec_ros2/install/turn_on_wheeltec_robot/share/turn_on_wheeltec_robot/config/ekf_carto.yaml
[79.289s] -- Up-to-date: /home/HwHiAiUser/wheeltec_ros2/install/turn_on_wheeltec_robot/share/turn_on_wheeltec_robot/config/imu.yaml
[79.289s] -- Up-to-date: /home/HwHiAiUser/wheeltec_ros2/install/turn_on_wheeltec_robot/share/turn_on_wheeltec_robot/config/camera_info.yaml
[79.289s] -- Up-to-date: /home/HwHiAiUser/wheeltec_ros2/install/turn_on_wheeltec_robot/share/turn_on_wheeltec_robot/config/ekf.yaml
[79.290s] -- Up-to-date: /home/HwHiAiUser/wheeltec_ros2/install/turn_on_wheeltec_robot/share/ament_index/resource_index/package_run_dependencies/turn_on_wheeltec_robot
[79.290s] -- Installing: /home/HwHiAiUser/wheeltec_ros2/install/turn_on_wheeltec_robot/share/ament_index/resource_index/parent_prefix_path/turn_on_wheeltec_robot
[79.290s] -- Up-to-date: /home/HwHiAiUser/wheeltec_ros2/install/turn_on_wheeltec_robot/share/turn_on_wheeltec_robot/environment/ament_prefix_path.sh
[79.290s] -- Installing: /home/HwHiAiUser/wheeltec_ros2/install/turn_on_wheeltec_robot/share/turn_on_wheeltec_robot/environment/ament_prefix_path.dsv
[79.290s] -- Up-to-date: /home/HwHiAiUser/wheeltec_ros2/install/turn_on_wheeltec_robot/share/turn_on_wheeltec_robot/environment/path.sh
[79.291s] -- Installing: /home/HwHiAiUser/wheeltec_ros2/install/turn_on_wheeltec_robot/share/turn_on_wheeltec_robot/environment/path.dsv
[79.291s] -- Up-to-date: /home/HwHiAiUser/wheeltec_ros2/install/turn_on_wheeltec_robot/share/turn_on_wheeltec_robot/local_setup.bash
[79.291s] -- Up-to-date: /home/HwHiAiUser/wheeltec_ros2/install/turn_on_wheeltec_robot/share/turn_on_wheeltec_robot/local_setup.sh
[79.291s] -- Up-to-date: /home/HwHiAiUser/wheeltec_ros2/install/turn_on_wheeltec_robot/share/turn_on_wheeltec_robot/local_setup.zsh
[79.291s] -- Installing: /home/HwHiAiUser/wheeltec_ros2/install/turn_on_wheeltec_robot/share/turn_on_wheeltec_robot/local_setup.dsv
[79.292s] -- Installing: /home/HwHiAiUser/wheeltec_ros2/install/turn_on_wheeltec_robot/share/turn_on_wheeltec_robot/package.dsv
[79.292s] -- Up-to-date: /home/HwHiAiUser/wheeltec_ros2/install/turn_on_wheeltec_robot/share/ament_index/resource_index/packages/turn_on_wheeltec_robot
[79.292s] -- Up-to-date: /home/HwHiAiUser/wheeltec_ros2/install/turn_on_wheeltec_robot/share/turn_on_wheeltec_robot/cmake/export_turn_on_wheeltec_robot__rosidl_generator_cExport.cmake
[79.292s] -- Installing: /home/HwHiAiUser/wheeltec_ros2/install/turn_on_wheeltec_robot/share/turn_on_wheeltec_robot/cmake/export_turn_on_wheeltec_robot__rosidl_generator_cExport-release.cmake
[79.293s] -- Up-to-date: /home/HwHiAiUser/wheeltec_ros2/install/turn_on_wheeltec_robot/share/turn_on_wheeltec_robot/cmake/export_turn_on_wheeltec_robot__rosidl_typesupport_fastrtps_cExport.cmake
[79.293s] -- Installing: /home/HwHiAiUser/wheeltec_ros2/install/turn_on_wheeltec_robot/share/turn_on_wheeltec_robot/cmake/export_turn_on_wheeltec_robot__rosidl_typesupport_fastrtps_cExport-release.cmake
[79.293s] -- Up-to-date: /home/HwHiAiUser/wheeltec_ros2/install/turn_on_wheeltec_robot/share/turn_on_wheeltec_robot/cmake/export_turn_on_wheeltec_robot__rosidl_generator_cppExport.cmake
[79.293s] -- Up-to-date: /home/HwHiAiUser/wheeltec_ros2/install/turn_on_wheeltec_robot/share/turn_on_wheeltec_robot/cmake/export_turn_on_wheeltec_robot__rosidl_typesupport_fastrtps_cppExport.cmake
[79.294s] -- Installing: /home/HwHiAiUser/wheeltec_ros2/install/turn_on_wheeltec_robot/share/turn_on_wheeltec_robot/cmake/export_turn_on_wheeltec_robot__rosidl_typesupport_fastrtps_cppExport-release.cmake
[79.294s] -- Up-to-date: /home/HwHiAiUser/wheeltec_ros2/install/turn_on_wheeltec_robot/share/turn_on_wheeltec_robot/cmake/turn_on_wheeltec_robot__rosidl_typesupport_introspection_cExport.cmake
[79.294s] -- Installing: /home/HwHiAiUser/wheeltec_ros2/install/turn_on_wheeltec_robot/share/turn_on_wheeltec_robot/cmake/turn_on_wheeltec_robot__rosidl_typesupport_introspection_cExport-release.cmake
[79.294s] -- Up-to-date: /home/HwHiAiUser/wheeltec_ros2/install/turn_on_wheeltec_robot/share/turn_on_wheeltec_robot/cmake/turn_on_wheeltec_robot__rosidl_typesupport_cExport.cmake
[79.294s] -- Installing: /home/HwHiAiUser/wheeltec_ros2/install/turn_on_wheeltec_robot/share/turn_on_wheeltec_robot/cmake/turn_on_wheeltec_robot__rosidl_typesupport_cExport-release.cmake
[79.295s] -- Up-to-date: /home/HwHiAiUser/wheeltec_ros2/install/turn_on_wheeltec_robot/share/turn_on_wheeltec_robot/cmake/turn_on_wheeltec_robot__rosidl_typesupport_introspection_cppExport.cmake
[79.296s] -- Installing: /home/HwHiAiUser/wheeltec_ros2/install/turn_on_wheeltec_robot/share/turn_on_wheeltec_robot/cmake/turn_on_wheeltec_robot__rosidl_typesupport_introspection_cppExport-release.cmake
[79.296s] -- Up-to-date: /home/HwHiAiUser/wheeltec_ros2/install/turn_on_wheeltec_robot/share/turn_on_wheeltec_robot/cmake/turn_on_wheeltec_robot__rosidl_typesupport_cppExport.cmake
[79.296s] -- Installing: /home/HwHiAiUser/wheeltec_ros2/install/turn_on_wheeltec_robot/share/turn_on_wheeltec_robot/cmake/turn_on_wheeltec_robot__rosidl_typesupport_cppExport-release.cmake
[79.296s] -- Up-to-date: /home/HwHiAiUser/wheeltec_ros2/install/turn_on_wheeltec_robot/share/turn_on_wheeltec_robot/cmake/export_turn_on_wheeltec_robot__rosidl_generator_pyExport.cmake
[79.297s] -- Installing: /home/HwHiAiUser/wheeltec_ros2/install/turn_on_wheeltec_robot/share/turn_on_wheeltec_robot/cmake/export_turn_on_wheeltec_robot__rosidl_generator_pyExport-release.cmake
[79.297s] -- Up-to-date: /home/HwHiAiUser/wheeltec_ros2/install/turn_on_wheeltec_robot/share/turn_on_wheeltec_robot/cmake/rosidl_cmake-extras.cmake
[79.297s] -- Up-to-date: /home/HwHiAiUser/wheeltec_ros2/install/turn_on_wheeltec_robot/share/turn_on_wheeltec_robot/cmake/ament_cmake_export_include_directories-extras.cmake
[79.297s] -- Up-to-date: /home/HwHiAiUser/wheeltec_ros2/install/turn_on_wheeltec_robot/share/turn_on_wheeltec_robot/cmake/ament_cmake_export_libraries-extras.cmake
[79.297s] -- Up-to-date: /home/HwHiAiUser/wheeltec_ros2/install/turn_on_wheeltec_robot/share/turn_on_wheeltec_robot/cmake/ament_cmake_export_targets-extras.cmake
[79.297s] -- Up-to-date: /home/HwHiAiUser/wheeltec_ros2/install/turn_on_wheeltec_robot/share/turn_on_wheeltec_robot/cmake/rosidl_cmake_export_typesupport_targets-extras.cmake
[79.298s] -- Up-to-date: /home/HwHiAiUser/wheeltec_ros2/install/turn_on_wheeltec_robot/share/turn_on_wheeltec_robot/cmake/ament_cmake_export_dependencies-extras.cmake
[79.298s] -- Up-to-date: /home/HwHiAiUser/wheeltec_ros2/install/turn_on_wheeltec_robot/share/turn_on_wheeltec_robot/cmake/rosidl_cmake_export_typesupport_libraries-extras.cmake
[79.298s] -- Up-to-date: /home/HwHiAiUser/wheeltec_ros2/install/turn_on_wheeltec_robot/share/turn_on_wheeltec_robot/cmake/turn_on_wheeltec_robotConfig.cmake
[79.298s] -- Up-to-date: /home/HwHiAiUser/wheeltec_ros2/install/turn_on_wheeltec_robot/share/turn_on_wheeltec_robot/cmake/turn_on_wheeltec_robotConfig-version.cmake
[79.298s] -- Up-to-date: /home/HwHiAiUser/wheeltec_ros2/install/turn_on_wheeltec_robot/share/turn_on_wheeltec_robot/package.xml
[79.301s] Invoked command in '/home/HwHiAiUser/wheeltec_ros2/build/turn_on_wheeltec_robot' returned '0': CMAKE_PREFIX_PATH=/home/HwHiAiUser/wheeltec_ros2/install/wheeltec_robot_msg:/home/HwHiAiUser/wheeltec_ros2/install/serial:/home/HwHiAiUser/wheeltec_ros2/install/ackermann_msgs:/home/HwHiAiUser/wheeltec_ros2/install/yesense_std_ros2:/home/HwHiAiUser/wheeltec_ros2/install/yesense_interface:/home/HwHiAiUser/wheeltec_ros2/install/wheeltec_rviz2:/home/HwHiAiUser/wheeltec_ros2/install/wheeltec_robot_urdf:/home/HwHiAiUser/wheeltec_ros2/install/turn_on_wheeltec_robot:/home/HwHiAiUser/wheeltec_ros2/install/web_video_server:/home/HwHiAiUser/wheeltec_ros2/install/usb_cam:/home/HwHiAiUser/wheeltec_ros2/install/rplidar_ros:/home/HwHiAiUser/wheeltec_ros2/install/lslidar_driver:/home/HwHiAiUser/wheeltec_ros2/install/lslidar_msgs:/home/HwHiAiUser/wheeltec_ros2/install/ldlidar_stl_ros2:/home/HwHiAiUser/wheeltec_ros2/install/ldlidar_sl_ros2:/home/HwHiAiUser/wheeltec_ros2/install/ldlidar:/home/HwHiAiUser/wheeltec_ros2/install/wheeltec_robot_keyboard:/home/HwHiAiUser/wheeltec_ros2/install/tf2_tools:/opt/ros/humble LD_LIBRARY_PATH=/home/HwHiAiUser/wheeltec_ros2/install/wheeltec_robot_msg/lib:/home/HwHiAiUser/wheeltec_ros2/install/ackermann_msgs/lib:/usr/local/Ascend/ascend-toolkit/latest/tools/aml/lib64:/usr/local/Ascend/ascend-toolkit/latest/tools/aml/lib64/plugin:/usr/local/Ascend/ascend-toolkit/latest/lib64:/usr/local/Ascend/ascend-toolkit/latest/lib64/plugin/opskernel:/usr/local/Ascend/ascend-toolkit/latest/lib64/plugin/nnengine:/usr/local/Ascend/ascend-toolkit/latest/opp/built-in/op_impl/ai_core/tbe/op_tiling/lib/linux/aarch64:/lib64:/var/davinci/driver/lib64:/var/davinci/driver/lib64/common:/var/davinci/driver/lib64/driver:/usr/local/Ascend/ascend-toolkit/laster/runtime/lib64/stub/aarch64:/usr/local/Ascend/ascend-toolkit/laster/lib64:/usr/local/Ascend/ascend-toolkit/laster/lib64/plugin/opskernel:/usr/local/Ascend/ascend-toolkit/laster/lib64/plugin/nnengine:/usr/local/Ascend/ascend-toolkit/laster/opp/built-in/op_impl/ai_core/tbe/op_tiling:/usr/local/Ascend/driver/lib64:/var/davinci/driver/lib64:/var/davinci/driver/lib64/common:/var/davinci/driver/lib64/driver:/home/HwHiAiUser/wheeltec_ros2/install/yesense_interface/lib:/home/HwHiAiUser/wheeltec_ros2/install/turn_on_wheeltec_robot/lib:/home/HwHiAiUser/wheeltec_ros2/install/usb_cam/lib:/home/HwHiAiUser/wheeltec_ros2/install/serial/lib:/home/HwHiAiUser/wheeltec_ros2/install/lslidar_msgs/lib:/opt/ros/humble/opt/rviz_ogre_vendor/lib:/opt/ros/humble/lib/aarch64-linux-gnu:/opt/ros/humble/lib:/usr/local/Ascend/ascend-toolkit/latest/tools/aml/lib64:/usr/local/Ascend/ascend-toolkit/latest/tools/aml/lib64/plugin:/usr/local/Ascend/ascend-toolkit/latest/lib64:/usr/local/Ascend/ascend-toolkit/latest/lib64/plugin/opskernel:/usr/local/Ascend/ascend-toolkit/latest/lib64/plugin/nnengine:/usr/local/Ascend/ascend-toolkit/latest/opp/built-in/op_impl/ai_core/tbe/op_tiling/lib/linux/aarch64:/lib64:/var/davinci/driver/lib64:/var/davinci/driver/lib64/common:/var/davinci/driver/lib64/driver:/usr/local/Ascend/ascend-toolkit/laster/runtime/lib64/stub/aarch64:/usr/local/Ascend/ascend-toolkit/laster/lib64:/usr/local/Ascend/ascend-toolkit/laster/lib64/plugin/opskernel:/usr/local/Ascend/ascend-toolkit/laster/lib64/plugin/nnengine:/usr/local/Ascend/ascend-toolkit/laster/opp/built-in/op_impl/ai_core/tbe/op_tiling:/usr/local/Ascend/driver/lib64:/var/davinci/driver/lib64:/var/davinci/driver/lib64/common:/var/davinci/driver/lib64/driver:/usr/local/Ascend/ascend-toolkit/laster/runtime/lib64/stub/aarch64:/usr/local/Ascend/ascend-toolkit/laster/lib64:/usr/local/Ascend/ascend-toolkit/laster/lib64/plugin/opskernel:/usr/local/Ascend/ascend-toolkit/laster/lib64/plugin/nnengine:/usr/local/Ascend/ascend-toolkit/laster/opp/built-in/op_impl/ai_core/tbe/op_tiling:/usr/local/Ascend/driver/lib64:/var/davinci/driver/lib64:/var/davinci/driver/lib64/common:/var/davinci/driver/lib64/driver _=/usr/bin/env /usr/bin/cmake --install /home/HwHiAiUser/wheeltec_ros2/build/turn_on_wheeltec_robot
