-- The C compiler identification is GNU 11.4.0
-- The CXX compiler identification is GNU 11.4.0
-- Detecting C compiler ABI info
-- Detecting C compiler ABI info - done
-- Check for working C compiler: /usr/bin/cc - skipped
-- Detecting C compile features
-- Detecting C compile features - done
-- Detecting CXX compiler ABI info
-- Detecting CXX compiler ABI info - done
-- Check for working CXX compiler: /usr/bin/c++ - skipped
-- Detecting CXX compile features
-- Detecting CXX compile features - done
-- Found ament_cmake: 1.3.12 (/opt/ros/humble/share/ament_cmake/cmake)
-- Found Python3: /usr/bin/python3 (found version "3.10.12") found components: Interpreter 
-- Found urdf: 2.6.1 (/opt/ros/humble/share/urdf/cmake)
-- Configuring done
-- Generating done
-- Build files have been written to: /home/HwHiAiUser/wheeltec_ros2/build/wheeltec_robot_urdf
-- Install configuration: ""
-- Installing: /home/HwHiAiUser/wheeltec_ros2/install/wheeltec_robot_urdf/share/wheeltec_robot_urdf/meshes
-- Installing: /home/HwHiAiUser/wheeltec_ros2/install/wheeltec_robot_urdf/share/wheeltec_robot_urdf/meshes/top_mec_EightDrive_robot_meshes
-- Installing: /home/HwHiAiUser/wheeltec_ros2/install/wheeltec_robot_urdf/share/wheeltec_robot_urdf/meshes/top_mec_EightDrive_robot_meshes/base_link.STL
-- Installing: /home/HwHiAiUser/wheeltec_ros2/install/wheeltec_robot_urdf/share/wheeltec_robot_urdf/meshes/top_mec_EightDrive_robot_meshes/right_wheel2_link.STL
-- Installing: /home/HwHiAiUser/wheeltec_ros2/install/wheeltec_robot_urdf/share/wheeltec_robot_urdf/meshes/top_mec_EightDrive_robot_meshes/left_wheel2_link.STL
-- Installing: /home/HwHiAiUser/wheeltec_ros2/install/wheeltec_robot_urdf/share/wheeltec_robot_urdf/meshes/top_mec_EightDrive_robot_meshes/laser.STL
-- Installing: /home/HwHiAiUser/wheeltec_ros2/install/wheeltec_robot_urdf/share/wheeltec_robot_urdf/meshes/top_mec_EightDrive_robot_meshes/controller_link.STL
-- Installing: /home/HwHiAiUser/wheeltec_ros2/install/wheeltec_robot_urdf/share/wheeltec_robot_urdf/meshes/top_mec_EightDrive_robot_meshes/camera_link.STL
-- Installing: /home/HwHiAiUser/wheeltec_ros2/install/wheeltec_robot_urdf/share/wheeltec_robot_urdf/meshes/top_mec_EightDrive_robot_meshes/left_wheel1_link.STL
-- Installing: /home/HwHiAiUser/wheeltec_ros2/install/wheeltec_robot_urdf/share/wheeltec_robot_urdf/meshes/top_mec_EightDrive_robot_meshes/left_wheel4_link.STL
-- Installing: /home/HwHiAiUser/wheeltec_ros2/install/wheeltec_robot_urdf/share/wheeltec_robot_urdf/meshes/top_mec_EightDrive_robot_meshes/left_wheel3_link.STL
-- Installing: /home/HwHiAiUser/wheeltec_ros2/install/wheeltec_robot_urdf/share/wheeltec_robot_urdf/meshes/top_mec_EightDrive_robot_meshes/right_wheel1_link.STL
-- Installing: /home/HwHiAiUser/wheeltec_ros2/install/wheeltec_robot_urdf/share/wheeltec_robot_urdf/meshes/top_mec_EightDrive_robot_meshes/right_wheel3_link.STL
-- Installing: /home/HwHiAiUser/wheeltec_ros2/install/wheeltec_robot_urdf/share/wheeltec_robot_urdf/meshes/top_mec_EightDrive_robot_meshes/right_wheel4_link.STL
-- Installing: /home/HwHiAiUser/wheeltec_ros2/install/wheeltec_robot_urdf/share/wheeltec_robot_urdf/meshes/senior_akm_bs_meshes
-- Installing: /home/HwHiAiUser/wheeltec_ros2/install/wheeltec_robot_urdf/share/wheeltec_robot_urdf/meshes/senior_akm_bs_meshes/base_link.STL
-- Installing: /home/HwHiAiUser/wheeltec_ros2/install/wheeltec_robot_urdf/share/wheeltec_robot_urdf/meshes/senior_akm_bs_meshes/rf_1_link.STL
-- Installing: /home/HwHiAiUser/wheeltec_ros2/install/wheeltec_robot_urdf/share/wheeltec_robot_urdf/meshes/senior_akm_bs_meshes/lb_wheel_link.STL
-- Installing: /home/HwHiAiUser/wheeltec_ros2/install/wheeltec_robot_urdf/share/wheeltec_robot_urdf/meshes/senior_akm_bs_meshes/lf_wheel_link.STL
-- Installing: /home/HwHiAiUser/wheeltec_ros2/install/wheeltec_robot_urdf/share/wheeltec_robot_urdf/meshes/senior_akm_bs_meshes/rf_2_link.STL
-- Installing: /home/HwHiAiUser/wheeltec_ros2/install/wheeltec_robot_urdf/share/wheeltec_robot_urdf/meshes/senior_akm_bs_meshes/controller_link.STL
-- Installing: /home/HwHiAiUser/wheeltec_ros2/install/wheeltec_robot_urdf/share/wheeltec_robot_urdf/meshes/senior_akm_bs_meshes/camera_link.STL
-- Installing: /home/HwHiAiUser/wheeltec_ros2/install/wheeltec_robot_urdf/share/wheeltec_robot_urdf/meshes/senior_akm_bs_meshes/lf_1_link.STL
-- Installing: /home/HwHiAiUser/wheeltec_ros2/install/wheeltec_robot_urdf/share/wheeltec_robot_urdf/meshes/senior_akm_bs_meshes/lf_2_link.STL
-- Installing: /home/HwHiAiUser/wheeltec_ros2/install/wheeltec_robot_urdf/share/wheeltec_robot_urdf/meshes/senior_akm_bs_meshes/rb_wheel_link.STL
-- Installing: /home/HwHiAiUser/wheeltec_ros2/install/wheeltec_robot_urdf/share/wheeltec_robot_urdf/meshes/senior_akm_bs_meshes/rf_wheel_link.STL
-- Installing: /home/HwHiAiUser/wheeltec_ros2/install/wheeltec_robot_urdf/share/wheeltec_robot_urdf/meshes/senior_akm_bs_meshes/laser_link.STL
-- Installing: /home/HwHiAiUser/wheeltec_ros2/install/wheeltec_robot_urdf/share/wheeltec_robot_urdf/meshes/mini_tank_moveit_four_meshes
-- Installing: /home/HwHiAiUser/wheeltec_ros2/install/wheeltec_robot_urdf/share/wheeltec_robot_urdf/meshes/mini_tank_moveit_four_meshes/base_link.STL
-- Installing: /home/HwHiAiUser/wheeltec_ros2/install/wheeltec_robot_urdf/share/wheeltec_robot_urdf/meshes/mini_tank_moveit_four_meshes/j2_link.STL
-- Installing: /home/HwHiAiUser/wheeltec_ros2/install/wheeltec_robot_urdf/share/wheeltec_robot_urdf/meshes/mini_tank_moveit_four_meshes/j4_2_link.STL
-- Installing: /home/HwHiAiUser/wheeltec_ros2/install/wheeltec_robot_urdf/share/wheeltec_robot_urdf/meshes/mini_tank_moveit_four_meshes/j4_6_link.STL
-- Installing: /home/HwHiAiUser/wheeltec_ros2/install/wheeltec_robot_urdf/share/wheeltec_robot_urdf/meshes/mini_tank_moveit_four_meshes/right5_link.STL
-- Installing: /home/HwHiAiUser/wheeltec_ros2/install/wheeltec_robot_urdf/share/wheeltec_robot_urdf/meshes/mini_tank_moveit_four_meshes/right_belt_link.STL
-- Installing: /home/HwHiAiUser/wheeltec_ros2/install/wheeltec_robot_urdf/share/wheeltec_robot_urdf/meshes/mini_tank_moveit_four_meshes/left6_link.STL
-- Installing: /home/HwHiAiUser/wheeltec_ros2/install/wheeltec_robot_urdf/share/wheeltec_robot_urdf/meshes/mini_tank_moveit_four_meshes/right4_link.STL
-- Installing: /home/HwHiAiUser/wheeltec_ros2/install/wheeltec_robot_urdf/share/wheeltec_robot_urdf/meshes/mini_tank_moveit_four_meshes/laser.STL
-- Installing: /home/HwHiAiUser/wheeltec_ros2/install/wheeltec_robot_urdf/share/wheeltec_robot_urdf/meshes/mini_tank_moveit_four_meshes/controller_link.STL
-- Installing: /home/HwHiAiUser/wheeltec_ros2/install/wheeltec_robot_urdf/share/wheeltec_robot_urdf/meshes/mini_tank_moveit_four_meshes/camera_link.STL
-- Installing: /home/HwHiAiUser/wheeltec_ros2/install/wheeltec_robot_urdf/share/wheeltec_robot_urdf/meshes/mini_tank_moveit_four_meshes/left3_link.STL
-- Installing: /home/HwHiAiUser/wheeltec_ros2/install/wheeltec_robot_urdf/share/wheeltec_robot_urdf/meshes/mini_tank_moveit_four_meshes/j4_4_link.STL
-- Installing: /home/HwHiAiUser/wheeltec_ros2/install/wheeltec_robot_urdf/share/wheeltec_robot_urdf/meshes/mini_tank_moveit_four_meshes/left1_link.STL
-- Installing: /home/HwHiAiUser/wheeltec_ros2/install/wheeltec_robot_urdf/share/wheeltec_robot_urdf/meshes/mini_tank_moveit_four_meshes/left4_link.STL
-- Installing: /home/HwHiAiUser/wheeltec_ros2/install/wheeltec_robot_urdf/share/wheeltec_robot_urdf/meshes/mini_tank_moveit_four_meshes/left5_link.STL
-- Installing: /home/HwHiAiUser/wheeltec_ros2/install/wheeltec_robot_urdf/share/wheeltec_robot_urdf/meshes/mini_tank_moveit_four_meshes/right2_link.STL
-- Installing: /home/HwHiAiUser/wheeltec_ros2/install/wheeltec_robot_urdf/share/wheeltec_robot_urdf/meshes/mini_tank_moveit_four_meshes/right6_link.STL
-- Installing: /home/HwHiAiUser/wheeltec_ros2/install/wheeltec_robot_urdf/share/wheeltec_robot_urdf/meshes/mini_tank_moveit_four_meshes/left_belt_link.STL
-- Installing: /home/HwHiAiUser/wheeltec_ros2/install/wheeltec_robot_urdf/share/wheeltec_robot_urdf/meshes/mini_tank_moveit_four_meshes/j4_5_link.STL
-- Installing: /home/HwHiAiUser/wheeltec_ros2/install/wheeltec_robot_urdf/share/wheeltec_robot_urdf/meshes/mini_tank_moveit_four_meshes/right1_link.STL
-- Installing: /home/HwHiAiUser/wheeltec_ros2/install/wheeltec_robot_urdf/share/wheeltec_robot_urdf/meshes/mini_tank_moveit_four_meshes/right3_link.STL
-- Installing: /home/HwHiAiUser/wheeltec_ros2/install/wheeltec_robot_urdf/share/wheeltec_robot_urdf/meshes/mini_tank_moveit_four_meshes/arm_base_link.STL
-- Installing: /home/HwHiAiUser/wheeltec_ros2/install/wheeltec_robot_urdf/share/wheeltec_robot_urdf/meshes/mini_tank_moveit_four_meshes/j1_link.STL
-- Installing: /home/HwHiAiUser/wheeltec_ros2/install/wheeltec_robot_urdf/share/wheeltec_robot_urdf/meshes/mini_tank_moveit_four_meshes/j4_1_link.STL
-- Installing: /home/HwHiAiUser/wheeltec_ros2/install/wheeltec_robot_urdf/share/wheeltec_robot_urdf/meshes/mini_tank_moveit_four_meshes/left2_link.STL
-- Installing: /home/HwHiAiUser/wheeltec_ros2/install/wheeltec_robot_urdf/share/wheeltec_robot_urdf/meshes/mini_tank_moveit_four_meshes/j3_link.STL
-- Installing: /home/HwHiAiUser/wheeltec_ros2/install/wheeltec_robot_urdf/share/wheeltec_robot_urdf/meshes/mini_tank_moveit_four_meshes/j4_3_link.STL
-- Installing: /home/HwHiAiUser/wheeltec_ros2/install/wheeltec_robot_urdf/share/wheeltec_robot_urdf/meshes/mini_mec_moveit_four_meshes
-- Installing: /home/HwHiAiUser/wheeltec_ros2/install/wheeltec_robot_urdf/share/wheeltec_robot_urdf/meshes/mini_mec_moveit_four_meshes/base_link.STL
-- Installing: /home/HwHiAiUser/wheeltec_ros2/install/wheeltec_robot_urdf/share/wheeltec_robot_urdf/meshes/mini_mec_moveit_four_meshes/j2_link.STL
-- Installing: /home/HwHiAiUser/wheeltec_ros2/install/wheeltec_robot_urdf/share/wheeltec_robot_urdf/meshes/mini_mec_moveit_four_meshes/j4_2_link.STL
-- Installing: /home/HwHiAiUser/wheeltec_ros2/install/wheeltec_robot_urdf/share/wheeltec_robot_urdf/meshes/mini_mec_moveit_four_meshes/j4_6_link.STL
-- Installing: /home/HwHiAiUser/wheeltec_ros2/install/wheeltec_robot_urdf/share/wheeltec_robot_urdf/meshes/mini_mec_moveit_four_meshes/lb_wheel_link.STL
-- Installing: /home/HwHiAiUser/wheeltec_ros2/install/wheeltec_robot_urdf/share/wheeltec_robot_urdf/meshes/mini_mec_moveit_four_meshes/display_link.STL
-- Installing: /home/HwHiAiUser/wheeltec_ros2/install/wheeltec_robot_urdf/share/wheeltec_robot_urdf/meshes/mini_mec_moveit_four_meshes/lf_wheel_link.STL
-- Installing: /home/HwHiAiUser/wheeltec_ros2/install/wheeltec_robot_urdf/share/wheeltec_robot_urdf/meshes/mini_mec_moveit_four_meshes/laser.STL
-- Installing: /home/HwHiAiUser/wheeltec_ros2/install/wheeltec_robot_urdf/share/wheeltec_robot_urdf/meshes/mini_mec_moveit_four_meshes/controller_link.STL
-- Installing: /home/HwHiAiUser/wheeltec_ros2/install/wheeltec_robot_urdf/share/wheeltec_robot_urdf/meshes/mini_mec_moveit_four_meshes/camera_link.STL
-- Installing: /home/HwHiAiUser/wheeltec_ros2/install/wheeltec_robot_urdf/share/wheeltec_robot_urdf/meshes/mini_mec_moveit_four_meshes/j4_4_link.STL
-- Installing: /home/HwHiAiUser/wheeltec_ros2/install/wheeltec_robot_urdf/share/wheeltec_robot_urdf/meshes/mini_mec_moveit_four_meshes/rb_wheel_link.STL
-- Installing: /home/HwHiAiUser/wheeltec_ros2/install/wheeltec_robot_urdf/share/wheeltec_robot_urdf/meshes/mini_mec_moveit_four_meshes/rf_wheel_link.STL
-- Installing: /home/HwHiAiUser/wheeltec_ros2/install/wheeltec_robot_urdf/share/wheeltec_robot_urdf/meshes/mini_mec_moveit_four_meshes/j4_5_link.STL
-- Installing: /home/HwHiAiUser/wheeltec_ros2/install/wheeltec_robot_urdf/share/wheeltec_robot_urdf/meshes/mini_mec_moveit_four_meshes/arm_base_link.STL
-- Installing: /home/HwHiAiUser/wheeltec_ros2/install/wheeltec_robot_urdf/share/wheeltec_robot_urdf/meshes/mini_mec_moveit_four_meshes/j1_link.STL
-- Installing: /home/HwHiAiUser/wheeltec_ros2/install/wheeltec_robot_urdf/share/wheeltec_robot_urdf/meshes/mini_mec_moveit_four_meshes/j4_1_link.STL
-- Installing: /home/HwHiAiUser/wheeltec_ros2/install/wheeltec_robot_urdf/share/wheeltec_robot_urdf/meshes/mini_mec_moveit_four_meshes/j3_link.STL
-- Installing: /home/HwHiAiUser/wheeltec_ros2/install/wheeltec_robot_urdf/share/wheeltec_robot_urdf/meshes/mini_mec_moveit_four_meshes/j4_3_link.STL
-- Installing: /home/HwHiAiUser/wheeltec_ros2/install/wheeltec_robot_urdf/share/wheeltec_robot_urdf/meshes/senior_diff_robot_meshes
-- Installing: /home/HwHiAiUser/wheeltec_ros2/install/wheeltec_robot_urdf/share/wheeltec_robot_urdf/meshes/senior_diff_robot_meshes/base_link.STL
-- Installing: /home/HwHiAiUser/wheeltec_ros2/install/wheeltec_robot_urdf/share/wheeltec_robot_urdf/meshes/senior_diff_robot_meshes/laser.STL
-- Installing: /home/HwHiAiUser/wheeltec_ros2/install/wheeltec_robot_urdf/share/wheeltec_robot_urdf/meshes/senior_diff_robot_meshes/controller_link.STL
-- Installing: /home/HwHiAiUser/wheeltec_ros2/install/wheeltec_robot_urdf/share/wheeltec_robot_urdf/meshes/senior_diff_robot_meshes/camera_link.STL
-- Installing: /home/HwHiAiUser/wheeltec_ros2/install/wheeltec_robot_urdf/share/wheeltec_robot_urdf/meshes/senior_diff_robot_meshes/left_wheel_link.STL
-- Installing: /home/HwHiAiUser/wheeltec_ros2/install/wheeltec_robot_urdf/share/wheeltec_robot_urdf/meshes/senior_diff_robot_meshes/quanxiang_wheel_link.STL
-- Installing: /home/HwHiAiUser/wheeltec_ros2/install/wheeltec_robot_urdf/share/wheeltec_robot_urdf/meshes/senior_diff_robot_meshes/right_wheel_link.STL
-- Installing: /home/HwHiAiUser/wheeltec_ros2/install/wheeltec_robot_urdf/share/wheeltec_robot_urdf/meshes/senior_akm_robot_meshes
-- Installing: /home/HwHiAiUser/wheeltec_ros2/install/wheeltec_robot_urdf/share/wheeltec_robot_urdf/meshes/senior_akm_robot_meshes/base_link.STL
-- Installing: /home/HwHiAiUser/wheeltec_ros2/install/wheeltec_robot_urdf/share/wheeltec_robot_urdf/meshes/senior_akm_robot_meshes/lb_wheel_link.STL
-- Installing: /home/HwHiAiUser/wheeltec_ros2/install/wheeltec_robot_urdf/share/wheeltec_robot_urdf/meshes/senior_akm_robot_meshes/lf_wheel_link.STL
-- Installing: /home/HwHiAiUser/wheeltec_ros2/install/wheeltec_robot_urdf/share/wheeltec_robot_urdf/meshes/senior_akm_robot_meshes/laser.STL
-- Installing: /home/HwHiAiUser/wheeltec_ros2/install/wheeltec_robot_urdf/share/wheeltec_robot_urdf/meshes/senior_akm_robot_meshes/controller_link.STL
-- Installing: /home/HwHiAiUser/wheeltec_ros2/install/wheeltec_robot_urdf/share/wheeltec_robot_urdf/meshes/senior_akm_robot_meshes/camera_link.STL
-- Installing: /home/HwHiAiUser/wheeltec_ros2/install/wheeltec_robot_urdf/share/wheeltec_robot_urdf/meshes/senior_akm_robot_meshes/rb_wheel_link.STL
-- Installing: /home/HwHiAiUser/wheeltec_ros2/install/wheeltec_robot_urdf/share/wheeltec_robot_urdf/meshes/senior_akm_robot_meshes/rf_wheel_link.STL
-- Installing: /home/HwHiAiUser/wheeltec_ros2/install/wheeltec_robot_urdf/share/wheeltec_robot_urdf/meshes/top_omni_robot_meshes
-- Installing: /home/HwHiAiUser/wheeltec_ros2/install/wheeltec_robot_urdf/share/wheeltec_robot_urdf/meshes/top_omni_robot_meshes/base_link.STL
-- Installing: /home/HwHiAiUser/wheeltec_ros2/install/wheeltec_robot_urdf/share/wheeltec_robot_urdf/meshes/top_omni_robot_meshes/laser.STL
-- Installing: /home/HwHiAiUser/wheeltec_ros2/install/wheeltec_robot_urdf/share/wheeltec_robot_urdf/meshes/top_omni_robot_meshes/controller_link.STL
-- Installing: /home/HwHiAiUser/wheeltec_ros2/install/wheeltec_robot_urdf/share/wheeltec_robot_urdf/meshes/top_omni_robot_meshes/camera_link.STL
-- Installing: /home/HwHiAiUser/wheeltec_ros2/install/wheeltec_robot_urdf/share/wheeltec_robot_urdf/meshes/top_omni_robot_meshes/quanxiang_wheel3_link.STL
-- Installing: /home/HwHiAiUser/wheeltec_ros2/install/wheeltec_robot_urdf/share/wheeltec_robot_urdf/meshes/top_omni_robot_meshes/quanxiang_wheel1_link.STL
-- Installing: /home/HwHiAiUser/wheeltec_ros2/install/wheeltec_robot_urdf/share/wheeltec_robot_urdf/meshes/top_omni_robot_meshes/quanxiang_wheel2_link.STL
-- Installing: /home/HwHiAiUser/wheeltec_ros2/install/wheeltec_robot_urdf/share/wheeltec_robot_urdf/meshes/four_wheel_diff_dl_robot_meshes
-- Installing: /home/HwHiAiUser/wheeltec_ros2/install/wheeltec_robot_urdf/share/wheeltec_robot_urdf/meshes/four_wheel_diff_dl_robot_meshes/base_link.STL
-- Installing: /home/HwHiAiUser/wheeltec_ros2/install/wheeltec_robot_urdf/share/wheeltec_robot_urdf/meshes/four_wheel_diff_dl_robot_meshes/lb_wheel_link.STL
-- Installing: /home/HwHiAiUser/wheeltec_ros2/install/wheeltec_robot_urdf/share/wheeltec_robot_urdf/meshes/four_wheel_diff_dl_robot_meshes/lf_wheel_link.STL
-- Installing: /home/HwHiAiUser/wheeltec_ros2/install/wheeltec_robot_urdf/share/wheeltec_robot_urdf/meshes/four_wheel_diff_dl_robot_meshes/laser.STL
-- Installing: /home/HwHiAiUser/wheeltec_ros2/install/wheeltec_robot_urdf/share/wheeltec_robot_urdf/meshes/four_wheel_diff_dl_robot_meshes/controller_link.STL
-- Installing: /home/HwHiAiUser/wheeltec_ros2/install/wheeltec_robot_urdf/share/wheeltec_robot_urdf/meshes/four_wheel_diff_dl_robot_meshes/camera_link.STL
-- Installing: /home/HwHiAiUser/wheeltec_ros2/install/wheeltec_robot_urdf/share/wheeltec_robot_urdf/meshes/four_wheel_diff_dl_robot_meshes/rb_wheel_link.STL
-- Installing: /home/HwHiAiUser/wheeltec_ros2/install/wheeltec_robot_urdf/share/wheeltec_robot_urdf/meshes/four_wheel_diff_dl_robot_meshes/rf_wheel_link.STL
-- Installing: /home/HwHiAiUser/wheeltec_ros2/install/wheeltec_robot_urdf/share/wheeltec_robot_urdf/meshes/top_mec_dl_robot_meshes
-- Installing: /home/HwHiAiUser/wheeltec_ros2/install/wheeltec_robot_urdf/share/wheeltec_robot_urdf/meshes/top_mec_dl_robot_meshes/base_link.STL
-- Installing: /home/HwHiAiUser/wheeltec_ros2/install/wheeltec_robot_urdf/share/wheeltec_robot_urdf/meshes/top_mec_dl_robot_meshes/lb_wheel_link.STL
-- Installing: /home/HwHiAiUser/wheeltec_ros2/install/wheeltec_robot_urdf/share/wheeltec_robot_urdf/meshes/top_mec_dl_robot_meshes/lf_wheel_link.STL
-- Installing: /home/HwHiAiUser/wheeltec_ros2/install/wheeltec_robot_urdf/share/wheeltec_robot_urdf/meshes/top_mec_dl_robot_meshes/laser.STL
-- Installing: /home/HwHiAiUser/wheeltec_ros2/install/wheeltec_robot_urdf/share/wheeltec_robot_urdf/meshes/top_mec_dl_robot_meshes/controller_link.STL
-- Installing: /home/HwHiAiUser/wheeltec_ros2/install/wheeltec_robot_urdf/share/wheeltec_robot_urdf/meshes/top_mec_dl_robot_meshes/camera_link.STL
-- Installing: /home/HwHiAiUser/wheeltec_ros2/install/wheeltec_robot_urdf/share/wheeltec_robot_urdf/meshes/top_mec_dl_robot_meshes/rb_wheel_link.STL
-- Installing: /home/HwHiAiUser/wheeltec_ros2/install/wheeltec_robot_urdf/share/wheeltec_robot_urdf/meshes/top_mec_dl_robot_meshes/rf_wheel_link.STL
-- Installing: /home/HwHiAiUser/wheeltec_ros2/install/wheeltec_robot_urdf/share/wheeltec_robot_urdf/meshes/senior_omni_robot_meshes
-- Installing: /home/HwHiAiUser/wheeltec_ros2/install/wheeltec_robot_urdf/share/wheeltec_robot_urdf/meshes/senior_omni_robot_meshes/base_link.STL
-- Installing: /home/HwHiAiUser/wheeltec_ros2/install/wheeltec_robot_urdf/share/wheeltec_robot_urdf/meshes/senior_omni_robot_meshes/laser.STL
-- Installing: /home/HwHiAiUser/wheeltec_ros2/install/wheeltec_robot_urdf/share/wheeltec_robot_urdf/meshes/senior_omni_robot_meshes/controller_link.STL
-- Installing: /home/HwHiAiUser/wheeltec_ros2/install/wheeltec_robot_urdf/share/wheeltec_robot_urdf/meshes/senior_omni_robot_meshes/camera_link.STL
-- Installing: /home/HwHiAiUser/wheeltec_ros2/install/wheeltec_robot_urdf/share/wheeltec_robot_urdf/meshes/senior_omni_robot_meshes/quanxiang_wheel3_link.STL
-- Installing: /home/HwHiAiUser/wheeltec_ros2/install/wheeltec_robot_urdf/share/wheeltec_robot_urdf/meshes/senior_omni_robot_meshes/quanxiang_wheel1_link.STL
-- Installing: /home/HwHiAiUser/wheeltec_ros2/install/wheeltec_robot_urdf/share/wheeltec_robot_urdf/meshes/senior_omni_robot_meshes/quanxiang_wheel2_link.STL
-- Installing: /home/HwHiAiUser/wheeltec_ros2/install/wheeltec_robot_urdf/share/wheeltec_robot_urdf/meshes/four_wheel_diff_bs_robot_meshes
-- Installing: /home/HwHiAiUser/wheeltec_ros2/install/wheeltec_robot_urdf/share/wheeltec_robot_urdf/meshes/four_wheel_diff_bs_robot_meshes/base_link.STL
-- Installing: /home/HwHiAiUser/wheeltec_ros2/install/wheeltec_robot_urdf/share/wheeltec_robot_urdf/meshes/four_wheel_diff_bs_robot_meshes/lb_wheel_link.STL
-- Installing: /home/HwHiAiUser/wheeltec_ros2/install/wheeltec_robot_urdf/share/wheeltec_robot_urdf/meshes/four_wheel_diff_bs_robot_meshes/lf_wheel_link.STL
-- Installing: /home/HwHiAiUser/wheeltec_ros2/install/wheeltec_robot_urdf/share/wheeltec_robot_urdf/meshes/four_wheel_diff_bs_robot_meshes/laser.STL
-- Installing: /home/HwHiAiUser/wheeltec_ros2/install/wheeltec_robot_urdf/share/wheeltec_robot_urdf/meshes/four_wheel_diff_bs_robot_meshes/controller_link.STL
-- Installing: /home/HwHiAiUser/wheeltec_ros2/install/wheeltec_robot_urdf/share/wheeltec_robot_urdf/meshes/four_wheel_diff_bs_robot_meshes/camera_link.STL
-- Installing: /home/HwHiAiUser/wheeltec_ros2/install/wheeltec_robot_urdf/share/wheeltec_robot_urdf/meshes/four_wheel_diff_bs_robot_meshes/rb_wheel_link.STL
-- Installing: /home/HwHiAiUser/wheeltec_ros2/install/wheeltec_robot_urdf/share/wheeltec_robot_urdf/meshes/four_wheel_diff_bs_robot_meshes/rf_wheel_link.STL
-- Installing: /home/HwHiAiUser/wheeltec_ros2/install/wheeltec_robot_urdf/share/wheeltec_robot_urdf/meshes/top_4wd_dl_robot_meshes
-- Installing: /home/HwHiAiUser/wheeltec_ros2/install/wheeltec_robot_urdf/share/wheeltec_robot_urdf/meshes/top_4wd_dl_robot_meshes/base_link.STL
-- Installing: /home/HwHiAiUser/wheeltec_ros2/install/wheeltec_robot_urdf/share/wheeltec_robot_urdf/meshes/top_4wd_dl_robot_meshes/lb_wheel_link.STL
-- Installing: /home/HwHiAiUser/wheeltec_ros2/install/wheeltec_robot_urdf/share/wheeltec_robot_urdf/meshes/top_4wd_dl_robot_meshes/lf_wheel_link.STL
-- Installing: /home/HwHiAiUser/wheeltec_ros2/install/wheeltec_robot_urdf/share/wheeltec_robot_urdf/meshes/top_4wd_dl_robot_meshes/laser.STL
-- Installing: /home/HwHiAiUser/wheeltec_ros2/install/wheeltec_robot_urdf/share/wheeltec_robot_urdf/meshes/top_4wd_dl_robot_meshes/controller_link.STL
-- Installing: /home/HwHiAiUser/wheeltec_ros2/install/wheeltec_robot_urdf/share/wheeltec_robot_urdf/meshes/top_4wd_dl_robot_meshes/camera_link.STL
-- Installing: /home/HwHiAiUser/wheeltec_ros2/install/wheeltec_robot_urdf/share/wheeltec_robot_urdf/meshes/top_4wd_dl_robot_meshes/charger_link.STL
-- Installing: /home/HwHiAiUser/wheeltec_ros2/install/wheeltec_robot_urdf/share/wheeltec_robot_urdf/meshes/top_4wd_dl_robot_meshes/rb_wheel_link.STL
-- Installing: /home/HwHiAiUser/wheeltec_ros2/install/wheeltec_robot_urdf/share/wheeltec_robot_urdf/meshes/top_4wd_dl_robot_meshes/rf_wheel_link.STL
-- Installing: /home/HwHiAiUser/wheeltec_ros2/install/wheeltec_robot_urdf/share/wheeltec_robot_urdf/meshes/mini_mec_moveit_six_meshes
-- Installing: /home/HwHiAiUser/wheeltec_ros2/install/wheeltec_robot_urdf/share/wheeltec_robot_urdf/meshes/mini_mec_moveit_six_meshes/base_link.STL
-- Installing: /home/HwHiAiUser/wheeltec_ros2/install/wheeltec_robot_urdf/share/wheeltec_robot_urdf/meshes/mini_mec_moveit_six_meshes/j2_link.STL
-- Installing: /home/HwHiAiUser/wheeltec_ros2/install/wheeltec_robot_urdf/share/wheeltec_robot_urdf/meshes/mini_mec_moveit_six_meshes/j5_1_link.STL
-- Installing: /home/HwHiAiUser/wheeltec_ros2/install/wheeltec_robot_urdf/share/wheeltec_robot_urdf/meshes/mini_mec_moveit_six_meshes/j5_4_link.STL
-- Installing: /home/HwHiAiUser/wheeltec_ros2/install/wheeltec_robot_urdf/share/wheeltec_robot_urdf/meshes/mini_mec_moveit_six_meshes/lb_wheel_link.STL
-- Installing: /home/HwHiAiUser/wheeltec_ros2/install/wheeltec_robot_urdf/share/wheeltec_robot_urdf/meshes/mini_mec_moveit_six_meshes/display_link.STL
-- Installing: /home/HwHiAiUser/wheeltec_ros2/install/wheeltec_robot_urdf/share/wheeltec_robot_urdf/meshes/mini_mec_moveit_six_meshes/j5_2_link.STL
-- Installing: /home/HwHiAiUser/wheeltec_ros2/install/wheeltec_robot_urdf/share/wheeltec_robot_urdf/meshes/mini_mec_moveit_six_meshes/lf_wheel_link.STL
-- Installing: /home/HwHiAiUser/wheeltec_ros2/install/wheeltec_robot_urdf/share/wheeltec_robot_urdf/meshes/mini_mec_moveit_six_meshes/laser.STL
-- Installing: /home/HwHiAiUser/wheeltec_ros2/install/wheeltec_robot_urdf/share/wheeltec_robot_urdf/meshes/mini_mec_moveit_six_meshes/controller_link.STL
-- Installing: /home/HwHiAiUser/wheeltec_ros2/install/wheeltec_robot_urdf/share/wheeltec_robot_urdf/meshes/mini_mec_moveit_six_meshes/camera_link.STL
-- Installing: /home/HwHiAiUser/wheeltec_ros2/install/wheeltec_robot_urdf/share/wheeltec_robot_urdf/meshes/mini_mec_moveit_six_meshes/j4_link.STL
-- Installing: /home/HwHiAiUser/wheeltec_ros2/install/wheeltec_robot_urdf/share/wheeltec_robot_urdf/meshes/mini_mec_moveit_six_meshes/rb_wheel_link.STL
-- Installing: /home/HwHiAiUser/wheeltec_ros2/install/wheeltec_robot_urdf/share/wheeltec_robot_urdf/meshes/mini_mec_moveit_six_meshes/rf_wheel_link.STL
-- Installing: /home/HwHiAiUser/wheeltec_ros2/install/wheeltec_robot_urdf/share/wheeltec_robot_urdf/meshes/mini_mec_moveit_six_meshes/j5_5_link.STL
-- Installing: /home/HwHiAiUser/wheeltec_ros2/install/wheeltec_robot_urdf/share/wheeltec_robot_urdf/meshes/mini_mec_moveit_six_meshes/j5_6_link.STL
-- Installing: /home/HwHiAiUser/wheeltec_ros2/install/wheeltec_robot_urdf/share/wheeltec_robot_urdf/meshes/mini_mec_moveit_six_meshes/arm_base_link.STL
-- Installing: /home/HwHiAiUser/wheeltec_ros2/install/wheeltec_robot_urdf/share/wheeltec_robot_urdf/meshes/mini_mec_moveit_six_meshes/j1_link.STL
-- Installing: /home/HwHiAiUser/wheeltec_ros2/install/wheeltec_robot_urdf/share/wheeltec_robot_urdf/meshes/mini_mec_moveit_six_meshes/j3_link.STL
-- Installing: /home/HwHiAiUser/wheeltec_ros2/install/wheeltec_robot_urdf/share/wheeltec_robot_urdf/meshes/mini_mec_moveit_six_meshes/j5_3_link.STL
-- Installing: /home/HwHiAiUser/wheeltec_ros2/install/wheeltec_robot_urdf/share/wheeltec_robot_urdf/meshes/top_akm_dl_robot_meshes
-- Installing: /home/HwHiAiUser/wheeltec_ros2/install/wheeltec_robot_urdf/share/wheeltec_robot_urdf/meshes/top_akm_dl_robot_meshes/base_link.STL
-- Installing: /home/HwHiAiUser/wheeltec_ros2/install/wheeltec_robot_urdf/share/wheeltec_robot_urdf/meshes/top_akm_dl_robot_meshes/lb_wheel_link.STL
-- Installing: /home/HwHiAiUser/wheeltec_ros2/install/wheeltec_robot_urdf/share/wheeltec_robot_urdf/meshes/top_akm_dl_robot_meshes/lf_wheel_link.STL
-- Installing: /home/HwHiAiUser/wheeltec_ros2/install/wheeltec_robot_urdf/share/wheeltec_robot_urdf/meshes/top_akm_dl_robot_meshes/laser.STL
-- Installing: /home/HwHiAiUser/wheeltec_ros2/install/wheeltec_robot_urdf/share/wheeltec_robot_urdf/meshes/top_akm_dl_robot_meshes/controller_link.STL
-- Installing: /home/HwHiAiUser/wheeltec_ros2/install/wheeltec_robot_urdf/share/wheeltec_robot_urdf/meshes/top_akm_dl_robot_meshes/camera_link.STL
-- Installing: /home/HwHiAiUser/wheeltec_ros2/install/wheeltec_robot_urdf/share/wheeltec_robot_urdf/meshes/top_akm_dl_robot_meshes/left1_link.STL
-- Installing: /home/HwHiAiUser/wheeltec_ros2/install/wheeltec_robot_urdf/share/wheeltec_robot_urdf/meshes/top_akm_dl_robot_meshes/rb_wheel_link.STL
-- Installing: /home/HwHiAiUser/wheeltec_ros2/install/wheeltec_robot_urdf/share/wheeltec_robot_urdf/meshes/top_akm_dl_robot_meshes/rf_wheel_link.STL
-- Installing: /home/HwHiAiUser/wheeltec_ros2/install/wheeltec_robot_urdf/share/wheeltec_robot_urdf/meshes/top_akm_dl_robot_meshes/right1_link.STL
-- Installing: /home/HwHiAiUser/wheeltec_ros2/install/wheeltec_robot_urdf/share/wheeltec_robot_urdf/meshes/top_akm_dl_meshes
-- Installing: /home/HwHiAiUser/wheeltec_ros2/install/wheeltec_robot_urdf/share/wheeltec_robot_urdf/meshes/top_akm_dl_meshes/base_link.STL
-- Installing: /home/HwHiAiUser/wheeltec_ros2/install/wheeltec_robot_urdf/share/wheeltec_robot_urdf/meshes/top_akm_dl_meshes/lb_wheel_link.STL
-- Installing: /home/HwHiAiUser/wheeltec_ros2/install/wheeltec_robot_urdf/share/wheeltec_robot_urdf/meshes/top_akm_dl_meshes/lf_wheel_link.STL
-- Installing: /home/HwHiAiUser/wheeltec_ros2/install/wheeltec_robot_urdf/share/wheeltec_robot_urdf/meshes/top_akm_dl_meshes/controller_link.STL
-- Installing: /home/HwHiAiUser/wheeltec_ros2/install/wheeltec_robot_urdf/share/wheeltec_robot_urdf/meshes/top_akm_dl_meshes/camera_link.STL
-- Installing: /home/HwHiAiUser/wheeltec_ros2/install/wheeltec_robot_urdf/share/wheeltec_robot_urdf/meshes/top_akm_dl_meshes/left1_link.STL
-- Installing: /home/HwHiAiUser/wheeltec_ros2/install/wheeltec_robot_urdf/share/wheeltec_robot_urdf/meshes/top_akm_dl_meshes/rb_wheel_link.STL
-- Installing: /home/HwHiAiUser/wheeltec_ros2/install/wheeltec_robot_urdf/share/wheeltec_robot_urdf/meshes/top_akm_dl_meshes/rf_wheel_link.STL
-- Installing: /home/HwHiAiUser/wheeltec_ros2/install/wheeltec_robot_urdf/share/wheeltec_robot_urdf/meshes/top_akm_dl_meshes/right1_link.STL
-- Installing: /home/HwHiAiUser/wheeltec_ros2/install/wheeltec_robot_urdf/share/wheeltec_robot_urdf/meshes/top_akm_dl_meshes/laser_link.STL
-- Installing: /home/HwHiAiUser/wheeltec_ros2/install/wheeltec_robot_urdf/share/wheeltec_robot_urdf/meshes/top_4wd_bs_meshes
-- Installing: /home/HwHiAiUser/wheeltec_ros2/install/wheeltec_robot_urdf/share/wheeltec_robot_urdf/meshes/top_4wd_bs_meshes/base_link.STL
-- Installing: /home/HwHiAiUser/wheeltec_ros2/install/wheeltec_robot_urdf/share/wheeltec_robot_urdf/meshes/top_4wd_bs_meshes/lb_wheel_link.STL
-- Installing: /home/HwHiAiUser/wheeltec_ros2/install/wheeltec_robot_urdf/share/wheeltec_robot_urdf/meshes/top_4wd_bs_meshes/lf_wheel_link.STL
-- Installing: /home/HwHiAiUser/wheeltec_ros2/install/wheeltec_robot_urdf/share/wheeltec_robot_urdf/meshes/top_4wd_bs_meshes/controller_link.STL
-- Installing: /home/HwHiAiUser/wheeltec_ros2/install/wheeltec_robot_urdf/share/wheeltec_robot_urdf/meshes/top_4wd_bs_meshes/camera_link.STL
-- Installing: /home/HwHiAiUser/wheeltec_ros2/install/wheeltec_robot_urdf/share/wheeltec_robot_urdf/meshes/top_4wd_bs_meshes/rb_wheel_link.STL
-- Installing: /home/HwHiAiUser/wheeltec_ros2/install/wheeltec_robot_urdf/share/wheeltec_robot_urdf/meshes/top_4wd_bs_meshes/rf_wheel_link.STL
-- Installing: /home/HwHiAiUser/wheeltec_ros2/install/wheeltec_robot_urdf/share/wheeltec_robot_urdf/meshes/top_4wd_bs_meshes/laser_link.STL
-- Installing: /home/HwHiAiUser/wheeltec_ros2/install/wheeltec_robot_urdf/share/wheeltec_robot_urdf/meshes/mini_4wd_robot_meshes
-- Installing: /home/HwHiAiUser/wheeltec_ros2/install/wheeltec_robot_urdf/share/wheeltec_robot_urdf/meshes/mini_4wd_robot_meshes/base_link.STL
-- Installing: /home/HwHiAiUser/wheeltec_ros2/install/wheeltec_robot_urdf/share/wheeltec_robot_urdf/meshes/mini_4wd_robot_meshes/lb_wheel_link.STL
-- Installing: /home/HwHiAiUser/wheeltec_ros2/install/wheeltec_robot_urdf/share/wheeltec_robot_urdf/meshes/mini_4wd_robot_meshes/lf_wheel_link.STL
-- Installing: /home/HwHiAiUser/wheeltec_ros2/install/wheeltec_robot_urdf/share/wheeltec_robot_urdf/meshes/mini_4wd_robot_meshes/laser.STL
-- Installing: /home/HwHiAiUser/wheeltec_ros2/install/wheeltec_robot_urdf/share/wheeltec_robot_urdf/meshes/mini_4wd_robot_meshes/controller_link.STL
-- Installing: /home/HwHiAiUser/wheeltec_ros2/install/wheeltec_robot_urdf/share/wheeltec_robot_urdf/meshes/mini_4wd_robot_meshes/camera_link.STL
-- Installing: /home/HwHiAiUser/wheeltec_ros2/install/wheeltec_robot_urdf/share/wheeltec_robot_urdf/meshes/mini_4wd_robot_meshes/rb_wheel_link.STL
-- Installing: /home/HwHiAiUser/wheeltec_ros2/install/wheeltec_robot_urdf/share/wheeltec_robot_urdf/meshes/mini_4wd_robot_meshes/rf_wheel_link.STL
-- Installing: /home/HwHiAiUser/wheeltec_ros2/install/wheeltec_robot_urdf/share/wheeltec_robot_urdf/meshes/senior_4wd_bs_robot_meshes
-- Installing: /home/HwHiAiUser/wheeltec_ros2/install/wheeltec_robot_urdf/share/wheeltec_robot_urdf/meshes/senior_4wd_bs_robot_meshes/base_link.STL
-- Installing: /home/HwHiAiUser/wheeltec_ros2/install/wheeltec_robot_urdf/share/wheeltec_robot_urdf/meshes/senior_4wd_bs_robot_meshes/lb_wheel_link.STL
-- Installing: /home/HwHiAiUser/wheeltec_ros2/install/wheeltec_robot_urdf/share/wheeltec_robot_urdf/meshes/senior_4wd_bs_robot_meshes/lf_wheel_link.STL
-- Installing: /home/HwHiAiUser/wheeltec_ros2/install/wheeltec_robot_urdf/share/wheeltec_robot_urdf/meshes/senior_4wd_bs_robot_meshes/laser.STL
-- Installing: /home/HwHiAiUser/wheeltec_ros2/install/wheeltec_robot_urdf/share/wheeltec_robot_urdf/meshes/senior_4wd_bs_robot_meshes/controller_link.STL
-- Installing: /home/HwHiAiUser/wheeltec_ros2/install/wheeltec_robot_urdf/share/wheeltec_robot_urdf/meshes/senior_4wd_bs_robot_meshes/camera_link.STL
-- Installing: /home/HwHiAiUser/wheeltec_ros2/install/wheeltec_robot_urdf/share/wheeltec_robot_urdf/meshes/senior_4wd_bs_robot_meshes/rb_wheel_link.STL
-- Installing: /home/HwHiAiUser/wheeltec_ros2/install/wheeltec_robot_urdf/share/wheeltec_robot_urdf/meshes/senior_4wd_bs_robot_meshes/rf_wheel_link.STL
-- Installing: /home/HwHiAiUser/wheeltec_ros2/install/wheeltec_robot_urdf/share/wheeltec_robot_urdf/meshes/top_mec_bs_robot_meshes
-- Installing: /home/HwHiAiUser/wheeltec_ros2/install/wheeltec_robot_urdf/share/wheeltec_robot_urdf/meshes/top_mec_bs_robot_meshes/base_link.STL
-- Installing: /home/HwHiAiUser/wheeltec_ros2/install/wheeltec_robot_urdf/share/wheeltec_robot_urdf/meshes/top_mec_bs_robot_meshes/lb_wheel_link.STL
-- Installing: /home/HwHiAiUser/wheeltec_ros2/install/wheeltec_robot_urdf/share/wheeltec_robot_urdf/meshes/top_mec_bs_robot_meshes/lf_wheel_link.STL
-- Installing: /home/HwHiAiUser/wheeltec_ros2/install/wheeltec_robot_urdf/share/wheeltec_robot_urdf/meshes/top_mec_bs_robot_meshes/laser.STL
-- Installing: /home/HwHiAiUser/wheeltec_ros2/install/wheeltec_robot_urdf/share/wheeltec_robot_urdf/meshes/top_mec_bs_robot_meshes/controller_link.STL
-- Installing: /home/HwHiAiUser/wheeltec_ros2/install/wheeltec_robot_urdf/share/wheeltec_robot_urdf/meshes/top_mec_bs_robot_meshes/camera_link.STL
-- Installing: /home/HwHiAiUser/wheeltec_ros2/install/wheeltec_robot_urdf/share/wheeltec_robot_urdf/meshes/top_mec_bs_robot_meshes/rb_wheel_link.STL
-- Installing: /home/HwHiAiUser/wheeltec_ros2/install/wheeltec_robot_urdf/share/wheeltec_robot_urdf/meshes/top_mec_bs_robot_meshes/rf_wheel_link.STL
-- Installing: /home/HwHiAiUser/wheeltec_ros2/install/wheeltec_robot_urdf/share/wheeltec_robot_urdf/meshes/mini_akm_meshes
-- Installing: /home/HwHiAiUser/wheeltec_ros2/install/wheeltec_robot_urdf/share/wheeltec_robot_urdf/meshes/mini_akm_meshes/rf_link.STL
-- Installing: /home/HwHiAiUser/wheeltec_ros2/install/wheeltec_robot_urdf/share/wheeltec_robot_urdf/meshes/mini_akm_meshes/base_link.STL
-- Installing: /home/HwHiAiUser/wheeltec_ros2/install/wheeltec_robot_urdf/share/wheeltec_robot_urdf/meshes/mini_akm_meshes/front_link.STL
-- Installing: /home/HwHiAiUser/wheeltec_ros2/install/wheeltec_robot_urdf/share/wheeltec_robot_urdf/meshes/mini_akm_meshes/lb_link.STL
-- Installing: /home/HwHiAiUser/wheeltec_ros2/install/wheeltec_robot_urdf/share/wheeltec_robot_urdf/meshes/mini_akm_meshes/controller_link.STL
-- Installing: /home/HwHiAiUser/wheeltec_ros2/install/wheeltec_robot_urdf/share/wheeltec_robot_urdf/meshes/mini_akm_meshes/camera_link.STL
-- Installing: /home/HwHiAiUser/wheeltec_ros2/install/wheeltec_robot_urdf/share/wheeltec_robot_urdf/meshes/mini_akm_meshes/lf_link.STL
-- Installing: /home/HwHiAiUser/wheeltec_ros2/install/wheeltec_robot_urdf/share/wheeltec_robot_urdf/meshes/mini_akm_meshes/left_link.STL
-- Installing: /home/HwHiAiUser/wheeltec_ros2/install/wheeltec_robot_urdf/share/wheeltec_robot_urdf/meshes/mini_akm_meshes/rb_link.STL
-- Installing: /home/HwHiAiUser/wheeltec_ros2/install/wheeltec_robot_urdf/share/wheeltec_robot_urdf/meshes/mini_akm_meshes/right_link.STL
-- Installing: /home/HwHiAiUser/wheeltec_ros2/install/wheeltec_robot_urdf/share/wheeltec_robot_urdf/meshes/mini_akm_meshes/laser_link.STL
-- Installing: /home/HwHiAiUser/wheeltec_ros2/install/wheeltec_robot_urdf/share/wheeltec_robot_urdf/meshes/r3s_mec_robot_meshes
-- Installing: /home/HwHiAiUser/wheeltec_ros2/install/wheeltec_robot_urdf/share/wheeltec_robot_urdf/meshes/r3s_mec_robot_meshes/base_link.STL
-- Installing: /home/HwHiAiUser/wheeltec_ros2/install/wheeltec_robot_urdf/share/wheeltec_robot_urdf/meshes/r3s_mec_robot_meshes/lb_wheel_link.STL
-- Installing: /home/HwHiAiUser/wheeltec_ros2/install/wheeltec_robot_urdf/share/wheeltec_robot_urdf/meshes/r3s_mec_robot_meshes/lf_wheel_link.STL
-- Installing: /home/HwHiAiUser/wheeltec_ros2/install/wheeltec_robot_urdf/share/wheeltec_robot_urdf/meshes/r3s_mec_robot_meshes/laser.STL
-- Installing: /home/HwHiAiUser/wheeltec_ros2/install/wheeltec_robot_urdf/share/wheeltec_robot_urdf/meshes/r3s_mec_robot_meshes/controller_link.STL
-- Installing: /home/HwHiAiUser/wheeltec_ros2/install/wheeltec_robot_urdf/share/wheeltec_robot_urdf/meshes/r3s_mec_robot_meshes/camera_link.STL
-- Installing: /home/HwHiAiUser/wheeltec_ros2/install/wheeltec_robot_urdf/share/wheeltec_robot_urdf/meshes/r3s_mec_robot_meshes/rb_wheel_link.STL
-- Installing: /home/HwHiAiUser/wheeltec_ros2/install/wheeltec_robot_urdf/share/wheeltec_robot_urdf/meshes/r3s_mec_robot_meshes/rf_wheel_link.STL
-- Installing: /home/HwHiAiUser/wheeltec_ros2/install/wheeltec_robot_urdf/share/wheeltec_robot_urdf/meshes/S100_diff_robot_meshes
-- Installing: /home/HwHiAiUser/wheeltec_ros2/install/wheeltec_robot_urdf/share/wheeltec_robot_urdf/meshes/S100_diff_robot_meshes/base_link.STL
-- Installing: /home/HwHiAiUser/wheeltec_ros2/install/wheeltec_robot_urdf/share/wheeltec_robot_urdf/meshes/S100_diff_robot_meshes/recharge_link.STL
-- Installing: /home/HwHiAiUser/wheeltec_ros2/install/wheeltec_robot_urdf/share/wheeltec_robot_urdf/meshes/S100_diff_robot_meshes/lf_wheel_link.STL
-- Installing: /home/HwHiAiUser/wheeltec_ros2/install/wheeltec_robot_urdf/share/wheeltec_robot_urdf/meshes/S100_diff_robot_meshes/laser.STL
-- Installing: /home/HwHiAiUser/wheeltec_ros2/install/wheeltec_robot_urdf/share/wheeltec_robot_urdf/meshes/S100_diff_robot_meshes/camera_link.STL
-- Installing: /home/HwHiAiUser/wheeltec_ros2/install/wheeltec_robot_urdf/share/wheeltec_robot_urdf/meshes/S100_diff_robot_meshes/rf_wheel_link.STL
-- Installing: /home/HwHiAiUser/wheeltec_ros2/install/wheeltec_robot_urdf/share/wheeltec_robot_urdf/meshes/senior_mec_dl_robot_meshes
-- Installing: /home/HwHiAiUser/wheeltec_ros2/install/wheeltec_robot_urdf/share/wheeltec_robot_urdf/meshes/senior_mec_dl_robot_meshes/base_link.STL
-- Installing: /home/HwHiAiUser/wheeltec_ros2/install/wheeltec_robot_urdf/share/wheeltec_robot_urdf/meshes/senior_mec_dl_robot_meshes/lb_wheel_link.STL
-- Installing: /home/HwHiAiUser/wheeltec_ros2/install/wheeltec_robot_urdf/share/wheeltec_robot_urdf/meshes/senior_mec_dl_robot_meshes/lf_wheel_link.STL
-- Installing: /home/HwHiAiUser/wheeltec_ros2/install/wheeltec_robot_urdf/share/wheeltec_robot_urdf/meshes/senior_mec_dl_robot_meshes/laser.STL
-- Installing: /home/HwHiAiUser/wheeltec_ros2/install/wheeltec_robot_urdf/share/wheeltec_robot_urdf/meshes/senior_mec_dl_robot_meshes/controller_link.STL
-- Installing: /home/HwHiAiUser/wheeltec_ros2/install/wheeltec_robot_urdf/share/wheeltec_robot_urdf/meshes/senior_mec_dl_robot_meshes/camera_link.STL
-- Installing: /home/HwHiAiUser/wheeltec_ros2/install/wheeltec_robot_urdf/share/wheeltec_robot_urdf/meshes/senior_mec_dl_robot_meshes/rb_wheel_link.STL
-- Installing: /home/HwHiAiUser/wheeltec_ros2/install/wheeltec_robot_urdf/share/wheeltec_robot_urdf/meshes/senior_mec_dl_robot_meshes/rf_wheel_link.STL
-- Installing: /home/HwHiAiUser/wheeltec_ros2/install/wheeltec_robot_urdf/share/wheeltec_robot_urdf/meshes/mini_omni_robot_meshes
-- Installing: /home/HwHiAiUser/wheeltec_ros2/install/wheeltec_robot_urdf/share/wheeltec_robot_urdf/meshes/mini_omni_robot_meshes/front_wheel_link.STL
-- Installing: /home/HwHiAiUser/wheeltec_ros2/install/wheeltec_robot_urdf/share/wheeltec_robot_urdf/meshes/mini_omni_robot_meshes/base_link.STL
-- Installing: /home/HwHiAiUser/wheeltec_ros2/install/wheeltec_robot_urdf/share/wheeltec_robot_urdf/meshes/mini_omni_robot_meshes/laser.STL
-- Installing: /home/HwHiAiUser/wheeltec_ros2/install/wheeltec_robot_urdf/share/wheeltec_robot_urdf/meshes/mini_omni_robot_meshes/controller_link.STL
-- Installing: /home/HwHiAiUser/wheeltec_ros2/install/wheeltec_robot_urdf/share/wheeltec_robot_urdf/meshes/mini_omni_robot_meshes/camera_link.STL
-- Installing: /home/HwHiAiUser/wheeltec_ros2/install/wheeltec_robot_urdf/share/wheeltec_robot_urdf/meshes/mini_omni_robot_meshes/left_wheel_link.STL
-- Installing: /home/HwHiAiUser/wheeltec_ros2/install/wheeltec_robot_urdf/share/wheeltec_robot_urdf/meshes/mini_omni_robot_meshes/right_wheel_link.STL
-- Installing: /home/HwHiAiUser/wheeltec_ros2/install/wheeltec_robot_urdf/share/wheeltec_robot_urdf/meshes/mini_tank_robot_meshes
-- Installing: /home/HwHiAiUser/wheeltec_ros2/install/wheeltec_robot_urdf/share/wheeltec_robot_urdf/meshes/mini_tank_robot_meshes/base_link.STL
-- Installing: /home/HwHiAiUser/wheeltec_ros2/install/wheeltec_robot_urdf/share/wheeltec_robot_urdf/meshes/mini_tank_robot_meshes/right5_link.STL
-- Installing: /home/HwHiAiUser/wheeltec_ros2/install/wheeltec_robot_urdf/share/wheeltec_robot_urdf/meshes/mini_tank_robot_meshes/left6_link.STL
-- Installing: /home/HwHiAiUser/wheeltec_ros2/install/wheeltec_robot_urdf/share/wheeltec_robot_urdf/meshes/mini_tank_robot_meshes/right4_link.STL
-- Installing: /home/HwHiAiUser/wheeltec_ros2/install/wheeltec_robot_urdf/share/wheeltec_robot_urdf/meshes/mini_tank_robot_meshes/laser.STL
-- Installing: /home/HwHiAiUser/wheeltec_ros2/install/wheeltec_robot_urdf/share/wheeltec_robot_urdf/meshes/mini_tank_robot_meshes/controller_link.STL
-- Installing: /home/HwHiAiUser/wheeltec_ros2/install/wheeltec_robot_urdf/share/wheeltec_robot_urdf/meshes/mini_tank_robot_meshes/camera_link.STL
-- Installing: /home/HwHiAiUser/wheeltec_ros2/install/wheeltec_robot_urdf/share/wheeltec_robot_urdf/meshes/mini_tank_robot_meshes/left3_link.STL
-- Installing: /home/HwHiAiUser/wheeltec_ros2/install/wheeltec_robot_urdf/share/wheeltec_robot_urdf/meshes/mini_tank_robot_meshes/left1_link.STL
-- Installing: /home/HwHiAiUser/wheeltec_ros2/install/wheeltec_robot_urdf/share/wheeltec_robot_urdf/meshes/mini_tank_robot_meshes/left4_link.STL
-- Installing: /home/HwHiAiUser/wheeltec_ros2/install/wheeltec_robot_urdf/share/wheeltec_robot_urdf/meshes/mini_tank_robot_meshes/left5_link.STL
-- Installing: /home/HwHiAiUser/wheeltec_ros2/install/wheeltec_robot_urdf/share/wheeltec_robot_urdf/meshes/mini_tank_robot_meshes/right2_link.STL
-- Installing: /home/HwHiAiUser/wheeltec_ros2/install/wheeltec_robot_urdf/share/wheeltec_robot_urdf/meshes/mini_tank_robot_meshes/right6_link.STL
-- Installing: /home/HwHiAiUser/wheeltec_ros2/install/wheeltec_robot_urdf/share/wheeltec_robot_urdf/meshes/mini_tank_robot_meshes/right1_link.STL
-- Installing: /home/HwHiAiUser/wheeltec_ros2/install/wheeltec_robot_urdf/share/wheeltec_robot_urdf/meshes/mini_tank_robot_meshes/right3_link.STL
-- Installing: /home/HwHiAiUser/wheeltec_ros2/install/wheeltec_robot_urdf/share/wheeltec_robot_urdf/meshes/mini_tank_robot_meshes/left2_link.STL
-- Installing: /home/HwHiAiUser/wheeltec_ros2/install/wheeltec_robot_urdf/share/wheeltec_robot_urdf/meshes/s300_yw_robot_meshes
-- Installing: /home/HwHiAiUser/wheeltec_ros2/install/wheeltec_robot_urdf/share/wheeltec_robot_urdf/meshes/s300_yw_robot_meshes/base_link.STL
-- Installing: /home/HwHiAiUser/wheeltec_ros2/install/wheeltec_robot_urdf/share/wheeltec_robot_urdf/meshes/s300_yw_robot_meshes/lm_wheel_link.STL
-- Installing: /home/HwHiAiUser/wheeltec_ros2/install/wheeltec_robot_urdf/share/wheeltec_robot_urdf/meshes/s300_yw_robot_meshes/arm6_link.STL
-- Installing: /home/HwHiAiUser/wheeltec_ros2/install/wheeltec_robot_urdf/share/wheeltec_robot_urdf/meshes/s300_yw_robot_meshes/laser.STL
-- Installing: /home/HwHiAiUser/wheeltec_ros2/install/wheeltec_robot_urdf/share/wheeltec_robot_urdf/meshes/s300_yw_robot_meshes/camera_link.STL
-- Installing: /home/HwHiAiUser/wheeltec_ros2/install/wheeltec_robot_urdf/share/wheeltec_robot_urdf/meshes/s300_yw_robot_meshes/gripper1_link.STL
-- Installing: /home/HwHiAiUser/wheeltec_ros2/install/wheeltec_robot_urdf/share/wheeltec_robot_urdf/meshes/s300_yw_robot_meshes/arm4_link.STL
-- Installing: /home/HwHiAiUser/wheeltec_ros2/install/wheeltec_robot_urdf/share/wheeltec_robot_urdf/meshes/s300_yw_robot_meshes/arm5_link.STL
-- Installing: /home/HwHiAiUser/wheeltec_ros2/install/wheeltec_robot_urdf/share/wheeltec_robot_urdf/meshes/s300_yw_robot_meshes/rm_wheel_link.STL
-- Installing: /home/HwHiAiUser/wheeltec_ros2/install/wheeltec_robot_urdf/share/wheeltec_robot_urdf/meshes/s300_yw_robot_meshes/arm3_link.STL
-- Installing: /home/HwHiAiUser/wheeltec_ros2/install/wheeltec_robot_urdf/share/wheeltec_robot_urdf/meshes/s300_yw_robot_meshes/arm1_link.STL
-- Installing: /home/HwHiAiUser/wheeltec_ros2/install/wheeltec_robot_urdf/share/wheeltec_robot_urdf/meshes/s300_yw_robot_meshes/arm_base_link.STL
-- Installing: /home/HwHiAiUser/wheeltec_ros2/install/wheeltec_robot_urdf/share/wheeltec_robot_urdf/meshes/s300_yw_robot_meshes/arm2_link.STL
-- Installing: /home/HwHiAiUser/wheeltec_ros2/install/wheeltec_robot_urdf/share/wheeltec_robot_urdf/meshes/s300_yw_robot_meshes/laser_link.STL
-- Installing: /home/HwHiAiUser/wheeltec_ros2/install/wheeltec_robot_urdf/share/wheeltec_robot_urdf/meshes/flagship_mec_dl_robot_meshes
-- Installing: /home/HwHiAiUser/wheeltec_ros2/install/wheeltec_robot_urdf/share/wheeltec_robot_urdf/meshes/flagship_mec_dl_robot_meshes/base_link.STL
-- Installing: /home/HwHiAiUser/wheeltec_ros2/install/wheeltec_robot_urdf/share/wheeltec_robot_urdf/meshes/flagship_mec_dl_robot_meshes/lb_wheel_link.STL
-- Installing: /home/HwHiAiUser/wheeltec_ros2/install/wheeltec_robot_urdf/share/wheeltec_robot_urdf/meshes/flagship_mec_dl_robot_meshes/lf_wheel_link.STL
-- Installing: /home/HwHiAiUser/wheeltec_ros2/install/wheeltec_robot_urdf/share/wheeltec_robot_urdf/meshes/flagship_mec_dl_robot_meshes/laser.STL
-- Installing: /home/HwHiAiUser/wheeltec_ros2/install/wheeltec_robot_urdf/share/wheeltec_robot_urdf/meshes/flagship_mec_dl_robot_meshes/controller_link.STL
-- Installing: /home/HwHiAiUser/wheeltec_ros2/install/wheeltec_robot_urdf/share/wheeltec_robot_urdf/meshes/flagship_mec_dl_robot_meshes/camera_link.STL
-- Installing: /home/HwHiAiUser/wheeltec_ros2/install/wheeltec_robot_urdf/share/wheeltec_robot_urdf/meshes/flagship_mec_dl_robot_meshes/rb_wheel_link.STL
-- Installing: /home/HwHiAiUser/wheeltec_ros2/install/wheeltec_robot_urdf/share/wheeltec_robot_urdf/meshes/flagship_mec_dl_robot_meshes/rf_wheel_link.STL
-- Installing: /home/HwHiAiUser/wheeltec_ros2/install/wheeltec_robot_urdf/share/wheeltec_robot_urdf/meshes/wheels
-- Installing: /home/HwHiAiUser/wheeltec_ros2/install/wheeltec_robot_urdf/share/wheeltec_robot_urdf/meshes/wheels/left_tire.stl
-- Installing: /home/HwHiAiUser/wheeltec_ros2/install/wheeltec_robot_urdf/share/wheeltec_robot_urdf/meshes/wheels/right_tire.stl
-- Installing: /home/HwHiAiUser/wheeltec_ros2/install/wheeltec_robot_urdf/share/wheeltec_robot_urdf/meshes/top_akm_bs_robot_meshes
-- Installing: /home/HwHiAiUser/wheeltec_ros2/install/wheeltec_robot_urdf/share/wheeltec_robot_urdf/meshes/top_akm_bs_robot_meshes/base_link.STL
-- Installing: /home/HwHiAiUser/wheeltec_ros2/install/wheeltec_robot_urdf/share/wheeltec_robot_urdf/meshes/top_akm_bs_robot_meshes/lb_wheel_link.STL
-- Installing: /home/HwHiAiUser/wheeltec_ros2/install/wheeltec_robot_urdf/share/wheeltec_robot_urdf/meshes/top_akm_bs_robot_meshes/lf_wheel_link.STL
-- Installing: /home/HwHiAiUser/wheeltec_ros2/install/wheeltec_robot_urdf/share/wheeltec_robot_urdf/meshes/top_akm_bs_robot_meshes/laser.STL
-- Installing: /home/HwHiAiUser/wheeltec_ros2/install/wheeltec_robot_urdf/share/wheeltec_robot_urdf/meshes/top_akm_bs_robot_meshes/controller_link.STL
-- Installing: /home/HwHiAiUser/wheeltec_ros2/install/wheeltec_robot_urdf/share/wheeltec_robot_urdf/meshes/top_akm_bs_robot_meshes/camera_link.STL
-- Installing: /home/HwHiAiUser/wheeltec_ros2/install/wheeltec_robot_urdf/share/wheeltec_robot_urdf/meshes/top_akm_bs_robot_meshes/left1_link.STL
-- Installing: /home/HwHiAiUser/wheeltec_ros2/install/wheeltec_robot_urdf/share/wheeltec_robot_urdf/meshes/top_akm_bs_robot_meshes/rb_wheel_link.STL
-- Installing: /home/HwHiAiUser/wheeltec_ros2/install/wheeltec_robot_urdf/share/wheeltec_robot_urdf/meshes/top_akm_bs_robot_meshes/rf_wheel_link.STL
-- Installing: /home/HwHiAiUser/wheeltec_ros2/install/wheeltec_robot_urdf/share/wheeltec_robot_urdf/meshes/top_akm_bs_robot_meshes/right1_link.STL
-- Installing: /home/HwHiAiUser/wheeltec_ros2/install/wheeltec_robot_urdf/share/wheeltec_robot_urdf/meshes/bases
-- Installing: /home/HwHiAiUser/wheeltec_ros2/install/wheeltec_robot_urdf/share/wheeltec_robot_urdf/meshes/bases/waffle_base.stl
-- Installing: /home/HwHiAiUser/wheeltec_ros2/install/wheeltec_robot_urdf/share/wheeltec_robot_urdf/meshes/bases/waffle_pi_base.stl
-- Installing: /home/HwHiAiUser/wheeltec_ros2/install/wheeltec_robot_urdf/share/wheeltec_robot_urdf/meshes/bases/burger_base.stl
-- Installing: /home/HwHiAiUser/wheeltec_ros2/install/wheeltec_robot_urdf/share/wheeltec_robot_urdf/meshes/mini_akm_robot_meshes
-- Installing: /home/HwHiAiUser/wheeltec_ros2/install/wheeltec_robot_urdf/share/wheeltec_robot_urdf/meshes/mini_akm_robot_meshes/rf_link.STL
-- Installing: /home/HwHiAiUser/wheeltec_ros2/install/wheeltec_robot_urdf/share/wheeltec_robot_urdf/meshes/mini_akm_robot_meshes/base_link.STL
-- Installing: /home/HwHiAiUser/wheeltec_ros2/install/wheeltec_robot_urdf/share/wheeltec_robot_urdf/meshes/mini_akm_robot_meshes/front_link.STL
-- Installing: /home/HwHiAiUser/wheeltec_ros2/install/wheeltec_robot_urdf/share/wheeltec_robot_urdf/meshes/mini_akm_robot_meshes/lb_link.STL
-- Installing: /home/HwHiAiUser/wheeltec_ros2/install/wheeltec_robot_urdf/share/wheeltec_robot_urdf/meshes/mini_akm_robot_meshes/laser.STL
-- Installing: /home/HwHiAiUser/wheeltec_ros2/install/wheeltec_robot_urdf/share/wheeltec_robot_urdf/meshes/mini_akm_robot_meshes/controller_link.STL
-- Installing: /home/HwHiAiUser/wheeltec_ros2/install/wheeltec_robot_urdf/share/wheeltec_robot_urdf/meshes/mini_akm_robot_meshes/camera_link.STL
-- Installing: /home/HwHiAiUser/wheeltec_ros2/install/wheeltec_robot_urdf/share/wheeltec_robot_urdf/meshes/mini_akm_robot_meshes/lf_link.STL
-- Installing: /home/HwHiAiUser/wheeltec_ros2/install/wheeltec_robot_urdf/share/wheeltec_robot_urdf/meshes/mini_akm_robot_meshes/left_link.STL
-- Installing: /home/HwHiAiUser/wheeltec_ros2/install/wheeltec_robot_urdf/share/wheeltec_robot_urdf/meshes/mini_akm_robot_meshes/rb_link.STL
-- Installing: /home/HwHiAiUser/wheeltec_ros2/install/wheeltec_robot_urdf/share/wheeltec_robot_urdf/meshes/mini_akm_robot_meshes/right_link.STL
-- Installing: /home/HwHiAiUser/wheeltec_ros2/install/wheeltec_robot_urdf/share/wheeltec_robot_urdf/meshes/mini_diff_robot_meshes
-- Installing: /home/HwHiAiUser/wheeltec_ros2/install/wheeltec_robot_urdf/share/wheeltec_robot_urdf/meshes/mini_diff_robot_meshes/base_link.STL
-- Installing: /home/HwHiAiUser/wheeltec_ros2/install/wheeltec_robot_urdf/share/wheeltec_robot_urdf/meshes/mini_diff_robot_meshes/front_link.STL
-- Installing: /home/HwHiAiUser/wheeltec_ros2/install/wheeltec_robot_urdf/share/wheeltec_robot_urdf/meshes/mini_diff_robot_meshes/laser.STL
-- Installing: /home/HwHiAiUser/wheeltec_ros2/install/wheeltec_robot_urdf/share/wheeltec_robot_urdf/meshes/mini_diff_robot_meshes/controller_link.STL
-- Installing: /home/HwHiAiUser/wheeltec_ros2/install/wheeltec_robot_urdf/share/wheeltec_robot_urdf/meshes/mini_diff_robot_meshes/camera_link.STL
-- Installing: /home/HwHiAiUser/wheeltec_ros2/install/wheeltec_robot_urdf/share/wheeltec_robot_urdf/meshes/mini_diff_robot_meshes/left_link.STL
-- Installing: /home/HwHiAiUser/wheeltec_ros2/install/wheeltec_robot_urdf/share/wheeltec_robot_urdf/meshes/mini_diff_robot_meshes/right_link.STL
-- Installing: /home/HwHiAiUser/wheeltec_ros2/install/wheeltec_robot_urdf/share/wheeltec_robot_urdf/meshes/s300_mini_robot_meshes
-- Installing: /home/HwHiAiUser/wheeltec_ros2/install/wheeltec_robot_urdf/share/wheeltec_robot_urdf/meshes/s300_mini_robot_meshes/base_link.STL
-- Installing: /home/HwHiAiUser/wheeltec_ros2/install/wheeltec_robot_urdf/share/wheeltec_robot_urdf/meshes/s300_mini_robot_meshes/lm_wheel_link.STL
-- Installing: /home/HwHiAiUser/wheeltec_ros2/install/wheeltec_robot_urdf/share/wheeltec_robot_urdf/meshes/s300_mini_robot_meshes/arm6_link.STL
-- Installing: /home/HwHiAiUser/wheeltec_ros2/install/wheeltec_robot_urdf/share/wheeltec_robot_urdf/meshes/s300_mini_robot_meshes/laser.STL
-- Installing: /home/HwHiAiUser/wheeltec_ros2/install/wheeltec_robot_urdf/share/wheeltec_robot_urdf/meshes/s300_mini_robot_meshes/camera_link.STL
-- Installing: /home/HwHiAiUser/wheeltec_ros2/install/wheeltec_robot_urdf/share/wheeltec_robot_urdf/meshes/s300_mini_robot_meshes/gripper1_link.STL
-- Installing: /home/HwHiAiUser/wheeltec_ros2/install/wheeltec_robot_urdf/share/wheeltec_robot_urdf/meshes/s300_mini_robot_meshes/arm4_link.STL
-- Installing: /home/HwHiAiUser/wheeltec_ros2/install/wheeltec_robot_urdf/share/wheeltec_robot_urdf/meshes/s300_mini_robot_meshes/arm5_link.STL
-- Installing: /home/HwHiAiUser/wheeltec_ros2/install/wheeltec_robot_urdf/share/wheeltec_robot_urdf/meshes/s300_mini_robot_meshes/rm_wheel_link.STL
-- Installing: /home/HwHiAiUser/wheeltec_ros2/install/wheeltec_robot_urdf/share/wheeltec_robot_urdf/meshes/s300_mini_robot_meshes/arm3_link.STL
-- Installing: /home/HwHiAiUser/wheeltec_ros2/install/wheeltec_robot_urdf/share/wheeltec_robot_urdf/meshes/s300_mini_robot_meshes/arm1_link.STL
-- Installing: /home/HwHiAiUser/wheeltec_ros2/install/wheeltec_robot_urdf/share/wheeltec_robot_urdf/meshes/s300_mini_robot_meshes/arm_base_link.STL
-- Installing: /home/HwHiAiUser/wheeltec_ros2/install/wheeltec_robot_urdf/share/wheeltec_robot_urdf/meshes/s300_mini_robot_meshes/arm2_link.STL
-- Installing: /home/HwHiAiUser/wheeltec_ros2/install/wheeltec_robot_urdf/share/wheeltec_robot_urdf/meshes/s300_mini_robot_meshes/laser_link.STL
-- Installing: /home/HwHiAiUser/wheeltec_ros2/install/wheeltec_robot_urdf/share/wheeltec_robot_urdf/meshes/flagship_4wd_dl_robot_meshes
-- Installing: /home/HwHiAiUser/wheeltec_ros2/install/wheeltec_robot_urdf/share/wheeltec_robot_urdf/meshes/flagship_4wd_dl_robot_meshes/base_link.STL
-- Installing: /home/HwHiAiUser/wheeltec_ros2/install/wheeltec_robot_urdf/share/wheeltec_robot_urdf/meshes/flagship_4wd_dl_robot_meshes/lb_wheel_link.STL
-- Installing: /home/HwHiAiUser/wheeltec_ros2/install/wheeltec_robot_urdf/share/wheeltec_robot_urdf/meshes/flagship_4wd_dl_robot_meshes/lf_wheel_link.STL
-- Installing: /home/HwHiAiUser/wheeltec_ros2/install/wheeltec_robot_urdf/share/wheeltec_robot_urdf/meshes/flagship_4wd_dl_robot_meshes/laser.STL
-- Installing: /home/HwHiAiUser/wheeltec_ros2/install/wheeltec_robot_urdf/share/wheeltec_robot_urdf/meshes/flagship_4wd_dl_robot_meshes/controller_link.STL
-- Installing: /home/HwHiAiUser/wheeltec_ros2/install/wheeltec_robot_urdf/share/wheeltec_robot_urdf/meshes/flagship_4wd_dl_robot_meshes/camera_link.STL
-- Installing: /home/HwHiAiUser/wheeltec_ros2/install/wheeltec_robot_urdf/share/wheeltec_robot_urdf/meshes/flagship_4wd_dl_robot_meshes/rb_wheel_link.STL
-- Installing: /home/HwHiAiUser/wheeltec_ros2/install/wheeltec_robot_urdf/share/wheeltec_robot_urdf/meshes/flagship_4wd_dl_robot_meshes/rf_wheel_link.STL
-- Installing: /home/HwHiAiUser/wheeltec_ros2/install/wheeltec_robot_urdf/share/wheeltec_robot_urdf/meshes/senior_4wd_dl_robot_meshes
-- Installing: /home/HwHiAiUser/wheeltec_ros2/install/wheeltec_robot_urdf/share/wheeltec_robot_urdf/meshes/senior_4wd_dl_robot_meshes/base_link.STL
-- Installing: /home/HwHiAiUser/wheeltec_ros2/install/wheeltec_robot_urdf/share/wheeltec_robot_urdf/meshes/senior_4wd_dl_robot_meshes/lb_wheel_link.STL
-- Installing: /home/HwHiAiUser/wheeltec_ros2/install/wheeltec_robot_urdf/share/wheeltec_robot_urdf/meshes/senior_4wd_dl_robot_meshes/lf_wheel_link.STL
-- Installing: /home/HwHiAiUser/wheeltec_ros2/install/wheeltec_robot_urdf/share/wheeltec_robot_urdf/meshes/senior_4wd_dl_robot_meshes/laser.STL
-- Installing: /home/HwHiAiUser/wheeltec_ros2/install/wheeltec_robot_urdf/share/wheeltec_robot_urdf/meshes/senior_4wd_dl_robot_meshes/controller_link.STL
-- Installing: /home/HwHiAiUser/wheeltec_ros2/install/wheeltec_robot_urdf/share/wheeltec_robot_urdf/meshes/senior_4wd_dl_robot_meshes/camera_link.STL
-- Installing: /home/HwHiAiUser/wheeltec_ros2/install/wheeltec_robot_urdf/share/wheeltec_robot_urdf/meshes/senior_4wd_dl_robot_meshes/rb_wheel_link.STL
-- Installing: /home/HwHiAiUser/wheeltec_ros2/install/wheeltec_robot_urdf/share/wheeltec_robot_urdf/meshes/senior_4wd_dl_robot_meshes/rf_wheel_link.STL
-- Installing: /home/HwHiAiUser/wheeltec_ros2/install/wheeltec_robot_urdf/share/wheeltec_robot_urdf/meshes/brushless_senior_diff_meshes
-- Installing: /home/HwHiAiUser/wheeltec_ros2/install/wheeltec_robot_urdf/share/wheeltec_robot_urdf/meshes/brushless_senior_diff_meshes/base_link.STL
-- Installing: /home/HwHiAiUser/wheeltec_ros2/install/wheeltec_robot_urdf/share/wheeltec_robot_urdf/meshes/brushless_senior_diff_meshes/lb_wheel_link.STL
-- Installing: /home/HwHiAiUser/wheeltec_ros2/install/wheeltec_robot_urdf/share/wheeltec_robot_urdf/meshes/brushless_senior_diff_meshes/laser.STL
-- Installing: /home/HwHiAiUser/wheeltec_ros2/install/wheeltec_robot_urdf/share/wheeltec_robot_urdf/meshes/brushless_senior_diff_meshes/controller_link.STL
-- Installing: /home/HwHiAiUser/wheeltec_ros2/install/wheeltec_robot_urdf/share/wheeltec_robot_urdf/meshes/brushless_senior_diff_meshes/camera_link.STL
-- Installing: /home/HwHiAiUser/wheeltec_ros2/install/wheeltec_robot_urdf/share/wheeltec_robot_urdf/meshes/brushless_senior_diff_meshes/rb_wheel_link.STL
-- Installing: /home/HwHiAiUser/wheeltec_ros2/install/wheeltec_robot_urdf/share/wheeltec_robot_urdf/meshes/senior_mec_bs_robot_meshes
-- Installing: /home/HwHiAiUser/wheeltec_ros2/install/wheeltec_robot_urdf/share/wheeltec_robot_urdf/meshes/senior_mec_bs_robot_meshes/base_link.STL
-- Installing: /home/HwHiAiUser/wheeltec_ros2/install/wheeltec_robot_urdf/share/wheeltec_robot_urdf/meshes/senior_mec_bs_robot_meshes/lb_wheel_link.STL
-- Installing: /home/HwHiAiUser/wheeltec_ros2/install/wheeltec_robot_urdf/share/wheeltec_robot_urdf/meshes/senior_mec_bs_robot_meshes/lf_wheel_link.STL
-- Installing: /home/HwHiAiUser/wheeltec_ros2/install/wheeltec_robot_urdf/share/wheeltec_robot_urdf/meshes/senior_mec_bs_robot_meshes/laser.STL
-- Installing: /home/HwHiAiUser/wheeltec_ros2/install/wheeltec_robot_urdf/share/wheeltec_robot_urdf/meshes/senior_mec_bs_robot_meshes/controller_link.STL
-- Installing: /home/HwHiAiUser/wheeltec_ros2/install/wheeltec_robot_urdf/share/wheeltec_robot_urdf/meshes/senior_mec_bs_robot_meshes/camera_link.STL
-- Installing: /home/HwHiAiUser/wheeltec_ros2/install/wheeltec_robot_urdf/share/wheeltec_robot_urdf/meshes/senior_mec_bs_robot_meshes/rb_wheel_link.STL
-- Installing: /home/HwHiAiUser/wheeltec_ros2/install/wheeltec_robot_urdf/share/wheeltec_robot_urdf/meshes/senior_mec_bs_robot_meshes/rf_wheel_link.STL
-- Installing: /home/HwHiAiUser/wheeltec_ros2/install/wheeltec_robot_urdf/share/wheeltec_robot_urdf/meshes/top_4wd_bs_robot_meshes
-- Installing: /home/HwHiAiUser/wheeltec_ros2/install/wheeltec_robot_urdf/share/wheeltec_robot_urdf/meshes/top_4wd_bs_robot_meshes/base_link.STL
-- Installing: /home/HwHiAiUser/wheeltec_ros2/install/wheeltec_robot_urdf/share/wheeltec_robot_urdf/meshes/top_4wd_bs_robot_meshes/lb_wheel_link.STL
-- Installing: /home/HwHiAiUser/wheeltec_ros2/install/wheeltec_robot_urdf/share/wheeltec_robot_urdf/meshes/top_4wd_bs_robot_meshes/lf_wheel_link.STL
-- Installing: /home/HwHiAiUser/wheeltec_ros2/install/wheeltec_robot_urdf/share/wheeltec_robot_urdf/meshes/top_4wd_bs_robot_meshes/laser.STL
-- Installing: /home/HwHiAiUser/wheeltec_ros2/install/wheeltec_robot_urdf/share/wheeltec_robot_urdf/meshes/top_4wd_bs_robot_meshes/controller_link.STL
-- Installing: /home/HwHiAiUser/wheeltec_ros2/install/wheeltec_robot_urdf/share/wheeltec_robot_urdf/meshes/top_4wd_bs_robot_meshes/camera_link.STL
-- Installing: /home/HwHiAiUser/wheeltec_ros2/install/wheeltec_robot_urdf/share/wheeltec_robot_urdf/meshes/top_4wd_bs_robot_meshes/rb_wheel_link.STL
-- Installing: /home/HwHiAiUser/wheeltec_ros2/install/wheeltec_robot_urdf/share/wheeltec_robot_urdf/meshes/top_4wd_bs_robot_meshes/rf_wheel_link.STL
-- Installing: /home/HwHiAiUser/wheeltec_ros2/install/wheeltec_robot_urdf/share/wheeltec_robot_urdf/meshes/top_akm_bs_meshes
-- Installing: /home/HwHiAiUser/wheeltec_ros2/install/wheeltec_robot_urdf/share/wheeltec_robot_urdf/meshes/top_akm_bs_meshes/base_link.STL
-- Installing: /home/HwHiAiUser/wheeltec_ros2/install/wheeltec_robot_urdf/share/wheeltec_robot_urdf/meshes/top_akm_bs_meshes/lb_wheel_link.STL
-- Installing: /home/HwHiAiUser/wheeltec_ros2/install/wheeltec_robot_urdf/share/wheeltec_robot_urdf/meshes/top_akm_bs_meshes/lf_wheel_link.STL
-- Installing: /home/HwHiAiUser/wheeltec_ros2/install/wheeltec_robot_urdf/share/wheeltec_robot_urdf/meshes/top_akm_bs_meshes/controller_link.STL
-- Installing: /home/HwHiAiUser/wheeltec_ros2/install/wheeltec_robot_urdf/share/wheeltec_robot_urdf/meshes/top_akm_bs_meshes/camera_link.STL
-- Installing: /home/HwHiAiUser/wheeltec_ros2/install/wheeltec_robot_urdf/share/wheeltec_robot_urdf/meshes/top_akm_bs_meshes/left1_link.STL
-- Installing: /home/HwHiAiUser/wheeltec_ros2/install/wheeltec_robot_urdf/share/wheeltec_robot_urdf/meshes/top_akm_bs_meshes/rb_wheel_link.STL
-- Installing: /home/HwHiAiUser/wheeltec_ros2/install/wheeltec_robot_urdf/share/wheeltec_robot_urdf/meshes/top_akm_bs_meshes/rf_wheel_link.STL
-- Installing: /home/HwHiAiUser/wheeltec_ros2/install/wheeltec_robot_urdf/share/wheeltec_robot_urdf/meshes/top_akm_bs_meshes/right1_link.STL
-- Installing: /home/HwHiAiUser/wheeltec_ros2/install/wheeltec_robot_urdf/share/wheeltec_robot_urdf/meshes/top_akm_bs_meshes/laser_link.STL
-- Installing: /home/HwHiAiUser/wheeltec_ros2/install/wheeltec_robot_urdf/share/wheeltec_robot_urdf/meshes/mini_4wd_moveit_four_meshes
-- Installing: /home/HwHiAiUser/wheeltec_ros2/install/wheeltec_robot_urdf/share/wheeltec_robot_urdf/meshes/mini_4wd_moveit_four_meshes/base_link.STL
-- Installing: /home/HwHiAiUser/wheeltec_ros2/install/wheeltec_robot_urdf/share/wheeltec_robot_urdf/meshes/mini_4wd_moveit_four_meshes/j2_link.STL
-- Installing: /home/HwHiAiUser/wheeltec_ros2/install/wheeltec_robot_urdf/share/wheeltec_robot_urdf/meshes/mini_4wd_moveit_four_meshes/j4_2_link.STL
-- Installing: /home/HwHiAiUser/wheeltec_ros2/install/wheeltec_robot_urdf/share/wheeltec_robot_urdf/meshes/mini_4wd_moveit_four_meshes/j4_6_link.STL
-- Installing: /home/HwHiAiUser/wheeltec_ros2/install/wheeltec_robot_urdf/share/wheeltec_robot_urdf/meshes/mini_4wd_moveit_four_meshes/lb_wheel_link.STL
-- Installing: /home/HwHiAiUser/wheeltec_ros2/install/wheeltec_robot_urdf/share/wheeltec_robot_urdf/meshes/mini_4wd_moveit_four_meshes/display_link.STL
-- Installing: /home/HwHiAiUser/wheeltec_ros2/install/wheeltec_robot_urdf/share/wheeltec_robot_urdf/meshes/mini_4wd_moveit_four_meshes/lf_wheel_link.STL
-- Installing: /home/HwHiAiUser/wheeltec_ros2/install/wheeltec_robot_urdf/share/wheeltec_robot_urdf/meshes/mini_4wd_moveit_four_meshes/laser.STL
-- Installing: /home/HwHiAiUser/wheeltec_ros2/install/wheeltec_robot_urdf/share/wheeltec_robot_urdf/meshes/mini_4wd_moveit_four_meshes/controller_link.STL
-- Installing: /home/HwHiAiUser/wheeltec_ros2/install/wheeltec_robot_urdf/share/wheeltec_robot_urdf/meshes/mini_4wd_moveit_four_meshes/camera_link.STL
-- Installing: /home/HwHiAiUser/wheeltec_ros2/install/wheeltec_robot_urdf/share/wheeltec_robot_urdf/meshes/mini_4wd_moveit_four_meshes/j4_4_link.STL
-- Installing: /home/HwHiAiUser/wheeltec_ros2/install/wheeltec_robot_urdf/share/wheeltec_robot_urdf/meshes/mini_4wd_moveit_four_meshes/rb_wheel_link.STL
-- Installing: /home/HwHiAiUser/wheeltec_ros2/install/wheeltec_robot_urdf/share/wheeltec_robot_urdf/meshes/mini_4wd_moveit_four_meshes/rf_wheel_link.STL
-- Installing: /home/HwHiAiUser/wheeltec_ros2/install/wheeltec_robot_urdf/share/wheeltec_robot_urdf/meshes/mini_4wd_moveit_four_meshes/j4_5_link.STL
-- Installing: /home/HwHiAiUser/wheeltec_ros2/install/wheeltec_robot_urdf/share/wheeltec_robot_urdf/meshes/mini_4wd_moveit_four_meshes/arm_base_link.STL
-- Installing: /home/HwHiAiUser/wheeltec_ros2/install/wheeltec_robot_urdf/share/wheeltec_robot_urdf/meshes/mini_4wd_moveit_four_meshes/j1_link.STL
-- Installing: /home/HwHiAiUser/wheeltec_ros2/install/wheeltec_robot_urdf/share/wheeltec_robot_urdf/meshes/mini_4wd_moveit_four_meshes/j4_1_link.STL
-- Installing: /home/HwHiAiUser/wheeltec_ros2/install/wheeltec_robot_urdf/share/wheeltec_robot_urdf/meshes/mini_4wd_moveit_four_meshes/j3_link.STL
-- Installing: /home/HwHiAiUser/wheeltec_ros2/install/wheeltec_robot_urdf/share/wheeltec_robot_urdf/meshes/mini_4wd_moveit_four_meshes/j4_3_link.STL
-- Installing: /home/HwHiAiUser/wheeltec_ros2/install/wheeltec_robot_urdf/share/wheeltec_robot_urdf/meshes/sensors
-- Installing: /home/HwHiAiUser/wheeltec_ros2/install/wheeltec_robot_urdf/share/wheeltec_robot_urdf/meshes/sensors/astra.dae
-- Installing: /home/HwHiAiUser/wheeltec_ros2/install/wheeltec_robot_urdf/share/wheeltec_robot_urdf/meshes/sensors/r200.dae
-- Installing: /home/HwHiAiUser/wheeltec_ros2/install/wheeltec_robot_urdf/share/wheeltec_robot_urdf/meshes/sensors/r200.jpg
-- Installing: /home/HwHiAiUser/wheeltec_ros2/install/wheeltec_robot_urdf/share/wheeltec_robot_urdf/meshes/sensors/lds.stl
-- Installing: /home/HwHiAiUser/wheeltec_ros2/install/wheeltec_robot_urdf/share/wheeltec_robot_urdf/meshes/sensors/astra.jpg
-- Installing: /home/HwHiAiUser/wheeltec_ros2/install/wheeltec_robot_urdf/share/wheeltec_robot_urdf/meshes/flagship_4wd_bs_robot_meshes
-- Installing: /home/HwHiAiUser/wheeltec_ros2/install/wheeltec_robot_urdf/share/wheeltec_robot_urdf/meshes/flagship_4wd_bs_robot_meshes/base_link.STL
-- Installing: /home/HwHiAiUser/wheeltec_ros2/install/wheeltec_robot_urdf/share/wheeltec_robot_urdf/meshes/flagship_4wd_bs_robot_meshes/lb_wheel_link.STL
-- Installing: /home/HwHiAiUser/wheeltec_ros2/install/wheeltec_robot_urdf/share/wheeltec_robot_urdf/meshes/flagship_4wd_bs_robot_meshes/lf_wheel_link.STL
-- Installing: /home/HwHiAiUser/wheeltec_ros2/install/wheeltec_robot_urdf/share/wheeltec_robot_urdf/meshes/flagship_4wd_bs_robot_meshes/laser.STL
-- Installing: /home/HwHiAiUser/wheeltec_ros2/install/wheeltec_robot_urdf/share/wheeltec_robot_urdf/meshes/flagship_4wd_bs_robot_meshes/controller_link.STL
-- Installing: /home/HwHiAiUser/wheeltec_ros2/install/wheeltec_robot_urdf/share/wheeltec_robot_urdf/meshes/flagship_4wd_bs_robot_meshes/camera_link.STL
-- Installing: /home/HwHiAiUser/wheeltec_ros2/install/wheeltec_robot_urdf/share/wheeltec_robot_urdf/meshes/flagship_4wd_bs_robot_meshes/rb_wheel_link.STL
-- Installing: /home/HwHiAiUser/wheeltec_ros2/install/wheeltec_robot_urdf/share/wheeltec_robot_urdf/meshes/flagship_4wd_bs_robot_meshes/rf_wheel_link.STL
-- Installing: /home/HwHiAiUser/wheeltec_ros2/install/wheeltec_robot_urdf/share/wheeltec_robot_urdf/meshes/r3S_4wd_robot_meshes
-- Installing: /home/HwHiAiUser/wheeltec_ros2/install/wheeltec_robot_urdf/share/wheeltec_robot_urdf/meshes/r3S_4wd_robot_meshes/base_link.STL
-- Installing: /home/HwHiAiUser/wheeltec_ros2/install/wheeltec_robot_urdf/share/wheeltec_robot_urdf/meshes/r3S_4wd_robot_meshes/lb_wheel_link.STL
-- Installing: /home/HwHiAiUser/wheeltec_ros2/install/wheeltec_robot_urdf/share/wheeltec_robot_urdf/meshes/r3S_4wd_robot_meshes/lf_wheel_link.STL
-- Installing: /home/HwHiAiUser/wheeltec_ros2/install/wheeltec_robot_urdf/share/wheeltec_robot_urdf/meshes/r3S_4wd_robot_meshes/laser.STL
-- Installing: /home/HwHiAiUser/wheeltec_ros2/install/wheeltec_robot_urdf/share/wheeltec_robot_urdf/meshes/r3S_4wd_robot_meshes/controller_link.STL
-- Installing: /home/HwHiAiUser/wheeltec_ros2/install/wheeltec_robot_urdf/share/wheeltec_robot_urdf/meshes/r3S_4wd_robot_meshes/camera_link.STL
-- Installing: /home/HwHiAiUser/wheeltec_ros2/install/wheeltec_robot_urdf/share/wheeltec_robot_urdf/meshes/r3S_4wd_robot_meshes/rb_wheel_link.STL
-- Installing: /home/HwHiAiUser/wheeltec_ros2/install/wheeltec_robot_urdf/share/wheeltec_robot_urdf/meshes/r3S_4wd_robot_meshes/rf_wheel_link.STL
-- Installing: /home/HwHiAiUser/wheeltec_ros2/install/wheeltec_robot_urdf/share/wheeltec_robot_urdf/meshes/mini_mec_robot_meshes
-- Installing: /home/HwHiAiUser/wheeltec_ros2/install/wheeltec_robot_urdf/share/wheeltec_robot_urdf/meshes/mini_mec_robot_meshes/base_link.STL
-- Installing: /home/HwHiAiUser/wheeltec_ros2/install/wheeltec_robot_urdf/share/wheeltec_robot_urdf/meshes/mini_mec_robot_meshes/lb_wheel_link.STL
-- Installing: /home/HwHiAiUser/wheeltec_ros2/install/wheeltec_robot_urdf/share/wheeltec_robot_urdf/meshes/mini_mec_robot_meshes/lf_wheel_link.STL
-- Installing: /home/HwHiAiUser/wheeltec_ros2/install/wheeltec_robot_urdf/share/wheeltec_robot_urdf/meshes/mini_mec_robot_meshes/laser.STL
-- Installing: /home/HwHiAiUser/wheeltec_ros2/install/wheeltec_robot_urdf/share/wheeltec_robot_urdf/meshes/mini_mec_robot_meshes/controller_link.STL
-- Installing: /home/HwHiAiUser/wheeltec_ros2/install/wheeltec_robot_urdf/share/wheeltec_robot_urdf/meshes/mini_mec_robot_meshes/camera_link.STL
-- Installing: /home/HwHiAiUser/wheeltec_ros2/install/wheeltec_robot_urdf/share/wheeltec_robot_urdf/meshes/mini_mec_robot_meshes/rb_wheel_link.STL
-- Installing: /home/HwHiAiUser/wheeltec_ros2/install/wheeltec_robot_urdf/share/wheeltec_robot_urdf/meshes/mini_mec_robot_meshes/rf_wheel_link.STL
-- Installing: /home/HwHiAiUser/wheeltec_ros2/install/wheeltec_robot_urdf/share/wheeltec_robot_urdf/meshes/flagship_mec_bs_robot_meshes
-- Installing: /home/HwHiAiUser/wheeltec_ros2/install/wheeltec_robot_urdf/share/wheeltec_robot_urdf/meshes/flagship_mec_bs_robot_meshes/base_link.STL
-- Installing: /home/HwHiAiUser/wheeltec_ros2/install/wheeltec_robot_urdf/share/wheeltec_robot_urdf/meshes/flagship_mec_bs_robot_meshes/lb_wheel_link.STL
-- Installing: /home/HwHiAiUser/wheeltec_ros2/install/wheeltec_robot_urdf/share/wheeltec_robot_urdf/meshes/flagship_mec_bs_robot_meshes/lf_wheel_link.STL
-- Installing: /home/HwHiAiUser/wheeltec_ros2/install/wheeltec_robot_urdf/share/wheeltec_robot_urdf/meshes/flagship_mec_bs_robot_meshes/laser.STL
-- Installing: /home/HwHiAiUser/wheeltec_ros2/install/wheeltec_robot_urdf/share/wheeltec_robot_urdf/meshes/flagship_mec_bs_robot_meshes/controller_link.STL
-- Installing: /home/HwHiAiUser/wheeltec_ros2/install/wheeltec_robot_urdf/share/wheeltec_robot_urdf/meshes/flagship_mec_bs_robot_meshes/camera_link.STL
-- Installing: /home/HwHiAiUser/wheeltec_ros2/install/wheeltec_robot_urdf/share/wheeltec_robot_urdf/meshes/flagship_mec_bs_robot_meshes/rb_wheel_link.STL
-- Installing: /home/HwHiAiUser/wheeltec_ros2/install/wheeltec_robot_urdf/share/wheeltec_robot_urdf/meshes/flagship_mec_bs_robot_meshes/rf_wheel_link.STL
-- Installing: /home/HwHiAiUser/wheeltec_ros2/install/wheeltec_robot_urdf/share/wheeltec_robot_urdf/rviz
-- Installing: /home/HwHiAiUser/wheeltec_ros2/install/wheeltec_robot_urdf/share/wheeltec_robot_urdf/rviz/model.rviz
-- Installing: /home/HwHiAiUser/wheeltec_ros2/install/wheeltec_robot_urdf/share/wheeltec_robot_urdf/urdf
-- Installing: /home/HwHiAiUser/wheeltec_ros2/install/wheeltec_robot_urdf/share/wheeltec_robot_urdf/urdf/flagship_4wd_dl_robot.urdf
-- Installing: /home/HwHiAiUser/wheeltec_ros2/install/wheeltec_robot_urdf/share/wheeltec_robot_urdf/urdf/senior_mec_bs_robot.urdf
-- Installing: /home/HwHiAiUser/wheeltec_ros2/install/wheeltec_robot_urdf/share/wheeltec_robot_urdf/urdf/s300_yw_robot.urdf
-- Installing: /home/HwHiAiUser/wheeltec_ros2/install/wheeltec_robot_urdf/share/wheeltec_robot_urdf/urdf/top_akm_bs_robot.urdf
-- Installing: /home/HwHiAiUser/wheeltec_ros2/install/wheeltec_robot_urdf/share/wheeltec_robot_urdf/urdf/senior_4wd_bs_robot.urdf
-- Installing: /home/HwHiAiUser/wheeltec_ros2/install/wheeltec_robot_urdf/share/wheeltec_robot_urdf/urdf/mini_mec_moveit_four.urdf
-- Installing: /home/HwHiAiUser/wheeltec_ros2/install/wheeltec_robot_urdf/share/wheeltec_robot_urdf/urdf/mini_4wd_robot.urdf
-- Installing: /home/HwHiAiUser/wheeltec_ros2/install/wheeltec_robot_urdf/share/wheeltec_robot_urdf/urdf/mini_tank_robot.urdf
-- Installing: /home/HwHiAiUser/wheeltec_ros2/install/wheeltec_robot_urdf/share/wheeltec_robot_urdf/urdf/senior_akm_robot.urdf
-- Installing: /home/HwHiAiUser/wheeltec_ros2/install/wheeltec_robot_urdf/share/wheeltec_robot_urdf/urdf/senior_mec_dl_robot.urdf
-- Installing: /home/HwHiAiUser/wheeltec_ros2/install/wheeltec_robot_urdf/share/wheeltec_robot_urdf/urdf/mini_omni_robot.urdf
-- Installing: /home/HwHiAiUser/wheeltec_ros2/install/wheeltec_robot_urdf/share/wheeltec_robot_urdf/urdf/top_mec_EightDrive_robot.urdf
-- Installing: /home/HwHiAiUser/wheeltec_ros2/install/wheeltec_robot_urdf/share/wheeltec_robot_urdf/urdf/s300_mini_robot.urdf
-- Installing: /home/HwHiAiUser/wheeltec_ros2/install/wheeltec_robot_urdf/share/wheeltec_robot_urdf/urdf/senior_diff_robot.urdf
-- Installing: /home/HwHiAiUser/wheeltec_ros2/install/wheeltec_robot_urdf/share/wheeltec_robot_urdf/urdf/senior_4wd_dl_robot.urdf
-- Installing: /home/HwHiAiUser/wheeltec_ros2/install/wheeltec_robot_urdf/share/wheeltec_robot_urdf/urdf/mini_mec_moveit_six.urdf
-- Installing: /home/HwHiAiUser/wheeltec_ros2/install/wheeltec_robot_urdf/share/wheeltec_robot_urdf/urdf/brushless_senior_diff.urdf
-- Installing: /home/HwHiAiUser/wheeltec_ros2/install/wheeltec_robot_urdf/share/wheeltec_robot_urdf/urdf/top_4wd_bs_robot.urdf
-- Installing: /home/HwHiAiUser/wheeltec_ros2/install/wheeltec_robot_urdf/share/wheeltec_robot_urdf/urdf/top_mec_dl_robot.urdf
-- Installing: /home/HwHiAiUser/wheeltec_ros2/install/wheeltec_robot_urdf/share/wheeltec_robot_urdf/urdf/top_mec_bs_robot.urdf
-- Installing: /home/HwHiAiUser/wheeltec_ros2/install/wheeltec_robot_urdf/share/wheeltec_robot_urdf/urdf/four_wheel_diff_dl_robot.urdf
-- Installing: /home/HwHiAiUser/wheeltec_ros2/install/wheeltec_robot_urdf/share/wheeltec_robot_urdf/urdf/S100_diff_robot.urdf
-- Installing: /home/HwHiAiUser/wheeltec_ros2/install/wheeltec_robot_urdf/share/wheeltec_robot_urdf/urdf/flagship_4wd_bs_robot.urdf
-- Installing: /home/HwHiAiUser/wheeltec_ros2/install/wheeltec_robot_urdf/share/wheeltec_robot_urdf/urdf/mini_akm_robot.urdf
-- Installing: /home/HwHiAiUser/wheeltec_ros2/install/wheeltec_robot_urdf/share/wheeltec_robot_urdf/urdf/r3s_mec_robot.urdf
-- Installing: /home/HwHiAiUser/wheeltec_ros2/install/wheeltec_robot_urdf/share/wheeltec_robot_urdf/urdf/flagship_mec_bs_robot.urdf
-- Installing: /home/HwHiAiUser/wheeltec_ros2/install/wheeltec_robot_urdf/share/wheeltec_robot_urdf/urdf/mini_tank_moveit_four.urdf
-- Installing: /home/HwHiAiUser/wheeltec_ros2/install/wheeltec_robot_urdf/share/wheeltec_robot_urdf/urdf/flagship_mec_dl_robot.urdf
-- Installing: /home/HwHiAiUser/wheeltec_ros2/install/wheeltec_robot_urdf/share/wheeltec_robot_urdf/urdf/mini_4wd_moveit_four.urdf
-- Installing: /home/HwHiAiUser/wheeltec_ros2/install/wheeltec_robot_urdf/share/wheeltec_robot_urdf/urdf/senior_omni_robot.urdf
-- Installing: /home/HwHiAiUser/wheeltec_ros2/install/wheeltec_robot_urdf/share/wheeltec_robot_urdf/urdf/mini_mec_robot.urdf
-- Installing: /home/HwHiAiUser/wheeltec_ros2/install/wheeltec_robot_urdf/share/wheeltec_robot_urdf/urdf/top_4wd_dl_robot.urdf
-- Installing: /home/HwHiAiUser/wheeltec_ros2/install/wheeltec_robot_urdf/share/wheeltec_robot_urdf/urdf/r3S_4wd_robot.urdf
-- Installing: /home/HwHiAiUser/wheeltec_ros2/install/wheeltec_robot_urdf/share/wheeltec_robot_urdf/urdf/top_omni_robot.urdf
-- Installing: /home/HwHiAiUser/wheeltec_ros2/install/wheeltec_robot_urdf/share/wheeltec_robot_urdf/urdf/mini_diff_robot.urdf
-- Installing: /home/HwHiAiUser/wheeltec_ros2/install/wheeltec_robot_urdf/share/wheeltec_robot_urdf/urdf/top_akm_dl_robot.urdf
-- Installing: /home/HwHiAiUser/wheeltec_ros2/install/wheeltec_robot_urdf/share/wheeltec_robot_urdf/urdf/four_wheel_diff_bs_robot.urdf
-- Installing: /home/HwHiAiUser/wheeltec_ros2/install/wheeltec_robot_urdf/share/ament_index/resource_index/package_run_dependencies/wheeltec_robot_urdf
-- Installing: /home/HwHiAiUser/wheeltec_ros2/install/wheeltec_robot_urdf/share/ament_index/resource_index/parent_prefix_path/wheeltec_robot_urdf
-- Installing: /home/HwHiAiUser/wheeltec_ros2/install/wheeltec_robot_urdf/share/wheeltec_robot_urdf/environment/ament_prefix_path.sh
-- Installing: /home/HwHiAiUser/wheeltec_ros2/install/wheeltec_robot_urdf/share/wheeltec_robot_urdf/environment/ament_prefix_path.dsv
-- Installing: /home/HwHiAiUser/wheeltec_ros2/install/wheeltec_robot_urdf/share/wheeltec_robot_urdf/environment/path.sh
-- Installing: /home/HwHiAiUser/wheeltec_ros2/install/wheeltec_robot_urdf/share/wheeltec_robot_urdf/environment/path.dsv
-- Installing: /home/HwHiAiUser/wheeltec_ros2/install/wheeltec_robot_urdf/share/wheeltec_robot_urdf/local_setup.bash
-- Installing: /home/HwHiAiUser/wheeltec_ros2/install/wheeltec_robot_urdf/share/wheeltec_robot_urdf/local_setup.sh
-- Installing: /home/HwHiAiUser/wheeltec_ros2/install/wheeltec_robot_urdf/share/wheeltec_robot_urdf/local_setup.zsh
-- Installing: /home/HwHiAiUser/wheeltec_ros2/install/wheeltec_robot_urdf/share/wheeltec_robot_urdf/local_setup.dsv
-- Installing: /home/HwHiAiUser/wheeltec_ros2/install/wheeltec_robot_urdf/share/wheeltec_robot_urdf/package.dsv
-- Installing: /home/HwHiAiUser/wheeltec_ros2/install/wheeltec_robot_urdf/share/ament_index/resource_index/packages/wheeltec_robot_urdf
-- Installing: /home/HwHiAiUser/wheeltec_ros2/install/wheeltec_robot_urdf/share/wheeltec_robot_urdf/cmake/wheeltec_robot_urdfConfig.cmake
-- Installing: /home/HwHiAiUser/wheeltec_ros2/install/wheeltec_robot_urdf/share/wheeltec_robot_urdf/cmake/wheeltec_robot_urdfConfig-version.cmake
-- Installing: /home/HwHiAiUser/wheeltec_ros2/install/wheeltec_robot_urdf/share/wheeltec_robot_urdf/package.xml
