[0.101s] Invoking command in '/home/HwHiAiUser/wheeltec_ros2/build/turn_on_wheeltec_robot': CMAKE_PREFIX_PATH=/home/HwHiAiUser/wheeltec_ros2/install/wheeltec_robot_msg:/home/HwHiAiUser/wheeltec_ros2/install/serial:/home/HwHiAiUser/wheeltec_ros2/install/ackermann_msgs:/home/HwHiAiUser/wheeltec_ros2/install/astra_camera_msgs:/home/HwHiAiUser/wheeltec_ros2/install/yesense_std_ros2:/home/HwHiAiUser/wheeltec_ros2/install/yesense_interface:/home/HwHiAiUser/wheeltec_ros2/install/wheeltec_rviz2:/home/HwHiAiUser/wheeltec_ros2/install/wheeltec_robot_urdf:/home/HwHiAiUser/wheeltec_ros2/install/turn_on_wheeltec_robot:/home/HwHiAiUser/wheeltec_ros2/install/web_video_server:/home/HwHiAiUser/wheeltec_ros2/install/usb_cam:/home/HwHiAiUser/wheeltec_ros2/install/rplidar_ros:/home/HwHiAiUser/wheeltec_ros2/install/lslidar_driver:/home/HwHiAiUser/wheeltec_ros2/install/lslidar_msgs:/home/HwHiAiUser/wheeltec_ros2/install/ldlidar_stl_ros2:/home/HwHiAiUser/wheeltec_ros2/install/ldlidar_sl_ros2:/home/HwHiAiUser/wheeltec_ros2/install/ldlidar:/home/HwHiAiUser/wheeltec_ros2/install/wheeltec_robot_keyboard:/home/HwHiAiUser/wheeltec_ros2/install/wheeltec_gpio_control:/home/HwHiAiUser/wheeltec_ros2/install/tf2_tools:/opt/ros/humble LD_LIBRARY_PATH=/home/HwHiAiUser/wheeltec_ros2/install/wheeltec_robot_msg/lib:/home/HwHiAiUser/wheeltec_ros2/install/ackermann_msgs/lib:/home/HwHiAiUser/wheeltec_ros2/install/astra_camera_msgs/lib:/usr/lib/aarch64-linux-gnu:/usr/lib:/home/HwHiAiUser/work/Mind_SDK/mxVision/operators/ascendc/vendors/customize/op_api/lib:/home/HwHiAiUser/work/Mind_SDK/mxVision/lib/modelpostprocessors:/home/HwHiAiUser/work/Mind_SDK/mxVision/lib:/home/HwHiAiUser/work/Mind_SDK/mxVision/opensource/lib:/home/HwHiAiUser/work/Mind_SDK/mxVision/opensource/lib64:/home/HwHiAiUser/Ascend/ascend-toolkit/latest/tools/aml/lib64:/home/HwHiAiUser/Ascend/ascend-toolkit/latest/tools/aml/lib64/plugin:/home/HwHiAiUser/Ascend/ascend-toolkit/latest/lib64:/home/HwHiAiUser/Ascend/ascend-toolkit/latest/lib64/plugin/opskernel:/home/HwHiAiUser/Ascend/ascend-toolkit/latest/lib64/plugin/nnengine:/home/HwHiAiUser/Ascend/ascend-toolkit/latest/opp/built-in/op_impl/ai_core/tbe/op_tiling/lib/linux/aarch64:/var/davinci/driver/lib64:/var/davinci/driver/lib64/common:/var/davinci/driver/lib64/driver:/home/HwHiAiUser/wheeltec_ros2/install/yesense_interface/lib:/home/HwHiAiUser/wheeltec_ros2/install/turn_on_wheeltec_robot/lib:/home/HwHiAiUser/wheeltec_ros2/install/usb_cam/lib:/home/HwHiAiUser/wheeltec_ros2/install/serial/lib:/home/HwHiAiUser/wheeltec_ros2/install/lslidar_msgs/lib:/opt/ros/humble/opt/rviz_ogre_vendor/lib:/opt/ros/humble/lib/aarch64-linux-gnu:/opt/ros/humble/lib:/usr/local/Ascend/ascend-toolkit/latest/tools/aml/lib64:/usr/local/Ascend/ascend-toolkit/latest/tools/aml/lib64/plugin:/usr/local/Ascend/ascend-toolkit/latest/lib64:/usr/local/Ascend/ascend-toolkit/latest/lib64/plugin/opskernel:/usr/local/Ascend/ascend-toolkit/latest/lib64/plugin/nnengine:/usr/local/Ascend/ascend-toolkit/latest/opp/built-in/op_impl/ai_core/tbe/op_tiling/lib/linux/aarch64:/lib64:/var/davinci/driver/lib64:/var/davinci/driver/lib64/common:/var/davinci/driver/lib64/driver:/usr/local/Ascend/ascend-toolkit/laster/runtime/lib64/stub/aarch64:/usr/local/Ascend/ascend-toolkit/laster/lib64:/usr/local/Ascend/ascend-toolkit/laster/lib64/plugin/opskernel:/usr/local/Ascend/ascend-toolkit/laster/lib64/plugin/nnengine:/usr/local/Ascend/ascend-toolkit/laster/opp/built-in/op_impl/ai_core/tbe/op_tiling:/usr/local/Ascend/driver/lib64:/var/davinci/driver/lib64:/var/davinci/driver/lib64/common:/var/davinci/driver/lib64/driver _=/usr/bin/env /usr/bin/cmake --build /home/HwHiAiUser/wheeltec_ros2/build/turn_on_wheeltec_robot -- -j4 -l4
[0.256s] [  2%] Built target turn_on_wheeltec_robot__cpp
[0.357s] [ 11%] Built target wheeltec_robot_node
[0.443s] [ 20%] Built target turn_on_wheeltec_robot__rosidl_typesupport_cpp
[0.519s] [ 29%] Built target turn_on_wheeltec_robot__rosidl_typesupport_fastrtps_cpp
[0.615s] [ 38%] Built target turn_on_wheeltec_robot__rosidl_typesupport_introspection_cpp
[0.713s] [ 38%] Built target ament_cmake_python_copy_turn_on_wheeltec_robot
[0.791s] [ 47%] Built target turn_on_wheeltec_robot__rosidl_generator_c
[1.773s] running egg_info
[1.774s] writing turn_on_wheeltec_robot.egg-info/PKG-INFO
[1.776s] writing dependency_links to turn_on_wheeltec_robot.egg-info/dependency_links.txt
[1.776s] writing top-level names to turn_on_wheeltec_robot.egg-info/top_level.txt
[1.785s] reading manifest file 'turn_on_wheeltec_robot.egg-info/SOURCES.txt'
[1.786s] writing manifest file 'turn_on_wheeltec_robot.egg-info/SOURCES.txt'
[1.896s] [ 47%] Built target ament_cmake_python_build_turn_on_wheeltec_robot_egg
[1.939s] [ 55%] Built target turn_on_wheeltec_robot__rosidl_typesupport_c
[1.982s] [ 64%] Built target turn_on_wheeltec_robot__rosidl_typesupport_introspection_c
[2.027s] [ 73%] Built target turn_on_wheeltec_robot__rosidl_typesupport_fastrtps_c
[2.067s] [ 73%] Built target turn_on_wheeltec_robot
[2.109s] [ 76%] Built target turn_on_wheeltec_robot__py
[2.158s] [ 82%] Built target turn_on_wheeltec_robot__rosidl_generator_py
[2.211s] [ 88%] Built target turn_on_wheeltec_robot__rosidl_typesupport_fastrtps_c__pyext
[2.255s] [ 94%] Built target turn_on_wheeltec_robot__rosidl_typesupport_c__pyext
[2.301s] [100%] Built target turn_on_wheeltec_robot__rosidl_typesupport_introspection_c__pyext
[2.327s] Invoked command in '/home/HwHiAiUser/wheeltec_ros2/build/turn_on_wheeltec_robot' returned '0': CMAKE_PREFIX_PATH=/home/HwHiAiUser/wheeltec_ros2/install/wheeltec_robot_msg:/home/HwHiAiUser/wheeltec_ros2/install/serial:/home/HwHiAiUser/wheeltec_ros2/install/ackermann_msgs:/home/HwHiAiUser/wheeltec_ros2/install/astra_camera_msgs:/home/HwHiAiUser/wheeltec_ros2/install/yesense_std_ros2:/home/HwHiAiUser/wheeltec_ros2/install/yesense_interface:/home/HwHiAiUser/wheeltec_ros2/install/wheeltec_rviz2:/home/HwHiAiUser/wheeltec_ros2/install/wheeltec_robot_urdf:/home/HwHiAiUser/wheeltec_ros2/install/turn_on_wheeltec_robot:/home/HwHiAiUser/wheeltec_ros2/install/web_video_server:/home/HwHiAiUser/wheeltec_ros2/install/usb_cam:/home/HwHiAiUser/wheeltec_ros2/install/rplidar_ros:/home/HwHiAiUser/wheeltec_ros2/install/lslidar_driver:/home/HwHiAiUser/wheeltec_ros2/install/lslidar_msgs:/home/HwHiAiUser/wheeltec_ros2/install/ldlidar_stl_ros2:/home/HwHiAiUser/wheeltec_ros2/install/ldlidar_sl_ros2:/home/HwHiAiUser/wheeltec_ros2/install/ldlidar:/home/HwHiAiUser/wheeltec_ros2/install/wheeltec_robot_keyboard:/home/HwHiAiUser/wheeltec_ros2/install/wheeltec_gpio_control:/home/HwHiAiUser/wheeltec_ros2/install/tf2_tools:/opt/ros/humble LD_LIBRARY_PATH=/home/HwHiAiUser/wheeltec_ros2/install/wheeltec_robot_msg/lib:/home/HwHiAiUser/wheeltec_ros2/install/ackermann_msgs/lib:/home/HwHiAiUser/wheeltec_ros2/install/astra_camera_msgs/lib:/usr/lib/aarch64-linux-gnu:/usr/lib:/home/HwHiAiUser/work/Mind_SDK/mxVision/operators/ascendc/vendors/customize/op_api/lib:/home/HwHiAiUser/work/Mind_SDK/mxVision/lib/modelpostprocessors:/home/HwHiAiUser/work/Mind_SDK/mxVision/lib:/home/HwHiAiUser/work/Mind_SDK/mxVision/opensource/lib:/home/HwHiAiUser/work/Mind_SDK/mxVision/opensource/lib64:/home/HwHiAiUser/Ascend/ascend-toolkit/latest/tools/aml/lib64:/home/HwHiAiUser/Ascend/ascend-toolkit/latest/tools/aml/lib64/plugin:/home/HwHiAiUser/Ascend/ascend-toolkit/latest/lib64:/home/HwHiAiUser/Ascend/ascend-toolkit/latest/lib64/plugin/opskernel:/home/HwHiAiUser/Ascend/ascend-toolkit/latest/lib64/plugin/nnengine:/home/HwHiAiUser/Ascend/ascend-toolkit/latest/opp/built-in/op_impl/ai_core/tbe/op_tiling/lib/linux/aarch64:/var/davinci/driver/lib64:/var/davinci/driver/lib64/common:/var/davinci/driver/lib64/driver:/home/HwHiAiUser/wheeltec_ros2/install/yesense_interface/lib:/home/HwHiAiUser/wheeltec_ros2/install/turn_on_wheeltec_robot/lib:/home/HwHiAiUser/wheeltec_ros2/install/usb_cam/lib:/home/HwHiAiUser/wheeltec_ros2/install/serial/lib:/home/HwHiAiUser/wheeltec_ros2/install/lslidar_msgs/lib:/opt/ros/humble/opt/rviz_ogre_vendor/lib:/opt/ros/humble/lib/aarch64-linux-gnu:/opt/ros/humble/lib:/usr/local/Ascend/ascend-toolkit/latest/tools/aml/lib64:/usr/local/Ascend/ascend-toolkit/latest/tools/aml/lib64/plugin:/usr/local/Ascend/ascend-toolkit/latest/lib64:/usr/local/Ascend/ascend-toolkit/latest/lib64/plugin/opskernel:/usr/local/Ascend/ascend-toolkit/latest/lib64/plugin/nnengine:/usr/local/Ascend/ascend-toolkit/latest/opp/built-in/op_impl/ai_core/tbe/op_tiling/lib/linux/aarch64:/lib64:/var/davinci/driver/lib64:/var/davinci/driver/lib64/common:/var/davinci/driver/lib64/driver:/usr/local/Ascend/ascend-toolkit/laster/runtime/lib64/stub/aarch64:/usr/local/Ascend/ascend-toolkit/laster/lib64:/usr/local/Ascend/ascend-toolkit/laster/lib64/plugin/opskernel:/usr/local/Ascend/ascend-toolkit/laster/lib64/plugin/nnengine:/usr/local/Ascend/ascend-toolkit/laster/opp/built-in/op_impl/ai_core/tbe/op_tiling:/usr/local/Ascend/driver/lib64:/var/davinci/driver/lib64:/var/davinci/driver/lib64/common:/var/davinci/driver/lib64/driver _=/usr/bin/env /usr/bin/cmake --build /home/HwHiAiUser/wheeltec_ros2/build/turn_on_wheeltec_robot -- -j4 -l4
[2.329s] Invoking command in '/home/HwHiAiUser/wheeltec_ros2/build/turn_on_wheeltec_robot': CMAKE_PREFIX_PATH=/home/HwHiAiUser/wheeltec_ros2/install/wheeltec_robot_msg:/home/HwHiAiUser/wheeltec_ros2/install/serial:/home/HwHiAiUser/wheeltec_ros2/install/ackermann_msgs:/home/HwHiAiUser/wheeltec_ros2/install/astra_camera_msgs:/home/HwHiAiUser/wheeltec_ros2/install/yesense_std_ros2:/home/HwHiAiUser/wheeltec_ros2/install/yesense_interface:/home/HwHiAiUser/wheeltec_ros2/install/wheeltec_rviz2:/home/HwHiAiUser/wheeltec_ros2/install/wheeltec_robot_urdf:/home/HwHiAiUser/wheeltec_ros2/install/turn_on_wheeltec_robot:/home/HwHiAiUser/wheeltec_ros2/install/web_video_server:/home/HwHiAiUser/wheeltec_ros2/install/usb_cam:/home/HwHiAiUser/wheeltec_ros2/install/rplidar_ros:/home/HwHiAiUser/wheeltec_ros2/install/lslidar_driver:/home/HwHiAiUser/wheeltec_ros2/install/lslidar_msgs:/home/HwHiAiUser/wheeltec_ros2/install/ldlidar_stl_ros2:/home/HwHiAiUser/wheeltec_ros2/install/ldlidar_sl_ros2:/home/HwHiAiUser/wheeltec_ros2/install/ldlidar:/home/HwHiAiUser/wheeltec_ros2/install/wheeltec_robot_keyboard:/home/HwHiAiUser/wheeltec_ros2/install/wheeltec_gpio_control:/home/HwHiAiUser/wheeltec_ros2/install/tf2_tools:/opt/ros/humble LD_LIBRARY_PATH=/home/HwHiAiUser/wheeltec_ros2/install/wheeltec_robot_msg/lib:/home/HwHiAiUser/wheeltec_ros2/install/ackermann_msgs/lib:/home/HwHiAiUser/wheeltec_ros2/install/astra_camera_msgs/lib:/usr/lib/aarch64-linux-gnu:/usr/lib:/home/HwHiAiUser/work/Mind_SDK/mxVision/operators/ascendc/vendors/customize/op_api/lib:/home/HwHiAiUser/work/Mind_SDK/mxVision/lib/modelpostprocessors:/home/HwHiAiUser/work/Mind_SDK/mxVision/lib:/home/HwHiAiUser/work/Mind_SDK/mxVision/opensource/lib:/home/HwHiAiUser/work/Mind_SDK/mxVision/opensource/lib64:/home/HwHiAiUser/Ascend/ascend-toolkit/latest/tools/aml/lib64:/home/HwHiAiUser/Ascend/ascend-toolkit/latest/tools/aml/lib64/plugin:/home/HwHiAiUser/Ascend/ascend-toolkit/latest/lib64:/home/HwHiAiUser/Ascend/ascend-toolkit/latest/lib64/plugin/opskernel:/home/HwHiAiUser/Ascend/ascend-toolkit/latest/lib64/plugin/nnengine:/home/HwHiAiUser/Ascend/ascend-toolkit/latest/opp/built-in/op_impl/ai_core/tbe/op_tiling/lib/linux/aarch64:/var/davinci/driver/lib64:/var/davinci/driver/lib64/common:/var/davinci/driver/lib64/driver:/home/HwHiAiUser/wheeltec_ros2/install/yesense_interface/lib:/home/HwHiAiUser/wheeltec_ros2/install/turn_on_wheeltec_robot/lib:/home/HwHiAiUser/wheeltec_ros2/install/usb_cam/lib:/home/HwHiAiUser/wheeltec_ros2/install/serial/lib:/home/HwHiAiUser/wheeltec_ros2/install/lslidar_msgs/lib:/opt/ros/humble/opt/rviz_ogre_vendor/lib:/opt/ros/humble/lib/aarch64-linux-gnu:/opt/ros/humble/lib:/usr/local/Ascend/ascend-toolkit/latest/tools/aml/lib64:/usr/local/Ascend/ascend-toolkit/latest/tools/aml/lib64/plugin:/usr/local/Ascend/ascend-toolkit/latest/lib64:/usr/local/Ascend/ascend-toolkit/latest/lib64/plugin/opskernel:/usr/local/Ascend/ascend-toolkit/latest/lib64/plugin/nnengine:/usr/local/Ascend/ascend-toolkit/latest/opp/built-in/op_impl/ai_core/tbe/op_tiling/lib/linux/aarch64:/lib64:/var/davinci/driver/lib64:/var/davinci/driver/lib64/common:/var/davinci/driver/lib64/driver:/usr/local/Ascend/ascend-toolkit/laster/runtime/lib64/stub/aarch64:/usr/local/Ascend/ascend-toolkit/laster/lib64:/usr/local/Ascend/ascend-toolkit/laster/lib64/plugin/opskernel:/usr/local/Ascend/ascend-toolkit/laster/lib64/plugin/nnengine:/usr/local/Ascend/ascend-toolkit/laster/opp/built-in/op_impl/ai_core/tbe/op_tiling:/usr/local/Ascend/driver/lib64:/var/davinci/driver/lib64:/var/davinci/driver/lib64/common:/var/davinci/driver/lib64/driver _=/usr/bin/env /usr/bin/cmake --install /home/HwHiAiUser/wheeltec_ros2/build/turn_on_wheeltec_robot
[2.347s] -- Install configuration: "Release"
[2.348s] -- Up-to-date: /home/HwHiAiUser/wheeltec_ros2/install/turn_on_wheeltec_robot/share/ament_index/resource_index/rosidl_interfaces/turn_on_wheeltec_robot
[2.349s] -- Up-to-date: /home/HwHiAiUser/wheeltec_ros2/install/turn_on_wheeltec_robot/include/turn_on_wheeltec_robot/turn_on_wheeltec_robot
[2.349s] -- Up-to-date: /home/HwHiAiUser/wheeltec_ros2/install/turn_on_wheeltec_robot/include/turn_on_wheeltec_robot/turn_on_wheeltec_robot/msg
[2.349s] -- Up-to-date: /home/HwHiAiUser/wheeltec_ros2/install/turn_on_wheeltec_robot/include/turn_on_wheeltec_robot/turn_on_wheeltec_robot/msg/detail
[2.350s] -- Up-to-date: /home/HwHiAiUser/wheeltec_ros2/install/turn_on_wheeltec_robot/include/turn_on_wheeltec_robot/turn_on_wheeltec_robot/msg/detail/position__struct.h
[2.350s] -- Up-to-date: /home/HwHiAiUser/wheeltec_ros2/install/turn_on_wheeltec_robot/include/turn_on_wheeltec_robot/turn_on_wheeltec_robot/msg/detail/position__functions.h
[2.350s] -- Up-to-date: /home/HwHiAiUser/wheeltec_ros2/install/turn_on_wheeltec_robot/include/turn_on_wheeltec_robot/turn_on_wheeltec_robot/msg/detail/position__functions.c
[2.351s] -- Up-to-date: /home/HwHiAiUser/wheeltec_ros2/install/turn_on_wheeltec_robot/include/turn_on_wheeltec_robot/turn_on_wheeltec_robot/msg/detail/position__type_support.h
[2.351s] -- Up-to-date: /home/HwHiAiUser/wheeltec_ros2/install/turn_on_wheeltec_robot/include/turn_on_wheeltec_robot/turn_on_wheeltec_robot/msg/rosidl_generator_c__visibility_control.h
[2.353s] -- Up-to-date: /home/HwHiAiUser/wheeltec_ros2/install/turn_on_wheeltec_robot/include/turn_on_wheeltec_robot/turn_on_wheeltec_robot/msg/position.h
[2.353s] -- Up-to-date: /home/HwHiAiUser/wheeltec_ros2/install/turn_on_wheeltec_robot/share/turn_on_wheeltec_robot/environment/library_path.sh
[2.354s] -- Up-to-date: /home/HwHiAiUser/wheeltec_ros2/install/turn_on_wheeltec_robot/share/turn_on_wheeltec_robot/environment/library_path.dsv
[2.354s] -- Up-to-date: /home/HwHiAiUser/wheeltec_ros2/install/turn_on_wheeltec_robot/lib/libturn_on_wheeltec_robot__rosidl_generator_c.so
[2.354s] -- Up-to-date: /home/HwHiAiUser/wheeltec_ros2/install/turn_on_wheeltec_robot/include/turn_on_wheeltec_robot/turn_on_wheeltec_robot
[2.355s] -- Up-to-date: /home/HwHiAiUser/wheeltec_ros2/install/turn_on_wheeltec_robot/include/turn_on_wheeltec_robot/turn_on_wheeltec_robot/msg
[2.355s] -- Up-to-date: /home/HwHiAiUser/wheeltec_ros2/install/turn_on_wheeltec_robot/include/turn_on_wheeltec_robot/turn_on_wheeltec_robot/msg/detail
[2.356s] -- Up-to-date: /home/HwHiAiUser/wheeltec_ros2/install/turn_on_wheeltec_robot/include/turn_on_wheeltec_robot/turn_on_wheeltec_robot/msg/detail/position__rosidl_typesupport_fastrtps_c.h
[2.356s] -- Up-to-date: /home/HwHiAiUser/wheeltec_ros2/install/turn_on_wheeltec_robot/include/turn_on_wheeltec_robot/turn_on_wheeltec_robot/msg/rosidl_typesupport_fastrtps_c__visibility_control.h
[2.357s] -- Up-to-date: /home/HwHiAiUser/wheeltec_ros2/install/turn_on_wheeltec_robot/lib/libturn_on_wheeltec_robot__rosidl_typesupport_fastrtps_c.so
[2.357s] -- Up-to-date: /home/HwHiAiUser/wheeltec_ros2/install/turn_on_wheeltec_robot/include/turn_on_wheeltec_robot/turn_on_wheeltec_robot
[2.358s] -- Up-to-date: /home/HwHiAiUser/wheeltec_ros2/install/turn_on_wheeltec_robot/include/turn_on_wheeltec_robot/turn_on_wheeltec_robot/msg
[2.358s] -- Up-to-date: /home/HwHiAiUser/wheeltec_ros2/install/turn_on_wheeltec_robot/include/turn_on_wheeltec_robot/turn_on_wheeltec_robot/msg/detail
[2.358s] -- Up-to-date: /home/HwHiAiUser/wheeltec_ros2/install/turn_on_wheeltec_robot/include/turn_on_wheeltec_robot/turn_on_wheeltec_robot/msg/detail/position__struct.hpp
[2.359s] -- Up-to-date: /home/HwHiAiUser/wheeltec_ros2/install/turn_on_wheeltec_robot/include/turn_on_wheeltec_robot/turn_on_wheeltec_robot/msg/detail/position__builder.hpp
[2.359s] -- Up-to-date: /home/HwHiAiUser/wheeltec_ros2/install/turn_on_wheeltec_robot/include/turn_on_wheeltec_robot/turn_on_wheeltec_robot/msg/detail/position__type_support.hpp
[2.360s] -- Up-to-date: /home/HwHiAiUser/wheeltec_ros2/install/turn_on_wheeltec_robot/include/turn_on_wheeltec_robot/turn_on_wheeltec_robot/msg/detail/position__traits.hpp
[2.360s] -- Up-to-date: /home/HwHiAiUser/wheeltec_ros2/install/turn_on_wheeltec_robot/include/turn_on_wheeltec_robot/turn_on_wheeltec_robot/msg/rosidl_generator_cpp__visibility_control.hpp
[2.361s] -- Up-to-date: /home/HwHiAiUser/wheeltec_ros2/install/turn_on_wheeltec_robot/include/turn_on_wheeltec_robot/turn_on_wheeltec_robot/msg/position.hpp
[2.362s] -- Up-to-date: /home/HwHiAiUser/wheeltec_ros2/install/turn_on_wheeltec_robot/include/turn_on_wheeltec_robot/turn_on_wheeltec_robot
[2.362s] -- Up-to-date: /home/HwHiAiUser/wheeltec_ros2/install/turn_on_wheeltec_robot/include/turn_on_wheeltec_robot/turn_on_wheeltec_robot/msg
[2.362s] -- Up-to-date: /home/HwHiAiUser/wheeltec_ros2/install/turn_on_wheeltec_robot/include/turn_on_wheeltec_robot/turn_on_wheeltec_robot/msg/detail
[2.363s] -- Up-to-date: /home/HwHiAiUser/wheeltec_ros2/install/turn_on_wheeltec_robot/include/turn_on_wheeltec_robot/turn_on_wheeltec_robot/msg/detail/dds_fastrtps
[2.363s] -- Up-to-date: /home/HwHiAiUser/wheeltec_ros2/install/turn_on_wheeltec_robot/include/turn_on_wheeltec_robot/turn_on_wheeltec_robot/msg/detail/position__rosidl_typesupport_fastrtps_cpp.hpp
[2.363s] -- Up-to-date: /home/HwHiAiUser/wheeltec_ros2/install/turn_on_wheeltec_robot/include/turn_on_wheeltec_robot/turn_on_wheeltec_robot/msg/rosidl_typesupport_fastrtps_cpp__visibility_control.h
[2.363s] -- Up-to-date: /home/HwHiAiUser/wheeltec_ros2/install/turn_on_wheeltec_robot/lib/libturn_on_wheeltec_robot__rosidl_typesupport_fastrtps_cpp.so
[2.363s] -- Up-to-date: /home/HwHiAiUser/wheeltec_ros2/install/turn_on_wheeltec_robot/include/turn_on_wheeltec_robot/turn_on_wheeltec_robot
[2.363s] -- Up-to-date: /home/HwHiAiUser/wheeltec_ros2/install/turn_on_wheeltec_robot/include/turn_on_wheeltec_robot/turn_on_wheeltec_robot/msg
[2.364s] -- Up-to-date: /home/HwHiAiUser/wheeltec_ros2/install/turn_on_wheeltec_robot/include/turn_on_wheeltec_robot/turn_on_wheeltec_robot/msg/detail
[2.364s] -- Up-to-date: /home/HwHiAiUser/wheeltec_ros2/install/turn_on_wheeltec_robot/include/turn_on_wheeltec_robot/turn_on_wheeltec_robot/msg/detail/position__type_support.c
[2.365s] -- Up-to-date: /home/HwHiAiUser/wheeltec_ros2/install/turn_on_wheeltec_robot/include/turn_on_wheeltec_robot/turn_on_wheeltec_robot/msg/detail/position__rosidl_typesupport_introspection_c.h
[2.365s] -- Up-to-date: /home/HwHiAiUser/wheeltec_ros2/install/turn_on_wheeltec_robot/include/turn_on_wheeltec_robot/turn_on_wheeltec_robot/msg/rosidl_typesupport_introspection_c__visibility_control.h
[2.365s] -- Up-to-date: /home/HwHiAiUser/wheeltec_ros2/install/turn_on_wheeltec_robot/lib/libturn_on_wheeltec_robot__rosidl_typesupport_introspection_c.so
[2.365s] -- Up-to-date: /home/HwHiAiUser/wheeltec_ros2/install/turn_on_wheeltec_robot/lib/libturn_on_wheeltec_robot__rosidl_typesupport_c.so
[2.366s] -- Up-to-date: /home/HwHiAiUser/wheeltec_ros2/install/turn_on_wheeltec_robot/include/turn_on_wheeltec_robot/turn_on_wheeltec_robot
[2.366s] -- Up-to-date: /home/HwHiAiUser/wheeltec_ros2/install/turn_on_wheeltec_robot/include/turn_on_wheeltec_robot/turn_on_wheeltec_robot/msg
[2.366s] -- Up-to-date: /home/HwHiAiUser/wheeltec_ros2/install/turn_on_wheeltec_robot/include/turn_on_wheeltec_robot/turn_on_wheeltec_robot/msg/detail
[2.366s] -- Up-to-date: /home/HwHiAiUser/wheeltec_ros2/install/turn_on_wheeltec_robot/include/turn_on_wheeltec_robot/turn_on_wheeltec_robot/msg/detail/position__rosidl_typesupport_introspection_cpp.hpp
[2.366s] -- Up-to-date: /home/HwHiAiUser/wheeltec_ros2/install/turn_on_wheeltec_robot/include/turn_on_wheeltec_robot/turn_on_wheeltec_robot/msg/detail/position__type_support.cpp
[2.367s] -- Up-to-date: /home/HwHiAiUser/wheeltec_ros2/install/turn_on_wheeltec_robot/lib/libturn_on_wheeltec_robot__rosidl_typesupport_introspection_cpp.so
[2.367s] -- Up-to-date: /home/HwHiAiUser/wheeltec_ros2/install/turn_on_wheeltec_robot/lib/libturn_on_wheeltec_robot__rosidl_typesupport_cpp.so
[2.367s] -- Up-to-date: /home/HwHiAiUser/wheeltec_ros2/install/turn_on_wheeltec_robot/share/turn_on_wheeltec_robot/environment/pythonpath.sh
[2.367s] -- Up-to-date: /home/HwHiAiUser/wheeltec_ros2/install/turn_on_wheeltec_robot/share/turn_on_wheeltec_robot/environment/pythonpath.dsv
[2.367s] -- Up-to-date: /home/HwHiAiUser/wheeltec_ros2/install/turn_on_wheeltec_robot/local/lib/python3.10/dist-packages/turn_on_wheeltec_robot-0.0.0-py3.10.egg-info
[2.367s] -- Installing: /home/HwHiAiUser/wheeltec_ros2/install/turn_on_wheeltec_robot/local/lib/python3.10/dist-packages/turn_on_wheeltec_robot-0.0.0-py3.10.egg-info/dependency_links.txt
[2.368s] -- Installing: /home/HwHiAiUser/wheeltec_ros2/install/turn_on_wheeltec_robot/local/lib/python3.10/dist-packages/turn_on_wheeltec_robot-0.0.0-py3.10.egg-info/SOURCES.txt
[2.368s] -- Installing: /home/HwHiAiUser/wheeltec_ros2/install/turn_on_wheeltec_robot/local/lib/python3.10/dist-packages/turn_on_wheeltec_robot-0.0.0-py3.10.egg-info/PKG-INFO
[2.368s] -- Installing: /home/HwHiAiUser/wheeltec_ros2/install/turn_on_wheeltec_robot/local/lib/python3.10/dist-packages/turn_on_wheeltec_robot-0.0.0-py3.10.egg-info/top_level.txt
[2.368s] -- Up-to-date: /home/HwHiAiUser/wheeltec_ros2/install/turn_on_wheeltec_robot/local/lib/python3.10/dist-packages/turn_on_wheeltec_robot
[2.369s] -- Up-to-date: /home/HwHiAiUser/wheeltec_ros2/install/turn_on_wheeltec_robot/local/lib/python3.10/dist-packages/turn_on_wheeltec_robot/_turn_on_wheeltec_robot_s.ep.rosidl_typesupport_introspection_c.c
[2.369s] -- Up-to-date: /home/HwHiAiUser/wheeltec_ros2/install/turn_on_wheeltec_robot/local/lib/python3.10/dist-packages/turn_on_wheeltec_robot/__init__.py
[2.369s] -- Up-to-date: /home/HwHiAiUser/wheeltec_ros2/install/turn_on_wheeltec_robot/local/lib/python3.10/dist-packages/turn_on_wheeltec_robot/msg
[2.369s] -- Up-to-date: /home/HwHiAiUser/wheeltec_ros2/install/turn_on_wheeltec_robot/local/lib/python3.10/dist-packages/turn_on_wheeltec_robot/msg/__init__.py
[2.369s] -- Up-to-date: /home/HwHiAiUser/wheeltec_ros2/install/turn_on_wheeltec_robot/local/lib/python3.10/dist-packages/turn_on_wheeltec_robot/msg/_position_s.c
[2.370s] -- Up-to-date: /home/HwHiAiUser/wheeltec_ros2/install/turn_on_wheeltec_robot/local/lib/python3.10/dist-packages/turn_on_wheeltec_robot/msg/_position.py
[2.370s] -- Up-to-date: /home/HwHiAiUser/wheeltec_ros2/install/turn_on_wheeltec_robot/local/lib/python3.10/dist-packages/turn_on_wheeltec_robot/turn_on_wheeltec_robot_s__rosidl_typesupport_c.cpython-310-aarch64-linux-gnu.so
[2.370s] -- Up-to-date: /home/HwHiAiUser/wheeltec_ros2/install/turn_on_wheeltec_robot/local/lib/python3.10/dist-packages/turn_on_wheeltec_robot/libturn_on_wheeltec_robot__rosidl_generator_py.so
[2.370s] -- Up-to-date: /home/HwHiAiUser/wheeltec_ros2/install/turn_on_wheeltec_robot/local/lib/python3.10/dist-packages/turn_on_wheeltec_robot/turn_on_wheeltec_robot_s__rosidl_typesupport_introspection_c.cpython-310-aarch64-linux-gnu.so
[2.370s] -- Up-to-date: /home/HwHiAiUser/wheeltec_ros2/install/turn_on_wheeltec_robot/local/lib/python3.10/dist-packages/turn_on_wheeltec_robot/_turn_on_wheeltec_robot_s.ep.rosidl_typesupport_c.c
[2.371s] -- Up-to-date: /home/HwHiAiUser/wheeltec_ros2/install/turn_on_wheeltec_robot/local/lib/python3.10/dist-packages/turn_on_wheeltec_robot/turn_on_wheeltec_robot_s__rosidl_typesupport_fastrtps_c.cpython-310-aarch64-linux-gnu.so
[2.371s] -- Up-to-date: /home/HwHiAiUser/wheeltec_ros2/install/turn_on_wheeltec_robot/local/lib/python3.10/dist-packages/turn_on_wheeltec_robot/_turn_on_wheeltec_robot_s.ep.rosidl_typesupport_fastrtps_c.c
[2.463s] Listing '/home/HwHiAiUser/wheeltec_ros2/install/turn_on_wheeltec_robot/local/lib/python3.10/dist-packages/turn_on_wheeltec_robot'...
[2.464s] Listing '/home/HwHiAiUser/wheeltec_ros2/install/turn_on_wheeltec_robot/local/lib/python3.10/dist-packages/turn_on_wheeltec_robot/msg'...
[2.491s] -- Up-to-date: /home/HwHiAiUser/wheeltec_ros2/install/turn_on_wheeltec_robot/local/lib/python3.10/dist-packages/turn_on_wheeltec_robot/turn_on_wheeltec_robot_s__rosidl_typesupport_fastrtps_c.cpython-310-aarch64-linux-gnu.so
[2.491s] -- Up-to-date: /home/HwHiAiUser/wheeltec_ros2/install/turn_on_wheeltec_robot/local/lib/python3.10/dist-packages/turn_on_wheeltec_robot/turn_on_wheeltec_robot_s__rosidl_typesupport_introspection_c.cpython-310-aarch64-linux-gnu.so
[2.492s] -- Up-to-date: /home/HwHiAiUser/wheeltec_ros2/install/turn_on_wheeltec_robot/local/lib/python3.10/dist-packages/turn_on_wheeltec_robot/turn_on_wheeltec_robot_s__rosidl_typesupport_c.cpython-310-aarch64-linux-gnu.so
[2.492s] -- Up-to-date: /home/HwHiAiUser/wheeltec_ros2/install/turn_on_wheeltec_robot/lib/libturn_on_wheeltec_robot__rosidl_generator_py.so
[2.493s] -- Up-to-date: /home/HwHiAiUser/wheeltec_ros2/install/turn_on_wheeltec_robot/share/turn_on_wheeltec_robot/msg/Position.idl
[2.493s] -- Up-to-date: /home/HwHiAiUser/wheeltec_ros2/install/turn_on_wheeltec_robot/share/turn_on_wheeltec_robot/msg/Position.msg
[2.493s] -- Up-to-date: /home/HwHiAiUser/wheeltec_ros2/install/turn_on_wheeltec_robot/lib/turn_on_wheeltec_robot/wheeltec_robot_node
[2.494s] -- Up-to-date: /home/HwHiAiUser/wheeltec_ros2/install/turn_on_wheeltec_robot/share/turn_on_wheeltec_robot/launch
[2.494s] -- Up-to-date: /home/HwHiAiUser/wheeltec_ros2/install/turn_on_wheeltec_robot/share/turn_on_wheeltec_robot/launch/wheeltec_sensors.launch.py
[2.495s] -- Up-to-date: /home/HwHiAiUser/wheeltec_ros2/install/turn_on_wheeltec_robot/share/turn_on_wheeltec_robot/launch/wheeltec_camera.launch.py
[2.495s] -- Up-to-date: /home/HwHiAiUser/wheeltec_ros2/install/turn_on_wheeltec_robot/share/turn_on_wheeltec_robot/launch/include
[2.495s] -- Up-to-date: /home/HwHiAiUser/wheeltec_ros2/install/turn_on_wheeltec_robot/share/turn_on_wheeltec_robot/launch/include/base_serial_h30imu.launch.py
[2.496s] -- Up-to-date: /home/HwHiAiUser/wheeltec_ros2/install/turn_on_wheeltec_robot/share/turn_on_wheeltec_robot/launch/include/turn_on_wheeltec_robot_h30imu.launch.py
[2.496s] -- Up-to-date: /home/HwHiAiUser/wheeltec_ros2/install/turn_on_wheeltec_robot/share/turn_on_wheeltec_robot/launch/__pycache__
[2.496s] -- Up-to-date: /home/HwHiAiUser/wheeltec_ros2/install/turn_on_wheeltec_robot/share/turn_on_wheeltec_robot/launch/__pycache__/testtwo.launch.cpython-38.pyc
[2.497s] -- Up-to-date: /home/HwHiAiUser/wheeltec_ros2/install/turn_on_wheeltec_robot/share/turn_on_wheeltec_robot/launch/robot_mode_description.launch.py
[2.497s] -- Up-to-date: /home/HwHiAiUser/wheeltec_ros2/install/turn_on_wheeltec_robot/share/turn_on_wheeltec_robot/launch/turn_on_wheeltec_robot.launch.py
[2.498s] -- Up-to-date: /home/HwHiAiUser/wheeltec_ros2/install/turn_on_wheeltec_robot/share/turn_on_wheeltec_robot/launch/custom_urdf_nav.launch.py
[2.498s] -- Installing: /home/HwHiAiUser/wheeltec_ros2/install/turn_on_wheeltec_robot/share/turn_on_wheeltec_robot/launch/base_serial.launch.py
[2.498s] -- Up-to-date: /home/HwHiAiUser/wheeltec_ros2/install/turn_on_wheeltec_robot/share/turn_on_wheeltec_robot/launch/wheeltec_lidar.launch.py
[2.499s] -- Up-to-date: /home/HwHiAiUser/wheeltec_ros2/install/turn_on_wheeltec_robot/share/turn_on_wheeltec_robot/launch/wheeltec_ekf.launch.py
[2.499s] -- Up-to-date: /home/HwHiAiUser/wheeltec_ros2/install/turn_on_wheeltec_robot/share/turn_on_wheeltec_robot/launch/robot_mode_description_minibot.launch.py
[2.500s] -- Up-to-date: /home/HwHiAiUser/wheeltec_ros2/install/turn_on_wheeltec_robot/share/turn_on_wheeltec_robot/config
[2.500s] -- Up-to-date: /home/HwHiAiUser/wheeltec_ros2/install/turn_on_wheeltec_robot/share/turn_on_wheeltec_robot/config/ekf_carto.yaml
[2.501s] -- Up-to-date: /home/HwHiAiUser/wheeltec_ros2/install/turn_on_wheeltec_robot/share/turn_on_wheeltec_robot/config/imu.yaml
[2.501s] -- Up-to-date: /home/HwHiAiUser/wheeltec_ros2/install/turn_on_wheeltec_robot/share/turn_on_wheeltec_robot/config/camera_info.yaml
[2.501s] -- Up-to-date: /home/HwHiAiUser/wheeltec_ros2/install/turn_on_wheeltec_robot/share/turn_on_wheeltec_robot/config/ekf.yaml
[2.502s] -- Up-to-date: /home/HwHiAiUser/wheeltec_ros2/install/turn_on_wheeltec_robot/share/ament_index/resource_index/package_run_dependencies/turn_on_wheeltec_robot
[2.502s] -- Up-to-date: /home/HwHiAiUser/wheeltec_ros2/install/turn_on_wheeltec_robot/share/ament_index/resource_index/parent_prefix_path/turn_on_wheeltec_robot
[2.502s] -- Up-to-date: /home/HwHiAiUser/wheeltec_ros2/install/turn_on_wheeltec_robot/share/turn_on_wheeltec_robot/environment/ament_prefix_path.sh
[2.502s] -- Up-to-date: /home/HwHiAiUser/wheeltec_ros2/install/turn_on_wheeltec_robot/share/turn_on_wheeltec_robot/environment/ament_prefix_path.dsv
[2.503s] -- Up-to-date: /home/HwHiAiUser/wheeltec_ros2/install/turn_on_wheeltec_robot/share/turn_on_wheeltec_robot/environment/path.sh
[2.503s] -- Up-to-date: /home/HwHiAiUser/wheeltec_ros2/install/turn_on_wheeltec_robot/share/turn_on_wheeltec_robot/environment/path.dsv
[2.503s] -- Up-to-date: /home/HwHiAiUser/wheeltec_ros2/install/turn_on_wheeltec_robot/share/turn_on_wheeltec_robot/local_setup.bash
[2.503s] -- Up-to-date: /home/HwHiAiUser/wheeltec_ros2/install/turn_on_wheeltec_robot/share/turn_on_wheeltec_robot/local_setup.sh
[2.503s] -- Up-to-date: /home/HwHiAiUser/wheeltec_ros2/install/turn_on_wheeltec_robot/share/turn_on_wheeltec_robot/local_setup.zsh
[2.504s] -- Up-to-date: /home/HwHiAiUser/wheeltec_ros2/install/turn_on_wheeltec_robot/share/turn_on_wheeltec_robot/local_setup.dsv
[2.504s] -- Installing: /home/HwHiAiUser/wheeltec_ros2/install/turn_on_wheeltec_robot/share/turn_on_wheeltec_robot/package.dsv
[2.504s] -- Up-to-date: /home/HwHiAiUser/wheeltec_ros2/install/turn_on_wheeltec_robot/share/ament_index/resource_index/packages/turn_on_wheeltec_robot
[2.504s] -- Up-to-date: /home/HwHiAiUser/wheeltec_ros2/install/turn_on_wheeltec_robot/share/turn_on_wheeltec_robot/cmake/export_turn_on_wheeltec_robot__rosidl_generator_cExport.cmake
[2.505s] -- Up-to-date: /home/HwHiAiUser/wheeltec_ros2/install/turn_on_wheeltec_robot/share/turn_on_wheeltec_robot/cmake/export_turn_on_wheeltec_robot__rosidl_generator_cExport-release.cmake
[2.505s] -- Up-to-date: /home/HwHiAiUser/wheeltec_ros2/install/turn_on_wheeltec_robot/share/turn_on_wheeltec_robot/cmake/export_turn_on_wheeltec_robot__rosidl_typesupport_fastrtps_cExport.cmake
[2.505s] -- Up-to-date: /home/HwHiAiUser/wheeltec_ros2/install/turn_on_wheeltec_robot/share/turn_on_wheeltec_robot/cmake/export_turn_on_wheeltec_robot__rosidl_typesupport_fastrtps_cExport-release.cmake
[2.505s] -- Up-to-date: /home/HwHiAiUser/wheeltec_ros2/install/turn_on_wheeltec_robot/share/turn_on_wheeltec_robot/cmake/export_turn_on_wheeltec_robot__rosidl_generator_cppExport.cmake
[2.506s] -- Up-to-date: /home/HwHiAiUser/wheeltec_ros2/install/turn_on_wheeltec_robot/share/turn_on_wheeltec_robot/cmake/export_turn_on_wheeltec_robot__rosidl_typesupport_fastrtps_cppExport.cmake
[2.510s] -- Up-to-date: /home/HwHiAiUser/wheeltec_ros2/install/turn_on_wheeltec_robot/share/turn_on_wheeltec_robot/cmake/export_turn_on_wheeltec_robot__rosidl_typesupport_fastrtps_cppExport-release.cmake
[2.518s] -- Up-to-date: /home/HwHiAiUser/wheeltec_ros2/install/turn_on_wheeltec_robot/share/turn_on_wheeltec_robot/cmake/turn_on_wheeltec_robot__rosidl_typesupport_introspection_cExport.cmake
[2.518s] -- Up-to-date: /home/HwHiAiUser/wheeltec_ros2/install/turn_on_wheeltec_robot/share/turn_on_wheeltec_robot/cmake/turn_on_wheeltec_robot__rosidl_typesupport_introspection_cExport-release.cmake
[2.519s] -- Up-to-date: /home/HwHiAiUser/wheeltec_ros2/install/turn_on_wheeltec_robot/share/turn_on_wheeltec_robot/cmake/turn_on_wheeltec_robot__rosidl_typesupport_cExport.cmake
[2.519s] -- Up-to-date: /home/HwHiAiUser/wheeltec_ros2/install/turn_on_wheeltec_robot/share/turn_on_wheeltec_robot/cmake/turn_on_wheeltec_robot__rosidl_typesupport_cExport-release.cmake
[2.519s] -- Up-to-date: /home/HwHiAiUser/wheeltec_ros2/install/turn_on_wheeltec_robot/share/turn_on_wheeltec_robot/cmake/turn_on_wheeltec_robot__rosidl_typesupport_introspection_cppExport.cmake
[2.519s] -- Up-to-date: /home/HwHiAiUser/wheeltec_ros2/install/turn_on_wheeltec_robot/share/turn_on_wheeltec_robot/cmake/turn_on_wheeltec_robot__rosidl_typesupport_introspection_cppExport-release.cmake
[2.519s] -- Up-to-date: /home/HwHiAiUser/wheeltec_ros2/install/turn_on_wheeltec_robot/share/turn_on_wheeltec_robot/cmake/turn_on_wheeltec_robot__rosidl_typesupport_cppExport.cmake
[2.520s] -- Up-to-date: /home/HwHiAiUser/wheeltec_ros2/install/turn_on_wheeltec_robot/share/turn_on_wheeltec_robot/cmake/turn_on_wheeltec_robot__rosidl_typesupport_cppExport-release.cmake
[2.520s] -- Up-to-date: /home/HwHiAiUser/wheeltec_ros2/install/turn_on_wheeltec_robot/share/turn_on_wheeltec_robot/cmake/export_turn_on_wheeltec_robot__rosidl_generator_pyExport.cmake
[2.521s] -- Up-to-date: /home/HwHiAiUser/wheeltec_ros2/install/turn_on_wheeltec_robot/share/turn_on_wheeltec_robot/cmake/export_turn_on_wheeltec_robot__rosidl_generator_pyExport-release.cmake
[2.521s] -- Up-to-date: /home/HwHiAiUser/wheeltec_ros2/install/turn_on_wheeltec_robot/share/turn_on_wheeltec_robot/cmake/rosidl_cmake-extras.cmake
[2.522s] -- Up-to-date: /home/HwHiAiUser/wheeltec_ros2/install/turn_on_wheeltec_robot/share/turn_on_wheeltec_robot/cmake/ament_cmake_export_include_directories-extras.cmake
[2.522s] -- Up-to-date: /home/HwHiAiUser/wheeltec_ros2/install/turn_on_wheeltec_robot/share/turn_on_wheeltec_robot/cmake/ament_cmake_export_libraries-extras.cmake
[2.524s] -- Up-to-date: /home/HwHiAiUser/wheeltec_ros2/install/turn_on_wheeltec_robot/share/turn_on_wheeltec_robot/cmake/ament_cmake_export_targets-extras.cmake
[2.525s] -- Up-to-date: /home/HwHiAiUser/wheeltec_ros2/install/turn_on_wheeltec_robot/share/turn_on_wheeltec_robot/cmake/rosidl_cmake_export_typesupport_targets-extras.cmake
[2.526s] -- Up-to-date: /home/HwHiAiUser/wheeltec_ros2/install/turn_on_wheeltec_robot/share/turn_on_wheeltec_robot/cmake/ament_cmake_export_dependencies-extras.cmake
[2.526s] -- Up-to-date: /home/HwHiAiUser/wheeltec_ros2/install/turn_on_wheeltec_robot/share/turn_on_wheeltec_robot/cmake/rosidl_cmake_export_typesupport_libraries-extras.cmake
[2.527s] -- Up-to-date: /home/HwHiAiUser/wheeltec_ros2/install/turn_on_wheeltec_robot/share/turn_on_wheeltec_robot/cmake/turn_on_wheeltec_robotConfig.cmake
[2.527s] -- Up-to-date: /home/HwHiAiUser/wheeltec_ros2/install/turn_on_wheeltec_robot/share/turn_on_wheeltec_robot/cmake/turn_on_wheeltec_robotConfig-version.cmake
[2.529s] -- Up-to-date: /home/HwHiAiUser/wheeltec_ros2/install/turn_on_wheeltec_robot/share/turn_on_wheeltec_robot/package.xml
[2.529s] Invoked command in '/home/HwHiAiUser/wheeltec_ros2/build/turn_on_wheeltec_robot' returned '0': CMAKE_PREFIX_PATH=/home/HwHiAiUser/wheeltec_ros2/install/wheeltec_robot_msg:/home/HwHiAiUser/wheeltec_ros2/install/serial:/home/HwHiAiUser/wheeltec_ros2/install/ackermann_msgs:/home/HwHiAiUser/wheeltec_ros2/install/astra_camera_msgs:/home/HwHiAiUser/wheeltec_ros2/install/yesense_std_ros2:/home/HwHiAiUser/wheeltec_ros2/install/yesense_interface:/home/HwHiAiUser/wheeltec_ros2/install/wheeltec_rviz2:/home/HwHiAiUser/wheeltec_ros2/install/wheeltec_robot_urdf:/home/HwHiAiUser/wheeltec_ros2/install/turn_on_wheeltec_robot:/home/HwHiAiUser/wheeltec_ros2/install/web_video_server:/home/HwHiAiUser/wheeltec_ros2/install/usb_cam:/home/HwHiAiUser/wheeltec_ros2/install/rplidar_ros:/home/HwHiAiUser/wheeltec_ros2/install/lslidar_driver:/home/HwHiAiUser/wheeltec_ros2/install/lslidar_msgs:/home/HwHiAiUser/wheeltec_ros2/install/ldlidar_stl_ros2:/home/HwHiAiUser/wheeltec_ros2/install/ldlidar_sl_ros2:/home/HwHiAiUser/wheeltec_ros2/install/ldlidar:/home/HwHiAiUser/wheeltec_ros2/install/wheeltec_robot_keyboard:/home/HwHiAiUser/wheeltec_ros2/install/wheeltec_gpio_control:/home/HwHiAiUser/wheeltec_ros2/install/tf2_tools:/opt/ros/humble LD_LIBRARY_PATH=/home/HwHiAiUser/wheeltec_ros2/install/wheeltec_robot_msg/lib:/home/HwHiAiUser/wheeltec_ros2/install/ackermann_msgs/lib:/home/HwHiAiUser/wheeltec_ros2/install/astra_camera_msgs/lib:/usr/lib/aarch64-linux-gnu:/usr/lib:/home/HwHiAiUser/work/Mind_SDK/mxVision/operators/ascendc/vendors/customize/op_api/lib:/home/HwHiAiUser/work/Mind_SDK/mxVision/lib/modelpostprocessors:/home/HwHiAiUser/work/Mind_SDK/mxVision/lib:/home/HwHiAiUser/work/Mind_SDK/mxVision/opensource/lib:/home/HwHiAiUser/work/Mind_SDK/mxVision/opensource/lib64:/home/HwHiAiUser/Ascend/ascend-toolkit/latest/tools/aml/lib64:/home/HwHiAiUser/Ascend/ascend-toolkit/latest/tools/aml/lib64/plugin:/home/HwHiAiUser/Ascend/ascend-toolkit/latest/lib64:/home/HwHiAiUser/Ascend/ascend-toolkit/latest/lib64/plugin/opskernel:/home/HwHiAiUser/Ascend/ascend-toolkit/latest/lib64/plugin/nnengine:/home/HwHiAiUser/Ascend/ascend-toolkit/latest/opp/built-in/op_impl/ai_core/tbe/op_tiling/lib/linux/aarch64:/var/davinci/driver/lib64:/var/davinci/driver/lib64/common:/var/davinci/driver/lib64/driver:/home/HwHiAiUser/wheeltec_ros2/install/yesense_interface/lib:/home/HwHiAiUser/wheeltec_ros2/install/turn_on_wheeltec_robot/lib:/home/HwHiAiUser/wheeltec_ros2/install/usb_cam/lib:/home/HwHiAiUser/wheeltec_ros2/install/serial/lib:/home/HwHiAiUser/wheeltec_ros2/install/lslidar_msgs/lib:/opt/ros/humble/opt/rviz_ogre_vendor/lib:/opt/ros/humble/lib/aarch64-linux-gnu:/opt/ros/humble/lib:/usr/local/Ascend/ascend-toolkit/latest/tools/aml/lib64:/usr/local/Ascend/ascend-toolkit/latest/tools/aml/lib64/plugin:/usr/local/Ascend/ascend-toolkit/latest/lib64:/usr/local/Ascend/ascend-toolkit/latest/lib64/plugin/opskernel:/usr/local/Ascend/ascend-toolkit/latest/lib64/plugin/nnengine:/usr/local/Ascend/ascend-toolkit/latest/opp/built-in/op_impl/ai_core/tbe/op_tiling/lib/linux/aarch64:/lib64:/var/davinci/driver/lib64:/var/davinci/driver/lib64/common:/var/davinci/driver/lib64/driver:/usr/local/Ascend/ascend-toolkit/laster/runtime/lib64/stub/aarch64:/usr/local/Ascend/ascend-toolkit/laster/lib64:/usr/local/Ascend/ascend-toolkit/laster/lib64/plugin/opskernel:/usr/local/Ascend/ascend-toolkit/laster/lib64/plugin/nnengine:/usr/local/Ascend/ascend-toolkit/laster/opp/built-in/op_impl/ai_core/tbe/op_tiling:/usr/local/Ascend/driver/lib64:/var/davinci/driver/lib64:/var/davinci/driver/lib64/common:/var/davinci/driver/lib64/driver _=/usr/bin/env /usr/bin/cmake --install /home/HwHiAiUser/wheeltec_ros2/build/turn_on_wheeltec_robot
