[2.730s] Invoking command in '/home/HwHiAiUser/wheeltec_ros2/src/wheeltec_robot_keyboard': PYTHONPATH=/home/HwHiAiUser/wheeltec_ros2/build/wheeltec_robot_keyboard/prefix_override:/usr/lib/python3/dist-packages/colcon_core/task/python/colcon_distutils_commands:/home/HwHiAiUser/wheeltec_ros2/install/wheeltec_robot_keyboard/lib/python3.10/site-packages:${PYTHONPATH} _=/usr/bin/env /usr/bin/python3 -W ignore:setup.py install is deprecated -W ignore:easy_install command is deprecated setup.py egg_info --egg-base ../../build/wheeltec_robot_keyboard build --build-base /home/HwHiAiUser/wheeltec_ros2/build/wheeltec_robot_keyboard/build install --record /home/HwHiAiUser/wheeltec_ros2/build/wheeltec_robot_keyboard/install.log --single-version-externally-managed install_data
[3.694s] running egg_info
[3.696s] writing ../../build/wheeltec_robot_keyboard/wheeltec_robot_keyboard.egg-info/PKG-INFO
[3.698s] writing dependency_links to ../../build/wheeltec_robot_keyboard/wheeltec_robot_keyboard.egg-info/dependency_links.txt
[3.700s] writing entry points to ../../build/wheeltec_robot_keyboard/wheeltec_robot_keyboard.egg-info/entry_points.txt
[3.700s] writing requirements to ../../build/wheeltec_robot_keyboard/wheeltec_robot_keyboard.egg-info/requires.txt
[3.701s] writing top-level names to ../../build/wheeltec_robot_keyboard/wheeltec_robot_keyboard.egg-info/top_level.txt
[3.706s] reading manifest file '../../build/wheeltec_robot_keyboard/wheeltec_robot_keyboard.egg-info/SOURCES.txt'
[3.709s] writing manifest file '../../build/wheeltec_robot_keyboard/wheeltec_robot_keyboard.egg-info/SOURCES.txt'
[3.709s] running build
[3.710s] running build_py
[3.710s] running install
[3.712s] running install_lib
[3.718s] running install_data
[3.718s] running install_egg_info
[3.725s] removing '/home/HwHiAiUser/wheeltec_ros2/install/wheeltec_robot_keyboard/lib/python3.10/site-packages/wheeltec_robot_keyboard-2.0.1-py3.10.egg-info' (and everything under it)
[3.726s] Copying ../../build/wheeltec_robot_keyboard/wheeltec_robot_keyboard.egg-info to /home/HwHiAiUser/wheeltec_ros2/install/wheeltec_robot_keyboard/lib/python3.10/site-packages/wheeltec_robot_keyboard-2.0.1-py3.10.egg-info
[3.729s] running install_scripts
[3.805s] Installing wheeltec_keyboard script to /home/HwHiAiUser/wheeltec_ros2/install/wheeltec_robot_keyboard/lib/wheeltec_robot_keyboard
[3.807s] writing list of installed files to '/home/HwHiAiUser/wheeltec_ros2/build/wheeltec_robot_keyboard/install.log'
[3.960s] Invoked command in '/home/HwHiAiUser/wheeltec_ros2/src/wheeltec_robot_keyboard' returned '0': PYTHONPATH=/home/HwHiAiUser/wheeltec_ros2/build/wheeltec_robot_keyboard/prefix_override:/usr/lib/python3/dist-packages/colcon_core/task/python/colcon_distutils_commands:/home/HwHiAiUser/wheeltec_ros2/install/wheeltec_robot_keyboard/lib/python3.10/site-packages:${PYTHONPATH} _=/usr/bin/env /usr/bin/python3 -W ignore:setup.py install is deprecated -W ignore:easy_install command is deprecated setup.py egg_info --egg-base ../../build/wheeltec_robot_keyboard build --build-base /home/HwHiAiUser/wheeltec_ros2/build/wheeltec_robot_keyboard/build install --record /home/HwHiAiUser/wheeltec_ros2/build/wheeltec_robot_keyboard/install.log --single-version-externally-managed install_data
