[0.150s] Invoking command in '/home/HwHiAiUser/wheeltec_ros2/build/ldlidar_stl_ros2': CMAKE_PREFIX_PATH=${CMAKE_PREFIX_PATH}:/home/HwHiAiUser/wheeltec_ros2/install/wheeltec_robot_keyboard:/home/HwHiAiUser/wheeltec_ros2/install/wheeltec_gpio_control:/home/HwHiAiUser/wheeltec_ros2/install/tf2_tools:/opt/ros/humble _=/usr/bin/env /usr/bin/cmake --build /home/HwHiAiUser/wheeltec_ros2/build/ldlidar_stl_ros2 -- -j4 -l4
[0.453s] [100%] Built target ldlidar_stl_ros2_node
[0.523s] Invoked command in '/home/HwHiAiUser/wheeltec_ros2/build/ldlidar_stl_ros2' returned '0': CMAKE_PREFIX_PATH=${CMAKE_PREFIX_PATH}:/home/HwHiAiUser/wheeltec_ros2/install/wheeltec_robot_keyboard:/home/HwHiAiUser/wheeltec_ros2/install/wheeltec_gpio_control:/home/HwHiAiUser/wheeltec_ros2/install/tf2_tools:/opt/ros/humble _=/usr/bin/env /usr/bin/cmake --build /home/HwHiAiUser/wheeltec_ros2/build/ldlidar_stl_ros2 -- -j4 -l4
[0.526s] Invoking command in '/home/HwHiAiUser/wheeltec_ros2/build/ldlidar_stl_ros2': CMAKE_PREFIX_PATH=${CMAKE_PREFIX_PATH}:/home/HwHiAiUser/wheeltec_ros2/install/wheeltec_robot_keyboard:/home/HwHiAiUser/wheeltec_ros2/install/wheeltec_gpio_control:/home/HwHiAiUser/wheeltec_ros2/install/tf2_tools:/opt/ros/humble _=/usr/bin/env /usr/bin/cmake --install /home/HwHiAiUser/wheeltec_ros2/build/ldlidar_stl_ros2
[0.577s] -- Install configuration: ""
[0.587s] -- Up-to-date: /home/HwHiAiUser/wheeltec_ros2/install/ldlidar_stl_ros2/lib/ldlidar_stl_ros2/ldlidar_stl_ros2_node
[0.590s] -- Up-to-date: /home/HwHiAiUser/wheeltec_ros2/install/ldlidar_stl_ros2/share/ldlidar_stl_ros2//launch
[0.593s] -- Up-to-date: /home/HwHiAiUser/wheeltec_ros2/install/ldlidar_stl_ros2/share/ldlidar_stl_ros2//launch/viewer_ld06.launch.py
[0.594s] -- Up-to-date: /home/HwHiAiUser/wheeltec_ros2/install/ldlidar_stl_ros2/share/ldlidar_stl_ros2//launch/viewer_ld19.launch.py
[0.595s] -- Up-to-date: /home/HwHiAiUser/wheeltec_ros2/install/ldlidar_stl_ros2/share/ldlidar_stl_ros2//launch/ld19.launch.py
[0.595s] -- Up-to-date: /home/HwHiAiUser/wheeltec_ros2/install/ldlidar_stl_ros2/share/ldlidar_stl_ros2//launch/ld06.launch.py
[0.596s] -- Up-to-date: /home/HwHiAiUser/wheeltec_ros2/install/ldlidar_stl_ros2/share/ldlidar_stl_ros2//rviz2
[0.597s] -- Up-to-date: /home/HwHiAiUser/wheeltec_ros2/install/ldlidar_stl_ros2/share/ldlidar_stl_ros2//rviz2/ldlidar.rviz
[0.598s] -- Up-to-date: /home/HwHiAiUser/wheeltec_ros2/install/ldlidar_stl_ros2/share/ament_index/resource_index/package_run_dependencies/ldlidar_stl_ros2
[0.601s] -- Up-to-date: /home/HwHiAiUser/wheeltec_ros2/install/ldlidar_stl_ros2/share/ament_index/resource_index/parent_prefix_path/ldlidar_stl_ros2
[0.602s] -- Up-to-date: /home/HwHiAiUser/wheeltec_ros2/install/ldlidar_stl_ros2/share/ldlidar_stl_ros2/environment/ament_prefix_path.sh
[0.603s] -- Up-to-date: /home/HwHiAiUser/wheeltec_ros2/install/ldlidar_stl_ros2/share/ldlidar_stl_ros2/environment/ament_prefix_path.dsv
[0.603s] -- Up-to-date: /home/HwHiAiUser/wheeltec_ros2/install/ldlidar_stl_ros2/share/ldlidar_stl_ros2/environment/path.sh
[0.603s] -- Up-to-date: /home/HwHiAiUser/wheeltec_ros2/install/ldlidar_stl_ros2/share/ldlidar_stl_ros2/environment/path.dsv
[0.603s] -- Up-to-date: /home/HwHiAiUser/wheeltec_ros2/install/ldlidar_stl_ros2/share/ldlidar_stl_ros2/local_setup.bash
[0.604s] -- Up-to-date: /home/HwHiAiUser/wheeltec_ros2/install/ldlidar_stl_ros2/share/ldlidar_stl_ros2/local_setup.sh
[0.604s] -- Up-to-date: /home/HwHiAiUser/wheeltec_ros2/install/ldlidar_stl_ros2/share/ldlidar_stl_ros2/local_setup.zsh
[0.604s] -- Up-to-date: /home/HwHiAiUser/wheeltec_ros2/install/ldlidar_stl_ros2/share/ldlidar_stl_ros2/local_setup.dsv
[0.605s] -- Installing: /home/HwHiAiUser/wheeltec_ros2/install/ldlidar_stl_ros2/share/ldlidar_stl_ros2/package.dsv
[0.605s] -- Up-to-date: /home/HwHiAiUser/wheeltec_ros2/install/ldlidar_stl_ros2/share/ament_index/resource_index/packages/ldlidar_stl_ros2
[0.605s] -- Up-to-date: /home/HwHiAiUser/wheeltec_ros2/install/ldlidar_stl_ros2/share/ldlidar_stl_ros2/cmake/ldlidar_stl_ros2Config.cmake
[0.605s] -- Up-to-date: /home/HwHiAiUser/wheeltec_ros2/install/ldlidar_stl_ros2/share/ldlidar_stl_ros2/cmake/ldlidar_stl_ros2Config-version.cmake
[0.605s] -- Up-to-date: /home/HwHiAiUser/wheeltec_ros2/install/ldlidar_stl_ros2/share/ldlidar_stl_ros2/package.xml
[0.625s] Invoked command in '/home/HwHiAiUser/wheeltec_ros2/build/ldlidar_stl_ros2' returned '0': CMAKE_PREFIX_PATH=${CMAKE_PREFIX_PATH}:/home/HwHiAiUser/wheeltec_ros2/install/wheeltec_robot_keyboard:/home/HwHiAiUser/wheeltec_ros2/install/wheeltec_gpio_control:/home/HwHiAiUser/wheeltec_ros2/install/tf2_tools:/opt/ros/humble _=/usr/bin/env /usr/bin/cmake --install /home/HwHiAiUser/wheeltec_ros2/build/ldlidar_stl_ros2
