Error parsing '/home/HwHiAiUser/wheeltec_ros2/src/qt_robot_control/package.xml':
Traceback (most recent call last):
  File "/opt/ros/humble/share/ament_cmake_core/cmake/core/package_xml_2_cmake.py", line 150, in <module>
    main()
  File "/opt/ros/humble/share/ament_cmake_core/cmake/core/package_xml_2_cmake.py", line 53, in main
    raise e
  File "/opt/ros/humble/share/ament_cmake_core/cmake/core/package_xml_2_cmake.py", line 49, in main
    package = parse_package_string(
  File "/usr/lib/python3/dist-packages/catkin_pkg/package.py", line 786, in parse_package_string
    raise InvalidPackage('Error(s):%s' % (''.join(['\n- %s' % e for e in errors])), filename)
catkin_pkg.package.InvalidPackage: Error(s) in package '/home/HwHiAiUser/wheeltec_ros2/src/qt_robot_control/package.xml':
Error(s):
- The generic dependency on 'rclcpp' is redundant with: build_depend, build_export_depend, exec_depend
- The generic dependency on 'sensor_msgs' is redundant with: build_depend, build_export_depend, exec_depend
- The generic dependency on 'nav_msgs' is redundant with: build_depend, build_export_depend, exec_depend
- The generic dependency on 'geometry_msgs' is redundant with: build_depend, build_export_depend, exec_depend
- The generic dependency on 'std_msgs' is redundant with: build_depend, build_export_depend, exec_depend
- The generic dependency on 'cv_bridge' is redundant with: build_depend, build_export_depend, exec_depend
- The generic dependency on 'image_transport' is redundant with: build_depend, build_export_depend, exec_depend
- The generic dependency on 'tf2_ros' is redundant with: build_depend, build_export_depend, exec_depend
- The generic dependency on 'tf2_geometry_msgs' is redundant with: build_depend, build_export_depend, exec_depend
- The generic dependency on 'rviz_common' is redundant with: build_depend, build_export_depend, exec_depend
- The generic dependency on 'rviz_rendering' is redundant with: build_depend, build_export_depend, exec_depend
- The generic dependency on 'rviz_visualization_tools' is redundant with: build_depend, build_export_depend, exec_depend
[31mCMake Error at /opt/ros/humble/share/ament_cmake_core/cmake/core/ament_package_xml.cmake:95 (message):
  execute_process(/usr/bin/python3
  /opt/ros/humble/share/ament_cmake_core/cmake/core/package_xml_2_cmake.py
  /home/HwHiAiUser/wheeltec_ros2/src/qt_robot_control/package.xml
  /home/HwHiAiUser/wheeltec_ros2/build/qt_robot_control/ament_cmake_core/package.cmake)
  returned error code 1
Call Stack (most recent call first):
  /opt/ros/humble/share/ament_cmake_core/cmake/core/ament_package_xml.cmake:49 (_ament_package_xml)
  /opt/ros/humble/share/ament_lint_auto/cmake/ament_lint_auto_find_test_dependencies.cmake:31 (ament_package_xml)
  CMakeLists.txt:77 (ament_lint_auto_find_test_dependencies)

[0m
