[0.033s] Invoking command in '/home/HwHiAiUser/wheeltec_ros2/build/qt_robot_control': _=/usr/bin/env /usr/bin/cmake /home/HwHiAiUser/wheeltec_ros2/src/qt_robot_control -DCMAKE_INSTALL_PREFIX=/home/HwHiAiUser/wheeltec_ros2/install/qt_robot_control
[0.154s] -- Found ament_cmake: 1.3.12 (/opt/ros/humble/share/ament_cmake/cmake)
[0.599s] -- Found rclcpp: 16.0.15 (/opt/ros/humble/share/rclcpp/cmake)
[0.698s] -- Found rosidl_generator_c: 3.1.7 (/opt/ros/humble/share/rosidl_generator_c/cmake)
[0.708s] -- Found rosidl_adapter: 3.1.7 (/opt/ros/humble/share/rosidl_adapter/cmake)
[0.732s] -- Found rosidl_generator_cpp: 3.1.7 (/opt/ros/humble/share/rosidl_generator_cpp/cmake)
[0.772s] -- Using all available rosidl_typesupport_c: rosidl_typesupport_fastrtps_c;rosidl_typesupport_introspection_c
[0.821s] -- Using all available rosidl_typesupport_cpp: rosidl_typesupport_fastrtps_cpp;rosidl_typesupport_introspection_cpp
[0.937s] -- Found rmw_implementation_cmake: 6.1.2 (/opt/ros/humble/share/rmw_implementation_cmake/cmake)
[0.943s] -- Found rmw_fastrtps_cpp: 6.2.9 (/opt/ros/humble/share/rmw_fastrtps_cpp/cmake)
[1.202s] -- Using RMW implementation 'rmw_fastrtps_cpp' as default
[1.367s] -- Found sensor_msgs: 4.9.0 (/opt/ros/humble/share/sensor_msgs/cmake)
[1.459s] -- Found nav_msgs: 4.9.0 (/opt/ros/humble/share/nav_msgs/cmake)
[1.511s] -- Found cv_bridge: 3.2.1 (/opt/ros/humble/share/cv_bridge/cmake)
[1.538s] -- Found image_transport: 3.1.12 (/opt/ros/humble/share/image_transport/cmake)
[1.609s] -- Found tf2_ros: 0.25.16 (/opt/ros/humble/share/tf2_ros/cmake)
[1.860s] -- Found tf2_geometry_msgs: 0.25.16 (/opt/ros/humble/share/tf2_geometry_msgs/cmake)
[1.875s] -- Found eigen3_cmake_module: 0.1.1 (/opt/ros/humble/share/eigen3_cmake_module/cmake)
[1.879s] -- Ensuring Eigen3 include directory is part of orocos-kdl CMake target
[1.884s] -- Found rviz_common: 11.2.22 (/opt/ros/humble/share/rviz_common/cmake)
[1.936s] -- Setting assimp_DIR to: '/opt/ros/humble/share/rviz_assimp_vendor/cmake/../../../opt/rviz_assimp_vendor/lib/cmake/assimp-4.1'
[1.951s] -- Setting OGRE_DIR to: '/opt/ros/humble/share/rviz_ogre_vendor/cmake/../../../opt/rviz_ogre_vendor/lib/OGRE/cmake'
[1.956s] -- Found OGRE
[1.956s] --   static     : OFF
[1.956s] --   components : HLMS;MeshLodGenerator;Overlay;Paging;Property;RTShaderSystem;Terrain;Volume
[1.956s] --   plugins    : Plugin_BSPSceneManager;Plugin_OctreeSceneManager;Plugin_PCZSceneManager;Plugin_ParticleFX;RenderSystem_GL;RenderSystem_GL3Plus;Codec_STBI
[1.957s] --   media      : /opt/ros/humble/opt/rviz_ogre_vendor/share/OGRE/Media
[1.957s] -- OGRE_LIBRARIES: OgreHLMS;OgreMeshLodGenerator;OgreOverlay;OgrePaging;OgreProperty;OgreRTShaderSystem;OgreTerrain;OgreVolume;OgreMain
[1.957s] -- OGRE_LIBRARY_DIRS: /opt/ros/humble/opt/rviz_ogre_vendor/lib
[1.957s] -- OGRE_PLUGINS: Plugin_BSPSceneManager;Plugin_OctreeSceneManager;Plugin_PCZSceneManager;Plugin_ParticleFX;RenderSystem_GL;RenderSystem_GL3Plus;Codec_STBI
[1.957s] -- OGRE_PLUGIN_DIR: /opt/ros/humble/opt/rviz_ogre_vendor/lib/OGRE
[1.958s] -- rviz_ogre_vendor::OgreOverlay for IMPORTED_LOCATION_RELEASE: /opt/ros/humble/opt/rviz_ogre_vendor/lib/libOgreOverlay.so
[1.958s] -- rviz_ogre_vendor::OgreOverlay for IMPORTED_LOCATION_DEBUG: /opt/ros/humble/opt/rviz_ogre_vendor/lib/libOgreOverlay.so
[1.958s] -- rviz_ogre_vendor::OgreMain for IMPORTED_LOCATION_RELEASE: /opt/ros/humble/opt/rviz_ogre_vendor/lib/libOgreMain.so
[1.958s] -- rviz_ogre_vendor::OgreMain for IMPORTED_LOCATION_DEBUG: /opt/ros/humble/opt/rviz_ogre_vendor/lib/libOgreMain.so
[1.961s] -- Could not find freeimage library
[2.148s] -- library: /usr/lib/aarch64-linux-gnu/libcurl.so
[2.203s] -- Found ament_lint_auto: 0.12.14 (/opt/ros/humble/share/ament_lint_auto/cmake)
[2.369s] Error parsing '/home/HwHiAiUser/wheeltec_ros2/src/qt_robot_control/package.xml':
[2.507s] Traceback (most recent call last):
[2.507s]   File "/opt/ros/humble/share/ament_cmake_core/cmake/core/package_xml_2_cmake.py", line 150, in <module>
[2.508s]     main()
[2.508s]   File "/opt/ros/humble/share/ament_cmake_core/cmake/core/package_xml_2_cmake.py", line 53, in main
[2.508s]     raise e
[2.509s]   File "/opt/ros/humble/share/ament_cmake_core/cmake/core/package_xml_2_cmake.py", line 49, in main
[2.509s]     package = parse_package_string(
[2.509s]   File "/usr/lib/python3/dist-packages/catkin_pkg/package.py", line 786, in parse_package_string
[2.509s]     raise InvalidPackage('Error(s):%s' % (''.join(['\n- %s' % e for e in errors])), filename)
[2.509s] catkin_pkg.package.InvalidPackage: Error(s) in package '/home/HwHiAiUser/wheeltec_ros2/src/qt_robot_control/package.xml':
[2.510s] Error(s):
[2.510s] - The generic dependency on 'rclcpp' is redundant with: build_depend, build_export_depend, exec_depend
[2.510s] - The generic dependency on 'sensor_msgs' is redundant with: build_depend, build_export_depend, exec_depend
[2.510s] - The generic dependency on 'nav_msgs' is redundant with: build_depend, build_export_depend, exec_depend
[2.510s] - The generic dependency on 'geometry_msgs' is redundant with: build_depend, build_export_depend, exec_depend
[2.510s] - The generic dependency on 'std_msgs' is redundant with: build_depend, build_export_depend, exec_depend
[2.511s] - The generic dependency on 'cv_bridge' is redundant with: build_depend, build_export_depend, exec_depend
[2.511s] - The generic dependency on 'image_transport' is redundant with: build_depend, build_export_depend, exec_depend
[2.511s] - The generic dependency on 'tf2_ros' is redundant with: build_depend, build_export_depend, exec_depend
[2.511s] - The generic dependency on 'tf2_geometry_msgs' is redundant with: build_depend, build_export_depend, exec_depend
[2.511s] - The generic dependency on 'rviz_common' is redundant with: build_depend, build_export_depend, exec_depend
[2.511s] - The generic dependency on 'rviz_rendering' is redundant with: build_depend, build_export_depend, exec_depend
[2.512s] - The generic dependency on 'rviz_visualization_tools' is redundant with: build_depend, build_export_depend, exec_depend
[2.582s] [31mCMake Error at /opt/ros/humble/share/ament_cmake_core/cmake/core/ament_package_xml.cmake:95 (message):
[2.583s]   execute_process(/usr/bin/python3
[2.583s]   /opt/ros/humble/share/ament_cmake_core/cmake/core/package_xml_2_cmake.py
[2.583s]   /home/HwHiAiUser/wheeltec_ros2/src/qt_robot_control/package.xml
[2.583s]   /home/HwHiAiUser/wheeltec_ros2/build/qt_robot_control/ament_cmake_core/package.cmake)
[2.584s]   returned error code 1
[2.584s] Call Stack (most recent call first):
[2.584s]   /opt/ros/humble/share/ament_cmake_core/cmake/core/ament_package_xml.cmake:49 (_ament_package_xml)
[2.584s]   /opt/ros/humble/share/ament_lint_auto/cmake/ament_lint_auto_find_test_dependencies.cmake:31 (ament_package_xml)
[2.584s]   CMakeLists.txt:77 (ament_lint_auto_find_test_dependencies)
[2.584s] 
[2.585s] [0m
[2.585s] -- Configuring incomplete, errors occurred!
[2.585s] See also "/home/HwHiAiUser/wheeltec_ros2/build/qt_robot_control/CMakeFiles/CMakeOutput.log".
[2.623s] Invoked command in '/home/HwHiAiUser/wheeltec_ros2/build/qt_robot_control' returned '1': _=/usr/bin/env /usr/bin/cmake /home/HwHiAiUser/wheeltec_ros2/src/qt_robot_control -DCMAKE_INSTALL_PREFIX=/home/HwHiAiUser/wheeltec_ros2/install/qt_robot_control
