[0.294s] Invoking command in '/home/HwHiAiUser/wheeltec_ros2/build/yesense_interface': CMAKE_PREFIX_PATH=${CMAKE_PREFIX_PATH}:/home/HwHiAiUser/wheeltec_ros2/install/wheeltec_robot_keyboard:/home/HwHiAiUser/wheeltec_ros2/install/wheeltec_gpio_control:/home/HwHiAiUser/wheeltec_ros2/install/tf2_tools:/opt/ros/humble _=/usr/bin/env /usr/bin/cmake --build /home/HwHiAiUser/wheeltec_ros2/build/yesense_interface -- -j4 -l4
[0.779s] [  0%] Built target yesense_interface__cpp
[0.917s] [  0%] Built target ament_cmake_python_copy_yesense_interface
[1.117s] [ 12%] Built target yesense_interface__rosidl_typesupport_fastrtps_cpp
[1.276s] [ 25%] Built target yesense_interface__rosidl_typesupport_introspection_cpp
[2.438s] running egg_info
[2.441s] writing yesense_interface.egg-info/PKG-INFO
[2.446s] writing dependency_links to yesense_interface.egg-info/dependency_links.txt
[2.452s] writing top-level names to yesense_interface.egg-info/top_level.txt
[2.465s] reading manifest file 'yesense_interface.egg-info/SOURCES.txt'
[2.469s] writing manifest file 'yesense_interface.egg-info/SOURCES.txt'
[2.661s] [ 25%] Built target ament_cmake_python_build_yesense_interface_egg
[2.832s] [ 37%] Built target yesense_interface__rosidl_typesupport_cpp
[2.989s] [ 49%] Built target yesense_interface__rosidl_generator_c
[3.159s] [ 61%] Built target yesense_interface__rosidl_typesupport_fastrtps_c
[3.306s] [ 73%] Built target yesense_interface__rosidl_typesupport_c
[3.413s] [ 85%] Built target yesense_interface__rosidl_typesupport_introspection_c
[3.472s] [ 85%] Built target yesense_interface
[3.550s] [ 86%] Built target yesense_interface__py
[3.748s] [ 97%] Built target yesense_interface__rosidl_generator_py
[3.887s] [ 98%] Built target yesense_interface__rosidl_typesupport_fastrtps_c__pyext
[3.958s] [ 99%] Built target yesense_interface__rosidl_typesupport_c__pyext
[4.042s] [100%] Built target yesense_interface__rosidl_typesupport_introspection_c__pyext
[5.230s] Invoked command in '/home/HwHiAiUser/wheeltec_ros2/build/yesense_interface' returned '0': CMAKE_PREFIX_PATH=${CMAKE_PREFIX_PATH}:/home/HwHiAiUser/wheeltec_ros2/install/wheeltec_robot_keyboard:/home/HwHiAiUser/wheeltec_ros2/install/wheeltec_gpio_control:/home/HwHiAiUser/wheeltec_ros2/install/tf2_tools:/opt/ros/humble _=/usr/bin/env /usr/bin/cmake --build /home/HwHiAiUser/wheeltec_ros2/build/yesense_interface -- -j4 -l4
[5.239s] Invoking command in '/home/HwHiAiUser/wheeltec_ros2/build/yesense_interface': CMAKE_PREFIX_PATH=${CMAKE_PREFIX_PATH}:/home/HwHiAiUser/wheeltec_ros2/install/wheeltec_robot_keyboard:/home/HwHiAiUser/wheeltec_ros2/install/wheeltec_gpio_control:/home/HwHiAiUser/wheeltec_ros2/install/tf2_tools:/opt/ros/humble _=/usr/bin/env /usr/bin/cmake --install /home/HwHiAiUser/wheeltec_ros2/build/yesense_interface
[5.388s] -- Install configuration: ""
[5.388s] -- Up-to-date: /home/HwHiAiUser/wheeltec_ros2/install/yesense_interface/share/ament_index/resource_index/rosidl_interfaces/yesense_interface
[5.388s] -- Up-to-date: /home/HwHiAiUser/wheeltec_ros2/install/yesense_interface/include/yesense_interface/yesense_interface
[5.389s] -- Up-to-date: /home/HwHiAiUser/wheeltec_ros2/install/yesense_interface/include/yesense_interface/yesense_interface/msg
[5.390s] -- Up-to-date: /home/HwHiAiUser/wheeltec_ros2/install/yesense_interface/include/yesense_interface/yesense_interface/msg/attitude_min_ahrs.h
[5.390s] -- Up-to-date: /home/HwHiAiUser/wheeltec_ros2/install/yesense_interface/include/yesense_interface/yesense_interface/msg/detail
[5.397s] -- Up-to-date: /home/HwHiAiUser/wheeltec_ros2/install/yesense_interface/include/yesense_interface/yesense_interface/msg/detail/tid__functions.h
[5.397s] -- Up-to-date: /home/HwHiAiUser/wheeltec_ros2/install/yesense_interface/include/yesense_interface/yesense_interface/msg/detail/utc__functions.h
[5.397s] -- Up-to-date: /home/HwHiAiUser/wheeltec_ros2/install/yesense_interface/include/yesense_interface/yesense_interface/msg/detail/attitude_min_vru__type_support.h
[5.398s] -- Up-to-date: /home/HwHiAiUser/wheeltec_ros2/install/yesense_interface/include/yesense_interface/yesense_interface/msg/detail/quat__struct.h
[5.398s] -- Up-to-date: /home/HwHiAiUser/wheeltec_ros2/install/yesense_interface/include/yesense_interface/yesense_interface/msg/detail/imu_data__type_support.h
[5.398s] -- Up-to-date: /home/HwHiAiUser/wheeltec_ros2/install/yesense_interface/include/yesense_interface/yesense_interface/msg/detail/quat__functions.h
[5.399s] -- Up-to-date: /home/HwHiAiUser/wheeltec_ros2/install/yesense_interface/include/yesense_interface/yesense_interface/msg/detail/pos_only__struct.h
[5.399s] -- Up-to-date: /home/HwHiAiUser/wheeltec_ros2/install/yesense_interface/include/yesense_interface/yesense_interface/msg/detail/three_axis__functions.c
[5.399s] -- Up-to-date: /home/HwHiAiUser/wheeltec_ros2/install/yesense_interface/include/yesense_interface/yesense_interface/msg/detail/quat__type_support.h
[5.400s] -- Up-to-date: /home/HwHiAiUser/wheeltec_ros2/install/yesense_interface/include/yesense_interface/yesense_interface/msg/detail/utc__functions.c
[5.400s] -- Up-to-date: /home/HwHiAiUser/wheeltec_ros2/install/yesense_interface/include/yesense_interface/yesense_interface/msg/detail/robot_lord__functions.h
[5.400s] -- Up-to-date: /home/HwHiAiUser/wheeltec_ros2/install/yesense_interface/include/yesense_interface/yesense_interface/msg/detail/three_axis__functions.h
[5.400s] -- Up-to-date: /home/HwHiAiUser/wheeltec_ros2/install/yesense_interface/include/yesense_interface/yesense_interface/msg/detail/nav_min__type_support.h
[5.400s] -- Up-to-date: /home/HwHiAiUser/wheeltec_ros2/install/yesense_interface/include/yesense_interface/yesense_interface/msg/detail/sensor_temp__struct.h
[5.401s] -- Up-to-date: /home/HwHiAiUser/wheeltec_ros2/install/yesense_interface/include/yesense_interface/yesense_interface/msg/detail/quat__functions.c
[5.401s] -- Up-to-date: /home/HwHiAiUser/wheeltec_ros2/install/yesense_interface/include/yesense_interface/yesense_interface/msg/detail/sample_timestamp__functions.h
[5.401s] -- Up-to-date: /home/HwHiAiUser/wheeltec_ros2/install/yesense_interface/include/yesense_interface/yesense_interface/msg/detail/imu_data__functions.c
[5.401s] -- Up-to-date: /home/HwHiAiUser/wheeltec_ros2/install/yesense_interface/include/yesense_interface/yesense_interface/msg/detail/sensor_temp__functions.h
[5.401s] -- Up-to-date: /home/HwHiAiUser/wheeltec_ros2/install/yesense_interface/include/yesense_interface/yesense_interface/msg/detail/nav_all__functions.c
[5.402s] -- Up-to-date: /home/HwHiAiUser/wheeltec_ros2/install/yesense_interface/include/yesense_interface/yesense_interface/msg/detail/utc__struct.h
[5.402s] -- Up-to-date: /home/HwHiAiUser/wheeltec_ros2/install/yesense_interface/include/yesense_interface/yesense_interface/msg/detail/gnss_pos__type_support.h
[5.402s] -- Up-to-date: /home/HwHiAiUser/wheeltec_ros2/install/yesense_interface/include/yesense_interface/yesense_interface/msg/detail/sensor_temp__type_support.h
[5.402s] -- Up-to-date: /home/HwHiAiUser/wheeltec_ros2/install/yesense_interface/include/yesense_interface/yesense_interface/msg/detail/utc__type_support.h
[5.407s] -- Up-to-date: /home/HwHiAiUser/wheeltec_ros2/install/yesense_interface/include/yesense_interface/yesense_interface/msg/detail/robot_lord__struct.h
[5.407s] -- Up-to-date: /home/HwHiAiUser/wheeltec_ros2/install/yesense_interface/include/yesense_interface/yesense_interface/msg/detail/tid__type_support.h
[5.407s] -- Up-to-date: /home/HwHiAiUser/wheeltec_ros2/install/yesense_interface/include/yesense_interface/yesense_interface/msg/detail/attitude_min_vru__struct.h
[5.408s] -- Up-to-date: /home/HwHiAiUser/wheeltec_ros2/install/yesense_interface/include/yesense_interface/yesense_interface/msg/detail/gnss_pos__functions.h
[5.408s] -- Up-to-date: /home/HwHiAiUser/wheeltec_ros2/install/yesense_interface/include/yesense_interface/yesense_interface/msg/detail/nav_min__functions.c
[5.408s] -- Up-to-date: /home/HwHiAiUser/wheeltec_ros2/install/yesense_interface/include/yesense_interface/yesense_interface/msg/detail/vel__functions.h
[5.408s] -- Up-to-date: /home/HwHiAiUser/wheeltec_ros2/install/yesense_interface/include/yesense_interface/yesense_interface/msg/detail/nav_min__functions.h
[5.409s] -- Up-to-date: /home/HwHiAiUser/wheeltec_ros2/install/yesense_interface/include/yesense_interface/yesense_interface/msg/detail/nav_min_utc__type_support.h
[5.409s] -- Up-to-date: /home/HwHiAiUser/wheeltec_ros2/install/yesense_interface/include/yesense_interface/yesense_interface/msg/detail/three_axis__type_support.h
[5.409s] -- Up-to-date: /home/HwHiAiUser/wheeltec_ros2/install/yesense_interface/include/yesense_interface/yesense_interface/msg/detail/nav_min_utc__functions.c
[5.422s] -- Up-to-date: /home/HwHiAiUser/wheeltec_ros2/install/yesense_interface/include/yesense_interface/yesense_interface/msg/detail/pos_only__functions.c
[5.423s] -- Up-to-date: /home/HwHiAiUser/wheeltec_ros2/install/yesense_interface/include/yesense_interface/yesense_interface/msg/detail/robot_lord__functions.c
[5.423s] -- Up-to-date: /home/HwHiAiUser/wheeltec_ros2/install/yesense_interface/include/yesense_interface/yesense_interface/msg/detail/pressure__type_support.h
[5.423s] -- Up-to-date: /home/HwHiAiUser/wheeltec_ros2/install/yesense_interface/include/yesense_interface/yesense_interface/msg/detail/attitude_min_ahrs__type_support.h
[5.423s] -- Up-to-date: /home/HwHiAiUser/wheeltec_ros2/install/yesense_interface/include/yesense_interface/yesense_interface/msg/detail/attitude_all_data__functions.h
[5.424s] -- Up-to-date: /home/HwHiAiUser/wheeltec_ros2/install/yesense_interface/include/yesense_interface/yesense_interface/msg/detail/attitude_all_data__functions.c
[5.424s] -- Up-to-date: /home/HwHiAiUser/wheeltec_ros2/install/yesense_interface/include/yesense_interface/yesense_interface/msg/detail/sample_timestamp__struct.h
[5.424s] -- Up-to-date: /home/HwHiAiUser/wheeltec_ros2/install/yesense_interface/include/yesense_interface/yesense_interface/msg/detail/tid__struct.h
[5.424s] -- Up-to-date: /home/HwHiAiUser/wheeltec_ros2/install/yesense_interface/include/yesense_interface/yesense_interface/msg/detail/euler_angle__type_support.h
[5.425s] -- Up-to-date: /home/HwHiAiUser/wheeltec_ros2/install/yesense_interface/include/yesense_interface/yesense_interface/msg/detail/nav_min_utc__struct.h
[5.425s] -- Up-to-date: /home/HwHiAiUser/wheeltec_ros2/install/yesense_interface/include/yesense_interface/yesense_interface/msg/detail/euler_only__functions.c
[5.425s] -- Up-to-date: /home/HwHiAiUser/wheeltec_ros2/install/yesense_interface/include/yesense_interface/yesense_interface/msg/detail/imu_data_ten_axis__functions.h
[5.425s] -- Up-to-date: /home/HwHiAiUser/wheeltec_ros2/install/yesense_interface/include/yesense_interface/yesense_interface/msg/detail/pressure__struct.h
[5.425s] -- Up-to-date: /home/HwHiAiUser/wheeltec_ros2/install/yesense_interface/include/yesense_interface/yesense_interface/msg/detail/gnss_pos__functions.c
[5.441s] -- Up-to-date: /home/HwHiAiUser/wheeltec_ros2/install/yesense_interface/include/yesense_interface/yesense_interface/msg/detail/nav_min_utc__functions.h
[5.442s] -- Up-to-date: /home/HwHiAiUser/wheeltec_ros2/install/yesense_interface/include/yesense_interface/yesense_interface/msg/detail/attitude_min_vru__functions.h
[5.442s] -- Up-to-date: /home/HwHiAiUser/wheeltec_ros2/install/yesense_interface/include/yesense_interface/yesense_interface/msg/detail/imu_data__struct.h
[5.442s] -- Up-to-date: /home/HwHiAiUser/wheeltec_ros2/install/yesense_interface/include/yesense_interface/yesense_interface/msg/detail/attitude_all_data__struct.h
[5.443s] -- Up-to-date: /home/HwHiAiUser/wheeltec_ros2/install/yesense_interface/include/yesense_interface/yesense_interface/msg/detail/gnss_pos__struct.h
[5.443s] -- Up-to-date: /home/HwHiAiUser/wheeltec_ros2/install/yesense_interface/include/yesense_interface/yesense_interface/msg/detail/imu_data_ten_axis__functions.c
[5.443s] -- Up-to-date: /home/HwHiAiUser/wheeltec_ros2/install/yesense_interface/include/yesense_interface/yesense_interface/msg/detail/three_axis__struct.h
[5.443s] -- Up-to-date: /home/HwHiAiUser/wheeltec_ros2/install/yesense_interface/include/yesense_interface/yesense_interface/msg/detail/sample_timestamp__functions.c
[5.444s] -- Up-to-date: /home/HwHiAiUser/wheeltec_ros2/install/yesense_interface/include/yesense_interface/yesense_interface/msg/detail/imu_data__functions.h
[5.444s] -- Up-to-date: /home/HwHiAiUser/wheeltec_ros2/install/yesense_interface/include/yesense_interface/yesense_interface/msg/detail/attitude_min_ahrs__functions.c
[5.444s] -- Up-to-date: /home/HwHiAiUser/wheeltec_ros2/install/yesense_interface/include/yesense_interface/yesense_interface/msg/detail/euler_only__functions.h
[5.444s] -- Up-to-date: /home/HwHiAiUser/wheeltec_ros2/install/yesense_interface/include/yesense_interface/yesense_interface/msg/detail/nav_all__type_support.h
[5.444s] -- Up-to-date: /home/HwHiAiUser/wheeltec_ros2/install/yesense_interface/include/yesense_interface/yesense_interface/msg/detail/euler_angle__functions.h
[5.445s] -- Up-to-date: /home/HwHiAiUser/wheeltec_ros2/install/yesense_interface/include/yesense_interface/yesense_interface/msg/detail/pos_only__functions.h
[5.445s] -- Up-to-date: /home/HwHiAiUser/wheeltec_ros2/install/yesense_interface/include/yesense_interface/yesense_interface/msg/detail/nav_all__struct.h
[5.445s] -- Up-to-date: /home/HwHiAiUser/wheeltec_ros2/install/yesense_interface/include/yesense_interface/yesense_interface/msg/detail/pos_only__type_support.h
[5.445s] -- Up-to-date: /home/HwHiAiUser/wheeltec_ros2/install/yesense_interface/include/yesense_interface/yesense_interface/msg/detail/sensor_temp__functions.c
[5.445s] -- Up-to-date: /home/HwHiAiUser/wheeltec_ros2/install/yesense_interface/include/yesense_interface/yesense_interface/msg/detail/imu_data_ten_axis__struct.h
[5.445s] -- Up-to-date: /home/HwHiAiUser/wheeltec_ros2/install/yesense_interface/include/yesense_interface/yesense_interface/msg/detail/attitude_min_ahrs__struct.h
[5.446s] -- Up-to-date: /home/HwHiAiUser/wheeltec_ros2/install/yesense_interface/include/yesense_interface/yesense_interface/msg/detail/imu_data_ten_axis__type_support.h
[5.446s] -- Up-to-date: /home/HwHiAiUser/wheeltec_ros2/install/yesense_interface/include/yesense_interface/yesense_interface/msg/detail/attitude_min_ahrs__functions.h
[5.446s] -- Up-to-date: /home/HwHiAiUser/wheeltec_ros2/install/yesense_interface/include/yesense_interface/yesense_interface/msg/detail/nav_status__functions.c
[5.446s] -- Up-to-date: /home/HwHiAiUser/wheeltec_ros2/install/yesense_interface/include/yesense_interface/yesense_interface/msg/detail/attitude_min_vru__functions.c
[5.451s] -- Up-to-date: /home/HwHiAiUser/wheeltec_ros2/install/yesense_interface/include/yesense_interface/yesense_interface/msg/detail/nav_status__struct.h
[5.451s] -- Up-to-date: /home/HwHiAiUser/wheeltec_ros2/install/yesense_interface/include/yesense_interface/yesense_interface/msg/detail/vel__struct.h
[5.451s] -- Up-to-date: /home/HwHiAiUser/wheeltec_ros2/install/yesense_interface/include/yesense_interface/yesense_interface/msg/detail/nav_status__type_support.h
[5.452s] -- Up-to-date: /home/HwHiAiUser/wheeltec_ros2/install/yesense_interface/include/yesense_interface/yesense_interface/msg/detail/vel__type_support.h
[5.452s] -- Up-to-date: /home/HwHiAiUser/wheeltec_ros2/install/yesense_interface/include/yesense_interface/yesense_interface/msg/detail/vel__functions.c
[5.452s] -- Up-to-date: /home/HwHiAiUser/wheeltec_ros2/install/yesense_interface/include/yesense_interface/yesense_interface/msg/detail/attitude_all_data__type_support.h
[5.452s] -- Up-to-date: /home/HwHiAiUser/wheeltec_ros2/install/yesense_interface/include/yesense_interface/yesense_interface/msg/detail/euler_angle__struct.h
[5.452s] -- Up-to-date: /home/HwHiAiUser/wheeltec_ros2/install/yesense_interface/include/yesense_interface/yesense_interface/msg/detail/pressure__functions.c
[5.453s] -- Up-to-date: /home/HwHiAiUser/wheeltec_ros2/install/yesense_interface/include/yesense_interface/yesense_interface/msg/detail/euler_angle__functions.c
[5.453s] -- Up-to-date: /home/HwHiAiUser/wheeltec_ros2/install/yesense_interface/include/yesense_interface/yesense_interface/msg/detail/pressure__functions.h
[5.453s] -- Up-to-date: /home/HwHiAiUser/wheeltec_ros2/install/yesense_interface/include/yesense_interface/yesense_interface/msg/detail/robot_lord__type_support.h
[5.453s] -- Up-to-date: /home/HwHiAiUser/wheeltec_ros2/install/yesense_interface/include/yesense_interface/yesense_interface/msg/detail/tid__functions.c
[5.453s] -- Up-to-date: /home/HwHiAiUser/wheeltec_ros2/install/yesense_interface/include/yesense_interface/yesense_interface/msg/detail/nav_status__functions.h
[5.453s] -- Up-to-date: /home/HwHiAiUser/wheeltec_ros2/install/yesense_interface/include/yesense_interface/yesense_interface/msg/detail/nav_all__functions.h
[5.454s] -- Up-to-date: /home/HwHiAiUser/wheeltec_ros2/install/yesense_interface/include/yesense_interface/yesense_interface/msg/detail/sample_timestamp__type_support.h
[5.454s] -- Up-to-date: /home/HwHiAiUser/wheeltec_ros2/install/yesense_interface/include/yesense_interface/yesense_interface/msg/detail/nav_min__struct.h
[5.454s] -- Up-to-date: /home/HwHiAiUser/wheeltec_ros2/install/yesense_interface/include/yesense_interface/yesense_interface/msg/detail/euler_only__struct.h
[5.454s] -- Up-to-date: /home/HwHiAiUser/wheeltec_ros2/install/yesense_interface/include/yesense_interface/yesense_interface/msg/detail/euler_only__type_support.h
[5.455s] -- Up-to-date: /home/HwHiAiUser/wheeltec_ros2/install/yesense_interface/include/yesense_interface/yesense_interface/msg/rosidl_generator_c__visibility_control.h
[5.455s] -- Up-to-date: /home/HwHiAiUser/wheeltec_ros2/install/yesense_interface/include/yesense_interface/yesense_interface/msg/euler_angle.h
[5.455s] -- Up-to-date: /home/HwHiAiUser/wheeltec_ros2/install/yesense_interface/include/yesense_interface/yesense_interface/msg/three_axis.h
[5.455s] -- Up-to-date: /home/HwHiAiUser/wheeltec_ros2/install/yesense_interface/include/yesense_interface/yesense_interface/msg/sensor_temp.h
[5.455s] -- Up-to-date: /home/HwHiAiUser/wheeltec_ros2/install/yesense_interface/include/yesense_interface/yesense_interface/msg/sample_timestamp.h
[5.456s] -- Up-to-date: /home/HwHiAiUser/wheeltec_ros2/install/yesense_interface/include/yesense_interface/yesense_interface/msg/robot_lord.h
[5.458s] -- Up-to-date: /home/HwHiAiUser/wheeltec_ros2/install/yesense_interface/include/yesense_interface/yesense_interface/msg/gnss_pos.h
[5.484s] -- Up-to-date: /home/HwHiAiUser/wheeltec_ros2/install/yesense_interface/include/yesense_interface/yesense_interface/msg/nav_all.h
[5.519s] -- Up-to-date: /home/HwHiAiUser/wheeltec_ros2/install/yesense_interface/include/yesense_interface/yesense_interface/msg/vel.h
[5.520s] -- Up-to-date: /home/HwHiAiUser/wheeltec_ros2/install/yesense_interface/include/yesense_interface/yesense_interface/msg/imu_data.h
[5.520s] -- Up-to-date: /home/HwHiAiUser/wheeltec_ros2/install/yesense_interface/include/yesense_interface/yesense_interface/msg/euler_only.h
[5.521s] -- Up-to-date: /home/HwHiAiUser/wheeltec_ros2/install/yesense_interface/include/yesense_interface/yesense_interface/msg/nav_min.h
[5.521s] -- Up-to-date: /home/HwHiAiUser/wheeltec_ros2/install/yesense_interface/include/yesense_interface/yesense_interface/msg/nav_min_utc.h
[5.521s] -- Up-to-date: /home/HwHiAiUser/wheeltec_ros2/install/yesense_interface/include/yesense_interface/yesense_interface/msg/utc.h
[5.521s] -- Up-to-date: /home/HwHiAiUser/wheeltec_ros2/install/yesense_interface/include/yesense_interface/yesense_interface/msg/attitude_all_data.h
[5.522s] -- Up-to-date: /home/HwHiAiUser/wheeltec_ros2/install/yesense_interface/include/yesense_interface/yesense_interface/msg/imu_data_ten_axis.h
[5.522s] -- Up-to-date: /home/HwHiAiUser/wheeltec_ros2/install/yesense_interface/include/yesense_interface/yesense_interface/msg/nav_status.h
[5.522s] -- Up-to-date: /home/HwHiAiUser/wheeltec_ros2/install/yesense_interface/include/yesense_interface/yesense_interface/msg/tid.h
[5.522s] -- Up-to-date: /home/HwHiAiUser/wheeltec_ros2/install/yesense_interface/include/yesense_interface/yesense_interface/msg/attitude_min_vru.h
[5.523s] -- Up-to-date: /home/HwHiAiUser/wheeltec_ros2/install/yesense_interface/include/yesense_interface/yesense_interface/msg/quat.h
[5.523s] -- Up-to-date: /home/HwHiAiUser/wheeltec_ros2/install/yesense_interface/include/yesense_interface/yesense_interface/msg/pos_only.h
[5.523s] -- Up-to-date: /home/HwHiAiUser/wheeltec_ros2/install/yesense_interface/include/yesense_interface/yesense_interface/msg/pressure.h
[5.523s] -- Up-to-date: /home/HwHiAiUser/wheeltec_ros2/install/yesense_interface/share/yesense_interface/environment/library_path.sh
[5.524s] -- Up-to-date: /home/HwHiAiUser/wheeltec_ros2/install/yesense_interface/share/yesense_interface/environment/library_path.dsv
[5.524s] -- Up-to-date: /home/HwHiAiUser/wheeltec_ros2/install/yesense_interface/lib/libyesense_interface__rosidl_generator_c.so
[5.524s] -- Up-to-date: /home/HwHiAiUser/wheeltec_ros2/install/yesense_interface/include/yesense_interface/yesense_interface
[5.524s] -- Up-to-date: /home/HwHiAiUser/wheeltec_ros2/install/yesense_interface/include/yesense_interface/yesense_interface/msg
[5.524s] -- Up-to-date: /home/HwHiAiUser/wheeltec_ros2/install/yesense_interface/include/yesense_interface/yesense_interface/msg/detail
[5.525s] -- Up-to-date: /home/HwHiAiUser/wheeltec_ros2/install/yesense_interface/include/yesense_interface/yesense_interface/msg/detail/nav_status__rosidl_typesupport_fastrtps_c.h
[5.525s] -- Up-to-date: /home/HwHiAiUser/wheeltec_ros2/install/yesense_interface/include/yesense_interface/yesense_interface/msg/detail/pressure__rosidl_typesupport_fastrtps_c.h
[5.525s] -- Up-to-date: /home/HwHiAiUser/wheeltec_ros2/install/yesense_interface/include/yesense_interface/yesense_interface/msg/detail/nav_all__rosidl_typesupport_fastrtps_c.h
[5.525s] -- Up-to-date: /home/HwHiAiUser/wheeltec_ros2/install/yesense_interface/include/yesense_interface/yesense_interface/msg/detail/attitude_min_vru__rosidl_typesupport_fastrtps_c.h
[5.525s] -- Up-to-date: /home/HwHiAiUser/wheeltec_ros2/install/yesense_interface/include/yesense_interface/yesense_interface/msg/detail/attitude_all_data__rosidl_typesupport_fastrtps_c.h
[5.525s] -- Up-to-date: /home/HwHiAiUser/wheeltec_ros2/install/yesense_interface/include/yesense_interface/yesense_interface/msg/detail/euler_angle__rosidl_typesupport_fastrtps_c.h
[5.526s] -- Up-to-date: /home/HwHiAiUser/wheeltec_ros2/install/yesense_interface/include/yesense_interface/yesense_interface/msg/detail/nav_min_utc__rosidl_typesupport_fastrtps_c.h
[5.526s] -- Up-to-date: /home/HwHiAiUser/wheeltec_ros2/install/yesense_interface/include/yesense_interface/yesense_interface/msg/detail/imu_data__rosidl_typesupport_fastrtps_c.h
[5.526s] -- Up-to-date: /home/HwHiAiUser/wheeltec_ros2/install/yesense_interface/include/yesense_interface/yesense_interface/msg/detail/nav_min__rosidl_typesupport_fastrtps_c.h
[5.526s] -- Up-to-date: /home/HwHiAiUser/wheeltec_ros2/install/yesense_interface/include/yesense_interface/yesense_interface/msg/detail/pos_only__rosidl_typesupport_fastrtps_c.h
[5.527s] -- Up-to-date: /home/HwHiAiUser/wheeltec_ros2/install/yesense_interface/include/yesense_interface/yesense_interface/msg/detail/gnss_pos__rosidl_typesupport_fastrtps_c.h
[5.527s] -- Up-to-date: /home/HwHiAiUser/wheeltec_ros2/install/yesense_interface/include/yesense_interface/yesense_interface/msg/detail/sensor_temp__rosidl_typesupport_fastrtps_c.h
[5.527s] -- Up-to-date: /home/HwHiAiUser/wheeltec_ros2/install/yesense_interface/include/yesense_interface/yesense_interface/msg/detail/attitude_min_ahrs__rosidl_typesupport_fastrtps_c.h
[5.527s] -- Up-to-date: /home/HwHiAiUser/wheeltec_ros2/install/yesense_interface/include/yesense_interface/yesense_interface/msg/detail/euler_only__rosidl_typesupport_fastrtps_c.h
[5.528s] -- Up-to-date: /home/HwHiAiUser/wheeltec_ros2/install/yesense_interface/include/yesense_interface/yesense_interface/msg/detail/tid__rosidl_typesupport_fastrtps_c.h
[5.528s] -- Up-to-date: /home/HwHiAiUser/wheeltec_ros2/install/yesense_interface/include/yesense_interface/yesense_interface/msg/detail/utc__rosidl_typesupport_fastrtps_c.h
[5.528s] -- Up-to-date: /home/HwHiAiUser/wheeltec_ros2/install/yesense_interface/include/yesense_interface/yesense_interface/msg/detail/sample_timestamp__rosidl_typesupport_fastrtps_c.h
[5.528s] -- Up-to-date: /home/HwHiAiUser/wheeltec_ros2/install/yesense_interface/include/yesense_interface/yesense_interface/msg/detail/three_axis__rosidl_typesupport_fastrtps_c.h
[5.528s] -- Up-to-date: /home/HwHiAiUser/wheeltec_ros2/install/yesense_interface/include/yesense_interface/yesense_interface/msg/detail/robot_lord__rosidl_typesupport_fastrtps_c.h
[5.528s] -- Up-to-date: /home/HwHiAiUser/wheeltec_ros2/install/yesense_interface/include/yesense_interface/yesense_interface/msg/detail/quat__rosidl_typesupport_fastrtps_c.h
[5.529s] -- Up-to-date: /home/HwHiAiUser/wheeltec_ros2/install/yesense_interface/include/yesense_interface/yesense_interface/msg/detail/vel__rosidl_typesupport_fastrtps_c.h
[5.529s] -- Up-to-date: /home/HwHiAiUser/wheeltec_ros2/install/yesense_interface/include/yesense_interface/yesense_interface/msg/detail/imu_data_ten_axis__rosidl_typesupport_fastrtps_c.h
[5.529s] -- Up-to-date: /home/HwHiAiUser/wheeltec_ros2/install/yesense_interface/include/yesense_interface/yesense_interface/msg/rosidl_typesupport_fastrtps_c__visibility_control.h
[5.529s] -- Up-to-date: /home/HwHiAiUser/wheeltec_ros2/install/yesense_interface/lib/libyesense_interface__rosidl_typesupport_fastrtps_c.so
[5.529s] -- Up-to-date: /home/HwHiAiUser/wheeltec_ros2/install/yesense_interface/include/yesense_interface/yesense_interface
[5.530s] -- Up-to-date: /home/HwHiAiUser/wheeltec_ros2/install/yesense_interface/include/yesense_interface/yesense_interface/msg
[5.530s] -- Up-to-date: /home/HwHiAiUser/wheeltec_ros2/install/yesense_interface/include/yesense_interface/yesense_interface/msg/detail
[5.530s] -- Up-to-date: /home/HwHiAiUser/wheeltec_ros2/install/yesense_interface/include/yesense_interface/yesense_interface/msg/detail/attitude_all_data__rosidl_typesupport_introspection_c.h
[5.530s] -- Up-to-date: /home/HwHiAiUser/wheeltec_ros2/install/yesense_interface/include/yesense_interface/yesense_interface/msg/detail/euler_only__type_support.c
[5.530s] -- Up-to-date: /home/HwHiAiUser/wheeltec_ros2/install/yesense_interface/include/yesense_interface/yesense_interface/msg/detail/imu_data__rosidl_typesupport_introspection_c.h
[5.531s] -- Up-to-date: /home/HwHiAiUser/wheeltec_ros2/install/yesense_interface/include/yesense_interface/yesense_interface/msg/detail/attitude_all_data__type_support.c
[5.531s] -- Up-to-date: /home/HwHiAiUser/wheeltec_ros2/install/yesense_interface/include/yesense_interface/yesense_interface/msg/detail/pos_only__type_support.c
[5.531s] -- Up-to-date: /home/HwHiAiUser/wheeltec_ros2/install/yesense_interface/include/yesense_interface/yesense_interface/msg/detail/nav_min_utc__type_support.c
[5.531s] -- Up-to-date: /home/HwHiAiUser/wheeltec_ros2/install/yesense_interface/include/yesense_interface/yesense_interface/msg/detail/pos_only__rosidl_typesupport_introspection_c.h
[5.532s] -- Up-to-date: /home/HwHiAiUser/wheeltec_ros2/install/yesense_interface/include/yesense_interface/yesense_interface/msg/detail/nav_min__type_support.c
[5.532s] -- Up-to-date: /home/HwHiAiUser/wheeltec_ros2/install/yesense_interface/include/yesense_interface/yesense_interface/msg/detail/utc__rosidl_typesupport_introspection_c.h
[5.532s] -- Up-to-date: /home/HwHiAiUser/wheeltec_ros2/install/yesense_interface/include/yesense_interface/yesense_interface/msg/detail/imu_data__type_support.c
[5.532s] -- Up-to-date: /home/HwHiAiUser/wheeltec_ros2/install/yesense_interface/include/yesense_interface/yesense_interface/msg/detail/imu_data_ten_axis__type_support.c
[5.532s] -- Up-to-date: /home/HwHiAiUser/wheeltec_ros2/install/yesense_interface/include/yesense_interface/yesense_interface/msg/detail/robot_lord__rosidl_typesupport_introspection_c.h
[5.532s] -- Up-to-date: /home/HwHiAiUser/wheeltec_ros2/install/yesense_interface/include/yesense_interface/yesense_interface/msg/detail/three_axis__type_support.c
[5.549s] -- Up-to-date: /home/HwHiAiUser/wheeltec_ros2/install/yesense_interface/include/yesense_interface/yesense_interface/msg/detail/nav_all__rosidl_typesupport_introspection_c.h
[5.550s] -- Up-to-date: /home/HwHiAiUser/wheeltec_ros2/install/yesense_interface/include/yesense_interface/yesense_interface/msg/detail/vel__rosidl_typesupport_introspection_c.h
[5.551s] -- Up-to-date: /home/HwHiAiUser/wheeltec_ros2/install/yesense_interface/include/yesense_interface/yesense_interface/msg/detail/nav_status__type_support.c
[5.551s] -- Up-to-date: /home/HwHiAiUser/wheeltec_ros2/install/yesense_interface/include/yesense_interface/yesense_interface/msg/detail/pressure__rosidl_typesupport_introspection_c.h
[5.552s] -- Up-to-date: /home/HwHiAiUser/wheeltec_ros2/install/yesense_interface/include/yesense_interface/yesense_interface/msg/detail/attitude_min_ahrs__type_support.c
[5.552s] -- Up-to-date: /home/HwHiAiUser/wheeltec_ros2/install/yesense_interface/include/yesense_interface/yesense_interface/msg/detail/sensor_temp__type_support.c
[5.552s] -- Up-to-date: /home/HwHiAiUser/wheeltec_ros2/install/yesense_interface/include/yesense_interface/yesense_interface/msg/detail/nav_status__rosidl_typesupport_introspection_c.h
[5.565s] -- Up-to-date: /home/HwHiAiUser/wheeltec_ros2/install/yesense_interface/include/yesense_interface/yesense_interface/msg/detail/sample_timestamp__type_support.c
[5.565s] -- Up-to-date: /home/HwHiAiUser/wheeltec_ros2/install/yesense_interface/include/yesense_interface/yesense_interface/msg/detail/euler_angle__rosidl_typesupport_introspection_c.h
[5.565s] -- Up-to-date: /home/HwHiAiUser/wheeltec_ros2/install/yesense_interface/include/yesense_interface/yesense_interface/msg/detail/tid__type_support.c
[5.566s] -- Up-to-date: /home/HwHiAiUser/wheeltec_ros2/install/yesense_interface/include/yesense_interface/yesense_interface/msg/detail/sample_timestamp__rosidl_typesupport_introspection_c.h
[5.566s] -- Up-to-date: /home/HwHiAiUser/wheeltec_ros2/install/yesense_interface/include/yesense_interface/yesense_interface/msg/detail/gnss_pos__rosidl_typesupport_introspection_c.h
[5.566s] -- Up-to-date: /home/HwHiAiUser/wheeltec_ros2/install/yesense_interface/include/yesense_interface/yesense_interface/msg/detail/vel__type_support.c
[5.566s] -- Up-to-date: /home/HwHiAiUser/wheeltec_ros2/install/yesense_interface/include/yesense_interface/yesense_interface/msg/detail/nav_min__rosidl_typesupport_introspection_c.h
[5.567s] -- Up-to-date: /home/HwHiAiUser/wheeltec_ros2/install/yesense_interface/include/yesense_interface/yesense_interface/msg/detail/utc__type_support.c
[5.567s] -- Up-to-date: /home/HwHiAiUser/wheeltec_ros2/install/yesense_interface/include/yesense_interface/yesense_interface/msg/detail/imu_data_ten_axis__rosidl_typesupport_introspection_c.h
[5.567s] -- Up-to-date: /home/HwHiAiUser/wheeltec_ros2/install/yesense_interface/include/yesense_interface/yesense_interface/msg/detail/tid__rosidl_typesupport_introspection_c.h
[5.567s] -- Up-to-date: /home/HwHiAiUser/wheeltec_ros2/install/yesense_interface/include/yesense_interface/yesense_interface/msg/detail/quat__rosidl_typesupport_introspection_c.h
[5.568s] -- Up-to-date: /home/HwHiAiUser/wheeltec_ros2/install/yesense_interface/include/yesense_interface/yesense_interface/msg/detail/attitude_min_vru__rosidl_typesupport_introspection_c.h
[5.568s] -- Up-to-date: /home/HwHiAiUser/wheeltec_ros2/install/yesense_interface/include/yesense_interface/yesense_interface/msg/detail/quat__type_support.c
[5.570s] -- Up-to-date: /home/HwHiAiUser/wheeltec_ros2/install/yesense_interface/include/yesense_interface/yesense_interface/msg/detail/euler_angle__type_support.c
[5.570s] -- Up-to-date: /home/HwHiAiUser/wheeltec_ros2/install/yesense_interface/include/yesense_interface/yesense_interface/msg/detail/nav_min_utc__rosidl_typesupport_introspection_c.h
[5.571s] -- Up-to-date: /home/HwHiAiUser/wheeltec_ros2/install/yesense_interface/include/yesense_interface/yesense_interface/msg/detail/robot_lord__type_support.c
[5.571s] -- Up-to-date: /home/HwHiAiUser/wheeltec_ros2/install/yesense_interface/include/yesense_interface/yesense_interface/msg/detail/three_axis__rosidl_typesupport_introspection_c.h
[5.571s] -- Up-to-date: /home/HwHiAiUser/wheeltec_ros2/install/yesense_interface/include/yesense_interface/yesense_interface/msg/detail/sensor_temp__rosidl_typesupport_introspection_c.h
[5.571s] -- Up-to-date: /home/HwHiAiUser/wheeltec_ros2/install/yesense_interface/include/yesense_interface/yesense_interface/msg/detail/attitude_min_ahrs__rosidl_typesupport_introspection_c.h
[5.571s] -- Up-to-date: /home/HwHiAiUser/wheeltec_ros2/install/yesense_interface/include/yesense_interface/yesense_interface/msg/detail/attitude_min_vru__type_support.c
[5.572s] -- Up-to-date: /home/HwHiAiUser/wheeltec_ros2/install/yesense_interface/include/yesense_interface/yesense_interface/msg/detail/euler_only__rosidl_typesupport_introspection_c.h
[5.572s] -- Up-to-date: /home/HwHiAiUser/wheeltec_ros2/install/yesense_interface/include/yesense_interface/yesense_interface/msg/detail/pressure__type_support.c
[5.584s] -- Up-to-date: /home/HwHiAiUser/wheeltec_ros2/install/yesense_interface/include/yesense_interface/yesense_interface/msg/detail/nav_all__type_support.c
[5.584s] -- Up-to-date: /home/HwHiAiUser/wheeltec_ros2/install/yesense_interface/include/yesense_interface/yesense_interface/msg/detail/gnss_pos__type_support.c
[5.585s] -- Up-to-date: /home/HwHiAiUser/wheeltec_ros2/install/yesense_interface/include/yesense_interface/yesense_interface/msg/rosidl_typesupport_introspection_c__visibility_control.h
[5.585s] -- Up-to-date: /home/HwHiAiUser/wheeltec_ros2/install/yesense_interface/lib/libyesense_interface__rosidl_typesupport_introspection_c.so
[5.585s] -- Up-to-date: /home/HwHiAiUser/wheeltec_ros2/install/yesense_interface/lib/libyesense_interface__rosidl_typesupport_c.so
[5.586s] -- Up-to-date: /home/HwHiAiUser/wheeltec_ros2/install/yesense_interface/include/yesense_interface/yesense_interface
[5.586s] -- Up-to-date: /home/HwHiAiUser/wheeltec_ros2/install/yesense_interface/include/yesense_interface/yesense_interface/msg
[5.586s] -- Up-to-date: /home/HwHiAiUser/wheeltec_ros2/install/yesense_interface/include/yesense_interface/yesense_interface/msg/three_axis.hpp
[5.586s] -- Up-to-date: /home/HwHiAiUser/wheeltec_ros2/install/yesense_interface/include/yesense_interface/yesense_interface/msg/tid.hpp
[5.587s] -- Up-to-date: /home/HwHiAiUser/wheeltec_ros2/install/yesense_interface/include/yesense_interface/yesense_interface/msg/detail
[5.587s] -- Up-to-date: /home/HwHiAiUser/wheeltec_ros2/install/yesense_interface/include/yesense_interface/yesense_interface/msg/detail/sensor_temp__type_support.hpp
[5.587s] -- Up-to-date: /home/HwHiAiUser/wheeltec_ros2/install/yesense_interface/include/yesense_interface/yesense_interface/msg/detail/imu_data_ten_axis__type_support.hpp
[5.602s] -- Up-to-date: /home/HwHiAiUser/wheeltec_ros2/install/yesense_interface/include/yesense_interface/yesense_interface/msg/detail/vel__type_support.hpp
[5.602s] -- Up-to-date: /home/HwHiAiUser/wheeltec_ros2/install/yesense_interface/include/yesense_interface/yesense_interface/msg/detail/nav_min_utc__builder.hpp
[5.602s] -- Up-to-date: /home/HwHiAiUser/wheeltec_ros2/install/yesense_interface/include/yesense_interface/yesense_interface/msg/detail/pressure__type_support.hpp
[5.603s] -- Up-to-date: /home/HwHiAiUser/wheeltec_ros2/install/yesense_interface/include/yesense_interface/yesense_interface/msg/detail/imu_data__struct.hpp
[5.603s] -- Up-to-date: /home/HwHiAiUser/wheeltec_ros2/install/yesense_interface/include/yesense_interface/yesense_interface/msg/detail/tid__traits.hpp
[5.603s] -- Up-to-date: /home/HwHiAiUser/wheeltec_ros2/install/yesense_interface/include/yesense_interface/yesense_interface/msg/detail/robot_lord__traits.hpp
[5.603s] -- Up-to-date: /home/HwHiAiUser/wheeltec_ros2/install/yesense_interface/include/yesense_interface/yesense_interface/msg/detail/sample_timestamp__traits.hpp
[5.604s] -- Up-to-date: /home/HwHiAiUser/wheeltec_ros2/install/yesense_interface/include/yesense_interface/yesense_interface/msg/detail/tid__struct.hpp
[5.604s] -- Up-to-date: /home/HwHiAiUser/wheeltec_ros2/install/yesense_interface/include/yesense_interface/yesense_interface/msg/detail/nav_min_utc__struct.hpp
[5.604s] -- Up-to-date: /home/HwHiAiUser/wheeltec_ros2/install/yesense_interface/include/yesense_interface/yesense_interface/msg/detail/gnss_pos__struct.hpp
[5.604s] -- Up-to-date: /home/HwHiAiUser/wheeltec_ros2/install/yesense_interface/include/yesense_interface/yesense_interface/msg/detail/quat__type_support.hpp
[5.604s] -- Up-to-date: /home/HwHiAiUser/wheeltec_ros2/install/yesense_interface/include/yesense_interface/yesense_interface/msg/detail/nav_status__builder.hpp
[5.605s] -- Up-to-date: /home/HwHiAiUser/wheeltec_ros2/install/yesense_interface/include/yesense_interface/yesense_interface/msg/detail/gnss_pos__traits.hpp
[5.605s] -- Up-to-date: /home/HwHiAiUser/wheeltec_ros2/install/yesense_interface/include/yesense_interface/yesense_interface/msg/detail/attitude_min_ahrs__traits.hpp
[5.605s] -- Up-to-date: /home/HwHiAiUser/wheeltec_ros2/install/yesense_interface/include/yesense_interface/yesense_interface/msg/detail/attitude_min_vru__type_support.hpp
[5.605s] -- Up-to-date: /home/HwHiAiUser/wheeltec_ros2/install/yesense_interface/include/yesense_interface/yesense_interface/msg/detail/attitude_min_ahrs__struct.hpp
[5.605s] -- Up-to-date: /home/HwHiAiUser/wheeltec_ros2/install/yesense_interface/include/yesense_interface/yesense_interface/msg/detail/utc__traits.hpp
[5.606s] -- Up-to-date: /home/HwHiAiUser/wheeltec_ros2/install/yesense_interface/include/yesense_interface/yesense_interface/msg/detail/sample_timestamp__type_support.hpp
[5.606s] -- Up-to-date: /home/HwHiAiUser/wheeltec_ros2/install/yesense_interface/include/yesense_interface/yesense_interface/msg/detail/three_axis__traits.hpp
[5.606s] -- Up-to-date: /home/HwHiAiUser/wheeltec_ros2/install/yesense_interface/include/yesense_interface/yesense_interface/msg/detail/pos_only__struct.hpp
[5.606s] -- Up-to-date: /home/HwHiAiUser/wheeltec_ros2/install/yesense_interface/include/yesense_interface/yesense_interface/msg/detail/attitude_min_ahrs__type_support.hpp
[5.606s] -- Up-to-date: /home/HwHiAiUser/wheeltec_ros2/install/yesense_interface/include/yesense_interface/yesense_interface/msg/detail/vel__struct.hpp
[5.607s] -- Up-to-date: /home/HwHiAiUser/wheeltec_ros2/install/yesense_interface/include/yesense_interface/yesense_interface/msg/detail/sample_timestamp__struct.hpp
[5.607s] -- Up-to-date: /home/HwHiAiUser/wheeltec_ros2/install/yesense_interface/include/yesense_interface/yesense_interface/msg/detail/attitude_min_ahrs__builder.hpp
[5.607s] -- Up-to-date: /home/HwHiAiUser/wheeltec_ros2/install/yesense_interface/include/yesense_interface/yesense_interface/msg/detail/euler_only__traits.hpp
[5.607s] -- Up-to-date: /home/HwHiAiUser/wheeltec_ros2/install/yesense_interface/include/yesense_interface/yesense_interface/msg/detail/gnss_pos__type_support.hpp
[5.608s] -- Up-to-date: /home/HwHiAiUser/wheeltec_ros2/install/yesense_interface/include/yesense_interface/yesense_interface/msg/detail/vel__builder.hpp
[5.608s] -- Up-to-date: /home/HwHiAiUser/wheeltec_ros2/install/yesense_interface/include/yesense_interface/yesense_interface/msg/detail/nav_min_utc__type_support.hpp
[5.608s] -- Up-to-date: /home/HwHiAiUser/wheeltec_ros2/install/yesense_interface/include/yesense_interface/yesense_interface/msg/detail/robot_lord__type_support.hpp
[5.608s] -- Up-to-date: /home/HwHiAiUser/wheeltec_ros2/install/yesense_interface/include/yesense_interface/yesense_interface/msg/detail/robot_lord__struct.hpp
[5.609s] -- Up-to-date: /home/HwHiAiUser/wheeltec_ros2/install/yesense_interface/include/yesense_interface/yesense_interface/msg/detail/pos_only__builder.hpp
[5.609s] -- Up-to-date: /home/HwHiAiUser/wheeltec_ros2/install/yesense_interface/include/yesense_interface/yesense_interface/msg/detail/nav_min_utc__traits.hpp
[5.609s] -- Up-to-date: /home/HwHiAiUser/wheeltec_ros2/install/yesense_interface/include/yesense_interface/yesense_interface/msg/detail/attitude_all_data__type_support.hpp
[5.609s] -- Up-to-date: /home/HwHiAiUser/wheeltec_ros2/install/yesense_interface/include/yesense_interface/yesense_interface/msg/detail/attitude_all_data__struct.hpp
[5.609s] -- Up-to-date: /home/HwHiAiUser/wheeltec_ros2/install/yesense_interface/include/yesense_interface/yesense_interface/msg/detail/sample_timestamp__builder.hpp
[5.610s] -- Up-to-date: /home/HwHiAiUser/wheeltec_ros2/install/yesense_interface/include/yesense_interface/yesense_interface/msg/detail/three_axis__type_support.hpp
[5.610s] -- Up-to-date: /home/HwHiAiUser/wheeltec_ros2/install/yesense_interface/include/yesense_interface/yesense_interface/msg/detail/imu_data__type_support.hpp
[5.610s] -- Up-to-date: /home/HwHiAiUser/wheeltec_ros2/install/yesense_interface/include/yesense_interface/yesense_interface/msg/detail/utc__type_support.hpp
[5.610s] -- Up-to-date: /home/HwHiAiUser/wheeltec_ros2/install/yesense_interface/include/yesense_interface/yesense_interface/msg/detail/euler_only__struct.hpp
[5.611s] -- Up-to-date: /home/HwHiAiUser/wheeltec_ros2/install/yesense_interface/include/yesense_interface/yesense_interface/msg/detail/nav_min__builder.hpp
[5.611s] -- Up-to-date: /home/HwHiAiUser/wheeltec_ros2/install/yesense_interface/include/yesense_interface/yesense_interface/msg/detail/attitude_min_vru__traits.hpp
[5.611s] -- Up-to-date: /home/HwHiAiUser/wheeltec_ros2/install/yesense_interface/include/yesense_interface/yesense_interface/msg/detail/pressure__traits.hpp
[5.612s] -- Up-to-date: /home/HwHiAiUser/wheeltec_ros2/install/yesense_interface/include/yesense_interface/yesense_interface/msg/detail/quat__traits.hpp
[5.612s] -- Up-to-date: /home/HwHiAiUser/wheeltec_ros2/install/yesense_interface/include/yesense_interface/yesense_interface/msg/detail/pressure__builder.hpp
[5.612s] -- Up-to-date: /home/HwHiAiUser/wheeltec_ros2/install/yesense_interface/include/yesense_interface/yesense_interface/msg/detail/attitude_all_data__traits.hpp
[5.613s] -- Up-to-date: /home/HwHiAiUser/wheeltec_ros2/install/yesense_interface/include/yesense_interface/yesense_interface/msg/detail/imu_data_ten_axis__struct.hpp
[5.613s] -- Up-to-date: /home/HwHiAiUser/wheeltec_ros2/install/yesense_interface/include/yesense_interface/yesense_interface/msg/detail/robot_lord__builder.hpp
[5.613s] -- Up-to-date: /home/HwHiAiUser/wheeltec_ros2/install/yesense_interface/include/yesense_interface/yesense_interface/msg/detail/nav_all__builder.hpp
[5.613s] -- Up-to-date: /home/HwHiAiUser/wheeltec_ros2/install/yesense_interface/include/yesense_interface/yesense_interface/msg/detail/quat__builder.hpp
[5.614s] -- Up-to-date: /home/HwHiAiUser/wheeltec_ros2/install/yesense_interface/include/yesense_interface/yesense_interface/msg/detail/nav_status__traits.hpp
[5.614s] -- Up-to-date: /home/HwHiAiUser/wheeltec_ros2/install/yesense_interface/include/yesense_interface/yesense_interface/msg/detail/euler_only__type_support.hpp
[5.614s] -- Up-to-date: /home/HwHiAiUser/wheeltec_ros2/install/yesense_interface/include/yesense_interface/yesense_interface/msg/detail/nav_all__traits.hpp
[5.614s] -- Up-to-date: /home/HwHiAiUser/wheeltec_ros2/install/yesense_interface/include/yesense_interface/yesense_interface/msg/detail/pressure__struct.hpp
[5.615s] -- Up-to-date: /home/HwHiAiUser/wheeltec_ros2/install/yesense_interface/include/yesense_interface/yesense_interface/msg/detail/imu_data__traits.hpp
[5.615s] -- Up-to-date: /home/HwHiAiUser/wheeltec_ros2/install/yesense_interface/include/yesense_interface/yesense_interface/msg/detail/three_axis__struct.hpp
[5.615s] -- Up-to-date: /home/HwHiAiUser/wheeltec_ros2/install/yesense_interface/include/yesense_interface/yesense_interface/msg/detail/nav_all__type_support.hpp
[5.615s] -- Up-to-date: /home/HwHiAiUser/wheeltec_ros2/install/yesense_interface/include/yesense_interface/yesense_interface/msg/detail/euler_angle__builder.hpp
[5.615s] -- Up-to-date: /home/HwHiAiUser/wheeltec_ros2/install/yesense_interface/include/yesense_interface/yesense_interface/msg/detail/sensor_temp__traits.hpp
[5.616s] -- Up-to-date: /home/HwHiAiUser/wheeltec_ros2/install/yesense_interface/include/yesense_interface/yesense_interface/msg/detail/imu_data__builder.hpp
[5.616s] -- Up-to-date: /home/HwHiAiUser/wheeltec_ros2/install/yesense_interface/include/yesense_interface/yesense_interface/msg/detail/vel__traits.hpp
[5.619s] -- Up-to-date: /home/HwHiAiUser/wheeltec_ros2/install/yesense_interface/include/yesense_interface/yesense_interface/msg/detail/nav_status__struct.hpp
[5.622s] -- Up-to-date: /home/HwHiAiUser/wheeltec_ros2/install/yesense_interface/include/yesense_interface/yesense_interface/msg/detail/pos_only__traits.hpp
[5.622s] -- Up-to-date: /home/HwHiAiUser/wheeltec_ros2/install/yesense_interface/include/yesense_interface/yesense_interface/msg/detail/sensor_temp__builder.hpp
[5.622s] -- Up-to-date: /home/HwHiAiUser/wheeltec_ros2/install/yesense_interface/include/yesense_interface/yesense_interface/msg/detail/attitude_min_vru__builder.hpp
[5.623s] -- Up-to-date: /home/HwHiAiUser/wheeltec_ros2/install/yesense_interface/include/yesense_interface/yesense_interface/msg/detail/euler_only__builder.hpp
[5.623s] -- Up-to-date: /home/HwHiAiUser/wheeltec_ros2/install/yesense_interface/include/yesense_interface/yesense_interface/msg/detail/nav_min__type_support.hpp
[5.623s] -- Up-to-date: /home/HwHiAiUser/wheeltec_ros2/install/yesense_interface/include/yesense_interface/yesense_interface/msg/detail/nav_all__struct.hpp
[5.623s] -- Up-to-date: /home/HwHiAiUser/wheeltec_ros2/install/yesense_interface/include/yesense_interface/yesense_interface/msg/detail/pos_only__type_support.hpp
[5.624s] -- Up-to-date: /home/HwHiAiUser/wheeltec_ros2/install/yesense_interface/include/yesense_interface/yesense_interface/msg/detail/tid__builder.hpp
[5.624s] -- Up-to-date: /home/HwHiAiUser/wheeltec_ros2/install/yesense_interface/include/yesense_interface/yesense_interface/msg/detail/attitude_all_data__builder.hpp
[5.624s] -- Up-to-date: /home/HwHiAiUser/wheeltec_ros2/install/yesense_interface/include/yesense_interface/yesense_interface/msg/detail/nav_status__type_support.hpp
[5.624s] -- Up-to-date: /home/HwHiAiUser/wheeltec_ros2/install/yesense_interface/include/yesense_interface/yesense_interface/msg/detail/gnss_pos__builder.hpp
[5.625s] -- Up-to-date: /home/HwHiAiUser/wheeltec_ros2/install/yesense_interface/include/yesense_interface/yesense_interface/msg/detail/sensor_temp__struct.hpp
[5.625s] -- Up-to-date: /home/HwHiAiUser/wheeltec_ros2/install/yesense_interface/include/yesense_interface/yesense_interface/msg/detail/euler_angle__type_support.hpp
[5.625s] -- Up-to-date: /home/HwHiAiUser/wheeltec_ros2/install/yesense_interface/include/yesense_interface/yesense_interface/msg/detail/attitude_min_vru__struct.hpp
[5.625s] -- Up-to-date: /home/HwHiAiUser/wheeltec_ros2/install/yesense_interface/include/yesense_interface/yesense_interface/msg/detail/tid__type_support.hpp
[5.625s] -- Up-to-date: /home/HwHiAiUser/wheeltec_ros2/install/yesense_interface/include/yesense_interface/yesense_interface/msg/detail/nav_min__traits.hpp
[5.626s] -- Up-to-date: /home/HwHiAiUser/wheeltec_ros2/install/yesense_interface/include/yesense_interface/yesense_interface/msg/detail/utc__struct.hpp
[5.626s] -- Up-to-date: /home/HwHiAiUser/wheeltec_ros2/install/yesense_interface/include/yesense_interface/yesense_interface/msg/detail/utc__builder.hpp
[5.626s] -- Up-to-date: /home/HwHiAiUser/wheeltec_ros2/install/yesense_interface/include/yesense_interface/yesense_interface/msg/detail/imu_data_ten_axis__traits.hpp
[5.626s] -- Up-to-date: /home/HwHiAiUser/wheeltec_ros2/install/yesense_interface/include/yesense_interface/yesense_interface/msg/detail/euler_angle__struct.hpp
[5.627s] -- Up-to-date: /home/HwHiAiUser/wheeltec_ros2/install/yesense_interface/include/yesense_interface/yesense_interface/msg/detail/euler_angle__traits.hpp
[5.627s] -- Up-to-date: /home/HwHiAiUser/wheeltec_ros2/install/yesense_interface/include/yesense_interface/yesense_interface/msg/detail/quat__struct.hpp
[5.627s] -- Up-to-date: /home/HwHiAiUser/wheeltec_ros2/install/yesense_interface/include/yesense_interface/yesense_interface/msg/detail/three_axis__builder.hpp
[5.628s] -- Up-to-date: /home/HwHiAiUser/wheeltec_ros2/install/yesense_interface/include/yesense_interface/yesense_interface/msg/detail/imu_data_ten_axis__builder.hpp
[5.628s] -- Up-to-date: /home/HwHiAiUser/wheeltec_ros2/install/yesense_interface/include/yesense_interface/yesense_interface/msg/detail/nav_min__struct.hpp
[5.628s] -- Up-to-date: /home/HwHiAiUser/wheeltec_ros2/install/yesense_interface/include/yesense_interface/yesense_interface/msg/gnss_pos.hpp
[5.629s] -- Up-to-date: /home/HwHiAiUser/wheeltec_ros2/install/yesense_interface/include/yesense_interface/yesense_interface/msg/euler_angle.hpp
[5.629s] -- Up-to-date: /home/HwHiAiUser/wheeltec_ros2/install/yesense_interface/include/yesense_interface/yesense_interface/msg/rosidl_generator_cpp__visibility_control.hpp
[5.629s] -- Up-to-date: /home/HwHiAiUser/wheeltec_ros2/install/yesense_interface/include/yesense_interface/yesense_interface/msg/attitude_all_data.hpp
[5.629s] -- Up-to-date: /home/HwHiAiUser/wheeltec_ros2/install/yesense_interface/include/yesense_interface/yesense_interface/msg/imu_data.hpp
[5.645s] -- Up-to-date: /home/HwHiAiUser/wheeltec_ros2/install/yesense_interface/include/yesense_interface/yesense_interface/msg/pressure.hpp
[5.645s] -- Up-to-date: /home/HwHiAiUser/wheeltec_ros2/install/yesense_interface/include/yesense_interface/yesense_interface/msg/euler_only.hpp
[5.645s] -- Up-to-date: /home/HwHiAiUser/wheeltec_ros2/install/yesense_interface/include/yesense_interface/yesense_interface/msg/utc.hpp
[5.646s] -- Up-to-date: /home/HwHiAiUser/wheeltec_ros2/install/yesense_interface/include/yesense_interface/yesense_interface/msg/quat.hpp
[5.646s] -- Up-to-date: /home/HwHiAiUser/wheeltec_ros2/install/yesense_interface/include/yesense_interface/yesense_interface/msg/pos_only.hpp
[5.646s] -- Up-to-date: /home/HwHiAiUser/wheeltec_ros2/install/yesense_interface/include/yesense_interface/yesense_interface/msg/nav_all.hpp
[5.647s] -- Up-to-date: /home/HwHiAiUser/wheeltec_ros2/install/yesense_interface/include/yesense_interface/yesense_interface/msg/attitude_min_vru.hpp
[5.647s] -- Up-to-date: /home/HwHiAiUser/wheeltec_ros2/install/yesense_interface/include/yesense_interface/yesense_interface/msg/nav_status.hpp
[5.647s] -- Up-to-date: /home/HwHiAiUser/wheeltec_ros2/install/yesense_interface/include/yesense_interface/yesense_interface/msg/attitude_min_ahrs.hpp
[5.647s] -- Up-to-date: /home/HwHiAiUser/wheeltec_ros2/install/yesense_interface/include/yesense_interface/yesense_interface/msg/sensor_temp.hpp
[5.649s] -- Up-to-date: /home/HwHiAiUser/wheeltec_ros2/install/yesense_interface/include/yesense_interface/yesense_interface/msg/nav_min.hpp
[5.649s] -- Up-to-date: /home/HwHiAiUser/wheeltec_ros2/install/yesense_interface/include/yesense_interface/yesense_interface/msg/nav_min_utc.hpp
[5.649s] -- Up-to-date: /home/HwHiAiUser/wheeltec_ros2/install/yesense_interface/include/yesense_interface/yesense_interface/msg/imu_data_ten_axis.hpp
[5.649s] -- Up-to-date: /home/HwHiAiUser/wheeltec_ros2/install/yesense_interface/include/yesense_interface/yesense_interface/msg/robot_lord.hpp
[5.650s] -- Up-to-date: /home/HwHiAiUser/wheeltec_ros2/install/yesense_interface/include/yesense_interface/yesense_interface/msg/vel.hpp
[5.650s] -- Up-to-date: /home/HwHiAiUser/wheeltec_ros2/install/yesense_interface/include/yesense_interface/yesense_interface/msg/sample_timestamp.hpp
[5.650s] -- Up-to-date: /home/HwHiAiUser/wheeltec_ros2/install/yesense_interface/include/yesense_interface/yesense_interface
[5.650s] -- Up-to-date: /home/HwHiAiUser/wheeltec_ros2/install/yesense_interface/include/yesense_interface/yesense_interface/msg
[5.651s] -- Up-to-date: /home/HwHiAiUser/wheeltec_ros2/install/yesense_interface/include/yesense_interface/yesense_interface/msg/detail
[5.651s] -- Up-to-date: /home/HwHiAiUser/wheeltec_ros2/install/yesense_interface/include/yesense_interface/yesense_interface/msg/detail/vel__rosidl_typesupport_fastrtps_cpp.hpp
[5.651s] -- Up-to-date: /home/HwHiAiUser/wheeltec_ros2/install/yesense_interface/include/yesense_interface/yesense_interface/msg/detail/nav_status__rosidl_typesupport_fastrtps_cpp.hpp
[5.651s] -- Up-to-date: /home/HwHiAiUser/wheeltec_ros2/install/yesense_interface/include/yesense_interface/yesense_interface/msg/detail/gnss_pos__rosidl_typesupport_fastrtps_cpp.hpp
[5.652s] -- Up-to-date: /home/HwHiAiUser/wheeltec_ros2/install/yesense_interface/include/yesense_interface/yesense_interface/msg/detail/utc__rosidl_typesupport_fastrtps_cpp.hpp
[5.652s] -- Up-to-date: /home/HwHiAiUser/wheeltec_ros2/install/yesense_interface/include/yesense_interface/yesense_interface/msg/detail/euler_angle__rosidl_typesupport_fastrtps_cpp.hpp
[5.652s] -- Up-to-date: /home/HwHiAiUser/wheeltec_ros2/install/yesense_interface/include/yesense_interface/yesense_interface/msg/detail/imu_data__rosidl_typesupport_fastrtps_cpp.hpp
[5.652s] -- Up-to-date: /home/HwHiAiUser/wheeltec_ros2/install/yesense_interface/include/yesense_interface/yesense_interface/msg/detail/euler_only__rosidl_typesupport_fastrtps_cpp.hpp
[5.652s] -- Up-to-date: /home/HwHiAiUser/wheeltec_ros2/install/yesense_interface/include/yesense_interface/yesense_interface/msg/detail/dds_fastrtps
[5.653s] -- Up-to-date: /home/HwHiAiUser/wheeltec_ros2/install/yesense_interface/include/yesense_interface/yesense_interface/msg/detail/three_axis__rosidl_typesupport_fastrtps_cpp.hpp
[5.653s] -- Up-to-date: /home/HwHiAiUser/wheeltec_ros2/install/yesense_interface/include/yesense_interface/yesense_interface/msg/detail/pos_only__rosidl_typesupport_fastrtps_cpp.hpp
[5.653s] -- Up-to-date: /home/HwHiAiUser/wheeltec_ros2/install/yesense_interface/include/yesense_interface/yesense_interface/msg/detail/nav_min_utc__rosidl_typesupport_fastrtps_cpp.hpp
[5.653s] -- Up-to-date: /home/HwHiAiUser/wheeltec_ros2/install/yesense_interface/include/yesense_interface/yesense_interface/msg/detail/nav_min__rosidl_typesupport_fastrtps_cpp.hpp
[5.653s] -- Up-to-date: /home/HwHiAiUser/wheeltec_ros2/install/yesense_interface/include/yesense_interface/yesense_interface/msg/detail/attitude_all_data__rosidl_typesupport_fastrtps_cpp.hpp
[5.654s] -- Up-to-date: /home/HwHiAiUser/wheeltec_ros2/install/yesense_interface/include/yesense_interface/yesense_interface/msg/detail/sample_timestamp__rosidl_typesupport_fastrtps_cpp.hpp
[5.654s] -- Up-to-date: /home/HwHiAiUser/wheeltec_ros2/install/yesense_interface/include/yesense_interface/yesense_interface/msg/detail/robot_lord__rosidl_typesupport_fastrtps_cpp.hpp
[5.654s] -- Up-to-date: /home/HwHiAiUser/wheeltec_ros2/install/yesense_interface/include/yesense_interface/yesense_interface/msg/detail/attitude_min_ahrs__rosidl_typesupport_fastrtps_cpp.hpp
[5.654s] -- Up-to-date: /home/HwHiAiUser/wheeltec_ros2/install/yesense_interface/include/yesense_interface/yesense_interface/msg/detail/attitude_min_vru__rosidl_typesupport_fastrtps_cpp.hpp
[5.655s] -- Up-to-date: /home/HwHiAiUser/wheeltec_ros2/install/yesense_interface/include/yesense_interface/yesense_interface/msg/detail/imu_data_ten_axis__rosidl_typesupport_fastrtps_cpp.hpp
[5.655s] -- Up-to-date: /home/HwHiAiUser/wheeltec_ros2/install/yesense_interface/include/yesense_interface/yesense_interface/msg/detail/quat__rosidl_typesupport_fastrtps_cpp.hpp
[5.655s] -- Up-to-date: /home/HwHiAiUser/wheeltec_ros2/install/yesense_interface/include/yesense_interface/yesense_interface/msg/detail/tid__rosidl_typesupport_fastrtps_cpp.hpp
[5.656s] -- Up-to-date: /home/HwHiAiUser/wheeltec_ros2/install/yesense_interface/include/yesense_interface/yesense_interface/msg/detail/sensor_temp__rosidl_typesupport_fastrtps_cpp.hpp
[5.656s] -- Up-to-date: /home/HwHiAiUser/wheeltec_ros2/install/yesense_interface/include/yesense_interface/yesense_interface/msg/detail/nav_all__rosidl_typesupport_fastrtps_cpp.hpp
[5.656s] -- Up-to-date: /home/HwHiAiUser/wheeltec_ros2/install/yesense_interface/include/yesense_interface/yesense_interface/msg/detail/pressure__rosidl_typesupport_fastrtps_cpp.hpp
[5.657s] -- Up-to-date: /home/HwHiAiUser/wheeltec_ros2/install/yesense_interface/include/yesense_interface/yesense_interface/msg/rosidl_typesupport_fastrtps_cpp__visibility_control.h
[5.657s] -- Up-to-date: /home/HwHiAiUser/wheeltec_ros2/install/yesense_interface/lib/libyesense_interface__rosidl_typesupport_fastrtps_cpp.so
[5.657s] -- Up-to-date: /home/HwHiAiUser/wheeltec_ros2/install/yesense_interface/include/yesense_interface/yesense_interface
[5.657s] -- Up-to-date: /home/HwHiAiUser/wheeltec_ros2/install/yesense_interface/include/yesense_interface/yesense_interface/msg
[5.658s] -- Up-to-date: /home/HwHiAiUser/wheeltec_ros2/install/yesense_interface/include/yesense_interface/yesense_interface/msg/detail
[5.658s] -- Up-to-date: /home/HwHiAiUser/wheeltec_ros2/install/yesense_interface/include/yesense_interface/yesense_interface/msg/detail/quat__rosidl_typesupport_introspection_cpp.hpp
[5.658s] -- Up-to-date: /home/HwHiAiUser/wheeltec_ros2/install/yesense_interface/include/yesense_interface/yesense_interface/msg/detail/attitude_min_vru__rosidl_typesupport_introspection_cpp.hpp
[5.658s] -- Up-to-date: /home/HwHiAiUser/wheeltec_ros2/install/yesense_interface/include/yesense_interface/yesense_interface/msg/detail/utc__rosidl_typesupport_introspection_cpp.hpp
[5.659s] -- Up-to-date: /home/HwHiAiUser/wheeltec_ros2/install/yesense_interface/include/yesense_interface/yesense_interface/msg/detail/gnss_pos__type_support.cpp
[5.659s] -- Up-to-date: /home/HwHiAiUser/wheeltec_ros2/install/yesense_interface/include/yesense_interface/yesense_interface/msg/detail/three_axis__type_support.cpp
[5.659s] -- Up-to-date: /home/HwHiAiUser/wheeltec_ros2/install/yesense_interface/include/yesense_interface/yesense_interface/msg/detail/euler_only__type_support.cpp
[5.659s] -- Up-to-date: /home/HwHiAiUser/wheeltec_ros2/install/yesense_interface/include/yesense_interface/yesense_interface/msg/detail/quat__type_support.cpp
[5.660s] -- Up-to-date: /home/HwHiAiUser/wheeltec_ros2/install/yesense_interface/include/yesense_interface/yesense_interface/msg/detail/sample_timestamp__type_support.cpp
[5.660s] -- Up-to-date: /home/HwHiAiUser/wheeltec_ros2/install/yesense_interface/include/yesense_interface/yesense_interface/msg/detail/gnss_pos__rosidl_typesupport_introspection_cpp.hpp
[5.660s] -- Up-to-date: /home/HwHiAiUser/wheeltec_ros2/install/yesense_interface/include/yesense_interface/yesense_interface/msg/detail/nav_all__type_support.cpp
[5.660s] -- Up-to-date: /home/HwHiAiUser/wheeltec_ros2/install/yesense_interface/include/yesense_interface/yesense_interface/msg/detail/pressure__type_support.cpp
[5.660s] -- Up-to-date: /home/HwHiAiUser/wheeltec_ros2/install/yesense_interface/include/yesense_interface/yesense_interface/msg/detail/sample_timestamp__rosidl_typesupport_introspection_cpp.hpp
[5.661s] -- Up-to-date: /home/HwHiAiUser/wheeltec_ros2/install/yesense_interface/include/yesense_interface/yesense_interface/msg/detail/nav_status__type_support.cpp
[5.661s] -- Up-to-date: /home/HwHiAiUser/wheeltec_ros2/install/yesense_interface/include/yesense_interface/yesense_interface/msg/detail/nav_min_utc__rosidl_typesupport_introspection_cpp.hpp
[5.661s] -- Up-to-date: /home/HwHiAiUser/wheeltec_ros2/install/yesense_interface/include/yesense_interface/yesense_interface/msg/detail/sensor_temp__rosidl_typesupport_introspection_cpp.hpp
[5.661s] -- Up-to-date: /home/HwHiAiUser/wheeltec_ros2/install/yesense_interface/include/yesense_interface/yesense_interface/msg/detail/robot_lord__type_support.cpp
[5.661s] -- Up-to-date: /home/HwHiAiUser/wheeltec_ros2/install/yesense_interface/include/yesense_interface/yesense_interface/msg/detail/euler_only__rosidl_typesupport_introspection_cpp.hpp
[5.662s] -- Up-to-date: /home/HwHiAiUser/wheeltec_ros2/install/yesense_interface/include/yesense_interface/yesense_interface/msg/detail/vel__rosidl_typesupport_introspection_cpp.hpp
[5.662s] -- Up-to-date: /home/HwHiAiUser/wheeltec_ros2/install/yesense_interface/include/yesense_interface/yesense_interface/msg/detail/attitude_min_ahrs__rosidl_typesupport_introspection_cpp.hpp
[5.663s] -- Up-to-date: /home/HwHiAiUser/wheeltec_ros2/install/yesense_interface/include/yesense_interface/yesense_interface/msg/detail/sensor_temp__type_support.cpp
[5.663s] -- Up-to-date: /home/HwHiAiUser/wheeltec_ros2/install/yesense_interface/include/yesense_interface/yesense_interface/msg/detail/nav_status__rosidl_typesupport_introspection_cpp.hpp
[5.663s] -- Up-to-date: /home/HwHiAiUser/wheeltec_ros2/install/yesense_interface/include/yesense_interface/yesense_interface/msg/detail/imu_data_ten_axis__type_support.cpp
[5.664s] -- Up-to-date: /home/HwHiAiUser/wheeltec_ros2/install/yesense_interface/include/yesense_interface/yesense_interface/msg/detail/euler_angle__rosidl_typesupport_introspection_cpp.hpp
[5.664s] -- Up-to-date: /home/HwHiAiUser/wheeltec_ros2/install/yesense_interface/include/yesense_interface/yesense_interface/msg/detail/pressure__rosidl_typesupport_introspection_cpp.hpp
[5.664s] -- Up-to-date: /home/HwHiAiUser/wheeltec_ros2/install/yesense_interface/include/yesense_interface/yesense_interface/msg/detail/imu_data__type_support.cpp
[5.664s] -- Up-to-date: /home/HwHiAiUser/wheeltec_ros2/install/yesense_interface/include/yesense_interface/yesense_interface/msg/detail/three_axis__rosidl_typesupport_introspection_cpp.hpp
[5.664s] -- Up-to-date: /home/HwHiAiUser/wheeltec_ros2/install/yesense_interface/include/yesense_interface/yesense_interface/msg/detail/imu_data__rosidl_typesupport_introspection_cpp.hpp
[5.665s] -- Up-to-date: /home/HwHiAiUser/wheeltec_ros2/install/yesense_interface/include/yesense_interface/yesense_interface/msg/detail/tid__type_support.cpp
[5.665s] -- Up-to-date: /home/HwHiAiUser/wheeltec_ros2/install/yesense_interface/include/yesense_interface/yesense_interface/msg/detail/utc__type_support.cpp
[5.669s] -- Up-to-date: /home/HwHiAiUser/wheeltec_ros2/install/yesense_interface/include/yesense_interface/yesense_interface/msg/detail/vel__type_support.cpp
[5.669s] -- Up-to-date: /home/HwHiAiUser/wheeltec_ros2/install/yesense_interface/include/yesense_interface/yesense_interface/msg/detail/nav_min__rosidl_typesupport_introspection_cpp.hpp
[5.670s] -- Up-to-date: /home/HwHiAiUser/wheeltec_ros2/install/yesense_interface/include/yesense_interface/yesense_interface/msg/detail/attitude_min_vru__type_support.cpp
[5.672s] -- Up-to-date: /home/HwHiAiUser/wheeltec_ros2/install/yesense_interface/include/yesense_interface/yesense_interface/msg/detail/nav_all__rosidl_typesupport_introspection_cpp.hpp
[5.672s] -- Up-to-date: /home/HwHiAiUser/wheeltec_ros2/install/yesense_interface/include/yesense_interface/yesense_interface/msg/detail/attitude_all_data__type_support.cpp
[5.672s] -- Up-to-date: /home/HwHiAiUser/wheeltec_ros2/install/yesense_interface/include/yesense_interface/yesense_interface/msg/detail/pos_only__type_support.cpp
[5.672s] -- Up-to-date: /home/HwHiAiUser/wheeltec_ros2/install/yesense_interface/include/yesense_interface/yesense_interface/msg/detail/attitude_all_data__rosidl_typesupport_introspection_cpp.hpp
[5.673s] -- Up-to-date: /home/HwHiAiUser/wheeltec_ros2/install/yesense_interface/include/yesense_interface/yesense_interface/msg/detail/nav_min_utc__type_support.cpp
[5.673s] -- Up-to-date: /home/HwHiAiUser/wheeltec_ros2/install/yesense_interface/include/yesense_interface/yesense_interface/msg/detail/pos_only__rosidl_typesupport_introspection_cpp.hpp
[5.673s] -- Up-to-date: /home/HwHiAiUser/wheeltec_ros2/install/yesense_interface/include/yesense_interface/yesense_interface/msg/detail/tid__rosidl_typesupport_introspection_cpp.hpp
[5.673s] -- Up-to-date: /home/HwHiAiUser/wheeltec_ros2/install/yesense_interface/include/yesense_interface/yesense_interface/msg/detail/euler_angle__type_support.cpp
[5.673s] -- Up-to-date: /home/HwHiAiUser/wheeltec_ros2/install/yesense_interface/include/yesense_interface/yesense_interface/msg/detail/nav_min__type_support.cpp
[5.674s] -- Up-to-date: /home/HwHiAiUser/wheeltec_ros2/install/yesense_interface/include/yesense_interface/yesense_interface/msg/detail/robot_lord__rosidl_typesupport_introspection_cpp.hpp
[5.674s] -- Up-to-date: /home/HwHiAiUser/wheeltec_ros2/install/yesense_interface/include/yesense_interface/yesense_interface/msg/detail/imu_data_ten_axis__rosidl_typesupport_introspection_cpp.hpp
[5.674s] -- Up-to-date: /home/HwHiAiUser/wheeltec_ros2/install/yesense_interface/include/yesense_interface/yesense_interface/msg/detail/attitude_min_ahrs__type_support.cpp
[5.674s] -- Up-to-date: /home/HwHiAiUser/wheeltec_ros2/install/yesense_interface/lib/libyesense_interface__rosidl_typesupport_introspection_cpp.so
[5.675s] -- Up-to-date: /home/HwHiAiUser/wheeltec_ros2/install/yesense_interface/lib/libyesense_interface__rosidl_typesupport_cpp.so
[5.675s] -- Up-to-date: /home/HwHiAiUser/wheeltec_ros2/install/yesense_interface/share/yesense_interface/environment/pythonpath.sh
[5.675s] -- Up-to-date: /home/HwHiAiUser/wheeltec_ros2/install/yesense_interface/share/yesense_interface/environment/pythonpath.dsv
[5.675s] -- Up-to-date: /home/HwHiAiUser/wheeltec_ros2/install/yesense_interface/local/lib/python3.10/dist-packages/yesense_interface-1.0.0-py3.10.egg-info
[5.676s] -- Installing: /home/HwHiAiUser/wheeltec_ros2/install/yesense_interface/local/lib/python3.10/dist-packages/yesense_interface-1.0.0-py3.10.egg-info/dependency_links.txt
[5.676s] -- Installing: /home/HwHiAiUser/wheeltec_ros2/install/yesense_interface/local/lib/python3.10/dist-packages/yesense_interface-1.0.0-py3.10.egg-info/SOURCES.txt
[5.681s] -- Installing: /home/HwHiAiUser/wheeltec_ros2/install/yesense_interface/local/lib/python3.10/dist-packages/yesense_interface-1.0.0-py3.10.egg-info/PKG-INFO
[5.681s] -- Installing: /home/HwHiAiUser/wheeltec_ros2/install/yesense_interface/local/lib/python3.10/dist-packages/yesense_interface-1.0.0-py3.10.egg-info/top_level.txt
[5.681s] -- Up-to-date: /home/HwHiAiUser/wheeltec_ros2/install/yesense_interface/local/lib/python3.10/dist-packages/yesense_interface
[5.681s] -- Up-to-date: /home/HwHiAiUser/wheeltec_ros2/install/yesense_interface/local/lib/python3.10/dist-packages/yesense_interface/_yesense_interface_s.ep.rosidl_typesupport_c.c
[5.682s] -- Up-to-date: /home/HwHiAiUser/wheeltec_ros2/install/yesense_interface/local/lib/python3.10/dist-packages/yesense_interface/__init__.py
[5.682s] -- Up-to-date: /home/HwHiAiUser/wheeltec_ros2/install/yesense_interface/local/lib/python3.10/dist-packages/yesense_interface/msg
[5.682s] -- Up-to-date: /home/HwHiAiUser/wheeltec_ros2/install/yesense_interface/local/lib/python3.10/dist-packages/yesense_interface/msg/_attitude_min_ahrs.py
[5.683s] -- Up-to-date: /home/HwHiAiUser/wheeltec_ros2/install/yesense_interface/local/lib/python3.10/dist-packages/yesense_interface/msg/_quat_s.c
[5.683s] -- Up-to-date: /home/HwHiAiUser/wheeltec_ros2/install/yesense_interface/local/lib/python3.10/dist-packages/yesense_interface/msg/_sensor_temp_s.c
[5.683s] -- Up-to-date: /home/HwHiAiUser/wheeltec_ros2/install/yesense_interface/local/lib/python3.10/dist-packages/yesense_interface/msg/_nav_all_s.c
[5.683s] -- Up-to-date: /home/HwHiAiUser/wheeltec_ros2/install/yesense_interface/local/lib/python3.10/dist-packages/yesense_interface/msg/_attitude_min_vru.py
[5.683s] -- Up-to-date: /home/HwHiAiUser/wheeltec_ros2/install/yesense_interface/local/lib/python3.10/dist-packages/yesense_interface/msg/_attitude_min_ahrs_s.c
[5.684s] -- Up-to-date: /home/HwHiAiUser/wheeltec_ros2/install/yesense_interface/local/lib/python3.10/dist-packages/yesense_interface/msg/__init__.py
[5.684s] -- Up-to-date: /home/HwHiAiUser/wheeltec_ros2/install/yesense_interface/local/lib/python3.10/dist-packages/yesense_interface/msg/_nav_status.py
[5.684s] -- Up-to-date: /home/HwHiAiUser/wheeltec_ros2/install/yesense_interface/local/lib/python3.10/dist-packages/yesense_interface/msg/_sensor_temp.py
[5.684s] -- Up-to-date: /home/HwHiAiUser/wheeltec_ros2/install/yesense_interface/local/lib/python3.10/dist-packages/yesense_interface/msg/_nav_all.py
[5.684s] -- Up-to-date: /home/HwHiAiUser/wheeltec_ros2/install/yesense_interface/local/lib/python3.10/dist-packages/yesense_interface/msg/_attitude_min_vru_s.c
[5.684s] -- Up-to-date: /home/HwHiAiUser/wheeltec_ros2/install/yesense_interface/local/lib/python3.10/dist-packages/yesense_interface/msg/_tid_s.c
[5.685s] -- Up-to-date: /home/HwHiAiUser/wheeltec_ros2/install/yesense_interface/local/lib/python3.10/dist-packages/yesense_interface/msg/_nav_min_utc.py
[5.685s] -- Up-to-date: /home/HwHiAiUser/wheeltec_ros2/install/yesense_interface/local/lib/python3.10/dist-packages/yesense_interface/msg/_euler_angle_s.c
[5.685s] -- Up-to-date: /home/HwHiAiUser/wheeltec_ros2/install/yesense_interface/local/lib/python3.10/dist-packages/yesense_interface/msg/_imu_data_s.c
[5.686s] -- Up-to-date: /home/HwHiAiUser/wheeltec_ros2/install/yesense_interface/local/lib/python3.10/dist-packages/yesense_interface/msg/_pressure_s.c
[5.686s] -- Up-to-date: /home/HwHiAiUser/wheeltec_ros2/install/yesense_interface/local/lib/python3.10/dist-packages/yesense_interface/msg/_quat.py
[5.686s] -- Up-to-date: /home/HwHiAiUser/wheeltec_ros2/install/yesense_interface/local/lib/python3.10/dist-packages/yesense_interface/msg/_sample_timestamp.py
[5.687s] -- Up-to-date: /home/HwHiAiUser/wheeltec_ros2/install/yesense_interface/local/lib/python3.10/dist-packages/yesense_interface/msg/_gnss_pos_s.c
[5.687s] -- Up-to-date: /home/HwHiAiUser/wheeltec_ros2/install/yesense_interface/local/lib/python3.10/dist-packages/yesense_interface/msg/_nav_status_s.c
[5.687s] -- Up-to-date: /home/HwHiAiUser/wheeltec_ros2/install/yesense_interface/local/lib/python3.10/dist-packages/yesense_interface/msg/_pos_only_s.c
[5.687s] -- Up-to-date: /home/HwHiAiUser/wheeltec_ros2/install/yesense_interface/local/lib/python3.10/dist-packages/yesense_interface/msg/_imu_data_ten_axis.py
[5.691s] -- Up-to-date: /home/HwHiAiUser/wheeltec_ros2/install/yesense_interface/local/lib/python3.10/dist-packages/yesense_interface/msg/_attitude_all_data.py
[5.693s] -- Up-to-date: /home/HwHiAiUser/wheeltec_ros2/install/yesense_interface/local/lib/python3.10/dist-packages/yesense_interface/msg/_euler_angle.py
[5.695s] -- Up-to-date: /home/HwHiAiUser/wheeltec_ros2/install/yesense_interface/local/lib/python3.10/dist-packages/yesense_interface/msg/_imu_data.py
[5.695s] -- Up-to-date: /home/HwHiAiUser/wheeltec_ros2/install/yesense_interface/local/lib/python3.10/dist-packages/yesense_interface/msg/_utc.py
[5.696s] -- Up-to-date: /home/HwHiAiUser/wheeltec_ros2/install/yesense_interface/local/lib/python3.10/dist-packages/yesense_interface/msg/_robot_lord_s.c
[5.696s] -- Up-to-date: /home/HwHiAiUser/wheeltec_ros2/install/yesense_interface/local/lib/python3.10/dist-packages/yesense_interface/msg/_gnss_pos.py
[5.696s] -- Up-to-date: /home/HwHiAiUser/wheeltec_ros2/install/yesense_interface/local/lib/python3.10/dist-packages/yesense_interface/msg/_vel.py
[5.696s] -- Up-to-date: /home/HwHiAiUser/wheeltec_ros2/install/yesense_interface/local/lib/python3.10/dist-packages/yesense_interface/msg/_nav_min_s.c
[5.696s] -- Up-to-date: /home/HwHiAiUser/wheeltec_ros2/install/yesense_interface/local/lib/python3.10/dist-packages/yesense_interface/msg/_tid.py
[5.697s] -- Up-to-date: /home/HwHiAiUser/wheeltec_ros2/install/yesense_interface/local/lib/python3.10/dist-packages/yesense_interface/msg/_vel_s.c
[5.697s] -- Up-to-date: /home/HwHiAiUser/wheeltec_ros2/install/yesense_interface/local/lib/python3.10/dist-packages/yesense_interface/msg/_three_axis_s.c
[5.697s] -- Up-to-date: /home/HwHiAiUser/wheeltec_ros2/install/yesense_interface/local/lib/python3.10/dist-packages/yesense_interface/msg/_pressure.py
[5.697s] -- Up-to-date: /home/HwHiAiUser/wheeltec_ros2/install/yesense_interface/local/lib/python3.10/dist-packages/yesense_interface/msg/_three_axis.py
[5.697s] -- Up-to-date: /home/HwHiAiUser/wheeltec_ros2/install/yesense_interface/local/lib/python3.10/dist-packages/yesense_interface/msg/_imu_data_ten_axis_s.c
[5.699s] -- Up-to-date: /home/HwHiAiUser/wheeltec_ros2/install/yesense_interface/local/lib/python3.10/dist-packages/yesense_interface/msg/_sample_timestamp_s.c
[5.702s] -- Up-to-date: /home/HwHiAiUser/wheeltec_ros2/install/yesense_interface/local/lib/python3.10/dist-packages/yesense_interface/msg/_attitude_all_data_s.c
[5.703s] -- Up-to-date: /home/HwHiAiUser/wheeltec_ros2/install/yesense_interface/local/lib/python3.10/dist-packages/yesense_interface/msg/_nav_min.py
[5.704s] -- Up-to-date: /home/HwHiAiUser/wheeltec_ros2/install/yesense_interface/local/lib/python3.10/dist-packages/yesense_interface/msg/_euler_only_s.c
[5.704s] -- Up-to-date: /home/HwHiAiUser/wheeltec_ros2/install/yesense_interface/local/lib/python3.10/dist-packages/yesense_interface/msg/_euler_only.py
[5.705s] -- Up-to-date: /home/HwHiAiUser/wheeltec_ros2/install/yesense_interface/local/lib/python3.10/dist-packages/yesense_interface/msg/_nav_min_utc_s.c
[5.706s] -- Up-to-date: /home/HwHiAiUser/wheeltec_ros2/install/yesense_interface/local/lib/python3.10/dist-packages/yesense_interface/msg/_robot_lord.py
[5.707s] -- Up-to-date: /home/HwHiAiUser/wheeltec_ros2/install/yesense_interface/local/lib/python3.10/dist-packages/yesense_interface/msg/_utc_s.c
[5.708s] -- Up-to-date: /home/HwHiAiUser/wheeltec_ros2/install/yesense_interface/local/lib/python3.10/dist-packages/yesense_interface/msg/_pos_only.py
[5.708s] -- Up-to-date: /home/HwHiAiUser/wheeltec_ros2/install/yesense_interface/local/lib/python3.10/dist-packages/yesense_interface/libyesense_interface__rosidl_generator_py.so
[5.709s] -- Up-to-date: /home/HwHiAiUser/wheeltec_ros2/install/yesense_interface/local/lib/python3.10/dist-packages/yesense_interface/yesense_interface_s__rosidl_typesupport_fastrtps_c.cpython-310-aarch64-linux-gnu.so
[5.709s] -- Up-to-date: /home/HwHiAiUser/wheeltec_ros2/install/yesense_interface/local/lib/python3.10/dist-packages/yesense_interface/_yesense_interface_s.ep.rosidl_typesupport_introspection_c.c
[5.710s] -- Up-to-date: /home/HwHiAiUser/wheeltec_ros2/install/yesense_interface/local/lib/python3.10/dist-packages/yesense_interface/yesense_interface_s__rosidl_typesupport_introspection_c.cpython-310-aarch64-linux-gnu.so
[5.710s] -- Up-to-date: /home/HwHiAiUser/wheeltec_ros2/install/yesense_interface/local/lib/python3.10/dist-packages/yesense_interface/yesense_interface_s__rosidl_typesupport_c.cpython-310-aarch64-linux-gnu.so
[5.712s] -- Up-to-date: /home/HwHiAiUser/wheeltec_ros2/install/yesense_interface/local/lib/python3.10/dist-packages/yesense_interface/_yesense_interface_s.ep.rosidl_typesupport_fastrtps_c.c
[5.786s] Listing '/home/HwHiAiUser/wheeltec_ros2/install/yesense_interface/local/lib/python3.10/dist-packages/yesense_interface'...
[5.787s] Listing '/home/HwHiAiUser/wheeltec_ros2/install/yesense_interface/local/lib/python3.10/dist-packages/yesense_interface/msg'...
[5.859s] -- Up-to-date: /home/HwHiAiUser/wheeltec_ros2/install/yesense_interface/local/lib/python3.10/dist-packages/yesense_interface/yesense_interface_s__rosidl_typesupport_fastrtps_c.cpython-310-aarch64-linux-gnu.so
[5.860s] -- Up-to-date: /home/HwHiAiUser/wheeltec_ros2/install/yesense_interface/local/lib/python3.10/dist-packages/yesense_interface/yesense_interface_s__rosidl_typesupport_introspection_c.cpython-310-aarch64-linux-gnu.so
[5.860s] -- Up-to-date: /home/HwHiAiUser/wheeltec_ros2/install/yesense_interface/local/lib/python3.10/dist-packages/yesense_interface/yesense_interface_s__rosidl_typesupport_c.cpython-310-aarch64-linux-gnu.so
[5.860s] -- Up-to-date: /home/HwHiAiUser/wheeltec_ros2/install/yesense_interface/lib/libyesense_interface__rosidl_generator_py.so
[5.861s] -- Up-to-date: /home/HwHiAiUser/wheeltec_ros2/install/yesense_interface/share/yesense_interface/msg/Tid.idl
[5.863s] -- Up-to-date: /home/HwHiAiUser/wheeltec_ros2/install/yesense_interface/share/yesense_interface/msg/ThreeAxis.idl
[5.864s] -- Up-to-date: /home/HwHiAiUser/wheeltec_ros2/install/yesense_interface/share/yesense_interface/msg/SensorTemp.idl
[5.864s] -- Up-to-date: /home/HwHiAiUser/wheeltec_ros2/install/yesense_interface/share/yesense_interface/msg/Pressure.idl
[5.865s] -- Up-to-date: /home/HwHiAiUser/wheeltec_ros2/install/yesense_interface/share/yesense_interface/msg/EulerAngle.idl
[5.866s] -- Up-to-date: /home/HwHiAiUser/wheeltec_ros2/install/yesense_interface/share/yesense_interface/msg/Quat.idl
[5.867s] -- Up-to-date: /home/HwHiAiUser/wheeltec_ros2/install/yesense_interface/share/yesense_interface/msg/GnssPos.idl
[5.868s] -- Up-to-date: /home/HwHiAiUser/wheeltec_ros2/install/yesense_interface/share/yesense_interface/msg/NavStatus.idl
[5.869s] -- Up-to-date: /home/HwHiAiUser/wheeltec_ros2/install/yesense_interface/share/yesense_interface/msg/Vel.idl
[5.870s] -- Up-to-date: /home/HwHiAiUser/wheeltec_ros2/install/yesense_interface/share/yesense_interface/msg/Utc.idl
[5.871s] -- Up-to-date: /home/HwHiAiUser/wheeltec_ros2/install/yesense_interface/share/yesense_interface/msg/SampleTimestamp.idl
[5.872s] -- Up-to-date: /home/HwHiAiUser/wheeltec_ros2/install/yesense_interface/share/yesense_interface/msg/ImuData.idl
[5.876s] -- Up-to-date: /home/HwHiAiUser/wheeltec_ros2/install/yesense_interface/share/yesense_interface/msg/ImuDataTenAxis.idl
[5.878s] -- Up-to-date: /home/HwHiAiUser/wheeltec_ros2/install/yesense_interface/share/yesense_interface/msg/EulerOnly.idl
[5.880s] -- Up-to-date: /home/HwHiAiUser/wheeltec_ros2/install/yesense_interface/share/yesense_interface/msg/RobotLord.idl
[5.883s] -- Up-to-date: /home/HwHiAiUser/wheeltec_ros2/install/yesense_interface/share/yesense_interface/msg/AttitudeMinVru.idl
[5.885s] -- Up-to-date: /home/HwHiAiUser/wheeltec_ros2/install/yesense_interface/share/yesense_interface/msg/AttitudeMinAhrs.idl
[5.888s] -- Up-to-date: /home/HwHiAiUser/wheeltec_ros2/install/yesense_interface/share/yesense_interface/msg/AttitudeAllData.idl
[5.894s] -- Up-to-date: /home/HwHiAiUser/wheeltec_ros2/install/yesense_interface/share/yesense_interface/msg/PosOnly.idl
[5.899s] -- Up-to-date: /home/HwHiAiUser/wheeltec_ros2/install/yesense_interface/share/yesense_interface/msg/NavMin.idl
[5.900s] -- Up-to-date: /home/HwHiAiUser/wheeltec_ros2/install/yesense_interface/share/yesense_interface/msg/NavMinUtc.idl
[5.900s] -- Up-to-date: /home/HwHiAiUser/wheeltec_ros2/install/yesense_interface/share/yesense_interface/msg/NavAll.idl
[5.904s] -- Up-to-date: /home/HwHiAiUser/wheeltec_ros2/install/yesense_interface/share/yesense_interface/msg/Tid.msg
[5.906s] -- Up-to-date: /home/HwHiAiUser/wheeltec_ros2/install/yesense_interface/share/yesense_interface/msg/ThreeAxis.msg
[5.912s] -- Up-to-date: /home/HwHiAiUser/wheeltec_ros2/install/yesense_interface/share/yesense_interface/msg/SensorTemp.msg
[5.916s] -- Up-to-date: /home/HwHiAiUser/wheeltec_ros2/install/yesense_interface/share/yesense_interface/msg/Pressure.msg
[5.917s] -- Up-to-date: /home/HwHiAiUser/wheeltec_ros2/install/yesense_interface/share/yesense_interface/msg/EulerAngle.msg
[5.919s] -- Up-to-date: /home/HwHiAiUser/wheeltec_ros2/install/yesense_interface/share/yesense_interface/msg/Quat.msg
[5.920s] -- Up-to-date: /home/HwHiAiUser/wheeltec_ros2/install/yesense_interface/share/yesense_interface/msg/GnssPos.msg
[5.923s] -- Up-to-date: /home/HwHiAiUser/wheeltec_ros2/install/yesense_interface/share/yesense_interface/msg/NavStatus.msg
[5.924s] -- Up-to-date: /home/HwHiAiUser/wheeltec_ros2/install/yesense_interface/share/yesense_interface/msg/Vel.msg
[5.928s] -- Up-to-date: /home/HwHiAiUser/wheeltec_ros2/install/yesense_interface/share/yesense_interface/msg/Utc.msg
[5.929s] -- Up-to-date: /home/HwHiAiUser/wheeltec_ros2/install/yesense_interface/share/yesense_interface/msg/SampleTimestamp.msg
[5.936s] -- Up-to-date: /home/HwHiAiUser/wheeltec_ros2/install/yesense_interface/share/yesense_interface/msg/ImuData.msg
[5.944s] -- Up-to-date: /home/HwHiAiUser/wheeltec_ros2/install/yesense_interface/share/yesense_interface/msg/ImuDataTenAxis.msg
[5.945s] -- Up-to-date: /home/HwHiAiUser/wheeltec_ros2/install/yesense_interface/share/yesense_interface/msg/EulerOnly.msg
[5.946s] -- Up-to-date: /home/HwHiAiUser/wheeltec_ros2/install/yesense_interface/share/yesense_interface/msg/RobotLord.msg
[5.947s] -- Up-to-date: /home/HwHiAiUser/wheeltec_ros2/install/yesense_interface/share/yesense_interface/msg/AttitudeMinVru.msg
[5.948s] -- Up-to-date: /home/HwHiAiUser/wheeltec_ros2/install/yesense_interface/share/yesense_interface/msg/AttitudeMinAhrs.msg
[5.950s] -- Up-to-date: /home/HwHiAiUser/wheeltec_ros2/install/yesense_interface/share/yesense_interface/msg/AttitudeAllData.msg
[5.951s] -- Up-to-date: /home/HwHiAiUser/wheeltec_ros2/install/yesense_interface/share/yesense_interface/msg/PosOnly.msg
[5.956s] -- Up-to-date: /home/HwHiAiUser/wheeltec_ros2/install/yesense_interface/share/yesense_interface/msg/NavMin.msg
[5.957s] -- Up-to-date: /home/HwHiAiUser/wheeltec_ros2/install/yesense_interface/share/yesense_interface/msg/NavMinUtc.msg
[5.959s] -- Up-to-date: /home/HwHiAiUser/wheeltec_ros2/install/yesense_interface/share/yesense_interface/msg/NavAll.msg
[5.988s] -- Up-to-date: /home/HwHiAiUser/wheeltec_ros2/install/yesense_interface/share/ament_index/resource_index/package_run_dependencies/yesense_interface
[5.989s] -- Up-to-date: /home/HwHiAiUser/wheeltec_ros2/install/yesense_interface/share/ament_index/resource_index/parent_prefix_path/yesense_interface
[5.990s] -- Up-to-date: /home/HwHiAiUser/wheeltec_ros2/install/yesense_interface/share/yesense_interface/environment/ament_prefix_path.sh
[5.990s] -- Up-to-date: /home/HwHiAiUser/wheeltec_ros2/install/yesense_interface/share/yesense_interface/environment/ament_prefix_path.dsv
[5.990s] -- Up-to-date: /home/HwHiAiUser/wheeltec_ros2/install/yesense_interface/share/yesense_interface/environment/path.sh
[5.990s] -- Up-to-date: /home/HwHiAiUser/wheeltec_ros2/install/yesense_interface/share/yesense_interface/environment/path.dsv
[5.991s] -- Up-to-date: /home/HwHiAiUser/wheeltec_ros2/install/yesense_interface/share/yesense_interface/local_setup.bash
[5.991s] -- Up-to-date: /home/HwHiAiUser/wheeltec_ros2/install/yesense_interface/share/yesense_interface/local_setup.sh
[5.991s] -- Up-to-date: /home/HwHiAiUser/wheeltec_ros2/install/yesense_interface/share/yesense_interface/local_setup.zsh
[5.991s] -- Up-to-date: /home/HwHiAiUser/wheeltec_ros2/install/yesense_interface/share/yesense_interface/local_setup.dsv
[5.992s] -- Installing: /home/HwHiAiUser/wheeltec_ros2/install/yesense_interface/share/yesense_interface/package.dsv
[5.994s] -- Up-to-date: /home/HwHiAiUser/wheeltec_ros2/install/yesense_interface/share/ament_index/resource_index/packages/yesense_interface
[5.995s] -- Up-to-date: /home/HwHiAiUser/wheeltec_ros2/install/yesense_interface/share/yesense_interface/cmake/export_yesense_interface__rosidl_generator_cExport.cmake
[5.997s] -- Up-to-date: /home/HwHiAiUser/wheeltec_ros2/install/yesense_interface/share/yesense_interface/cmake/export_yesense_interface__rosidl_generator_cExport-noconfig.cmake
[5.999s] -- Up-to-date: /home/HwHiAiUser/wheeltec_ros2/install/yesense_interface/share/yesense_interface/cmake/export_yesense_interface__rosidl_typesupport_fastrtps_cExport.cmake
[6.004s] -- Up-to-date: /home/HwHiAiUser/wheeltec_ros2/install/yesense_interface/share/yesense_interface/cmake/export_yesense_interface__rosidl_typesupport_fastrtps_cExport-noconfig.cmake
[6.006s] -- Up-to-date: /home/HwHiAiUser/wheeltec_ros2/install/yesense_interface/share/yesense_interface/cmake/yesense_interface__rosidl_typesupport_introspection_cExport.cmake
[6.007s] -- Up-to-date: /home/HwHiAiUser/wheeltec_ros2/install/yesense_interface/share/yesense_interface/cmake/yesense_interface__rosidl_typesupport_introspection_cExport-noconfig.cmake
[6.009s] -- Up-to-date: /home/HwHiAiUser/wheeltec_ros2/install/yesense_interface/share/yesense_interface/cmake/yesense_interface__rosidl_typesupport_cExport.cmake
[6.010s] -- Up-to-date: /home/HwHiAiUser/wheeltec_ros2/install/yesense_interface/share/yesense_interface/cmake/yesense_interface__rosidl_typesupport_cExport-noconfig.cmake
[6.016s] -- Up-to-date: /home/HwHiAiUser/wheeltec_ros2/install/yesense_interface/share/yesense_interface/cmake/export_yesense_interface__rosidl_generator_cppExport.cmake
[6.019s] -- Up-to-date: /home/HwHiAiUser/wheeltec_ros2/install/yesense_interface/share/yesense_interface/cmake/export_yesense_interface__rosidl_typesupport_fastrtps_cppExport.cmake
[6.021s] -- Up-to-date: /home/HwHiAiUser/wheeltec_ros2/install/yesense_interface/share/yesense_interface/cmake/export_yesense_interface__rosidl_typesupport_fastrtps_cppExport-noconfig.cmake
[6.023s] -- Up-to-date: /home/HwHiAiUser/wheeltec_ros2/install/yesense_interface/share/yesense_interface/cmake/yesense_interface__rosidl_typesupport_introspection_cppExport.cmake
[6.026s] -- Up-to-date: /home/HwHiAiUser/wheeltec_ros2/install/yesense_interface/share/yesense_interface/cmake/yesense_interface__rosidl_typesupport_introspection_cppExport-noconfig.cmake
[6.027s] -- Up-to-date: /home/HwHiAiUser/wheeltec_ros2/install/yesense_interface/share/yesense_interface/cmake/yesense_interface__rosidl_typesupport_cppExport.cmake
[6.036s] -- Up-to-date: /home/HwHiAiUser/wheeltec_ros2/install/yesense_interface/share/yesense_interface/cmake/yesense_interface__rosidl_typesupport_cppExport-noconfig.cmake
[6.039s] -- Up-to-date: /home/HwHiAiUser/wheeltec_ros2/install/yesense_interface/share/yesense_interface/cmake/export_yesense_interface__rosidl_generator_pyExport.cmake
[6.042s] -- Up-to-date: /home/HwHiAiUser/wheeltec_ros2/install/yesense_interface/share/yesense_interface/cmake/export_yesense_interface__rosidl_generator_pyExport-noconfig.cmake
[6.048s] -- Up-to-date: /home/HwHiAiUser/wheeltec_ros2/install/yesense_interface/share/yesense_interface/cmake/rosidl_cmake-extras.cmake
[6.050s] -- Up-to-date: /home/HwHiAiUser/wheeltec_ros2/install/yesense_interface/share/yesense_interface/cmake/ament_cmake_export_include_directories-extras.cmake
[6.051s] -- Up-to-date: /home/HwHiAiUser/wheeltec_ros2/install/yesense_interface/share/yesense_interface/cmake/ament_cmake_export_libraries-extras.cmake
[6.055s] -- Up-to-date: /home/HwHiAiUser/wheeltec_ros2/install/yesense_interface/share/yesense_interface/cmake/ament_cmake_export_targets-extras.cmake
[6.056s] -- Up-to-date: /home/HwHiAiUser/wheeltec_ros2/install/yesense_interface/share/yesense_interface/cmake/rosidl_cmake_export_typesupport_targets-extras.cmake
[6.059s] -- Up-to-date: /home/HwHiAiUser/wheeltec_ros2/install/yesense_interface/share/yesense_interface/cmake/ament_cmake_export_dependencies-extras.cmake
[6.060s] -- Up-to-date: /home/HwHiAiUser/wheeltec_ros2/install/yesense_interface/share/yesense_interface/cmake/rosidl_cmake_export_typesupport_libraries-extras.cmake
[6.060s] -- Up-to-date: /home/HwHiAiUser/wheeltec_ros2/install/yesense_interface/share/yesense_interface/cmake/yesense_interfaceConfig.cmake
[6.060s] -- Up-to-date: /home/HwHiAiUser/wheeltec_ros2/install/yesense_interface/share/yesense_interface/cmake/yesense_interfaceConfig-version.cmake
[6.070s] -- Up-to-date: /home/HwHiAiUser/wheeltec_ros2/install/yesense_interface/share/yesense_interface/package.xml
[7.666s] Invoked command in '/home/HwHiAiUser/wheeltec_ros2/build/yesense_interface' returned '0': CMAKE_PREFIX_PATH=${CMAKE_PREFIX_PATH}:/home/HwHiAiUser/wheeltec_ros2/install/wheeltec_robot_keyboard:/home/HwHiAiUser/wheeltec_ros2/install/wheeltec_gpio_control:/home/HwHiAiUser/wheeltec_ros2/install/tf2_tools:/opt/ros/humble _=/usr/bin/env /usr/bin/cmake --install /home/HwHiAiUser/wheeltec_ros2/build/yesense_interface
