[0.054s] Invoking command in '/home/HwHiAiUser/wheeltec_ros2/build/serial': CMAKE_PREFIX_PATH=/opt/ros/humble _=/usr/bin/env /usr/bin/cmake --build /home/HwHiAiUser/wheeltec_ros2/build/serial -- -j4 -l4
[0.185s] [35m[1mConsolidate compiler generated dependencies of target serial[0m
[0.231s] [100%] Built target serial
[0.269s] Invoked command in '/home/HwHiAiUser/wheeltec_ros2/build/serial' returned '0': CMAKE_PREFIX_PATH=/opt/ros/humble _=/usr/bin/env /usr/bin/cmake --build /home/HwHiAiUser/wheeltec_ros2/build/serial -- -j4 -l4
[0.313s] Invoking command in '/home/HwHiAiUser/wheeltec_ros2/build/serial': CMAKE_PREFIX_PATH=/opt/ros/humble _=/usr/bin/env /usr/bin/cmake --install /home/HwHiAiUser/wheeltec_ros2/build/serial
[0.339s] -- Install configuration: ""
[0.340s] -- Up-to-date: /home/HwHiAiUser/wheeltec_ros2/install/serial/lib/libserial.a
[0.341s] -- Up-to-date: /home/HwHiAiUser/wheeltec_ros2/install/serial/share/serial/environment/library_path.sh
[0.341s] -- Up-to-date: /home/HwHiAiUser/wheeltec_ros2/install/serial/share/serial/environment/library_path.dsv
[0.342s] -- Up-to-date: /home/HwHiAiUser/wheeltec_ros2/install/serial/include/serial
[0.343s] -- Up-to-date: /home/HwHiAiUser/wheeltec_ros2/install/serial/include/serial/impl
[0.343s] -- Up-to-date: /home/HwHiAiUser/wheeltec_ros2/install/serial/include/serial/impl/unix.h
[0.344s] -- Up-to-date: /home/HwHiAiUser/wheeltec_ros2/install/serial/include/serial/impl/win.h
[0.344s] -- Up-to-date: /home/HwHiAiUser/wheeltec_ros2/install/serial/include/serial/serial.h
[0.345s] -- Up-to-date: /home/HwHiAiUser/wheeltec_ros2/install/serial/include/serial/v8stdint.h
[0.346s] -- Up-to-date: /home/HwHiAiUser/wheeltec_ros2/install/serial/share/ament_index/resource_index/package_run_dependencies/serial
[0.346s] -- Up-to-date: /home/HwHiAiUser/wheeltec_ros2/install/serial/share/ament_index/resource_index/parent_prefix_path/serial
[0.347s] -- Up-to-date: /home/HwHiAiUser/wheeltec_ros2/install/serial/share/serial/environment/ament_prefix_path.sh
[0.347s] -- Up-to-date: /home/HwHiAiUser/wheeltec_ros2/install/serial/share/serial/environment/ament_prefix_path.dsv
[0.348s] -- Up-to-date: /home/HwHiAiUser/wheeltec_ros2/install/serial/share/serial/environment/path.sh
[0.349s] -- Up-to-date: /home/HwHiAiUser/wheeltec_ros2/install/serial/share/serial/environment/path.dsv
[0.349s] -- Up-to-date: /home/HwHiAiUser/wheeltec_ros2/install/serial/share/serial/local_setup.bash
[0.350s] -- Up-to-date: /home/HwHiAiUser/wheeltec_ros2/install/serial/share/serial/local_setup.sh
[0.351s] -- Up-to-date: /home/HwHiAiUser/wheeltec_ros2/install/serial/share/serial/local_setup.zsh
[0.352s] -- Up-to-date: /home/HwHiAiUser/wheeltec_ros2/install/serial/share/serial/local_setup.dsv
[0.352s] -- Installing: /home/HwHiAiUser/wheeltec_ros2/install/serial/share/serial/package.dsv
[0.354s] -- Up-to-date: /home/HwHiAiUser/wheeltec_ros2/install/serial/share/ament_index/resource_index/packages/serial
[0.355s] -- Up-to-date: /home/HwHiAiUser/wheeltec_ros2/install/serial/share/serial/cmake/ament_cmake_export_include_directories-extras.cmake
[0.356s] -- Up-to-date: /home/HwHiAiUser/wheeltec_ros2/install/serial/share/serial/cmake/ament_cmake_export_libraries-extras.cmake
[0.357s] -- Up-to-date: /home/HwHiAiUser/wheeltec_ros2/install/serial/share/serial/cmake/ament_cmake_export_dependencies-extras.cmake
[0.358s] -- Up-to-date: /home/HwHiAiUser/wheeltec_ros2/install/serial/share/serial/cmake/serialConfig.cmake
[0.359s] -- Up-to-date: /home/HwHiAiUser/wheeltec_ros2/install/serial/share/serial/cmake/serialConfig-version.cmake
[0.359s] -- Up-to-date: /home/HwHiAiUser/wheeltec_ros2/install/serial/share/serial/package.xml
[0.370s] Invoked command in '/home/HwHiAiUser/wheeltec_ros2/build/serial' returned '0': CMAKE_PREFIX_PATH=/opt/ros/humble _=/usr/bin/env /usr/bin/cmake --install /home/HwHiAiUser/wheeltec_ros2/build/serial
