[0.041s] Invoking command in '/home/HwHiAiUser/wheeltec_ros2/build/lslidar_driver': AMENT_PREFIX_PATH=/home/HwHiAiUser/wheeltec_ros2/install/lslidar_msgs:${AMENT_PREFIX_PATH} CMAKE_PREFIX_PATH=/home/HwHiAiUser/wheeltec_ros2/install/lslidar_msgs:/opt/ros/humble LD_LIBRARY_PATH=/home/HwHiAiUser/wheeltec_ros2/install/lslidar_msgs/lib:/usr/local/Ascend/ascend-toolkit/latest/tools/aml/lib64:/usr/local/Ascend/ascend-toolkit/latest/tools/aml/lib64/plugin:/usr/local/Ascend/ascend-toolkit/latest/lib64:/usr/local/Ascend/ascend-toolkit/latest/lib64/plugin/opskernel:/usr/local/Ascend/ascend-toolkit/latest/lib64/plugin/nnengine:/usr/local/Ascend/ascend-toolkit/latest/opp/built-in/op_impl/ai_core/tbe/op_tiling/lib/linux/aarch64:/lib64:/var/davinci/driver/lib64:/var/davinci/driver/lib64/common:/var/davinci/driver/lib64/driver:/opt/ros/humble/opt/rviz_ogre_vendor/lib:/opt/ros/humble/lib/aarch64-linux-gnu:/opt/ros/humble/lib:/usr/local/Ascend/ascend-toolkit/latest/tools/aml/lib64:/usr/local/Ascend/ascend-toolkit/latest/tools/aml/lib64/plugin:/usr/local/Ascend/ascend-toolkit/latest/lib64:/usr/local/Ascend/ascend-toolkit/latest/lib64/plugin/opskernel:/usr/local/Ascend/ascend-toolkit/latest/lib64/plugin/nnengine:/usr/local/Ascend/ascend-toolkit/latest/opp/built-in/op_impl/ai_core/tbe/op_tiling/lib/linux/aarch64:/lib64:/var/davinci/driver/lib64:/var/davinci/driver/lib64/common:/var/davinci/driver/lib64/driver:/usr/local/Ascend/ascend-toolkit/laster/runtime/lib64/stub/aarch64:/usr/local/Ascend/ascend-toolkit/laster/lib64:/usr/local/Ascend/ascend-toolkit/laster/lib64/plugin/opskernel:/usr/local/Ascend/ascend-toolkit/laster/lib64/plugin/nnengine:/usr/local/Ascend/ascend-toolkit/laster/opp/built-in/op_impl/ai_core/tbe/op_tiling:/usr/local/Ascend/driver/lib64:/var/davinci/driver/lib64:/var/davinci/driver/lib64/common:/var/davinci/driver/lib64/driver:/usr/local/Ascend/ascend-toolkit/laster/runtime/lib64/stub/aarch64:/usr/local/Ascend/ascend-toolkit/laster/lib64:/usr/local/Ascend/ascend-toolkit/laster/lib64/plugin/opskernel:/usr/local/Ascend/ascend-toolkit/laster/lib64/plugin/nnengine:/usr/local/Ascend/ascend-toolkit/laster/opp/built-in/op_impl/ai_core/tbe/op_tiling:/usr/local/Ascend/driver/lib64:/var/davinci/driver/lib64:/var/davinci/driver/lib64/common:/var/davinci/driver/lib64/driver PYTHONPATH=/home/HwHiAiUser/wheeltec_ros2/install/lslidar_msgs/local/lib/python3.10/dist-packages:${PYTHONPATH} _=/usr/bin/env /usr/bin/cmake /home/HwHiAiUser/wheeltec_ros2/src/wheeltec_lidar_ros2/LSlidar/lslidar_driver -DCMAKE_INSTALL_PREFIX=/home/HwHiAiUser/wheeltec_ros2/install/lslidar_driver
[0.251s] -- The C compiler identification is GNU 11.4.0
[0.464s] -- The CXX compiler identification is GNU 11.4.0
[0.487s] -- Detecting C compiler ABI info
[0.733s] -- Detecting C compiler ABI info - done
[0.771s] -- Check for working C compiler: /usr/bin/cc - skipped
[0.772s] -- Detecting C compile features
[0.773s] -- Detecting C compile features - done
[0.789s] -- Detecting CXX compiler ABI info
[1.113s] -- Detecting CXX compiler ABI info - done
[1.160s] -- Check for working CXX compiler: /usr/bin/c++ - skipped
[1.161s] -- Detecting CXX compile features
[1.162s] -- Detecting CXX compile features - done
[1.795s] -- Found Boost: /usr/lib/aarch64-linux-gnu/cmake/Boost-1.74.0/BoostConfig.cmake (found version "1.74.0") found components: thread 
[1.807s] -- Found rclcpp: 16.0.15 (/opt/ros/humble/share/rclcpp/cmake)
[2.551s] -- Found Python3: /usr/bin/python3 (found version "3.10.12") found components: Interpreter 
[3.084s] -- Found rosidl_generator_c: 3.1.7 (/opt/ros/humble/share/rosidl_generator_c/cmake)
[3.100s] -- Found rosidl_adapter: 3.1.7 (/opt/ros/humble/share/rosidl_adapter/cmake)
[3.122s] -- Found rosidl_generator_cpp: 3.1.7 (/opt/ros/humble/share/rosidl_generator_cpp/cmake)
[3.161s] -- Using all available rosidl_typesupport_c: rosidl_typesupport_fastrtps_c;rosidl_typesupport_introspection_c
[3.207s] -- Using all available rosidl_typesupport_cpp: rosidl_typesupport_fastrtps_cpp;rosidl_typesupport_introspection_cpp
[3.339s] -- Found rmw_implementation_cmake: 6.1.2 (/opt/ros/humble/share/rmw_implementation_cmake/cmake)
[3.345s] -- Found rmw_fastrtps_cpp: 6.2.9 (/opt/ros/humble/share/rmw_fastrtps_cpp/cmake)
[3.612s] -- Found OpenSSL: /usr/lib/aarch64-linux-gnu/libcrypto.so (found version "3.0.2")  
[3.698s] -- Found FastRTPS: /opt/ros/humble/include  
[3.835s] -- Using RMW implementation 'rmw_fastrtps_cpp' as default
[3.867s] -- Found Threads: TRUE  
[4.070s] -- Checking for module 'eigen3'
[4.111s] --   Found eigen3, version 3.4.0
[4.298s] -- Found Eigen: /usr/include/eigen3 (Required is at least version "3.1") 
[4.299s] -- Eigen found (include: /usr/include/eigen3, version: 3.4.0)
[4.348s] -- Found Boost: /usr/lib/aarch64-linux-gnu/cmake/Boost-1.74.0/BoostConfig.cmake (found suitable version "1.74.0", minimum required is "1.65.0") found components: system filesystem date_time iostreams serialization 
[4.388s] -- Checking for module 'flann'
[4.430s] --   Found flann, version 1.9.1
[4.589s] -- Found FLANN: /usr/lib/aarch64-linux-gnu/libflann_cpp.so  
[4.589s] -- FLANN found (include: /usr/include, lib: /usr/lib/aarch64-linux-gnu/libflann_cpp.so)
[4.695s] -- Found GLEW: /usr/lib/aarch64-linux-gnu/libGLEW.so  
[4.712s] -- Found OpenGL: /usr/lib/aarch64-linux-gnu/libOpenGL.so  found components: OpenGL GLX 
[5.265s] -- Found MPI_C: /usr/lib/aarch64-linux-gnu/libmpi.so (found version "3.1") 
[5.266s] -- Found MPI: TRUE (found version "3.1") found components: C 
[5.273s] -- Found JsonCpp: /usr/lib/aarch64-linux-gnu/libjsoncpp.so (found suitable version "1.9.5", minimum required is "0.7.0") 
[5.297s] -- Found ZLIB: /usr/lib/aarch64-linux-gnu/libz.so (found version "1.2.11") 
[5.343s] -- Found PNG: /usr/lib/aarch64-linux-gnu/libpng.so (found version "1.6.37") 
[5.380s] -- Found Eigen3: /usr/include/eigen3 (found version "3.4.0") 
[5.737s] -- Found X11: /usr/include   
[5.737s] -- Looking for XOpenDisplay in /usr/lib/aarch64-linux-gnu/libX11.so;/usr/lib/aarch64-linux-gnu/libXext.so
[6.104s] -- Looking for XOpenDisplay in /usr/lib/aarch64-linux-gnu/libX11.so;/usr/lib/aarch64-linux-gnu/libXext.so - found
[6.104s] -- Looking for gethostbyname
[6.505s] -- Looking for gethostbyname - found
[6.505s] -- Looking for connect
[6.812s] -- Looking for connect - found
[6.819s] -- Looking for remove
[7.124s] -- Looking for remove - found
[7.125s] -- Looking for shmat
[7.515s] -- Looking for shmat - found
[7.516s] -- Looking for IceConnectionNumber in ICE
[7.854s] -- Looking for IceConnectionNumber in ICE - found
[8.133s] -- Found EXPAT: /usr/lib/aarch64-linux-gnu/libexpat.so (found version "2.4.7") 
[8.140s] -- Found double-conversion: /usr/lib/aarch64-linux-gnu/libdouble-conversion.so  
[8.147s] -- Found LZ4: /usr/lib/aarch64-linux-gnu/liblz4.so (found version "1.9.3") 
[8.153s] -- Found LZMA: /usr/lib/aarch64-linux-gnu/liblzma.so (found version "5.2.5") 
[8.190s] -- Found JPEG: /usr/lib/aarch64-linux-gnu/libjpeg.so (found version "80") 
[8.209s] -- Found TIFF: /usr/lib/aarch64-linux-gnu/libtiff.so (found version "4.3.0")  
[8.220s] -- Found Freetype: /usr/lib/aarch64-linux-gnu/libfreetype.so (found version "2.11.1") 
[8.235s] -- Found utf8cpp: /usr/include/utf8cpp  
[8.450s] -- Checking for module 'libusb-1.0'
[8.493s] --   Found libusb-1.0, version 1.0.25
[8.617s] -- Found libusb: /usr/lib/aarch64-linux-gnu/libusb-1.0.so  
[8.623s] -- Found OpenNI: /usr/lib/libOpenNI.so;libusb::libusb (found version "1.5.4.0") 
[8.624s] -- OpenNI found (version: 1.5.4.0, include: /usr/include/ni, lib: /usr/lib/libOpenNI.so;libusb::libusb)
[8.850s] -- Found OpenNI2: /usr/lib/aarch64-linux-gnu/libOpenNI2.so;libusb::libusb (found version "2.2.0.33") 
[8.853s] -- OpenNI2 found (version: 2.2.0.33, include: /usr/include/openni2, lib: /usr/lib/aarch64-linux-gnu/libOpenNI2.so;libusb::libusb)
[8.855s] [0m** WARNING ** io features related to pcap will be disabled[0m
[9.350s] -- Eigen found (include: /usr/include/eigen3, version: 3.4.0)
[9.370s] -- OpenNI found (version: 1.5.4.0, include: /usr/include/ni, lib: /usr/lib/libOpenNI.so;libusb::libusb)
[9.393s] -- OpenNI2 found (version: 2.2.0.33, include: /usr/include/openni2, lib: /usr/lib/aarch64-linux-gnu/libOpenNI2.so;libusb::libusb)
[9.867s] -- Found Qhull version 8.0.2
[10.338s] -- OpenNI found (version: 1.5.4.0, include: /usr/include/ni, lib: /usr/lib/libOpenNI.so;libusb::libusb)
[10.776s] -- looking for PCL_COMMON
[10.783s] -- Found PCL_COMMON: /usr/lib/aarch64-linux-gnu/libpcl_common.so  
[10.784s] -- looking for PCL_KDTREE
[10.789s] -- Found PCL_KDTREE: /usr/lib/aarch64-linux-gnu/libpcl_kdtree.so  
[10.791s] -- looking for PCL_OCTREE
[10.795s] -- Found PCL_OCTREE: /usr/lib/aarch64-linux-gnu/libpcl_octree.so  
[10.796s] -- looking for PCL_SEARCH
[10.800s] -- Found PCL_SEARCH: /usr/lib/aarch64-linux-gnu/libpcl_search.so  
[10.802s] -- looking for PCL_SAMPLE_CONSENSUS
[10.806s] -- Found PCL_SAMPLE_CONSENSUS: /usr/lib/aarch64-linux-gnu/libpcl_sample_consensus.so  
[10.807s] -- looking for PCL_FILTERS
[10.811s] -- Found PCL_FILTERS: /usr/lib/aarch64-linux-gnu/libpcl_filters.so  
[10.812s] -- looking for PCL_2D
[10.814s] -- Found PCL_2D: /usr/include/pcl-1.12  
[10.815s] -- looking for PCL_GEOMETRY
[10.817s] -- Found PCL_GEOMETRY: /usr/include/pcl-1.12  
[10.818s] -- looking for PCL_IO
[10.822s] -- Found PCL_IO: /usr/lib/aarch64-linux-gnu/libpcl_io.so  
[10.824s] -- looking for PCL_FEATURES
[10.827s] -- Found PCL_FEATURES: /usr/lib/aarch64-linux-gnu/libpcl_features.so  
[10.829s] -- looking for PCL_ML
[10.833s] -- Found PCL_ML: /usr/lib/aarch64-linux-gnu/libpcl_ml.so  
[10.834s] -- looking for PCL_SEGMENTATION
[10.838s] -- Found PCL_SEGMENTATION: /usr/lib/aarch64-linux-gnu/libpcl_segmentation.so  
[10.840s] -- looking for PCL_VISUALIZATION
[10.844s] -- Found PCL_VISUALIZATION: /usr/lib/aarch64-linux-gnu/libpcl_visualization.so  
[10.845s] -- looking for PCL_SURFACE
[10.849s] -- Found PCL_SURFACE: /usr/lib/aarch64-linux-gnu/libpcl_surface.so  
[10.850s] -- looking for PCL_REGISTRATION
[10.855s] -- Found PCL_REGISTRATION: /usr/lib/aarch64-linux-gnu/libpcl_registration.so  
[10.857s] -- looking for PCL_KEYPOINTS
[10.861s] -- Found PCL_KEYPOINTS: /usr/lib/aarch64-linux-gnu/libpcl_keypoints.so  
[10.863s] -- looking for PCL_TRACKING
[10.868s] -- Found PCL_TRACKING: /usr/lib/aarch64-linux-gnu/libpcl_tracking.so  
[10.870s] -- looking for PCL_RECOGNITION
[10.874s] -- Found PCL_RECOGNITION: /usr/lib/aarch64-linux-gnu/libpcl_recognition.so  
[10.877s] -- looking for PCL_STEREO
[10.883s] -- Found PCL_STEREO: /usr/lib/aarch64-linux-gnu/libpcl_stereo.so  
[10.885s] -- looking for PCL_APPS
[10.889s] -- Found PCL_APPS: /usr/lib/aarch64-linux-gnu/libpcl_apps.so  
[10.893s] -- looking for PCL_IN_HAND_SCANNER
[10.895s] -- Found PCL_IN_HAND_SCANNER: /usr/include/pcl-1.12  
[10.896s] -- looking for PCL_MODELER
[10.898s] -- Found PCL_MODELER: /usr/include/pcl-1.12  
[10.899s] -- looking for PCL_POINT_CLOUD_EDITOR
[10.901s] -- Found PCL_POINT_CLOUD_EDITOR: /usr/include/pcl-1.12  
[10.903s] -- looking for PCL_OUTOFCORE
[10.907s] -- Found PCL_OUTOFCORE: /usr/lib/aarch64-linux-gnu/libpcl_outofcore.so  
[10.909s] -- looking for PCL_PEOPLE
[10.913s] -- Found PCL_PEOPLE: /usr/lib/aarch64-linux-gnu/libpcl_people.so  
[10.917s] -- Found PCL: pcl_common;pcl_kdtree;pcl_octree;pcl_search;pcl_sample_consensus;pcl_filters;pcl_io;pcl_features;pcl_ml;pcl_segmentation;pcl_visualization;pcl_surface;pcl_registration;pcl_keypoints;pcl_tracking;pcl_recognition;pcl_stereo;pcl_apps;pcl_outofcore;pcl_people;Boost::system;Boost::filesystem;Boost::date_time;Boost::iostreams;Boost::serialization;/usr/lib/libOpenNI.so;libusb::libusb;/usr/lib/aarch64-linux-gnu/libOpenNI2.so;libusb::libusb;VTK::ChartsCore;VTK::CommonColor;VTK::CommonComputationalGeometry;VTK::CommonCore;VTK::CommonDataModel;VTK::CommonExecutionModel;VTK::CommonMath;VTK::CommonMisc;VTK::CommonTransforms;VTK::FiltersCore;VTK::FiltersExtraction;VTK::FiltersGeneral;VTK::FiltersGeometry;VTK::FiltersModeling;VTK::FiltersSources;VTK::ImagingCore;VTK::ImagingSources;VTK::InteractionImage;VTK::InteractionStyle;VTK::InteractionWidgets;VTK::IOCore;VTK::IOGeometry;VTK::IOImage;VTK::IOLegacy;VTK::IOPLY;VTK::RenderingAnnotation;VTK::RenderingCore;VTK::RenderingContext2D;VTK::RenderingLOD;VTK::RenderingFreeType;VTK::ViewsCore;VTK::ViewsContext2D;VTK::RenderingOpenGL2;VTK::GUISupportQt;FLANN::FLANN;QHULL::QHULL  
[10.922s] -- Found diagnostic_updater: 4.0.6 (/opt/ros/humble/share/diagnostic_updater/cmake)
[10.981s] -- Found lslidar_msgs: 1.2.0 (/home/HwHiAiUser/wheeltec_ros2/install/lslidar_msgs/share/lslidar_msgs/cmake)
[11.028s] -- Found pluginlib: 5.1.2 (/opt/ros/humble/share/pluginlib/cmake)
[11.095s] -- Found pcl_conversions: 2.4.5 (/opt/ros/humble/share/pcl_conversions/cmake)
[11.593s] -- Configuring done
[11.757s] -- Generating done
[11.800s] -- Build files have been written to: /home/HwHiAiUser/wheeltec_ros2/build/lslidar_driver
[11.891s] Invoked command in '/home/HwHiAiUser/wheeltec_ros2/build/lslidar_driver' returned '0': AMENT_PREFIX_PATH=/home/HwHiAiUser/wheeltec_ros2/install/lslidar_msgs:${AMENT_PREFIX_PATH} CMAKE_PREFIX_PATH=/home/HwHiAiUser/wheeltec_ros2/install/lslidar_msgs:/opt/ros/humble LD_LIBRARY_PATH=/home/HwHiAiUser/wheeltec_ros2/install/lslidar_msgs/lib:/usr/local/Ascend/ascend-toolkit/latest/tools/aml/lib64:/usr/local/Ascend/ascend-toolkit/latest/tools/aml/lib64/plugin:/usr/local/Ascend/ascend-toolkit/latest/lib64:/usr/local/Ascend/ascend-toolkit/latest/lib64/plugin/opskernel:/usr/local/Ascend/ascend-toolkit/latest/lib64/plugin/nnengine:/usr/local/Ascend/ascend-toolkit/latest/opp/built-in/op_impl/ai_core/tbe/op_tiling/lib/linux/aarch64:/lib64:/var/davinci/driver/lib64:/var/davinci/driver/lib64/common:/var/davinci/driver/lib64/driver:/opt/ros/humble/opt/rviz_ogre_vendor/lib:/opt/ros/humble/lib/aarch64-linux-gnu:/opt/ros/humble/lib:/usr/local/Ascend/ascend-toolkit/latest/tools/aml/lib64:/usr/local/Ascend/ascend-toolkit/latest/tools/aml/lib64/plugin:/usr/local/Ascend/ascend-toolkit/latest/lib64:/usr/local/Ascend/ascend-toolkit/latest/lib64/plugin/opskernel:/usr/local/Ascend/ascend-toolkit/latest/lib64/plugin/nnengine:/usr/local/Ascend/ascend-toolkit/latest/opp/built-in/op_impl/ai_core/tbe/op_tiling/lib/linux/aarch64:/lib64:/var/davinci/driver/lib64:/var/davinci/driver/lib64/common:/var/davinci/driver/lib64/driver:/usr/local/Ascend/ascend-toolkit/laster/runtime/lib64/stub/aarch64:/usr/local/Ascend/ascend-toolkit/laster/lib64:/usr/local/Ascend/ascend-toolkit/laster/lib64/plugin/opskernel:/usr/local/Ascend/ascend-toolkit/laster/lib64/plugin/nnengine:/usr/local/Ascend/ascend-toolkit/laster/opp/built-in/op_impl/ai_core/tbe/op_tiling:/usr/local/Ascend/driver/lib64:/var/davinci/driver/lib64:/var/davinci/driver/lib64/common:/var/davinci/driver/lib64/driver:/usr/local/Ascend/ascend-toolkit/laster/runtime/lib64/stub/aarch64:/usr/local/Ascend/ascend-toolkit/laster/lib64:/usr/local/Ascend/ascend-toolkit/laster/lib64/plugin/opskernel:/usr/local/Ascend/ascend-toolkit/laster/lib64/plugin/nnengine:/usr/local/Ascend/ascend-toolkit/laster/opp/built-in/op_impl/ai_core/tbe/op_tiling:/usr/local/Ascend/driver/lib64:/var/davinci/driver/lib64:/var/davinci/driver/lib64/common:/var/davinci/driver/lib64/driver PYTHONPATH=/home/HwHiAiUser/wheeltec_ros2/install/lslidar_msgs/local/lib/python3.10/dist-packages:${PYTHONPATH} _=/usr/bin/env /usr/bin/cmake /home/HwHiAiUser/wheeltec_ros2/src/wheeltec_lidar_ros2/LSlidar/lslidar_driver -DCMAKE_INSTALL_PREFIX=/home/HwHiAiUser/wheeltec_ros2/install/lslidar_driver
[11.897s] Invoking command in '/home/HwHiAiUser/wheeltec_ros2/build/lslidar_driver': AMENT_PREFIX_PATH=/home/HwHiAiUser/wheeltec_ros2/install/lslidar_msgs:${AMENT_PREFIX_PATH} CMAKE_PREFIX_PATH=/home/HwHiAiUser/wheeltec_ros2/install/lslidar_msgs:/opt/ros/humble LD_LIBRARY_PATH=/home/HwHiAiUser/wheeltec_ros2/install/lslidar_msgs/lib:/usr/local/Ascend/ascend-toolkit/latest/tools/aml/lib64:/usr/local/Ascend/ascend-toolkit/latest/tools/aml/lib64/plugin:/usr/local/Ascend/ascend-toolkit/latest/lib64:/usr/local/Ascend/ascend-toolkit/latest/lib64/plugin/opskernel:/usr/local/Ascend/ascend-toolkit/latest/lib64/plugin/nnengine:/usr/local/Ascend/ascend-toolkit/latest/opp/built-in/op_impl/ai_core/tbe/op_tiling/lib/linux/aarch64:/lib64:/var/davinci/driver/lib64:/var/davinci/driver/lib64/common:/var/davinci/driver/lib64/driver:/opt/ros/humble/opt/rviz_ogre_vendor/lib:/opt/ros/humble/lib/aarch64-linux-gnu:/opt/ros/humble/lib:/usr/local/Ascend/ascend-toolkit/latest/tools/aml/lib64:/usr/local/Ascend/ascend-toolkit/latest/tools/aml/lib64/plugin:/usr/local/Ascend/ascend-toolkit/latest/lib64:/usr/local/Ascend/ascend-toolkit/latest/lib64/plugin/opskernel:/usr/local/Ascend/ascend-toolkit/latest/lib64/plugin/nnengine:/usr/local/Ascend/ascend-toolkit/latest/opp/built-in/op_impl/ai_core/tbe/op_tiling/lib/linux/aarch64:/lib64:/var/davinci/driver/lib64:/var/davinci/driver/lib64/common:/var/davinci/driver/lib64/driver:/usr/local/Ascend/ascend-toolkit/laster/runtime/lib64/stub/aarch64:/usr/local/Ascend/ascend-toolkit/laster/lib64:/usr/local/Ascend/ascend-toolkit/laster/lib64/plugin/opskernel:/usr/local/Ascend/ascend-toolkit/laster/lib64/plugin/nnengine:/usr/local/Ascend/ascend-toolkit/laster/opp/built-in/op_impl/ai_core/tbe/op_tiling:/usr/local/Ascend/driver/lib64:/var/davinci/driver/lib64:/var/davinci/driver/lib64/common:/var/davinci/driver/lib64/driver:/usr/local/Ascend/ascend-toolkit/laster/runtime/lib64/stub/aarch64:/usr/local/Ascend/ascend-toolkit/laster/lib64:/usr/local/Ascend/ascend-toolkit/laster/lib64/plugin/opskernel:/usr/local/Ascend/ascend-toolkit/laster/lib64/plugin/nnengine:/usr/local/Ascend/ascend-toolkit/laster/opp/built-in/op_impl/ai_core/tbe/op_tiling:/usr/local/Ascend/driver/lib64:/var/davinci/driver/lib64:/var/davinci/driver/lib64/common:/var/davinci/driver/lib64/driver PYTHONPATH=/home/HwHiAiUser/wheeltec_ros2/install/lslidar_msgs/local/lib/python3.10/dist-packages:${PYTHONPATH} _=/usr/bin/env /usr/bin/cmake --build /home/HwHiAiUser/wheeltec_ros2/build/lslidar_driver -- -j4 -l4
[12.071s] [ 20%] [32mBuilding CXX object CMakeFiles/lslidar_driver_node.dir/src/lslidar_driver_node.cc.o[0m
[47.929s] [ 40%] [32mBuilding CXX object CMakeFiles/lslidar_driver_node.dir/src/lsiosr.cpp.o[0m
[49.320s] [ 60%] [32mBuilding CXX object CMakeFiles/lslidar_driver_node.dir/src/input.cc.o[0m
[62.372s] [ 80%] [32mBuilding CXX object CMakeFiles/lslidar_driver_node.dir/src/lslidar_driver.cc.o[0m
[133.528s] [100%] [32m[1mLinking CXX executable lslidar_driver_node[0m
[147.289s] [100%] Built target lslidar_driver_node
[147.344s] Invoked command in '/home/HwHiAiUser/wheeltec_ros2/build/lslidar_driver' returned '0': AMENT_PREFIX_PATH=/home/HwHiAiUser/wheeltec_ros2/install/lslidar_msgs:${AMENT_PREFIX_PATH} CMAKE_PREFIX_PATH=/home/HwHiAiUser/wheeltec_ros2/install/lslidar_msgs:/opt/ros/humble LD_LIBRARY_PATH=/home/HwHiAiUser/wheeltec_ros2/install/lslidar_msgs/lib:/usr/local/Ascend/ascend-toolkit/latest/tools/aml/lib64:/usr/local/Ascend/ascend-toolkit/latest/tools/aml/lib64/plugin:/usr/local/Ascend/ascend-toolkit/latest/lib64:/usr/local/Ascend/ascend-toolkit/latest/lib64/plugin/opskernel:/usr/local/Ascend/ascend-toolkit/latest/lib64/plugin/nnengine:/usr/local/Ascend/ascend-toolkit/latest/opp/built-in/op_impl/ai_core/tbe/op_tiling/lib/linux/aarch64:/lib64:/var/davinci/driver/lib64:/var/davinci/driver/lib64/common:/var/davinci/driver/lib64/driver:/opt/ros/humble/opt/rviz_ogre_vendor/lib:/opt/ros/humble/lib/aarch64-linux-gnu:/opt/ros/humble/lib:/usr/local/Ascend/ascend-toolkit/latest/tools/aml/lib64:/usr/local/Ascend/ascend-toolkit/latest/tools/aml/lib64/plugin:/usr/local/Ascend/ascend-toolkit/latest/lib64:/usr/local/Ascend/ascend-toolkit/latest/lib64/plugin/opskernel:/usr/local/Ascend/ascend-toolkit/latest/lib64/plugin/nnengine:/usr/local/Ascend/ascend-toolkit/latest/opp/built-in/op_impl/ai_core/tbe/op_tiling/lib/linux/aarch64:/lib64:/var/davinci/driver/lib64:/var/davinci/driver/lib64/common:/var/davinci/driver/lib64/driver:/usr/local/Ascend/ascend-toolkit/laster/runtime/lib64/stub/aarch64:/usr/local/Ascend/ascend-toolkit/laster/lib64:/usr/local/Ascend/ascend-toolkit/laster/lib64/plugin/opskernel:/usr/local/Ascend/ascend-toolkit/laster/lib64/plugin/nnengine:/usr/local/Ascend/ascend-toolkit/laster/opp/built-in/op_impl/ai_core/tbe/op_tiling:/usr/local/Ascend/driver/lib64:/var/davinci/driver/lib64:/var/davinci/driver/lib64/common:/var/davinci/driver/lib64/driver:/usr/local/Ascend/ascend-toolkit/laster/runtime/lib64/stub/aarch64:/usr/local/Ascend/ascend-toolkit/laster/lib64:/usr/local/Ascend/ascend-toolkit/laster/lib64/plugin/opskernel:/usr/local/Ascend/ascend-toolkit/laster/lib64/plugin/nnengine:/usr/local/Ascend/ascend-toolkit/laster/opp/built-in/op_impl/ai_core/tbe/op_tiling:/usr/local/Ascend/driver/lib64:/var/davinci/driver/lib64:/var/davinci/driver/lib64/common:/var/davinci/driver/lib64/driver PYTHONPATH=/home/HwHiAiUser/wheeltec_ros2/install/lslidar_msgs/local/lib/python3.10/dist-packages:${PYTHONPATH} _=/usr/bin/env /usr/bin/cmake --build /home/HwHiAiUser/wheeltec_ros2/build/lslidar_driver -- -j4 -l4
[147.354s] Invoking command in '/home/HwHiAiUser/wheeltec_ros2/build/lslidar_driver': AMENT_PREFIX_PATH=/home/HwHiAiUser/wheeltec_ros2/install/lslidar_msgs:${AMENT_PREFIX_PATH} CMAKE_PREFIX_PATH=/home/HwHiAiUser/wheeltec_ros2/install/lslidar_msgs:/opt/ros/humble LD_LIBRARY_PATH=/home/HwHiAiUser/wheeltec_ros2/install/lslidar_msgs/lib:/usr/local/Ascend/ascend-toolkit/latest/tools/aml/lib64:/usr/local/Ascend/ascend-toolkit/latest/tools/aml/lib64/plugin:/usr/local/Ascend/ascend-toolkit/latest/lib64:/usr/local/Ascend/ascend-toolkit/latest/lib64/plugin/opskernel:/usr/local/Ascend/ascend-toolkit/latest/lib64/plugin/nnengine:/usr/local/Ascend/ascend-toolkit/latest/opp/built-in/op_impl/ai_core/tbe/op_tiling/lib/linux/aarch64:/lib64:/var/davinci/driver/lib64:/var/davinci/driver/lib64/common:/var/davinci/driver/lib64/driver:/opt/ros/humble/opt/rviz_ogre_vendor/lib:/opt/ros/humble/lib/aarch64-linux-gnu:/opt/ros/humble/lib:/usr/local/Ascend/ascend-toolkit/latest/tools/aml/lib64:/usr/local/Ascend/ascend-toolkit/latest/tools/aml/lib64/plugin:/usr/local/Ascend/ascend-toolkit/latest/lib64:/usr/local/Ascend/ascend-toolkit/latest/lib64/plugin/opskernel:/usr/local/Ascend/ascend-toolkit/latest/lib64/plugin/nnengine:/usr/local/Ascend/ascend-toolkit/latest/opp/built-in/op_impl/ai_core/tbe/op_tiling/lib/linux/aarch64:/lib64:/var/davinci/driver/lib64:/var/davinci/driver/lib64/common:/var/davinci/driver/lib64/driver:/usr/local/Ascend/ascend-toolkit/laster/runtime/lib64/stub/aarch64:/usr/local/Ascend/ascend-toolkit/laster/lib64:/usr/local/Ascend/ascend-toolkit/laster/lib64/plugin/opskernel:/usr/local/Ascend/ascend-toolkit/laster/lib64/plugin/nnengine:/usr/local/Ascend/ascend-toolkit/laster/opp/built-in/op_impl/ai_core/tbe/op_tiling:/usr/local/Ascend/driver/lib64:/var/davinci/driver/lib64:/var/davinci/driver/lib64/common:/var/davinci/driver/lib64/driver:/usr/local/Ascend/ascend-toolkit/laster/runtime/lib64/stub/aarch64:/usr/local/Ascend/ascend-toolkit/laster/lib64:/usr/local/Ascend/ascend-toolkit/laster/lib64/plugin/opskernel:/usr/local/Ascend/ascend-toolkit/laster/lib64/plugin/nnengine:/usr/local/Ascend/ascend-toolkit/laster/opp/built-in/op_impl/ai_core/tbe/op_tiling:/usr/local/Ascend/driver/lib64:/var/davinci/driver/lib64:/var/davinci/driver/lib64/common:/var/davinci/driver/lib64/driver PYTHONPATH=/home/HwHiAiUser/wheeltec_ros2/install/lslidar_msgs/local/lib/python3.10/dist-packages:${PYTHONPATH} _=/usr/bin/env /usr/bin/cmake --install /home/HwHiAiUser/wheeltec_ros2/build/lslidar_driver
[147.378s] -- Install configuration: ""
[147.378s] -- Installing: /home/HwHiAiUser/wheeltec_ros2/install/lslidar_driver/share/lslidar_driver/launch
[147.381s] -- Installing: /home/HwHiAiUser/wheeltec_ros2/install/lslidar_driver/share/lslidar_driver/launch/lsn10p_net_launch.py
[147.384s] -- Installing: /home/HwHiAiUser/wheeltec_ros2/install/lslidar_driver/share/lslidar_driver/launch/lsn10_net_launch.py
[147.384s] -- Installing: /home/HwHiAiUser/wheeltec_ros2/install/lslidar_driver/share/lslidar_driver/launch/lsm10_uart_launch.py
[147.385s] -- Installing: /home/HwHiAiUser/wheeltec_ros2/install/lslidar_driver/share/lslidar_driver/launch/lsn10p_launch.py
[147.386s] -- Installing: /home/HwHiAiUser/wheeltec_ros2/install/lslidar_driver/share/lslidar_driver/launch/viewer_scan_launch.py
[147.391s] -- Installing: /home/HwHiAiUser/wheeltec_ros2/install/lslidar_driver/share/lslidar_driver/launch/lsm10p_uart_launch.py
[147.391s] -- Installing: /home/HwHiAiUser/wheeltec_ros2/install/lslidar_driver/share/lslidar_driver/launch/lsm10_net_launch.py
[147.391s] -- Installing: /home/HwHiAiUser/wheeltec_ros2/install/lslidar_driver/share/lslidar_driver/launch/lslidar_double_launch.py
[147.391s] -- Installing: /home/HwHiAiUser/wheeltec_ros2/install/lslidar_driver/share/lslidar_driver/launch/lsn10_launch.py
[147.392s] -- Installing: /home/HwHiAiUser/wheeltec_ros2/install/lslidar_driver/share/lslidar_driver/launch/lsm10p_net_launch.py
[147.394s] -- Installing: /home/HwHiAiUser/wheeltec_ros2/install/lslidar_driver/share/lslidar_driver/params
[147.395s] -- Installing: /home/HwHiAiUser/wheeltec_ros2/install/lslidar_driver/share/lslidar_driver/params/lidar_uart_ros2
[147.395s] -- Installing: /home/HwHiAiUser/wheeltec_ros2/install/lslidar_driver/share/lslidar_driver/params/lidar_uart_ros2/lsm10.yaml
[147.395s] -- Installing: /home/HwHiAiUser/wheeltec_ros2/install/lslidar_driver/share/lslidar_driver/params/lidar_uart_ros2/lsm10_p.yaml
[147.396s] -- Installing: /home/HwHiAiUser/wheeltec_ros2/install/lslidar_driver/share/lslidar_driver/params/lidar_uart_ros2/lsn10.yaml
[147.397s] -- Installing: /home/HwHiAiUser/wheeltec_ros2/install/lslidar_driver/share/lslidar_driver/params/lidar_uart_ros2/lsn10p.yaml
[147.397s] -- Installing: /home/HwHiAiUser/wheeltec_ros2/install/lslidar_driver/share/lslidar_driver/params/lidar_net_ros2
[147.397s] -- Installing: /home/HwHiAiUser/wheeltec_ros2/install/lslidar_driver/share/lslidar_driver/params/lidar_net_ros2/lsm10p_net.yaml
[147.399s] -- Installing: /home/HwHiAiUser/wheeltec_ros2/install/lslidar_driver/share/lslidar_driver/params/lidar_net_ros2/lsm10_net.yaml
[147.399s] -- Installing: /home/HwHiAiUser/wheeltec_ros2/install/lslidar_driver/share/lslidar_driver/params/lidar_net_ros2/lsn10p_net.yaml
[147.400s] -- Installing: /home/HwHiAiUser/wheeltec_ros2/install/lslidar_driver/share/lslidar_driver/params/lidar_net_ros2/lsn10_net.yaml
[147.401s] -- Installing: /home/HwHiAiUser/wheeltec_ros2/install/lslidar_driver/share/lslidar_driver/rviz
[147.404s] -- Installing: /home/HwHiAiUser/wheeltec_ros2/install/lslidar_driver/share/lslidar_driver/rviz/lslidar.rviz
[147.407s] -- Installing: /home/HwHiAiUser/wheeltec_ros2/install/lslidar_driver/lib/lslidar_driver/lslidar_driver_node
[147.426s] -- Set runtime path of "/home/HwHiAiUser/wheeltec_ros2/install/lslidar_driver/lib/lslidar_driver/lslidar_driver_node" to ""
[147.428s] -- Installing: /home/HwHiAiUser/wheeltec_ros2/install/lslidar_driver/share/ament_index/resource_index/package_run_dependencies/lslidar_driver
[147.428s] -- Installing: /home/HwHiAiUser/wheeltec_ros2/install/lslidar_driver/share/ament_index/resource_index/parent_prefix_path/lslidar_driver
[147.431s] -- Installing: /home/HwHiAiUser/wheeltec_ros2/install/lslidar_driver/share/lslidar_driver/environment/ament_prefix_path.sh
[147.431s] -- Installing: /home/HwHiAiUser/wheeltec_ros2/install/lslidar_driver/share/lslidar_driver/environment/ament_prefix_path.dsv
[147.432s] -- Installing: /home/HwHiAiUser/wheeltec_ros2/install/lslidar_driver/share/lslidar_driver/environment/path.sh
[147.436s] -- Installing: /home/HwHiAiUser/wheeltec_ros2/install/lslidar_driver/share/lslidar_driver/environment/path.dsv
[147.436s] -- Installing: /home/HwHiAiUser/wheeltec_ros2/install/lslidar_driver/share/lslidar_driver/local_setup.bash
[147.436s] -- Installing: /home/HwHiAiUser/wheeltec_ros2/install/lslidar_driver/share/lslidar_driver/local_setup.sh
[147.437s] -- Installing: /home/HwHiAiUser/wheeltec_ros2/install/lslidar_driver/share/lslidar_driver/local_setup.zsh
[147.437s] -- Installing: /home/HwHiAiUser/wheeltec_ros2/install/lslidar_driver/share/lslidar_driver/local_setup.dsv
[147.437s] -- Installing: /home/HwHiAiUser/wheeltec_ros2/install/lslidar_driver/share/lslidar_driver/package.dsv
[147.438s] -- Installing: /home/HwHiAiUser/wheeltec_ros2/install/lslidar_driver/share/ament_index/resource_index/packages/lslidar_driver
[147.439s] -- Installing: /home/HwHiAiUser/wheeltec_ros2/install/lslidar_driver/share/lslidar_driver/cmake/ament_cmake_export_dependencies-extras.cmake
[147.439s] -- Installing: /home/HwHiAiUser/wheeltec_ros2/install/lslidar_driver/share/lslidar_driver/cmake/ament_cmake_export_include_directories-extras.cmake
[147.439s] -- Installing: /home/HwHiAiUser/wheeltec_ros2/install/lslidar_driver/share/lslidar_driver/cmake/lslidar_driverConfig.cmake
[147.439s] -- Installing: /home/HwHiAiUser/wheeltec_ros2/install/lslidar_driver/share/lslidar_driver/cmake/lslidar_driverConfig-version.cmake
[147.439s] -- Installing: /home/HwHiAiUser/wheeltec_ros2/install/lslidar_driver/share/lslidar_driver/package.xml
[147.447s] Invoked command in '/home/HwHiAiUser/wheeltec_ros2/build/lslidar_driver' returned '0': AMENT_PREFIX_PATH=/home/HwHiAiUser/wheeltec_ros2/install/lslidar_msgs:${AMENT_PREFIX_PATH} CMAKE_PREFIX_PATH=/home/HwHiAiUser/wheeltec_ros2/install/lslidar_msgs:/opt/ros/humble LD_LIBRARY_PATH=/home/HwHiAiUser/wheeltec_ros2/install/lslidar_msgs/lib:/usr/local/Ascend/ascend-toolkit/latest/tools/aml/lib64:/usr/local/Ascend/ascend-toolkit/latest/tools/aml/lib64/plugin:/usr/local/Ascend/ascend-toolkit/latest/lib64:/usr/local/Ascend/ascend-toolkit/latest/lib64/plugin/opskernel:/usr/local/Ascend/ascend-toolkit/latest/lib64/plugin/nnengine:/usr/local/Ascend/ascend-toolkit/latest/opp/built-in/op_impl/ai_core/tbe/op_tiling/lib/linux/aarch64:/lib64:/var/davinci/driver/lib64:/var/davinci/driver/lib64/common:/var/davinci/driver/lib64/driver:/opt/ros/humble/opt/rviz_ogre_vendor/lib:/opt/ros/humble/lib/aarch64-linux-gnu:/opt/ros/humble/lib:/usr/local/Ascend/ascend-toolkit/latest/tools/aml/lib64:/usr/local/Ascend/ascend-toolkit/latest/tools/aml/lib64/plugin:/usr/local/Ascend/ascend-toolkit/latest/lib64:/usr/local/Ascend/ascend-toolkit/latest/lib64/plugin/opskernel:/usr/local/Ascend/ascend-toolkit/latest/lib64/plugin/nnengine:/usr/local/Ascend/ascend-toolkit/latest/opp/built-in/op_impl/ai_core/tbe/op_tiling/lib/linux/aarch64:/lib64:/var/davinci/driver/lib64:/var/davinci/driver/lib64/common:/var/davinci/driver/lib64/driver:/usr/local/Ascend/ascend-toolkit/laster/runtime/lib64/stub/aarch64:/usr/local/Ascend/ascend-toolkit/laster/lib64:/usr/local/Ascend/ascend-toolkit/laster/lib64/plugin/opskernel:/usr/local/Ascend/ascend-toolkit/laster/lib64/plugin/nnengine:/usr/local/Ascend/ascend-toolkit/laster/opp/built-in/op_impl/ai_core/tbe/op_tiling:/usr/local/Ascend/driver/lib64:/var/davinci/driver/lib64:/var/davinci/driver/lib64/common:/var/davinci/driver/lib64/driver:/usr/local/Ascend/ascend-toolkit/laster/runtime/lib64/stub/aarch64:/usr/local/Ascend/ascend-toolkit/laster/lib64:/usr/local/Ascend/ascend-toolkit/laster/lib64/plugin/opskernel:/usr/local/Ascend/ascend-toolkit/laster/lib64/plugin/nnengine:/usr/local/Ascend/ascend-toolkit/laster/opp/built-in/op_impl/ai_core/tbe/op_tiling:/usr/local/Ascend/driver/lib64:/var/davinci/driver/lib64:/var/davinci/driver/lib64/common:/var/davinci/driver/lib64/driver PYTHONPATH=/home/HwHiAiUser/wheeltec_ros2/install/lslidar_msgs/local/lib/python3.10/dist-packages:${PYTHONPATH} _=/usr/bin/env /usr/bin/cmake --install /home/HwHiAiUser/wheeltec_ros2/build/lslidar_driver
