[4.205s] Invoking command in '/home/HwHiAiUser/wheeltec_ros2/src/wheeltec_robot_keyboard': PYTHONPATH=/home/HwHiAiUser/wheeltec_ros2/build/wheeltec_robot_keyboard/prefix_override:/usr/lib/python3/dist-packages/colcon_core/task/python/colcon_distutils_commands:/home/HwHiAiUser/wheeltec_ros2/install/wheeltec_robot_keyboard/lib/python3.10/site-packages:${PYTHONPATH} _=/usr/bin/env /usr/bin/python3 -W ignore:setup.py install is deprecated -W ignore:easy_install command is deprecated setup.py egg_info --egg-base ../../build/wheeltec_robot_keyboard build --build-base /home/HwHiAiUser/wheeltec_ros2/build/wheeltec_robot_keyboard/build install --record /home/HwHiAiUser/wheeltec_ros2/build/wheeltec_robot_keyboard/install.log --single-version-externally-managed install_data
[5.313s] running egg_info
[5.319s] writing ../../build/wheeltec_robot_keyboard/wheeltec_robot_keyboard.egg-info/PKG-INFO
[5.322s] writing dependency_links to ../../build/wheeltec_robot_keyboard/wheeltec_robot_keyboard.egg-info/dependency_links.txt
[5.326s] writing entry points to ../../build/wheeltec_robot_keyboard/wheeltec_robot_keyboard.egg-info/entry_points.txt
[5.330s] writing requirements to ../../build/wheeltec_robot_keyboard/wheeltec_robot_keyboard.egg-info/requires.txt
[5.332s] writing top-level names to ../../build/wheeltec_robot_keyboard/wheeltec_robot_keyboard.egg-info/top_level.txt
[5.340s] reading manifest file '../../build/wheeltec_robot_keyboard/wheeltec_robot_keyboard.egg-info/SOURCES.txt'
[5.347s] writing manifest file '../../build/wheeltec_robot_keyboard/wheeltec_robot_keyboard.egg-info/SOURCES.txt'
[5.350s] running build
[5.353s] running build_py
[5.359s] running install
[5.377s] running install_lib
[5.378s] running install_data
[5.378s] running install_egg_info
[5.378s] removing '/home/HwHiAiUser/wheeltec_ros2/install/wheeltec_robot_keyboard/lib/python3.10/site-packages/wheeltec_robot_keyboard-2.0.1-py3.10.egg-info' (and everything under it)
[5.379s] Copying ../../build/wheeltec_robot_keyboard/wheeltec_robot_keyboard.egg-info to /home/HwHiAiUser/wheeltec_ros2/install/wheeltec_robot_keyboard/lib/python3.10/site-packages/wheeltec_robot_keyboard-2.0.1-py3.10.egg-info
[5.379s] running install_scripts
[5.585s] Installing wheeltec_keyboard script to /home/HwHiAiUser/wheeltec_ros2/install/wheeltec_robot_keyboard/lib/wheeltec_robot_keyboard
[5.587s] writing list of installed files to '/home/HwHiAiUser/wheeltec_ros2/build/wheeltec_robot_keyboard/install.log'
[5.809s] Invoked command in '/home/HwHiAiUser/wheeltec_ros2/src/wheeltec_robot_keyboard' returned '0': PYTHONPATH=/home/HwHiAiUser/wheeltec_ros2/build/wheeltec_robot_keyboard/prefix_override:/usr/lib/python3/dist-packages/colcon_core/task/python/colcon_distutils_commands:/home/HwHiAiUser/wheeltec_ros2/install/wheeltec_robot_keyboard/lib/python3.10/site-packages:${PYTHONPATH} _=/usr/bin/env /usr/bin/python3 -W ignore:setup.py install is deprecated -W ignore:easy_install command is deprecated setup.py egg_info --egg-base ../../build/wheeltec_robot_keyboard build --build-base /home/HwHiAiUser/wheeltec_ros2/build/wheeltec_robot_keyboard/build install --record /home/HwHiAiUser/wheeltec_ros2/build/wheeltec_robot_keyboard/install.log --single-version-externally-managed install_data
