[0.224s] Invoking command in '/home/HwHiAiUser/wheeltec_ros2/build/ldlidar': CMAKE_PREFIX_PATH=${CMAKE_PREFIX_PATH}:/home/HwHiAiUser/wheeltec_ros2/install/wheeltec_robot_keyboard:/home/HwHiAiUser/wheeltec_ros2/install/wheeltec_gpio_control:/home/HwHiAiUser/wheeltec_ros2/install/tf2_tools:/opt/ros/humble _=/usr/bin/env /usr/bin/cmake --build /home/HwHiAiUser/wheeltec_ros2/build/ldlidar -- -j4 -l4
[0.582s] [100%] Built target ldlidar
[0.623s] Invoked command in '/home/HwHiAiUser/wheeltec_ros2/build/ldlidar' returned '0': CMAKE_PREFIX_PATH=${CMAKE_PREFIX_PATH}:/home/HwHiAiUser/wheeltec_ros2/install/wheeltec_robot_keyboard:/home/HwHiAiUser/wheeltec_ros2/install/wheeltec_gpio_control:/home/HwHiAiUser/wheeltec_ros2/install/tf2_tools:/opt/ros/humble _=/usr/bin/env /usr/bin/cmake --build /home/HwHiAiUser/wheeltec_ros2/build/ldlidar -- -j4 -l4
[0.625s] Invoking command in '/home/HwHiAiUser/wheeltec_ros2/build/ldlidar': CMAKE_PREFIX_PATH=${CMAKE_PREFIX_PATH}:/home/HwHiAiUser/wheeltec_ros2/install/wheeltec_robot_keyboard:/home/HwHiAiUser/wheeltec_ros2/install/wheeltec_gpio_control:/home/HwHiAiUser/wheeltec_ros2/install/tf2_tools:/opt/ros/humble _=/usr/bin/env /usr/bin/cmake --install /home/HwHiAiUser/wheeltec_ros2/build/ldlidar
[0.666s] -- Install configuration: ""
[0.676s] -- Up-to-date: /home/HwHiAiUser/wheeltec_ros2/install/ldlidar/lib/ldlidar/ldlidar
[0.677s] -- Up-to-date: /home/HwHiAiUser/wheeltec_ros2/install/ldlidar/share/ldlidar//launch
[0.677s] -- Up-to-date: /home/HwHiAiUser/wheeltec_ros2/install/ldlidar/share/ldlidar//launch/viewer_ld06.launch.py
[0.677s] -- Up-to-date: /home/HwHiAiUser/wheeltec_ros2/install/ldlidar/share/ldlidar//launch/viewer_ld19.launch.py
[0.677s] -- Up-to-date: /home/HwHiAiUser/wheeltec_ros2/install/ldlidar/share/ldlidar//launch/viewer_stl06p.launch.py
[0.677s] -- Up-to-date: /home/HwHiAiUser/wheeltec_ros2/install/ldlidar/share/ldlidar//launch/ld19.launch.py
[0.678s] -- Up-to-date: /home/HwHiAiUser/wheeltec_ros2/install/ldlidar/share/ldlidar//launch/ld06.launch.py
[0.684s] -- Up-to-date: /home/HwHiAiUser/wheeltec_ros2/install/ldlidar/share/ldlidar//launch/viewer_stl27l.launch.py
[0.684s] -- Up-to-date: /home/HwHiAiUser/wheeltec_ros2/install/ldlidar/share/ldlidar//launch/stl27l.launch.py
[0.684s] -- Up-to-date: /home/HwHiAiUser/wheeltec_ros2/install/ldlidar/share/ldlidar//launch/stl26.launch.py
[0.684s] -- Up-to-date: /home/HwHiAiUser/wheeltec_ros2/install/ldlidar/share/ldlidar//launch/stl06p.launch.py
[0.684s] -- Up-to-date: /home/HwHiAiUser/wheeltec_ros2/install/ldlidar/share/ldlidar//launch/stl06n.launch.py
[0.685s] -- Up-to-date: /home/HwHiAiUser/wheeltec_ros2/install/ldlidar/share/ldlidar//launch/viewer_stl06n.launch.py
[0.685s] -- Up-to-date: /home/HwHiAiUser/wheeltec_ros2/install/ldlidar/share/ldlidar//launch/viewer_stl26.launch.py
[0.685s] -- Up-to-date: /home/HwHiAiUser/wheeltec_ros2/install/ldlidar/share/ldlidar//rviz2
[0.685s] -- Up-to-date: /home/HwHiAiUser/wheeltec_ros2/install/ldlidar/share/ldlidar//rviz2/ldlidar.rviz
[0.685s] -- Up-to-date: /home/HwHiAiUser/wheeltec_ros2/install/ldlidar/share/ament_index/resource_index/package_run_dependencies/ldlidar
[0.685s] -- Up-to-date: /home/HwHiAiUser/wheeltec_ros2/install/ldlidar/share/ament_index/resource_index/parent_prefix_path/ldlidar
[0.686s] -- Up-to-date: /home/HwHiAiUser/wheeltec_ros2/install/ldlidar/share/ldlidar/environment/ament_prefix_path.sh
[0.692s] -- Up-to-date: /home/HwHiAiUser/wheeltec_ros2/install/ldlidar/share/ldlidar/environment/ament_prefix_path.dsv
[0.693s] -- Up-to-date: /home/HwHiAiUser/wheeltec_ros2/install/ldlidar/share/ldlidar/environment/path.sh
[0.696s] -- Up-to-date: /home/HwHiAiUser/wheeltec_ros2/install/ldlidar/share/ldlidar/environment/path.dsv
[0.696s] -- Up-to-date: /home/HwHiAiUser/wheeltec_ros2/install/ldlidar/share/ldlidar/local_setup.bash
[0.713s] -- Up-to-date: /home/HwHiAiUser/wheeltec_ros2/install/ldlidar/share/ldlidar/local_setup.sh
[0.714s] -- Up-to-date: /home/HwHiAiUser/wheeltec_ros2/install/ldlidar/share/ldlidar/local_setup.zsh
[0.714s] -- Up-to-date: /home/HwHiAiUser/wheeltec_ros2/install/ldlidar/share/ldlidar/local_setup.dsv
[0.714s] -- Installing: /home/HwHiAiUser/wheeltec_ros2/install/ldlidar/share/ldlidar/package.dsv
[0.714s] -- Up-to-date: /home/HwHiAiUser/wheeltec_ros2/install/ldlidar/share/ament_index/resource_index/packages/ldlidar
[0.715s] -- Up-to-date: /home/HwHiAiUser/wheeltec_ros2/install/ldlidar/share/ldlidar/cmake/ldlidarConfig.cmake
[0.715s] -- Up-to-date: /home/HwHiAiUser/wheeltec_ros2/install/ldlidar/share/ldlidar/cmake/ldlidarConfig-version.cmake
[0.715s] -- Up-to-date: /home/HwHiAiUser/wheeltec_ros2/install/ldlidar/share/ldlidar/package.xml
[0.956s] Invoked command in '/home/HwHiAiUser/wheeltec_ros2/build/ldlidar' returned '0': CMAKE_PREFIX_PATH=${CMAKE_PREFIX_PATH}:/home/HwHiAiUser/wheeltec_ros2/install/wheeltec_robot_keyboard:/home/HwHiAiUser/wheeltec_ros2/install/wheeltec_gpio_control:/home/HwHiAiUser/wheeltec_ros2/install/tf2_tools:/opt/ros/humble _=/usr/bin/env /usr/bin/cmake --install /home/HwHiAiUser/wheeltec_ros2/build/ldlidar
