[0.096s] Invoking command in '/home/HwHiAiUser/wheeltec_ros2/build/turn_on_wheeltec_robot': CMAKE_PREFIX_PATH=/home/HwHiAiUser/wheeltec_ros2/install/wheeltec_robot_msg:/home/HwHiAiUser/wheeltec_ros2/install/serial:/home/HwHiAiUser/wheeltec_ros2/install/ackermann_msgs:/home/HwHiAiUser/wheeltec_ros2/install/yesense_std_ros2:/home/HwHiAiUser/wheeltec_ros2/install/yesense_interface:/home/HwHiAiUser/wheeltec_ros2/install/wheeltec_rviz2:/home/HwHiAiUser/wheeltec_ros2/install/wheeltec_robot_urdf:/home/HwHiAiUser/wheeltec_ros2/install/turn_on_wheeltec_robot:/home/HwHiAiUser/wheeltec_ros2/install/web_video_server:/home/HwHiAiUser/wheeltec_ros2/install/usb_cam:/home/HwHiAiUser/wheeltec_ros2/install/rplidar_ros:/home/HwHiAiUser/wheeltec_ros2/install/lslidar_driver:/home/HwHiAiUser/wheeltec_ros2/install/lslidar_msgs:/home/HwHiAiUser/wheeltec_ros2/install/ldlidar_stl_ros2:/home/HwHiAiUser/wheeltec_ros2/install/ldlidar_sl_ros2:/home/HwHiAiUser/wheeltec_ros2/install/ldlidar:/home/HwHiAiUser/wheeltec_ros2/install/astra_camera:/home/HwHiAiUser/wheeltec_ros2/install/astra_camera_msgs:/home/HwHiAiUser/wheeltec_ros2/install/wheeltec_robot_keyboard:/home/HwHiAiUser/wheeltec_ros2/install/wheeltec_gpio_control:/home/HwHiAiUser/wheeltec_ros2/install/tf2_tools:/opt/ros/humble LD_LIBRARY_PATH=/home/HwHiAiUser/wheeltec_ros2/install/wheeltec_robot_msg/lib:/home/HwHiAiUser/wheeltec_ros2/install/ackermann_msgs/lib:/usr/lib/aarch64-linux-gnu:/usr/lib:/home/HwHiAiUser/work/Mind_SDK/mxVision/operators/ascendc/vendors/customize/op_api/lib:/home/HwHiAiUser/work/Mind_SDK/mxVision/lib/modelpostprocessors:/home/HwHiAiUser/work/Mind_SDK/mxVision/lib:/home/HwHiAiUser/work/Mind_SDK/mxVision/opensource/lib:/home/HwHiAiUser/work/Mind_SDK/mxVision/opensource/lib64:/home/HwHiAiUser/Ascend/ascend-toolkit/latest/tools/aml/lib64:/home/HwHiAiUser/Ascend/ascend-toolkit/latest/tools/aml/lib64/plugin:/home/HwHiAiUser/Ascend/ascend-toolkit/latest/lib64:/home/HwHiAiUser/Ascend/ascend-toolkit/latest/lib64/plugin/opskernel:/home/HwHiAiUser/Ascend/ascend-toolkit/latest/lib64/plugin/nnengine:/home/HwHiAiUser/Ascend/ascend-toolkit/latest/opp/built-in/op_impl/ai_core/tbe/op_tiling/lib/linux/aarch64:/var/davinci/driver/lib64:/var/davinci/driver/lib64/common:/var/davinci/driver/lib64/driver:/home/HwHiAiUser/wheeltec_ros2/install/yesense_interface/lib:/home/HwHiAiUser/wheeltec_ros2/install/turn_on_wheeltec_robot/lib:/home/HwHiAiUser/wheeltec_ros2/install/usb_cam/lib:/home/HwHiAiUser/wheeltec_ros2/install/serial/lib:/home/HwHiAiUser/wheeltec_ros2/install/lslidar_msgs/lib:/home/HwHiAiUser/wheeltec_ros2/install/astra_camera/lib:/home/HwHiAiUser/wheeltec_ros2/install/astra_camera_msgs/lib:/opt/ros/humble/opt/rviz_ogre_vendor/lib:/opt/ros/humble/lib/aarch64-linux-gnu:/opt/ros/humble/lib:/usr/local/Ascend/ascend-toolkit/latest/tools/aml/lib64:/usr/local/Ascend/ascend-toolkit/latest/tools/aml/lib64/plugin:/usr/local/Ascend/ascend-toolkit/latest/lib64:/usr/local/Ascend/ascend-toolkit/latest/lib64/plugin/opskernel:/usr/local/Ascend/ascend-toolkit/latest/lib64/plugin/nnengine:/usr/local/Ascend/ascend-toolkit/latest/opp/built-in/op_impl/ai_core/tbe/op_tiling/lib/linux/aarch64:/lib64:/var/davinci/driver/lib64:/var/davinci/driver/lib64/common:/var/davinci/driver/lib64/driver:/usr/local/Ascend/ascend-toolkit/laster/runtime/lib64/stub/aarch64:/usr/local/Ascend/ascend-toolkit/laster/lib64:/usr/local/Ascend/ascend-toolkit/laster/lib64/plugin/opskernel:/usr/local/Ascend/ascend-toolkit/laster/lib64/plugin/nnengine:/usr/local/Ascend/ascend-toolkit/laster/opp/built-in/op_impl/ai_core/tbe/op_tiling:/usr/local/Ascend/driver/lib64:/var/davinci/driver/lib64:/var/davinci/driver/lib64/common:/var/davinci/driver/lib64/driver _=/usr/bin/env /usr/bin/cmake --build /home/HwHiAiUser/wheeltec_ros2/build/turn_on_wheeltec_robot -- -j4 -l4
[0.429s] [  2%] Built target turn_on_wheeltec_robot__cpp
[0.679s] [ 11%] Built target wheeltec_robot_node
[0.815s] [ 20%] Built target turn_on_wheeltec_robot__rosidl_typesupport_cpp
[0.885s] [ 29%] Built target turn_on_wheeltec_robot__rosidl_typesupport_fastrtps_cpp
[0.977s] [ 38%] Built target turn_on_wheeltec_robot__rosidl_typesupport_introspection_cpp
[1.105s] [ 38%] Built target ament_cmake_python_copy_turn_on_wheeltec_robot
[1.187s] [ 47%] Built target turn_on_wheeltec_robot__rosidl_generator_c
[2.431s] running egg_info
[2.434s] writing turn_on_wheeltec_robot.egg-info/PKG-INFO
[2.441s] writing dependency_links to turn_on_wheeltec_robot.egg-info/dependency_links.txt
[2.444s] writing top-level names to turn_on_wheeltec_robot.egg-info/top_level.txt
[2.459s] reading manifest file 'turn_on_wheeltec_robot.egg-info/SOURCES.txt'
[2.460s] writing manifest file 'turn_on_wheeltec_robot.egg-info/SOURCES.txt'
[2.653s] [ 47%] Built target ament_cmake_python_build_turn_on_wheeltec_robot_egg
[2.740s] [ 55%] Built target turn_on_wheeltec_robot__rosidl_typesupport_c
[2.831s] [ 64%] Built target turn_on_wheeltec_robot__rosidl_typesupport_introspection_c
[2.923s] [ 73%] Built target turn_on_wheeltec_robot__rosidl_typesupport_fastrtps_c
[3.009s] [ 73%] Built target turn_on_wheeltec_robot
[3.090s] [ 76%] Built target turn_on_wheeltec_robot__py
[3.157s] [ 82%] Built target turn_on_wheeltec_robot__rosidl_generator_py
[3.230s] [ 88%] Built target turn_on_wheeltec_robot__rosidl_typesupport_fastrtps_c__pyext
[3.317s] [ 94%] Built target turn_on_wheeltec_robot__rosidl_typesupport_c__pyext
[3.396s] [100%] Built target turn_on_wheeltec_robot__rosidl_typesupport_introspection_c__pyext
[3.469s] Invoked command in '/home/HwHiAiUser/wheeltec_ros2/build/turn_on_wheeltec_robot' returned '0': CMAKE_PREFIX_PATH=/home/HwHiAiUser/wheeltec_ros2/install/wheeltec_robot_msg:/home/HwHiAiUser/wheeltec_ros2/install/serial:/home/HwHiAiUser/wheeltec_ros2/install/ackermann_msgs:/home/HwHiAiUser/wheeltec_ros2/install/yesense_std_ros2:/home/HwHiAiUser/wheeltec_ros2/install/yesense_interface:/home/HwHiAiUser/wheeltec_ros2/install/wheeltec_rviz2:/home/HwHiAiUser/wheeltec_ros2/install/wheeltec_robot_urdf:/home/HwHiAiUser/wheeltec_ros2/install/turn_on_wheeltec_robot:/home/HwHiAiUser/wheeltec_ros2/install/web_video_server:/home/HwHiAiUser/wheeltec_ros2/install/usb_cam:/home/HwHiAiUser/wheeltec_ros2/install/rplidar_ros:/home/HwHiAiUser/wheeltec_ros2/install/lslidar_driver:/home/HwHiAiUser/wheeltec_ros2/install/lslidar_msgs:/home/HwHiAiUser/wheeltec_ros2/install/ldlidar_stl_ros2:/home/HwHiAiUser/wheeltec_ros2/install/ldlidar_sl_ros2:/home/HwHiAiUser/wheeltec_ros2/install/ldlidar:/home/HwHiAiUser/wheeltec_ros2/install/astra_camera:/home/HwHiAiUser/wheeltec_ros2/install/astra_camera_msgs:/home/HwHiAiUser/wheeltec_ros2/install/wheeltec_robot_keyboard:/home/HwHiAiUser/wheeltec_ros2/install/wheeltec_gpio_control:/home/HwHiAiUser/wheeltec_ros2/install/tf2_tools:/opt/ros/humble LD_LIBRARY_PATH=/home/HwHiAiUser/wheeltec_ros2/install/wheeltec_robot_msg/lib:/home/HwHiAiUser/wheeltec_ros2/install/ackermann_msgs/lib:/usr/lib/aarch64-linux-gnu:/usr/lib:/home/HwHiAiUser/work/Mind_SDK/mxVision/operators/ascendc/vendors/customize/op_api/lib:/home/HwHiAiUser/work/Mind_SDK/mxVision/lib/modelpostprocessors:/home/HwHiAiUser/work/Mind_SDK/mxVision/lib:/home/HwHiAiUser/work/Mind_SDK/mxVision/opensource/lib:/home/HwHiAiUser/work/Mind_SDK/mxVision/opensource/lib64:/home/HwHiAiUser/Ascend/ascend-toolkit/latest/tools/aml/lib64:/home/HwHiAiUser/Ascend/ascend-toolkit/latest/tools/aml/lib64/plugin:/home/HwHiAiUser/Ascend/ascend-toolkit/latest/lib64:/home/HwHiAiUser/Ascend/ascend-toolkit/latest/lib64/plugin/opskernel:/home/HwHiAiUser/Ascend/ascend-toolkit/latest/lib64/plugin/nnengine:/home/HwHiAiUser/Ascend/ascend-toolkit/latest/opp/built-in/op_impl/ai_core/tbe/op_tiling/lib/linux/aarch64:/var/davinci/driver/lib64:/var/davinci/driver/lib64/common:/var/davinci/driver/lib64/driver:/home/HwHiAiUser/wheeltec_ros2/install/yesense_interface/lib:/home/HwHiAiUser/wheeltec_ros2/install/turn_on_wheeltec_robot/lib:/home/HwHiAiUser/wheeltec_ros2/install/usb_cam/lib:/home/HwHiAiUser/wheeltec_ros2/install/serial/lib:/home/HwHiAiUser/wheeltec_ros2/install/lslidar_msgs/lib:/home/HwHiAiUser/wheeltec_ros2/install/astra_camera/lib:/home/HwHiAiUser/wheeltec_ros2/install/astra_camera_msgs/lib:/opt/ros/humble/opt/rviz_ogre_vendor/lib:/opt/ros/humble/lib/aarch64-linux-gnu:/opt/ros/humble/lib:/usr/local/Ascend/ascend-toolkit/latest/tools/aml/lib64:/usr/local/Ascend/ascend-toolkit/latest/tools/aml/lib64/plugin:/usr/local/Ascend/ascend-toolkit/latest/lib64:/usr/local/Ascend/ascend-toolkit/latest/lib64/plugin/opskernel:/usr/local/Ascend/ascend-toolkit/latest/lib64/plugin/nnengine:/usr/local/Ascend/ascend-toolkit/latest/opp/built-in/op_impl/ai_core/tbe/op_tiling/lib/linux/aarch64:/lib64:/var/davinci/driver/lib64:/var/davinci/driver/lib64/common:/var/davinci/driver/lib64/driver:/usr/local/Ascend/ascend-toolkit/laster/runtime/lib64/stub/aarch64:/usr/local/Ascend/ascend-toolkit/laster/lib64:/usr/local/Ascend/ascend-toolkit/laster/lib64/plugin/opskernel:/usr/local/Ascend/ascend-toolkit/laster/lib64/plugin/nnengine:/usr/local/Ascend/ascend-toolkit/laster/opp/built-in/op_impl/ai_core/tbe/op_tiling:/usr/local/Ascend/driver/lib64:/var/davinci/driver/lib64:/var/davinci/driver/lib64/common:/var/davinci/driver/lib64/driver _=/usr/bin/env /usr/bin/cmake --build /home/HwHiAiUser/wheeltec_ros2/build/turn_on_wheeltec_robot -- -j4 -l4
[3.472s] Invoking command in '/home/HwHiAiUser/wheeltec_ros2/build/turn_on_wheeltec_robot': CMAKE_PREFIX_PATH=/home/HwHiAiUser/wheeltec_ros2/install/wheeltec_robot_msg:/home/HwHiAiUser/wheeltec_ros2/install/serial:/home/HwHiAiUser/wheeltec_ros2/install/ackermann_msgs:/home/HwHiAiUser/wheeltec_ros2/install/yesense_std_ros2:/home/HwHiAiUser/wheeltec_ros2/install/yesense_interface:/home/HwHiAiUser/wheeltec_ros2/install/wheeltec_rviz2:/home/HwHiAiUser/wheeltec_ros2/install/wheeltec_robot_urdf:/home/HwHiAiUser/wheeltec_ros2/install/turn_on_wheeltec_robot:/home/HwHiAiUser/wheeltec_ros2/install/web_video_server:/home/HwHiAiUser/wheeltec_ros2/install/usb_cam:/home/HwHiAiUser/wheeltec_ros2/install/rplidar_ros:/home/HwHiAiUser/wheeltec_ros2/install/lslidar_driver:/home/HwHiAiUser/wheeltec_ros2/install/lslidar_msgs:/home/HwHiAiUser/wheeltec_ros2/install/ldlidar_stl_ros2:/home/HwHiAiUser/wheeltec_ros2/install/ldlidar_sl_ros2:/home/HwHiAiUser/wheeltec_ros2/install/ldlidar:/home/HwHiAiUser/wheeltec_ros2/install/astra_camera:/home/HwHiAiUser/wheeltec_ros2/install/astra_camera_msgs:/home/HwHiAiUser/wheeltec_ros2/install/wheeltec_robot_keyboard:/home/HwHiAiUser/wheeltec_ros2/install/wheeltec_gpio_control:/home/HwHiAiUser/wheeltec_ros2/install/tf2_tools:/opt/ros/humble LD_LIBRARY_PATH=/home/HwHiAiUser/wheeltec_ros2/install/wheeltec_robot_msg/lib:/home/HwHiAiUser/wheeltec_ros2/install/ackermann_msgs/lib:/usr/lib/aarch64-linux-gnu:/usr/lib:/home/HwHiAiUser/work/Mind_SDK/mxVision/operators/ascendc/vendors/customize/op_api/lib:/home/HwHiAiUser/work/Mind_SDK/mxVision/lib/modelpostprocessors:/home/HwHiAiUser/work/Mind_SDK/mxVision/lib:/home/HwHiAiUser/work/Mind_SDK/mxVision/opensource/lib:/home/HwHiAiUser/work/Mind_SDK/mxVision/opensource/lib64:/home/HwHiAiUser/Ascend/ascend-toolkit/latest/tools/aml/lib64:/home/HwHiAiUser/Ascend/ascend-toolkit/latest/tools/aml/lib64/plugin:/home/HwHiAiUser/Ascend/ascend-toolkit/latest/lib64:/home/HwHiAiUser/Ascend/ascend-toolkit/latest/lib64/plugin/opskernel:/home/HwHiAiUser/Ascend/ascend-toolkit/latest/lib64/plugin/nnengine:/home/HwHiAiUser/Ascend/ascend-toolkit/latest/opp/built-in/op_impl/ai_core/tbe/op_tiling/lib/linux/aarch64:/var/davinci/driver/lib64:/var/davinci/driver/lib64/common:/var/davinci/driver/lib64/driver:/home/HwHiAiUser/wheeltec_ros2/install/yesense_interface/lib:/home/HwHiAiUser/wheeltec_ros2/install/turn_on_wheeltec_robot/lib:/home/HwHiAiUser/wheeltec_ros2/install/usb_cam/lib:/home/HwHiAiUser/wheeltec_ros2/install/serial/lib:/home/HwHiAiUser/wheeltec_ros2/install/lslidar_msgs/lib:/home/HwHiAiUser/wheeltec_ros2/install/astra_camera/lib:/home/HwHiAiUser/wheeltec_ros2/install/astra_camera_msgs/lib:/opt/ros/humble/opt/rviz_ogre_vendor/lib:/opt/ros/humble/lib/aarch64-linux-gnu:/opt/ros/humble/lib:/usr/local/Ascend/ascend-toolkit/latest/tools/aml/lib64:/usr/local/Ascend/ascend-toolkit/latest/tools/aml/lib64/plugin:/usr/local/Ascend/ascend-toolkit/latest/lib64:/usr/local/Ascend/ascend-toolkit/latest/lib64/plugin/opskernel:/usr/local/Ascend/ascend-toolkit/latest/lib64/plugin/nnengine:/usr/local/Ascend/ascend-toolkit/latest/opp/built-in/op_impl/ai_core/tbe/op_tiling/lib/linux/aarch64:/lib64:/var/davinci/driver/lib64:/var/davinci/driver/lib64/common:/var/davinci/driver/lib64/driver:/usr/local/Ascend/ascend-toolkit/laster/runtime/lib64/stub/aarch64:/usr/local/Ascend/ascend-toolkit/laster/lib64:/usr/local/Ascend/ascend-toolkit/laster/lib64/plugin/opskernel:/usr/local/Ascend/ascend-toolkit/laster/lib64/plugin/nnengine:/usr/local/Ascend/ascend-toolkit/laster/opp/built-in/op_impl/ai_core/tbe/op_tiling:/usr/local/Ascend/driver/lib64:/var/davinci/driver/lib64:/var/davinci/driver/lib64/common:/var/davinci/driver/lib64/driver _=/usr/bin/env /usr/bin/cmake --install /home/HwHiAiUser/wheeltec_ros2/build/turn_on_wheeltec_robot
[3.489s] -- Install configuration: "Release"
[3.489s] -- Up-to-date: /home/HwHiAiUser/wheeltec_ros2/install/turn_on_wheeltec_robot/share/ament_index/resource_index/rosidl_interfaces/turn_on_wheeltec_robot
[3.490s] -- Up-to-date: /home/HwHiAiUser/wheeltec_ros2/install/turn_on_wheeltec_robot/include/turn_on_wheeltec_robot/turn_on_wheeltec_robot
[3.490s] -- Up-to-date: /home/HwHiAiUser/wheeltec_ros2/install/turn_on_wheeltec_robot/include/turn_on_wheeltec_robot/turn_on_wheeltec_robot/msg
[3.491s] -- Up-to-date: /home/HwHiAiUser/wheeltec_ros2/install/turn_on_wheeltec_robot/include/turn_on_wheeltec_robot/turn_on_wheeltec_robot/msg/detail
[3.491s] -- Up-to-date: /home/HwHiAiUser/wheeltec_ros2/install/turn_on_wheeltec_robot/include/turn_on_wheeltec_robot/turn_on_wheeltec_robot/msg/detail/position__struct.h
[3.491s] -- Up-to-date: /home/HwHiAiUser/wheeltec_ros2/install/turn_on_wheeltec_robot/include/turn_on_wheeltec_robot/turn_on_wheeltec_robot/msg/detail/position__functions.h
[3.492s] -- Up-to-date: /home/HwHiAiUser/wheeltec_ros2/install/turn_on_wheeltec_robot/include/turn_on_wheeltec_robot/turn_on_wheeltec_robot/msg/detail/position__functions.c
[3.492s] -- Up-to-date: /home/HwHiAiUser/wheeltec_ros2/install/turn_on_wheeltec_robot/include/turn_on_wheeltec_robot/turn_on_wheeltec_robot/msg/detail/position__type_support.h
[3.493s] -- Up-to-date: /home/HwHiAiUser/wheeltec_ros2/install/turn_on_wheeltec_robot/include/turn_on_wheeltec_robot/turn_on_wheeltec_robot/msg/rosidl_generator_c__visibility_control.h
[3.493s] -- Up-to-date: /home/HwHiAiUser/wheeltec_ros2/install/turn_on_wheeltec_robot/include/turn_on_wheeltec_robot/turn_on_wheeltec_robot/msg/position.h
[3.493s] -- Up-to-date: /home/HwHiAiUser/wheeltec_ros2/install/turn_on_wheeltec_robot/share/turn_on_wheeltec_robot/environment/library_path.sh
[3.493s] -- Up-to-date: /home/HwHiAiUser/wheeltec_ros2/install/turn_on_wheeltec_robot/share/turn_on_wheeltec_robot/environment/library_path.dsv
[3.494s] -- Up-to-date: /home/HwHiAiUser/wheeltec_ros2/install/turn_on_wheeltec_robot/lib/libturn_on_wheeltec_robot__rosidl_generator_c.so
[3.494s] -- Up-to-date: /home/HwHiAiUser/wheeltec_ros2/install/turn_on_wheeltec_robot/include/turn_on_wheeltec_robot/turn_on_wheeltec_robot
[3.495s] -- Up-to-date: /home/HwHiAiUser/wheeltec_ros2/install/turn_on_wheeltec_robot/include/turn_on_wheeltec_robot/turn_on_wheeltec_robot/msg
[3.495s] -- Up-to-date: /home/HwHiAiUser/wheeltec_ros2/install/turn_on_wheeltec_robot/include/turn_on_wheeltec_robot/turn_on_wheeltec_robot/msg/detail
[3.495s] -- Up-to-date: /home/HwHiAiUser/wheeltec_ros2/install/turn_on_wheeltec_robot/include/turn_on_wheeltec_robot/turn_on_wheeltec_robot/msg/detail/position__rosidl_typesupport_fastrtps_c.h
[3.496s] -- Up-to-date: /home/HwHiAiUser/wheeltec_ros2/install/turn_on_wheeltec_robot/include/turn_on_wheeltec_robot/turn_on_wheeltec_robot/msg/rosidl_typesupport_fastrtps_c__visibility_control.h
[3.508s] -- Up-to-date: /home/HwHiAiUser/wheeltec_ros2/install/turn_on_wheeltec_robot/lib/libturn_on_wheeltec_robot__rosidl_typesupport_fastrtps_c.so
[3.509s] -- Up-to-date: /home/HwHiAiUser/wheeltec_ros2/install/turn_on_wheeltec_robot/include/turn_on_wheeltec_robot/turn_on_wheeltec_robot
[3.509s] -- Up-to-date: /home/HwHiAiUser/wheeltec_ros2/install/turn_on_wheeltec_robot/include/turn_on_wheeltec_robot/turn_on_wheeltec_robot/msg
[3.509s] -- Up-to-date: /home/HwHiAiUser/wheeltec_ros2/install/turn_on_wheeltec_robot/include/turn_on_wheeltec_robot/turn_on_wheeltec_robot/msg/detail
[3.509s] -- Up-to-date: /home/HwHiAiUser/wheeltec_ros2/install/turn_on_wheeltec_robot/include/turn_on_wheeltec_robot/turn_on_wheeltec_robot/msg/detail/position__struct.hpp
[3.510s] -- Up-to-date: /home/HwHiAiUser/wheeltec_ros2/install/turn_on_wheeltec_robot/include/turn_on_wheeltec_robot/turn_on_wheeltec_robot/msg/detail/position__builder.hpp
[3.510s] -- Up-to-date: /home/HwHiAiUser/wheeltec_ros2/install/turn_on_wheeltec_robot/include/turn_on_wheeltec_robot/turn_on_wheeltec_robot/msg/detail/position__type_support.hpp
[3.510s] -- Up-to-date: /home/HwHiAiUser/wheeltec_ros2/install/turn_on_wheeltec_robot/include/turn_on_wheeltec_robot/turn_on_wheeltec_robot/msg/detail/position__traits.hpp
[3.510s] -- Up-to-date: /home/HwHiAiUser/wheeltec_ros2/install/turn_on_wheeltec_robot/include/turn_on_wheeltec_robot/turn_on_wheeltec_robot/msg/rosidl_generator_cpp__visibility_control.hpp
[3.511s] -- Up-to-date: /home/HwHiAiUser/wheeltec_ros2/install/turn_on_wheeltec_robot/include/turn_on_wheeltec_robot/turn_on_wheeltec_robot/msg/position.hpp
[3.511s] -- Up-to-date: /home/HwHiAiUser/wheeltec_ros2/install/turn_on_wheeltec_robot/include/turn_on_wheeltec_robot/turn_on_wheeltec_robot
[3.511s] -- Up-to-date: /home/HwHiAiUser/wheeltec_ros2/install/turn_on_wheeltec_robot/include/turn_on_wheeltec_robot/turn_on_wheeltec_robot/msg
[3.511s] -- Up-to-date: /home/HwHiAiUser/wheeltec_ros2/install/turn_on_wheeltec_robot/include/turn_on_wheeltec_robot/turn_on_wheeltec_robot/msg/detail
[3.512s] -- Up-to-date: /home/HwHiAiUser/wheeltec_ros2/install/turn_on_wheeltec_robot/include/turn_on_wheeltec_robot/turn_on_wheeltec_robot/msg/detail/dds_fastrtps
[3.512s] -- Up-to-date: /home/HwHiAiUser/wheeltec_ros2/install/turn_on_wheeltec_robot/include/turn_on_wheeltec_robot/turn_on_wheeltec_robot/msg/detail/position__rosidl_typesupport_fastrtps_cpp.hpp
[3.512s] -- Up-to-date: /home/HwHiAiUser/wheeltec_ros2/install/turn_on_wheeltec_robot/include/turn_on_wheeltec_robot/turn_on_wheeltec_robot/msg/rosidl_typesupport_fastrtps_cpp__visibility_control.h
[3.512s] -- Up-to-date: /home/HwHiAiUser/wheeltec_ros2/install/turn_on_wheeltec_robot/lib/libturn_on_wheeltec_robot__rosidl_typesupport_fastrtps_cpp.so
[3.512s] -- Up-to-date: /home/HwHiAiUser/wheeltec_ros2/install/turn_on_wheeltec_robot/include/turn_on_wheeltec_robot/turn_on_wheeltec_robot
[3.512s] -- Up-to-date: /home/HwHiAiUser/wheeltec_ros2/install/turn_on_wheeltec_robot/include/turn_on_wheeltec_robot/turn_on_wheeltec_robot/msg
[3.513s] -- Up-to-date: /home/HwHiAiUser/wheeltec_ros2/install/turn_on_wheeltec_robot/include/turn_on_wheeltec_robot/turn_on_wheeltec_robot/msg/detail
[3.513s] -- Up-to-date: /home/HwHiAiUser/wheeltec_ros2/install/turn_on_wheeltec_robot/include/turn_on_wheeltec_robot/turn_on_wheeltec_robot/msg/detail/position__type_support.c
[3.513s] -- Up-to-date: /home/HwHiAiUser/wheeltec_ros2/install/turn_on_wheeltec_robot/include/turn_on_wheeltec_robot/turn_on_wheeltec_robot/msg/detail/position__rosidl_typesupport_introspection_c.h
[3.513s] -- Up-to-date: /home/HwHiAiUser/wheeltec_ros2/install/turn_on_wheeltec_robot/include/turn_on_wheeltec_robot/turn_on_wheeltec_robot/msg/rosidl_typesupport_introspection_c__visibility_control.h
[3.513s] -- Up-to-date: /home/HwHiAiUser/wheeltec_ros2/install/turn_on_wheeltec_robot/lib/libturn_on_wheeltec_robot__rosidl_typesupport_introspection_c.so
[3.514s] -- Up-to-date: /home/HwHiAiUser/wheeltec_ros2/install/turn_on_wheeltec_robot/lib/libturn_on_wheeltec_robot__rosidl_typesupport_c.so
[3.514s] -- Up-to-date: /home/HwHiAiUser/wheeltec_ros2/install/turn_on_wheeltec_robot/include/turn_on_wheeltec_robot/turn_on_wheeltec_robot
[3.517s] -- Up-to-date: /home/HwHiAiUser/wheeltec_ros2/install/turn_on_wheeltec_robot/include/turn_on_wheeltec_robot/turn_on_wheeltec_robot/msg
[3.518s] -- Up-to-date: /home/HwHiAiUser/wheeltec_ros2/install/turn_on_wheeltec_robot/include/turn_on_wheeltec_robot/turn_on_wheeltec_robot/msg/detail
[3.518s] -- Up-to-date: /home/HwHiAiUser/wheeltec_ros2/install/turn_on_wheeltec_robot/include/turn_on_wheeltec_robot/turn_on_wheeltec_robot/msg/detail/position__rosidl_typesupport_introspection_cpp.hpp
[3.536s] -- Up-to-date: /home/HwHiAiUser/wheeltec_ros2/install/turn_on_wheeltec_robot/include/turn_on_wheeltec_robot/turn_on_wheeltec_robot/msg/detail/position__type_support.cpp
[3.537s] -- Up-to-date: /home/HwHiAiUser/wheeltec_ros2/install/turn_on_wheeltec_robot/lib/libturn_on_wheeltec_robot__rosidl_typesupport_introspection_cpp.so
[3.538s] -- Up-to-date: /home/HwHiAiUser/wheeltec_ros2/install/turn_on_wheeltec_robot/lib/libturn_on_wheeltec_robot__rosidl_typesupport_cpp.so
[3.538s] -- Up-to-date: /home/HwHiAiUser/wheeltec_ros2/install/turn_on_wheeltec_robot/share/turn_on_wheeltec_robot/environment/pythonpath.sh
[3.538s] -- Up-to-date: /home/HwHiAiUser/wheeltec_ros2/install/turn_on_wheeltec_robot/share/turn_on_wheeltec_robot/environment/pythonpath.dsv
[3.538s] -- Up-to-date: /home/HwHiAiUser/wheeltec_ros2/install/turn_on_wheeltec_robot/local/lib/python3.10/dist-packages/turn_on_wheeltec_robot-0.0.0-py3.10.egg-info
[3.538s] -- Installing: /home/HwHiAiUser/wheeltec_ros2/install/turn_on_wheeltec_robot/local/lib/python3.10/dist-packages/turn_on_wheeltec_robot-0.0.0-py3.10.egg-info/dependency_links.txt
[3.539s] -- Installing: /home/HwHiAiUser/wheeltec_ros2/install/turn_on_wheeltec_robot/local/lib/python3.10/dist-packages/turn_on_wheeltec_robot-0.0.0-py3.10.egg-info/SOURCES.txt
[3.539s] -- Installing: /home/HwHiAiUser/wheeltec_ros2/install/turn_on_wheeltec_robot/local/lib/python3.10/dist-packages/turn_on_wheeltec_robot-0.0.0-py3.10.egg-info/PKG-INFO
[3.539s] -- Installing: /home/HwHiAiUser/wheeltec_ros2/install/turn_on_wheeltec_robot/local/lib/python3.10/dist-packages/turn_on_wheeltec_robot-0.0.0-py3.10.egg-info/top_level.txt
[3.539s] -- Up-to-date: /home/HwHiAiUser/wheeltec_ros2/install/turn_on_wheeltec_robot/local/lib/python3.10/dist-packages/turn_on_wheeltec_robot
[3.539s] -- Up-to-date: /home/HwHiAiUser/wheeltec_ros2/install/turn_on_wheeltec_robot/local/lib/python3.10/dist-packages/turn_on_wheeltec_robot/_turn_on_wheeltec_robot_s.ep.rosidl_typesupport_introspection_c.c
[3.539s] -- Up-to-date: /home/HwHiAiUser/wheeltec_ros2/install/turn_on_wheeltec_robot/local/lib/python3.10/dist-packages/turn_on_wheeltec_robot/__init__.py
[3.540s] -- Up-to-date: /home/HwHiAiUser/wheeltec_ros2/install/turn_on_wheeltec_robot/local/lib/python3.10/dist-packages/turn_on_wheeltec_robot/msg
[3.540s] -- Up-to-date: /home/HwHiAiUser/wheeltec_ros2/install/turn_on_wheeltec_robot/local/lib/python3.10/dist-packages/turn_on_wheeltec_robot/msg/__init__.py
[3.540s] -- Up-to-date: /home/HwHiAiUser/wheeltec_ros2/install/turn_on_wheeltec_robot/local/lib/python3.10/dist-packages/turn_on_wheeltec_robot/msg/_position_s.c
[3.540s] -- Up-to-date: /home/HwHiAiUser/wheeltec_ros2/install/turn_on_wheeltec_robot/local/lib/python3.10/dist-packages/turn_on_wheeltec_robot/msg/_position.py
[3.540s] -- Up-to-date: /home/HwHiAiUser/wheeltec_ros2/install/turn_on_wheeltec_robot/local/lib/python3.10/dist-packages/turn_on_wheeltec_robot/turn_on_wheeltec_robot_s__rosidl_typesupport_c.cpython-310-aarch64-linux-gnu.so
[3.541s] -- Up-to-date: /home/HwHiAiUser/wheeltec_ros2/install/turn_on_wheeltec_robot/local/lib/python3.10/dist-packages/turn_on_wheeltec_robot/libturn_on_wheeltec_robot__rosidl_generator_py.so
[3.541s] -- Up-to-date: /home/HwHiAiUser/wheeltec_ros2/install/turn_on_wheeltec_robot/local/lib/python3.10/dist-packages/turn_on_wheeltec_robot/turn_on_wheeltec_robot_s__rosidl_typesupport_introspection_c.cpython-310-aarch64-linux-gnu.so
[3.541s] -- Up-to-date: /home/HwHiAiUser/wheeltec_ros2/install/turn_on_wheeltec_robot/local/lib/python3.10/dist-packages/turn_on_wheeltec_robot/_turn_on_wheeltec_robot_s.ep.rosidl_typesupport_c.c
[3.541s] -- Up-to-date: /home/HwHiAiUser/wheeltec_ros2/install/turn_on_wheeltec_robot/local/lib/python3.10/dist-packages/turn_on_wheeltec_robot/turn_on_wheeltec_robot_s__rosidl_typesupport_fastrtps_c.cpython-310-aarch64-linux-gnu.so
[3.541s] -- Up-to-date: /home/HwHiAiUser/wheeltec_ros2/install/turn_on_wheeltec_robot/local/lib/python3.10/dist-packages/turn_on_wheeltec_robot/_turn_on_wheeltec_robot_s.ep.rosidl_typesupport_fastrtps_c.c
[3.635s] Listing '/home/HwHiAiUser/wheeltec_ros2/install/turn_on_wheeltec_robot/local/lib/python3.10/dist-packages/turn_on_wheeltec_robot'...
[3.635s] Listing '/home/HwHiAiUser/wheeltec_ros2/install/turn_on_wheeltec_robot/local/lib/python3.10/dist-packages/turn_on_wheeltec_robot/msg'...
[3.676s] -- Up-to-date: /home/HwHiAiUser/wheeltec_ros2/install/turn_on_wheeltec_robot/local/lib/python3.10/dist-packages/turn_on_wheeltec_robot/turn_on_wheeltec_robot_s__rosidl_typesupport_fastrtps_c.cpython-310-aarch64-linux-gnu.so
[3.676s] -- Up-to-date: /home/HwHiAiUser/wheeltec_ros2/install/turn_on_wheeltec_robot/local/lib/python3.10/dist-packages/turn_on_wheeltec_robot/turn_on_wheeltec_robot_s__rosidl_typesupport_introspection_c.cpython-310-aarch64-linux-gnu.so
[3.677s] -- Up-to-date: /home/HwHiAiUser/wheeltec_ros2/install/turn_on_wheeltec_robot/local/lib/python3.10/dist-packages/turn_on_wheeltec_robot/turn_on_wheeltec_robot_s__rosidl_typesupport_c.cpython-310-aarch64-linux-gnu.so
[3.677s] -- Up-to-date: /home/HwHiAiUser/wheeltec_ros2/install/turn_on_wheeltec_robot/lib/libturn_on_wheeltec_robot__rosidl_generator_py.so
[3.677s] -- Up-to-date: /home/HwHiAiUser/wheeltec_ros2/install/turn_on_wheeltec_robot/share/turn_on_wheeltec_robot/msg/Position.idl
[3.678s] -- Up-to-date: /home/HwHiAiUser/wheeltec_ros2/install/turn_on_wheeltec_robot/share/turn_on_wheeltec_robot/msg/Position.msg
[3.679s] -- Up-to-date: /home/HwHiAiUser/wheeltec_ros2/install/turn_on_wheeltec_robot/lib/turn_on_wheeltec_robot/wheeltec_robot_node
[3.680s] -- Up-to-date: /home/HwHiAiUser/wheeltec_ros2/install/turn_on_wheeltec_robot/share/turn_on_wheeltec_robot/launch
[3.681s] -- Up-to-date: /home/HwHiAiUser/wheeltec_ros2/install/turn_on_wheeltec_robot/share/turn_on_wheeltec_robot/launch/wheeltec_sensors.launch.py
[3.681s] -- Up-to-date: /home/HwHiAiUser/wheeltec_ros2/install/turn_on_wheeltec_robot/share/turn_on_wheeltec_robot/launch/wheeltec_camera.launch.py
[3.683s] -- Up-to-date: /home/HwHiAiUser/wheeltec_ros2/install/turn_on_wheeltec_robot/share/turn_on_wheeltec_robot/launch/include
[3.683s] -- Up-to-date: /home/HwHiAiUser/wheeltec_ros2/install/turn_on_wheeltec_robot/share/turn_on_wheeltec_robot/launch/include/base_serial_h30imu.launch.py
[3.683s] -- Up-to-date: /home/HwHiAiUser/wheeltec_ros2/install/turn_on_wheeltec_robot/share/turn_on_wheeltec_robot/launch/include/turn_on_wheeltec_robot_h30imu.launch.py
[3.684s] -- Up-to-date: /home/HwHiAiUser/wheeltec_ros2/install/turn_on_wheeltec_robot/share/turn_on_wheeltec_robot/launch/__pycache__
[3.684s] -- Up-to-date: /home/HwHiAiUser/wheeltec_ros2/install/turn_on_wheeltec_robot/share/turn_on_wheeltec_robot/launch/__pycache__/testtwo.launch.cpython-38.pyc
[3.685s] -- Up-to-date: /home/HwHiAiUser/wheeltec_ros2/install/turn_on_wheeltec_robot/share/turn_on_wheeltec_robot/launch/robot_mode_description.launch.py
[3.687s] -- Up-to-date: /home/HwHiAiUser/wheeltec_ros2/install/turn_on_wheeltec_robot/share/turn_on_wheeltec_robot/launch/turn_on_wheeltec_robot.launch.py
[3.688s] -- Up-to-date: /home/HwHiAiUser/wheeltec_ros2/install/turn_on_wheeltec_robot/share/turn_on_wheeltec_robot/launch/custom_urdf_nav.launch.py
[3.688s] -- Up-to-date: /home/HwHiAiUser/wheeltec_ros2/install/turn_on_wheeltec_robot/share/turn_on_wheeltec_robot/launch/base_serial.launch.py
[3.688s] -- Up-to-date: /home/HwHiAiUser/wheeltec_ros2/install/turn_on_wheeltec_robot/share/turn_on_wheeltec_robot/launch/wheeltec_lidar.launch.py
[3.689s] -- Up-to-date: /home/HwHiAiUser/wheeltec_ros2/install/turn_on_wheeltec_robot/share/turn_on_wheeltec_robot/launch/wheeltec_ekf.launch.py
[3.689s] -- Up-to-date: /home/HwHiAiUser/wheeltec_ros2/install/turn_on_wheeltec_robot/share/turn_on_wheeltec_robot/launch/robot_mode_description_minibot.launch.py
[3.689s] -- Up-to-date: /home/HwHiAiUser/wheeltec_ros2/install/turn_on_wheeltec_robot/share/turn_on_wheeltec_robot/config
[3.690s] -- Up-to-date: /home/HwHiAiUser/wheeltec_ros2/install/turn_on_wheeltec_robot/share/turn_on_wheeltec_robot/config/ekf_carto.yaml
[3.690s] -- Up-to-date: /home/HwHiAiUser/wheeltec_ros2/install/turn_on_wheeltec_robot/share/turn_on_wheeltec_robot/config/imu.yaml
[3.690s] -- Up-to-date: /home/HwHiAiUser/wheeltec_ros2/install/turn_on_wheeltec_robot/share/turn_on_wheeltec_robot/config/camera_info.yaml
[3.690s] -- Up-to-date: /home/HwHiAiUser/wheeltec_ros2/install/turn_on_wheeltec_robot/share/turn_on_wheeltec_robot/config/ekf.yaml
[3.691s] -- Up-to-date: /home/HwHiAiUser/wheeltec_ros2/install/turn_on_wheeltec_robot/share/ament_index/resource_index/package_run_dependencies/turn_on_wheeltec_robot
[3.691s] -- Up-to-date: /home/HwHiAiUser/wheeltec_ros2/install/turn_on_wheeltec_robot/share/ament_index/resource_index/parent_prefix_path/turn_on_wheeltec_robot
[3.691s] -- Up-to-date: /home/HwHiAiUser/wheeltec_ros2/install/turn_on_wheeltec_robot/share/turn_on_wheeltec_robot/environment/ament_prefix_path.sh
[3.691s] -- Up-to-date: /home/HwHiAiUser/wheeltec_ros2/install/turn_on_wheeltec_robot/share/turn_on_wheeltec_robot/environment/ament_prefix_path.dsv
[3.691s] -- Up-to-date: /home/HwHiAiUser/wheeltec_ros2/install/turn_on_wheeltec_robot/share/turn_on_wheeltec_robot/environment/path.sh
[3.692s] -- Up-to-date: /home/HwHiAiUser/wheeltec_ros2/install/turn_on_wheeltec_robot/share/turn_on_wheeltec_robot/environment/path.dsv
[3.692s] -- Up-to-date: /home/HwHiAiUser/wheeltec_ros2/install/turn_on_wheeltec_robot/share/turn_on_wheeltec_robot/local_setup.bash
[3.692s] -- Up-to-date: /home/HwHiAiUser/wheeltec_ros2/install/turn_on_wheeltec_robot/share/turn_on_wheeltec_robot/local_setup.sh
[3.706s] -- Up-to-date: /home/HwHiAiUser/wheeltec_ros2/install/turn_on_wheeltec_robot/share/turn_on_wheeltec_robot/local_setup.zsh
[3.707s] -- Up-to-date: /home/HwHiAiUser/wheeltec_ros2/install/turn_on_wheeltec_robot/share/turn_on_wheeltec_robot/local_setup.dsv
[3.707s] -- Installing: /home/HwHiAiUser/wheeltec_ros2/install/turn_on_wheeltec_robot/share/turn_on_wheeltec_robot/package.dsv
[3.708s] -- Up-to-date: /home/HwHiAiUser/wheeltec_ros2/install/turn_on_wheeltec_robot/share/ament_index/resource_index/packages/turn_on_wheeltec_robot
[3.708s] -- Up-to-date: /home/HwHiAiUser/wheeltec_ros2/install/turn_on_wheeltec_robot/share/turn_on_wheeltec_robot/cmake/export_turn_on_wheeltec_robot__rosidl_generator_cExport.cmake
[3.708s] -- Up-to-date: /home/HwHiAiUser/wheeltec_ros2/install/turn_on_wheeltec_robot/share/turn_on_wheeltec_robot/cmake/export_turn_on_wheeltec_robot__rosidl_generator_cExport-release.cmake
[3.711s] -- Up-to-date: /home/HwHiAiUser/wheeltec_ros2/install/turn_on_wheeltec_robot/share/turn_on_wheeltec_robot/cmake/export_turn_on_wheeltec_robot__rosidl_typesupport_fastrtps_cExport.cmake
[3.712s] -- Up-to-date: /home/HwHiAiUser/wheeltec_ros2/install/turn_on_wheeltec_robot/share/turn_on_wheeltec_robot/cmake/export_turn_on_wheeltec_robot__rosidl_typesupport_fastrtps_cExport-release.cmake
[3.712s] -- Up-to-date: /home/HwHiAiUser/wheeltec_ros2/install/turn_on_wheeltec_robot/share/turn_on_wheeltec_robot/cmake/export_turn_on_wheeltec_robot__rosidl_generator_cppExport.cmake
[3.713s] -- Up-to-date: /home/HwHiAiUser/wheeltec_ros2/install/turn_on_wheeltec_robot/share/turn_on_wheeltec_robot/cmake/export_turn_on_wheeltec_robot__rosidl_typesupport_fastrtps_cppExport.cmake
[3.720s] -- Up-to-date: /home/HwHiAiUser/wheeltec_ros2/install/turn_on_wheeltec_robot/share/turn_on_wheeltec_robot/cmake/export_turn_on_wheeltec_robot__rosidl_typesupport_fastrtps_cppExport-release.cmake
[3.721s] -- Up-to-date: /home/HwHiAiUser/wheeltec_ros2/install/turn_on_wheeltec_robot/share/turn_on_wheeltec_robot/cmake/turn_on_wheeltec_robot__rosidl_typesupport_introspection_cExport.cmake
[3.721s] -- Up-to-date: /home/HwHiAiUser/wheeltec_ros2/install/turn_on_wheeltec_robot/share/turn_on_wheeltec_robot/cmake/turn_on_wheeltec_robot__rosidl_typesupport_introspection_cExport-release.cmake
[3.722s] -- Up-to-date: /home/HwHiAiUser/wheeltec_ros2/install/turn_on_wheeltec_robot/share/turn_on_wheeltec_robot/cmake/turn_on_wheeltec_robot__rosidl_typesupport_cExport.cmake
[3.722s] -- Up-to-date: /home/HwHiAiUser/wheeltec_ros2/install/turn_on_wheeltec_robot/share/turn_on_wheeltec_robot/cmake/turn_on_wheeltec_robot__rosidl_typesupport_cExport-release.cmake
[3.722s] -- Up-to-date: /home/HwHiAiUser/wheeltec_ros2/install/turn_on_wheeltec_robot/share/turn_on_wheeltec_robot/cmake/turn_on_wheeltec_robot__rosidl_typesupport_introspection_cppExport.cmake
[3.722s] -- Up-to-date: /home/HwHiAiUser/wheeltec_ros2/install/turn_on_wheeltec_robot/share/turn_on_wheeltec_robot/cmake/turn_on_wheeltec_robot__rosidl_typesupport_introspection_cppExport-release.cmake
[3.723s] -- Up-to-date: /home/HwHiAiUser/wheeltec_ros2/install/turn_on_wheeltec_robot/share/turn_on_wheeltec_robot/cmake/turn_on_wheeltec_robot__rosidl_typesupport_cppExport.cmake
[3.723s] -- Up-to-date: /home/HwHiAiUser/wheeltec_ros2/install/turn_on_wheeltec_robot/share/turn_on_wheeltec_robot/cmake/turn_on_wheeltec_robot__rosidl_typesupport_cppExport-release.cmake
[3.723s] -- Up-to-date: /home/HwHiAiUser/wheeltec_ros2/install/turn_on_wheeltec_robot/share/turn_on_wheeltec_robot/cmake/export_turn_on_wheeltec_robot__rosidl_generator_pyExport.cmake
[3.723s] -- Up-to-date: /home/HwHiAiUser/wheeltec_ros2/install/turn_on_wheeltec_robot/share/turn_on_wheeltec_robot/cmake/export_turn_on_wheeltec_robot__rosidl_generator_pyExport-release.cmake
[3.723s] -- Up-to-date: /home/HwHiAiUser/wheeltec_ros2/install/turn_on_wheeltec_robot/share/turn_on_wheeltec_robot/cmake/rosidl_cmake-extras.cmake
[3.724s] -- Up-to-date: /home/HwHiAiUser/wheeltec_ros2/install/turn_on_wheeltec_robot/share/turn_on_wheeltec_robot/cmake/ament_cmake_export_include_directories-extras.cmake
[3.724s] -- Up-to-date: /home/HwHiAiUser/wheeltec_ros2/install/turn_on_wheeltec_robot/share/turn_on_wheeltec_robot/cmake/ament_cmake_export_libraries-extras.cmake
[3.728s] -- Up-to-date: /home/HwHiAiUser/wheeltec_ros2/install/turn_on_wheeltec_robot/share/turn_on_wheeltec_robot/cmake/ament_cmake_export_targets-extras.cmake
[3.729s] -- Up-to-date: /home/HwHiAiUser/wheeltec_ros2/install/turn_on_wheeltec_robot/share/turn_on_wheeltec_robot/cmake/rosidl_cmake_export_typesupport_targets-extras.cmake
[3.729s] -- Up-to-date: /home/HwHiAiUser/wheeltec_ros2/install/turn_on_wheeltec_robot/share/turn_on_wheeltec_robot/cmake/ament_cmake_export_dependencies-extras.cmake
[3.729s] -- Up-to-date: /home/HwHiAiUser/wheeltec_ros2/install/turn_on_wheeltec_robot/share/turn_on_wheeltec_robot/cmake/rosidl_cmake_export_typesupport_libraries-extras.cmake
[3.729s] -- Up-to-date: /home/HwHiAiUser/wheeltec_ros2/install/turn_on_wheeltec_robot/share/turn_on_wheeltec_robot/cmake/turn_on_wheeltec_robotConfig.cmake
[3.730s] -- Up-to-date: /home/HwHiAiUser/wheeltec_ros2/install/turn_on_wheeltec_robot/share/turn_on_wheeltec_robot/cmake/turn_on_wheeltec_robotConfig-version.cmake
[3.730s] -- Up-to-date: /home/HwHiAiUser/wheeltec_ros2/install/turn_on_wheeltec_robot/share/turn_on_wheeltec_robot/package.xml
[3.731s] Invoked command in '/home/HwHiAiUser/wheeltec_ros2/build/turn_on_wheeltec_robot' returned '0': CMAKE_PREFIX_PATH=/home/HwHiAiUser/wheeltec_ros2/install/wheeltec_robot_msg:/home/HwHiAiUser/wheeltec_ros2/install/serial:/home/HwHiAiUser/wheeltec_ros2/install/ackermann_msgs:/home/HwHiAiUser/wheeltec_ros2/install/yesense_std_ros2:/home/HwHiAiUser/wheeltec_ros2/install/yesense_interface:/home/HwHiAiUser/wheeltec_ros2/install/wheeltec_rviz2:/home/HwHiAiUser/wheeltec_ros2/install/wheeltec_robot_urdf:/home/HwHiAiUser/wheeltec_ros2/install/turn_on_wheeltec_robot:/home/HwHiAiUser/wheeltec_ros2/install/web_video_server:/home/HwHiAiUser/wheeltec_ros2/install/usb_cam:/home/HwHiAiUser/wheeltec_ros2/install/rplidar_ros:/home/HwHiAiUser/wheeltec_ros2/install/lslidar_driver:/home/HwHiAiUser/wheeltec_ros2/install/lslidar_msgs:/home/HwHiAiUser/wheeltec_ros2/install/ldlidar_stl_ros2:/home/HwHiAiUser/wheeltec_ros2/install/ldlidar_sl_ros2:/home/HwHiAiUser/wheeltec_ros2/install/ldlidar:/home/HwHiAiUser/wheeltec_ros2/install/astra_camera:/home/HwHiAiUser/wheeltec_ros2/install/astra_camera_msgs:/home/HwHiAiUser/wheeltec_ros2/install/wheeltec_robot_keyboard:/home/HwHiAiUser/wheeltec_ros2/install/wheeltec_gpio_control:/home/HwHiAiUser/wheeltec_ros2/install/tf2_tools:/opt/ros/humble LD_LIBRARY_PATH=/home/HwHiAiUser/wheeltec_ros2/install/wheeltec_robot_msg/lib:/home/HwHiAiUser/wheeltec_ros2/install/ackermann_msgs/lib:/usr/lib/aarch64-linux-gnu:/usr/lib:/home/HwHiAiUser/work/Mind_SDK/mxVision/operators/ascendc/vendors/customize/op_api/lib:/home/HwHiAiUser/work/Mind_SDK/mxVision/lib/modelpostprocessors:/home/HwHiAiUser/work/Mind_SDK/mxVision/lib:/home/HwHiAiUser/work/Mind_SDK/mxVision/opensource/lib:/home/HwHiAiUser/work/Mind_SDK/mxVision/opensource/lib64:/home/HwHiAiUser/Ascend/ascend-toolkit/latest/tools/aml/lib64:/home/HwHiAiUser/Ascend/ascend-toolkit/latest/tools/aml/lib64/plugin:/home/HwHiAiUser/Ascend/ascend-toolkit/latest/lib64:/home/HwHiAiUser/Ascend/ascend-toolkit/latest/lib64/plugin/opskernel:/home/HwHiAiUser/Ascend/ascend-toolkit/latest/lib64/plugin/nnengine:/home/HwHiAiUser/Ascend/ascend-toolkit/latest/opp/built-in/op_impl/ai_core/tbe/op_tiling/lib/linux/aarch64:/var/davinci/driver/lib64:/var/davinci/driver/lib64/common:/var/davinci/driver/lib64/driver:/home/HwHiAiUser/wheeltec_ros2/install/yesense_interface/lib:/home/HwHiAiUser/wheeltec_ros2/install/turn_on_wheeltec_robot/lib:/home/HwHiAiUser/wheeltec_ros2/install/usb_cam/lib:/home/HwHiAiUser/wheeltec_ros2/install/serial/lib:/home/HwHiAiUser/wheeltec_ros2/install/lslidar_msgs/lib:/home/HwHiAiUser/wheeltec_ros2/install/astra_camera/lib:/home/HwHiAiUser/wheeltec_ros2/install/astra_camera_msgs/lib:/opt/ros/humble/opt/rviz_ogre_vendor/lib:/opt/ros/humble/lib/aarch64-linux-gnu:/opt/ros/humble/lib:/usr/local/Ascend/ascend-toolkit/latest/tools/aml/lib64:/usr/local/Ascend/ascend-toolkit/latest/tools/aml/lib64/plugin:/usr/local/Ascend/ascend-toolkit/latest/lib64:/usr/local/Ascend/ascend-toolkit/latest/lib64/plugin/opskernel:/usr/local/Ascend/ascend-toolkit/latest/lib64/plugin/nnengine:/usr/local/Ascend/ascend-toolkit/latest/opp/built-in/op_impl/ai_core/tbe/op_tiling/lib/linux/aarch64:/lib64:/var/davinci/driver/lib64:/var/davinci/driver/lib64/common:/var/davinci/driver/lib64/driver:/usr/local/Ascend/ascend-toolkit/laster/runtime/lib64/stub/aarch64:/usr/local/Ascend/ascend-toolkit/laster/lib64:/usr/local/Ascend/ascend-toolkit/laster/lib64/plugin/opskernel:/usr/local/Ascend/ascend-toolkit/laster/lib64/plugin/nnengine:/usr/local/Ascend/ascend-toolkit/laster/opp/built-in/op_impl/ai_core/tbe/op_tiling:/usr/local/Ascend/driver/lib64:/var/davinci/driver/lib64:/var/davinci/driver/lib64/common:/var/davinci/driver/lib64/driver _=/usr/bin/env /usr/bin/cmake --install /home/HwHiAiUser/wheeltec_ros2/build/turn_on_wheeltec_robot
