[0.027s] Invoking command in '/home/HwHiAiUser/wheeltec_ros2/build/qt_robot_control': CMAKE_PREFIX_PATH=${CMAKE_PREFIX_PATH}:/home/HwHiAiUser/wheeltec_ros2/install/wheeltec_robot_keyboard:/home/HwHiAiUser/wheeltec_ros2/install/wheeltec_gpio_control:/home/HwHiAiUser/wheeltec_ros2/install/tf2_tools:/opt/ros/humble _=/usr/bin/env /usr/bin/cmake /home/HwHiAiUser/wheeltec_ros2/src/qt_robot_control -DCMAKE_INSTALL_PREFIX=/home/HwHiAiUser/wheeltec_ros2/install/qt_robot_control
[0.056s] -- Found ament_cmake: 1.3.12 (/opt/ros/humble/share/ament_cmake/cmake)
[0.461s] -- Found rclcpp: 16.0.15 (/opt/ros/humble/share/rclcpp/cmake)
[0.529s] -- Found rosidl_generator_c: 3.1.7 (/opt/ros/humble/share/rosidl_generator_c/cmake)
[0.535s] -- Found rosidl_adapter: 3.1.7 (/opt/ros/humble/share/rosidl_adapter/cmake)
[0.550s] -- Found rosidl_generator_cpp: 3.1.7 (/opt/ros/humble/share/rosidl_generator_cpp/cmake)
[0.576s] -- Using all available rosidl_typesupport_c: rosidl_typesupport_fastrtps_c;rosidl_typesupport_introspection_c
[0.608s] -- Using all available rosidl_typesupport_cpp: rosidl_typesupport_fastrtps_cpp;rosidl_typesupport_introspection_cpp
[0.687s] -- Found rmw_implementation_cmake: 6.1.2 (/opt/ros/humble/share/rmw_implementation_cmake/cmake)
[0.691s] -- Found rmw_fastrtps_cpp: 6.2.9 (/opt/ros/humble/share/rmw_fastrtps_cpp/cmake)
[0.922s] -- Using RMW implementation 'rmw_fastrtps_cpp' as default
[1.043s] -- Found sensor_msgs: 4.9.0 (/opt/ros/humble/share/sensor_msgs/cmake)
[1.116s] -- Found nav_msgs: 4.9.0 (/opt/ros/humble/share/nav_msgs/cmake)
[1.158s] -- Found cv_bridge: 3.2.1 (/opt/ros/humble/share/cv_bridge/cmake)
[1.179s] -- Found image_transport: 3.1.12 (/opt/ros/humble/share/image_transport/cmake)
[1.238s] -- Found tf2_ros: 0.25.16 (/opt/ros/humble/share/tf2_ros/cmake)
[1.430s] -- Found tf2_geometry_msgs: 0.25.16 (/opt/ros/humble/share/tf2_geometry_msgs/cmake)
[1.437s] -- Found eigen3_cmake_module: 0.1.1 (/opt/ros/humble/share/eigen3_cmake_module/cmake)
[1.440s] -- Ensuring Eigen3 include directory is part of orocos-kdl CMake target
[1.444s] -- Found rviz_common: 11.2.22 (/opt/ros/humble/share/rviz_common/cmake)
[1.467s] -- Setting assimp_DIR to: '/opt/ros/humble/share/rviz_assimp_vendor/cmake/../../../opt/rviz_assimp_vendor/lib/cmake/assimp-4.1'
[1.477s] -- Setting OGRE_DIR to: '/opt/ros/humble/share/rviz_ogre_vendor/cmake/../../../opt/rviz_ogre_vendor/lib/OGRE/cmake'
[1.480s] -- Found OGRE
[1.480s] --   static     : OFF
[1.481s] --   components : HLMS;MeshLodGenerator;Overlay;Paging;Property;RTShaderSystem;Terrain;Volume
[1.481s] --   plugins    : Plugin_BSPSceneManager;Plugin_OctreeSceneManager;Plugin_PCZSceneManager;Plugin_ParticleFX;RenderSystem_GL;RenderSystem_GL3Plus;Codec_STBI
[1.481s] --   media      : /opt/ros/humble/opt/rviz_ogre_vendor/share/OGRE/Media
[1.481s] -- OGRE_LIBRARIES: OgreHLMS;OgreMeshLodGenerator;OgreOverlay;OgrePaging;OgreProperty;OgreRTShaderSystem;OgreTerrain;OgreVolume;OgreMain
[1.481s] -- OGRE_LIBRARY_DIRS: /opt/ros/humble/opt/rviz_ogre_vendor/lib
[1.482s] -- OGRE_PLUGINS: Plugin_BSPSceneManager;Plugin_OctreeSceneManager;Plugin_PCZSceneManager;Plugin_ParticleFX;RenderSystem_GL;RenderSystem_GL3Plus;Codec_STBI
[1.482s] -- OGRE_PLUGIN_DIR: /opt/ros/humble/opt/rviz_ogre_vendor/lib/OGRE
[1.482s] -- rviz_ogre_vendor::OgreOverlay for IMPORTED_LOCATION_RELEASE: /opt/ros/humble/opt/rviz_ogre_vendor/lib/libOgreOverlay.so
[1.482s] -- rviz_ogre_vendor::OgreOverlay for IMPORTED_LOCATION_DEBUG: /opt/ros/humble/opt/rviz_ogre_vendor/lib/libOgreOverlay.so
[1.482s] -- rviz_ogre_vendor::OgreMain for IMPORTED_LOCATION_RELEASE: /opt/ros/humble/opt/rviz_ogre_vendor/lib/libOgreMain.so
[1.482s] -- rviz_ogre_vendor::OgreMain for IMPORTED_LOCATION_DEBUG: /opt/ros/humble/opt/rviz_ogre_vendor/lib/libOgreMain.so
[1.485s] -- Could not find freeimage library
[1.655s] -- library: /usr/lib/aarch64-linux-gnu/libcurl.so
[1.699s] -- Found ament_lint_auto: 0.12.14 (/opt/ros/humble/share/ament_lint_auto/cmake)
[1.932s] -- Added test 'copyright' to check source files copyright and LICENSE
[1.935s] -- Added test 'cppcheck' to perform static code analysis on C / C++ code
[1.936s] -- Configured cppcheck include dirs: /home/HwHiAiUser/wheeltec_ros2/src/qt_robot_control/include
[1.936s] -- Configured cppcheck exclude dirs and/or files: 
[1.938s] -- Added test 'cpplint' to check C / C++ code against the Google style
[1.939s] -- Configured cpplint exclude dirs and/or files: 
[1.940s] -- Added test 'flake8' to check Python code syntax and style conventions
[1.941s] -- Added test 'lint_cmake' to check CMake code style
[1.943s] -- Added test 'pep257' to check Python code against some of the docstring style conventions in PEP 257
[1.945s] -- Added test 'uncrustify' to check C / C++ code style
[1.945s] -- Configured uncrustify additional arguments: 
[1.946s] -- Added test 'xmllint' to check XML markup files
[1.950s] -- Configuring done
[2.082s] [31mCMake Error at CMakeLists.txt:54 (add_executable):
[2.082s]   Target "qt_robot_control" links to target "sensor_msgs::sensor_msgs" but
[2.083s]   the target was not found.  Perhaps a find_package() call is missing for an
[2.083s]   IMPORTED target, or an ALIAS target is missing?
[2.083s] 
[2.083s] [0m
[2.084s] [31mCMake Error at CMakeLists.txt:54 (add_executable):
[2.084s]   Target "qt_robot_control" links to target "nav_msgs::nav_msgs" but the
[2.084s]   target was not found.  Perhaps a find_package() call is missing for an
[2.084s]   IMPORTED target, or an ALIAS target is missing?
[2.084s] 
[2.085s] [0m
[2.085s] [31mCMake Error at CMakeLists.txt:54 (add_executable):
[2.085s]   Target "qt_robot_control" links to target "geometry_msgs::geometry_msgs"
[2.085s]   but the target was not found.  Perhaps a find_package() call is missing for
[2.085s]   an IMPORTED target, or an ALIAS target is missing?
[2.085s] 
[2.086s] [0m
[2.086s] [31mCMake Error at CMakeLists.txt:54 (add_executable):
[2.086s]   Target "qt_robot_control" links to target "std_msgs::std_msgs" but the
[2.086s]   target was not found.  Perhaps a find_package() call is missing for an
[2.086s]   IMPORTED target, or an ALIAS target is missing?
[2.086s] 
[2.087s] [0m
[2.114s] -- Generating done
[2.119s] [0mCMake Generate step failed.  Build files cannot be regenerated correctly.[0m
[2.153s] Invoked command in '/home/HwHiAiUser/wheeltec_ros2/build/qt_robot_control' returned '1': CMAKE_PREFIX_PATH=${CMAKE_PREFIX_PATH}:/home/HwHiAiUser/wheeltec_ros2/install/wheeltec_robot_keyboard:/home/HwHiAiUser/wheeltec_ros2/install/wheeltec_gpio_control:/home/HwHiAiUser/wheeltec_ros2/install/tf2_tools:/opt/ros/humble _=/usr/bin/env /usr/bin/cmake /home/HwHiAiUser/wheeltec_ros2/src/qt_robot_control -DCMAKE_INSTALL_PREFIX=/home/HwHiAiUser/wheeltec_ros2/install/qt_robot_control
