[0.048s] Invoking command in '/home/HwHiAiUser/wheeltec_ros2/build/usb_cam': CMAKE_PREFIX_PATH=/opt/ros/humble _=/usr/bin/env /usr/bin/cmake /home/HwHiAiUser/wheeltec_ros2/src/usb_cam-ros2 -DCMAKE_INSTALL_PREFIX=/home/HwHiAiUser/wheeltec_ros2/install/usb_cam
[0.258s] -- The C compiler identification is GNU 11.4.0
[0.471s] -- The CXX compiler identification is GNU 11.4.0
[0.495s] -- Detecting C compiler ABI info
[0.807s] -- Detecting C compiler ABI info - done
[0.854s] -- Check for working C compiler: /usr/bin/cc - skipped
[0.855s] -- Detecting C compile features
[0.857s] -- Detecting C compile features - done
[0.882s] -- Detecting CXX compiler ABI info
[1.230s] -- Detecting CXX compiler ABI info - done
[1.274s] -- Check for working CXX compiler: /usr/bin/c++ - skipped
[1.275s] -- Detecting CXX compile features
[1.285s] -- Detecting CXX compile features - done
[1.293s] -- Found ament_cmake_auto: 1.3.12 (/opt/ros/humble/share/ament_cmake_auto/cmake)
[2.009s] -- Found Python3: /usr/bin/python3 (found version "3.10.12") found components: Interpreter 
[2.880s] -- Found rosidl_generator_c: 3.1.7 (/opt/ros/humble/share/rosidl_generator_c/cmake)
[2.898s] -- Found rosidl_adapter: 3.1.7 (/opt/ros/humble/share/rosidl_adapter/cmake)
[2.921s] -- Found rosidl_generator_cpp: 3.1.7 (/opt/ros/humble/share/rosidl_generator_cpp/cmake)
[2.956s] -- Using all available rosidl_typesupport_c: rosidl_typesupport_fastrtps_c;rosidl_typesupport_introspection_c
[3.005s] -- Using all available rosidl_typesupport_cpp: rosidl_typesupport_fastrtps_cpp;rosidl_typesupport_introspection_cpp
[3.303s] -- Found rmw_implementation_cmake: 6.1.2 (/opt/ros/humble/share/rmw_implementation_cmake/cmake)
[3.313s] -- Found rmw_fastrtps_cpp: 6.2.9 (/opt/ros/humble/share/rmw_fastrtps_cpp/cmake)
[3.565s] -- Found OpenSSL: /usr/lib/aarch64-linux-gnu/libcrypto.so (found version "3.0.2")  
[3.645s] -- Found FastRTPS: /opt/ros/humble/include  
[3.769s] -- Using RMW implementation 'rmw_fastrtps_cpp' as default
[3.806s] -- Looking for pthread.h
[4.153s] -- Looking for pthread.h - found
[4.154s] -- Performing Test CMAKE_HAVE_LIBC_PTHREAD
[4.485s] -- Performing Test CMAKE_HAVE_LIBC_PTHREAD - Success
[4.495s] -- Found Threads: TRUE  
[4.957s] -- Found OpenCV: /usr (found version "4.5.4") 
[4.972s] -- Found PkgConfig: /usr/bin/pkg-config (found version "0.29.2") 
[4.972s] -- Checking for module 'libavcodec'
[5.011s] --   Found libavcodec, version 58.134.100
[5.116s] -- Checking for module 'libavutil'
[5.158s] --   Found libavutil, version 56.70.100
[5.260s] -- Checking for module 'libswscale'
[5.303s] --   Found libswscale, version 5.9.100
[5.433s] -- Found ament_lint_auto: 0.12.14 (/opt/ros/humble/share/ament_lint_auto/cmake)
[5.477s] -- Found gtest sources under '/opt/ros/humble/src/gtest_vendor': C++ tests using 'Google Test' will be built
[5.500s] [0mIn this package, headers install destination is set to `include` by ament_auto_package. It is recommended to install `include/usb_cam` instead and will be the default behavior of ament_auto_package from ROS 2 Kilted Kaiju. On distributions before Kilted, ament_auto_package behaves the same way when you use USE_SCOPED_HEADER_INSTALL_DIR option.[0m
[5.529s] -- Added test 'copyright' to check source files copyright and LICENSE
[5.536s] -- Added test 'cppcheck' to perform static code analysis on C / C++ code
[5.538s] -- Configured cppcheck include dirs: /home/HwHiAiUser/wheeltec_ros2/src/usb_cam-ros2/include
[5.540s] -- Configured cppcheck exclude dirs and/or files: 
[5.545s] -- Added test 'cpplint' to check C / C++ code against the Google style
[5.546s] -- Configured cpplint exclude dirs and/or files: 
[5.549s] -- Added test 'flake8' to check Python code syntax and style conventions
[5.552s] -- Added test 'lint_cmake' to check CMake code style
[5.554s] -- Added test 'pep257' to check Python code against some of the docstring style conventions in PEP 257
[5.559s] -- Added test 'uncrustify' to check C / C++ code style
[5.560s] -- Configured uncrustify additional arguments: 
[5.563s] -- Added test 'xmllint' to check XML markup files
[5.584s] -- Configuring done
[5.740s] -- Generating done
[5.785s] -- Build files have been written to: /home/HwHiAiUser/wheeltec_ros2/build/usb_cam
[5.843s] Invoked command in '/home/HwHiAiUser/wheeltec_ros2/build/usb_cam' returned '0': CMAKE_PREFIX_PATH=/opt/ros/humble _=/usr/bin/env /usr/bin/cmake /home/HwHiAiUser/wheeltec_ros2/src/usb_cam-ros2 -DCMAKE_INSTALL_PREFIX=/home/HwHiAiUser/wheeltec_ros2/install/usb_cam
[5.844s] Invoking command in '/home/HwHiAiUser/wheeltec_ros2/build/usb_cam': CMAKE_PREFIX_PATH=/opt/ros/humble _=/usr/bin/env /usr/bin/cmake --build /home/HwHiAiUser/wheeltec_ros2/build/usb_cam -- -j4 -l4
[5.992s] [  7%] [32mBuilding CXX object CMakeFiles/usb_cam.dir/src/usb_cam.cpp.o[0m
[12.199s] [ 14%] [32m[1mLinking CXX shared library libusb_cam.so[0m
[13.221s] [ 14%] Built target usb_cam
[13.286s] [ 21%] [32mBuilding CXX object gtest/CMakeFiles/gtest.dir/src/gtest-all.cc.o[0m
[26.047s] [ 28%] [32m[1mLinking CXX static library libgtest.a[0m
[26.298s] [ 28%] Built target gtest
[26.375s] [ 35%] [32mBuilding CXX object CMakeFiles/usb_cam_node.dir/src/usb_cam_node.cpp.o[0m
[50.250s] [ 42%] [32m[1mLinking CXX shared library libusb_cam_node.so[0m
[52.061s] [ 42%] Built target usb_cam_node
[52.128s] [ 50%] [32mBuilding CXX object gtest/CMakeFiles/gtest_main.dir/src/gtest_main.cc.o[0m
[54.766s] [ 57%] [32m[1mLinking CXX static library libgtest_main.a[0m
[54.867s] [ 57%] Built target gtest_main
[54.956s] [ 64%] [32mBuilding CXX object CMakeFiles/usb_cam_node_exe.dir/rclcpp_components/node_main_usb_cam_node_exe.cpp.o[0m
[68.654s] [ 71%] [32m[1mLinking CXX executable usb_cam_node_exe[0m
[69.425s] [ 71%] Built target usb_cam_node_exe
[69.496s] [ 78%] [32mBuilding CXX object CMakeFiles/test_pixel_formats.dir/test/test_pixel_formats.cpp.o[0m
[72.622s] [ 85%] [32m[1mLinking CXX executable test_pixel_formats[0m
[73.632s] [ 85%] Built target test_pixel_formats
[73.717s] [ 92%] [32mBuilding CXX object CMakeFiles/test_usb_cam_utils.dir/test/test_usb_cam_utils.cpp.o[0m
[76.943s] [100%] [32m[1mLinking CXX executable test_usb_cam_utils[0m
[77.993s] [100%] Built target test_usb_cam_utils
[78.041s] Invoked command in '/home/HwHiAiUser/wheeltec_ros2/build/usb_cam' returned '0': CMAKE_PREFIX_PATH=/opt/ros/humble _=/usr/bin/env /usr/bin/cmake --build /home/HwHiAiUser/wheeltec_ros2/build/usb_cam -- -j4 -l4
[78.053s] Invoking command in '/home/HwHiAiUser/wheeltec_ros2/build/usb_cam': CMAKE_PREFIX_PATH=/opt/ros/humble _=/usr/bin/env /usr/bin/cmake --install /home/HwHiAiUser/wheeltec_ros2/build/usb_cam
[78.097s] -- Install configuration: ""
[78.099s] -- Installing: /home/HwHiAiUser/wheeltec_ros2/install/usb_cam/share/usb_cam/environment/library_path.sh
[78.101s] -- Installing: /home/HwHiAiUser/wheeltec_ros2/install/usb_cam/share/usb_cam/environment/library_path.dsv
[78.106s] -- Installing: /home/HwHiAiUser/wheeltec_ros2/install/usb_cam/lib/usb_cam/usb_cam_node_exe
[78.115s] -- Set runtime path of "/home/HwHiAiUser/wheeltec_ros2/install/usb_cam/lib/usb_cam/usb_cam_node_exe" to ""
[78.116s] -- Installing: /home/HwHiAiUser/wheeltec_ros2/install/usb_cam/lib/usb_cam/show_image.py
[78.116s] -- Installing: /home/HwHiAiUser/wheeltec_ros2/install/usb_cam/lib/libusb_cam.so
[78.119s] -- Installing: /home/HwHiAiUser/wheeltec_ros2/install/usb_cam/lib/libusb_cam_node.so
[78.136s] -- Set runtime path of "/home/HwHiAiUser/wheeltec_ros2/install/usb_cam/lib/libusb_cam_node.so" to ""
[78.137s] -- Installing: /home/HwHiAiUser/wheeltec_ros2/install/usb_cam/include
[78.138s] -- Installing: /home/HwHiAiUser/wheeltec_ros2/install/usb_cam/include/usb_cam
[78.138s] -- Installing: /home/HwHiAiUser/wheeltec_ros2/install/usb_cam/include/usb_cam/usb_cam.hpp
[78.140s] -- Installing: /home/HwHiAiUser/wheeltec_ros2/install/usb_cam/include/usb_cam/constants.hpp
[78.142s] -- Installing: /home/HwHiAiUser/wheeltec_ros2/install/usb_cam/include/usb_cam/formats
[78.144s] -- Installing: /home/HwHiAiUser/wheeltec_ros2/install/usb_cam/include/usb_cam/formats/uyvy.hpp
[78.146s] -- Installing: /home/HwHiAiUser/wheeltec_ros2/install/usb_cam/include/usb_cam/formats/mjpeg.hpp
[78.150s] -- Installing: /home/HwHiAiUser/wheeltec_ros2/install/usb_cam/include/usb_cam/formats/yuyv.hpp
[78.152s] -- Installing: /home/HwHiAiUser/wheeltec_ros2/install/usb_cam/include/usb_cam/formats/mono.hpp
[78.152s] -- Installing: /home/HwHiAiUser/wheeltec_ros2/install/usb_cam/include/usb_cam/formats/utils.hpp
[78.154s] -- Installing: /home/HwHiAiUser/wheeltec_ros2/install/usb_cam/include/usb_cam/formats/pixel_format_base.hpp
[78.155s] -- Installing: /home/HwHiAiUser/wheeltec_ros2/install/usb_cam/include/usb_cam/formats/rgb.hpp
[78.157s] -- Installing: /home/HwHiAiUser/wheeltec_ros2/install/usb_cam/include/usb_cam/formats/m420.hpp
[78.160s] -- Installing: /home/HwHiAiUser/wheeltec_ros2/install/usb_cam/include/usb_cam/utils.hpp
[78.162s] -- Installing: /home/HwHiAiUser/wheeltec_ros2/install/usb_cam/include/usb_cam/conversions.hpp
[78.163s] -- Installing: /home/HwHiAiUser/wheeltec_ros2/install/usb_cam/include/usb_cam/usb_cam_node.hpp
[78.165s] -- Up-to-date: /home/HwHiAiUser/wheeltec_ros2/install/usb_cam/lib/libusb_cam_node.so
[78.167s] -- Installing: /home/HwHiAiUser/wheeltec_ros2/install/usb_cam/share/usb_cam/launch
[78.167s] -- Installing: /home/HwHiAiUser/wheeltec_ros2/install/usb_cam/share/usb_cam/launch/demo.launch.py
[78.168s] -- Installing: /home/HwHiAiUser/wheeltec_ros2/install/usb_cam/share/usb_cam/launch/usb_cam_launch.py
[78.170s] -- Installing: /home/HwHiAiUser/wheeltec_ros2/install/usb_cam/share/usb_cam/config
[78.171s] -- Installing: /home/HwHiAiUser/wheeltec_ros2/install/usb_cam/share/usb_cam/config/camera_info.yaml
[78.172s] -- Installing: /home/HwHiAiUser/wheeltec_ros2/install/usb_cam/share/usb_cam/config/params.yaml
[78.177s] -- Installing: /home/HwHiAiUser/wheeltec_ros2/install/usb_cam/share/ament_index/resource_index/package_run_dependencies/usb_cam
[78.178s] -- Installing: /home/HwHiAiUser/wheeltec_ros2/install/usb_cam/share/ament_index/resource_index/parent_prefix_path/usb_cam
[78.179s] -- Installing: /home/HwHiAiUser/wheeltec_ros2/install/usb_cam/share/usb_cam/environment/ament_prefix_path.sh
[78.179s] -- Installing: /home/HwHiAiUser/wheeltec_ros2/install/usb_cam/share/usb_cam/environment/ament_prefix_path.dsv
[78.181s] -- Installing: /home/HwHiAiUser/wheeltec_ros2/install/usb_cam/share/usb_cam/environment/path.sh
[78.182s] -- Installing: /home/HwHiAiUser/wheeltec_ros2/install/usb_cam/share/usb_cam/environment/path.dsv
[78.183s] -- Installing: /home/HwHiAiUser/wheeltec_ros2/install/usb_cam/share/usb_cam/local_setup.bash
[78.185s] -- Installing: /home/HwHiAiUser/wheeltec_ros2/install/usb_cam/share/usb_cam/local_setup.sh
[78.186s] -- Installing: /home/HwHiAiUser/wheeltec_ros2/install/usb_cam/share/usb_cam/local_setup.zsh
[78.187s] -- Installing: /home/HwHiAiUser/wheeltec_ros2/install/usb_cam/share/usb_cam/local_setup.dsv
[78.188s] -- Installing: /home/HwHiAiUser/wheeltec_ros2/install/usb_cam/share/usb_cam/package.dsv
[78.189s] -- Installing: /home/HwHiAiUser/wheeltec_ros2/install/usb_cam/share/ament_index/resource_index/packages/usb_cam
[78.191s] -- Installing: /home/HwHiAiUser/wheeltec_ros2/install/usb_cam/share/ament_index/resource_index/rclcpp_components/usb_cam
[78.191s] -- Installing: /home/HwHiAiUser/wheeltec_ros2/install/usb_cam/share/usb_cam/cmake/ament_cmake_export_libraries-extras.cmake
[78.192s] -- Installing: /home/HwHiAiUser/wheeltec_ros2/install/usb_cam/share/usb_cam/cmake/ament_cmake_export_dependencies-extras.cmake
[78.194s] -- Installing: /home/HwHiAiUser/wheeltec_ros2/install/usb_cam/share/usb_cam/cmake/ament_cmake_export_include_directories-extras.cmake
[78.194s] -- Installing: /home/HwHiAiUser/wheeltec_ros2/install/usb_cam/share/usb_cam/cmake/usb_camConfig.cmake
[78.197s] -- Installing: /home/HwHiAiUser/wheeltec_ros2/install/usb_cam/share/usb_cam/cmake/usb_camConfig-version.cmake
[78.197s] -- Installing: /home/HwHiAiUser/wheeltec_ros2/install/usb_cam/share/usb_cam/package.xml
[78.214s] Invoked command in '/home/HwHiAiUser/wheeltec_ros2/build/usb_cam' returned '0': CMAKE_PREFIX_PATH=/opt/ros/humble _=/usr/bin/env /usr/bin/cmake --install /home/HwHiAiUser/wheeltec_ros2/build/usb_cam
