[0.133s] Invoking command in '/home/HwHiAiUser/wheeltec_ros2/build/serial': CMAKE_PREFIX_PATH=${CMAKE_PREFIX_PATH}:/home/HwHiAiUser/wheeltec_ros2/install/wheeltec_robot_keyboard:/home/HwHiAiUser/wheeltec_ros2/install/wheeltec_gpio_control:/home/HwHiAiUser/wheeltec_ros2/install/tf2_tools:/opt/ros/humble _=/usr/bin/env /usr/bin/cmake --build /home/HwHiAiUser/wheeltec_ros2/build/serial -- -j4 -l4
[0.441s] [100%] Built target serial
[0.510s] Invoked command in '/home/HwHiAiUser/wheeltec_ros2/build/serial' returned '0': CMAKE_PREFIX_PATH=${CMAKE_PREFIX_PATH}:/home/HwHiAiUser/wheeltec_ros2/install/wheeltec_robot_keyboard:/home/HwHiAiUser/wheeltec_ros2/install/wheeltec_gpio_control:/home/HwHiAiUser/wheeltec_ros2/install/tf2_tools:/opt/ros/humble _=/usr/bin/env /usr/bin/cmake --build /home/HwHiAiUser/wheeltec_ros2/build/serial -- -j4 -l4
[0.574s] Invoking command in '/home/HwHiAiUser/wheeltec_ros2/build/serial': CMAKE_PREFIX_PATH=${CMAKE_PREFIX_PATH}:/home/HwHiAiUser/wheeltec_ros2/install/wheeltec_robot_keyboard:/home/HwHiAiUser/wheeltec_ros2/install/wheeltec_gpio_control:/home/HwHiAiUser/wheeltec_ros2/install/tf2_tools:/opt/ros/humble _=/usr/bin/env /usr/bin/cmake --install /home/HwHiAiUser/wheeltec_ros2/build/serial
[0.619s] -- Install configuration: ""
[0.621s] -- Up-to-date: /home/HwHiAiUser/wheeltec_ros2/install/serial/lib/libserial.a
[0.622s] -- Up-to-date: /home/HwHiAiUser/wheeltec_ros2/install/serial/share/serial/environment/library_path.sh
[0.623s] -- Up-to-date: /home/HwHiAiUser/wheeltec_ros2/install/serial/share/serial/environment/library_path.dsv
[0.624s] -- Up-to-date: /home/HwHiAiUser/wheeltec_ros2/install/serial/include/serial
[0.625s] -- Up-to-date: /home/HwHiAiUser/wheeltec_ros2/install/serial/include/serial/impl
[0.626s] -- Up-to-date: /home/HwHiAiUser/wheeltec_ros2/install/serial/include/serial/impl/unix.h
[0.627s] -- Up-to-date: /home/HwHiAiUser/wheeltec_ros2/install/serial/include/serial/impl/win.h
[0.627s] -- Up-to-date: /home/HwHiAiUser/wheeltec_ros2/install/serial/include/serial/serial.h
[0.628s] -- Up-to-date: /home/HwHiAiUser/wheeltec_ros2/install/serial/include/serial/v8stdint.h
[0.629s] -- Up-to-date: /home/HwHiAiUser/wheeltec_ros2/install/serial/share/ament_index/resource_index/package_run_dependencies/serial
[0.630s] -- Up-to-date: /home/HwHiAiUser/wheeltec_ros2/install/serial/share/ament_index/resource_index/parent_prefix_path/serial
[0.631s] -- Up-to-date: /home/HwHiAiUser/wheeltec_ros2/install/serial/share/serial/environment/ament_prefix_path.sh
[0.632s] -- Up-to-date: /home/HwHiAiUser/wheeltec_ros2/install/serial/share/serial/environment/ament_prefix_path.dsv
[0.633s] -- Up-to-date: /home/HwHiAiUser/wheeltec_ros2/install/serial/share/serial/environment/path.sh
[0.634s] -- Up-to-date: /home/HwHiAiUser/wheeltec_ros2/install/serial/share/serial/environment/path.dsv
[0.634s] -- Up-to-date: /home/HwHiAiUser/wheeltec_ros2/install/serial/share/serial/local_setup.bash
[0.635s] -- Up-to-date: /home/HwHiAiUser/wheeltec_ros2/install/serial/share/serial/local_setup.sh
[0.636s] -- Up-to-date: /home/HwHiAiUser/wheeltec_ros2/install/serial/share/serial/local_setup.zsh
[0.637s] -- Up-to-date: /home/HwHiAiUser/wheeltec_ros2/install/serial/share/serial/local_setup.dsv
[0.638s] -- Installing: /home/HwHiAiUser/wheeltec_ros2/install/serial/share/serial/package.dsv
[0.642s] -- Up-to-date: /home/HwHiAiUser/wheeltec_ros2/install/serial/share/ament_index/resource_index/packages/serial
[0.643s] -- Up-to-date: /home/HwHiAiUser/wheeltec_ros2/install/serial/share/serial/cmake/ament_cmake_export_include_directories-extras.cmake
[0.643s] -- Up-to-date: /home/HwHiAiUser/wheeltec_ros2/install/serial/share/serial/cmake/ament_cmake_export_libraries-extras.cmake
[0.645s] -- Up-to-date: /home/HwHiAiUser/wheeltec_ros2/install/serial/share/serial/cmake/ament_cmake_export_dependencies-extras.cmake
[0.646s] -- Up-to-date: /home/HwHiAiUser/wheeltec_ros2/install/serial/share/serial/cmake/serialConfig.cmake
[0.646s] -- Up-to-date: /home/HwHiAiUser/wheeltec_ros2/install/serial/share/serial/cmake/serialConfig-version.cmake
[0.647s] -- Up-to-date: /home/HwHiAiUser/wheeltec_ros2/install/serial/share/serial/package.xml
[0.661s] Invoked command in '/home/HwHiAiUser/wheeltec_ros2/build/serial' returned '0': CMAKE_PREFIX_PATH=${CMAKE_PREFIX_PATH}:/home/HwHiAiUser/wheeltec_ros2/install/wheeltec_robot_keyboard:/home/HwHiAiUser/wheeltec_ros2/install/wheeltec_gpio_control:/home/HwHiAiUser/wheeltec_ros2/install/tf2_tools:/opt/ros/humble _=/usr/bin/env /usr/bin/cmake --install /home/HwHiAiUser/wheeltec_ros2/build/serial
