[0.117s] Invoking command in '/home/HwHiAiUser/wheeltec_ros2/build/astra_camera_msgs': CMAKE_PREFIX_PATH=${CMAKE_PREFIX_PATH}:/home/HwHiAiUser/wheeltec_ros2/install/wheeltec_robot_keyboard:/home/HwHiAiUser/wheeltec_ros2/install/wheeltec_gpio_control:/home/HwHiAiUser/wheeltec_ros2/install/tf2_tools:/opt/ros/humble _=/usr/bin/env /usr/bin/cmake --build /home/HwHiAiUser/wheeltec_ros2/build/astra_camera_msgs -- -j4 -l4
[0.305s] [  1%] Built target astra_camera_msgs__cpp
[0.423s] [  1%] Built target ament_cmake_python_copy_astra_camera_msgs
[0.573s] [ 12%] Built target astra_camera_msgs__rosidl_typesupport_fastrtps_cpp
[0.746s] [ 24%] Built target astra_camera_msgs__rosidl_typesupport_introspection_cpp
[2.669s] running egg_info
[2.675s] writing astra_camera_msgs.egg-info/PKG-INFO
[2.677s] writing dependency_links to astra_camera_msgs.egg-info/dependency_links.txt
[2.679s] writing top-level names to astra_camera_msgs.egg-info/top_level.txt
[2.702s] reading manifest file 'astra_camera_msgs.egg-info/SOURCES.txt'
[2.715s] writing manifest file 'astra_camera_msgs.egg-info/SOURCES.txt'
[3.058s] [ 24%] Built target ament_cmake_python_build_astra_camera_msgs_egg
[3.211s] [ 35%] Built target astra_camera_msgs__rosidl_typesupport_cpp
[3.363s] [ 47%] Built target astra_camera_msgs__rosidl_generator_c
[3.582s] [ 58%] Built target astra_camera_msgs__rosidl_typesupport_fastrtps_c
[3.759s] [ 70%] Built target astra_camera_msgs__rosidl_typesupport_c
[3.938s] [ 82%] Built target astra_camera_msgs__rosidl_typesupport_introspection_c
[4.107s] [ 82%] Built target astra_camera_msgs
[4.229s] [ 83%] Built target astra_camera_msgs__py
[4.314s] [ 93%] Built target astra_camera_msgs__rosidl_generator_py
[4.427s] [ 95%] Built target astra_camera_msgs__rosidl_typesupport_fastrtps_c__pyext
[4.507s] [ 97%] Built target astra_camera_msgs__rosidl_typesupport_c__pyext
[4.621s] [100%] Built target astra_camera_msgs__rosidl_typesupport_introspection_c__pyext
[4.746s] Invoked command in '/home/HwHiAiUser/wheeltec_ros2/build/astra_camera_msgs' returned '0': CMAKE_PREFIX_PATH=${CMAKE_PREFIX_PATH}:/home/HwHiAiUser/wheeltec_ros2/install/wheeltec_robot_keyboard:/home/HwHiAiUser/wheeltec_ros2/install/wheeltec_gpio_control:/home/HwHiAiUser/wheeltec_ros2/install/tf2_tools:/opt/ros/humble _=/usr/bin/env /usr/bin/cmake --build /home/HwHiAiUser/wheeltec_ros2/build/astra_camera_msgs -- -j4 -l4
[4.748s] Invoking command in '/home/HwHiAiUser/wheeltec_ros2/build/astra_camera_msgs': CMAKE_PREFIX_PATH=${CMAKE_PREFIX_PATH}:/home/HwHiAiUser/wheeltec_ros2/install/wheeltec_robot_keyboard:/home/HwHiAiUser/wheeltec_ros2/install/wheeltec_gpio_control:/home/HwHiAiUser/wheeltec_ros2/install/tf2_tools:/opt/ros/humble _=/usr/bin/env /usr/bin/cmake --install /home/HwHiAiUser/wheeltec_ros2/build/astra_camera_msgs
[4.795s] -- Install configuration: ""
[4.797s] -- Up-to-date: /home/HwHiAiUser/wheeltec_ros2/install/astra_camera_msgs/share/ament_index/resource_index/rosidl_interfaces/astra_camera_msgs
[4.798s] -- Up-to-date: /home/HwHiAiUser/wheeltec_ros2/install/astra_camera_msgs/include/astra_camera_msgs/astra_camera_msgs
[4.798s] -- Up-to-date: /home/HwHiAiUser/wheeltec_ros2/install/astra_camera_msgs/include/astra_camera_msgs/astra_camera_msgs/srv
[4.799s] -- Up-to-date: /home/HwHiAiUser/wheeltec_ros2/install/astra_camera_msgs/include/astra_camera_msgs/astra_camera_msgs/srv/detail
[4.800s] -- Up-to-date: /home/HwHiAiUser/wheeltec_ros2/install/astra_camera_msgs/include/astra_camera_msgs/astra_camera_msgs/srv/detail/get_int32__struct.h
[4.801s] -- Up-to-date: /home/HwHiAiUser/wheeltec_ros2/install/astra_camera_msgs/include/astra_camera_msgs/astra_camera_msgs/srv/detail/get_camera_info__functions.c
[4.802s] -- Up-to-date: /home/HwHiAiUser/wheeltec_ros2/install/astra_camera_msgs/include/astra_camera_msgs/astra_camera_msgs/srv/detail/set_int32__type_support.h
[4.802s] -- Up-to-date: /home/HwHiAiUser/wheeltec_ros2/install/astra_camera_msgs/include/astra_camera_msgs/astra_camera_msgs/srv/detail/set_int32__functions.h
[4.802s] -- Up-to-date: /home/HwHiAiUser/wheeltec_ros2/install/astra_camera_msgs/include/astra_camera_msgs/astra_camera_msgs/srv/detail/get_string__struct.h
[4.808s] -- Up-to-date: /home/HwHiAiUser/wheeltec_ros2/install/astra_camera_msgs/include/astra_camera_msgs/astra_camera_msgs/srv/detail/get_camera_params__struct.h
[4.809s] -- Up-to-date: /home/HwHiAiUser/wheeltec_ros2/install/astra_camera_msgs/include/astra_camera_msgs/astra_camera_msgs/srv/detail/get_camera_params__type_support.h
[4.809s] -- Up-to-date: /home/HwHiAiUser/wheeltec_ros2/install/astra_camera_msgs/include/astra_camera_msgs/astra_camera_msgs/srv/detail/get_camera_info__functions.h
[4.809s] -- Up-to-date: /home/HwHiAiUser/wheeltec_ros2/install/astra_camera_msgs/include/astra_camera_msgs/astra_camera_msgs/srv/detail/get_int32__functions.h
[4.810s] -- Up-to-date: /home/HwHiAiUser/wheeltec_ros2/install/astra_camera_msgs/include/astra_camera_msgs/astra_camera_msgs/srv/detail/get_int32__type_support.h
[4.810s] -- Up-to-date: /home/HwHiAiUser/wheeltec_ros2/install/astra_camera_msgs/include/astra_camera_msgs/astra_camera_msgs/srv/detail/get_camera_info__type_support.h
[4.810s] -- Up-to-date: /home/HwHiAiUser/wheeltec_ros2/install/astra_camera_msgs/include/astra_camera_msgs/astra_camera_msgs/srv/detail/get_string__functions.c
[4.810s] -- Up-to-date: /home/HwHiAiUser/wheeltec_ros2/install/astra_camera_msgs/include/astra_camera_msgs/astra_camera_msgs/srv/detail/get_int32__functions.c
[4.816s] -- Up-to-date: /home/HwHiAiUser/wheeltec_ros2/install/astra_camera_msgs/include/astra_camera_msgs/astra_camera_msgs/srv/detail/get_device_info__type_support.h
[4.817s] -- Up-to-date: /home/HwHiAiUser/wheeltec_ros2/install/astra_camera_msgs/include/astra_camera_msgs/astra_camera_msgs/srv/detail/get_device_info__functions.c
[4.817s] -- Up-to-date: /home/HwHiAiUser/wheeltec_ros2/install/astra_camera_msgs/include/astra_camera_msgs/astra_camera_msgs/srv/detail/get_string__type_support.h
[4.818s] -- Up-to-date: /home/HwHiAiUser/wheeltec_ros2/install/astra_camera_msgs/include/astra_camera_msgs/astra_camera_msgs/srv/detail/get_string__functions.h
[4.825s] -- Up-to-date: /home/HwHiAiUser/wheeltec_ros2/install/astra_camera_msgs/include/astra_camera_msgs/astra_camera_msgs/srv/detail/get_camera_params__functions.c
[4.826s] -- Up-to-date: /home/HwHiAiUser/wheeltec_ros2/install/astra_camera_msgs/include/astra_camera_msgs/astra_camera_msgs/srv/detail/get_camera_info__struct.h
[4.826s] -- Up-to-date: /home/HwHiAiUser/wheeltec_ros2/install/astra_camera_msgs/include/astra_camera_msgs/astra_camera_msgs/srv/detail/get_camera_params__functions.h
[4.829s] -- Up-to-date: /home/HwHiAiUser/wheeltec_ros2/install/astra_camera_msgs/include/astra_camera_msgs/astra_camera_msgs/srv/detail/get_device_info__struct.h
[4.829s] -- Up-to-date: /home/HwHiAiUser/wheeltec_ros2/install/astra_camera_msgs/include/astra_camera_msgs/astra_camera_msgs/srv/detail/get_device_info__functions.h
[4.830s] -- Up-to-date: /home/HwHiAiUser/wheeltec_ros2/install/astra_camera_msgs/include/astra_camera_msgs/astra_camera_msgs/srv/detail/set_int32__struct.h
[4.830s] -- Up-to-date: /home/HwHiAiUser/wheeltec_ros2/install/astra_camera_msgs/include/astra_camera_msgs/astra_camera_msgs/srv/detail/set_int32__functions.c
[4.833s] -- Up-to-date: /home/HwHiAiUser/wheeltec_ros2/install/astra_camera_msgs/include/astra_camera_msgs/astra_camera_msgs/srv/get_int32.h
[4.835s] -- Up-to-date: /home/HwHiAiUser/wheeltec_ros2/install/astra_camera_msgs/include/astra_camera_msgs/astra_camera_msgs/srv/get_string.h
[4.835s] -- Up-to-date: /home/HwHiAiUser/wheeltec_ros2/install/astra_camera_msgs/include/astra_camera_msgs/astra_camera_msgs/srv/set_int32.h
[4.840s] -- Up-to-date: /home/HwHiAiUser/wheeltec_ros2/install/astra_camera_msgs/include/astra_camera_msgs/astra_camera_msgs/srv/get_camera_params.h
[4.841s] -- Up-to-date: /home/HwHiAiUser/wheeltec_ros2/install/astra_camera_msgs/include/astra_camera_msgs/astra_camera_msgs/srv/get_device_info.h
[4.841s] -- Up-to-date: /home/HwHiAiUser/wheeltec_ros2/install/astra_camera_msgs/include/astra_camera_msgs/astra_camera_msgs/srv/get_camera_info.h
[4.841s] -- Up-to-date: /home/HwHiAiUser/wheeltec_ros2/install/astra_camera_msgs/include/astra_camera_msgs/astra_camera_msgs/msg
[4.842s] -- Up-to-date: /home/HwHiAiUser/wheeltec_ros2/install/astra_camera_msgs/include/astra_camera_msgs/astra_camera_msgs/msg/detail
[4.842s] -- Up-to-date: /home/HwHiAiUser/wheeltec_ros2/install/astra_camera_msgs/include/astra_camera_msgs/astra_camera_msgs/msg/detail/metadata__type_support.h
[4.842s] -- Up-to-date: /home/HwHiAiUser/wheeltec_ros2/install/astra_camera_msgs/include/astra_camera_msgs/astra_camera_msgs/msg/detail/metadata__functions.h
[4.842s] -- Up-to-date: /home/HwHiAiUser/wheeltec_ros2/install/astra_camera_msgs/include/astra_camera_msgs/astra_camera_msgs/msg/detail/metadata__functions.c
[4.844s] -- Up-to-date: /home/HwHiAiUser/wheeltec_ros2/install/astra_camera_msgs/include/astra_camera_msgs/astra_camera_msgs/msg/detail/device_info__functions.c
[4.844s] -- Up-to-date: /home/HwHiAiUser/wheeltec_ros2/install/astra_camera_msgs/include/astra_camera_msgs/astra_camera_msgs/msg/detail/device_info__struct.h
[4.845s] -- Up-to-date: /home/HwHiAiUser/wheeltec_ros2/install/astra_camera_msgs/include/astra_camera_msgs/astra_camera_msgs/msg/detail/extrinsics__struct.h
[4.845s] -- Up-to-date: /home/HwHiAiUser/wheeltec_ros2/install/astra_camera_msgs/include/astra_camera_msgs/astra_camera_msgs/msg/detail/device_info__type_support.h
[4.845s] -- Up-to-date: /home/HwHiAiUser/wheeltec_ros2/install/astra_camera_msgs/include/astra_camera_msgs/astra_camera_msgs/msg/detail/device_info__functions.h
[4.845s] -- Up-to-date: /home/HwHiAiUser/wheeltec_ros2/install/astra_camera_msgs/include/astra_camera_msgs/astra_camera_msgs/msg/detail/metadata__struct.h
[4.846s] -- Up-to-date: /home/HwHiAiUser/wheeltec_ros2/install/astra_camera_msgs/include/astra_camera_msgs/astra_camera_msgs/msg/detail/extrinsics__functions.c
[4.846s] -- Up-to-date: /home/HwHiAiUser/wheeltec_ros2/install/astra_camera_msgs/include/astra_camera_msgs/astra_camera_msgs/msg/detail/extrinsics__functions.h
[4.846s] -- Up-to-date: /home/HwHiAiUser/wheeltec_ros2/install/astra_camera_msgs/include/astra_camera_msgs/astra_camera_msgs/msg/detail/extrinsics__type_support.h
[4.846s] -- Up-to-date: /home/HwHiAiUser/wheeltec_ros2/install/astra_camera_msgs/include/astra_camera_msgs/astra_camera_msgs/msg/rosidl_generator_c__visibility_control.h
[4.847s] -- Up-to-date: /home/HwHiAiUser/wheeltec_ros2/install/astra_camera_msgs/include/astra_camera_msgs/astra_camera_msgs/msg/extrinsics.h
[4.847s] -- Up-to-date: /home/HwHiAiUser/wheeltec_ros2/install/astra_camera_msgs/include/astra_camera_msgs/astra_camera_msgs/msg/metadata.h
[4.847s] -- Up-to-date: /home/HwHiAiUser/wheeltec_ros2/install/astra_camera_msgs/include/astra_camera_msgs/astra_camera_msgs/msg/device_info.h
[4.848s] -- Up-to-date: /home/HwHiAiUser/wheeltec_ros2/install/astra_camera_msgs/share/astra_camera_msgs/environment/library_path.sh
[4.848s] -- Up-to-date: /home/HwHiAiUser/wheeltec_ros2/install/astra_camera_msgs/share/astra_camera_msgs/environment/library_path.dsv
[4.848s] -- Up-to-date: /home/HwHiAiUser/wheeltec_ros2/install/astra_camera_msgs/lib/libastra_camera_msgs__rosidl_generator_c.so
[4.854s] -- Up-to-date: /home/HwHiAiUser/wheeltec_ros2/install/astra_camera_msgs/include/astra_camera_msgs/astra_camera_msgs
[4.857s] -- Up-to-date: /home/HwHiAiUser/wheeltec_ros2/install/astra_camera_msgs/include/astra_camera_msgs/astra_camera_msgs/srv
[4.859s] -- Up-to-date: /home/HwHiAiUser/wheeltec_ros2/install/astra_camera_msgs/include/astra_camera_msgs/astra_camera_msgs/srv/detail
[4.860s] -- Up-to-date: /home/HwHiAiUser/wheeltec_ros2/install/astra_camera_msgs/include/astra_camera_msgs/astra_camera_msgs/srv/detail/get_device_info__rosidl_typesupport_fastrtps_c.h
[4.860s] -- Up-to-date: /home/HwHiAiUser/wheeltec_ros2/install/astra_camera_msgs/include/astra_camera_msgs/astra_camera_msgs/srv/detail/get_string__rosidl_typesupport_fastrtps_c.h
[4.860s] -- Up-to-date: /home/HwHiAiUser/wheeltec_ros2/install/astra_camera_msgs/include/astra_camera_msgs/astra_camera_msgs/srv/detail/get_int32__rosidl_typesupport_fastrtps_c.h
[4.860s] -- Up-to-date: /home/HwHiAiUser/wheeltec_ros2/install/astra_camera_msgs/include/astra_camera_msgs/astra_camera_msgs/srv/detail/set_int32__rosidl_typesupport_fastrtps_c.h
[4.861s] -- Up-to-date: /home/HwHiAiUser/wheeltec_ros2/install/astra_camera_msgs/include/astra_camera_msgs/astra_camera_msgs/srv/detail/get_camera_info__rosidl_typesupport_fastrtps_c.h
[4.861s] -- Up-to-date: /home/HwHiAiUser/wheeltec_ros2/install/astra_camera_msgs/include/astra_camera_msgs/astra_camera_msgs/srv/detail/get_camera_params__rosidl_typesupport_fastrtps_c.h
[4.866s] -- Up-to-date: /home/HwHiAiUser/wheeltec_ros2/install/astra_camera_msgs/include/astra_camera_msgs/astra_camera_msgs/msg
[4.868s] -- Up-to-date: /home/HwHiAiUser/wheeltec_ros2/install/astra_camera_msgs/include/astra_camera_msgs/astra_camera_msgs/msg/detail
[4.870s] -- Up-to-date: /home/HwHiAiUser/wheeltec_ros2/install/astra_camera_msgs/include/astra_camera_msgs/astra_camera_msgs/msg/detail/extrinsics__rosidl_typesupport_fastrtps_c.h
[4.870s] -- Up-to-date: /home/HwHiAiUser/wheeltec_ros2/install/astra_camera_msgs/include/astra_camera_msgs/astra_camera_msgs/msg/detail/device_info__rosidl_typesupport_fastrtps_c.h
[4.870s] -- Up-to-date: /home/HwHiAiUser/wheeltec_ros2/install/astra_camera_msgs/include/astra_camera_msgs/astra_camera_msgs/msg/detail/metadata__rosidl_typesupport_fastrtps_c.h
[4.870s] -- Up-to-date: /home/HwHiAiUser/wheeltec_ros2/install/astra_camera_msgs/include/astra_camera_msgs/astra_camera_msgs/msg/rosidl_typesupport_fastrtps_c__visibility_control.h
[4.874s] -- Up-to-date: /home/HwHiAiUser/wheeltec_ros2/install/astra_camera_msgs/lib/libastra_camera_msgs__rosidl_typesupport_fastrtps_c.so
[4.874s] -- Up-to-date: /home/HwHiAiUser/wheeltec_ros2/install/astra_camera_msgs/include/astra_camera_msgs/astra_camera_msgs
[4.875s] -- Up-to-date: /home/HwHiAiUser/wheeltec_ros2/install/astra_camera_msgs/include/astra_camera_msgs/astra_camera_msgs/srv
[4.875s] -- Up-to-date: /home/HwHiAiUser/wheeltec_ros2/install/astra_camera_msgs/include/astra_camera_msgs/astra_camera_msgs/srv/detail
[4.876s] -- Up-to-date: /home/HwHiAiUser/wheeltec_ros2/install/astra_camera_msgs/include/astra_camera_msgs/astra_camera_msgs/srv/detail/get_device_info__type_support.c
[4.876s] -- Up-to-date: /home/HwHiAiUser/wheeltec_ros2/install/astra_camera_msgs/include/astra_camera_msgs/astra_camera_msgs/srv/detail/get_camera_params__type_support.c
[4.876s] -- Up-to-date: /home/HwHiAiUser/wheeltec_ros2/install/astra_camera_msgs/include/astra_camera_msgs/astra_camera_msgs/srv/detail/get_string__rosidl_typesupport_introspection_c.h
[4.877s] -- Up-to-date: /home/HwHiAiUser/wheeltec_ros2/install/astra_camera_msgs/include/astra_camera_msgs/astra_camera_msgs/srv/detail/get_camera_info__rosidl_typesupport_introspection_c.h
[4.877s] -- Up-to-date: /home/HwHiAiUser/wheeltec_ros2/install/astra_camera_msgs/include/astra_camera_msgs/astra_camera_msgs/srv/detail/set_int32__rosidl_typesupport_introspection_c.h
[4.877s] -- Up-to-date: /home/HwHiAiUser/wheeltec_ros2/install/astra_camera_msgs/include/astra_camera_msgs/astra_camera_msgs/srv/detail/get_camera_info__type_support.c
[4.877s] -- Up-to-date: /home/HwHiAiUser/wheeltec_ros2/install/astra_camera_msgs/include/astra_camera_msgs/astra_camera_msgs/srv/detail/get_device_info__rosidl_typesupport_introspection_c.h
[4.877s] -- Up-to-date: /home/HwHiAiUser/wheeltec_ros2/install/astra_camera_msgs/include/astra_camera_msgs/astra_camera_msgs/srv/detail/set_int32__type_support.c
[4.878s] -- Up-to-date: /home/HwHiAiUser/wheeltec_ros2/install/astra_camera_msgs/include/astra_camera_msgs/astra_camera_msgs/srv/detail/get_string__type_support.c
[4.878s] -- Up-to-date: /home/HwHiAiUser/wheeltec_ros2/install/astra_camera_msgs/include/astra_camera_msgs/astra_camera_msgs/srv/detail/get_int32__type_support.c
[4.878s] -- Up-to-date: /home/HwHiAiUser/wheeltec_ros2/install/astra_camera_msgs/include/astra_camera_msgs/astra_camera_msgs/srv/detail/get_camera_params__rosidl_typesupport_introspection_c.h
[4.878s] -- Up-to-date: /home/HwHiAiUser/wheeltec_ros2/install/astra_camera_msgs/include/astra_camera_msgs/astra_camera_msgs/srv/detail/get_int32__rosidl_typesupport_introspection_c.h
[4.879s] -- Up-to-date: /home/HwHiAiUser/wheeltec_ros2/install/astra_camera_msgs/include/astra_camera_msgs/astra_camera_msgs/msg
[4.879s] -- Up-to-date: /home/HwHiAiUser/wheeltec_ros2/install/astra_camera_msgs/include/astra_camera_msgs/astra_camera_msgs/msg/detail
[4.879s] -- Up-to-date: /home/HwHiAiUser/wheeltec_ros2/install/astra_camera_msgs/include/astra_camera_msgs/astra_camera_msgs/msg/detail/extrinsics__type_support.c
[4.879s] -- Up-to-date: /home/HwHiAiUser/wheeltec_ros2/install/astra_camera_msgs/include/astra_camera_msgs/astra_camera_msgs/msg/detail/extrinsics__rosidl_typesupport_introspection_c.h
[4.880s] -- Up-to-date: /home/HwHiAiUser/wheeltec_ros2/install/astra_camera_msgs/include/astra_camera_msgs/astra_camera_msgs/msg/detail/device_info__rosidl_typesupport_introspection_c.h
[4.880s] -- Up-to-date: /home/HwHiAiUser/wheeltec_ros2/install/astra_camera_msgs/include/astra_camera_msgs/astra_camera_msgs/msg/detail/metadata__type_support.c
[4.880s] -- Up-to-date: /home/HwHiAiUser/wheeltec_ros2/install/astra_camera_msgs/include/astra_camera_msgs/astra_camera_msgs/msg/detail/device_info__type_support.c
[4.880s] -- Up-to-date: /home/HwHiAiUser/wheeltec_ros2/install/astra_camera_msgs/include/astra_camera_msgs/astra_camera_msgs/msg/detail/metadata__rosidl_typesupport_introspection_c.h
[4.881s] -- Up-to-date: /home/HwHiAiUser/wheeltec_ros2/install/astra_camera_msgs/include/astra_camera_msgs/astra_camera_msgs/msg/rosidl_typesupport_introspection_c__visibility_control.h
[4.881s] -- Up-to-date: /home/HwHiAiUser/wheeltec_ros2/install/astra_camera_msgs/lib/libastra_camera_msgs__rosidl_typesupport_introspection_c.so
[4.881s] -- Up-to-date: /home/HwHiAiUser/wheeltec_ros2/install/astra_camera_msgs/lib/libastra_camera_msgs__rosidl_typesupport_c.so
[4.881s] -- Up-to-date: /home/HwHiAiUser/wheeltec_ros2/install/astra_camera_msgs/include/astra_camera_msgs/astra_camera_msgs
[4.882s] -- Up-to-date: /home/HwHiAiUser/wheeltec_ros2/install/astra_camera_msgs/include/astra_camera_msgs/astra_camera_msgs/srv
[4.887s] -- Up-to-date: /home/HwHiAiUser/wheeltec_ros2/install/astra_camera_msgs/include/astra_camera_msgs/astra_camera_msgs/srv/detail
[4.887s] -- Up-to-date: /home/HwHiAiUser/wheeltec_ros2/install/astra_camera_msgs/include/astra_camera_msgs/astra_camera_msgs/srv/detail/get_device_info__type_support.hpp
[4.888s] -- Up-to-date: /home/HwHiAiUser/wheeltec_ros2/install/astra_camera_msgs/include/astra_camera_msgs/astra_camera_msgs/srv/detail/get_int32__type_support.hpp
[4.888s] -- Up-to-date: /home/HwHiAiUser/wheeltec_ros2/install/astra_camera_msgs/include/astra_camera_msgs/astra_camera_msgs/srv/detail/get_camera_info__builder.hpp
[4.888s] -- Up-to-date: /home/HwHiAiUser/wheeltec_ros2/install/astra_camera_msgs/include/astra_camera_msgs/astra_camera_msgs/srv/detail/get_int32__builder.hpp
[4.888s] -- Up-to-date: /home/HwHiAiUser/wheeltec_ros2/install/astra_camera_msgs/include/astra_camera_msgs/astra_camera_msgs/srv/detail/get_device_info__builder.hpp
[4.889s] -- Up-to-date: /home/HwHiAiUser/wheeltec_ros2/install/astra_camera_msgs/include/astra_camera_msgs/astra_camera_msgs/srv/detail/get_camera_params__builder.hpp
[4.889s] -- Up-to-date: /home/HwHiAiUser/wheeltec_ros2/install/astra_camera_msgs/include/astra_camera_msgs/astra_camera_msgs/srv/detail/get_string__builder.hpp
[4.889s] -- Up-to-date: /home/HwHiAiUser/wheeltec_ros2/install/astra_camera_msgs/include/astra_camera_msgs/astra_camera_msgs/srv/detail/get_int32__struct.hpp
[4.889s] -- Up-to-date: /home/HwHiAiUser/wheeltec_ros2/install/astra_camera_msgs/include/astra_camera_msgs/astra_camera_msgs/srv/detail/set_int32__type_support.hpp
[4.889s] -- Up-to-date: /home/HwHiAiUser/wheeltec_ros2/install/astra_camera_msgs/include/astra_camera_msgs/astra_camera_msgs/srv/detail/get_camera_params__traits.hpp
[4.890s] -- Up-to-date: /home/HwHiAiUser/wheeltec_ros2/install/astra_camera_msgs/include/astra_camera_msgs/astra_camera_msgs/srv/detail/get_camera_params__type_support.hpp
[4.891s] -- Up-to-date: /home/HwHiAiUser/wheeltec_ros2/install/astra_camera_msgs/include/astra_camera_msgs/astra_camera_msgs/srv/detail/get_device_info__traits.hpp
[4.892s] -- Up-to-date: /home/HwHiAiUser/wheeltec_ros2/install/astra_camera_msgs/include/astra_camera_msgs/astra_camera_msgs/srv/detail/set_int32__struct.hpp
[4.892s] -- Up-to-date: /home/HwHiAiUser/wheeltec_ros2/install/astra_camera_msgs/include/astra_camera_msgs/astra_camera_msgs/srv/detail/get_int32__traits.hpp
[4.892s] -- Up-to-date: /home/HwHiAiUser/wheeltec_ros2/install/astra_camera_msgs/include/astra_camera_msgs/astra_camera_msgs/srv/detail/set_int32__traits.hpp
[4.892s] -- Up-to-date: /home/HwHiAiUser/wheeltec_ros2/install/astra_camera_msgs/include/astra_camera_msgs/astra_camera_msgs/srv/detail/get_device_info__struct.hpp
[4.893s] -- Up-to-date: /home/HwHiAiUser/wheeltec_ros2/install/astra_camera_msgs/include/astra_camera_msgs/astra_camera_msgs/srv/detail/get_camera_params__struct.hpp
[4.893s] -- Up-to-date: /home/HwHiAiUser/wheeltec_ros2/install/astra_camera_msgs/include/astra_camera_msgs/astra_camera_msgs/srv/detail/get_string__struct.hpp
[4.893s] -- Up-to-date: /home/HwHiAiUser/wheeltec_ros2/install/astra_camera_msgs/include/astra_camera_msgs/astra_camera_msgs/srv/detail/get_string__traits.hpp
[4.893s] -- Up-to-date: /home/HwHiAiUser/wheeltec_ros2/install/astra_camera_msgs/include/astra_camera_msgs/astra_camera_msgs/srv/detail/set_int32__builder.hpp
[4.893s] -- Up-to-date: /home/HwHiAiUser/wheeltec_ros2/install/astra_camera_msgs/include/astra_camera_msgs/astra_camera_msgs/srv/detail/get_string__type_support.hpp
[4.894s] -- Up-to-date: /home/HwHiAiUser/wheeltec_ros2/install/astra_camera_msgs/include/astra_camera_msgs/astra_camera_msgs/srv/detail/get_camera_info__traits.hpp
[4.894s] -- Up-to-date: /home/HwHiAiUser/wheeltec_ros2/install/astra_camera_msgs/include/astra_camera_msgs/astra_camera_msgs/srv/detail/get_camera_info__struct.hpp
[4.894s] -- Up-to-date: /home/HwHiAiUser/wheeltec_ros2/install/astra_camera_msgs/include/astra_camera_msgs/astra_camera_msgs/srv/detail/get_camera_info__type_support.hpp
[4.894s] -- Up-to-date: /home/HwHiAiUser/wheeltec_ros2/install/astra_camera_msgs/include/astra_camera_msgs/astra_camera_msgs/srv/get_int32.hpp
[4.894s] -- Up-to-date: /home/HwHiAiUser/wheeltec_ros2/install/astra_camera_msgs/include/astra_camera_msgs/astra_camera_msgs/srv/get_string.hpp
[4.900s] -- Up-to-date: /home/HwHiAiUser/wheeltec_ros2/install/astra_camera_msgs/include/astra_camera_msgs/astra_camera_msgs/srv/get_camera_params.hpp
[4.900s] -- Up-to-date: /home/HwHiAiUser/wheeltec_ros2/install/astra_camera_msgs/include/astra_camera_msgs/astra_camera_msgs/srv/set_int32.hpp
[4.900s] -- Up-to-date: /home/HwHiAiUser/wheeltec_ros2/install/astra_camera_msgs/include/astra_camera_msgs/astra_camera_msgs/srv/get_device_info.hpp
[4.901s] -- Up-to-date: /home/HwHiAiUser/wheeltec_ros2/install/astra_camera_msgs/include/astra_camera_msgs/astra_camera_msgs/srv/get_camera_info.hpp
[4.901s] -- Up-to-date: /home/HwHiAiUser/wheeltec_ros2/install/astra_camera_msgs/include/astra_camera_msgs/astra_camera_msgs/msg
[4.904s] -- Up-to-date: /home/HwHiAiUser/wheeltec_ros2/install/astra_camera_msgs/include/astra_camera_msgs/astra_camera_msgs/msg/detail
[4.904s] -- Up-to-date: /home/HwHiAiUser/wheeltec_ros2/install/astra_camera_msgs/include/astra_camera_msgs/astra_camera_msgs/msg/detail/metadata__builder.hpp
[4.905s] -- Up-to-date: /home/HwHiAiUser/wheeltec_ros2/install/astra_camera_msgs/include/astra_camera_msgs/astra_camera_msgs/msg/detail/device_info__struct.hpp
[4.905s] -- Up-to-date: /home/HwHiAiUser/wheeltec_ros2/install/astra_camera_msgs/include/astra_camera_msgs/astra_camera_msgs/msg/detail/metadata__type_support.hpp
[4.905s] -- Up-to-date: /home/HwHiAiUser/wheeltec_ros2/install/astra_camera_msgs/include/astra_camera_msgs/astra_camera_msgs/msg/detail/device_info__type_support.hpp
[4.905s] -- Up-to-date: /home/HwHiAiUser/wheeltec_ros2/install/astra_camera_msgs/include/astra_camera_msgs/astra_camera_msgs/msg/detail/extrinsics__builder.hpp
[4.906s] -- Up-to-date: /home/HwHiAiUser/wheeltec_ros2/install/astra_camera_msgs/include/astra_camera_msgs/astra_camera_msgs/msg/detail/metadata__traits.hpp
[4.909s] -- Up-to-date: /home/HwHiAiUser/wheeltec_ros2/install/astra_camera_msgs/include/astra_camera_msgs/astra_camera_msgs/msg/detail/extrinsics__struct.hpp
[4.909s] -- Up-to-date: /home/HwHiAiUser/wheeltec_ros2/install/astra_camera_msgs/include/astra_camera_msgs/astra_camera_msgs/msg/detail/extrinsics__traits.hpp
[4.912s] -- Up-to-date: /home/HwHiAiUser/wheeltec_ros2/install/astra_camera_msgs/include/astra_camera_msgs/astra_camera_msgs/msg/detail/metadata__struct.hpp
[4.914s] -- Up-to-date: /home/HwHiAiUser/wheeltec_ros2/install/astra_camera_msgs/include/astra_camera_msgs/astra_camera_msgs/msg/detail/device_info__builder.hpp
[4.914s] -- Up-to-date: /home/HwHiAiUser/wheeltec_ros2/install/astra_camera_msgs/include/astra_camera_msgs/astra_camera_msgs/msg/detail/extrinsics__type_support.hpp
[4.919s] -- Up-to-date: /home/HwHiAiUser/wheeltec_ros2/install/astra_camera_msgs/include/astra_camera_msgs/astra_camera_msgs/msg/detail/device_info__traits.hpp
[4.920s] -- Up-to-date: /home/HwHiAiUser/wheeltec_ros2/install/astra_camera_msgs/include/astra_camera_msgs/astra_camera_msgs/msg/extrinsics.hpp
[4.920s] -- Up-to-date: /home/HwHiAiUser/wheeltec_ros2/install/astra_camera_msgs/include/astra_camera_msgs/astra_camera_msgs/msg/rosidl_generator_cpp__visibility_control.hpp
[4.920s] -- Up-to-date: /home/HwHiAiUser/wheeltec_ros2/install/astra_camera_msgs/include/astra_camera_msgs/astra_camera_msgs/msg/device_info.hpp
[4.921s] -- Up-to-date: /home/HwHiAiUser/wheeltec_ros2/install/astra_camera_msgs/include/astra_camera_msgs/astra_camera_msgs/msg/metadata.hpp
[4.921s] -- Up-to-date: /home/HwHiAiUser/wheeltec_ros2/install/astra_camera_msgs/include/astra_camera_msgs/astra_camera_msgs
[4.921s] -- Up-to-date: /home/HwHiAiUser/wheeltec_ros2/install/astra_camera_msgs/include/astra_camera_msgs/astra_camera_msgs/srv
[4.921s] -- Up-to-date: /home/HwHiAiUser/wheeltec_ros2/install/astra_camera_msgs/include/astra_camera_msgs/astra_camera_msgs/srv/detail
[4.922s] -- Up-to-date: /home/HwHiAiUser/wheeltec_ros2/install/astra_camera_msgs/include/astra_camera_msgs/astra_camera_msgs/srv/detail/set_int32__rosidl_typesupport_fastrtps_cpp.hpp
[4.922s] -- Up-to-date: /home/HwHiAiUser/wheeltec_ros2/install/astra_camera_msgs/include/astra_camera_msgs/astra_camera_msgs/srv/detail/dds_fastrtps
[4.922s] -- Up-to-date: /home/HwHiAiUser/wheeltec_ros2/install/astra_camera_msgs/include/astra_camera_msgs/astra_camera_msgs/srv/detail/get_device_info__rosidl_typesupport_fastrtps_cpp.hpp
[4.922s] -- Up-to-date: /home/HwHiAiUser/wheeltec_ros2/install/astra_camera_msgs/include/astra_camera_msgs/astra_camera_msgs/srv/detail/get_string__rosidl_typesupport_fastrtps_cpp.hpp
[4.929s] -- Up-to-date: /home/HwHiAiUser/wheeltec_ros2/install/astra_camera_msgs/include/astra_camera_msgs/astra_camera_msgs/srv/detail/get_int32__rosidl_typesupport_fastrtps_cpp.hpp
[4.929s] -- Up-to-date: /home/HwHiAiUser/wheeltec_ros2/install/astra_camera_msgs/include/astra_camera_msgs/astra_camera_msgs/srv/detail/get_camera_params__rosidl_typesupport_fastrtps_cpp.hpp
[4.929s] -- Up-to-date: /home/HwHiAiUser/wheeltec_ros2/install/astra_camera_msgs/include/astra_camera_msgs/astra_camera_msgs/srv/detail/get_camera_info__rosidl_typesupport_fastrtps_cpp.hpp
[4.930s] -- Up-to-date: /home/HwHiAiUser/wheeltec_ros2/install/astra_camera_msgs/include/astra_camera_msgs/astra_camera_msgs/msg
[4.930s] -- Up-to-date: /home/HwHiAiUser/wheeltec_ros2/install/astra_camera_msgs/include/astra_camera_msgs/astra_camera_msgs/msg/detail
[4.930s] -- Up-to-date: /home/HwHiAiUser/wheeltec_ros2/install/astra_camera_msgs/include/astra_camera_msgs/astra_camera_msgs/msg/detail/device_info__rosidl_typesupport_fastrtps_cpp.hpp
[4.930s] -- Up-to-date: /home/HwHiAiUser/wheeltec_ros2/install/astra_camera_msgs/include/astra_camera_msgs/astra_camera_msgs/msg/detail/dds_fastrtps
[4.933s] -- Up-to-date: /home/HwHiAiUser/wheeltec_ros2/install/astra_camera_msgs/include/astra_camera_msgs/astra_camera_msgs/msg/detail/extrinsics__rosidl_typesupport_fastrtps_cpp.hpp
[4.936s] -- Up-to-date: /home/HwHiAiUser/wheeltec_ros2/install/astra_camera_msgs/include/astra_camera_msgs/astra_camera_msgs/msg/detail/metadata__rosidl_typesupport_fastrtps_cpp.hpp
[4.937s] -- Up-to-date: /home/HwHiAiUser/wheeltec_ros2/install/astra_camera_msgs/include/astra_camera_msgs/astra_camera_msgs/msg/rosidl_typesupport_fastrtps_cpp__visibility_control.h
[4.937s] -- Up-to-date: /home/HwHiAiUser/wheeltec_ros2/install/astra_camera_msgs/lib/libastra_camera_msgs__rosidl_typesupport_fastrtps_cpp.so
[4.939s] -- Up-to-date: /home/HwHiAiUser/wheeltec_ros2/install/astra_camera_msgs/include/astra_camera_msgs/astra_camera_msgs
[4.940s] -- Up-to-date: /home/HwHiAiUser/wheeltec_ros2/install/astra_camera_msgs/include/astra_camera_msgs/astra_camera_msgs/srv
[4.940s] -- Up-to-date: /home/HwHiAiUser/wheeltec_ros2/install/astra_camera_msgs/include/astra_camera_msgs/astra_camera_msgs/srv/detail
[4.940s] -- Up-to-date: /home/HwHiAiUser/wheeltec_ros2/install/astra_camera_msgs/include/astra_camera_msgs/astra_camera_msgs/srv/detail/set_int32__rosidl_typesupport_introspection_cpp.hpp
[4.940s] -- Up-to-date: /home/HwHiAiUser/wheeltec_ros2/install/astra_camera_msgs/include/astra_camera_msgs/astra_camera_msgs/srv/detail/get_string__type_support.cpp
[4.940s] -- Up-to-date: /home/HwHiAiUser/wheeltec_ros2/install/astra_camera_msgs/include/astra_camera_msgs/astra_camera_msgs/srv/detail/get_device_info__type_support.cpp
[4.941s] -- Up-to-date: /home/HwHiAiUser/wheeltec_ros2/install/astra_camera_msgs/include/astra_camera_msgs/astra_camera_msgs/srv/detail/get_camera_info__type_support.cpp
[4.944s] -- Up-to-date: /home/HwHiAiUser/wheeltec_ros2/install/astra_camera_msgs/include/astra_camera_msgs/astra_camera_msgs/srv/detail/get_int32__rosidl_typesupport_introspection_cpp.hpp
[4.944s] -- Up-to-date: /home/HwHiAiUser/wheeltec_ros2/install/astra_camera_msgs/include/astra_camera_msgs/astra_camera_msgs/srv/detail/get_camera_params__rosidl_typesupport_introspection_cpp.hpp
[4.945s] -- Up-to-date: /home/HwHiAiUser/wheeltec_ros2/install/astra_camera_msgs/include/astra_camera_msgs/astra_camera_msgs/srv/detail/get_camera_params__type_support.cpp
[4.945s] -- Up-to-date: /home/HwHiAiUser/wheeltec_ros2/install/astra_camera_msgs/include/astra_camera_msgs/astra_camera_msgs/srv/detail/get_camera_info__rosidl_typesupport_introspection_cpp.hpp
[4.945s] -- Up-to-date: /home/HwHiAiUser/wheeltec_ros2/install/astra_camera_msgs/include/astra_camera_msgs/astra_camera_msgs/srv/detail/get_int32__type_support.cpp
[4.945s] -- Up-to-date: /home/HwHiAiUser/wheeltec_ros2/install/astra_camera_msgs/include/astra_camera_msgs/astra_camera_msgs/srv/detail/get_string__rosidl_typesupport_introspection_cpp.hpp
[4.945s] -- Up-to-date: /home/HwHiAiUser/wheeltec_ros2/install/astra_camera_msgs/include/astra_camera_msgs/astra_camera_msgs/srv/detail/get_device_info__rosidl_typesupport_introspection_cpp.hpp
[4.946s] -- Up-to-date: /home/HwHiAiUser/wheeltec_ros2/install/astra_camera_msgs/include/astra_camera_msgs/astra_camera_msgs/srv/detail/set_int32__type_support.cpp
[4.946s] -- Up-to-date: /home/HwHiAiUser/wheeltec_ros2/install/astra_camera_msgs/include/astra_camera_msgs/astra_camera_msgs/msg
[4.946s] -- Up-to-date: /home/HwHiAiUser/wheeltec_ros2/install/astra_camera_msgs/include/astra_camera_msgs/astra_camera_msgs/msg/detail
[4.946s] -- Up-to-date: /home/HwHiAiUser/wheeltec_ros2/install/astra_camera_msgs/include/astra_camera_msgs/astra_camera_msgs/msg/detail/extrinsics__rosidl_typesupport_introspection_cpp.hpp
[4.963s] -- Up-to-date: /home/HwHiAiUser/wheeltec_ros2/install/astra_camera_msgs/include/astra_camera_msgs/astra_camera_msgs/msg/detail/device_info__type_support.cpp
[4.970s] -- Up-to-date: /home/HwHiAiUser/wheeltec_ros2/install/astra_camera_msgs/include/astra_camera_msgs/astra_camera_msgs/msg/detail/device_info__rosidl_typesupport_introspection_cpp.hpp
[4.971s] -- Up-to-date: /home/HwHiAiUser/wheeltec_ros2/install/astra_camera_msgs/include/astra_camera_msgs/astra_camera_msgs/msg/detail/metadata__rosidl_typesupport_introspection_cpp.hpp
[4.972s] -- Up-to-date: /home/HwHiAiUser/wheeltec_ros2/install/astra_camera_msgs/include/astra_camera_msgs/astra_camera_msgs/msg/detail/extrinsics__type_support.cpp
[4.972s] -- Up-to-date: /home/HwHiAiUser/wheeltec_ros2/install/astra_camera_msgs/include/astra_camera_msgs/astra_camera_msgs/msg/detail/metadata__type_support.cpp
[4.973s] -- Up-to-date: /home/HwHiAiUser/wheeltec_ros2/install/astra_camera_msgs/lib/libastra_camera_msgs__rosidl_typesupport_introspection_cpp.so
[4.973s] -- Up-to-date: /home/HwHiAiUser/wheeltec_ros2/install/astra_camera_msgs/lib/libastra_camera_msgs__rosidl_typesupport_cpp.so
[4.973s] -- Up-to-date: /home/HwHiAiUser/wheeltec_ros2/install/astra_camera_msgs/share/astra_camera_msgs/environment/pythonpath.sh
[4.974s] -- Up-to-date: /home/HwHiAiUser/wheeltec_ros2/install/astra_camera_msgs/share/astra_camera_msgs/environment/pythonpath.dsv
[4.974s] -- Up-to-date: /home/HwHiAiUser/wheeltec_ros2/install/astra_camera_msgs/local/lib/python3.10/dist-packages/astra_camera_msgs-1.0.1-py3.10.egg-info
[4.974s] -- Installing: /home/HwHiAiUser/wheeltec_ros2/install/astra_camera_msgs/local/lib/python3.10/dist-packages/astra_camera_msgs-1.0.1-py3.10.egg-info/dependency_links.txt
[4.975s] -- Installing: /home/HwHiAiUser/wheeltec_ros2/install/astra_camera_msgs/local/lib/python3.10/dist-packages/astra_camera_msgs-1.0.1-py3.10.egg-info/SOURCES.txt
[4.975s] -- Installing: /home/HwHiAiUser/wheeltec_ros2/install/astra_camera_msgs/local/lib/python3.10/dist-packages/astra_camera_msgs-1.0.1-py3.10.egg-info/PKG-INFO
[4.976s] -- Installing: /home/HwHiAiUser/wheeltec_ros2/install/astra_camera_msgs/local/lib/python3.10/dist-packages/astra_camera_msgs-1.0.1-py3.10.egg-info/top_level.txt
[4.978s] -- Up-to-date: /home/HwHiAiUser/wheeltec_ros2/install/astra_camera_msgs/local/lib/python3.10/dist-packages/astra_camera_msgs
[4.978s] -- Up-to-date: /home/HwHiAiUser/wheeltec_ros2/install/astra_camera_msgs/local/lib/python3.10/dist-packages/astra_camera_msgs/__init__.py
[4.979s] -- Up-to-date: /home/HwHiAiUser/wheeltec_ros2/install/astra_camera_msgs/local/lib/python3.10/dist-packages/astra_camera_msgs/_astra_camera_msgs_s.ep.rosidl_typesupport_introspection_c.c
[4.979s] -- Up-to-date: /home/HwHiAiUser/wheeltec_ros2/install/astra_camera_msgs/local/lib/python3.10/dist-packages/astra_camera_msgs/astra_camera_msgs_s__rosidl_typesupport_introspection_c.cpython-310-aarch64-linux-gnu.so
[4.980s] -- Up-to-date: /home/HwHiAiUser/wheeltec_ros2/install/astra_camera_msgs/local/lib/python3.10/dist-packages/astra_camera_msgs/srv
[4.980s] -- Up-to-date: /home/HwHiAiUser/wheeltec_ros2/install/astra_camera_msgs/local/lib/python3.10/dist-packages/astra_camera_msgs/srv/_get_camera_params_s.c
[4.980s] -- Up-to-date: /home/HwHiAiUser/wheeltec_ros2/install/astra_camera_msgs/local/lib/python3.10/dist-packages/astra_camera_msgs/srv/__init__.py
[4.980s] -- Up-to-date: /home/HwHiAiUser/wheeltec_ros2/install/astra_camera_msgs/local/lib/python3.10/dist-packages/astra_camera_msgs/srv/_set_int32.py
[4.981s] -- Up-to-date: /home/HwHiAiUser/wheeltec_ros2/install/astra_camera_msgs/local/lib/python3.10/dist-packages/astra_camera_msgs/srv/_get_int32.py
[4.981s] -- Up-to-date: /home/HwHiAiUser/wheeltec_ros2/install/astra_camera_msgs/local/lib/python3.10/dist-packages/astra_camera_msgs/srv/_get_string.py
[4.981s] -- Up-to-date: /home/HwHiAiUser/wheeltec_ros2/install/astra_camera_msgs/local/lib/python3.10/dist-packages/astra_camera_msgs/srv/_set_int32_s.c
[4.981s] -- Up-to-date: /home/HwHiAiUser/wheeltec_ros2/install/astra_camera_msgs/local/lib/python3.10/dist-packages/astra_camera_msgs/srv/_get_camera_info.py
[4.982s] -- Up-to-date: /home/HwHiAiUser/wheeltec_ros2/install/astra_camera_msgs/local/lib/python3.10/dist-packages/astra_camera_msgs/srv/_get_device_info_s.c
[4.997s] -- Up-to-date: /home/HwHiAiUser/wheeltec_ros2/install/astra_camera_msgs/local/lib/python3.10/dist-packages/astra_camera_msgs/srv/_get_camera_params.py
[4.997s] -- Up-to-date: /home/HwHiAiUser/wheeltec_ros2/install/astra_camera_msgs/local/lib/python3.10/dist-packages/astra_camera_msgs/srv/_get_string_s.c
[4.997s] -- Up-to-date: /home/HwHiAiUser/wheeltec_ros2/install/astra_camera_msgs/local/lib/python3.10/dist-packages/astra_camera_msgs/srv/_get_device_info.py
[4.998s] -- Up-to-date: /home/HwHiAiUser/wheeltec_ros2/install/astra_camera_msgs/local/lib/python3.10/dist-packages/astra_camera_msgs/srv/_get_int32_s.c
[4.998s] -- Up-to-date: /home/HwHiAiUser/wheeltec_ros2/install/astra_camera_msgs/local/lib/python3.10/dist-packages/astra_camera_msgs/srv/_get_camera_info_s.c
[4.998s] -- Up-to-date: /home/HwHiAiUser/wheeltec_ros2/install/astra_camera_msgs/local/lib/python3.10/dist-packages/astra_camera_msgs/libastra_camera_msgs__rosidl_generator_py.so
[4.998s] -- Up-to-date: /home/HwHiAiUser/wheeltec_ros2/install/astra_camera_msgs/local/lib/python3.10/dist-packages/astra_camera_msgs/msg
[5.005s] -- Up-to-date: /home/HwHiAiUser/wheeltec_ros2/install/astra_camera_msgs/local/lib/python3.10/dist-packages/astra_camera_msgs/msg/__init__.py
[5.005s] -- Up-to-date: /home/HwHiAiUser/wheeltec_ros2/install/astra_camera_msgs/local/lib/python3.10/dist-packages/astra_camera_msgs/msg/_device_info_s.c
[5.005s] -- Up-to-date: /home/HwHiAiUser/wheeltec_ros2/install/astra_camera_msgs/local/lib/python3.10/dist-packages/astra_camera_msgs/msg/_metadata_s.c
[5.005s] -- Up-to-date: /home/HwHiAiUser/wheeltec_ros2/install/astra_camera_msgs/local/lib/python3.10/dist-packages/astra_camera_msgs/msg/_extrinsics_s.c
[5.006s] -- Up-to-date: /home/HwHiAiUser/wheeltec_ros2/install/astra_camera_msgs/local/lib/python3.10/dist-packages/astra_camera_msgs/msg/_extrinsics.py
[5.006s] -- Up-to-date: /home/HwHiAiUser/wheeltec_ros2/install/astra_camera_msgs/local/lib/python3.10/dist-packages/astra_camera_msgs/msg/_metadata.py
[5.006s] -- Up-to-date: /home/HwHiAiUser/wheeltec_ros2/install/astra_camera_msgs/local/lib/python3.10/dist-packages/astra_camera_msgs/msg/_device_info.py
[5.006s] -- Up-to-date: /home/HwHiAiUser/wheeltec_ros2/install/astra_camera_msgs/local/lib/python3.10/dist-packages/astra_camera_msgs/_astra_camera_msgs_s.ep.rosidl_typesupport_c.c
[5.006s] -- Up-to-date: /home/HwHiAiUser/wheeltec_ros2/install/astra_camera_msgs/local/lib/python3.10/dist-packages/astra_camera_msgs/astra_camera_msgs_s__rosidl_typesupport_fastrtps_c.cpython-310-aarch64-linux-gnu.so
[5.010s] -- Up-to-date: /home/HwHiAiUser/wheeltec_ros2/install/astra_camera_msgs/local/lib/python3.10/dist-packages/astra_camera_msgs/_astra_camera_msgs_s.ep.rosidl_typesupport_fastrtps_c.c
[5.011s] -- Up-to-date: /home/HwHiAiUser/wheeltec_ros2/install/astra_camera_msgs/local/lib/python3.10/dist-packages/astra_camera_msgs/astra_camera_msgs_s__rosidl_typesupport_c.cpython-310-aarch64-linux-gnu.so
[5.285s] Listing '/home/HwHiAiUser/wheeltec_ros2/install/astra_camera_msgs/local/lib/python3.10/dist-packages/astra_camera_msgs'...
[5.285s] Listing '/home/HwHiAiUser/wheeltec_ros2/install/astra_camera_msgs/local/lib/python3.10/dist-packages/astra_camera_msgs/msg'...
[5.285s] Listing '/home/HwHiAiUser/wheeltec_ros2/install/astra_camera_msgs/local/lib/python3.10/dist-packages/astra_camera_msgs/srv'...
[5.310s] -- Up-to-date: /home/HwHiAiUser/wheeltec_ros2/install/astra_camera_msgs/local/lib/python3.10/dist-packages/astra_camera_msgs/astra_camera_msgs_s__rosidl_typesupport_fastrtps_c.cpython-310-aarch64-linux-gnu.so
[5.313s] -- Up-to-date: /home/HwHiAiUser/wheeltec_ros2/install/astra_camera_msgs/local/lib/python3.10/dist-packages/astra_camera_msgs/astra_camera_msgs_s__rosidl_typesupport_introspection_c.cpython-310-aarch64-linux-gnu.so
[5.316s] -- Up-to-date: /home/HwHiAiUser/wheeltec_ros2/install/astra_camera_msgs/local/lib/python3.10/dist-packages/astra_camera_msgs/astra_camera_msgs_s__rosidl_typesupport_c.cpython-310-aarch64-linux-gnu.so
[5.328s] -- Up-to-date: /home/HwHiAiUser/wheeltec_ros2/install/astra_camera_msgs/lib/libastra_camera_msgs__rosidl_generator_py.so
[5.328s] -- Up-to-date: /home/HwHiAiUser/wheeltec_ros2/install/astra_camera_msgs/share/astra_camera_msgs/msg/DeviceInfo.idl
[5.328s] -- Up-to-date: /home/HwHiAiUser/wheeltec_ros2/install/astra_camera_msgs/share/astra_camera_msgs/msg/Extrinsics.idl
[5.329s] -- Up-to-date: /home/HwHiAiUser/wheeltec_ros2/install/astra_camera_msgs/share/astra_camera_msgs/msg/Metadata.idl
[5.329s] -- Up-to-date: /home/HwHiAiUser/wheeltec_ros2/install/astra_camera_msgs/share/astra_camera_msgs/srv/GetDeviceInfo.idl
[5.329s] -- Up-to-date: /home/HwHiAiUser/wheeltec_ros2/install/astra_camera_msgs/share/astra_camera_msgs/srv/GetCameraInfo.idl
[5.329s] -- Up-to-date: /home/HwHiAiUser/wheeltec_ros2/install/astra_camera_msgs/share/astra_camera_msgs/srv/GetCameraParams.idl
[5.330s] -- Up-to-date: /home/HwHiAiUser/wheeltec_ros2/install/astra_camera_msgs/share/astra_camera_msgs/srv/GetInt32.idl
[5.330s] -- Up-to-date: /home/HwHiAiUser/wheeltec_ros2/install/astra_camera_msgs/share/astra_camera_msgs/srv/GetString.idl
[5.330s] -- Up-to-date: /home/HwHiAiUser/wheeltec_ros2/install/astra_camera_msgs/share/astra_camera_msgs/srv/SetInt32.idl
[5.330s] -- Up-to-date: /home/HwHiAiUser/wheeltec_ros2/install/astra_camera_msgs/share/astra_camera_msgs/msg/DeviceInfo.msg
[5.335s] -- Up-to-date: /home/HwHiAiUser/wheeltec_ros2/install/astra_camera_msgs/share/astra_camera_msgs/msg/Extrinsics.msg
[5.336s] -- Up-to-date: /home/HwHiAiUser/wheeltec_ros2/install/astra_camera_msgs/share/astra_camera_msgs/msg/Metadata.msg
[5.337s] -- Up-to-date: /home/HwHiAiUser/wheeltec_ros2/install/astra_camera_msgs/share/astra_camera_msgs/srv/GetDeviceInfo.srv
[5.356s] -- Up-to-date: /home/HwHiAiUser/wheeltec_ros2/install/astra_camera_msgs/share/astra_camera_msgs/srv/GetDeviceInfo_Request.msg
[5.386s] -- Up-to-date: /home/HwHiAiUser/wheeltec_ros2/install/astra_camera_msgs/share/astra_camera_msgs/srv/GetDeviceInfo_Response.msg
[5.387s] -- Up-to-date: /home/HwHiAiUser/wheeltec_ros2/install/astra_camera_msgs/share/astra_camera_msgs/srv/GetCameraInfo.srv
[5.388s] -- Up-to-date: /home/HwHiAiUser/wheeltec_ros2/install/astra_camera_msgs/share/astra_camera_msgs/srv/GetCameraInfo_Request.msg
[5.388s] -- Up-to-date: /home/HwHiAiUser/wheeltec_ros2/install/astra_camera_msgs/share/astra_camera_msgs/srv/GetCameraInfo_Response.msg
[5.388s] -- Up-to-date: /home/HwHiAiUser/wheeltec_ros2/install/astra_camera_msgs/share/astra_camera_msgs/srv/GetCameraParams.srv
[5.399s] -- Up-to-date: /home/HwHiAiUser/wheeltec_ros2/install/astra_camera_msgs/share/astra_camera_msgs/srv/GetCameraParams_Request.msg
[5.399s] -- Up-to-date: /home/HwHiAiUser/wheeltec_ros2/install/astra_camera_msgs/share/astra_camera_msgs/srv/GetCameraParams_Response.msg
[5.400s] -- Up-to-date: /home/HwHiAiUser/wheeltec_ros2/install/astra_camera_msgs/share/astra_camera_msgs/srv/GetInt32.srv
[5.400s] -- Up-to-date: /home/HwHiAiUser/wheeltec_ros2/install/astra_camera_msgs/share/astra_camera_msgs/srv/GetInt32_Request.msg
[5.400s] -- Up-to-date: /home/HwHiAiUser/wheeltec_ros2/install/astra_camera_msgs/share/astra_camera_msgs/srv/GetInt32_Response.msg
[5.400s] -- Up-to-date: /home/HwHiAiUser/wheeltec_ros2/install/astra_camera_msgs/share/astra_camera_msgs/srv/GetString.srv
[5.401s] -- Up-to-date: /home/HwHiAiUser/wheeltec_ros2/install/astra_camera_msgs/share/astra_camera_msgs/srv/GetString_Request.msg
[5.401s] -- Up-to-date: /home/HwHiAiUser/wheeltec_ros2/install/astra_camera_msgs/share/astra_camera_msgs/srv/GetString_Response.msg
[5.404s] -- Up-to-date: /home/HwHiAiUser/wheeltec_ros2/install/astra_camera_msgs/share/astra_camera_msgs/srv/SetInt32.srv
[5.404s] -- Up-to-date: /home/HwHiAiUser/wheeltec_ros2/install/astra_camera_msgs/share/astra_camera_msgs/srv/SetInt32_Request.msg
[5.404s] -- Up-to-date: /home/HwHiAiUser/wheeltec_ros2/install/astra_camera_msgs/share/astra_camera_msgs/srv/SetInt32_Response.msg
[5.404s] -- Up-to-date: /home/HwHiAiUser/wheeltec_ros2/install/astra_camera_msgs/share/ament_index/resource_index/package_run_dependencies/astra_camera_msgs
[5.404s] -- Up-to-date: /home/HwHiAiUser/wheeltec_ros2/install/astra_camera_msgs/share/ament_index/resource_index/parent_prefix_path/astra_camera_msgs
[5.405s] -- Up-to-date: /home/HwHiAiUser/wheeltec_ros2/install/astra_camera_msgs/share/astra_camera_msgs/environment/ament_prefix_path.sh
[5.405s] -- Up-to-date: /home/HwHiAiUser/wheeltec_ros2/install/astra_camera_msgs/share/astra_camera_msgs/environment/ament_prefix_path.dsv
[5.405s] -- Up-to-date: /home/HwHiAiUser/wheeltec_ros2/install/astra_camera_msgs/share/astra_camera_msgs/environment/path.sh
[5.405s] -- Up-to-date: /home/HwHiAiUser/wheeltec_ros2/install/astra_camera_msgs/share/astra_camera_msgs/environment/path.dsv
[5.405s] -- Up-to-date: /home/HwHiAiUser/wheeltec_ros2/install/astra_camera_msgs/share/astra_camera_msgs/local_setup.bash
[5.406s] -- Up-to-date: /home/HwHiAiUser/wheeltec_ros2/install/astra_camera_msgs/share/astra_camera_msgs/local_setup.sh
[5.406s] -- Up-to-date: /home/HwHiAiUser/wheeltec_ros2/install/astra_camera_msgs/share/astra_camera_msgs/local_setup.zsh
[5.415s] -- Up-to-date: /home/HwHiAiUser/wheeltec_ros2/install/astra_camera_msgs/share/astra_camera_msgs/local_setup.dsv
[5.416s] -- Installing: /home/HwHiAiUser/wheeltec_ros2/install/astra_camera_msgs/share/astra_camera_msgs/package.dsv
[5.416s] -- Up-to-date: /home/HwHiAiUser/wheeltec_ros2/install/astra_camera_msgs/share/ament_index/resource_index/packages/astra_camera_msgs
[5.416s] -- Up-to-date: /home/HwHiAiUser/wheeltec_ros2/install/astra_camera_msgs/share/astra_camera_msgs/cmake/export_astra_camera_msgs__rosidl_generator_cExport.cmake
[5.417s] -- Up-to-date: /home/HwHiAiUser/wheeltec_ros2/install/astra_camera_msgs/share/astra_camera_msgs/cmake/export_astra_camera_msgs__rosidl_generator_cExport-noconfig.cmake
[5.418s] -- Up-to-date: /home/HwHiAiUser/wheeltec_ros2/install/astra_camera_msgs/share/astra_camera_msgs/cmake/export_astra_camera_msgs__rosidl_typesupport_fastrtps_cExport.cmake
[5.418s] -- Up-to-date: /home/HwHiAiUser/wheeltec_ros2/install/astra_camera_msgs/share/astra_camera_msgs/cmake/export_astra_camera_msgs__rosidl_typesupport_fastrtps_cExport-noconfig.cmake
[5.418s] -- Up-to-date: /home/HwHiAiUser/wheeltec_ros2/install/astra_camera_msgs/share/astra_camera_msgs/cmake/astra_camera_msgs__rosidl_typesupport_introspection_cExport.cmake
[5.418s] -- Up-to-date: /home/HwHiAiUser/wheeltec_ros2/install/astra_camera_msgs/share/astra_camera_msgs/cmake/astra_camera_msgs__rosidl_typesupport_introspection_cExport-noconfig.cmake
[5.418s] -- Up-to-date: /home/HwHiAiUser/wheeltec_ros2/install/astra_camera_msgs/share/astra_camera_msgs/cmake/astra_camera_msgs__rosidl_typesupport_cExport.cmake
[5.419s] -- Up-to-date: /home/HwHiAiUser/wheeltec_ros2/install/astra_camera_msgs/share/astra_camera_msgs/cmake/astra_camera_msgs__rosidl_typesupport_cExport-noconfig.cmake
[5.419s] -- Up-to-date: /home/HwHiAiUser/wheeltec_ros2/install/astra_camera_msgs/share/astra_camera_msgs/cmake/export_astra_camera_msgs__rosidl_generator_cppExport.cmake
[5.419s] -- Up-to-date: /home/HwHiAiUser/wheeltec_ros2/install/astra_camera_msgs/share/astra_camera_msgs/cmake/export_astra_camera_msgs__rosidl_typesupport_fastrtps_cppExport.cmake
[5.420s] -- Up-to-date: /home/HwHiAiUser/wheeltec_ros2/install/astra_camera_msgs/share/astra_camera_msgs/cmake/export_astra_camera_msgs__rosidl_typesupport_fastrtps_cppExport-noconfig.cmake
[5.420s] -- Up-to-date: /home/HwHiAiUser/wheeltec_ros2/install/astra_camera_msgs/share/astra_camera_msgs/cmake/astra_camera_msgs__rosidl_typesupport_introspection_cppExport.cmake
[5.420s] -- Up-to-date: /home/HwHiAiUser/wheeltec_ros2/install/astra_camera_msgs/share/astra_camera_msgs/cmake/astra_camera_msgs__rosidl_typesupport_introspection_cppExport-noconfig.cmake
[5.420s] -- Up-to-date: /home/HwHiAiUser/wheeltec_ros2/install/astra_camera_msgs/share/astra_camera_msgs/cmake/astra_camera_msgs__rosidl_typesupport_cppExport.cmake
[5.420s] -- Up-to-date: /home/HwHiAiUser/wheeltec_ros2/install/astra_camera_msgs/share/astra_camera_msgs/cmake/astra_camera_msgs__rosidl_typesupport_cppExport-noconfig.cmake
[5.420s] -- Up-to-date: /home/HwHiAiUser/wheeltec_ros2/install/astra_camera_msgs/share/astra_camera_msgs/cmake/export_astra_camera_msgs__rosidl_generator_pyExport.cmake
[5.421s] -- Up-to-date: /home/HwHiAiUser/wheeltec_ros2/install/astra_camera_msgs/share/astra_camera_msgs/cmake/export_astra_camera_msgs__rosidl_generator_pyExport-noconfig.cmake
[5.421s] -- Up-to-date: /home/HwHiAiUser/wheeltec_ros2/install/astra_camera_msgs/share/astra_camera_msgs/cmake/rosidl_cmake-extras.cmake
[5.421s] -- Up-to-date: /home/HwHiAiUser/wheeltec_ros2/install/astra_camera_msgs/share/astra_camera_msgs/cmake/ament_cmake_export_dependencies-extras.cmake
[5.421s] -- Up-to-date: /home/HwHiAiUser/wheeltec_ros2/install/astra_camera_msgs/share/astra_camera_msgs/cmake/ament_cmake_export_include_directories-extras.cmake
[5.421s] -- Up-to-date: /home/HwHiAiUser/wheeltec_ros2/install/astra_camera_msgs/share/astra_camera_msgs/cmake/ament_cmake_export_libraries-extras.cmake
[5.422s] -- Up-to-date: /home/HwHiAiUser/wheeltec_ros2/install/astra_camera_msgs/share/astra_camera_msgs/cmake/ament_cmake_export_targets-extras.cmake
[5.422s] -- Up-to-date: /home/HwHiAiUser/wheeltec_ros2/install/astra_camera_msgs/share/astra_camera_msgs/cmake/rosidl_cmake_export_typesupport_targets-extras.cmake
[5.422s] -- Up-to-date: /home/HwHiAiUser/wheeltec_ros2/install/astra_camera_msgs/share/astra_camera_msgs/cmake/rosidl_cmake_export_typesupport_libraries-extras.cmake
[5.422s] -- Up-to-date: /home/HwHiAiUser/wheeltec_ros2/install/astra_camera_msgs/share/astra_camera_msgs/cmake/astra_camera_msgsConfig.cmake
[5.422s] -- Up-to-date: /home/HwHiAiUser/wheeltec_ros2/install/astra_camera_msgs/share/astra_camera_msgs/cmake/astra_camera_msgsConfig-version.cmake
[5.423s] -- Up-to-date: /home/HwHiAiUser/wheeltec_ros2/install/astra_camera_msgs/share/astra_camera_msgs/package.xml
[5.564s] Invoked command in '/home/HwHiAiUser/wheeltec_ros2/build/astra_camera_msgs' returned '0': CMAKE_PREFIX_PATH=${CMAKE_PREFIX_PATH}:/home/HwHiAiUser/wheeltec_ros2/install/wheeltec_robot_keyboard:/home/HwHiAiUser/wheeltec_ros2/install/wheeltec_gpio_control:/home/HwHiAiUser/wheeltec_ros2/install/tf2_tools:/opt/ros/humble _=/usr/bin/env /usr/bin/cmake --install /home/HwHiAiUser/wheeltec_ros2/build/astra_camera_msgs
