[4.310s] Invoking command in '/home/HwHiAiUser/wheeltec_ros2/src/depend/tf2_tools': PYTHONPATH=/home/HwHiAiUser/wheeltec_ros2/build/tf2_tools/prefix_override:/usr/lib/python3/dist-packages/colcon_core/task/python/colcon_distutils_commands:/home/HwHiAiUser/wheeltec_ros2/install/tf2_tools/lib/python3.10/site-packages:${PYTHONPATH} _=/usr/bin/env /usr/bin/python3 -W ignore:setup.py install is deprecated -W ignore:easy_install command is deprecated setup.py egg_info --egg-base ../../../build/tf2_tools build --build-base /home/HwHiAiUser/wheeltec_ros2/build/tf2_tools/build install --record /home/HwHiAiUser/wheeltec_ros2/build/tf2_tools/install.log --single-version-externally-managed install_data
[6.295s] running egg_info
[6.302s] writing ../../../build/tf2_tools/tf2_tools.egg-info/PKG-INFO
[6.302s] writing dependency_links to ../../../build/tf2_tools/tf2_tools.egg-info/dependency_links.txt
[6.306s] writing entry points to ../../../build/tf2_tools/tf2_tools.egg-info/entry_points.txt
[6.308s] writing requirements to ../../../build/tf2_tools/tf2_tools.egg-info/requires.txt
[6.310s] writing top-level names to ../../../build/tf2_tools/tf2_tools.egg-info/top_level.txt
[6.317s] reading manifest file '../../../build/tf2_tools/tf2_tools.egg-info/SOURCES.txt'
[6.323s] writing manifest file '../../../build/tf2_tools/tf2_tools.egg-info/SOURCES.txt'
[6.323s] running build
[6.324s] running build_py
[6.328s] running install
[6.328s] running install_lib
[6.331s] running install_data
[6.331s] running install_egg_info
[6.338s] removing '/home/HwHiAiUser/wheeltec_ros2/install/tf2_tools/lib/python3.10/site-packages/tf2_tools-0.17.1-py3.10.egg-info' (and everything under it)
[6.338s] Copying ../../../build/tf2_tools/tf2_tools.egg-info to /home/HwHiAiUser/wheeltec_ros2/install/tf2_tools/lib/python3.10/site-packages/tf2_tools-0.17.1-py3.10.egg-info
[6.341s] running install_scripts
[6.434s] Installing view_frames script to /home/HwHiAiUser/wheeltec_ros2/install/tf2_tools/lib/tf2_tools
[6.435s] writing list of installed files to '/home/HwHiAiUser/wheeltec_ros2/build/tf2_tools/install.log'
[7.032s] Invoked command in '/home/HwHiAiUser/wheeltec_ros2/src/depend/tf2_tools' returned '0': PYTHONPATH=/home/HwHiAiUser/wheeltec_ros2/build/tf2_tools/prefix_override:/usr/lib/python3/dist-packages/colcon_core/task/python/colcon_distutils_commands:/home/HwHiAiUser/wheeltec_ros2/install/tf2_tools/lib/python3.10/site-packages:${PYTHONPATH} _=/usr/bin/env /usr/bin/python3 -W ignore:setup.py install is deprecated -W ignore:easy_install command is deprecated setup.py egg_info --egg-base ../../../build/tf2_tools build --build-base /home/HwHiAiUser/wheeltec_ros2/build/tf2_tools/build install --record /home/HwHiAiUser/wheeltec_ros2/build/tf2_tools/install.log --single-version-externally-managed install_data
