[0.034s] Invoking command in '/home/HwHiAiUser/wheeltec_ros2/build/wheeltec_robot_msg': CMAKE_PREFIX_PATH=${CMAKE_PREFIX_PATH}:/home/HwHiAiUser/wheeltec_ros2/install/wheeltec_robot_keyboard:/home/HwHiAiUser/wheeltec_ros2/install/wheeltec_gpio_control:/home/HwHiAiUser/wheeltec_ros2/install/tf2_tools:/opt/ros/humble _=/usr/bin/env /usr/bin/cmake --build /home/HwHiAiUser/wheeltec_ros2/build/wheeltec_robot_msg -- -j4 -l4
[0.164s] [  2%] Built target wheeltec_robot_msg__cpp
[0.256s] [  2%] Built target ament_cmake_python_copy_wheeltec_robot_msg
[0.325s] [ 12%] Built target wheeltec_robot_msg__rosidl_typesupport_fastrtps_cpp
[0.395s] [ 23%] Built target wheeltec_robot_msg__rosidl_typesupport_introspection_cpp
[1.684s] running egg_info
[1.693s] writing wheeltec_robot_msg.egg-info/PKG-INFO
[1.694s] writing dependency_links to wheeltec_robot_msg.egg-info/dependency_links.txt
[1.695s] writing top-level names to wheeltec_robot_msg.egg-info/top_level.txt
[1.704s] reading manifest file 'wheeltec_robot_msg.egg-info/SOURCES.txt'
[1.708s] writing manifest file 'wheeltec_robot_msg.egg-info/SOURCES.txt'
[1.900s] [ 23%] Built target ament_cmake_python_build_wheeltec_robot_msg_egg
[1.968s] [ 33%] Built target wheeltec_robot_msg__rosidl_typesupport_cpp
[2.023s] [ 43%] Built target wheeltec_robot_msg__rosidl_generator_c
[2.114s] [ 53%] Built target wheeltec_robot_msg__rosidl_typesupport_fastrtps_c
[2.175s] [ 64%] Built target wheeltec_robot_msg__rosidl_typesupport_c
[2.235s] [ 74%] Built target wheeltec_robot_msg__rosidl_typesupport_introspection_c
[2.342s] [ 74%] Built target wheeltec_robot_msg
[2.411s] [ 76%] Built target wheeltec_robot_msg__py
[2.483s] [ 84%] Built target wheeltec_robot_msg__rosidl_generator_py
[2.544s] [ 89%] Built target wheeltec_robot_msg__rosidl_typesupport_fastrtps_c__pyext
[2.602s] [ 94%] Built target wheeltec_robot_msg__rosidl_typesupport_c__pyext
[2.652s] [100%] Built target wheeltec_robot_msg__rosidl_typesupport_introspection_c__pyext
[2.772s] Invoked command in '/home/HwHiAiUser/wheeltec_ros2/build/wheeltec_robot_msg' returned '0': CMAKE_PREFIX_PATH=${CMAKE_PREFIX_PATH}:/home/HwHiAiUser/wheeltec_ros2/install/wheeltec_robot_keyboard:/home/HwHiAiUser/wheeltec_ros2/install/wheeltec_gpio_control:/home/HwHiAiUser/wheeltec_ros2/install/tf2_tools:/opt/ros/humble _=/usr/bin/env /usr/bin/cmake --build /home/HwHiAiUser/wheeltec_ros2/build/wheeltec_robot_msg -- -j4 -l4
[2.774s] Invoking command in '/home/HwHiAiUser/wheeltec_ros2/build/wheeltec_robot_msg': CMAKE_PREFIX_PATH=${CMAKE_PREFIX_PATH}:/home/HwHiAiUser/wheeltec_ros2/install/wheeltec_robot_keyboard:/home/HwHiAiUser/wheeltec_ros2/install/wheeltec_gpio_control:/home/HwHiAiUser/wheeltec_ros2/install/tf2_tools:/opt/ros/humble _=/usr/bin/env /usr/bin/cmake --install /home/HwHiAiUser/wheeltec_ros2/build/wheeltec_robot_msg
[2.783s] -- Install configuration: ""
[2.786s] -- Up-to-date: /home/HwHiAiUser/wheeltec_ros2/install/wheeltec_robot_msg/share/ament_index/resource_index/rosidl_interfaces/wheeltec_robot_msg
[2.787s] -- Up-to-date: /home/HwHiAiUser/wheeltec_ros2/install/wheeltec_robot_msg/include/wheeltec_robot_msg/wheeltec_robot_msg
[2.788s] -- Up-to-date: /home/HwHiAiUser/wheeltec_ros2/install/wheeltec_robot_msg/include/wheeltec_robot_msg/wheeltec_robot_msg/msg
[2.788s] -- Up-to-date: /home/HwHiAiUser/wheeltec_ros2/install/wheeltec_robot_msg/include/wheeltec_robot_msg/wheeltec_robot_msg/msg/detail
[2.796s] -- Up-to-date: /home/HwHiAiUser/wheeltec_ros2/install/wheeltec_robot_msg/include/wheeltec_robot_msg/wheeltec_robot_msg/msg/detail/supersonic__functions.h
[2.797s] -- Up-to-date: /home/HwHiAiUser/wheeltec_ros2/install/wheeltec_robot_msg/include/wheeltec_robot_msg/wheeltec_robot_msg/msg/detail/data__struct.h
[2.799s] -- Up-to-date: /home/HwHiAiUser/wheeltec_ros2/install/wheeltec_robot_msg/include/wheeltec_robot_msg/wheeltec_robot_msg/msg/detail/supersonic__functions.c
[2.799s] -- Up-to-date: /home/HwHiAiUser/wheeltec_ros2/install/wheeltec_robot_msg/include/wheeltec_robot_msg/wheeltec_robot_msg/msg/detail/data__type_support.h
[2.800s] -- Up-to-date: /home/HwHiAiUser/wheeltec_ros2/install/wheeltec_robot_msg/include/wheeltec_robot_msg/wheeltec_robot_msg/msg/detail/data__functions.c
[2.800s] -- Up-to-date: /home/HwHiAiUser/wheeltec_ros2/install/wheeltec_robot_msg/include/wheeltec_robot_msg/wheeltec_robot_msg/msg/detail/data__functions.h
[2.800s] -- Up-to-date: /home/HwHiAiUser/wheeltec_ros2/install/wheeltec_robot_msg/include/wheeltec_robot_msg/wheeltec_robot_msg/msg/detail/supersonic__struct.h
[2.801s] -- Up-to-date: /home/HwHiAiUser/wheeltec_ros2/install/wheeltec_robot_msg/include/wheeltec_robot_msg/wheeltec_robot_msg/msg/detail/supersonic__type_support.h
[2.801s] -- Up-to-date: /home/HwHiAiUser/wheeltec_ros2/install/wheeltec_robot_msg/include/wheeltec_robot_msg/wheeltec_robot_msg/msg/rosidl_generator_c__visibility_control.h
[2.801s] -- Up-to-date: /home/HwHiAiUser/wheeltec_ros2/install/wheeltec_robot_msg/include/wheeltec_robot_msg/wheeltec_robot_msg/msg/supersonic.h
[2.801s] -- Up-to-date: /home/HwHiAiUser/wheeltec_ros2/install/wheeltec_robot_msg/include/wheeltec_robot_msg/wheeltec_robot_msg/msg/data.h
[2.802s] -- Up-to-date: /home/HwHiAiUser/wheeltec_ros2/install/wheeltec_robot_msg/share/wheeltec_robot_msg/environment/library_path.sh
[2.802s] -- Up-to-date: /home/HwHiAiUser/wheeltec_ros2/install/wheeltec_robot_msg/share/wheeltec_robot_msg/environment/library_path.dsv
[2.802s] -- Up-to-date: /home/HwHiAiUser/wheeltec_ros2/install/wheeltec_robot_msg/lib/libwheeltec_robot_msg__rosidl_generator_c.so
[2.802s] -- Up-to-date: /home/HwHiAiUser/wheeltec_ros2/install/wheeltec_robot_msg/include/wheeltec_robot_msg/wheeltec_robot_msg
[2.802s] -- Up-to-date: /home/HwHiAiUser/wheeltec_ros2/install/wheeltec_robot_msg/include/wheeltec_robot_msg/wheeltec_robot_msg/msg
[2.803s] -- Up-to-date: /home/HwHiAiUser/wheeltec_ros2/install/wheeltec_robot_msg/include/wheeltec_robot_msg/wheeltec_robot_msg/msg/detail
[2.803s] -- Up-to-date: /home/HwHiAiUser/wheeltec_ros2/install/wheeltec_robot_msg/include/wheeltec_robot_msg/wheeltec_robot_msg/msg/detail/supersonic__rosidl_typesupport_fastrtps_c.h
[2.803s] -- Up-to-date: /home/HwHiAiUser/wheeltec_ros2/install/wheeltec_robot_msg/include/wheeltec_robot_msg/wheeltec_robot_msg/msg/detail/data__rosidl_typesupport_fastrtps_c.h
[2.803s] -- Up-to-date: /home/HwHiAiUser/wheeltec_ros2/install/wheeltec_robot_msg/include/wheeltec_robot_msg/wheeltec_robot_msg/msg/rosidl_typesupport_fastrtps_c__visibility_control.h
[2.803s] -- Up-to-date: /home/HwHiAiUser/wheeltec_ros2/install/wheeltec_robot_msg/lib/libwheeltec_robot_msg__rosidl_typesupport_fastrtps_c.so
[2.818s] -- Up-to-date: /home/HwHiAiUser/wheeltec_ros2/install/wheeltec_robot_msg/include/wheeltec_robot_msg/wheeltec_robot_msg
[2.818s] -- Up-to-date: /home/HwHiAiUser/wheeltec_ros2/install/wheeltec_robot_msg/include/wheeltec_robot_msg/wheeltec_robot_msg/msg
[2.819s] -- Up-to-date: /home/HwHiAiUser/wheeltec_ros2/install/wheeltec_robot_msg/include/wheeltec_robot_msg/wheeltec_robot_msg/msg/detail
[2.819s] -- Up-to-date: /home/HwHiAiUser/wheeltec_ros2/install/wheeltec_robot_msg/include/wheeltec_robot_msg/wheeltec_robot_msg/msg/detail/supersonic__type_support.c
[2.819s] -- Up-to-date: /home/HwHiAiUser/wheeltec_ros2/install/wheeltec_robot_msg/include/wheeltec_robot_msg/wheeltec_robot_msg/msg/detail/supersonic__rosidl_typesupport_introspection_c.h
[2.819s] -- Up-to-date: /home/HwHiAiUser/wheeltec_ros2/install/wheeltec_robot_msg/include/wheeltec_robot_msg/wheeltec_robot_msg/msg/detail/data__type_support.c
[2.820s] -- Up-to-date: /home/HwHiAiUser/wheeltec_ros2/install/wheeltec_robot_msg/include/wheeltec_robot_msg/wheeltec_robot_msg/msg/detail/data__rosidl_typesupport_introspection_c.h
[2.820s] -- Up-to-date: /home/HwHiAiUser/wheeltec_ros2/install/wheeltec_robot_msg/include/wheeltec_robot_msg/wheeltec_robot_msg/msg/rosidl_typesupport_introspection_c__visibility_control.h
[2.820s] -- Up-to-date: /home/HwHiAiUser/wheeltec_ros2/install/wheeltec_robot_msg/lib/libwheeltec_robot_msg__rosidl_typesupport_introspection_c.so
[2.821s] -- Up-to-date: /home/HwHiAiUser/wheeltec_ros2/install/wheeltec_robot_msg/lib/libwheeltec_robot_msg__rosidl_typesupport_c.so
[2.821s] -- Up-to-date: /home/HwHiAiUser/wheeltec_ros2/install/wheeltec_robot_msg/include/wheeltec_robot_msg/wheeltec_robot_msg
[2.821s] -- Up-to-date: /home/HwHiAiUser/wheeltec_ros2/install/wheeltec_robot_msg/include/wheeltec_robot_msg/wheeltec_robot_msg/msg
[2.821s] -- Up-to-date: /home/HwHiAiUser/wheeltec_ros2/install/wheeltec_robot_msg/include/wheeltec_robot_msg/wheeltec_robot_msg/msg/detail
[2.822s] -- Up-to-date: /home/HwHiAiUser/wheeltec_ros2/install/wheeltec_robot_msg/include/wheeltec_robot_msg/wheeltec_robot_msg/msg/detail/supersonic__builder.hpp
[2.822s] -- Up-to-date: /home/HwHiAiUser/wheeltec_ros2/install/wheeltec_robot_msg/include/wheeltec_robot_msg/wheeltec_robot_msg/msg/detail/data__builder.hpp
[2.822s] -- Up-to-date: /home/HwHiAiUser/wheeltec_ros2/install/wheeltec_robot_msg/include/wheeltec_robot_msg/wheeltec_robot_msg/msg/detail/supersonic__traits.hpp
[2.822s] -- Up-to-date: /home/HwHiAiUser/wheeltec_ros2/install/wheeltec_robot_msg/include/wheeltec_robot_msg/wheeltec_robot_msg/msg/detail/data__type_support.hpp
[2.823s] -- Up-to-date: /home/HwHiAiUser/wheeltec_ros2/install/wheeltec_robot_msg/include/wheeltec_robot_msg/wheeltec_robot_msg/msg/detail/supersonic__struct.hpp
[2.823s] -- Up-to-date: /home/HwHiAiUser/wheeltec_ros2/install/wheeltec_robot_msg/include/wheeltec_robot_msg/wheeltec_robot_msg/msg/detail/supersonic__type_support.hpp
[2.823s] -- Up-to-date: /home/HwHiAiUser/wheeltec_ros2/install/wheeltec_robot_msg/include/wheeltec_robot_msg/wheeltec_robot_msg/msg/detail/data__struct.hpp
[2.823s] -- Up-to-date: /home/HwHiAiUser/wheeltec_ros2/install/wheeltec_robot_msg/include/wheeltec_robot_msg/wheeltec_robot_msg/msg/detail/data__traits.hpp
[2.824s] -- Up-to-date: /home/HwHiAiUser/wheeltec_ros2/install/wheeltec_robot_msg/include/wheeltec_robot_msg/wheeltec_robot_msg/msg/rosidl_generator_cpp__visibility_control.hpp
[2.827s] -- Up-to-date: /home/HwHiAiUser/wheeltec_ros2/install/wheeltec_robot_msg/include/wheeltec_robot_msg/wheeltec_robot_msg/msg/data.hpp
[2.827s] -- Up-to-date: /home/HwHiAiUser/wheeltec_ros2/install/wheeltec_robot_msg/include/wheeltec_robot_msg/wheeltec_robot_msg/msg/supersonic.hpp
[2.828s] -- Up-to-date: /home/HwHiAiUser/wheeltec_ros2/install/wheeltec_robot_msg/include/wheeltec_robot_msg/wheeltec_robot_msg
[2.828s] -- Up-to-date: /home/HwHiAiUser/wheeltec_ros2/install/wheeltec_robot_msg/include/wheeltec_robot_msg/wheeltec_robot_msg/msg
[2.828s] -- Up-to-date: /home/HwHiAiUser/wheeltec_ros2/install/wheeltec_robot_msg/include/wheeltec_robot_msg/wheeltec_robot_msg/msg/detail
[2.828s] -- Up-to-date: /home/HwHiAiUser/wheeltec_ros2/install/wheeltec_robot_msg/include/wheeltec_robot_msg/wheeltec_robot_msg/msg/detail/dds_fastrtps
[2.829s] -- Up-to-date: /home/HwHiAiUser/wheeltec_ros2/install/wheeltec_robot_msg/include/wheeltec_robot_msg/wheeltec_robot_msg/msg/detail/data__rosidl_typesupport_fastrtps_cpp.hpp
[2.829s] -- Up-to-date: /home/HwHiAiUser/wheeltec_ros2/install/wheeltec_robot_msg/include/wheeltec_robot_msg/wheeltec_robot_msg/msg/detail/supersonic__rosidl_typesupport_fastrtps_cpp.hpp
[2.829s] -- Up-to-date: /home/HwHiAiUser/wheeltec_ros2/install/wheeltec_robot_msg/include/wheeltec_robot_msg/wheeltec_robot_msg/msg/rosidl_typesupport_fastrtps_cpp__visibility_control.h
[2.829s] -- Up-to-date: /home/HwHiAiUser/wheeltec_ros2/install/wheeltec_robot_msg/lib/libwheeltec_robot_msg__rosidl_typesupport_fastrtps_cpp.so
[2.829s] -- Up-to-date: /home/HwHiAiUser/wheeltec_ros2/install/wheeltec_robot_msg/include/wheeltec_robot_msg/wheeltec_robot_msg
[2.829s] -- Up-to-date: /home/HwHiAiUser/wheeltec_ros2/install/wheeltec_robot_msg/include/wheeltec_robot_msg/wheeltec_robot_msg/msg
[2.830s] -- Up-to-date: /home/HwHiAiUser/wheeltec_ros2/install/wheeltec_robot_msg/include/wheeltec_robot_msg/wheeltec_robot_msg/msg/detail
[2.830s] -- Up-to-date: /home/HwHiAiUser/wheeltec_ros2/install/wheeltec_robot_msg/include/wheeltec_robot_msg/wheeltec_robot_msg/msg/detail/data__type_support.cpp
[2.830s] -- Up-to-date: /home/HwHiAiUser/wheeltec_ros2/install/wheeltec_robot_msg/include/wheeltec_robot_msg/wheeltec_robot_msg/msg/detail/data__rosidl_typesupport_introspection_cpp.hpp
[2.830s] -- Up-to-date: /home/HwHiAiUser/wheeltec_ros2/install/wheeltec_robot_msg/include/wheeltec_robot_msg/wheeltec_robot_msg/msg/detail/supersonic__rosidl_typesupport_introspection_cpp.hpp
[2.830s] -- Up-to-date: /home/HwHiAiUser/wheeltec_ros2/install/wheeltec_robot_msg/include/wheeltec_robot_msg/wheeltec_robot_msg/msg/detail/supersonic__type_support.cpp
[2.831s] -- Up-to-date: /home/HwHiAiUser/wheeltec_ros2/install/wheeltec_robot_msg/lib/libwheeltec_robot_msg__rosidl_typesupport_introspection_cpp.so
[2.831s] -- Up-to-date: /home/HwHiAiUser/wheeltec_ros2/install/wheeltec_robot_msg/lib/libwheeltec_robot_msg__rosidl_typesupport_cpp.so
[2.831s] -- Up-to-date: /home/HwHiAiUser/wheeltec_ros2/install/wheeltec_robot_msg/share/wheeltec_robot_msg/environment/pythonpath.sh
[2.831s] -- Up-to-date: /home/HwHiAiUser/wheeltec_ros2/install/wheeltec_robot_msg/share/wheeltec_robot_msg/environment/pythonpath.dsv
[2.831s] -- Up-to-date: /home/HwHiAiUser/wheeltec_ros2/install/wheeltec_robot_msg/local/lib/python3.10/dist-packages/wheeltec_robot_msg-0.0.0-py3.10.egg-info
[2.831s] -- Installing: /home/HwHiAiUser/wheeltec_ros2/install/wheeltec_robot_msg/local/lib/python3.10/dist-packages/wheeltec_robot_msg-0.0.0-py3.10.egg-info/dependency_links.txt
[2.832s] -- Installing: /home/HwHiAiUser/wheeltec_ros2/install/wheeltec_robot_msg/local/lib/python3.10/dist-packages/wheeltec_robot_msg-0.0.0-py3.10.egg-info/SOURCES.txt
[2.832s] -- Installing: /home/HwHiAiUser/wheeltec_ros2/install/wheeltec_robot_msg/local/lib/python3.10/dist-packages/wheeltec_robot_msg-0.0.0-py3.10.egg-info/PKG-INFO
[2.832s] -- Installing: /home/HwHiAiUser/wheeltec_ros2/install/wheeltec_robot_msg/local/lib/python3.10/dist-packages/wheeltec_robot_msg-0.0.0-py3.10.egg-info/top_level.txt
[2.832s] -- Up-to-date: /home/HwHiAiUser/wheeltec_ros2/install/wheeltec_robot_msg/local/lib/python3.10/dist-packages/wheeltec_robot_msg
[2.832s] -- Up-to-date: /home/HwHiAiUser/wheeltec_ros2/install/wheeltec_robot_msg/local/lib/python3.10/dist-packages/wheeltec_robot_msg/__init__.py
[2.832s] -- Up-to-date: /home/HwHiAiUser/wheeltec_ros2/install/wheeltec_robot_msg/local/lib/python3.10/dist-packages/wheeltec_robot_msg/msg
[2.833s] -- Up-to-date: /home/HwHiAiUser/wheeltec_ros2/install/wheeltec_robot_msg/local/lib/python3.10/dist-packages/wheeltec_robot_msg/msg/_data_s.c
[2.833s] -- Up-to-date: /home/HwHiAiUser/wheeltec_ros2/install/wheeltec_robot_msg/local/lib/python3.10/dist-packages/wheeltec_robot_msg/msg/_data.py
[2.833s] -- Up-to-date: /home/HwHiAiUser/wheeltec_ros2/install/wheeltec_robot_msg/local/lib/python3.10/dist-packages/wheeltec_robot_msg/msg/__init__.py
[2.833s] -- Up-to-date: /home/HwHiAiUser/wheeltec_ros2/install/wheeltec_robot_msg/local/lib/python3.10/dist-packages/wheeltec_robot_msg/msg/_supersonic_s.c
[2.833s] -- Up-to-date: /home/HwHiAiUser/wheeltec_ros2/install/wheeltec_robot_msg/local/lib/python3.10/dist-packages/wheeltec_robot_msg/msg/_supersonic.py
[2.834s] -- Up-to-date: /home/HwHiAiUser/wheeltec_ros2/install/wheeltec_robot_msg/local/lib/python3.10/dist-packages/wheeltec_robot_msg/wheeltec_robot_msg_s__rosidl_typesupport_fastrtps_c.cpython-310-aarch64-linux-gnu.so
[2.834s] -- Up-to-date: /home/HwHiAiUser/wheeltec_ros2/install/wheeltec_robot_msg/local/lib/python3.10/dist-packages/wheeltec_robot_msg/libwheeltec_robot_msg__rosidl_generator_py.so
[2.834s] -- Up-to-date: /home/HwHiAiUser/wheeltec_ros2/install/wheeltec_robot_msg/local/lib/python3.10/dist-packages/wheeltec_robot_msg/_wheeltec_robot_msg_s.ep.rosidl_typesupport_introspection_c.c
[2.834s] -- Up-to-date: /home/HwHiAiUser/wheeltec_ros2/install/wheeltec_robot_msg/local/lib/python3.10/dist-packages/wheeltec_robot_msg/_wheeltec_robot_msg_s.ep.rosidl_typesupport_c.c
[2.834s] -- Up-to-date: /home/HwHiAiUser/wheeltec_ros2/install/wheeltec_robot_msg/local/lib/python3.10/dist-packages/wheeltec_robot_msg/_wheeltec_robot_msg_s.ep.rosidl_typesupport_fastrtps_c.c
[2.834s] -- Up-to-date: /home/HwHiAiUser/wheeltec_ros2/install/wheeltec_robot_msg/local/lib/python3.10/dist-packages/wheeltec_robot_msg/wheeltec_robot_msg_s__rosidl_typesupport_introspection_c.cpython-310-aarch64-linux-gnu.so
[2.835s] -- Up-to-date: /home/HwHiAiUser/wheeltec_ros2/install/wheeltec_robot_msg/local/lib/python3.10/dist-packages/wheeltec_robot_msg/wheeltec_robot_msg_s__rosidl_typesupport_c.cpython-310-aarch64-linux-gnu.so
[2.978s] Listing '/home/HwHiAiUser/wheeltec_ros2/install/wheeltec_robot_msg/local/lib/python3.10/dist-packages/wheeltec_robot_msg'...
[2.978s] Listing '/home/HwHiAiUser/wheeltec_ros2/install/wheeltec_robot_msg/local/lib/python3.10/dist-packages/wheeltec_robot_msg/msg'...
[3.013s] -- Up-to-date: /home/HwHiAiUser/wheeltec_ros2/install/wheeltec_robot_msg/local/lib/python3.10/dist-packages/wheeltec_robot_msg/wheeltec_robot_msg_s__rosidl_typesupport_fastrtps_c.cpython-310-aarch64-linux-gnu.so
[3.014s] -- Up-to-date: /home/HwHiAiUser/wheeltec_ros2/install/wheeltec_robot_msg/local/lib/python3.10/dist-packages/wheeltec_robot_msg/wheeltec_robot_msg_s__rosidl_typesupport_introspection_c.cpython-310-aarch64-linux-gnu.so
[3.018s] -- Up-to-date: /home/HwHiAiUser/wheeltec_ros2/install/wheeltec_robot_msg/local/lib/python3.10/dist-packages/wheeltec_robot_msg/wheeltec_robot_msg_s__rosidl_typesupport_c.cpython-310-aarch64-linux-gnu.so
[3.019s] -- Up-to-date: /home/HwHiAiUser/wheeltec_ros2/install/wheeltec_robot_msg/lib/libwheeltec_robot_msg__rosidl_generator_py.so
[3.020s] -- Up-to-date: /home/HwHiAiUser/wheeltec_ros2/install/wheeltec_robot_msg/share/wheeltec_robot_msg/msg/Data.idl
[3.021s] -- Up-to-date: /home/HwHiAiUser/wheeltec_ros2/install/wheeltec_robot_msg/share/wheeltec_robot_msg/msg/Supersonic.idl
[3.021s] -- Up-to-date: /home/HwHiAiUser/wheeltec_ros2/install/wheeltec_robot_msg/share/wheeltec_robot_msg/msg/Data.msg
[3.022s] -- Up-to-date: /home/HwHiAiUser/wheeltec_ros2/install/wheeltec_robot_msg/share/wheeltec_robot_msg/msg/Supersonic.msg
[3.023s] -- Up-to-date: /home/HwHiAiUser/wheeltec_ros2/install/wheeltec_robot_msg/share/ament_index/resource_index/package_run_dependencies/wheeltec_robot_msg
[3.024s] -- Up-to-date: /home/HwHiAiUser/wheeltec_ros2/install/wheeltec_robot_msg/share/ament_index/resource_index/parent_prefix_path/wheeltec_robot_msg
[3.024s] -- Up-to-date: /home/HwHiAiUser/wheeltec_ros2/install/wheeltec_robot_msg/share/wheeltec_robot_msg/environment/ament_prefix_path.sh
[3.025s] -- Up-to-date: /home/HwHiAiUser/wheeltec_ros2/install/wheeltec_robot_msg/share/wheeltec_robot_msg/environment/ament_prefix_path.dsv
[3.026s] -- Up-to-date: /home/HwHiAiUser/wheeltec_ros2/install/wheeltec_robot_msg/share/wheeltec_robot_msg/environment/path.sh
[3.026s] -- Up-to-date: /home/HwHiAiUser/wheeltec_ros2/install/wheeltec_robot_msg/share/wheeltec_robot_msg/environment/path.dsv
[3.027s] -- Up-to-date: /home/HwHiAiUser/wheeltec_ros2/install/wheeltec_robot_msg/share/wheeltec_robot_msg/local_setup.bash
[3.028s] -- Up-to-date: /home/HwHiAiUser/wheeltec_ros2/install/wheeltec_robot_msg/share/wheeltec_robot_msg/local_setup.sh
[3.029s] -- Up-to-date: /home/HwHiAiUser/wheeltec_ros2/install/wheeltec_robot_msg/share/wheeltec_robot_msg/local_setup.zsh
[3.029s] -- Up-to-date: /home/HwHiAiUser/wheeltec_ros2/install/wheeltec_robot_msg/share/wheeltec_robot_msg/local_setup.dsv
[3.029s] -- Installing: /home/HwHiAiUser/wheeltec_ros2/install/wheeltec_robot_msg/share/wheeltec_robot_msg/package.dsv
[3.031s] -- Up-to-date: /home/HwHiAiUser/wheeltec_ros2/install/wheeltec_robot_msg/share/ament_index/resource_index/packages/wheeltec_robot_msg
[3.032s] -- Up-to-date: /home/HwHiAiUser/wheeltec_ros2/install/wheeltec_robot_msg/share/wheeltec_robot_msg/cmake/export_wheeltec_robot_msg__rosidl_generator_cExport.cmake
[3.032s] -- Up-to-date: /home/HwHiAiUser/wheeltec_ros2/install/wheeltec_robot_msg/share/wheeltec_robot_msg/cmake/export_wheeltec_robot_msg__rosidl_generator_cExport-noconfig.cmake
[3.033s] -- Up-to-date: /home/HwHiAiUser/wheeltec_ros2/install/wheeltec_robot_msg/share/wheeltec_robot_msg/cmake/export_wheeltec_robot_msg__rosidl_typesupport_fastrtps_cExport.cmake
[3.035s] -- Up-to-date: /home/HwHiAiUser/wheeltec_ros2/install/wheeltec_robot_msg/share/wheeltec_robot_msg/cmake/export_wheeltec_robot_msg__rosidl_typesupport_fastrtps_cExport-noconfig.cmake
[3.035s] -- Up-to-date: /home/HwHiAiUser/wheeltec_ros2/install/wheeltec_robot_msg/share/wheeltec_robot_msg/cmake/wheeltec_robot_msg__rosidl_typesupport_introspection_cExport.cmake
[3.035s] -- Up-to-date: /home/HwHiAiUser/wheeltec_ros2/install/wheeltec_robot_msg/share/wheeltec_robot_msg/cmake/wheeltec_robot_msg__rosidl_typesupport_introspection_cExport-noconfig.cmake
[3.037s] -- Up-to-date: /home/HwHiAiUser/wheeltec_ros2/install/wheeltec_robot_msg/share/wheeltec_robot_msg/cmake/wheeltec_robot_msg__rosidl_typesupport_cExport.cmake
[3.038s] -- Up-to-date: /home/HwHiAiUser/wheeltec_ros2/install/wheeltec_robot_msg/share/wheeltec_robot_msg/cmake/wheeltec_robot_msg__rosidl_typesupport_cExport-noconfig.cmake
[3.038s] -- Up-to-date: /home/HwHiAiUser/wheeltec_ros2/install/wheeltec_robot_msg/share/wheeltec_robot_msg/cmake/export_wheeltec_robot_msg__rosidl_generator_cppExport.cmake
[3.039s] -- Up-to-date: /home/HwHiAiUser/wheeltec_ros2/install/wheeltec_robot_msg/share/wheeltec_robot_msg/cmake/export_wheeltec_robot_msg__rosidl_typesupport_fastrtps_cppExport.cmake
[3.040s] -- Up-to-date: /home/HwHiAiUser/wheeltec_ros2/install/wheeltec_robot_msg/share/wheeltec_robot_msg/cmake/export_wheeltec_robot_msg__rosidl_typesupport_fastrtps_cppExport-noconfig.cmake
[3.040s] -- Up-to-date: /home/HwHiAiUser/wheeltec_ros2/install/wheeltec_robot_msg/share/wheeltec_robot_msg/cmake/wheeltec_robot_msg__rosidl_typesupport_introspection_cppExport.cmake
[3.042s] -- Up-to-date: /home/HwHiAiUser/wheeltec_ros2/install/wheeltec_robot_msg/share/wheeltec_robot_msg/cmake/wheeltec_robot_msg__rosidl_typesupport_introspection_cppExport-noconfig.cmake
[3.042s] -- Up-to-date: /home/HwHiAiUser/wheeltec_ros2/install/wheeltec_robot_msg/share/wheeltec_robot_msg/cmake/wheeltec_robot_msg__rosidl_typesupport_cppExport.cmake
[3.042s] -- Up-to-date: /home/HwHiAiUser/wheeltec_ros2/install/wheeltec_robot_msg/share/wheeltec_robot_msg/cmake/wheeltec_robot_msg__rosidl_typesupport_cppExport-noconfig.cmake
[3.042s] -- Up-to-date: /home/HwHiAiUser/wheeltec_ros2/install/wheeltec_robot_msg/share/wheeltec_robot_msg/cmake/export_wheeltec_robot_msg__rosidl_generator_pyExport.cmake
[3.044s] -- Up-to-date: /home/HwHiAiUser/wheeltec_ros2/install/wheeltec_robot_msg/share/wheeltec_robot_msg/cmake/export_wheeltec_robot_msg__rosidl_generator_pyExport-noconfig.cmake
[3.044s] -- Up-to-date: /home/HwHiAiUser/wheeltec_ros2/install/wheeltec_robot_msg/share/wheeltec_robot_msg/cmake/rosidl_cmake-extras.cmake
[3.044s] -- Up-to-date: /home/HwHiAiUser/wheeltec_ros2/install/wheeltec_robot_msg/share/wheeltec_robot_msg/cmake/ament_cmake_export_dependencies-extras.cmake
[3.045s] -- Up-to-date: /home/HwHiAiUser/wheeltec_ros2/install/wheeltec_robot_msg/share/wheeltec_robot_msg/cmake/ament_cmake_export_include_directories-extras.cmake
[3.047s] -- Up-to-date: /home/HwHiAiUser/wheeltec_ros2/install/wheeltec_robot_msg/share/wheeltec_robot_msg/cmake/ament_cmake_export_libraries-extras.cmake
[3.048s] -- Up-to-date: /home/HwHiAiUser/wheeltec_ros2/install/wheeltec_robot_msg/share/wheeltec_robot_msg/cmake/ament_cmake_export_targets-extras.cmake
[3.048s] -- Up-to-date: /home/HwHiAiUser/wheeltec_ros2/install/wheeltec_robot_msg/share/wheeltec_robot_msg/cmake/rosidl_cmake_export_typesupport_targets-extras.cmake
[3.049s] -- Up-to-date: /home/HwHiAiUser/wheeltec_ros2/install/wheeltec_robot_msg/share/wheeltec_robot_msg/cmake/rosidl_cmake_export_typesupport_libraries-extras.cmake
[3.049s] -- Up-to-date: /home/HwHiAiUser/wheeltec_ros2/install/wheeltec_robot_msg/share/wheeltec_robot_msg/cmake/wheeltec_robot_msgConfig.cmake
[3.049s] -- Up-to-date: /home/HwHiAiUser/wheeltec_ros2/install/wheeltec_robot_msg/share/wheeltec_robot_msg/cmake/wheeltec_robot_msgConfig-version.cmake
[3.049s] -- Up-to-date: /home/HwHiAiUser/wheeltec_ros2/install/wheeltec_robot_msg/share/wheeltec_robot_msg/package.xml
[3.060s] Invoked command in '/home/HwHiAiUser/wheeltec_ros2/build/wheeltec_robot_msg' returned '0': CMAKE_PREFIX_PATH=${CMAKE_PREFIX_PATH}:/home/HwHiAiUser/wheeltec_ros2/install/wheeltec_robot_keyboard:/home/HwHiAiUser/wheeltec_ros2/install/wheeltec_gpio_control:/home/HwHiAiUser/wheeltec_ros2/install/tf2_tools:/opt/ros/humble _=/usr/bin/env /usr/bin/cmake --install /home/HwHiAiUser/wheeltec_ros2/build/wheeltec_robot_msg
