[0.220s] Invoking command in '/home/HwHiAiUser/wheeltec_ros2/build/yesense_interface': CMAKE_PREFIX_PATH=${CMAKE_PREFIX_PATH}:/home/HwHiAiUser/wheeltec_ros2/install/wheeltec_robot_keyboard:/home/HwHiAiUser/wheeltec_ros2/install/wheeltec_gpio_control:/home/HwHiAiUser/wheeltec_ros2/install/tf2_tools:/opt/ros/humble _=/usr/bin/env /usr/bin/cmake --build /home/HwHiAiUser/wheeltec_ros2/build/yesense_interface -- -j4 -l4
[0.504s] [  0%] Built target yesense_interface__cpp
[0.698s] [  0%] Built target ament_cmake_python_copy_yesense_interface
[0.813s] [ 12%] Built target yesense_interface__rosidl_typesupport_fastrtps_cpp
[1.041s] [ 25%] Built target yesense_interface__rosidl_typesupport_introspection_cpp
[2.473s] running egg_info
[2.479s] writing yesense_interface.egg-info/PKG-INFO
[2.484s] writing dependency_links to yesense_interface.egg-info/dependency_links.txt
[2.488s] writing top-level names to yesense_interface.egg-info/top_level.txt
[2.505s] reading manifest file 'yesense_interface.egg-info/SOURCES.txt'
[2.509s] writing manifest file 'yesense_interface.egg-info/SOURCES.txt'
[2.762s] [ 25%] Built target ament_cmake_python_build_yesense_interface_egg
[2.872s] [ 37%] Built target yesense_interface__rosidl_typesupport_cpp
[2.977s] [ 49%] Built target yesense_interface__rosidl_generator_c
[3.105s] [ 61%] Built target yesense_interface__rosidl_typesupport_fastrtps_c
[3.215s] [ 73%] Built target yesense_interface__rosidl_typesupport_c
[3.401s] [ 85%] Built target yesense_interface__rosidl_typesupport_introspection_c
[3.469s] [ 85%] Built target yesense_interface
[3.665s] [ 86%] Built target yesense_interface__py
[3.856s] [ 97%] Built target yesense_interface__rosidl_generator_py
[3.998s] [ 98%] Built target yesense_interface__rosidl_typesupport_fastrtps_c__pyext
[4.162s] [ 99%] Built target yesense_interface__rosidl_typesupport_c__pyext
[4.275s] [100%] Built target yesense_interface__rosidl_typesupport_introspection_c__pyext
[4.351s] Invoked command in '/home/HwHiAiUser/wheeltec_ros2/build/yesense_interface' returned '0': CMAKE_PREFIX_PATH=${CMAKE_PREFIX_PATH}:/home/HwHiAiUser/wheeltec_ros2/install/wheeltec_robot_keyboard:/home/HwHiAiUser/wheeltec_ros2/install/wheeltec_gpio_control:/home/HwHiAiUser/wheeltec_ros2/install/tf2_tools:/opt/ros/humble _=/usr/bin/env /usr/bin/cmake --build /home/HwHiAiUser/wheeltec_ros2/build/yesense_interface -- -j4 -l4
[4.365s] Invoking command in '/home/HwHiAiUser/wheeltec_ros2/build/yesense_interface': CMAKE_PREFIX_PATH=${CMAKE_PREFIX_PATH}:/home/HwHiAiUser/wheeltec_ros2/install/wheeltec_robot_keyboard:/home/HwHiAiUser/wheeltec_ros2/install/wheeltec_gpio_control:/home/HwHiAiUser/wheeltec_ros2/install/tf2_tools:/opt/ros/humble _=/usr/bin/env /usr/bin/cmake --install /home/HwHiAiUser/wheeltec_ros2/build/yesense_interface
[4.472s] -- Install configuration: ""
[4.473s] -- Up-to-date: /home/HwHiAiUser/wheeltec_ros2/install/yesense_interface/share/ament_index/resource_index/rosidl_interfaces/yesense_interface
[4.487s] -- Up-to-date: /home/HwHiAiUser/wheeltec_ros2/install/yesense_interface/include/yesense_interface/yesense_interface
[4.487s] -- Up-to-date: /home/HwHiAiUser/wheeltec_ros2/install/yesense_interface/include/yesense_interface/yesense_interface/msg
[4.488s] -- Up-to-date: /home/HwHiAiUser/wheeltec_ros2/install/yesense_interface/include/yesense_interface/yesense_interface/msg/attitude_min_ahrs.h
[4.488s] -- Up-to-date: /home/HwHiAiUser/wheeltec_ros2/install/yesense_interface/include/yesense_interface/yesense_interface/msg/detail
[4.488s] -- Up-to-date: /home/HwHiAiUser/wheeltec_ros2/install/yesense_interface/include/yesense_interface/yesense_interface/msg/detail/tid__functions.h
[4.488s] -- Up-to-date: /home/HwHiAiUser/wheeltec_ros2/install/yesense_interface/include/yesense_interface/yesense_interface/msg/detail/utc__functions.h
[4.489s] -- Up-to-date: /home/HwHiAiUser/wheeltec_ros2/install/yesense_interface/include/yesense_interface/yesense_interface/msg/detail/attitude_min_vru__type_support.h
[4.489s] -- Up-to-date: /home/HwHiAiUser/wheeltec_ros2/install/yesense_interface/include/yesense_interface/yesense_interface/msg/detail/quat__struct.h
[4.489s] -- Up-to-date: /home/HwHiAiUser/wheeltec_ros2/install/yesense_interface/include/yesense_interface/yesense_interface/msg/detail/imu_data__type_support.h
[4.489s] -- Up-to-date: /home/HwHiAiUser/wheeltec_ros2/install/yesense_interface/include/yesense_interface/yesense_interface/msg/detail/quat__functions.h
[4.490s] -- Up-to-date: /home/HwHiAiUser/wheeltec_ros2/install/yesense_interface/include/yesense_interface/yesense_interface/msg/detail/pos_only__struct.h
[4.491s] -- Up-to-date: /home/HwHiAiUser/wheeltec_ros2/install/yesense_interface/include/yesense_interface/yesense_interface/msg/detail/three_axis__functions.c
[4.492s] -- Up-to-date: /home/HwHiAiUser/wheeltec_ros2/install/yesense_interface/include/yesense_interface/yesense_interface/msg/detail/quat__type_support.h
[4.492s] -- Up-to-date: /home/HwHiAiUser/wheeltec_ros2/install/yesense_interface/include/yesense_interface/yesense_interface/msg/detail/utc__functions.c
[4.492s] -- Up-to-date: /home/HwHiAiUser/wheeltec_ros2/install/yesense_interface/include/yesense_interface/yesense_interface/msg/detail/robot_lord__functions.h
[4.493s] -- Up-to-date: /home/HwHiAiUser/wheeltec_ros2/install/yesense_interface/include/yesense_interface/yesense_interface/msg/detail/three_axis__functions.h
[4.493s] -- Up-to-date: /home/HwHiAiUser/wheeltec_ros2/install/yesense_interface/include/yesense_interface/yesense_interface/msg/detail/nav_min__type_support.h
[4.493s] -- Up-to-date: /home/HwHiAiUser/wheeltec_ros2/install/yesense_interface/include/yesense_interface/yesense_interface/msg/detail/sensor_temp__struct.h
[4.494s] -- Up-to-date: /home/HwHiAiUser/wheeltec_ros2/install/yesense_interface/include/yesense_interface/yesense_interface/msg/detail/quat__functions.c
[4.494s] -- Up-to-date: /home/HwHiAiUser/wheeltec_ros2/install/yesense_interface/include/yesense_interface/yesense_interface/msg/detail/sample_timestamp__functions.h
[4.494s] -- Up-to-date: /home/HwHiAiUser/wheeltec_ros2/install/yesense_interface/include/yesense_interface/yesense_interface/msg/detail/imu_data__functions.c
[4.494s] -- Up-to-date: /home/HwHiAiUser/wheeltec_ros2/install/yesense_interface/include/yesense_interface/yesense_interface/msg/detail/sensor_temp__functions.h
[4.495s] -- Up-to-date: /home/HwHiAiUser/wheeltec_ros2/install/yesense_interface/include/yesense_interface/yesense_interface/msg/detail/nav_all__functions.c
[4.503s] -- Up-to-date: /home/HwHiAiUser/wheeltec_ros2/install/yesense_interface/include/yesense_interface/yesense_interface/msg/detail/utc__struct.h
[4.503s] -- Up-to-date: /home/HwHiAiUser/wheeltec_ros2/install/yesense_interface/include/yesense_interface/yesense_interface/msg/detail/gnss_pos__type_support.h
[4.503s] -- Up-to-date: /home/HwHiAiUser/wheeltec_ros2/install/yesense_interface/include/yesense_interface/yesense_interface/msg/detail/sensor_temp__type_support.h
[4.503s] -- Up-to-date: /home/HwHiAiUser/wheeltec_ros2/install/yesense_interface/include/yesense_interface/yesense_interface/msg/detail/utc__type_support.h
[4.504s] -- Up-to-date: /home/HwHiAiUser/wheeltec_ros2/install/yesense_interface/include/yesense_interface/yesense_interface/msg/detail/robot_lord__struct.h
[4.504s] -- Up-to-date: /home/HwHiAiUser/wheeltec_ros2/install/yesense_interface/include/yesense_interface/yesense_interface/msg/detail/tid__type_support.h
[4.504s] -- Up-to-date: /home/HwHiAiUser/wheeltec_ros2/install/yesense_interface/include/yesense_interface/yesense_interface/msg/detail/attitude_min_vru__struct.h
[4.504s] -- Up-to-date: /home/HwHiAiUser/wheeltec_ros2/install/yesense_interface/include/yesense_interface/yesense_interface/msg/detail/gnss_pos__functions.h
[4.505s] -- Up-to-date: /home/HwHiAiUser/wheeltec_ros2/install/yesense_interface/include/yesense_interface/yesense_interface/msg/detail/nav_min__functions.c
[4.505s] -- Up-to-date: /home/HwHiAiUser/wheeltec_ros2/install/yesense_interface/include/yesense_interface/yesense_interface/msg/detail/vel__functions.h
[4.505s] -- Up-to-date: /home/HwHiAiUser/wheeltec_ros2/install/yesense_interface/include/yesense_interface/yesense_interface/msg/detail/nav_min__functions.h
[4.505s] -- Up-to-date: /home/HwHiAiUser/wheeltec_ros2/install/yesense_interface/include/yesense_interface/yesense_interface/msg/detail/nav_min_utc__type_support.h
[4.505s] -- Up-to-date: /home/HwHiAiUser/wheeltec_ros2/install/yesense_interface/include/yesense_interface/yesense_interface/msg/detail/three_axis__type_support.h
[4.511s] -- Up-to-date: /home/HwHiAiUser/wheeltec_ros2/install/yesense_interface/include/yesense_interface/yesense_interface/msg/detail/nav_min_utc__functions.c
[4.519s] -- Up-to-date: /home/HwHiAiUser/wheeltec_ros2/install/yesense_interface/include/yesense_interface/yesense_interface/msg/detail/pos_only__functions.c
[4.519s] -- Up-to-date: /home/HwHiAiUser/wheeltec_ros2/install/yesense_interface/include/yesense_interface/yesense_interface/msg/detail/robot_lord__functions.c
[4.520s] -- Up-to-date: /home/HwHiAiUser/wheeltec_ros2/install/yesense_interface/include/yesense_interface/yesense_interface/msg/detail/pressure__type_support.h
[4.520s] -- Up-to-date: /home/HwHiAiUser/wheeltec_ros2/install/yesense_interface/include/yesense_interface/yesense_interface/msg/detail/attitude_min_ahrs__type_support.h
[4.520s] -- Up-to-date: /home/HwHiAiUser/wheeltec_ros2/install/yesense_interface/include/yesense_interface/yesense_interface/msg/detail/attitude_all_data__functions.h
[4.520s] -- Up-to-date: /home/HwHiAiUser/wheeltec_ros2/install/yesense_interface/include/yesense_interface/yesense_interface/msg/detail/attitude_all_data__functions.c
[4.521s] -- Up-to-date: /home/HwHiAiUser/wheeltec_ros2/install/yesense_interface/include/yesense_interface/yesense_interface/msg/detail/sample_timestamp__struct.h
[4.521s] -- Up-to-date: /home/HwHiAiUser/wheeltec_ros2/install/yesense_interface/include/yesense_interface/yesense_interface/msg/detail/tid__struct.h
[4.521s] -- Up-to-date: /home/HwHiAiUser/wheeltec_ros2/install/yesense_interface/include/yesense_interface/yesense_interface/msg/detail/euler_angle__type_support.h
[4.530s] -- Up-to-date: /home/HwHiAiUser/wheeltec_ros2/install/yesense_interface/include/yesense_interface/yesense_interface/msg/detail/nav_min_utc__struct.h
[4.533s] -- Up-to-date: /home/HwHiAiUser/wheeltec_ros2/install/yesense_interface/include/yesense_interface/yesense_interface/msg/detail/euler_only__functions.c
[4.534s] -- Up-to-date: /home/HwHiAiUser/wheeltec_ros2/install/yesense_interface/include/yesense_interface/yesense_interface/msg/detail/imu_data_ten_axis__functions.h
[4.534s] -- Up-to-date: /home/HwHiAiUser/wheeltec_ros2/install/yesense_interface/include/yesense_interface/yesense_interface/msg/detail/pressure__struct.h
[4.535s] -- Up-to-date: /home/HwHiAiUser/wheeltec_ros2/install/yesense_interface/include/yesense_interface/yesense_interface/msg/detail/gnss_pos__functions.c
[4.536s] -- Up-to-date: /home/HwHiAiUser/wheeltec_ros2/install/yesense_interface/include/yesense_interface/yesense_interface/msg/detail/nav_min_utc__functions.h
[4.536s] -- Up-to-date: /home/HwHiAiUser/wheeltec_ros2/install/yesense_interface/include/yesense_interface/yesense_interface/msg/detail/attitude_min_vru__functions.h
[4.536s] -- Up-to-date: /home/HwHiAiUser/wheeltec_ros2/install/yesense_interface/include/yesense_interface/yesense_interface/msg/detail/imu_data__struct.h
[4.536s] -- Up-to-date: /home/HwHiAiUser/wheeltec_ros2/install/yesense_interface/include/yesense_interface/yesense_interface/msg/detail/attitude_all_data__struct.h
[4.536s] -- Up-to-date: /home/HwHiAiUser/wheeltec_ros2/install/yesense_interface/include/yesense_interface/yesense_interface/msg/detail/gnss_pos__struct.h
[4.537s] -- Up-to-date: /home/HwHiAiUser/wheeltec_ros2/install/yesense_interface/include/yesense_interface/yesense_interface/msg/detail/imu_data_ten_axis__functions.c
[4.537s] -- Up-to-date: /home/HwHiAiUser/wheeltec_ros2/install/yesense_interface/include/yesense_interface/yesense_interface/msg/detail/three_axis__struct.h
[4.537s] -- Up-to-date: /home/HwHiAiUser/wheeltec_ros2/install/yesense_interface/include/yesense_interface/yesense_interface/msg/detail/sample_timestamp__functions.c
[4.537s] -- Up-to-date: /home/HwHiAiUser/wheeltec_ros2/install/yesense_interface/include/yesense_interface/yesense_interface/msg/detail/imu_data__functions.h
[4.539s] -- Up-to-date: /home/HwHiAiUser/wheeltec_ros2/install/yesense_interface/include/yesense_interface/yesense_interface/msg/detail/attitude_min_ahrs__functions.c
[4.544s] -- Up-to-date: /home/HwHiAiUser/wheeltec_ros2/install/yesense_interface/include/yesense_interface/yesense_interface/msg/detail/euler_only__functions.h
[4.544s] -- Up-to-date: /home/HwHiAiUser/wheeltec_ros2/install/yesense_interface/include/yesense_interface/yesense_interface/msg/detail/nav_all__type_support.h
[4.544s] -- Up-to-date: /home/HwHiAiUser/wheeltec_ros2/install/yesense_interface/include/yesense_interface/yesense_interface/msg/detail/euler_angle__functions.h
[4.545s] -- Up-to-date: /home/HwHiAiUser/wheeltec_ros2/install/yesense_interface/include/yesense_interface/yesense_interface/msg/detail/pos_only__functions.h
[4.545s] -- Up-to-date: /home/HwHiAiUser/wheeltec_ros2/install/yesense_interface/include/yesense_interface/yesense_interface/msg/detail/nav_all__struct.h
[4.545s] -- Up-to-date: /home/HwHiAiUser/wheeltec_ros2/install/yesense_interface/include/yesense_interface/yesense_interface/msg/detail/pos_only__type_support.h
[4.554s] -- Up-to-date: /home/HwHiAiUser/wheeltec_ros2/install/yesense_interface/include/yesense_interface/yesense_interface/msg/detail/sensor_temp__functions.c
[4.555s] -- Up-to-date: /home/HwHiAiUser/wheeltec_ros2/install/yesense_interface/include/yesense_interface/yesense_interface/msg/detail/imu_data_ten_axis__struct.h
[4.558s] -- Up-to-date: /home/HwHiAiUser/wheeltec_ros2/install/yesense_interface/include/yesense_interface/yesense_interface/msg/detail/attitude_min_ahrs__struct.h
[4.558s] -- Up-to-date: /home/HwHiAiUser/wheeltec_ros2/install/yesense_interface/include/yesense_interface/yesense_interface/msg/detail/imu_data_ten_axis__type_support.h
[4.558s] -- Up-to-date: /home/HwHiAiUser/wheeltec_ros2/install/yesense_interface/include/yesense_interface/yesense_interface/msg/detail/attitude_min_ahrs__functions.h
[4.559s] -- Up-to-date: /home/HwHiAiUser/wheeltec_ros2/install/yesense_interface/include/yesense_interface/yesense_interface/msg/detail/nav_status__functions.c
[4.559s] -- Up-to-date: /home/HwHiAiUser/wheeltec_ros2/install/yesense_interface/include/yesense_interface/yesense_interface/msg/detail/attitude_min_vru__functions.c
[4.559s] -- Up-to-date: /home/HwHiAiUser/wheeltec_ros2/install/yesense_interface/include/yesense_interface/yesense_interface/msg/detail/nav_status__struct.h
[4.560s] -- Up-to-date: /home/HwHiAiUser/wheeltec_ros2/install/yesense_interface/include/yesense_interface/yesense_interface/msg/detail/vel__struct.h
[4.560s] -- Up-to-date: /home/HwHiAiUser/wheeltec_ros2/install/yesense_interface/include/yesense_interface/yesense_interface/msg/detail/nav_status__type_support.h
[4.560s] -- Up-to-date: /home/HwHiAiUser/wheeltec_ros2/install/yesense_interface/include/yesense_interface/yesense_interface/msg/detail/vel__type_support.h
[4.569s] -- Up-to-date: /home/HwHiAiUser/wheeltec_ros2/install/yesense_interface/include/yesense_interface/yesense_interface/msg/detail/vel__functions.c
[4.569s] -- Up-to-date: /home/HwHiAiUser/wheeltec_ros2/install/yesense_interface/include/yesense_interface/yesense_interface/msg/detail/attitude_all_data__type_support.h
[4.570s] -- Up-to-date: /home/HwHiAiUser/wheeltec_ros2/install/yesense_interface/include/yesense_interface/yesense_interface/msg/detail/euler_angle__struct.h
[4.570s] -- Up-to-date: /home/HwHiAiUser/wheeltec_ros2/install/yesense_interface/include/yesense_interface/yesense_interface/msg/detail/pressure__functions.c
[4.581s] -- Up-to-date: /home/HwHiAiUser/wheeltec_ros2/install/yesense_interface/include/yesense_interface/yesense_interface/msg/detail/euler_angle__functions.c
[4.582s] -- Up-to-date: /home/HwHiAiUser/wheeltec_ros2/install/yesense_interface/include/yesense_interface/yesense_interface/msg/detail/pressure__functions.h
[4.582s] -- Up-to-date: /home/HwHiAiUser/wheeltec_ros2/install/yesense_interface/include/yesense_interface/yesense_interface/msg/detail/robot_lord__type_support.h
[4.583s] -- Up-to-date: /home/HwHiAiUser/wheeltec_ros2/install/yesense_interface/include/yesense_interface/yesense_interface/msg/detail/tid__functions.c
[4.583s] -- Up-to-date: /home/HwHiAiUser/wheeltec_ros2/install/yesense_interface/include/yesense_interface/yesense_interface/msg/detail/nav_status__functions.h
[4.583s] -- Up-to-date: /home/HwHiAiUser/wheeltec_ros2/install/yesense_interface/include/yesense_interface/yesense_interface/msg/detail/nav_all__functions.h
[4.584s] -- Up-to-date: /home/HwHiAiUser/wheeltec_ros2/install/yesense_interface/include/yesense_interface/yesense_interface/msg/detail/sample_timestamp__type_support.h
[4.584s] -- Up-to-date: /home/HwHiAiUser/wheeltec_ros2/install/yesense_interface/include/yesense_interface/yesense_interface/msg/detail/nav_min__struct.h
[4.584s] -- Up-to-date: /home/HwHiAiUser/wheeltec_ros2/install/yesense_interface/include/yesense_interface/yesense_interface/msg/detail/euler_only__struct.h
[4.584s] -- Up-to-date: /home/HwHiAiUser/wheeltec_ros2/install/yesense_interface/include/yesense_interface/yesense_interface/msg/detail/euler_only__type_support.h
[4.585s] -- Up-to-date: /home/HwHiAiUser/wheeltec_ros2/install/yesense_interface/include/yesense_interface/yesense_interface/msg/rosidl_generator_c__visibility_control.h
[4.585s] -- Up-to-date: /home/HwHiAiUser/wheeltec_ros2/install/yesense_interface/include/yesense_interface/yesense_interface/msg/euler_angle.h
[4.585s] -- Up-to-date: /home/HwHiAiUser/wheeltec_ros2/install/yesense_interface/include/yesense_interface/yesense_interface/msg/three_axis.h
[4.585s] -- Up-to-date: /home/HwHiAiUser/wheeltec_ros2/install/yesense_interface/include/yesense_interface/yesense_interface/msg/sensor_temp.h
[4.586s] -- Up-to-date: /home/HwHiAiUser/wheeltec_ros2/install/yesense_interface/include/yesense_interface/yesense_interface/msg/sample_timestamp.h
[4.586s] -- Up-to-date: /home/HwHiAiUser/wheeltec_ros2/install/yesense_interface/include/yesense_interface/yesense_interface/msg/robot_lord.h
[4.586s] -- Up-to-date: /home/HwHiAiUser/wheeltec_ros2/install/yesense_interface/include/yesense_interface/yesense_interface/msg/gnss_pos.h
[4.586s] -- Up-to-date: /home/HwHiAiUser/wheeltec_ros2/install/yesense_interface/include/yesense_interface/yesense_interface/msg/nav_all.h
[4.587s] -- Up-to-date: /home/HwHiAiUser/wheeltec_ros2/install/yesense_interface/include/yesense_interface/yesense_interface/msg/vel.h
[4.587s] -- Up-to-date: /home/HwHiAiUser/wheeltec_ros2/install/yesense_interface/include/yesense_interface/yesense_interface/msg/imu_data.h
[4.587s] -- Up-to-date: /home/HwHiAiUser/wheeltec_ros2/install/yesense_interface/include/yesense_interface/yesense_interface/msg/euler_only.h
[4.587s] -- Up-to-date: /home/HwHiAiUser/wheeltec_ros2/install/yesense_interface/include/yesense_interface/yesense_interface/msg/nav_min.h
[4.598s] -- Up-to-date: /home/HwHiAiUser/wheeltec_ros2/install/yesense_interface/include/yesense_interface/yesense_interface/msg/nav_min_utc.h
[4.598s] -- Up-to-date: /home/HwHiAiUser/wheeltec_ros2/install/yesense_interface/include/yesense_interface/yesense_interface/msg/utc.h
[4.598s] -- Up-to-date: /home/HwHiAiUser/wheeltec_ros2/install/yesense_interface/include/yesense_interface/yesense_interface/msg/attitude_all_data.h
[4.599s] -- Up-to-date: /home/HwHiAiUser/wheeltec_ros2/install/yesense_interface/include/yesense_interface/yesense_interface/msg/imu_data_ten_axis.h
[4.599s] -- Up-to-date: /home/HwHiAiUser/wheeltec_ros2/install/yesense_interface/include/yesense_interface/yesense_interface/msg/nav_status.h
[4.599s] -- Up-to-date: /home/HwHiAiUser/wheeltec_ros2/install/yesense_interface/include/yesense_interface/yesense_interface/msg/tid.h
[4.599s] -- Up-to-date: /home/HwHiAiUser/wheeltec_ros2/install/yesense_interface/include/yesense_interface/yesense_interface/msg/attitude_min_vru.h
[4.600s] -- Up-to-date: /home/HwHiAiUser/wheeltec_ros2/install/yesense_interface/include/yesense_interface/yesense_interface/msg/quat.h
[4.600s] -- Up-to-date: /home/HwHiAiUser/wheeltec_ros2/install/yesense_interface/include/yesense_interface/yesense_interface/msg/pos_only.h
[4.604s] -- Up-to-date: /home/HwHiAiUser/wheeltec_ros2/install/yesense_interface/include/yesense_interface/yesense_interface/msg/pressure.h
[4.604s] -- Up-to-date: /home/HwHiAiUser/wheeltec_ros2/install/yesense_interface/share/yesense_interface/environment/library_path.sh
[4.605s] -- Up-to-date: /home/HwHiAiUser/wheeltec_ros2/install/yesense_interface/share/yesense_interface/environment/library_path.dsv
[4.605s] -- Up-to-date: /home/HwHiAiUser/wheeltec_ros2/install/yesense_interface/lib/libyesense_interface__rosidl_generator_c.so
[4.605s] -- Up-to-date: /home/HwHiAiUser/wheeltec_ros2/install/yesense_interface/include/yesense_interface/yesense_interface
[4.605s] -- Up-to-date: /home/HwHiAiUser/wheeltec_ros2/install/yesense_interface/include/yesense_interface/yesense_interface/msg
[4.605s] -- Up-to-date: /home/HwHiAiUser/wheeltec_ros2/install/yesense_interface/include/yesense_interface/yesense_interface/msg/detail
[4.606s] -- Up-to-date: /home/HwHiAiUser/wheeltec_ros2/install/yesense_interface/include/yesense_interface/yesense_interface/msg/detail/nav_status__rosidl_typesupport_fastrtps_c.h
[4.606s] -- Up-to-date: /home/HwHiAiUser/wheeltec_ros2/install/yesense_interface/include/yesense_interface/yesense_interface/msg/detail/pressure__rosidl_typesupport_fastrtps_c.h
[4.606s] -- Up-to-date: /home/HwHiAiUser/wheeltec_ros2/install/yesense_interface/include/yesense_interface/yesense_interface/msg/detail/nav_all__rosidl_typesupport_fastrtps_c.h
[4.606s] -- Up-to-date: /home/HwHiAiUser/wheeltec_ros2/install/yesense_interface/include/yesense_interface/yesense_interface/msg/detail/attitude_min_vru__rosidl_typesupport_fastrtps_c.h
[4.606s] -- Up-to-date: /home/HwHiAiUser/wheeltec_ros2/install/yesense_interface/include/yesense_interface/yesense_interface/msg/detail/attitude_all_data__rosidl_typesupport_fastrtps_c.h
[4.606s] -- Up-to-date: /home/HwHiAiUser/wheeltec_ros2/install/yesense_interface/include/yesense_interface/yesense_interface/msg/detail/euler_angle__rosidl_typesupport_fastrtps_c.h
[4.618s] -- Up-to-date: /home/HwHiAiUser/wheeltec_ros2/install/yesense_interface/include/yesense_interface/yesense_interface/msg/detail/nav_min_utc__rosidl_typesupport_fastrtps_c.h
[4.618s] -- Up-to-date: /home/HwHiAiUser/wheeltec_ros2/install/yesense_interface/include/yesense_interface/yesense_interface/msg/detail/imu_data__rosidl_typesupport_fastrtps_c.h
[4.618s] -- Up-to-date: /home/HwHiAiUser/wheeltec_ros2/install/yesense_interface/include/yesense_interface/yesense_interface/msg/detail/nav_min__rosidl_typesupport_fastrtps_c.h
[4.619s] -- Up-to-date: /home/HwHiAiUser/wheeltec_ros2/install/yesense_interface/include/yesense_interface/yesense_interface/msg/detail/pos_only__rosidl_typesupport_fastrtps_c.h
[4.619s] -- Up-to-date: /home/HwHiAiUser/wheeltec_ros2/install/yesense_interface/include/yesense_interface/yesense_interface/msg/detail/gnss_pos__rosidl_typesupport_fastrtps_c.h
[4.619s] -- Up-to-date: /home/HwHiAiUser/wheeltec_ros2/install/yesense_interface/include/yesense_interface/yesense_interface/msg/detail/sensor_temp__rosidl_typesupport_fastrtps_c.h
[4.619s] -- Up-to-date: /home/HwHiAiUser/wheeltec_ros2/install/yesense_interface/include/yesense_interface/yesense_interface/msg/detail/attitude_min_ahrs__rosidl_typesupport_fastrtps_c.h
[4.622s] -- Up-to-date: /home/HwHiAiUser/wheeltec_ros2/install/yesense_interface/include/yesense_interface/yesense_interface/msg/detail/euler_only__rosidl_typesupport_fastrtps_c.h
[4.623s] -- Up-to-date: /home/HwHiAiUser/wheeltec_ros2/install/yesense_interface/include/yesense_interface/yesense_interface/msg/detail/tid__rosidl_typesupport_fastrtps_c.h
[4.623s] -- Up-to-date: /home/HwHiAiUser/wheeltec_ros2/install/yesense_interface/include/yesense_interface/yesense_interface/msg/detail/utc__rosidl_typesupport_fastrtps_c.h
[4.623s] -- Up-to-date: /home/HwHiAiUser/wheeltec_ros2/install/yesense_interface/include/yesense_interface/yesense_interface/msg/detail/sample_timestamp__rosidl_typesupport_fastrtps_c.h
[4.623s] -- Up-to-date: /home/HwHiAiUser/wheeltec_ros2/install/yesense_interface/include/yesense_interface/yesense_interface/msg/detail/three_axis__rosidl_typesupport_fastrtps_c.h
[4.624s] -- Up-to-date: /home/HwHiAiUser/wheeltec_ros2/install/yesense_interface/include/yesense_interface/yesense_interface/msg/detail/robot_lord__rosidl_typesupport_fastrtps_c.h
[4.631s] -- Up-to-date: /home/HwHiAiUser/wheeltec_ros2/install/yesense_interface/include/yesense_interface/yesense_interface/msg/detail/quat__rosidl_typesupport_fastrtps_c.h
[4.632s] -- Up-to-date: /home/HwHiAiUser/wheeltec_ros2/install/yesense_interface/include/yesense_interface/yesense_interface/msg/detail/vel__rosidl_typesupport_fastrtps_c.h
[4.632s] -- Up-to-date: /home/HwHiAiUser/wheeltec_ros2/install/yesense_interface/include/yesense_interface/yesense_interface/msg/detail/imu_data_ten_axis__rosidl_typesupport_fastrtps_c.h
[4.632s] -- Up-to-date: /home/HwHiAiUser/wheeltec_ros2/install/yesense_interface/include/yesense_interface/yesense_interface/msg/rosidl_typesupport_fastrtps_c__visibility_control.h
[4.633s] -- Up-to-date: /home/HwHiAiUser/wheeltec_ros2/install/yesense_interface/lib/libyesense_interface__rosidl_typesupport_fastrtps_c.so
[4.633s] -- Up-to-date: /home/HwHiAiUser/wheeltec_ros2/install/yesense_interface/include/yesense_interface/yesense_interface
[4.633s] -- Up-to-date: /home/HwHiAiUser/wheeltec_ros2/install/yesense_interface/include/yesense_interface/yesense_interface/msg
[4.633s] -- Up-to-date: /home/HwHiAiUser/wheeltec_ros2/install/yesense_interface/include/yesense_interface/yesense_interface/msg/detail
[4.633s] -- Up-to-date: /home/HwHiAiUser/wheeltec_ros2/install/yesense_interface/include/yesense_interface/yesense_interface/msg/detail/attitude_all_data__rosidl_typesupport_introspection_c.h
[4.633s] -- Up-to-date: /home/HwHiAiUser/wheeltec_ros2/install/yesense_interface/include/yesense_interface/yesense_interface/msg/detail/euler_only__type_support.c
[4.634s] -- Up-to-date: /home/HwHiAiUser/wheeltec_ros2/install/yesense_interface/include/yesense_interface/yesense_interface/msg/detail/imu_data__rosidl_typesupport_introspection_c.h
[4.634s] -- Up-to-date: /home/HwHiAiUser/wheeltec_ros2/install/yesense_interface/include/yesense_interface/yesense_interface/msg/detail/attitude_all_data__type_support.c
[4.636s] -- Up-to-date: /home/HwHiAiUser/wheeltec_ros2/install/yesense_interface/include/yesense_interface/yesense_interface/msg/detail/pos_only__type_support.c
[4.636s] -- Up-to-date: /home/HwHiAiUser/wheeltec_ros2/install/yesense_interface/include/yesense_interface/yesense_interface/msg/detail/nav_min_utc__type_support.c
[4.636s] -- Up-to-date: /home/HwHiAiUser/wheeltec_ros2/install/yesense_interface/include/yesense_interface/yesense_interface/msg/detail/pos_only__rosidl_typesupport_introspection_c.h
[4.637s] -- Up-to-date: /home/HwHiAiUser/wheeltec_ros2/install/yesense_interface/include/yesense_interface/yesense_interface/msg/detail/nav_min__type_support.c
[4.637s] -- Up-to-date: /home/HwHiAiUser/wheeltec_ros2/install/yesense_interface/include/yesense_interface/yesense_interface/msg/detail/utc__rosidl_typesupport_introspection_c.h
[4.640s] -- Up-to-date: /home/HwHiAiUser/wheeltec_ros2/install/yesense_interface/include/yesense_interface/yesense_interface/msg/detail/imu_data__type_support.c
[4.641s] -- Up-to-date: /home/HwHiAiUser/wheeltec_ros2/install/yesense_interface/include/yesense_interface/yesense_interface/msg/detail/imu_data_ten_axis__type_support.c
[4.641s] -- Up-to-date: /home/HwHiAiUser/wheeltec_ros2/install/yesense_interface/include/yesense_interface/yesense_interface/msg/detail/robot_lord__rosidl_typesupport_introspection_c.h
[4.641s] -- Up-to-date: /home/HwHiAiUser/wheeltec_ros2/install/yesense_interface/include/yesense_interface/yesense_interface/msg/detail/three_axis__type_support.c
[4.641s] -- Up-to-date: /home/HwHiAiUser/wheeltec_ros2/install/yesense_interface/include/yesense_interface/yesense_interface/msg/detail/nav_all__rosidl_typesupport_introspection_c.h
[4.641s] -- Up-to-date: /home/HwHiAiUser/wheeltec_ros2/install/yesense_interface/include/yesense_interface/yesense_interface/msg/detail/vel__rosidl_typesupport_introspection_c.h
[4.642s] -- Up-to-date: /home/HwHiAiUser/wheeltec_ros2/install/yesense_interface/include/yesense_interface/yesense_interface/msg/detail/nav_status__type_support.c
[4.642s] -- Up-to-date: /home/HwHiAiUser/wheeltec_ros2/install/yesense_interface/include/yesense_interface/yesense_interface/msg/detail/pressure__rosidl_typesupport_introspection_c.h
[4.642s] -- Up-to-date: /home/HwHiAiUser/wheeltec_ros2/install/yesense_interface/include/yesense_interface/yesense_interface/msg/detail/attitude_min_ahrs__type_support.c
[4.655s] -- Up-to-date: /home/HwHiAiUser/wheeltec_ros2/install/yesense_interface/include/yesense_interface/yesense_interface/msg/detail/sensor_temp__type_support.c
[4.660s] -- Up-to-date: /home/HwHiAiUser/wheeltec_ros2/install/yesense_interface/include/yesense_interface/yesense_interface/msg/detail/nav_status__rosidl_typesupport_introspection_c.h
[4.661s] -- Up-to-date: /home/HwHiAiUser/wheeltec_ros2/install/yesense_interface/include/yesense_interface/yesense_interface/msg/detail/sample_timestamp__type_support.c
[4.661s] -- Up-to-date: /home/HwHiAiUser/wheeltec_ros2/install/yesense_interface/include/yesense_interface/yesense_interface/msg/detail/euler_angle__rosidl_typesupport_introspection_c.h
[4.661s] -- Up-to-date: /home/HwHiAiUser/wheeltec_ros2/install/yesense_interface/include/yesense_interface/yesense_interface/msg/detail/tid__type_support.c
[4.664s] -- Up-to-date: /home/HwHiAiUser/wheeltec_ros2/install/yesense_interface/include/yesense_interface/yesense_interface/msg/detail/sample_timestamp__rosidl_typesupport_introspection_c.h
[4.665s] -- Up-to-date: /home/HwHiAiUser/wheeltec_ros2/install/yesense_interface/include/yesense_interface/yesense_interface/msg/detail/gnss_pos__rosidl_typesupport_introspection_c.h
[4.665s] -- Up-to-date: /home/HwHiAiUser/wheeltec_ros2/install/yesense_interface/include/yesense_interface/yesense_interface/msg/detail/vel__type_support.c
[4.665s] -- Up-to-date: /home/HwHiAiUser/wheeltec_ros2/install/yesense_interface/include/yesense_interface/yesense_interface/msg/detail/nav_min__rosidl_typesupport_introspection_c.h
[4.665s] -- Up-to-date: /home/HwHiAiUser/wheeltec_ros2/install/yesense_interface/include/yesense_interface/yesense_interface/msg/detail/utc__type_support.c
[4.666s] -- Up-to-date: /home/HwHiAiUser/wheeltec_ros2/install/yesense_interface/include/yesense_interface/yesense_interface/msg/detail/imu_data_ten_axis__rosidl_typesupport_introspection_c.h
[4.666s] -- Up-to-date: /home/HwHiAiUser/wheeltec_ros2/install/yesense_interface/include/yesense_interface/yesense_interface/msg/detail/tid__rosidl_typesupport_introspection_c.h
[4.666s] -- Up-to-date: /home/HwHiAiUser/wheeltec_ros2/install/yesense_interface/include/yesense_interface/yesense_interface/msg/detail/quat__rosidl_typesupport_introspection_c.h
[4.666s] -- Up-to-date: /home/HwHiAiUser/wheeltec_ros2/install/yesense_interface/include/yesense_interface/yesense_interface/msg/detail/attitude_min_vru__rosidl_typesupport_introspection_c.h
[4.666s] -- Up-to-date: /home/HwHiAiUser/wheeltec_ros2/install/yesense_interface/include/yesense_interface/yesense_interface/msg/detail/quat__type_support.c
[4.667s] -- Up-to-date: /home/HwHiAiUser/wheeltec_ros2/install/yesense_interface/include/yesense_interface/yesense_interface/msg/detail/euler_angle__type_support.c
[4.667s] -- Up-to-date: /home/HwHiAiUser/wheeltec_ros2/install/yesense_interface/include/yesense_interface/yesense_interface/msg/detail/nav_min_utc__rosidl_typesupport_introspection_c.h
[4.667s] -- Up-to-date: /home/HwHiAiUser/wheeltec_ros2/install/yesense_interface/include/yesense_interface/yesense_interface/msg/detail/robot_lord__type_support.c
[4.667s] -- Up-to-date: /home/HwHiAiUser/wheeltec_ros2/install/yesense_interface/include/yesense_interface/yesense_interface/msg/detail/three_axis__rosidl_typesupport_introspection_c.h
[4.675s] -- Up-to-date: /home/HwHiAiUser/wheeltec_ros2/install/yesense_interface/include/yesense_interface/yesense_interface/msg/detail/sensor_temp__rosidl_typesupport_introspection_c.h
[4.694s] -- Up-to-date: /home/HwHiAiUser/wheeltec_ros2/install/yesense_interface/include/yesense_interface/yesense_interface/msg/detail/attitude_min_ahrs__rosidl_typesupport_introspection_c.h
[4.695s] -- Up-to-date: /home/HwHiAiUser/wheeltec_ros2/install/yesense_interface/include/yesense_interface/yesense_interface/msg/detail/attitude_min_vru__type_support.c
[4.695s] -- Up-to-date: /home/HwHiAiUser/wheeltec_ros2/install/yesense_interface/include/yesense_interface/yesense_interface/msg/detail/euler_only__rosidl_typesupport_introspection_c.h
[4.719s] -- Up-to-date: /home/HwHiAiUser/wheeltec_ros2/install/yesense_interface/include/yesense_interface/yesense_interface/msg/detail/pressure__type_support.c
[4.719s] -- Up-to-date: /home/HwHiAiUser/wheeltec_ros2/install/yesense_interface/include/yesense_interface/yesense_interface/msg/detail/nav_all__type_support.c
[4.720s] -- Up-to-date: /home/HwHiAiUser/wheeltec_ros2/install/yesense_interface/include/yesense_interface/yesense_interface/msg/detail/gnss_pos__type_support.c
[4.720s] -- Up-to-date: /home/HwHiAiUser/wheeltec_ros2/install/yesense_interface/include/yesense_interface/yesense_interface/msg/rosidl_typesupport_introspection_c__visibility_control.h
[4.720s] -- Up-to-date: /home/HwHiAiUser/wheeltec_ros2/install/yesense_interface/lib/libyesense_interface__rosidl_typesupport_introspection_c.so
[4.721s] -- Up-to-date: /home/HwHiAiUser/wheeltec_ros2/install/yesense_interface/lib/libyesense_interface__rosidl_typesupport_c.so
[4.721s] -- Up-to-date: /home/HwHiAiUser/wheeltec_ros2/install/yesense_interface/include/yesense_interface/yesense_interface
[4.721s] -- Up-to-date: /home/HwHiAiUser/wheeltec_ros2/install/yesense_interface/include/yesense_interface/yesense_interface/msg
[4.721s] -- Up-to-date: /home/HwHiAiUser/wheeltec_ros2/install/yesense_interface/include/yesense_interface/yesense_interface/msg/three_axis.hpp
[4.722s] -- Up-to-date: /home/HwHiAiUser/wheeltec_ros2/install/yesense_interface/include/yesense_interface/yesense_interface/msg/tid.hpp
[4.722s] -- Up-to-date: /home/HwHiAiUser/wheeltec_ros2/install/yesense_interface/include/yesense_interface/yesense_interface/msg/detail
[4.722s] -- Up-to-date: /home/HwHiAiUser/wheeltec_ros2/install/yesense_interface/include/yesense_interface/yesense_interface/msg/detail/sensor_temp__type_support.hpp
[4.722s] -- Up-to-date: /home/HwHiAiUser/wheeltec_ros2/install/yesense_interface/include/yesense_interface/yesense_interface/msg/detail/imu_data_ten_axis__type_support.hpp
[4.722s] -- Up-to-date: /home/HwHiAiUser/wheeltec_ros2/install/yesense_interface/include/yesense_interface/yesense_interface/msg/detail/vel__type_support.hpp
[4.722s] -- Up-to-date: /home/HwHiAiUser/wheeltec_ros2/install/yesense_interface/include/yesense_interface/yesense_interface/msg/detail/nav_min_utc__builder.hpp
[4.723s] -- Up-to-date: /home/HwHiAiUser/wheeltec_ros2/install/yesense_interface/include/yesense_interface/yesense_interface/msg/detail/pressure__type_support.hpp
[4.723s] -- Up-to-date: /home/HwHiAiUser/wheeltec_ros2/install/yesense_interface/include/yesense_interface/yesense_interface/msg/detail/imu_data__struct.hpp
[4.723s] -- Up-to-date: /home/HwHiAiUser/wheeltec_ros2/install/yesense_interface/include/yesense_interface/yesense_interface/msg/detail/tid__traits.hpp
[4.723s] -- Up-to-date: /home/HwHiAiUser/wheeltec_ros2/install/yesense_interface/include/yesense_interface/yesense_interface/msg/detail/robot_lord__traits.hpp
[4.723s] -- Up-to-date: /home/HwHiAiUser/wheeltec_ros2/install/yesense_interface/include/yesense_interface/yesense_interface/msg/detail/sample_timestamp__traits.hpp
[4.724s] -- Up-to-date: /home/HwHiAiUser/wheeltec_ros2/install/yesense_interface/include/yesense_interface/yesense_interface/msg/detail/tid__struct.hpp
[4.724s] -- Up-to-date: /home/HwHiAiUser/wheeltec_ros2/install/yesense_interface/include/yesense_interface/yesense_interface/msg/detail/nav_min_utc__struct.hpp
[4.724s] -- Up-to-date: /home/HwHiAiUser/wheeltec_ros2/install/yesense_interface/include/yesense_interface/yesense_interface/msg/detail/gnss_pos__struct.hpp
[4.724s] -- Up-to-date: /home/HwHiAiUser/wheeltec_ros2/install/yesense_interface/include/yesense_interface/yesense_interface/msg/detail/quat__type_support.hpp
[4.724s] -- Up-to-date: /home/HwHiAiUser/wheeltec_ros2/install/yesense_interface/include/yesense_interface/yesense_interface/msg/detail/nav_status__builder.hpp
[4.725s] -- Up-to-date: /home/HwHiAiUser/wheeltec_ros2/install/yesense_interface/include/yesense_interface/yesense_interface/msg/detail/gnss_pos__traits.hpp
[4.725s] -- Up-to-date: /home/HwHiAiUser/wheeltec_ros2/install/yesense_interface/include/yesense_interface/yesense_interface/msg/detail/attitude_min_ahrs__traits.hpp
[4.725s] -- Up-to-date: /home/HwHiAiUser/wheeltec_ros2/install/yesense_interface/include/yesense_interface/yesense_interface/msg/detail/attitude_min_vru__type_support.hpp
[4.725s] -- Up-to-date: /home/HwHiAiUser/wheeltec_ros2/install/yesense_interface/include/yesense_interface/yesense_interface/msg/detail/attitude_min_ahrs__struct.hpp
[4.725s] -- Up-to-date: /home/HwHiAiUser/wheeltec_ros2/install/yesense_interface/include/yesense_interface/yesense_interface/msg/detail/utc__traits.hpp
[4.725s] -- Up-to-date: /home/HwHiAiUser/wheeltec_ros2/install/yesense_interface/include/yesense_interface/yesense_interface/msg/detail/sample_timestamp__type_support.hpp
[4.726s] -- Up-to-date: /home/HwHiAiUser/wheeltec_ros2/install/yesense_interface/include/yesense_interface/yesense_interface/msg/detail/three_axis__traits.hpp
[4.726s] -- Up-to-date: /home/HwHiAiUser/wheeltec_ros2/install/yesense_interface/include/yesense_interface/yesense_interface/msg/detail/pos_only__struct.hpp
[4.726s] -- Up-to-date: /home/HwHiAiUser/wheeltec_ros2/install/yesense_interface/include/yesense_interface/yesense_interface/msg/detail/attitude_min_ahrs__type_support.hpp
[4.726s] -- Up-to-date: /home/HwHiAiUser/wheeltec_ros2/install/yesense_interface/include/yesense_interface/yesense_interface/msg/detail/vel__struct.hpp
[4.726s] -- Up-to-date: /home/HwHiAiUser/wheeltec_ros2/install/yesense_interface/include/yesense_interface/yesense_interface/msg/detail/sample_timestamp__struct.hpp
[4.727s] -- Up-to-date: /home/HwHiAiUser/wheeltec_ros2/install/yesense_interface/include/yesense_interface/yesense_interface/msg/detail/attitude_min_ahrs__builder.hpp
[4.727s] -- Up-to-date: /home/HwHiAiUser/wheeltec_ros2/install/yesense_interface/include/yesense_interface/yesense_interface/msg/detail/euler_only__traits.hpp
[4.727s] -- Up-to-date: /home/HwHiAiUser/wheeltec_ros2/install/yesense_interface/include/yesense_interface/yesense_interface/msg/detail/gnss_pos__type_support.hpp
[4.727s] -- Up-to-date: /home/HwHiAiUser/wheeltec_ros2/install/yesense_interface/include/yesense_interface/yesense_interface/msg/detail/vel__builder.hpp
[4.727s] -- Up-to-date: /home/HwHiAiUser/wheeltec_ros2/install/yesense_interface/include/yesense_interface/yesense_interface/msg/detail/nav_min_utc__type_support.hpp
[4.730s] -- Up-to-date: /home/HwHiAiUser/wheeltec_ros2/install/yesense_interface/include/yesense_interface/yesense_interface/msg/detail/robot_lord__type_support.hpp
[4.737s] -- Up-to-date: /home/HwHiAiUser/wheeltec_ros2/install/yesense_interface/include/yesense_interface/yesense_interface/msg/detail/robot_lord__struct.hpp
[4.737s] -- Up-to-date: /home/HwHiAiUser/wheeltec_ros2/install/yesense_interface/include/yesense_interface/yesense_interface/msg/detail/pos_only__builder.hpp
[4.737s] -- Up-to-date: /home/HwHiAiUser/wheeltec_ros2/install/yesense_interface/include/yesense_interface/yesense_interface/msg/detail/nav_min_utc__traits.hpp
[4.738s] -- Up-to-date: /home/HwHiAiUser/wheeltec_ros2/install/yesense_interface/include/yesense_interface/yesense_interface/msg/detail/attitude_all_data__type_support.hpp
[4.738s] -- Up-to-date: /home/HwHiAiUser/wheeltec_ros2/install/yesense_interface/include/yesense_interface/yesense_interface/msg/detail/attitude_all_data__struct.hpp
[4.738s] -- Up-to-date: /home/HwHiAiUser/wheeltec_ros2/install/yesense_interface/include/yesense_interface/yesense_interface/msg/detail/sample_timestamp__builder.hpp
[4.738s] -- Up-to-date: /home/HwHiAiUser/wheeltec_ros2/install/yesense_interface/include/yesense_interface/yesense_interface/msg/detail/three_axis__type_support.hpp
[4.738s] -- Up-to-date: /home/HwHiAiUser/wheeltec_ros2/install/yesense_interface/include/yesense_interface/yesense_interface/msg/detail/imu_data__type_support.hpp
[4.739s] -- Up-to-date: /home/HwHiAiUser/wheeltec_ros2/install/yesense_interface/include/yesense_interface/yesense_interface/msg/detail/utc__type_support.hpp
[4.739s] -- Up-to-date: /home/HwHiAiUser/wheeltec_ros2/install/yesense_interface/include/yesense_interface/yesense_interface/msg/detail/euler_only__struct.hpp
[4.739s] -- Up-to-date: /home/HwHiAiUser/wheeltec_ros2/install/yesense_interface/include/yesense_interface/yesense_interface/msg/detail/nav_min__builder.hpp
[4.739s] -- Up-to-date: /home/HwHiAiUser/wheeltec_ros2/install/yesense_interface/include/yesense_interface/yesense_interface/msg/detail/attitude_min_vru__traits.hpp
[4.739s] -- Up-to-date: /home/HwHiAiUser/wheeltec_ros2/install/yesense_interface/include/yesense_interface/yesense_interface/msg/detail/pressure__traits.hpp
[4.740s] -- Up-to-date: /home/HwHiAiUser/wheeltec_ros2/install/yesense_interface/include/yesense_interface/yesense_interface/msg/detail/quat__traits.hpp
[4.740s] -- Up-to-date: /home/HwHiAiUser/wheeltec_ros2/install/yesense_interface/include/yesense_interface/yesense_interface/msg/detail/pressure__builder.hpp
[4.740s] -- Up-to-date: /home/HwHiAiUser/wheeltec_ros2/install/yesense_interface/include/yesense_interface/yesense_interface/msg/detail/attitude_all_data__traits.hpp
[4.741s] -- Up-to-date: /home/HwHiAiUser/wheeltec_ros2/install/yesense_interface/include/yesense_interface/yesense_interface/msg/detail/imu_data_ten_axis__struct.hpp
[4.742s] -- Up-to-date: /home/HwHiAiUser/wheeltec_ros2/install/yesense_interface/include/yesense_interface/yesense_interface/msg/detail/robot_lord__builder.hpp
[4.742s] -- Up-to-date: /home/HwHiAiUser/wheeltec_ros2/install/yesense_interface/include/yesense_interface/yesense_interface/msg/detail/nav_all__builder.hpp
[4.742s] -- Up-to-date: /home/HwHiAiUser/wheeltec_ros2/install/yesense_interface/include/yesense_interface/yesense_interface/msg/detail/quat__builder.hpp
[4.742s] -- Up-to-date: /home/HwHiAiUser/wheeltec_ros2/install/yesense_interface/include/yesense_interface/yesense_interface/msg/detail/nav_status__traits.hpp
[4.742s] -- Up-to-date: /home/HwHiAiUser/wheeltec_ros2/install/yesense_interface/include/yesense_interface/yesense_interface/msg/detail/euler_only__type_support.hpp
[4.743s] -- Up-to-date: /home/HwHiAiUser/wheeltec_ros2/install/yesense_interface/include/yesense_interface/yesense_interface/msg/detail/nav_all__traits.hpp
[4.743s] -- Up-to-date: /home/HwHiAiUser/wheeltec_ros2/install/yesense_interface/include/yesense_interface/yesense_interface/msg/detail/pressure__struct.hpp
[4.743s] -- Up-to-date: /home/HwHiAiUser/wheeltec_ros2/install/yesense_interface/include/yesense_interface/yesense_interface/msg/detail/imu_data__traits.hpp
[4.743s] -- Up-to-date: /home/HwHiAiUser/wheeltec_ros2/install/yesense_interface/include/yesense_interface/yesense_interface/msg/detail/three_axis__struct.hpp
[4.743s] -- Up-to-date: /home/HwHiAiUser/wheeltec_ros2/install/yesense_interface/include/yesense_interface/yesense_interface/msg/detail/nav_all__type_support.hpp
[4.743s] -- Up-to-date: /home/HwHiAiUser/wheeltec_ros2/install/yesense_interface/include/yesense_interface/yesense_interface/msg/detail/euler_angle__builder.hpp
[4.744s] -- Up-to-date: /home/HwHiAiUser/wheeltec_ros2/install/yesense_interface/include/yesense_interface/yesense_interface/msg/detail/sensor_temp__traits.hpp
[4.744s] -- Up-to-date: /home/HwHiAiUser/wheeltec_ros2/install/yesense_interface/include/yesense_interface/yesense_interface/msg/detail/imu_data__builder.hpp
[4.744s] -- Up-to-date: /home/HwHiAiUser/wheeltec_ros2/install/yesense_interface/include/yesense_interface/yesense_interface/msg/detail/vel__traits.hpp
[4.744s] -- Up-to-date: /home/HwHiAiUser/wheeltec_ros2/install/yesense_interface/include/yesense_interface/yesense_interface/msg/detail/nav_status__struct.hpp
[4.745s] -- Up-to-date: /home/HwHiAiUser/wheeltec_ros2/install/yesense_interface/include/yesense_interface/yesense_interface/msg/detail/pos_only__traits.hpp
[4.745s] -- Up-to-date: /home/HwHiAiUser/wheeltec_ros2/install/yesense_interface/include/yesense_interface/yesense_interface/msg/detail/sensor_temp__builder.hpp
[4.745s] -- Up-to-date: /home/HwHiAiUser/wheeltec_ros2/install/yesense_interface/include/yesense_interface/yesense_interface/msg/detail/attitude_min_vru__builder.hpp
[4.745s] -- Up-to-date: /home/HwHiAiUser/wheeltec_ros2/install/yesense_interface/include/yesense_interface/yesense_interface/msg/detail/euler_only__builder.hpp
[4.745s] -- Up-to-date: /home/HwHiAiUser/wheeltec_ros2/install/yesense_interface/include/yesense_interface/yesense_interface/msg/detail/nav_min__type_support.hpp
[4.745s] -- Up-to-date: /home/HwHiAiUser/wheeltec_ros2/install/yesense_interface/include/yesense_interface/yesense_interface/msg/detail/nav_all__struct.hpp
[4.746s] -- Up-to-date: /home/HwHiAiUser/wheeltec_ros2/install/yesense_interface/include/yesense_interface/yesense_interface/msg/detail/pos_only__type_support.hpp
[4.746s] -- Up-to-date: /home/HwHiAiUser/wheeltec_ros2/install/yesense_interface/include/yesense_interface/yesense_interface/msg/detail/tid__builder.hpp
[4.747s] -- Up-to-date: /home/HwHiAiUser/wheeltec_ros2/install/yesense_interface/include/yesense_interface/yesense_interface/msg/detail/attitude_all_data__builder.hpp
[4.747s] -- Up-to-date: /home/HwHiAiUser/wheeltec_ros2/install/yesense_interface/include/yesense_interface/yesense_interface/msg/detail/nav_status__type_support.hpp
[4.747s] -- Up-to-date: /home/HwHiAiUser/wheeltec_ros2/install/yesense_interface/include/yesense_interface/yesense_interface/msg/detail/gnss_pos__builder.hpp
[4.747s] -- Up-to-date: /home/HwHiAiUser/wheeltec_ros2/install/yesense_interface/include/yesense_interface/yesense_interface/msg/detail/sensor_temp__struct.hpp
[4.752s] -- Up-to-date: /home/HwHiAiUser/wheeltec_ros2/install/yesense_interface/include/yesense_interface/yesense_interface/msg/detail/euler_angle__type_support.hpp
[4.752s] -- Up-to-date: /home/HwHiAiUser/wheeltec_ros2/install/yesense_interface/include/yesense_interface/yesense_interface/msg/detail/attitude_min_vru__struct.hpp
[4.753s] -- Up-to-date: /home/HwHiAiUser/wheeltec_ros2/install/yesense_interface/include/yesense_interface/yesense_interface/msg/detail/tid__type_support.hpp
[4.753s] -- Up-to-date: /home/HwHiAiUser/wheeltec_ros2/install/yesense_interface/include/yesense_interface/yesense_interface/msg/detail/nav_min__traits.hpp
[4.753s] -- Up-to-date: /home/HwHiAiUser/wheeltec_ros2/install/yesense_interface/include/yesense_interface/yesense_interface/msg/detail/utc__struct.hpp
[4.753s] -- Up-to-date: /home/HwHiAiUser/wheeltec_ros2/install/yesense_interface/include/yesense_interface/yesense_interface/msg/detail/utc__builder.hpp
[4.753s] -- Up-to-date: /home/HwHiAiUser/wheeltec_ros2/install/yesense_interface/include/yesense_interface/yesense_interface/msg/detail/imu_data_ten_axis__traits.hpp
[4.754s] -- Up-to-date: /home/HwHiAiUser/wheeltec_ros2/install/yesense_interface/include/yesense_interface/yesense_interface/msg/detail/euler_angle__struct.hpp
[4.754s] -- Up-to-date: /home/HwHiAiUser/wheeltec_ros2/install/yesense_interface/include/yesense_interface/yesense_interface/msg/detail/euler_angle__traits.hpp
[4.754s] -- Up-to-date: /home/HwHiAiUser/wheeltec_ros2/install/yesense_interface/include/yesense_interface/yesense_interface/msg/detail/quat__struct.hpp
[4.754s] -- Up-to-date: /home/HwHiAiUser/wheeltec_ros2/install/yesense_interface/include/yesense_interface/yesense_interface/msg/detail/three_axis__builder.hpp
[4.754s] -- Up-to-date: /home/HwHiAiUser/wheeltec_ros2/install/yesense_interface/include/yesense_interface/yesense_interface/msg/detail/imu_data_ten_axis__builder.hpp
[4.755s] -- Up-to-date: /home/HwHiAiUser/wheeltec_ros2/install/yesense_interface/include/yesense_interface/yesense_interface/msg/detail/nav_min__struct.hpp
[4.755s] -- Up-to-date: /home/HwHiAiUser/wheeltec_ros2/install/yesense_interface/include/yesense_interface/yesense_interface/msg/gnss_pos.hpp
[4.755s] -- Up-to-date: /home/HwHiAiUser/wheeltec_ros2/install/yesense_interface/include/yesense_interface/yesense_interface/msg/euler_angle.hpp
[4.755s] -- Up-to-date: /home/HwHiAiUser/wheeltec_ros2/install/yesense_interface/include/yesense_interface/yesense_interface/msg/rosidl_generator_cpp__visibility_control.hpp
[4.755s] -- Up-to-date: /home/HwHiAiUser/wheeltec_ros2/install/yesense_interface/include/yesense_interface/yesense_interface/msg/attitude_all_data.hpp
[4.756s] -- Up-to-date: /home/HwHiAiUser/wheeltec_ros2/install/yesense_interface/include/yesense_interface/yesense_interface/msg/imu_data.hpp
[4.756s] -- Up-to-date: /home/HwHiAiUser/wheeltec_ros2/install/yesense_interface/include/yesense_interface/yesense_interface/msg/pressure.hpp
[4.756s] -- Up-to-date: /home/HwHiAiUser/wheeltec_ros2/install/yesense_interface/include/yesense_interface/yesense_interface/msg/euler_only.hpp
[4.756s] -- Up-to-date: /home/HwHiAiUser/wheeltec_ros2/install/yesense_interface/include/yesense_interface/yesense_interface/msg/utc.hpp
[4.756s] -- Up-to-date: /home/HwHiAiUser/wheeltec_ros2/install/yesense_interface/include/yesense_interface/yesense_interface/msg/quat.hpp
[4.757s] -- Up-to-date: /home/HwHiAiUser/wheeltec_ros2/install/yesense_interface/include/yesense_interface/yesense_interface/msg/pos_only.hpp
[4.757s] -- Up-to-date: /home/HwHiAiUser/wheeltec_ros2/install/yesense_interface/include/yesense_interface/yesense_interface/msg/nav_all.hpp
[4.757s] -- Up-to-date: /home/HwHiAiUser/wheeltec_ros2/install/yesense_interface/include/yesense_interface/yesense_interface/msg/attitude_min_vru.hpp
[4.757s] -- Up-to-date: /home/HwHiAiUser/wheeltec_ros2/install/yesense_interface/include/yesense_interface/yesense_interface/msg/nav_status.hpp
[4.757s] -- Up-to-date: /home/HwHiAiUser/wheeltec_ros2/install/yesense_interface/include/yesense_interface/yesense_interface/msg/attitude_min_ahrs.hpp
[4.757s] -- Up-to-date: /home/HwHiAiUser/wheeltec_ros2/install/yesense_interface/include/yesense_interface/yesense_interface/msg/sensor_temp.hpp
[4.758s] -- Up-to-date: /home/HwHiAiUser/wheeltec_ros2/install/yesense_interface/include/yesense_interface/yesense_interface/msg/nav_min.hpp
[4.758s] -- Up-to-date: /home/HwHiAiUser/wheeltec_ros2/install/yesense_interface/include/yesense_interface/yesense_interface/msg/nav_min_utc.hpp
[4.758s] -- Up-to-date: /home/HwHiAiUser/wheeltec_ros2/install/yesense_interface/include/yesense_interface/yesense_interface/msg/imu_data_ten_axis.hpp
[4.758s] -- Up-to-date: /home/HwHiAiUser/wheeltec_ros2/install/yesense_interface/include/yesense_interface/yesense_interface/msg/robot_lord.hpp
[4.758s] -- Up-to-date: /home/HwHiAiUser/wheeltec_ros2/install/yesense_interface/include/yesense_interface/yesense_interface/msg/vel.hpp
[4.758s] -- Up-to-date: /home/HwHiAiUser/wheeltec_ros2/install/yesense_interface/include/yesense_interface/yesense_interface/msg/sample_timestamp.hpp
[4.759s] -- Up-to-date: /home/HwHiAiUser/wheeltec_ros2/install/yesense_interface/include/yesense_interface/yesense_interface
[4.759s] -- Up-to-date: /home/HwHiAiUser/wheeltec_ros2/install/yesense_interface/include/yesense_interface/yesense_interface/msg
[4.759s] -- Up-to-date: /home/HwHiAiUser/wheeltec_ros2/install/yesense_interface/include/yesense_interface/yesense_interface/msg/detail
[4.759s] -- Up-to-date: /home/HwHiAiUser/wheeltec_ros2/install/yesense_interface/include/yesense_interface/yesense_interface/msg/detail/vel__rosidl_typesupport_fastrtps_cpp.hpp
[4.759s] -- Up-to-date: /home/HwHiAiUser/wheeltec_ros2/install/yesense_interface/include/yesense_interface/yesense_interface/msg/detail/nav_status__rosidl_typesupport_fastrtps_cpp.hpp
[4.777s] -- Up-to-date: /home/HwHiAiUser/wheeltec_ros2/install/yesense_interface/include/yesense_interface/yesense_interface/msg/detail/gnss_pos__rosidl_typesupport_fastrtps_cpp.hpp
[4.777s] -- Up-to-date: /home/HwHiAiUser/wheeltec_ros2/install/yesense_interface/include/yesense_interface/yesense_interface/msg/detail/utc__rosidl_typesupport_fastrtps_cpp.hpp
[4.778s] -- Up-to-date: /home/HwHiAiUser/wheeltec_ros2/install/yesense_interface/include/yesense_interface/yesense_interface/msg/detail/euler_angle__rosidl_typesupport_fastrtps_cpp.hpp
[4.778s] -- Up-to-date: /home/HwHiAiUser/wheeltec_ros2/install/yesense_interface/include/yesense_interface/yesense_interface/msg/detail/imu_data__rosidl_typesupport_fastrtps_cpp.hpp
[4.779s] -- Up-to-date: /home/HwHiAiUser/wheeltec_ros2/install/yesense_interface/include/yesense_interface/yesense_interface/msg/detail/euler_only__rosidl_typesupport_fastrtps_cpp.hpp
[4.779s] -- Up-to-date: /home/HwHiAiUser/wheeltec_ros2/install/yesense_interface/include/yesense_interface/yesense_interface/msg/detail/dds_fastrtps
[4.779s] -- Up-to-date: /home/HwHiAiUser/wheeltec_ros2/install/yesense_interface/include/yesense_interface/yesense_interface/msg/detail/three_axis__rosidl_typesupport_fastrtps_cpp.hpp
[4.780s] -- Up-to-date: /home/HwHiAiUser/wheeltec_ros2/install/yesense_interface/include/yesense_interface/yesense_interface/msg/detail/pos_only__rosidl_typesupport_fastrtps_cpp.hpp
[4.780s] -- Up-to-date: /home/HwHiAiUser/wheeltec_ros2/install/yesense_interface/include/yesense_interface/yesense_interface/msg/detail/nav_min_utc__rosidl_typesupport_fastrtps_cpp.hpp
[4.780s] -- Up-to-date: /home/HwHiAiUser/wheeltec_ros2/install/yesense_interface/include/yesense_interface/yesense_interface/msg/detail/nav_min__rosidl_typesupport_fastrtps_cpp.hpp
[4.781s] -- Up-to-date: /home/HwHiAiUser/wheeltec_ros2/install/yesense_interface/include/yesense_interface/yesense_interface/msg/detail/attitude_all_data__rosidl_typesupport_fastrtps_cpp.hpp
[4.781s] -- Up-to-date: /home/HwHiAiUser/wheeltec_ros2/install/yesense_interface/include/yesense_interface/yesense_interface/msg/detail/sample_timestamp__rosidl_typesupport_fastrtps_cpp.hpp
[4.782s] -- Up-to-date: /home/HwHiAiUser/wheeltec_ros2/install/yesense_interface/include/yesense_interface/yesense_interface/msg/detail/robot_lord__rosidl_typesupport_fastrtps_cpp.hpp
[4.782s] -- Up-to-date: /home/HwHiAiUser/wheeltec_ros2/install/yesense_interface/include/yesense_interface/yesense_interface/msg/detail/attitude_min_ahrs__rosidl_typesupport_fastrtps_cpp.hpp
[4.782s] -- Up-to-date: /home/HwHiAiUser/wheeltec_ros2/install/yesense_interface/include/yesense_interface/yesense_interface/msg/detail/attitude_min_vru__rosidl_typesupport_fastrtps_cpp.hpp
[4.784s] -- Up-to-date: /home/HwHiAiUser/wheeltec_ros2/install/yesense_interface/include/yesense_interface/yesense_interface/msg/detail/imu_data_ten_axis__rosidl_typesupport_fastrtps_cpp.hpp
[4.785s] -- Up-to-date: /home/HwHiAiUser/wheeltec_ros2/install/yesense_interface/include/yesense_interface/yesense_interface/msg/detail/quat__rosidl_typesupport_fastrtps_cpp.hpp
[4.789s] -- Up-to-date: /home/HwHiAiUser/wheeltec_ros2/install/yesense_interface/include/yesense_interface/yesense_interface/msg/detail/tid__rosidl_typesupport_fastrtps_cpp.hpp
[4.790s] -- Up-to-date: /home/HwHiAiUser/wheeltec_ros2/install/yesense_interface/include/yesense_interface/yesense_interface/msg/detail/sensor_temp__rosidl_typesupport_fastrtps_cpp.hpp
[4.792s] -- Up-to-date: /home/HwHiAiUser/wheeltec_ros2/install/yesense_interface/include/yesense_interface/yesense_interface/msg/detail/nav_all__rosidl_typesupport_fastrtps_cpp.hpp
[4.794s] -- Up-to-date: /home/HwHiAiUser/wheeltec_ros2/install/yesense_interface/include/yesense_interface/yesense_interface/msg/detail/pressure__rosidl_typesupport_fastrtps_cpp.hpp
[4.796s] -- Up-to-date: /home/HwHiAiUser/wheeltec_ros2/install/yesense_interface/include/yesense_interface/yesense_interface/msg/rosidl_typesupport_fastrtps_cpp__visibility_control.h
[4.798s] -- Up-to-date: /home/HwHiAiUser/wheeltec_ros2/install/yesense_interface/lib/libyesense_interface__rosidl_typesupport_fastrtps_cpp.so
[4.798s] -- Up-to-date: /home/HwHiAiUser/wheeltec_ros2/install/yesense_interface/include/yesense_interface/yesense_interface
[4.798s] -- Up-to-date: /home/HwHiAiUser/wheeltec_ros2/install/yesense_interface/include/yesense_interface/yesense_interface/msg
[4.799s] -- Up-to-date: /home/HwHiAiUser/wheeltec_ros2/install/yesense_interface/include/yesense_interface/yesense_interface/msg/detail
[4.799s] -- Up-to-date: /home/HwHiAiUser/wheeltec_ros2/install/yesense_interface/include/yesense_interface/yesense_interface/msg/detail/quat__rosidl_typesupport_introspection_cpp.hpp
[4.799s] -- Up-to-date: /home/HwHiAiUser/wheeltec_ros2/install/yesense_interface/include/yesense_interface/yesense_interface/msg/detail/attitude_min_vru__rosidl_typesupport_introspection_cpp.hpp
[4.800s] -- Up-to-date: /home/HwHiAiUser/wheeltec_ros2/install/yesense_interface/include/yesense_interface/yesense_interface/msg/detail/utc__rosidl_typesupport_introspection_cpp.hpp
[4.800s] -- Up-to-date: /home/HwHiAiUser/wheeltec_ros2/install/yesense_interface/include/yesense_interface/yesense_interface/msg/detail/gnss_pos__type_support.cpp
[4.800s] -- Up-to-date: /home/HwHiAiUser/wheeltec_ros2/install/yesense_interface/include/yesense_interface/yesense_interface/msg/detail/three_axis__type_support.cpp
[4.800s] -- Up-to-date: /home/HwHiAiUser/wheeltec_ros2/install/yesense_interface/include/yesense_interface/yesense_interface/msg/detail/euler_only__type_support.cpp
[4.801s] -- Up-to-date: /home/HwHiAiUser/wheeltec_ros2/install/yesense_interface/include/yesense_interface/yesense_interface/msg/detail/quat__type_support.cpp
[4.801s] -- Up-to-date: /home/HwHiAiUser/wheeltec_ros2/install/yesense_interface/include/yesense_interface/yesense_interface/msg/detail/sample_timestamp__type_support.cpp
[4.801s] -- Up-to-date: /home/HwHiAiUser/wheeltec_ros2/install/yesense_interface/include/yesense_interface/yesense_interface/msg/detail/gnss_pos__rosidl_typesupport_introspection_cpp.hpp
[4.805s] -- Up-to-date: /home/HwHiAiUser/wheeltec_ros2/install/yesense_interface/include/yesense_interface/yesense_interface/msg/detail/nav_all__type_support.cpp
[4.806s] -- Up-to-date: /home/HwHiAiUser/wheeltec_ros2/install/yesense_interface/include/yesense_interface/yesense_interface/msg/detail/pressure__type_support.cpp
[4.806s] -- Up-to-date: /home/HwHiAiUser/wheeltec_ros2/install/yesense_interface/include/yesense_interface/yesense_interface/msg/detail/sample_timestamp__rosidl_typesupport_introspection_cpp.hpp
[4.806s] -- Up-to-date: /home/HwHiAiUser/wheeltec_ros2/install/yesense_interface/include/yesense_interface/yesense_interface/msg/detail/nav_status__type_support.cpp
[4.806s] -- Up-to-date: /home/HwHiAiUser/wheeltec_ros2/install/yesense_interface/include/yesense_interface/yesense_interface/msg/detail/nav_min_utc__rosidl_typesupport_introspection_cpp.hpp
[4.807s] -- Up-to-date: /home/HwHiAiUser/wheeltec_ros2/install/yesense_interface/include/yesense_interface/yesense_interface/msg/detail/sensor_temp__rosidl_typesupport_introspection_cpp.hpp
[4.807s] -- Up-to-date: /home/HwHiAiUser/wheeltec_ros2/install/yesense_interface/include/yesense_interface/yesense_interface/msg/detail/robot_lord__type_support.cpp
[4.807s] -- Up-to-date: /home/HwHiAiUser/wheeltec_ros2/install/yesense_interface/include/yesense_interface/yesense_interface/msg/detail/euler_only__rosidl_typesupport_introspection_cpp.hpp
[4.807s] -- Up-to-date: /home/HwHiAiUser/wheeltec_ros2/install/yesense_interface/include/yesense_interface/yesense_interface/msg/detail/vel__rosidl_typesupport_introspection_cpp.hpp
[4.807s] -- Up-to-date: /home/HwHiAiUser/wheeltec_ros2/install/yesense_interface/include/yesense_interface/yesense_interface/msg/detail/attitude_min_ahrs__rosidl_typesupport_introspection_cpp.hpp
[4.812s] -- Up-to-date: /home/HwHiAiUser/wheeltec_ros2/install/yesense_interface/include/yesense_interface/yesense_interface/msg/detail/sensor_temp__type_support.cpp
[4.814s] -- Up-to-date: /home/HwHiAiUser/wheeltec_ros2/install/yesense_interface/include/yesense_interface/yesense_interface/msg/detail/nav_status__rosidl_typesupport_introspection_cpp.hpp
[4.814s] -- Up-to-date: /home/HwHiAiUser/wheeltec_ros2/install/yesense_interface/include/yesense_interface/yesense_interface/msg/detail/imu_data_ten_axis__type_support.cpp
[4.814s] -- Up-to-date: /home/HwHiAiUser/wheeltec_ros2/install/yesense_interface/include/yesense_interface/yesense_interface/msg/detail/euler_angle__rosidl_typesupport_introspection_cpp.hpp
[4.816s] -- Up-to-date: /home/HwHiAiUser/wheeltec_ros2/install/yesense_interface/include/yesense_interface/yesense_interface/msg/detail/pressure__rosidl_typesupport_introspection_cpp.hpp
[4.816s] -- Up-to-date: /home/HwHiAiUser/wheeltec_ros2/install/yesense_interface/include/yesense_interface/yesense_interface/msg/detail/imu_data__type_support.cpp
[4.816s] -- Up-to-date: /home/HwHiAiUser/wheeltec_ros2/install/yesense_interface/include/yesense_interface/yesense_interface/msg/detail/three_axis__rosidl_typesupport_introspection_cpp.hpp
[4.816s] -- Up-to-date: /home/HwHiAiUser/wheeltec_ros2/install/yesense_interface/include/yesense_interface/yesense_interface/msg/detail/imu_data__rosidl_typesupport_introspection_cpp.hpp
[4.817s] -- Up-to-date: /home/HwHiAiUser/wheeltec_ros2/install/yesense_interface/include/yesense_interface/yesense_interface/msg/detail/tid__type_support.cpp
[4.817s] -- Up-to-date: /home/HwHiAiUser/wheeltec_ros2/install/yesense_interface/include/yesense_interface/yesense_interface/msg/detail/utc__type_support.cpp
[4.821s] -- Up-to-date: /home/HwHiAiUser/wheeltec_ros2/install/yesense_interface/include/yesense_interface/yesense_interface/msg/detail/vel__type_support.cpp
[4.822s] -- Up-to-date: /home/HwHiAiUser/wheeltec_ros2/install/yesense_interface/include/yesense_interface/yesense_interface/msg/detail/nav_min__rosidl_typesupport_introspection_cpp.hpp
[4.822s] -- Up-to-date: /home/HwHiAiUser/wheeltec_ros2/install/yesense_interface/include/yesense_interface/yesense_interface/msg/detail/attitude_min_vru__type_support.cpp
[4.822s] -- Up-to-date: /home/HwHiAiUser/wheeltec_ros2/install/yesense_interface/include/yesense_interface/yesense_interface/msg/detail/nav_all__rosidl_typesupport_introspection_cpp.hpp
[4.822s] -- Up-to-date: /home/HwHiAiUser/wheeltec_ros2/install/yesense_interface/include/yesense_interface/yesense_interface/msg/detail/attitude_all_data__type_support.cpp
[4.823s] -- Up-to-date: /home/HwHiAiUser/wheeltec_ros2/install/yesense_interface/include/yesense_interface/yesense_interface/msg/detail/pos_only__type_support.cpp
[4.823s] -- Up-to-date: /home/HwHiAiUser/wheeltec_ros2/install/yesense_interface/include/yesense_interface/yesense_interface/msg/detail/attitude_all_data__rosidl_typesupport_introspection_cpp.hpp
[4.823s] -- Up-to-date: /home/HwHiAiUser/wheeltec_ros2/install/yesense_interface/include/yesense_interface/yesense_interface/msg/detail/nav_min_utc__type_support.cpp
[4.823s] -- Up-to-date: /home/HwHiAiUser/wheeltec_ros2/install/yesense_interface/include/yesense_interface/yesense_interface/msg/detail/pos_only__rosidl_typesupport_introspection_cpp.hpp
[4.825s] -- Up-to-date: /home/HwHiAiUser/wheeltec_ros2/install/yesense_interface/include/yesense_interface/yesense_interface/msg/detail/tid__rosidl_typesupport_introspection_cpp.hpp
[4.825s] -- Up-to-date: /home/HwHiAiUser/wheeltec_ros2/install/yesense_interface/include/yesense_interface/yesense_interface/msg/detail/euler_angle__type_support.cpp
[4.825s] -- Up-to-date: /home/HwHiAiUser/wheeltec_ros2/install/yesense_interface/include/yesense_interface/yesense_interface/msg/detail/nav_min__type_support.cpp
[4.826s] -- Up-to-date: /home/HwHiAiUser/wheeltec_ros2/install/yesense_interface/include/yesense_interface/yesense_interface/msg/detail/robot_lord__rosidl_typesupport_introspection_cpp.hpp
[4.826s] -- Up-to-date: /home/HwHiAiUser/wheeltec_ros2/install/yesense_interface/include/yesense_interface/yesense_interface/msg/detail/imu_data_ten_axis__rosidl_typesupport_introspection_cpp.hpp
[4.826s] -- Up-to-date: /home/HwHiAiUser/wheeltec_ros2/install/yesense_interface/include/yesense_interface/yesense_interface/msg/detail/attitude_min_ahrs__type_support.cpp
[4.826s] -- Up-to-date: /home/HwHiAiUser/wheeltec_ros2/install/yesense_interface/lib/libyesense_interface__rosidl_typesupport_introspection_cpp.so
[4.826s] -- Up-to-date: /home/HwHiAiUser/wheeltec_ros2/install/yesense_interface/lib/libyesense_interface__rosidl_typesupport_cpp.so
[4.827s] -- Up-to-date: /home/HwHiAiUser/wheeltec_ros2/install/yesense_interface/share/yesense_interface/environment/pythonpath.sh
[4.827s] -- Up-to-date: /home/HwHiAiUser/wheeltec_ros2/install/yesense_interface/share/yesense_interface/environment/pythonpath.dsv
[4.827s] -- Up-to-date: /home/HwHiAiUser/wheeltec_ros2/install/yesense_interface/local/lib/python3.10/dist-packages/yesense_interface-1.0.0-py3.10.egg-info
[4.827s] -- Installing: /home/HwHiAiUser/wheeltec_ros2/install/yesense_interface/local/lib/python3.10/dist-packages/yesense_interface-1.0.0-py3.10.egg-info/dependency_links.txt
[4.833s] -- Installing: /home/HwHiAiUser/wheeltec_ros2/install/yesense_interface/local/lib/python3.10/dist-packages/yesense_interface-1.0.0-py3.10.egg-info/SOURCES.txt
[4.833s] -- Installing: /home/HwHiAiUser/wheeltec_ros2/install/yesense_interface/local/lib/python3.10/dist-packages/yesense_interface-1.0.0-py3.10.egg-info/PKG-INFO
[4.834s] -- Installing: /home/HwHiAiUser/wheeltec_ros2/install/yesense_interface/local/lib/python3.10/dist-packages/yesense_interface-1.0.0-py3.10.egg-info/top_level.txt
[4.834s] -- Up-to-date: /home/HwHiAiUser/wheeltec_ros2/install/yesense_interface/local/lib/python3.10/dist-packages/yesense_interface
[4.834s] -- Up-to-date: /home/HwHiAiUser/wheeltec_ros2/install/yesense_interface/local/lib/python3.10/dist-packages/yesense_interface/_yesense_interface_s.ep.rosidl_typesupport_c.c
[4.834s] -- Up-to-date: /home/HwHiAiUser/wheeltec_ros2/install/yesense_interface/local/lib/python3.10/dist-packages/yesense_interface/__init__.py
[4.835s] -- Up-to-date: /home/HwHiAiUser/wheeltec_ros2/install/yesense_interface/local/lib/python3.10/dist-packages/yesense_interface/msg
[4.835s] -- Up-to-date: /home/HwHiAiUser/wheeltec_ros2/install/yesense_interface/local/lib/python3.10/dist-packages/yesense_interface/msg/_attitude_min_ahrs.py
[4.835s] -- Up-to-date: /home/HwHiAiUser/wheeltec_ros2/install/yesense_interface/local/lib/python3.10/dist-packages/yesense_interface/msg/_quat_s.c
[4.835s] -- Up-to-date: /home/HwHiAiUser/wheeltec_ros2/install/yesense_interface/local/lib/python3.10/dist-packages/yesense_interface/msg/_sensor_temp_s.c
[4.835s] -- Up-to-date: /home/HwHiAiUser/wheeltec_ros2/install/yesense_interface/local/lib/python3.10/dist-packages/yesense_interface/msg/_nav_all_s.c
[4.836s] -- Up-to-date: /home/HwHiAiUser/wheeltec_ros2/install/yesense_interface/local/lib/python3.10/dist-packages/yesense_interface/msg/_attitude_min_vru.py
[4.836s] -- Up-to-date: /home/HwHiAiUser/wheeltec_ros2/install/yesense_interface/local/lib/python3.10/dist-packages/yesense_interface/msg/_attitude_min_ahrs_s.c
[4.836s] -- Up-to-date: /home/HwHiAiUser/wheeltec_ros2/install/yesense_interface/local/lib/python3.10/dist-packages/yesense_interface/msg/__init__.py
[4.836s] -- Up-to-date: /home/HwHiAiUser/wheeltec_ros2/install/yesense_interface/local/lib/python3.10/dist-packages/yesense_interface/msg/_nav_status.py
[4.836s] -- Up-to-date: /home/HwHiAiUser/wheeltec_ros2/install/yesense_interface/local/lib/python3.10/dist-packages/yesense_interface/msg/_sensor_temp.py
[4.840s] -- Up-to-date: /home/HwHiAiUser/wheeltec_ros2/install/yesense_interface/local/lib/python3.10/dist-packages/yesense_interface/msg/_nav_all.py
[4.840s] -- Up-to-date: /home/HwHiAiUser/wheeltec_ros2/install/yesense_interface/local/lib/python3.10/dist-packages/yesense_interface/msg/_attitude_min_vru_s.c
[4.841s] -- Up-to-date: /home/HwHiAiUser/wheeltec_ros2/install/yesense_interface/local/lib/python3.10/dist-packages/yesense_interface/msg/_tid_s.c
[4.841s] -- Up-to-date: /home/HwHiAiUser/wheeltec_ros2/install/yesense_interface/local/lib/python3.10/dist-packages/yesense_interface/msg/_nav_min_utc.py
[4.841s] -- Up-to-date: /home/HwHiAiUser/wheeltec_ros2/install/yesense_interface/local/lib/python3.10/dist-packages/yesense_interface/msg/_euler_angle_s.c
[4.842s] -- Up-to-date: /home/HwHiAiUser/wheeltec_ros2/install/yesense_interface/local/lib/python3.10/dist-packages/yesense_interface/msg/_imu_data_s.c
[4.842s] -- Up-to-date: /home/HwHiAiUser/wheeltec_ros2/install/yesense_interface/local/lib/python3.10/dist-packages/yesense_interface/msg/_pressure_s.c
[4.842s] -- Up-to-date: /home/HwHiAiUser/wheeltec_ros2/install/yesense_interface/local/lib/python3.10/dist-packages/yesense_interface/msg/_quat.py
[4.842s] -- Up-to-date: /home/HwHiAiUser/wheeltec_ros2/install/yesense_interface/local/lib/python3.10/dist-packages/yesense_interface/msg/_sample_timestamp.py
[4.842s] -- Up-to-date: /home/HwHiAiUser/wheeltec_ros2/install/yesense_interface/local/lib/python3.10/dist-packages/yesense_interface/msg/_gnss_pos_s.c
[4.843s] -- Up-to-date: /home/HwHiAiUser/wheeltec_ros2/install/yesense_interface/local/lib/python3.10/dist-packages/yesense_interface/msg/_nav_status_s.c
[4.843s] -- Up-to-date: /home/HwHiAiUser/wheeltec_ros2/install/yesense_interface/local/lib/python3.10/dist-packages/yesense_interface/msg/_pos_only_s.c
[4.843s] -- Up-to-date: /home/HwHiAiUser/wheeltec_ros2/install/yesense_interface/local/lib/python3.10/dist-packages/yesense_interface/msg/_imu_data_ten_axis.py
[4.843s] -- Up-to-date: /home/HwHiAiUser/wheeltec_ros2/install/yesense_interface/local/lib/python3.10/dist-packages/yesense_interface/msg/_attitude_all_data.py
[4.843s] -- Up-to-date: /home/HwHiAiUser/wheeltec_ros2/install/yesense_interface/local/lib/python3.10/dist-packages/yesense_interface/msg/_euler_angle.py
[4.844s] -- Up-to-date: /home/HwHiAiUser/wheeltec_ros2/install/yesense_interface/local/lib/python3.10/dist-packages/yesense_interface/msg/_imu_data.py
[4.844s] -- Up-to-date: /home/HwHiAiUser/wheeltec_ros2/install/yesense_interface/local/lib/python3.10/dist-packages/yesense_interface/msg/_utc.py
[4.844s] -- Up-to-date: /home/HwHiAiUser/wheeltec_ros2/install/yesense_interface/local/lib/python3.10/dist-packages/yesense_interface/msg/_robot_lord_s.c
[4.844s] -- Up-to-date: /home/HwHiAiUser/wheeltec_ros2/install/yesense_interface/local/lib/python3.10/dist-packages/yesense_interface/msg/_gnss_pos.py
[4.849s] -- Up-to-date: /home/HwHiAiUser/wheeltec_ros2/install/yesense_interface/local/lib/python3.10/dist-packages/yesense_interface/msg/_vel.py
[4.849s] -- Up-to-date: /home/HwHiAiUser/wheeltec_ros2/install/yesense_interface/local/lib/python3.10/dist-packages/yesense_interface/msg/_nav_min_s.c
[4.849s] -- Up-to-date: /home/HwHiAiUser/wheeltec_ros2/install/yesense_interface/local/lib/python3.10/dist-packages/yesense_interface/msg/_tid.py
[4.850s] -- Up-to-date: /home/HwHiAiUser/wheeltec_ros2/install/yesense_interface/local/lib/python3.10/dist-packages/yesense_interface/msg/_vel_s.c
[4.850s] -- Up-to-date: /home/HwHiAiUser/wheeltec_ros2/install/yesense_interface/local/lib/python3.10/dist-packages/yesense_interface/msg/_three_axis_s.c
[4.850s] -- Up-to-date: /home/HwHiAiUser/wheeltec_ros2/install/yesense_interface/local/lib/python3.10/dist-packages/yesense_interface/msg/_pressure.py
[4.850s] -- Up-to-date: /home/HwHiAiUser/wheeltec_ros2/install/yesense_interface/local/lib/python3.10/dist-packages/yesense_interface/msg/_three_axis.py
[4.850s] -- Up-to-date: /home/HwHiAiUser/wheeltec_ros2/install/yesense_interface/local/lib/python3.10/dist-packages/yesense_interface/msg/_imu_data_ten_axis_s.c
[4.850s] -- Up-to-date: /home/HwHiAiUser/wheeltec_ros2/install/yesense_interface/local/lib/python3.10/dist-packages/yesense_interface/msg/_sample_timestamp_s.c
[4.851s] -- Up-to-date: /home/HwHiAiUser/wheeltec_ros2/install/yesense_interface/local/lib/python3.10/dist-packages/yesense_interface/msg/_attitude_all_data_s.c
[4.851s] -- Up-to-date: /home/HwHiAiUser/wheeltec_ros2/install/yesense_interface/local/lib/python3.10/dist-packages/yesense_interface/msg/_nav_min.py
[4.851s] -- Up-to-date: /home/HwHiAiUser/wheeltec_ros2/install/yesense_interface/local/lib/python3.10/dist-packages/yesense_interface/msg/_euler_only_s.c
[4.851s] -- Up-to-date: /home/HwHiAiUser/wheeltec_ros2/install/yesense_interface/local/lib/python3.10/dist-packages/yesense_interface/msg/_euler_only.py
[4.851s] -- Up-to-date: /home/HwHiAiUser/wheeltec_ros2/install/yesense_interface/local/lib/python3.10/dist-packages/yesense_interface/msg/_nav_min_utc_s.c
[4.852s] -- Up-to-date: /home/HwHiAiUser/wheeltec_ros2/install/yesense_interface/local/lib/python3.10/dist-packages/yesense_interface/msg/_robot_lord.py
[4.852s] -- Up-to-date: /home/HwHiAiUser/wheeltec_ros2/install/yesense_interface/local/lib/python3.10/dist-packages/yesense_interface/msg/_utc_s.c
[4.852s] -- Up-to-date: /home/HwHiAiUser/wheeltec_ros2/install/yesense_interface/local/lib/python3.10/dist-packages/yesense_interface/msg/_pos_only.py
[4.852s] -- Up-to-date: /home/HwHiAiUser/wheeltec_ros2/install/yesense_interface/local/lib/python3.10/dist-packages/yesense_interface/libyesense_interface__rosidl_generator_py.so
[4.857s] -- Up-to-date: /home/HwHiAiUser/wheeltec_ros2/install/yesense_interface/local/lib/python3.10/dist-packages/yesense_interface/yesense_interface_s__rosidl_typesupport_fastrtps_c.cpython-310-aarch64-linux-gnu.so
[4.857s] -- Up-to-date: /home/HwHiAiUser/wheeltec_ros2/install/yesense_interface/local/lib/python3.10/dist-packages/yesense_interface/_yesense_interface_s.ep.rosidl_typesupport_introspection_c.c
[4.857s] -- Up-to-date: /home/HwHiAiUser/wheeltec_ros2/install/yesense_interface/local/lib/python3.10/dist-packages/yesense_interface/yesense_interface_s__rosidl_typesupport_introspection_c.cpython-310-aarch64-linux-gnu.so
[4.857s] -- Up-to-date: /home/HwHiAiUser/wheeltec_ros2/install/yesense_interface/local/lib/python3.10/dist-packages/yesense_interface/yesense_interface_s__rosidl_typesupport_c.cpython-310-aarch64-linux-gnu.so
[4.858s] -- Up-to-date: /home/HwHiAiUser/wheeltec_ros2/install/yesense_interface/local/lib/python3.10/dist-packages/yesense_interface/_yesense_interface_s.ep.rosidl_typesupport_fastrtps_c.c
[5.051s] Listing '/home/HwHiAiUser/wheeltec_ros2/install/yesense_interface/local/lib/python3.10/dist-packages/yesense_interface'...
[5.051s] Listing '/home/HwHiAiUser/wheeltec_ros2/install/yesense_interface/local/lib/python3.10/dist-packages/yesense_interface/msg'...
[5.135s] -- Up-to-date: /home/HwHiAiUser/wheeltec_ros2/install/yesense_interface/local/lib/python3.10/dist-packages/yesense_interface/yesense_interface_s__rosidl_typesupport_fastrtps_c.cpython-310-aarch64-linux-gnu.so
[5.137s] -- Up-to-date: /home/HwHiAiUser/wheeltec_ros2/install/yesense_interface/local/lib/python3.10/dist-packages/yesense_interface/yesense_interface_s__rosidl_typesupport_introspection_c.cpython-310-aarch64-linux-gnu.so
[5.139s] -- Up-to-date: /home/HwHiAiUser/wheeltec_ros2/install/yesense_interface/local/lib/python3.10/dist-packages/yesense_interface/yesense_interface_s__rosidl_typesupport_c.cpython-310-aarch64-linux-gnu.so
[5.141s] -- Up-to-date: /home/HwHiAiUser/wheeltec_ros2/install/yesense_interface/lib/libyesense_interface__rosidl_generator_py.so
[5.144s] -- Up-to-date: /home/HwHiAiUser/wheeltec_ros2/install/yesense_interface/share/yesense_interface/msg/Tid.idl
[5.145s] -- Up-to-date: /home/HwHiAiUser/wheeltec_ros2/install/yesense_interface/share/yesense_interface/msg/ThreeAxis.idl
[5.145s] -- Up-to-date: /home/HwHiAiUser/wheeltec_ros2/install/yesense_interface/share/yesense_interface/msg/SensorTemp.idl
[5.145s] -- Up-to-date: /home/HwHiAiUser/wheeltec_ros2/install/yesense_interface/share/yesense_interface/msg/Pressure.idl
[5.146s] -- Up-to-date: /home/HwHiAiUser/wheeltec_ros2/install/yesense_interface/share/yesense_interface/msg/EulerAngle.idl
[5.146s] -- Up-to-date: /home/HwHiAiUser/wheeltec_ros2/install/yesense_interface/share/yesense_interface/msg/Quat.idl
[5.147s] -- Up-to-date: /home/HwHiAiUser/wheeltec_ros2/install/yesense_interface/share/yesense_interface/msg/GnssPos.idl
[5.147s] -- Up-to-date: /home/HwHiAiUser/wheeltec_ros2/install/yesense_interface/share/yesense_interface/msg/NavStatus.idl
[5.148s] -- Up-to-date: /home/HwHiAiUser/wheeltec_ros2/install/yesense_interface/share/yesense_interface/msg/Vel.idl
[5.148s] -- Up-to-date: /home/HwHiAiUser/wheeltec_ros2/install/yesense_interface/share/yesense_interface/msg/Utc.idl
[5.148s] -- Up-to-date: /home/HwHiAiUser/wheeltec_ros2/install/yesense_interface/share/yesense_interface/msg/SampleTimestamp.idl
[5.149s] -- Up-to-date: /home/HwHiAiUser/wheeltec_ros2/install/yesense_interface/share/yesense_interface/msg/ImuData.idl
[5.149s] -- Up-to-date: /home/HwHiAiUser/wheeltec_ros2/install/yesense_interface/share/yesense_interface/msg/ImuDataTenAxis.idl
[5.150s] -- Up-to-date: /home/HwHiAiUser/wheeltec_ros2/install/yesense_interface/share/yesense_interface/msg/EulerOnly.idl
[5.150s] -- Up-to-date: /home/HwHiAiUser/wheeltec_ros2/install/yesense_interface/share/yesense_interface/msg/RobotLord.idl
[5.150s] -- Up-to-date: /home/HwHiAiUser/wheeltec_ros2/install/yesense_interface/share/yesense_interface/msg/AttitudeMinVru.idl
[5.151s] -- Up-to-date: /home/HwHiAiUser/wheeltec_ros2/install/yesense_interface/share/yesense_interface/msg/AttitudeMinAhrs.idl
[5.151s] -- Up-to-date: /home/HwHiAiUser/wheeltec_ros2/install/yesense_interface/share/yesense_interface/msg/AttitudeAllData.idl
[5.166s] -- Up-to-date: /home/HwHiAiUser/wheeltec_ros2/install/yesense_interface/share/yesense_interface/msg/PosOnly.idl
[5.167s] -- Up-to-date: /home/HwHiAiUser/wheeltec_ros2/install/yesense_interface/share/yesense_interface/msg/NavMin.idl
[5.169s] -- Up-to-date: /home/HwHiAiUser/wheeltec_ros2/install/yesense_interface/share/yesense_interface/msg/NavMinUtc.idl
[5.169s] -- Up-to-date: /home/HwHiAiUser/wheeltec_ros2/install/yesense_interface/share/yesense_interface/msg/NavAll.idl
[5.170s] -- Up-to-date: /home/HwHiAiUser/wheeltec_ros2/install/yesense_interface/share/yesense_interface/msg/Tid.msg
[5.172s] -- Up-to-date: /home/HwHiAiUser/wheeltec_ros2/install/yesense_interface/share/yesense_interface/msg/ThreeAxis.msg
[5.172s] -- Up-to-date: /home/HwHiAiUser/wheeltec_ros2/install/yesense_interface/share/yesense_interface/msg/SensorTemp.msg
[5.172s] -- Up-to-date: /home/HwHiAiUser/wheeltec_ros2/install/yesense_interface/share/yesense_interface/msg/Pressure.msg
[5.173s] -- Up-to-date: /home/HwHiAiUser/wheeltec_ros2/install/yesense_interface/share/yesense_interface/msg/EulerAngle.msg
[5.173s] -- Up-to-date: /home/HwHiAiUser/wheeltec_ros2/install/yesense_interface/share/yesense_interface/msg/Quat.msg
[5.173s] -- Up-to-date: /home/HwHiAiUser/wheeltec_ros2/install/yesense_interface/share/yesense_interface/msg/GnssPos.msg
[5.173s] -- Up-to-date: /home/HwHiAiUser/wheeltec_ros2/install/yesense_interface/share/yesense_interface/msg/NavStatus.msg
[5.173s] -- Up-to-date: /home/HwHiAiUser/wheeltec_ros2/install/yesense_interface/share/yesense_interface/msg/Vel.msg
[5.174s] -- Up-to-date: /home/HwHiAiUser/wheeltec_ros2/install/yesense_interface/share/yesense_interface/msg/Utc.msg
[5.174s] -- Up-to-date: /home/HwHiAiUser/wheeltec_ros2/install/yesense_interface/share/yesense_interface/msg/SampleTimestamp.msg
[5.174s] -- Up-to-date: /home/HwHiAiUser/wheeltec_ros2/install/yesense_interface/share/yesense_interface/msg/ImuData.msg
[5.174s] -- Up-to-date: /home/HwHiAiUser/wheeltec_ros2/install/yesense_interface/share/yesense_interface/msg/ImuDataTenAxis.msg
[5.174s] -- Up-to-date: /home/HwHiAiUser/wheeltec_ros2/install/yesense_interface/share/yesense_interface/msg/EulerOnly.msg
[5.175s] -- Up-to-date: /home/HwHiAiUser/wheeltec_ros2/install/yesense_interface/share/yesense_interface/msg/RobotLord.msg
[5.175s] -- Up-to-date: /home/HwHiAiUser/wheeltec_ros2/install/yesense_interface/share/yesense_interface/msg/AttitudeMinVru.msg
[5.175s] -- Up-to-date: /home/HwHiAiUser/wheeltec_ros2/install/yesense_interface/share/yesense_interface/msg/AttitudeMinAhrs.msg
[5.175s] -- Up-to-date: /home/HwHiAiUser/wheeltec_ros2/install/yesense_interface/share/yesense_interface/msg/AttitudeAllData.msg
[5.175s] -- Up-to-date: /home/HwHiAiUser/wheeltec_ros2/install/yesense_interface/share/yesense_interface/msg/PosOnly.msg
[5.175s] -- Up-to-date: /home/HwHiAiUser/wheeltec_ros2/install/yesense_interface/share/yesense_interface/msg/NavMin.msg
[5.176s] -- Up-to-date: /home/HwHiAiUser/wheeltec_ros2/install/yesense_interface/share/yesense_interface/msg/NavMinUtc.msg
[5.176s] -- Up-to-date: /home/HwHiAiUser/wheeltec_ros2/install/yesense_interface/share/yesense_interface/msg/NavAll.msg
[5.176s] -- Up-to-date: /home/HwHiAiUser/wheeltec_ros2/install/yesense_interface/share/ament_index/resource_index/package_run_dependencies/yesense_interface
[5.176s] -- Up-to-date: /home/HwHiAiUser/wheeltec_ros2/install/yesense_interface/share/ament_index/resource_index/parent_prefix_path/yesense_interface
[5.176s] -- Up-to-date: /home/HwHiAiUser/wheeltec_ros2/install/yesense_interface/share/yesense_interface/environment/ament_prefix_path.sh
[5.177s] -- Up-to-date: /home/HwHiAiUser/wheeltec_ros2/install/yesense_interface/share/yesense_interface/environment/ament_prefix_path.dsv
[5.177s] -- Up-to-date: /home/HwHiAiUser/wheeltec_ros2/install/yesense_interface/share/yesense_interface/environment/path.sh
[5.177s] -- Up-to-date: /home/HwHiAiUser/wheeltec_ros2/install/yesense_interface/share/yesense_interface/environment/path.dsv
[5.177s] -- Up-to-date: /home/HwHiAiUser/wheeltec_ros2/install/yesense_interface/share/yesense_interface/local_setup.bash
[5.188s] -- Up-to-date: /home/HwHiAiUser/wheeltec_ros2/install/yesense_interface/share/yesense_interface/local_setup.sh
[5.192s] -- Up-to-date: /home/HwHiAiUser/wheeltec_ros2/install/yesense_interface/share/yesense_interface/local_setup.zsh
[5.193s] -- Up-to-date: /home/HwHiAiUser/wheeltec_ros2/install/yesense_interface/share/yesense_interface/local_setup.dsv
[5.193s] -- Installing: /home/HwHiAiUser/wheeltec_ros2/install/yesense_interface/share/yesense_interface/package.dsv
[5.194s] -- Up-to-date: /home/HwHiAiUser/wheeltec_ros2/install/yesense_interface/share/ament_index/resource_index/packages/yesense_interface
[5.194s] -- Up-to-date: /home/HwHiAiUser/wheeltec_ros2/install/yesense_interface/share/yesense_interface/cmake/export_yesense_interface__rosidl_generator_cExport.cmake
[5.194s] -- Up-to-date: /home/HwHiAiUser/wheeltec_ros2/install/yesense_interface/share/yesense_interface/cmake/export_yesense_interface__rosidl_generator_cExport-noconfig.cmake
[5.194s] -- Up-to-date: /home/HwHiAiUser/wheeltec_ros2/install/yesense_interface/share/yesense_interface/cmake/export_yesense_interface__rosidl_typesupport_fastrtps_cExport.cmake
[5.195s] -- Up-to-date: /home/HwHiAiUser/wheeltec_ros2/install/yesense_interface/share/yesense_interface/cmake/export_yesense_interface__rosidl_typesupport_fastrtps_cExport-noconfig.cmake
[5.195s] -- Up-to-date: /home/HwHiAiUser/wheeltec_ros2/install/yesense_interface/share/yesense_interface/cmake/yesense_interface__rosidl_typesupport_introspection_cExport.cmake
[5.236s] -- Up-to-date: /home/HwHiAiUser/wheeltec_ros2/install/yesense_interface/share/yesense_interface/cmake/yesense_interface__rosidl_typesupport_introspection_cExport-noconfig.cmake
[5.238s] -- Up-to-date: /home/HwHiAiUser/wheeltec_ros2/install/yesense_interface/share/yesense_interface/cmake/yesense_interface__rosidl_typesupport_cExport.cmake
[5.238s] -- Up-to-date: /home/HwHiAiUser/wheeltec_ros2/install/yesense_interface/share/yesense_interface/cmake/yesense_interface__rosidl_typesupport_cExport-noconfig.cmake
[5.238s] -- Up-to-date: /home/HwHiAiUser/wheeltec_ros2/install/yesense_interface/share/yesense_interface/cmake/export_yesense_interface__rosidl_generator_cppExport.cmake
[5.239s] -- Up-to-date: /home/HwHiAiUser/wheeltec_ros2/install/yesense_interface/share/yesense_interface/cmake/export_yesense_interface__rosidl_typesupport_fastrtps_cppExport.cmake
[5.239s] -- Up-to-date: /home/HwHiAiUser/wheeltec_ros2/install/yesense_interface/share/yesense_interface/cmake/export_yesense_interface__rosidl_typesupport_fastrtps_cppExport-noconfig.cmake
[5.239s] -- Up-to-date: /home/HwHiAiUser/wheeltec_ros2/install/yesense_interface/share/yesense_interface/cmake/yesense_interface__rosidl_typesupport_introspection_cppExport.cmake
[5.239s] -- Up-to-date: /home/HwHiAiUser/wheeltec_ros2/install/yesense_interface/share/yesense_interface/cmake/yesense_interface__rosidl_typesupport_introspection_cppExport-noconfig.cmake
[5.248s] -- Up-to-date: /home/HwHiAiUser/wheeltec_ros2/install/yesense_interface/share/yesense_interface/cmake/yesense_interface__rosidl_typesupport_cppExport.cmake
[5.249s] -- Up-to-date: /home/HwHiAiUser/wheeltec_ros2/install/yesense_interface/share/yesense_interface/cmake/yesense_interface__rosidl_typesupport_cppExport-noconfig.cmake
[5.251s] -- Up-to-date: /home/HwHiAiUser/wheeltec_ros2/install/yesense_interface/share/yesense_interface/cmake/export_yesense_interface__rosidl_generator_pyExport.cmake
[5.252s] -- Up-to-date: /home/HwHiAiUser/wheeltec_ros2/install/yesense_interface/share/yesense_interface/cmake/export_yesense_interface__rosidl_generator_pyExport-noconfig.cmake
[5.252s] -- Up-to-date: /home/HwHiAiUser/wheeltec_ros2/install/yesense_interface/share/yesense_interface/cmake/rosidl_cmake-extras.cmake
[5.256s] -- Up-to-date: /home/HwHiAiUser/wheeltec_ros2/install/yesense_interface/share/yesense_interface/cmake/ament_cmake_export_include_directories-extras.cmake
[5.257s] -- Up-to-date: /home/HwHiAiUser/wheeltec_ros2/install/yesense_interface/share/yesense_interface/cmake/ament_cmake_export_libraries-extras.cmake
[5.257s] -- Up-to-date: /home/HwHiAiUser/wheeltec_ros2/install/yesense_interface/share/yesense_interface/cmake/ament_cmake_export_targets-extras.cmake
[5.257s] -- Up-to-date: /home/HwHiAiUser/wheeltec_ros2/install/yesense_interface/share/yesense_interface/cmake/rosidl_cmake_export_typesupport_targets-extras.cmake
[5.258s] -- Up-to-date: /home/HwHiAiUser/wheeltec_ros2/install/yesense_interface/share/yesense_interface/cmake/ament_cmake_export_dependencies-extras.cmake
[5.258s] -- Up-to-date: /home/HwHiAiUser/wheeltec_ros2/install/yesense_interface/share/yesense_interface/cmake/rosidl_cmake_export_typesupport_libraries-extras.cmake
[5.259s] -- Up-to-date: /home/HwHiAiUser/wheeltec_ros2/install/yesense_interface/share/yesense_interface/cmake/yesense_interfaceConfig.cmake
[5.259s] -- Up-to-date: /home/HwHiAiUser/wheeltec_ros2/install/yesense_interface/share/yesense_interface/cmake/yesense_interfaceConfig-version.cmake
[5.259s] -- Up-to-date: /home/HwHiAiUser/wheeltec_ros2/install/yesense_interface/share/yesense_interface/package.xml
[6.498s] Invoked command in '/home/HwHiAiUser/wheeltec_ros2/build/yesense_interface' returned '0': CMAKE_PREFIX_PATH=${CMAKE_PREFIX_PATH}:/home/HwHiAiUser/wheeltec_ros2/install/wheeltec_robot_keyboard:/home/HwHiAiUser/wheeltec_ros2/install/wheeltec_gpio_control:/home/HwHiAiUser/wheeltec_ros2/install/tf2_tools:/opt/ros/humble _=/usr/bin/env /usr/bin/cmake --install /home/HwHiAiUser/wheeltec_ros2/build/yesense_interface
