[2.224s] Invoking command in '/home/HwHiAiUser/wheeltec_ros2/src/depend/tf2_tools': PYTHONPATH=/home/HwHiAiUser/wheeltec_ros2/build/tf2_tools/prefix_override:/usr/lib/python3/dist-packages/colcon_core/task/python/colcon_distutils_commands:/home/HwHiAiUser/wheeltec_ros2/install/tf2_tools/lib/python3.10/site-packages:${PYTHONPATH} _=/usr/bin/env /usr/bin/python3 -W ignore:setup.py install is deprecated -W ignore:easy_install command is deprecated setup.py egg_info --egg-base ../../../build/tf2_tools build --build-base /home/HwHiAiUser/wheeltec_ros2/build/tf2_tools/build install --record /home/HwHiAiUser/wheeltec_ros2/build/tf2_tools/install.log --single-version-externally-managed install_data
[3.105s] running egg_info
[3.108s] writing ../../../build/tf2_tools/tf2_tools.egg-info/PKG-INFO
[3.111s] writing dependency_links to ../../../build/tf2_tools/tf2_tools.egg-info/dependency_links.txt
[3.113s] writing entry points to ../../../build/tf2_tools/tf2_tools.egg-info/entry_points.txt
[3.115s] writing requirements to ../../../build/tf2_tools/tf2_tools.egg-info/requires.txt
[3.117s] writing top-level names to ../../../build/tf2_tools/tf2_tools.egg-info/top_level.txt
[3.125s] reading manifest file '../../../build/tf2_tools/tf2_tools.egg-info/SOURCES.txt'
[3.128s] writing manifest file '../../../build/tf2_tools/tf2_tools.egg-info/SOURCES.txt'
[3.128s] running build
[3.129s] running build_py
[3.129s] running install
[3.131s] running install_lib
[3.136s] running install_data
[3.136s] running install_egg_info
[3.142s] removing '/home/HwHiAiUser/wheeltec_ros2/install/tf2_tools/lib/python3.10/site-packages/tf2_tools-0.17.1-py3.10.egg-info' (and everything under it)
[3.144s] Copying ../../../build/tf2_tools/tf2_tools.egg-info to /home/HwHiAiUser/wheeltec_ros2/install/tf2_tools/lib/python3.10/site-packages/tf2_tools-0.17.1-py3.10.egg-info
[3.146s] running install_scripts
[3.232s] Installing view_frames script to /home/HwHiAiUser/wheeltec_ros2/install/tf2_tools/lib/tf2_tools
[3.235s] writing list of installed files to '/home/HwHiAiUser/wheeltec_ros2/build/tf2_tools/install.log'
[3.493s] Invoked command in '/home/HwHiAiUser/wheeltec_ros2/src/depend/tf2_tools' returned '0': PYTHONPATH=/home/HwHiAiUser/wheeltec_ros2/build/tf2_tools/prefix_override:/usr/lib/python3/dist-packages/colcon_core/task/python/colcon_distutils_commands:/home/HwHiAiUser/wheeltec_ros2/install/tf2_tools/lib/python3.10/site-packages:${PYTHONPATH} _=/usr/bin/env /usr/bin/python3 -W ignore:setup.py install is deprecated -W ignore:easy_install command is deprecated setup.py egg_info --egg-base ../../../build/tf2_tools build --build-base /home/HwHiAiUser/wheeltec_ros2/build/tf2_tools/build install --record /home/HwHiAiUser/wheeltec_ros2/build/tf2_tools/install.log --single-version-externally-managed install_data
