[0.000000] (-) TimerEvent: {}
[0.000285] (-) JobUnselected: {'identifier': 'ackermann_msgs'}
[0.000766] (-) JobUnselected: {'identifier': 'astra_camera'}
[0.000875] (-) JobUnselected: {'identifier': 'astra_camera_msgs'}
[0.000933] (-) JobUnselected: {'identifier': 'ldlidar'}
[0.000977] (-) JobUnselected: {'identifier': 'ldlidar_sl_ros2'}
[0.001764] (-) JobUnselected: {'identifier': 'ldlidar_stl_ros2'}
[0.002130] (-) JobUnselected: {'identifier': 'lslidar_driver'}
[0.002180] (-) JobUnselected: {'identifier': 'lslidar_msgs'}
[0.002535] (-) JobUnselected: {'identifier': 'rplidar_ros'}
[0.002649] (-) JobUnselected: {'identifier': 'serial'}
[0.002730] (-) JobUnselected: {'identifier': 'tf2_tools'}
[0.002800] (-) JobUnselected: {'identifier': 'turn_on_wheeltec_robot'}
[0.002874] (-) JobUnselected: {'identifier': 'usb_cam'}
[0.002941] (-) JobUnselected: {'identifier': 'web_video_server'}
[0.003005] (-) JobUnselected: {'identifier': 'wheeltec_gpio_control'}
[0.003075] (-) JobUnselected: {'identifier': 'wheeltec_robot_keyboard'}
[0.003139] (-) JobUnselected: {'identifier': 'wheeltec_robot_msg'}
[0.003204] (-) JobUnselected: {'identifier': 'wheeltec_robot_urdf'}
[0.003279] (-) JobUnselected: {'identifier': 'wheeltec_rviz2'}
[0.003347] (-) JobUnselected: {'identifier': 'yesense_interface'}
[0.003415] (-) JobUnselected: {'identifier': 'yesense_std_ros2'}
[0.003484] (qt_robot_control) JobQueued: {'identifier': 'qt_robot_control', 'dependencies': OrderedDict()}
[0.003558] (qt_robot_control) JobStarted: {'identifier': 'qt_robot_control'}
[0.026022] (qt_robot_control) JobProgress: {'identifier': 'qt_robot_control', 'progress': 'cmake'}
[0.028292] (qt_robot_control) JobProgress: {'identifier': 'qt_robot_control', 'progress': 'build'}
[0.030406] (qt_robot_control) Command: {'cmd': ['/usr/bin/cmake', '--build', '/home/HwHiAiUser/wheeltec_ros2/build/qt_robot_control', '--', '-j4', '-l4'], 'cwd': '/home/HwHiAiUser/wheeltec_ros2/build/qt_robot_control', 'env': OrderedDict([('SHELL', '/bin/bash'), ('ROS_VERSION', '2'), ('GTK_IM_MODULE', 'ibus'), ('CONDA_EXE', '/usr/local/miniconda3/bin/conda'), ('_CE_M', ''), ('COMPOSER_NO_INTERACTION', '1'), ('ROS_PYTHON_VERSION', '3'), ('MS_ENABLE_GE', '1'), ('MX_SDK_HOME', '/home/HwHiAiUser/work/Mind_SDK/mxVision'), ('VSCODE_SERVER_SHUTDOWN_TIMEOUT', '300'), ('ELECTRON_RUN_AS_NODE', '1'), ('XMODIFIERS', '@im=ibus'), ('NPU_HOST_INC', '/usr/local/Ascend/ascend-toolkit/latest/runtime/include'), ('NPU_HOST_LIB', '/usr/local/Ascend/ascend-toolkit/latest/runtime/lib64/stub/aarch64'), ('PWD', '/home/HwHiAiUser/wheeltec_ros2/build/qt_robot_control'), ('LOGNAME', 'HwHiAiUser'), ('XDG_SESSION_TYPE', 'tty'), ('VSCODE_ESM_ENTRYPOINT', 'vs/workbench/api/node/extensionHostProcess'), ('MOTD_SHOWN', 'pam'), ('GST_PLUGIN_SCANNER', '/home/HwHiAiUser/work/Mind_SDK/mxVision/opensource/libexec/gstreamer-1.0/gst-plugin-scanner'), ('HOME', '/home/HwHiAiUser'), ('LANG', 'C.UTF-8'), ('LS_COLORS', ''), ('FORCE_COLOR', '0'), ('MS_DEV_FORCE_ACL', '1'), ('AMENT_PREFIX_PATH', '/home/HwHiAiUser/wheeltec_ros2/install/yesense_std_ros2:/home/HwHiAiUser/wheeltec_ros2/install/yesense_interface:/home/HwHiAiUser/wheeltec_ros2/install/wheeltec_rviz2:/home/HwHiAiUser/wheeltec_ros2/install/wheeltec_robot_urdf:/home/HwHiAiUser/wheeltec_ros2/install/turn_on_wheeltec_robot:/home/HwHiAiUser/wheeltec_ros2/install/wheeltec_robot_msg:/home/HwHiAiUser/wheeltec_ros2/install/wheeltec_robot_keyboard:/home/HwHiAiUser/wheeltec_ros2/install/wheeltec_gpio_control:/home/HwHiAiUser/wheeltec_ros2/install/web_video_server:/home/HwHiAiUser/wheeltec_ros2/install/usb_cam:/home/HwHiAiUser/wheeltec_ros2/install/tf2_tools:/home/HwHiAiUser/wheeltec_ros2/install/serial:/home/HwHiAiUser/wheeltec_ros2/install/rplidar_ros:/home/HwHiAiUser/wheeltec_ros2/install/lslidar_driver:/home/HwHiAiUser/wheeltec_ros2/install/lslidar_msgs:/home/HwHiAiUser/wheeltec_ros2/install/ldlidar_stl_ros2:/home/HwHiAiUser/wheeltec_ros2/install/ldlidar_sl_ros2:/home/HwHiAiUser/wheeltec_ros2/install/ldlidar:/home/HwHiAiUser/wheeltec_ros2/install/astra_camera:/home/HwHiAiUser/wheeltec_ros2/install/astra_camera_msgs:/home/HwHiAiUser/wheeltec_ros2/install/ackermann_msgs:/opt/ros/humble'), ('CMAKE_PREFIX_PATH', '/home/HwHiAiUser/wheeltec_ros2/install/yesense_std_ros2:/home/HwHiAiUser/wheeltec_ros2/install/yesense_interface:/home/HwHiAiUser/wheeltec_ros2/install/wheeltec_rviz2:/home/HwHiAiUser/wheeltec_ros2/install/wheeltec_robot_urdf:/home/HwHiAiUser/wheeltec_ros2/install/turn_on_wheeltec_robot:/home/HwHiAiUser/wheeltec_ros2/install/wheeltec_robot_msg:/home/HwHiAiUser/wheeltec_ros2/install/web_video_server:/home/HwHiAiUser/wheeltec_ros2/install/usb_cam:/home/HwHiAiUser/wheeltec_ros2/install/serial:/home/HwHiAiUser/wheeltec_ros2/install/rplidar_ros:/home/HwHiAiUser/wheeltec_ros2/install/lslidar_driver:/home/HwHiAiUser/wheeltec_ros2/install/lslidar_msgs:/home/HwHiAiUser/wheeltec_ros2/install/ldlidar_stl_ros2:/home/HwHiAiUser/wheeltec_ros2/install/ldlidar_sl_ros2:/home/HwHiAiUser/wheeltec_ros2/install/ldlidar:/home/HwHiAiUser/wheeltec_ros2/install/astra_camera:/home/HwHiAiUser/wheeltec_ros2/install/astra_camera_msgs:/home/HwHiAiUser/wheeltec_ros2/install/ackermann_msgs:/home/HwHiAiUser/wheeltec_ros2/install/wheeltec_robot_keyboard:/home/HwHiAiUser/wheeltec_ros2/install/wheeltec_gpio_control:/home/HwHiAiUser/wheeltec_ros2/install/tf2_tools:/opt/ros/humble'), ('VSCODE_AGENT_FOLDER', '/home/HwHiAiUser/.cursor-server'), ('VSCODE_L10N_BUNDLE_LOCATION', 'vscode-local:/c%3A/Users/25914/.cursor/extensions/ms-ceintl.vscode-language-pack-zh-hans-1.99.0-universal/translations/extensions/vscode.json-language-features.i18n.json'), ('COLCON_PREFIX_PATH', '/home/HwHiAiUser/wheeltec_ros2/install'), ('SSH_CONNECTION', '10.248.102.23 12022 10.248.102.204 22'), ('TOOLCHAIN_HOME', '/home/HwHiAiUser/Ascend/ascend-toolkit/latest/toolkit'), ('ASCEND_TOOLKIT_HOME', '/home/HwHiAiUser/Ascend/ascend-toolkit/latest'), ('CURSOR_AGENT', '1'), ('LESSCLOSE', '/usr/bin/lesspipe %s %s'), ('XDG_SESSION_CLASS', 'user'), ('VSCODE_HANDLES_SIGPIPE', 'true'), ('PYTHONPATH', '/home/HwHiAiUser/work/Mind_SDK/mxVision/python:/home/HwHiAiUser/Ascend/ascend-toolkit/latest/python/site-packages:/home/HwHiAiUser/Ascend/ascend-toolkit/latest/opp/built-in/op_impl/ai_core/tbe:/home/HwHiAiUser/wheeltec_ros2/install/yesense_interface/local/lib/python3.10/dist-packages:/home/HwHiAiUser/wheeltec_ros2/install/turn_on_wheeltec_robot/local/lib/python3.10/dist-packages:/home/HwHiAiUser/wheeltec_ros2/install/wheeltec_robot_msg/local/lib/python3.10/dist-packages:/home/HwHiAiUser/wheeltec_ros2/install/wheeltec_robot_keyboard/lib/python3.10/site-packages:/home/HwHiAiUser/wheeltec_ros2/install/wheeltec_gpio_control/lib/python3.10/site-packages:/home/HwHiAiUser/wheeltec_ros2/install/tf2_tools/lib/python3.10/site-packages:/home/HwHiAiUser/wheeltec_ros2/install/lslidar_msgs/local/lib/python3.10/dist-packages:/home/HwHiAiUser/wheeltec_ros2/install/astra_camera_msgs/local/lib/python3.10/dist-packages:/home/HwHiAiUser/wheeltec_ros2/install/ackermann_msgs/local/lib/python3.10/dist-packages:/opt/ros/humble/lib/python3.10/site-packages:/opt/ros/humble/local/lib/python3.10/dist-packages:/usr/local/Ascend/ascend-toolkit/latest/python/site-packages:/usr/local/Ascend/ascend-toolkit/latest/opp/built-in/op_impl/ai_core/tbe:/usr/local/Ascend/ascend-toolkit/laster/python/site-packages:/usr/local/Ascend/ascend-toolkit/laster/opp/built-in/op_impl/ai_core/tbe:/usr/local/Ascend/ascend-toolkit/laster/python/site-packages:/usr/local/Ascend/ascend-toolkit/laster/opp/built-in/op_impl/ai_core/tbe:'), ('COLCON', '1'), ('TERM', 'dumb'), ('_CE_CONDA', ''), ('ASCEND_CUSTOM_OPP_PATH', '/home/HwHiAiUser/work/Mind_SDK/mxVision/operators/ascendc/vendors/customize:'), ('LESSOPEN', '| /usr/bin/lesspipe %s'), ('USER', 'HwHiAiUser'), ('CONDA_SHLVL', '0'), ('SHLVL', '2'), ('QT_IM_MODULE', 'ibus'), ('VSCODE_CWD', '/home/HwHiAiUser'), ('XDG_SESSION_ID', '7'), ('NO_COLOR', '1'), ('GST_PLUGIN_PATH', '/home/HwHiAiUser/work/Mind_SDK/mxVision/opensource/lib/gstreamer-1.0:/home/HwHiAiUser/work/Mind_SDK/mxVision/lib/plugins'), ('ASCEND_OPP_PATH', '/home/HwHiAiUser/Ascend/ascend-toolkit/latest/opp'), ('CONDA_PYTHON_EXE', '/usr/local/miniconda3/bin/python'), ('LD_LIBRARY_PATH', '/usr/lib/aarch64-linux-gnu:/usr/lib:/home/HwHiAiUser/work/Mind_SDK/mxVision/operators/ascendc/vendors/customize/op_api/lib:/home/HwHiAiUser/work/Mind_SDK/mxVision/lib/modelpostprocessors:/home/HwHiAiUser/work/Mind_SDK/mxVision/lib:/home/HwHiAiUser/work/Mind_SDK/mxVision/opensource/lib:/home/HwHiAiUser/work/Mind_SDK/mxVision/opensource/lib64:/home/HwHiAiUser/Ascend/ascend-toolkit/latest/tools/aml/lib64:/home/HwHiAiUser/Ascend/ascend-toolkit/latest/tools/aml/lib64/plugin:/home/HwHiAiUser/Ascend/ascend-toolkit/latest/lib64:/home/HwHiAiUser/Ascend/ascend-toolkit/latest/lib64/plugin/opskernel:/home/HwHiAiUser/Ascend/ascend-toolkit/latest/lib64/plugin/nnengine:/home/HwHiAiUser/Ascend/ascend-toolkit/latest/opp/built-in/op_impl/ai_core/tbe/op_tiling/lib/linux/aarch64:/var/davinci/driver/lib64:/var/davinci/driver/lib64/common:/var/davinci/driver/lib64/driver:/home/HwHiAiUser/wheeltec_ros2/install/yesense_interface/lib:/home/HwHiAiUser/wheeltec_ros2/install/turn_on_wheeltec_robot/lib:/home/HwHiAiUser/wheeltec_ros2/install/wheeltec_robot_msg/lib:/home/HwHiAiUser/wheeltec_ros2/install/usb_cam/lib:/home/HwHiAiUser/wheeltec_ros2/install/serial/lib:/home/HwHiAiUser/wheeltec_ros2/install/lslidar_msgs/lib:/home/HwHiAiUser/wheeltec_ros2/install/astra_camera/lib:/home/HwHiAiUser/wheeltec_ros2/install/astra_camera_msgs/lib:/home/HwHiAiUser/wheeltec_ros2/install/ackermann_msgs/lib:/opt/ros/humble/opt/rviz_ogre_vendor/lib:/opt/ros/humble/lib/aarch64-linux-gnu:/opt/ros/humble/lib:/usr/local/Ascend/ascend-toolkit/latest/tools/aml/lib64:/usr/local/Ascend/ascend-toolkit/latest/tools/aml/lib64/plugin:/usr/local/Ascend/ascend-toolkit/latest/lib64:/usr/local/Ascend/ascend-toolkit/latest/lib64/plugin/opskernel:/usr/local/Ascend/ascend-toolkit/latest/lib64/plugin/nnengine:/usr/local/Ascend/ascend-toolkit/latest/opp/built-in/op_impl/ai_core/tbe/op_tiling/lib/linux/aarch64:/lib64:/var/davinci/driver/lib64:/var/davinci/driver/lib64/common:/var/davinci/driver/lib64/driver:/usr/local/Ascend/ascend-toolkit/laster/runtime/lib64/stub/aarch64:/usr/local/Ascend/ascend-toolkit/laster/lib64:/usr/local/Ascend/ascend-toolkit/laster/lib64/plugin/opskernel:/usr/local/Ascend/ascend-toolkit/laster/lib64/plugin/nnengine:/usr/local/Ascend/ascend-toolkit/laster/opp/built-in/op_impl/ai_core/tbe/op_tiling:/usr/local/Ascend/driver/lib64:/var/davinci/driver/lib64:/var/davinci/driver/lib64/common:/var/davinci/driver/lib64/driver:/usr/local/Ascend/ascend-toolkit/laster/runtime/lib64/stub/aarch64:/usr/local/Ascend/ascend-toolkit/laster/lib64:/usr/local/Ascend/ascend-toolkit/laster/lib64/plugin/opskernel:/usr/local/Ascend/ascend-toolkit/laster/lib64/plugin/nnengine:/usr/local/Ascend/ascend-toolkit/laster/opp/built-in/op_impl/ai_core/tbe/op_tiling:/usr/local/Ascend/driver/lib64:/var/davinci/driver/lib64:/var/davinci/driver/lib64/common:/var/davinci/driver/lib64/driver:'), ('ASCEND_AICPU_PATH', '/home/HwHiAiUser/Ascend/ascend-toolkit/latest'), ('XDG_RUNTIME_DIR', '/run/user/1000'), ('ROS_LOCALHOST_ONLY', '0'), ('SSH_CLIENT', '10.248.102.23 12022 22'), ('XDG_DATA_DIRS', '/usr/share/gnome:/usr/local/share:/usr/share:/var/lib/snapd/desktop'), ('BROWSER', '/home/HwHiAiUser/.cursor-server/bin/7236ee799a5bffd9f28fa4fd18bdc6eab5e08df0/bin/helpers/browser.sh'), ('PATH', '/home/HwHiAiUser/.local/bin:/home/HwHiAiUser/Ascend/ascend-toolkit/latest/bin:/home/HwHiAiUser/Ascend/ascend-toolkit/latest/compiler/ccec_compiler/bin:/home/HwHiAiUser/Ascend/ascend-toolkit/latest/tools/ccec_compiler/bin:/opt/ros/humble/bin:/usr/local/Ascend/ascend-toolkit/latest/bin:/usr/local/Ascend/ascend-toolkit/latest/compiler/ccec_compiler/bin:/usr/local/Ascend/ascend-toolkit/latest/tools/ccec_compiler/bin:/usr/local/miniconda3/condabin:/usr/local/Ascend/ascend-toolkit/laster/bin:/usr/local/Ascend/ascend-toolkit/laster/compiler/ccec_compiler/bin:/home/HwHiAiUser/.cursor-server/bin/7236ee799a5bffd9f28fa4fd18bdc6eab5e08df0/bin/remote-cli:/home/HwHiAiUser/.cursor-server/bin/7236ee799a5bffd9f28fa4fd18bdc6eab5e08df0/bin/remote-cli:/home/HwHiAiUser/.local/bin:/usr/local/Ascend/ascend-toolkit/laster/bin:/usr/local/Ascend/ascend-toolkit/laster/compiler/ccec_compiler/bin:/usr/local/sbin:/usr/local/bin:/usr/sbin:/usr/bin:/sbin:/bin:/usr/games:/usr/local/games:/snap/bin:/home/HwHiAiUser/.fishros/bin/'), ('ASCEND_HOME_PATH', '/home/HwHiAiUser/Ascend/ascend-toolkit/latest'), ('DBUS_SESSION_BUS_ADDRESS', 'unix:path=/run/user/1000/bus'), ('VSCODE_NLS_CONFIG', '{"userLocale":"zh-cn","osLocale":"zh-cn","resolvedLanguage":"en","defaultMessagesFile":"/home/HwHiAiUser/.cursor-server/bin/7236ee799a5bffd9f28fa4fd18bdc6eab5e08df0/out/nls.messages.json","locale":"zh-cn","availableLanguages":{}}'), ('ROS_DISTRO', 'humble'), ('VSCODE_HANDLES_UNCAUGHT_ERRORS', 'true'), ('OLDPWD', '/home/HwHiAiUser'), ('VSCODE_IPC_HOOK_CLI', '/run/user/1000/vscode-ipc-98642f8e-2152-44c8-8bc5-3c3283fefe37.sock'), ('_', '/usr/bin/env')]), 'shell': False}
[0.099257] (-) TimerEvent: {}
[0.127223] (qt_robot_control) StdoutLine: {'line': b'[ 11%] Automatic MOC and UIC for target qt_robot_control\n'}
[0.176872] (qt_robot_control) StdoutLine: {'line': b'[ 11%] Built target qt_robot_control_autogen\n'}
[0.199394] (-) TimerEvent: {}
[0.260458] (qt_robot_control) StdoutLine: {'line': b'Consolidate compiler generated dependencies of target qt_robot_control\n'}
[0.299545] (-) TimerEvent: {}
[0.301867] (qt_robot_control) StdoutLine: {'line': b'[ 22%] Building CXX object CMakeFiles/qt_robot_control.dir/src/MainWindow.cpp.o\n'}
[0.399698] (-) TimerEvent: {}
[0.500085] (-) TimerEvent: {}
[0.600504] (-) TimerEvent: {}
[0.700919] (-) TimerEvent: {}
[0.801291] (-) TimerEvent: {}
[0.901694] (-) TimerEvent: {}
[1.002052] (-) TimerEvent: {}
[1.102412] (-) TimerEvent: {}
[1.202767] (-) TimerEvent: {}
[1.303128] (-) TimerEvent: {}
[1.403464] (-) TimerEvent: {}
[1.503811] (-) TimerEvent: {}
[1.604155] (-) TimerEvent: {}
[1.704510] (-) TimerEvent: {}
[1.804867] (-) TimerEvent: {}
[1.905222] (-) TimerEvent: {}
[2.005828] (-) TimerEvent: {}
[2.106184] (-) TimerEvent: {}
[2.206541] (-) TimerEvent: {}
[2.306905] (-) TimerEvent: {}
[2.407261] (-) TimerEvent: {}
[2.507617] (-) TimerEvent: {}
[2.607970] (-) TimerEvent: {}
[2.708341] (-) TimerEvent: {}
[2.808720] (-) TimerEvent: {}
[2.909098] (-) TimerEvent: {}
[3.009448] (-) TimerEvent: {}
[3.109816] (-) TimerEvent: {}
[3.210177] (-) TimerEvent: {}
[3.310536] (-) TimerEvent: {}
[3.410894] (-) TimerEvent: {}
[3.511258] (-) TimerEvent: {}
[3.611634] (-) TimerEvent: {}
[3.712004] (-) TimerEvent: {}
[3.812370] (-) TimerEvent: {}
[3.912749] (-) TimerEvent: {}
[4.013114] (-) TimerEvent: {}
[4.113448] (-) TimerEvent: {}
[4.213820] (-) TimerEvent: {}
[4.314207] (-) TimerEvent: {}
[4.414547] (-) TimerEvent: {}
[4.514925] (-) TimerEvent: {}
[4.615310] (-) TimerEvent: {}
[4.715687] (-) TimerEvent: {}
[4.816072] (-) TimerEvent: {}
[4.916570] (-) TimerEvent: {}
[5.017053] (-) TimerEvent: {}
[5.117486] (-) TimerEvent: {}
[5.217865] (-) TimerEvent: {}
[5.318254] (-) TimerEvent: {}
[5.418699] (-) TimerEvent: {}
[5.519118] (-) TimerEvent: {}
[5.619485] (-) TimerEvent: {}
[5.719862] (-) TimerEvent: {}
[5.820239] (-) TimerEvent: {}
[5.920612] (-) TimerEvent: {}
[6.020982] (-) TimerEvent: {}
[6.121441] (-) TimerEvent: {}
[6.221823] (-) TimerEvent: {}
[6.322187] (-) TimerEvent: {}
[6.422563] (-) TimerEvent: {}
[6.522951] (-) TimerEvent: {}
[6.623337] (-) TimerEvent: {}
[6.723718] (-) TimerEvent: {}
[6.824086] (-) TimerEvent: {}
[6.924460] (-) TimerEvent: {}
[7.024844] (-) TimerEvent: {}
[7.125206] (-) TimerEvent: {}
[7.225597] (-) TimerEvent: {}
[7.325963] (-) TimerEvent: {}
[7.426323] (-) TimerEvent: {}
[7.526697] (-) TimerEvent: {}
[7.627058] (-) TimerEvent: {}
[7.727423] (-) TimerEvent: {}
[7.827786] (-) TimerEvent: {}
[7.928150] (-) TimerEvent: {}
[8.028516] (-) TimerEvent: {}
[8.128874] (-) TimerEvent: {}
[8.229242] (-) TimerEvent: {}
[8.329631] (-) TimerEvent: {}
[8.429992] (-) TimerEvent: {}
[8.530361] (-) TimerEvent: {}
[8.630718] (-) TimerEvent: {}
[8.731088] (-) TimerEvent: {}
[8.831453] (-) TimerEvent: {}
[8.931836] (-) TimerEvent: {}
[9.032264] (-) TimerEvent: {}
[9.132679] (-) TimerEvent: {}
[9.233059] (-) TimerEvent: {}
[9.333467] (-) TimerEvent: {}
[9.433933] (-) TimerEvent: {}
[9.534373] (-) TimerEvent: {}
[9.634800] (-) TimerEvent: {}
[9.735254] (-) TimerEvent: {}
[9.835731] (-) TimerEvent: {}
[9.936120] (-) TimerEvent: {}
[10.036551] (-) TimerEvent: {}
[10.136973] (-) TimerEvent: {}
[10.237428] (-) TimerEvent: {}
[10.337854] (-) TimerEvent: {}
[10.438268] (-) TimerEvent: {}
[10.538700] (-) TimerEvent: {}
[10.639166] (-) TimerEvent: {}
[10.739610] (-) TimerEvent: {}
[10.840037] (-) TimerEvent: {}
[10.940475] (-) TimerEvent: {}
[11.040906] (-) TimerEvent: {}
[11.141301] (-) TimerEvent: {}
[11.241756] (-) TimerEvent: {}
[11.342156] (-) TimerEvent: {}
[11.442566] (-) TimerEvent: {}
[11.542992] (-) TimerEvent: {}
[11.643378] (-) TimerEvent: {}
[11.743779] (-) TimerEvent: {}
[11.844163] (-) TimerEvent: {}
[11.944590] (-) TimerEvent: {}
[12.045027] (-) TimerEvent: {}
[12.145471] (-) TimerEvent: {}
[12.245887] (-) TimerEvent: {}
[12.346283] (-) TimerEvent: {}
[12.446695] (-) TimerEvent: {}
[12.547087] (-) TimerEvent: {}
[12.647508] (-) TimerEvent: {}
[12.747934] (-) TimerEvent: {}
[12.848332] (-) TimerEvent: {}
[12.948752] (-) TimerEvent: {}
[13.049147] (-) TimerEvent: {}
[13.149672] (-) TimerEvent: {}
[13.250253] (-) TimerEvent: {}
[13.350727] (-) TimerEvent: {}
[13.451107] (-) TimerEvent: {}
[13.551488] (-) TimerEvent: {}
[13.651870] (-) TimerEvent: {}
[13.752241] (-) TimerEvent: {}
[13.852620] (-) TimerEvent: {}
[13.952998] (-) TimerEvent: {}
[14.053440] (-) TimerEvent: {}
[14.153816] (-) TimerEvent: {}
[14.254231] (-) TimerEvent: {}
[14.354630] (-) TimerEvent: {}
[14.455032] (-) TimerEvent: {}
[14.555440] (-) TimerEvent: {}
[14.655845] (-) TimerEvent: {}
[14.756234] (-) TimerEvent: {}
[14.856697] (-) TimerEvent: {}
[14.957083] (-) TimerEvent: {}
[15.057483] (-) TimerEvent: {}
[15.157878] (-) TimerEvent: {}
[15.258217] (-) TimerEvent: {}
[15.358590] (-) TimerEvent: {}
[15.458961] (-) TimerEvent: {}
[15.559346] (-) TimerEvent: {}
[15.659724] (-) TimerEvent: {}
[15.760101] (-) TimerEvent: {}
[15.860478] (-) TimerEvent: {}
[15.960852] (-) TimerEvent: {}
[16.061221] (-) TimerEvent: {}
[16.161694] (-) TimerEvent: {}
[16.262052] (-) TimerEvent: {}
[16.362426] (-) TimerEvent: {}
[16.462816] (-) TimerEvent: {}
[16.563200] (-) TimerEvent: {}
[16.663571] (-) TimerEvent: {}
[16.763959] (-) TimerEvent: {}
[16.864333] (-) TimerEvent: {}
[16.964702] (-) TimerEvent: {}
[17.065105] (-) TimerEvent: {}
[17.165563] (-) TimerEvent: {}
[17.265933] (-) TimerEvent: {}
[17.366360] (-) TimerEvent: {}
[17.466793] (-) TimerEvent: {}
[17.567208] (-) TimerEvent: {}
[17.667574] (-) TimerEvent: {}
[17.767954] (-) TimerEvent: {}
[17.868330] (-) TimerEvent: {}
[17.968716] (-) TimerEvent: {}
[18.069092] (-) TimerEvent: {}
[18.169534] (-) TimerEvent: {}
[18.269892] (-) TimerEvent: {}
[18.370263] (-) TimerEvent: {}
[18.470611] (-) TimerEvent: {}
[18.570982] (-) TimerEvent: {}
[18.671326] (-) TimerEvent: {}
[18.771680] (-) TimerEvent: {}
[18.839828] (qt_robot_control) StdoutLine: {'line': b'[ 33%] Building CXX object CMakeFiles/qt_robot_control.dir/src/RosImageSubscriber.cpp.o\n'}
[18.871822] (-) TimerEvent: {}
[18.972176] (-) TimerEvent: {}
[19.072532] (-) TimerEvent: {}
[19.172884] (-) TimerEvent: {}
[19.273233] (-) TimerEvent: {}
[19.373686] (-) TimerEvent: {}
[19.474062] (-) TimerEvent: {}
[19.574465] (-) TimerEvent: {}
[19.674916] (-) TimerEvent: {}
[19.775349] (-) TimerEvent: {}
[19.875821] (-) TimerEvent: {}
[19.976268] (-) TimerEvent: {}
[20.076714] (-) TimerEvent: {}
[20.177113] (-) TimerEvent: {}
[20.277536] (-) TimerEvent: {}
[20.377945] (-) TimerEvent: {}
[20.478353] (-) TimerEvent: {}
[20.578799] (-) TimerEvent: {}
[20.679178] (-) TimerEvent: {}
[20.779573] (-) TimerEvent: {}
[20.879962] (-) TimerEvent: {}
[20.980392] (-) TimerEvent: {}
[21.080816] (-) TimerEvent: {}
[21.181269] (-) TimerEvent: {}
[21.281793] (-) TimerEvent: {}
[21.382255] (-) TimerEvent: {}
[21.482709] (-) TimerEvent: {}
[21.583116] (-) TimerEvent: {}
[21.683524] (-) TimerEvent: {}
[21.783927] (-) TimerEvent: {}
[21.884320] (-) TimerEvent: {}
[21.984698] (-) TimerEvent: {}
[22.085064] (-) TimerEvent: {}
[22.185554] (-) TimerEvent: {}
[22.285938] (-) TimerEvent: {}
[22.386314] (-) TimerEvent: {}
[22.486695] (-) TimerEvent: {}
[22.587079] (-) TimerEvent: {}
[22.687456] (-) TimerEvent: {}
[22.787822] (-) TimerEvent: {}
[22.888179] (-) TimerEvent: {}
[22.988552] (-) TimerEvent: {}
[23.088913] (-) TimerEvent: {}
[23.189276] (-) TimerEvent: {}
[23.289702] (-) TimerEvent: {}
[23.390079] (-) TimerEvent: {}
[23.490537] (-) TimerEvent: {}
[23.590988] (-) TimerEvent: {}
[23.691345] (-) TimerEvent: {}
[23.791728] (-) TimerEvent: {}
[23.892104] (-) TimerEvent: {}
[23.992477] (-) TimerEvent: {}
[24.092850] (-) TimerEvent: {}
[24.193225] (-) TimerEvent: {}
[24.293626] (-) TimerEvent: {}
[24.394004] (-) TimerEvent: {}
[24.494369] (-) TimerEvent: {}
[24.594761] (-) TimerEvent: {}
[24.695149] (-) TimerEvent: {}
[24.795536] (-) TimerEvent: {}
[24.895969] (-) TimerEvent: {}
[24.996362] (-) TimerEvent: {}
[25.096743] (-) TimerEvent: {}
[25.197126] (-) TimerEvent: {}
[25.297534] (-) TimerEvent: {}
[25.397934] (-) TimerEvent: {}
[25.498316] (-) TimerEvent: {}
[25.598719] (-) TimerEvent: {}
[25.699136] (-) TimerEvent: {}
[25.799567] (-) TimerEvent: {}
[25.899939] (-) TimerEvent: {}
[26.000297] (-) TimerEvent: {}
[26.100661] (-) TimerEvent: {}
[26.201020] (-) TimerEvent: {}
[26.301426] (-) TimerEvent: {}
[26.401803] (-) TimerEvent: {}
[26.502177] (-) TimerEvent: {}
[26.602564] (-) TimerEvent: {}
[26.702948] (-) TimerEvent: {}
[26.803304] (-) TimerEvent: {}
[26.903681] (-) TimerEvent: {}
[27.004065] (-) TimerEvent: {}
[27.104433] (-) TimerEvent: {}
[27.204817] (-) TimerEvent: {}
[27.305188] (-) TimerEvent: {}
[27.405607] (-) TimerEvent: {}
[27.505996] (-) TimerEvent: {}
[27.606382] (-) TimerEvent: {}
[27.706772] (-) TimerEvent: {}
[27.807154] (-) TimerEvent: {}
[27.907551] (-) TimerEvent: {}
[28.007945] (-) TimerEvent: {}
[28.108329] (-) TimerEvent: {}
[28.208712] (-) TimerEvent: {}
[28.309077] (-) TimerEvent: {}
[28.409460] (-) TimerEvent: {}
[28.509829] (-) TimerEvent: {}
[28.610184] (-) TimerEvent: {}
[28.710564] (-) TimerEvent: {}
[28.810922] (-) TimerEvent: {}
[28.911291] (-) TimerEvent: {}
[29.011661] (-) TimerEvent: {}
[29.112021] (-) TimerEvent: {}
[29.212387] (-) TimerEvent: {}
[29.312762] (-) TimerEvent: {}
[29.413117] (-) TimerEvent: {}
[29.513521] (-) TimerEvent: {}
[29.613888] (-) TimerEvent: {}
[29.714254] (-) TimerEvent: {}
[29.814660] (-) TimerEvent: {}
[29.915236] (-) TimerEvent: {}
[30.015610] (-) TimerEvent: {}
[30.116002] (-) TimerEvent: {}
[30.216443] (-) TimerEvent: {}
[30.316809] (-) TimerEvent: {}
[30.417199] (-) TimerEvent: {}
[30.517643] (-) TimerEvent: {}
[30.618054] (-) TimerEvent: {}
[30.718462] (-) TimerEvent: {}
[30.818863] (-) TimerEvent: {}
[30.919242] (-) TimerEvent: {}
[31.019628] (-) TimerEvent: {}
[31.120009] (-) TimerEvent: {}
[31.220398] (-) TimerEvent: {}
[31.320777] (-) TimerEvent: {}
[31.421198] (-) TimerEvent: {}
[31.521657] (-) TimerEvent: {}
[31.622107] (-) TimerEvent: {}
[31.722508] (-) TimerEvent: {}
[31.822919] (-) TimerEvent: {}
[31.923332] (-) TimerEvent: {}
[32.023732] (-) TimerEvent: {}
[32.124174] (-) TimerEvent: {}
[32.224578] (-) TimerEvent: {}
[32.324972] (-) TimerEvent: {}
[32.425414] (-) TimerEvent: {}
[32.525874] (-) TimerEvent: {}
[32.626271] (-) TimerEvent: {}
[32.726692] (-) TimerEvent: {}
[32.827106] (-) TimerEvent: {}
[32.927515] (-) TimerEvent: {}
[33.027958] (-) TimerEvent: {}
[33.128358] (-) TimerEvent: {}
[33.228743] (-) TimerEvent: {}
[33.329118] (-) TimerEvent: {}
[33.429537] (-) TimerEvent: {}
[33.529941] (-) TimerEvent: {}
[33.630350] (-) TimerEvent: {}
[33.730762] (-) TimerEvent: {}
[33.831191] (-) TimerEvent: {}
[33.931648] (-) TimerEvent: {}
[34.032087] (-) TimerEvent: {}
[34.132490] (-) TimerEvent: {}
[34.232881] (-) TimerEvent: {}
[34.333269] (-) TimerEvent: {}
[34.433695] (-) TimerEvent: {}
[34.534076] (-) TimerEvent: {}
[34.634455] (-) TimerEvent: {}
[34.734832] (-) TimerEvent: {}
[34.835228] (-) TimerEvent: {}
[34.935705] (-) TimerEvent: {}
[35.036073] (-) TimerEvent: {}
[35.136434] (-) TimerEvent: {}
[35.236806] (-) TimerEvent: {}
[35.337210] (-) TimerEvent: {}
[35.437705] (-) TimerEvent: {}
[35.538088] (-) TimerEvent: {}
[35.638474] (-) TimerEvent: {}
[35.738850] (-) TimerEvent: {}
[35.839222] (-) TimerEvent: {}
[35.939596] (-) TimerEvent: {}
[36.039978] (-) TimerEvent: {}
[36.140354] (-) TimerEvent: {}
[36.240737] (-) TimerEvent: {}
[36.341097] (-) TimerEvent: {}
[36.441454] (-) TimerEvent: {}
[36.541811] (-) TimerEvent: {}
[36.642170] (-) TimerEvent: {}
[36.742533] (-) TimerEvent: {}
[36.842904] (-) TimerEvent: {}
[36.943297] (-) TimerEvent: {}
[37.043684] (-) TimerEvent: {}
[37.144016] (-) TimerEvent: {}
[37.244368] (-) TimerEvent: {}
[37.344710] (-) TimerEvent: {}
[37.445056] (-) TimerEvent: {}
[37.545421] (-) TimerEvent: {}
[37.645771] (-) TimerEvent: {}
[37.746126] (-) TimerEvent: {}
[37.846472] (-) TimerEvent: {}
[37.946804] (-) TimerEvent: {}
[38.047157] (-) TimerEvent: {}
[38.147539] (-) TimerEvent: {}
[38.247947] (-) TimerEvent: {}
[38.348341] (-) TimerEvent: {}
[38.448730] (-) TimerEvent: {}
[38.549127] (-) TimerEvent: {}
[38.649568] (-) TimerEvent: {}
[38.749980] (-) TimerEvent: {}
[38.850348] (-) TimerEvent: {}
[38.950721] (-) TimerEvent: {}
[39.051091] (-) TimerEvent: {}
[39.151461] (-) TimerEvent: {}
[39.251835] (-) TimerEvent: {}
[39.352232] (-) TimerEvent: {}
[39.452603] (-) TimerEvent: {}
[39.552998] (-) TimerEvent: {}
[39.653416] (-) TimerEvent: {}
[39.753811] (-) TimerEvent: {}
[39.854196] (-) TimerEvent: {}
[39.954688] (-) TimerEvent: {}
[40.055073] (-) TimerEvent: {}
[40.155450] (-) TimerEvent: {}
[40.255819] (-) TimerEvent: {}
[40.356211] (-) TimerEvent: {}
[40.456605] (-) TimerEvent: {}
[40.556992] (-) TimerEvent: {}
[40.657406] (-) TimerEvent: {}
[40.757809] (-) TimerEvent: {}
[40.858183] (-) TimerEvent: {}
[40.958566] (-) TimerEvent: {}
[41.058952] (-) TimerEvent: {}
[41.159339] (-) TimerEvent: {}
[41.259700] (-) TimerEvent: {}
[41.360068] (-) TimerEvent: {}
[41.460448] (-) TimerEvent: {}
[41.560829] (-) TimerEvent: {}
[41.661202] (-) TimerEvent: {}
[41.761620] (-) TimerEvent: {}
[41.861988] (-) TimerEvent: {}
[41.962368] (-) TimerEvent: {}
[42.062747] (-) TimerEvent: {}
[42.163136] (-) TimerEvent: {}
[42.263533] (-) TimerEvent: {}
[42.363965] (-) TimerEvent: {}
[42.464348] (-) TimerEvent: {}
[42.564726] (-) TimerEvent: {}
[42.665098] (-) TimerEvent: {}
[42.765516] (-) TimerEvent: {}
[42.865893] (-) TimerEvent: {}
[42.966284] (-) TimerEvent: {}
[43.066653] (-) TimerEvent: {}
[43.167042] (-) TimerEvent: {}
[43.267391] (-) TimerEvent: {}
[43.367787] (-) TimerEvent: {}
[43.468173] (-) TimerEvent: {}
[43.568552] (-) TimerEvent: {}
[43.668947] (-) TimerEvent: {}
[43.769342] (-) TimerEvent: {}
[43.869753] (-) TimerEvent: {}
[43.970144] (-) TimerEvent: {}
[44.070520] (-) TimerEvent: {}
[44.170903] (-) TimerEvent: {}
[44.271255] (-) TimerEvent: {}
[44.371646] (-) TimerEvent: {}
[44.472012] (-) TimerEvent: {}
[44.572384] (-) TimerEvent: {}
[44.672758] (-) TimerEvent: {}
[44.773138] (-) TimerEvent: {}
[44.873592] (-) TimerEvent: {}
[44.973997] (-) TimerEvent: {}
[45.074386] (-) TimerEvent: {}
[45.174783] (-) TimerEvent: {}
[45.275136] (-) TimerEvent: {}
[45.375512] (-) TimerEvent: {}
[45.475877] (-) TimerEvent: {}
[45.576232] (-) TimerEvent: {}
[45.676586] (-) TimerEvent: {}
[45.776956] (-) TimerEvent: {}
[45.877305] (-) TimerEvent: {}
[45.977658] (-) TimerEvent: {}
[46.078011] (-) TimerEvent: {}
[46.178374] (-) TimerEvent: {}
[46.278730] (-) TimerEvent: {}
[46.379093] (-) TimerEvent: {}
[46.479517] (-) TimerEvent: {}
[46.579930] (-) TimerEvent: {}
[46.680309] (-) TimerEvent: {}
[46.780689] (-) TimerEvent: {}
[46.881080] (-) TimerEvent: {}
[46.981541] (-) TimerEvent: {}
[47.081976] (-) TimerEvent: {}
[47.182415] (-) TimerEvent: {}
[47.282812] (-) TimerEvent: {}
[47.383194] (-) TimerEvent: {}
[47.483586] (-) TimerEvent: {}
[47.584004] (-) TimerEvent: {}
[47.684430] (-) TimerEvent: {}
[47.784855] (-) TimerEvent: {}
[47.885274] (-) TimerEvent: {}
[47.985748] (-) TimerEvent: {}
[48.086163] (-) TimerEvent: {}
[48.186548] (-) TimerEvent: {}
[48.286967] (-) TimerEvent: {}
[48.387375] (-) TimerEvent: {}
[48.487802] (-) TimerEvent: {}
[48.588276] (-) TimerEvent: {}
[48.688719] (-) TimerEvent: {}
[48.789171] (-) TimerEvent: {}
[48.889628] (-) TimerEvent: {}
[48.990040] (-) TimerEvent: {}
[49.090471] (-) TimerEvent: {}
[49.190857] (-) TimerEvent: {}
[49.291252] (-) TimerEvent: {}
[49.391645] (-) TimerEvent: {}
[49.492072] (-) TimerEvent: {}
[49.592464] (-) TimerEvent: {}
[49.692881] (-) TimerEvent: {}
[49.793298] (-) TimerEvent: {}
[49.893809] (-) TimerEvent: {}
[49.994218] (-) TimerEvent: {}
[50.094614] (-) TimerEvent: {}
[50.195032] (-) TimerEvent: {}
[50.295395] (-) TimerEvent: {}
[50.395770] (-) TimerEvent: {}
[50.496166] (-) TimerEvent: {}
[50.596588] (-) TimerEvent: {}
[50.696974] (-) TimerEvent: {}
[50.797381] (-) TimerEvent: {}
[50.897772] (-) TimerEvent: {}
[50.998175] (-) TimerEvent: {}
[51.098551] (-) TimerEvent: {}
[51.198913] (-) TimerEvent: {}
[51.299243] (-) TimerEvent: {}
[51.399589] (-) TimerEvent: {}
[51.499959] (-) TimerEvent: {}
[51.600312] (-) TimerEvent: {}
[51.700663] (-) TimerEvent: {}
[51.801020] (-) TimerEvent: {}
[51.901424] (-) TimerEvent: {}
[52.001779] (-) TimerEvent: {}
[52.102137] (-) TimerEvent: {}
[52.202524] (-) TimerEvent: {}
[52.302892] (-) TimerEvent: {}
[52.403254] (-) TimerEvent: {}
[52.503625] (-) TimerEvent: {}
[52.604043] (-) TimerEvent: {}
[52.704538] (-) TimerEvent: {}
[52.804970] (-) TimerEvent: {}
[52.905393] (-) TimerEvent: {}
[53.005870] (-) TimerEvent: {}
[53.106350] (-) TimerEvent: {}
[53.195729] (qt_robot_control) StdoutLine: {'line': b'[ 44%] Linking CXX executable qt_robot_control\n'}
[53.206433] (-) TimerEvent: {}
[53.306764] (-) TimerEvent: {}
[53.407174] (-) TimerEvent: {}
[53.507575] (-) TimerEvent: {}
[53.607978] (-) TimerEvent: {}
[53.708384] (-) TimerEvent: {}
[53.808783] (-) TimerEvent: {}
[53.909199] (-) TimerEvent: {}
[54.009630] (-) TimerEvent: {}
[54.110027] (-) TimerEvent: {}
[54.210465] (-) TimerEvent: {}
[54.310868] (-) TimerEvent: {}
[54.411273] (-) TimerEvent: {}
[54.511676] (-) TimerEvent: {}
[54.612097] (-) TimerEvent: {}
[54.712519] (-) TimerEvent: {}
[54.812993] (-) TimerEvent: {}
[54.913399] (-) TimerEvent: {}
[55.014020] (-) TimerEvent: {}
[55.114513] (-) TimerEvent: {}
[55.214922] (-) TimerEvent: {}
[55.315299] (-) TimerEvent: {}
[55.415683] (-) TimerEvent: {}
[55.516072] (-) TimerEvent: {}
[55.616450] (-) TimerEvent: {}
[55.716836] (-) TimerEvent: {}
[55.817246] (-) TimerEvent: {}
[55.917677] (-) TimerEvent: {}
[56.018086] (-) TimerEvent: {}
[56.118501] (-) TimerEvent: {}
[56.218894] (-) TimerEvent: {}
[56.319279] (-) TimerEvent: {}
[56.419727] (-) TimerEvent: {}
[56.520258] (-) TimerEvent: {}
[56.620793] (-) TimerEvent: {}
[56.721393] (-) TimerEvent: {}
[56.821896] (-) TimerEvent: {}
[56.922426] (-) TimerEvent: {}
[57.022945] (-) TimerEvent: {}
[57.123485] (-) TimerEvent: {}
[57.224013] (-) TimerEvent: {}
[57.324584] (-) TimerEvent: {}
[57.425090] (-) TimerEvent: {}
[57.525711] (-) TimerEvent: {}
[57.626232] (-) TimerEvent: {}
[57.726717] (-) TimerEvent: {}
[57.827249] (-) TimerEvent: {}
[57.927769] (-) TimerEvent: {}
[58.028293] (-) TimerEvent: {}
[58.128805] (-) TimerEvent: {}
[58.229407] (-) TimerEvent: {}
[58.329942] (-) TimerEvent: {}
[58.430460] (-) TimerEvent: {}
[58.530953] (-) TimerEvent: {}
[58.631482] (-) TimerEvent: {}
[58.732004] (-) TimerEvent: {}
[58.832513] (-) TimerEvent: {}
[58.933017] (-) TimerEvent: {}
[59.033469] (-) TimerEvent: {}
[59.133902] (-) TimerEvent: {}
[59.234323] (-) TimerEvent: {}
[59.334754] (-) TimerEvent: {}
[59.435190] (-) TimerEvent: {}
[59.535618] (-) TimerEvent: {}
[59.636045] (-) TimerEvent: {}
[59.736487] (-) TimerEvent: {}
[59.836881] (-) TimerEvent: {}
[59.937281] (-) TimerEvent: {}
[60.037759] (-) TimerEvent: {}
[60.138136] (-) TimerEvent: {}
[60.238530] (-) TimerEvent: {}
[60.338920] (-) TimerEvent: {}
[60.439322] (-) TimerEvent: {}
[60.539711] (-) TimerEvent: {}
[60.640103] (-) TimerEvent: {}
[60.740499] (-) TimerEvent: {}
[60.840888] (-) TimerEvent: {}
[60.941464] (-) TimerEvent: {}
[61.041980] (-) TimerEvent: {}
[61.142505] (-) TimerEvent: {}
[61.243022] (-) TimerEvent: {}
[61.343492] (-) TimerEvent: {}
[61.443896] (-) TimerEvent: {}
[61.544266] (-) TimerEvent: {}
[61.644758] (-) TimerEvent: {}
[61.745157] (-) TimerEvent: {}
[61.845556] (-) TimerEvent: {}
[61.945889] (-) TimerEvent: {}
[62.046229] (-) TimerEvent: {}
[62.146554] (-) TimerEvent: {}
[62.246879] (-) TimerEvent: {}
[62.347240] (-) TimerEvent: {}
[62.447578] (-) TimerEvent: {}
[62.547921] (-) TimerEvent: {}
[62.648268] (-) TimerEvent: {}
[62.748619] (-) TimerEvent: {}
[62.848981] (-) TimerEvent: {}
[62.949376] (-) TimerEvent: {}
[63.049737] (-) TimerEvent: {}
[63.150128] (-) TimerEvent: {}
[63.250533] (-) TimerEvent: {}
[63.350935] (-) TimerEvent: {}
[63.451326] (-) TimerEvent: {}
[63.551718] (-) TimerEvent: {}
[63.652100] (-) TimerEvent: {}
[63.752484] (-) TimerEvent: {}
[63.852869] (-) TimerEvent: {}
[63.953244] (-) TimerEvent: {}
[64.053632] (-) TimerEvent: {}
[64.153979] (-) TimerEvent: {}
[64.254319] (-) TimerEvent: {}
[64.354640] (-) TimerEvent: {}
[64.455044] (-) TimerEvent: {}
[64.544969] (qt_robot_control) StdoutLine: {'line': b'[100%] Built target qt_robot_control\n'}
[64.555142] (-) TimerEvent: {}
[64.566977] (qt_robot_control) CommandEnded: {'returncode': 0}
[64.568812] (qt_robot_control) JobProgress: {'identifier': 'qt_robot_control', 'progress': 'install'}
[64.588087] (qt_robot_control) Command: {'cmd': ['/usr/bin/cmake', '--install', '/home/HwHiAiUser/wheeltec_ros2/build/qt_robot_control'], 'cwd': '/home/HwHiAiUser/wheeltec_ros2/build/qt_robot_control', 'env': OrderedDict([('SHELL', '/bin/bash'), ('ROS_VERSION', '2'), ('GTK_IM_MODULE', 'ibus'), ('CONDA_EXE', '/usr/local/miniconda3/bin/conda'), ('_CE_M', ''), ('COMPOSER_NO_INTERACTION', '1'), ('ROS_PYTHON_VERSION', '3'), ('MS_ENABLE_GE', '1'), ('MX_SDK_HOME', '/home/HwHiAiUser/work/Mind_SDK/mxVision'), ('VSCODE_SERVER_SHUTDOWN_TIMEOUT', '300'), ('ELECTRON_RUN_AS_NODE', '1'), ('XMODIFIERS', '@im=ibus'), ('NPU_HOST_INC', '/usr/local/Ascend/ascend-toolkit/latest/runtime/include'), ('NPU_HOST_LIB', '/usr/local/Ascend/ascend-toolkit/latest/runtime/lib64/stub/aarch64'), ('PWD', '/home/HwHiAiUser/wheeltec_ros2/build/qt_robot_control'), ('LOGNAME', 'HwHiAiUser'), ('XDG_SESSION_TYPE', 'tty'), ('VSCODE_ESM_ENTRYPOINT', 'vs/workbench/api/node/extensionHostProcess'), ('MOTD_SHOWN', 'pam'), ('GST_PLUGIN_SCANNER', '/home/HwHiAiUser/work/Mind_SDK/mxVision/opensource/libexec/gstreamer-1.0/gst-plugin-scanner'), ('HOME', '/home/HwHiAiUser'), ('LANG', 'C.UTF-8'), ('LS_COLORS', ''), ('FORCE_COLOR', '0'), ('MS_DEV_FORCE_ACL', '1'), ('AMENT_PREFIX_PATH', '/home/HwHiAiUser/wheeltec_ros2/install/yesense_std_ros2:/home/HwHiAiUser/wheeltec_ros2/install/yesense_interface:/home/HwHiAiUser/wheeltec_ros2/install/wheeltec_rviz2:/home/HwHiAiUser/wheeltec_ros2/install/wheeltec_robot_urdf:/home/HwHiAiUser/wheeltec_ros2/install/turn_on_wheeltec_robot:/home/HwHiAiUser/wheeltec_ros2/install/wheeltec_robot_msg:/home/HwHiAiUser/wheeltec_ros2/install/wheeltec_robot_keyboard:/home/HwHiAiUser/wheeltec_ros2/install/wheeltec_gpio_control:/home/HwHiAiUser/wheeltec_ros2/install/web_video_server:/home/HwHiAiUser/wheeltec_ros2/install/usb_cam:/home/HwHiAiUser/wheeltec_ros2/install/tf2_tools:/home/HwHiAiUser/wheeltec_ros2/install/serial:/home/HwHiAiUser/wheeltec_ros2/install/rplidar_ros:/home/HwHiAiUser/wheeltec_ros2/install/lslidar_driver:/home/HwHiAiUser/wheeltec_ros2/install/lslidar_msgs:/home/HwHiAiUser/wheeltec_ros2/install/ldlidar_stl_ros2:/home/HwHiAiUser/wheeltec_ros2/install/ldlidar_sl_ros2:/home/HwHiAiUser/wheeltec_ros2/install/ldlidar:/home/HwHiAiUser/wheeltec_ros2/install/astra_camera:/home/HwHiAiUser/wheeltec_ros2/install/astra_camera_msgs:/home/HwHiAiUser/wheeltec_ros2/install/ackermann_msgs:/opt/ros/humble'), ('CMAKE_PREFIX_PATH', '/home/HwHiAiUser/wheeltec_ros2/install/yesense_std_ros2:/home/HwHiAiUser/wheeltec_ros2/install/yesense_interface:/home/HwHiAiUser/wheeltec_ros2/install/wheeltec_rviz2:/home/HwHiAiUser/wheeltec_ros2/install/wheeltec_robot_urdf:/home/HwHiAiUser/wheeltec_ros2/install/turn_on_wheeltec_robot:/home/HwHiAiUser/wheeltec_ros2/install/wheeltec_robot_msg:/home/HwHiAiUser/wheeltec_ros2/install/web_video_server:/home/HwHiAiUser/wheeltec_ros2/install/usb_cam:/home/HwHiAiUser/wheeltec_ros2/install/serial:/home/HwHiAiUser/wheeltec_ros2/install/rplidar_ros:/home/HwHiAiUser/wheeltec_ros2/install/lslidar_driver:/home/HwHiAiUser/wheeltec_ros2/install/lslidar_msgs:/home/HwHiAiUser/wheeltec_ros2/install/ldlidar_stl_ros2:/home/HwHiAiUser/wheeltec_ros2/install/ldlidar_sl_ros2:/home/HwHiAiUser/wheeltec_ros2/install/ldlidar:/home/HwHiAiUser/wheeltec_ros2/install/astra_camera:/home/HwHiAiUser/wheeltec_ros2/install/astra_camera_msgs:/home/HwHiAiUser/wheeltec_ros2/install/ackermann_msgs:/home/HwHiAiUser/wheeltec_ros2/install/wheeltec_robot_keyboard:/home/HwHiAiUser/wheeltec_ros2/install/wheeltec_gpio_control:/home/HwHiAiUser/wheeltec_ros2/install/tf2_tools:/opt/ros/humble'), ('VSCODE_AGENT_FOLDER', '/home/HwHiAiUser/.cursor-server'), ('VSCODE_L10N_BUNDLE_LOCATION', 'vscode-local:/c%3A/Users/25914/.cursor/extensions/ms-ceintl.vscode-language-pack-zh-hans-1.99.0-universal/translations/extensions/vscode.json-language-features.i18n.json'), ('COLCON_PREFIX_PATH', '/home/HwHiAiUser/wheeltec_ros2/install'), ('SSH_CONNECTION', '10.248.102.23 12022 10.248.102.204 22'), ('TOOLCHAIN_HOME', '/home/HwHiAiUser/Ascend/ascend-toolkit/latest/toolkit'), ('ASCEND_TOOLKIT_HOME', '/home/HwHiAiUser/Ascend/ascend-toolkit/latest'), ('CURSOR_AGENT', '1'), ('LESSCLOSE', '/usr/bin/lesspipe %s %s'), ('XDG_SESSION_CLASS', 'user'), ('VSCODE_HANDLES_SIGPIPE', 'true'), ('PYTHONPATH', '/home/HwHiAiUser/work/Mind_SDK/mxVision/python:/home/HwHiAiUser/Ascend/ascend-toolkit/latest/python/site-packages:/home/HwHiAiUser/Ascend/ascend-toolkit/latest/opp/built-in/op_impl/ai_core/tbe:/home/HwHiAiUser/wheeltec_ros2/install/yesense_interface/local/lib/python3.10/dist-packages:/home/HwHiAiUser/wheeltec_ros2/install/turn_on_wheeltec_robot/local/lib/python3.10/dist-packages:/home/HwHiAiUser/wheeltec_ros2/install/wheeltec_robot_msg/local/lib/python3.10/dist-packages:/home/HwHiAiUser/wheeltec_ros2/install/wheeltec_robot_keyboard/lib/python3.10/site-packages:/home/HwHiAiUser/wheeltec_ros2/install/wheeltec_gpio_control/lib/python3.10/site-packages:/home/HwHiAiUser/wheeltec_ros2/install/tf2_tools/lib/python3.10/site-packages:/home/HwHiAiUser/wheeltec_ros2/install/lslidar_msgs/local/lib/python3.10/dist-packages:/home/HwHiAiUser/wheeltec_ros2/install/astra_camera_msgs/local/lib/python3.10/dist-packages:/home/HwHiAiUser/wheeltec_ros2/install/ackermann_msgs/local/lib/python3.10/dist-packages:/opt/ros/humble/lib/python3.10/site-packages:/opt/ros/humble/local/lib/python3.10/dist-packages:/usr/local/Ascend/ascend-toolkit/latest/python/site-packages:/usr/local/Ascend/ascend-toolkit/latest/opp/built-in/op_impl/ai_core/tbe:/usr/local/Ascend/ascend-toolkit/laster/python/site-packages:/usr/local/Ascend/ascend-toolkit/laster/opp/built-in/op_impl/ai_core/tbe:/usr/local/Ascend/ascend-toolkit/laster/python/site-packages:/usr/local/Ascend/ascend-toolkit/laster/opp/built-in/op_impl/ai_core/tbe:'), ('COLCON', '1'), ('TERM', 'dumb'), ('_CE_CONDA', ''), ('ASCEND_CUSTOM_OPP_PATH', '/home/HwHiAiUser/work/Mind_SDK/mxVision/operators/ascendc/vendors/customize:'), ('LESSOPEN', '| /usr/bin/lesspipe %s'), ('USER', 'HwHiAiUser'), ('CONDA_SHLVL', '0'), ('SHLVL', '2'), ('QT_IM_MODULE', 'ibus'), ('VSCODE_CWD', '/home/HwHiAiUser'), ('XDG_SESSION_ID', '7'), ('NO_COLOR', '1'), ('GST_PLUGIN_PATH', '/home/HwHiAiUser/work/Mind_SDK/mxVision/opensource/lib/gstreamer-1.0:/home/HwHiAiUser/work/Mind_SDK/mxVision/lib/plugins'), ('ASCEND_OPP_PATH', '/home/HwHiAiUser/Ascend/ascend-toolkit/latest/opp'), ('CONDA_PYTHON_EXE', '/usr/local/miniconda3/bin/python'), ('LD_LIBRARY_PATH', '/usr/lib/aarch64-linux-gnu:/usr/lib:/home/HwHiAiUser/work/Mind_SDK/mxVision/operators/ascendc/vendors/customize/op_api/lib:/home/HwHiAiUser/work/Mind_SDK/mxVision/lib/modelpostprocessors:/home/HwHiAiUser/work/Mind_SDK/mxVision/lib:/home/HwHiAiUser/work/Mind_SDK/mxVision/opensource/lib:/home/HwHiAiUser/work/Mind_SDK/mxVision/opensource/lib64:/home/HwHiAiUser/Ascend/ascend-toolkit/latest/tools/aml/lib64:/home/HwHiAiUser/Ascend/ascend-toolkit/latest/tools/aml/lib64/plugin:/home/HwHiAiUser/Ascend/ascend-toolkit/latest/lib64:/home/HwHiAiUser/Ascend/ascend-toolkit/latest/lib64/plugin/opskernel:/home/HwHiAiUser/Ascend/ascend-toolkit/latest/lib64/plugin/nnengine:/home/HwHiAiUser/Ascend/ascend-toolkit/latest/opp/built-in/op_impl/ai_core/tbe/op_tiling/lib/linux/aarch64:/var/davinci/driver/lib64:/var/davinci/driver/lib64/common:/var/davinci/driver/lib64/driver:/home/HwHiAiUser/wheeltec_ros2/install/yesense_interface/lib:/home/HwHiAiUser/wheeltec_ros2/install/turn_on_wheeltec_robot/lib:/home/HwHiAiUser/wheeltec_ros2/install/wheeltec_robot_msg/lib:/home/HwHiAiUser/wheeltec_ros2/install/usb_cam/lib:/home/HwHiAiUser/wheeltec_ros2/install/serial/lib:/home/HwHiAiUser/wheeltec_ros2/install/lslidar_msgs/lib:/home/HwHiAiUser/wheeltec_ros2/install/astra_camera/lib:/home/HwHiAiUser/wheeltec_ros2/install/astra_camera_msgs/lib:/home/HwHiAiUser/wheeltec_ros2/install/ackermann_msgs/lib:/opt/ros/humble/opt/rviz_ogre_vendor/lib:/opt/ros/humble/lib/aarch64-linux-gnu:/opt/ros/humble/lib:/usr/local/Ascend/ascend-toolkit/latest/tools/aml/lib64:/usr/local/Ascend/ascend-toolkit/latest/tools/aml/lib64/plugin:/usr/local/Ascend/ascend-toolkit/latest/lib64:/usr/local/Ascend/ascend-toolkit/latest/lib64/plugin/opskernel:/usr/local/Ascend/ascend-toolkit/latest/lib64/plugin/nnengine:/usr/local/Ascend/ascend-toolkit/latest/opp/built-in/op_impl/ai_core/tbe/op_tiling/lib/linux/aarch64:/lib64:/var/davinci/driver/lib64:/var/davinci/driver/lib64/common:/var/davinci/driver/lib64/driver:/usr/local/Ascend/ascend-toolkit/laster/runtime/lib64/stub/aarch64:/usr/local/Ascend/ascend-toolkit/laster/lib64:/usr/local/Ascend/ascend-toolkit/laster/lib64/plugin/opskernel:/usr/local/Ascend/ascend-toolkit/laster/lib64/plugin/nnengine:/usr/local/Ascend/ascend-toolkit/laster/opp/built-in/op_impl/ai_core/tbe/op_tiling:/usr/local/Ascend/driver/lib64:/var/davinci/driver/lib64:/var/davinci/driver/lib64/common:/var/davinci/driver/lib64/driver:/usr/local/Ascend/ascend-toolkit/laster/runtime/lib64/stub/aarch64:/usr/local/Ascend/ascend-toolkit/laster/lib64:/usr/local/Ascend/ascend-toolkit/laster/lib64/plugin/opskernel:/usr/local/Ascend/ascend-toolkit/laster/lib64/plugin/nnengine:/usr/local/Ascend/ascend-toolkit/laster/opp/built-in/op_impl/ai_core/tbe/op_tiling:/usr/local/Ascend/driver/lib64:/var/davinci/driver/lib64:/var/davinci/driver/lib64/common:/var/davinci/driver/lib64/driver:'), ('ASCEND_AICPU_PATH', '/home/HwHiAiUser/Ascend/ascend-toolkit/latest'), ('XDG_RUNTIME_DIR', '/run/user/1000'), ('ROS_LOCALHOST_ONLY', '0'), ('SSH_CLIENT', '10.248.102.23 12022 22'), ('XDG_DATA_DIRS', '/usr/share/gnome:/usr/local/share:/usr/share:/var/lib/snapd/desktop'), ('BROWSER', '/home/HwHiAiUser/.cursor-server/bin/7236ee799a5bffd9f28fa4fd18bdc6eab5e08df0/bin/helpers/browser.sh'), ('PATH', '/home/HwHiAiUser/.local/bin:/home/HwHiAiUser/Ascend/ascend-toolkit/latest/bin:/home/HwHiAiUser/Ascend/ascend-toolkit/latest/compiler/ccec_compiler/bin:/home/HwHiAiUser/Ascend/ascend-toolkit/latest/tools/ccec_compiler/bin:/opt/ros/humble/bin:/usr/local/Ascend/ascend-toolkit/latest/bin:/usr/local/Ascend/ascend-toolkit/latest/compiler/ccec_compiler/bin:/usr/local/Ascend/ascend-toolkit/latest/tools/ccec_compiler/bin:/usr/local/miniconda3/condabin:/usr/local/Ascend/ascend-toolkit/laster/bin:/usr/local/Ascend/ascend-toolkit/laster/compiler/ccec_compiler/bin:/home/HwHiAiUser/.cursor-server/bin/7236ee799a5bffd9f28fa4fd18bdc6eab5e08df0/bin/remote-cli:/home/HwHiAiUser/.cursor-server/bin/7236ee799a5bffd9f28fa4fd18bdc6eab5e08df0/bin/remote-cli:/home/HwHiAiUser/.local/bin:/usr/local/Ascend/ascend-toolkit/laster/bin:/usr/local/Ascend/ascend-toolkit/laster/compiler/ccec_compiler/bin:/usr/local/sbin:/usr/local/bin:/usr/sbin:/usr/bin:/sbin:/bin:/usr/games:/usr/local/games:/snap/bin:/home/HwHiAiUser/.fishros/bin/'), ('ASCEND_HOME_PATH', '/home/HwHiAiUser/Ascend/ascend-toolkit/latest'), ('DBUS_SESSION_BUS_ADDRESS', 'unix:path=/run/user/1000/bus'), ('VSCODE_NLS_CONFIG', '{"userLocale":"zh-cn","osLocale":"zh-cn","resolvedLanguage":"en","defaultMessagesFile":"/home/HwHiAiUser/.cursor-server/bin/7236ee799a5bffd9f28fa4fd18bdc6eab5e08df0/out/nls.messages.json","locale":"zh-cn","availableLanguages":{}}'), ('ROS_DISTRO', 'humble'), ('VSCODE_HANDLES_UNCAUGHT_ERRORS', 'true'), ('OLDPWD', '/home/HwHiAiUser'), ('VSCODE_IPC_HOOK_CLI', '/run/user/1000/vscode-ipc-98642f8e-2152-44c8-8bc5-3c3283fefe37.sock'), ('_', '/usr/bin/env')]), 'shell': False}
[64.604055] (qt_robot_control) StdoutLine: {'line': b'-- Install configuration: ""\n'}
[64.604793] (qt_robot_control) StdoutLine: {'line': b'-- Installing: /home/HwHiAiUser/wheeltec_ros2/install/qt_robot_control/lib/qt_robot_control/qt_robot_control\n'}
[64.629212] (qt_robot_control) StdoutLine: {'line': b'-- Set runtime path of "/home/HwHiAiUser/wheeltec_ros2/install/qt_robot_control/lib/qt_robot_control/qt_robot_control" to ""\n'}
[64.630324] (qt_robot_control) StdoutLine: {'line': b'-- Up-to-date: /home/HwHiAiUser/wheeltec_ros2/install/qt_robot_control/share/ament_index/resource_index/package_run_dependencies/qt_robot_control\n'}
[64.630563] (qt_robot_control) StdoutLine: {'line': b'-- Up-to-date: /home/HwHiAiUser/wheeltec_ros2/install/qt_robot_control/share/ament_index/resource_index/parent_prefix_path/qt_robot_control\n'}
[64.631035] (qt_robot_control) StdoutLine: {'line': b'-- Up-to-date: /home/HwHiAiUser/wheeltec_ros2/install/qt_robot_control/share/qt_robot_control/environment/ament_prefix_path.sh\n'}
[64.631220] (qt_robot_control) StdoutLine: {'line': b'-- Up-to-date: /home/HwHiAiUser/wheeltec_ros2/install/qt_robot_control/share/qt_robot_control/environment/ament_prefix_path.dsv\n'}
[64.631407] (qt_robot_control) StdoutLine: {'line': b'-- Up-to-date: /home/HwHiAiUser/wheeltec_ros2/install/qt_robot_control/share/qt_robot_control/environment/path.sh\n'}
[64.631581] (qt_robot_control) StdoutLine: {'line': b'-- Up-to-date: /home/HwHiAiUser/wheeltec_ros2/install/qt_robot_control/share/qt_robot_control/environment/path.dsv\n'}
[64.631763] (qt_robot_control) StdoutLine: {'line': b'-- Up-to-date: /home/HwHiAiUser/wheeltec_ros2/install/qt_robot_control/share/qt_robot_control/local_setup.bash\n'}
[64.631943] (qt_robot_control) StdoutLine: {'line': b'-- Up-to-date: /home/HwHiAiUser/wheeltec_ros2/install/qt_robot_control/share/qt_robot_control/local_setup.sh\n'}
[64.632102] (qt_robot_control) StdoutLine: {'line': b'-- Up-to-date: /home/HwHiAiUser/wheeltec_ros2/install/qt_robot_control/share/qt_robot_control/local_setup.zsh\n'}
[64.632261] (qt_robot_control) StdoutLine: {'line': b'-- Up-to-date: /home/HwHiAiUser/wheeltec_ros2/install/qt_robot_control/share/qt_robot_control/local_setup.dsv\n'}
[64.632426] (qt_robot_control) StdoutLine: {'line': b'-- Installing: /home/HwHiAiUser/wheeltec_ros2/install/qt_robot_control/share/qt_robot_control/package.dsv\n'}
[64.632591] (qt_robot_control) StdoutLine: {'line': b'-- Up-to-date: /home/HwHiAiUser/wheeltec_ros2/install/qt_robot_control/share/ament_index/resource_index/packages/qt_robot_control\n'}
[64.632751] (qt_robot_control) StdoutLine: {'line': b'-- Up-to-date: /home/HwHiAiUser/wheeltec_ros2/install/qt_robot_control/share/qt_robot_control/cmake/qt_robot_controlConfig.cmake\n'}
[64.632914] (qt_robot_control) StdoutLine: {'line': b'-- Up-to-date: /home/HwHiAiUser/wheeltec_ros2/install/qt_robot_control/share/qt_robot_control/cmake/qt_robot_controlConfig-version.cmake\n'}
[64.633081] (qt_robot_control) StdoutLine: {'line': b'-- Up-to-date: /home/HwHiAiUser/wheeltec_ros2/install/qt_robot_control/share/qt_robot_control/package.xml\n'}
[64.634490] (qt_robot_control) CommandEnded: {'returncode': 0}
[64.656095] (-) TimerEvent: {}
[64.684643] (qt_robot_control) JobEnded: {'identifier': 'qt_robot_control', 'rc': 0}
[64.686460] (-) EventReactorShutdown: {}
