[0.000000] (-) TimerEvent: {}
[0.000252] (-) JobUnselected: {'identifier': 'ackermann_msgs'}
[0.000627] (-) JobUnselected: {'identifier': 'astra_camera'}
[0.001204] (-) JobUnselected: {'identifier': 'astra_camera_msgs'}
[0.001293] (-) JobUnselected: {'identifier': 'ldlidar'}
[0.001710] (-) JobUnselected: {'identifier': 'ldlidar_sl_ros2'}
[0.001758] (-) JobUnselected: {'identifier': 'ldlidar_stl_ros2'}
[0.002100] (-) JobUnselected: {'identifier': 'lslidar_driver'}
[0.002211] (-) JobUnselected: {'identifier': 'lslidar_msgs'}
[0.002293] (-) JobUnselected: {'identifier': 'qt_robot_control'}
[0.002368] (-) JobUnselected: {'identifier': 'rplidar_ros'}
[0.002440] (-) JobUnselected: {'identifier': 'serial'}
[0.002521] (-) JobUnselected: {'identifier': 'tf2_tools'}
[0.002595] (-) JobUnselected: {'identifier': 'turn_on_wheeltec_robot'}
[0.002691] (-) JobUnselected: {'identifier': 'usb_cam'}
[0.002757] (-) JobUnselected: {'identifier': 'web_video_server'}
[0.002826] (-) JobUnselected: {'identifier': 'wheeltec_robot_keyboard'}
[0.002896] (-) JobUnselected: {'identifier': 'wheeltec_robot_msg'}
[0.002962] (-) JobUnselected: {'identifier': 'wheeltec_robot_urdf'}
[0.003031] (-) JobUnselected: {'identifier': 'wheeltec_rviz2'}
[0.003099] (-) JobUnselected: {'identifier': 'yesense_interface'}
[0.003169] (-) JobUnselected: {'identifier': 'yesense_std_ros2'}
[0.003243] (wheeltec_gpio_control) JobQueued: {'identifier': 'wheeltec_gpio_control', 'dependencies': OrderedDict()}
[0.003390] (wheeltec_gpio_control) JobStarted: {'identifier': 'wheeltec_gpio_control'}
[0.099175] (-) TimerEvent: {}
[0.199516] (-) TimerEvent: {}
[0.299866] (-) TimerEvent: {}
[0.400318] (-) TimerEvent: {}
[0.500716] (-) TimerEvent: {}
[0.601117] (-) TimerEvent: {}
[0.701498] (-) TimerEvent: {}
[0.802739] (-) TimerEvent: {}
[0.903144] (-) TimerEvent: {}
[1.003587] (-) TimerEvent: {}
[1.103987] (-) TimerEvent: {}
[1.204471] (-) TimerEvent: {}
[1.304880] (-) TimerEvent: {}
[1.405294] (-) TimerEvent: {}
[1.505761] (-) TimerEvent: {}
[1.606204] (-) TimerEvent: {}
[1.706558] (-) TimerEvent: {}
[1.806993] (-) TimerEvent: {}
[1.834748] (wheeltec_gpio_control) Command: {'cmd': ['/usr/bin/python3', '-W', 'ignore:setup.py install is deprecated', '-W', 'ignore:easy_install command is deprecated', 'setup.py', 'egg_info', '--egg-base', '../../build/wheeltec_gpio_control', 'build', '--build-base', '/home/HwHiAiUser/wheeltec_ros2/build/wheeltec_gpio_control/build', 'install', '--record', '/home/HwHiAiUser/wheeltec_ros2/build/wheeltec_gpio_control/install.log', '--install-scripts', '$base/lib/wheeltec_gpio_control', '--single-version-externally-managed', 'install_data'], 'cwd': '/home/HwHiAiUser/wheeltec_ros2/src/wheeltec_gpio_control', 'env': {'SHELL': '/bin/bash', 'ROS_VERSION': '2', 'GTK_IM_MODULE': 'ibus', 'CONDA_EXE': '/usr/local/miniconda3/bin/conda', '_CE_M': '', 'COMPOSER_NO_INTERACTION': '1', 'ROS_PYTHON_VERSION': '3', 'MS_ENABLE_GE': '1', 'MX_SDK_HOME': '/home/HwHiAiUser/work/Mind_SDK/mxVision', 'VSCODE_SERVER_SHUTDOWN_TIMEOUT': '300', 'ELECTRON_RUN_AS_NODE': '1', 'XMODIFIERS': '@im=ibus', 'NPU_HOST_INC': '/usr/local/Ascend/ascend-toolkit/latest/runtime/include', 'NPU_HOST_LIB': '/usr/local/Ascend/ascend-toolkit/latest/runtime/lib64/stub/aarch64', 'PWD': '/home/HwHiAiUser/wheeltec_ros2/build/wheeltec_gpio_control', 'LOGNAME': 'HwHiAiUser', 'XDG_SESSION_TYPE': 'tty', 'VSCODE_ESM_ENTRYPOINT': 'vs/workbench/api/node/extensionHostProcess', 'MOTD_SHOWN': 'pam', 'GST_PLUGIN_SCANNER': '/home/HwHiAiUser/work/Mind_SDK/mxVision/opensource/libexec/gstreamer-1.0/gst-plugin-scanner', 'HOME': '/home/HwHiAiUser', 'LANG': 'C.UTF-8', 'LS_COLORS': '', 'FORCE_COLOR': '0', 'MS_DEV_FORCE_ACL': '1', 'AMENT_PREFIX_PATH': '/home/HwHiAiUser/wheeltec_ros2/install/yesense_std_ros2:/home/HwHiAiUser/wheeltec_ros2/install/yesense_interface:/home/HwHiAiUser/wheeltec_ros2/install/wheeltec_rviz2:/home/HwHiAiUser/wheeltec_ros2/install/wheeltec_robot_urdf:/home/HwHiAiUser/wheeltec_ros2/install/turn_on_wheeltec_robot:/home/HwHiAiUser/wheeltec_ros2/install/wheeltec_robot_msg:/home/HwHiAiUser/wheeltec_ros2/install/wheeltec_robot_keyboard:/home/HwHiAiUser/wheeltec_ros2/install/wheeltec_gpio_control:/home/HwHiAiUser/wheeltec_ros2/install/web_video_server:/home/HwHiAiUser/wheeltec_ros2/install/usb_cam:/home/HwHiAiUser/wheeltec_ros2/install/tf2_tools:/home/HwHiAiUser/wheeltec_ros2/install/serial:/home/HwHiAiUser/wheeltec_ros2/install/rplidar_ros:/home/HwHiAiUser/wheeltec_ros2/install/qt_robot_control:/home/HwHiAiUser/wheeltec_ros2/install/lslidar_driver:/home/HwHiAiUser/wheeltec_ros2/install/lslidar_msgs:/home/HwHiAiUser/wheeltec_ros2/install/ldlidar_stl_ros2:/home/HwHiAiUser/wheeltec_ros2/install/ldlidar_sl_ros2:/home/HwHiAiUser/wheeltec_ros2/install/ldlidar:/home/HwHiAiUser/wheeltec_ros2/install/astra_camera:/home/HwHiAiUser/wheeltec_ros2/install/astra_camera_msgs:/home/HwHiAiUser/wheeltec_ros2/install/ackermann_msgs:/opt/ros/humble', 'CMAKE_PREFIX_PATH': '/home/HwHiAiUser/wheeltec_ros2/install/yesense_std_ros2:/home/HwHiAiUser/wheeltec_ros2/install/yesense_interface:/home/HwHiAiUser/wheeltec_ros2/install/wheeltec_rviz2:/home/HwHiAiUser/wheeltec_ros2/install/wheeltec_robot_urdf:/home/HwHiAiUser/wheeltec_ros2/install/turn_on_wheeltec_robot:/home/HwHiAiUser/wheeltec_ros2/install/wheeltec_robot_msg:/home/HwHiAiUser/wheeltec_ros2/install/web_video_server:/home/HwHiAiUser/wheeltec_ros2/install/usb_cam:/home/HwHiAiUser/wheeltec_ros2/install/serial:/home/HwHiAiUser/wheeltec_ros2/install/rplidar_ros:/home/HwHiAiUser/wheeltec_ros2/install/qt_robot_control:/home/HwHiAiUser/wheeltec_ros2/install/lslidar_driver:/home/HwHiAiUser/wheeltec_ros2/install/lslidar_msgs:/home/HwHiAiUser/wheeltec_ros2/install/ldlidar_stl_ros2:/home/HwHiAiUser/wheeltec_ros2/install/ldlidar_sl_ros2:/home/HwHiAiUser/wheeltec_ros2/install/ldlidar:/home/HwHiAiUser/wheeltec_ros2/install/astra_camera:/home/HwHiAiUser/wheeltec_ros2/install/astra_camera_msgs:/home/HwHiAiUser/wheeltec_ros2/install/ackermann_msgs', 'VSCODE_AGENT_FOLDER': '/home/HwHiAiUser/.cursor-server', 'VSCODE_L10N_BUNDLE_LOCATION': 'vscode-local:/c%3A/Users/25914/.cursor/extensions/ms-ceintl.vscode-language-pack-zh-hans-1.99.0-universal/translations/extensions/vscode.markdown-language-features.i18n.json', 'COLCON_PREFIX_PATH': '/home/HwHiAiUser/wheeltec_ros2/install', 'SSH_CONNECTION': '10.158.222.23 14927 10.158.222.204 22', 'TOOLCHAIN_HOME': '/home/HwHiAiUser/Ascend/ascend-toolkit/latest/toolkit', 'ASCEND_TOOLKIT_HOME': '/home/HwHiAiUser/Ascend/ascend-toolkit/latest', 'CURSOR_AGENT': '1', 'LESSCLOSE': '/usr/bin/lesspipe %s %s', 'XDG_SESSION_CLASS': 'user', 'VSCODE_HANDLES_SIGPIPE': 'true', 'PYTHONPATH': '/home/HwHiAiUser/wheeltec_ros2/build/wheeltec_gpio_control/prefix_override:/usr/lib/python3/dist-packages/colcon_core/task/python/colcon_distutils_commands:/home/HwHiAiUser/wheeltec_ros2/install/wheeltec_gpio_control/lib/python3.10/site-packages:/home/HwHiAiUser/work/Mind_SDK/mxVision/python:/home/HwHiAiUser/Ascend/ascend-toolkit/latest/python/site-packages:/home/HwHiAiUser/Ascend/ascend-toolkit/latest/opp/built-in/op_impl/ai_core/tbe:/usr/local/Ascend/ascend-toolkit/latest/python/site-packages:/usr/local/Ascend/ascend-toolkit/latest/opp/built-in/op_impl/ai_core/tbe:/usr/local/Ascend/ascend-toolkit/laster/python/site-packages:/usr/local/Ascend/ascend-toolkit/laster/opp/built-in/op_impl/ai_core/tbe:/home/HwHiAiUser/work/Mind_SDK/mxVision/python:/home/HwHiAiUser/Ascend/ascend-toolkit/latest/python/site-packages:/home/HwHiAiUser/Ascend/ascend-toolkit/latest/opp/built-in/op_impl/ai_core/tbe:/home/HwHiAiUser/wheeltec_ros2/install/yesense_interface/local/lib/python3.10/dist-packages:/home/HwHiAiUser/wheeltec_ros2/install/turn_on_wheeltec_robot/local/lib/python3.10/dist-packages:/home/HwHiAiUser/wheeltec_ros2/install/wheeltec_robot_msg/local/lib/python3.10/dist-packages:/home/HwHiAiUser/wheeltec_ros2/install/wheeltec_robot_keyboard/lib/python3.10/site-packages:/home/HwHiAiUser/wheeltec_ros2/install/wheeltec_gpio_control/lib/python3.10/site-packages:/home/HwHiAiUser/wheeltec_ros2/install/tf2_tools/lib/python3.10/site-packages:/home/HwHiAiUser/wheeltec_ros2/install/lslidar_msgs/local/lib/python3.10/dist-packages:/home/HwHiAiUser/wheeltec_ros2/install/astra_camera_msgs/local/lib/python3.10/dist-packages:/home/HwHiAiUser/wheeltec_ros2/install/ackermann_msgs/local/lib/python3.10/dist-packages:/opt/ros/humble/lib/python3.10/site-packages:/opt/ros/humble/local/lib/python3.10/dist-packages:/usr/local/Ascend/ascend-toolkit/latest/python/site-packages:/usr/local/Ascend/ascend-toolkit/latest/opp/built-in/op_impl/ai_core/tbe:/usr/local/Ascend/ascend-toolkit/laster/python/site-packages:/usr/local/Ascend/ascend-toolkit/laster/opp/built-in/op_impl/ai_core/tbe:/usr/local/Ascend/ascend-toolkit/laster/python/site-packages:/usr/local/Ascend/ascend-toolkit/laster/opp/built-in/op_impl/ai_core/tbe:', 'COLCON': '1', 'TERM': 'dumb', '_CE_CONDA': '', 'ASCEND_CUSTOM_OPP_PATH': '/home/HwHiAiUser/work/Mind_SDK/mxVision/operators/ascendc/vendors/customize:/home/HwHiAiUser/work/Mind_SDK/mxVision/operators/ascendc/vendors/customize:', 'LESSOPEN': '| /usr/bin/lesspipe %s', 'USER': 'HwHiAiUser', 'CONDA_SHLVL': '0', 'SHLVL': '2', 'QT_IM_MODULE': 'ibus', 'VSCODE_CWD': '/home/HwHiAiUser', 'XDG_SESSION_ID': '7', 'NO_COLOR': '1', 'ASCEND_OPP_PATH': '/home/HwHiAiUser/Ascend/ascend-toolkit/latest/opp', 'GST_PLUGIN_PATH': '/home/HwHiAiUser/work/Mind_SDK/mxVision/opensource/lib/gstreamer-1.0:/home/HwHiAiUser/work/Mind_SDK/mxVision/lib/plugins', 'CONDA_PYTHON_EXE': '/usr/local/miniconda3/bin/python', 'LD_LIBRARY_PATH': '/usr/lib/aarch64-linux-gnu:/usr/lib:/home/HwHiAiUser/work/Mind_SDK/mxVision/operators/ascendc/vendors/customize/op_api/lib:/home/HwHiAiUser/work/Mind_SDK/mxVision/lib/modelpostprocessors:/home/HwHiAiUser/work/Mind_SDK/mxVision/lib:/home/HwHiAiUser/work/Mind_SDK/mxVision/opensource/lib:/home/HwHiAiUser/work/Mind_SDK/mxVision/opensource/lib64:/home/HwHiAiUser/Ascend/ascend-toolkit/latest/tools/aml/lib64:/home/HwHiAiUser/Ascend/ascend-toolkit/latest/tools/aml/lib64/plugin:/home/HwHiAiUser/Ascend/ascend-toolkit/latest/lib64:/home/HwHiAiUser/Ascend/ascend-toolkit/latest/lib64/plugin/opskernel:/home/HwHiAiUser/Ascend/ascend-toolkit/latest/lib64/plugin/nnengine:/home/HwHiAiUser/Ascend/ascend-toolkit/latest/opp/built-in/op_impl/ai_core/tbe/op_tiling/lib/linux/aarch64:/var/davinci/driver/lib64:/var/davinci/driver/lib64/common:/var/davinci/driver/lib64/driver:/usr/local/Ascend/ascend-toolkit/latest/tools/aml/lib64:/usr/local/Ascend/ascend-toolkit/latest/tools/aml/lib64/plugin:/usr/local/Ascend/ascend-toolkit/latest/lib64:/usr/local/Ascend/ascend-toolkit/latest/lib64/plugin/opskernel:/usr/local/Ascend/ascend-toolkit/latest/lib64/plugin/nnengine:/usr/local/Ascend/ascend-toolkit/latest/opp/built-in/op_impl/ai_core/tbe/op_tiling/lib/linux/aarch64:/lib64:/var/davinci/driver/lib64:/var/davinci/driver/lib64/common:/var/davinci/driver/lib64/driver:/usr/local/Ascend/ascend-toolkit/laster/runtime/lib64/stub/aarch64:/usr/local/Ascend/ascend-toolkit/laster/lib64:/usr/local/Ascend/ascend-toolkit/laster/lib64/plugin/opskernel:/usr/local/Ascend/ascend-toolkit/laster/lib64/plugin/nnengine:/usr/local/Ascend/ascend-toolkit/laster/opp/built-in/op_impl/ai_core/tbe/op_tiling:/usr/local/Ascend/driver/lib64:/var/davinci/driver/lib64:/var/davinci/driver/lib64/common:/var/davinci/driver/lib64/driver:/usr/lib/aarch64-linux-gnu:/usr/lib:/home/HwHiAiUser/work/Mind_SDK/mxVision/operators/ascendc/vendors/customize/op_api/lib:/home/HwHiAiUser/work/Mind_SDK/mxVision/lib/modelpostprocessors:/home/HwHiAiUser/work/Mind_SDK/mxVision/lib:/home/HwHiAiUser/work/Mind_SDK/mxVision/opensource/lib:/home/HwHiAiUser/work/Mind_SDK/mxVision/opensource/lib64:/home/HwHiAiUser/Ascend/ascend-toolkit/latest/tools/aml/lib64:/home/HwHiAiUser/Ascend/ascend-toolkit/latest/tools/aml/lib64/plugin:/home/HwHiAiUser/Ascend/ascend-toolkit/latest/lib64:/home/HwHiAiUser/Ascend/ascend-toolkit/latest/lib64/plugin/opskernel:/home/HwHiAiUser/Ascend/ascend-toolkit/latest/lib64/plugin/nnengine:/home/HwHiAiUser/Ascend/ascend-toolkit/latest/opp/built-in/op_impl/ai_core/tbe/op_tiling/lib/linux/aarch64:/var/davinci/driver/lib64:/var/davinci/driver/lib64/common:/var/davinci/driver/lib64/driver:/home/HwHiAiUser/wheeltec_ros2/install/yesense_interface/lib:/home/HwHiAiUser/wheeltec_ros2/install/turn_on_wheeltec_robot/lib:/home/HwHiAiUser/wheeltec_ros2/install/wheeltec_robot_msg/lib:/home/HwHiAiUser/wheeltec_ros2/install/usb_cam/lib:/home/HwHiAiUser/wheeltec_ros2/install/serial/lib:/home/HwHiAiUser/wheeltec_ros2/install/lslidar_msgs/lib:/home/HwHiAiUser/wheeltec_ros2/install/astra_camera/lib:/home/HwHiAiUser/wheeltec_ros2/install/astra_camera_msgs/lib:/home/HwHiAiUser/wheeltec_ros2/install/ackermann_msgs/lib:/opt/ros/humble/opt/rviz_ogre_vendor/lib:/opt/ros/humble/lib/aarch64-linux-gnu:/opt/ros/humble/lib:/usr/local/Ascend/ascend-toolkit/latest/tools/aml/lib64:/usr/local/Ascend/ascend-toolkit/latest/tools/aml/lib64/plugin:/usr/local/Ascend/ascend-toolkit/latest/lib64:/usr/local/Ascend/ascend-toolkit/latest/lib64/plugin/opskernel:/usr/local/Ascend/ascend-toolkit/latest/lib64/plugin/nnengine:/usr/local/Ascend/ascend-toolkit/latest/opp/built-in/op_impl/ai_core/tbe/op_tiling/lib/linux/aarch64:/lib64:/var/davinci/driver/lib64:/var/davinci/driver/lib64/common:/var/davinci/driver/lib64/driver:/usr/local/Ascend/ascend-toolkit/laster/runtime/lib64/stub/aarch64:/usr/local/Ascend/ascend-toolkit/laster/lib64:/usr/local/Ascend/ascend-toolkit/laster/lib64/plugin/opskernel:/usr/local/Ascend/ascend-toolkit/laster/lib64/plugin/nnengine:/usr/local/Ascend/ascend-toolkit/laster/opp/built-in/op_impl/ai_core/tbe/op_tiling:/usr/local/Ascend/driver/lib64:/var/davinci/driver/lib64:/var/davinci/driver/lib64/common:/var/davinci/driver/lib64/driver:/usr/local/Ascend/ascend-toolkit/laster/runtime/lib64/stub/aarch64:/usr/local/Ascend/ascend-toolkit/laster/lib64:/usr/local/Ascend/ascend-toolkit/laster/lib64/plugin/opskernel:/usr/local/Ascend/ascend-toolkit/laster/lib64/plugin/nnengine:/usr/local/Ascend/ascend-toolkit/laster/opp/built-in/op_impl/ai_core/tbe/op_tiling:/usr/local/Ascend/driver/lib64:/var/davinci/driver/lib64:/var/davinci/driver/lib64/common:/var/davinci/driver/lib64/driver:', 'ASCEND_AICPU_PATH': '/home/HwHiAiUser/Ascend/ascend-toolkit/latest', 'XDG_RUNTIME_DIR': '/run/user/1000', 'ROS_LOCALHOST_ONLY': '0', 'SSH_CLIENT': '10.158.222.23 14927 22', 'XDG_DATA_DIRS': '/usr/share/gnome:/usr/local/share:/usr/share:/var/lib/snapd/desktop', 'BROWSER': '/home/HwHiAiUser/.cursor-server/bin/7236ee799a5bffd9f28fa4fd18bdc6eab5e08df0/bin/helpers/browser.sh', 'PATH': '/home/HwHiAiUser/.local/bin:/home/HwHiAiUser/Ascend/ascend-toolkit/latest/bin:/home/HwHiAiUser/Ascend/ascend-toolkit/latest/compiler/ccec_compiler/bin:/home/HwHiAiUser/Ascend/ascend-toolkit/latest/tools/ccec_compiler/bin:/usr/local/Ascend/ascend-toolkit/latest/bin:/usr/local/Ascend/ascend-toolkit/latest/compiler/ccec_compiler/bin:/usr/local/Ascend/ascend-toolkit/latest/tools/ccec_compiler/bin:/usr/local/Ascend/ascend-toolkit/laster/bin:/usr/local/Ascend/ascend-toolkit/laster/compiler/ccec_compiler/bin:/home/HwHiAiUser/.cursor-server/bin/7236ee799a5bffd9f28fa4fd18bdc6eab5e08df0/bin/remote-cli:/home/HwHiAiUser/.local/bin:/home/HwHiAiUser/Ascend/ascend-toolkit/latest/bin:/home/HwHiAiUser/Ascend/ascend-toolkit/latest/compiler/ccec_compiler/bin:/home/HwHiAiUser/Ascend/ascend-toolkit/latest/tools/ccec_compiler/bin:/opt/ros/humble/bin:/usr/local/Ascend/ascend-toolkit/latest/bin:/usr/local/Ascend/ascend-toolkit/latest/compiler/ccec_compiler/bin:/usr/local/Ascend/ascend-toolkit/latest/tools/ccec_compiler/bin:/usr/local/miniconda3/condabin:/usr/local/Ascend/ascend-toolkit/laster/bin:/usr/local/Ascend/ascend-toolkit/laster/compiler/ccec_compiler/bin:/home/HwHiAiUser/.cursor-server/bin/7236ee799a5bffd9f28fa4fd18bdc6eab5e08df0/bin/remote-cli:/home/HwHiAiUser/.local/bin:/usr/local/Ascend/ascend-toolkit/laster/bin:/usr/local/Ascend/ascend-toolkit/laster/compiler/ccec_compiler/bin:/usr/local/sbin:/usr/local/bin:/usr/sbin:/usr/bin:/sbin:/bin:/usr/games:/usr/local/games:/snap/bin:/home/HwHiAiUser/.fishros/bin/:/home/HwHiAiUser/.fishros/bin/', 'ASCEND_HOME_PATH': '/home/HwHiAiUser/Ascend/ascend-toolkit/latest', 'DBUS_SESSION_BUS_ADDRESS': 'unix:path=/run/user/1000/bus', 'VSCODE_NLS_CONFIG': '{"userLocale":"zh-cn","osLocale":"zh-cn","resolvedLanguage":"en","defaultMessagesFile":"/home/HwHiAiUser/.cursor-server/bin/7236ee799a5bffd9f28fa4fd18bdc6eab5e08df0/out/nls.messages.json","locale":"zh-cn","availableLanguages":{}}', 'ROS_DISTRO': 'humble', 'VSCODE_HANDLES_UNCAUGHT_ERRORS': 'true', 'OLDPWD': '/home/HwHiAiUser', 'VSCODE_IPC_HOOK_CLI': '/run/user/1000/vscode-ipc-1c645065-3a72-43ae-9b0c-f679d2e25de8.sock', '_': '/usr/bin/env'}, 'shell': False}
[1.907129] (-) TimerEvent: {}
[2.007554] (-) TimerEvent: {}
[2.107928] (-) TimerEvent: {}
[2.208358] (-) TimerEvent: {}
[2.308694] (-) TimerEvent: {}
[2.409022] (-) TimerEvent: {}
[2.465562] (wheeltec_gpio_control) StderrLine: {'line': b"/usr/lib/python3/dist-packages/setuptools/dist.py:723: UserWarning: Usage of dash-separated 'script-dir' will not be supported in future versions. Please use the underscore name 'script_dir' instead\n"}
[2.466208] (wheeltec_gpio_control) StderrLine: {'line': b'  warnings.warn(\n'}
[2.490411] (wheeltec_gpio_control) StdoutLine: {'line': b'running egg_info\n'}
[2.492517] (wheeltec_gpio_control) StdoutLine: {'line': b'writing ../../build/wheeltec_gpio_control/wheeltec_gpio_control.egg-info/PKG-INFO\n'}
[2.493326] (wheeltec_gpio_control) StdoutLine: {'line': b'writing dependency_links to ../../build/wheeltec_gpio_control/wheeltec_gpio_control.egg-info/dependency_links.txt\n'}
[2.493958] (wheeltec_gpio_control) StdoutLine: {'line': b'writing entry points to ../../build/wheeltec_gpio_control/wheeltec_gpio_control.egg-info/entry_points.txt\n'}
[2.494521] (wheeltec_gpio_control) StdoutLine: {'line': b'writing requirements to ../../build/wheeltec_gpio_control/wheeltec_gpio_control.egg-info/requires.txt\n'}
[2.494930] (wheeltec_gpio_control) StdoutLine: {'line': b'writing top-level names to ../../build/wheeltec_gpio_control/wheeltec_gpio_control.egg-info/top_level.txt\n'}
[2.499604] (wheeltec_gpio_control) StdoutLine: {'line': b"reading manifest file '../../build/wheeltec_gpio_control/wheeltec_gpio_control.egg-info/SOURCES.txt'\n"}
[2.502177] (wheeltec_gpio_control) StdoutLine: {'line': b"writing manifest file '../../build/wheeltec_gpio_control/wheeltec_gpio_control.egg-info/SOURCES.txt'\n"}
[2.502674] (wheeltec_gpio_control) StdoutLine: {'line': b'running build\n'}
[2.502879] (wheeltec_gpio_control) StdoutLine: {'line': b'running build_py\n'}
[2.503277] (wheeltec_gpio_control) StdoutLine: {'line': b'copying wheeltec_gpio_control/gpio_control_node.py -> /home/HwHiAiUser/wheeltec_ros2/build/wheeltec_gpio_control/build/lib/wheeltec_gpio_control\n'}
[2.504674] (wheeltec_gpio_control) StdoutLine: {'line': b'running install\n'}
[2.505536] (wheeltec_gpio_control) StdoutLine: {'line': b'running install_lib\n'}
[2.507396] (wheeltec_gpio_control) StdoutLine: {'line': b'copying /home/HwHiAiUser/wheeltec_ros2/build/wheeltec_gpio_control/build/lib/wheeltec_gpio_control/gpio_control_node.py -> /home/HwHiAiUser/wheeltec_ros2/install/wheeltec_gpio_control/lib/python3.10/site-packages/wheeltec_gpio_control\n'}
[2.509097] (-) TimerEvent: {}
[2.509395] (wheeltec_gpio_control) StdoutLine: {'line': b'byte-compiling /home/HwHiAiUser/wheeltec_ros2/install/wheeltec_gpio_control/lib/python3.10/site-packages/wheeltec_gpio_control/gpio_control_node.py to gpio_control_node.cpython-310.pyc\n'}
[2.514043] (wheeltec_gpio_control) StdoutLine: {'line': b'running install_data\n'}
[2.514565] (wheeltec_gpio_control) StdoutLine: {'line': b'running install_egg_info\n'}
[2.519479] (wheeltec_gpio_control) StdoutLine: {'line': b"removing '/home/HwHiAiUser/wheeltec_ros2/install/wheeltec_gpio_control/lib/python3.10/site-packages/wheeltec_gpio_control-0.0.1-py3.10.egg-info' (and everything under it)\n"}
[2.520330] (wheeltec_gpio_control) StdoutLine: {'line': b'Copying ../../build/wheeltec_gpio_control/wheeltec_gpio_control.egg-info to /home/HwHiAiUser/wheeltec_ros2/install/wheeltec_gpio_control/lib/python3.10/site-packages/wheeltec_gpio_control-0.0.1-py3.10.egg-info\n'}
[2.522397] (wheeltec_gpio_control) StdoutLine: {'line': b'running install_scripts\n'}
[2.585211] (wheeltec_gpio_control) StdoutLine: {'line': b'Installing gpio_control_node script to /home/HwHiAiUser/wheeltec_ros2/install/wheeltec_gpio_control/lib/wheeltec_gpio_control\n'}
[2.586319] (wheeltec_gpio_control) StdoutLine: {'line': b"writing list of installed files to '/home/HwHiAiUser/wheeltec_ros2/build/wheeltec_gpio_control/install.log'\n"}
[2.609296] (-) TimerEvent: {}
[2.690942] (wheeltec_gpio_control) CommandEnded: {'returncode': 0}
[2.709536] (-) TimerEvent: {}
[2.730734] (wheeltec_gpio_control) JobEnded: {'identifier': 'wheeltec_gpio_control', 'rc': 0}
[2.732531] (-) EventReactorShutdown: {}
