[0.000000] (-) TimerEvent: {}
[0.001734] (-) JobUnselected: {'identifier': 'ackermann_msgs'}
[0.002240] (-) JobUnselected: {'identifier': 'astra_camera'}
[0.002828] (-) JobUnselected: {'identifier': 'astra_camera_msgs'}
[0.003111] (-) JobUnselected: {'identifier': 'ldlidar'}
[0.003457] (-) JobUnselected: {'identifier': 'ldlidar_sl_ros2'}
[0.003592] (-) JobUnselected: {'identifier': 'ldlidar_stl_ros2'}
[0.003746] (-) JobUnselected: {'identifier': 'lslidar_driver'}
[0.004086] (-) JobUnselected: {'identifier': 'lslidar_msgs'}
[0.004215] (-) JobUnselected: {'identifier': 'rplidar_ros'}
[0.004295] (-) JobUnselected: {'identifier': 'serial'}
[0.004371] (-) JobUnselected: {'identifier': 'tf2_tools'}
[0.004445] (-) JobUnselected: {'identifier': 'turn_on_wheeltec_robot'}
[0.004517] (-) JobUnselected: {'identifier': 'usb_cam'}
[0.004585] (-) JobUnselected: {'identifier': 'web_video_server'}
[0.004654] (-) JobUnselected: {'identifier': 'wheeltec_gpio_control'}
[0.004721] (-) JobUnselected: {'identifier': 'wheeltec_robot_keyboard'}
[0.004814] (-) JobUnselected: {'identifier': 'wheeltec_robot_msg'}
[0.004872] (-) JobUnselected: {'identifier': 'wheeltec_robot_urdf'}
[0.005015] (-) JobUnselected: {'identifier': 'wheeltec_rviz2'}
[0.005158] (-) JobUnselected: {'identifier': 'yesense_interface'}
[0.005257] (-) JobUnselected: {'identifier': 'yesense_std_ros2'}
[0.005352] (qt_robot_control) JobQueued: {'identifier': 'qt_robot_control', 'dependencies': OrderedDict()}
[0.005431] (qt_robot_control) JobStarted: {'identifier': 'qt_robot_control'}
[0.030325] (qt_robot_control) JobProgress: {'identifier': 'qt_robot_control', 'progress': 'cmake'}
[0.033353] (qt_robot_control) JobProgress: {'identifier': 'qt_robot_control', 'progress': 'build'}
[0.036177] (qt_robot_control) Command: {'cmd': ['/usr/bin/cmake', '--build', '/home/HwHiAiUser/wheeltec_ros2/build/qt_robot_control', '--', '-j4', '-l4'], 'cwd': '/home/HwHiAiUser/wheeltec_ros2/build/qt_robot_control', 'env': OrderedDict([('SHELL', '/bin/bash'), ('ROS_VERSION', '2'), ('GTK_IM_MODULE', 'ibus'), ('CONDA_EXE', '/usr/local/miniconda3/bin/conda'), ('_CE_M', ''), ('COMPOSER_NO_INTERACTION', '1'), ('ROS_PYTHON_VERSION', '3'), ('MS_ENABLE_GE', '1'), ('MX_SDK_HOME', '/home/HwHiAiUser/work/Mind_SDK/mxVision'), ('VSCODE_SERVER_SHUTDOWN_TIMEOUT', '300'), ('ELECTRON_RUN_AS_NODE', '1'), ('XMODIFIERS', '@im=ibus'), ('NPU_HOST_INC', '/usr/local/Ascend/ascend-toolkit/latest/runtime/include'), ('NPU_HOST_LIB', '/usr/local/Ascend/ascend-toolkit/latest/runtime/lib64/stub/aarch64'), ('PWD', '/home/HwHiAiUser/wheeltec_ros2/build/qt_robot_control'), ('LOGNAME', 'HwHiAiUser'), ('XDG_SESSION_TYPE', 'tty'), ('VSCODE_ESM_ENTRYPOINT', 'vs/workbench/api/node/extensionHostProcess'), ('MOTD_SHOWN', 'pam'), ('GST_PLUGIN_SCANNER', '/home/HwHiAiUser/work/Mind_SDK/mxVision/opensource/libexec/gstreamer-1.0/gst-plugin-scanner'), ('HOME', '/home/HwHiAiUser'), ('LANG', 'C.UTF-8'), ('LS_COLORS', ''), ('FORCE_COLOR', '0'), ('MS_DEV_FORCE_ACL', '1'), ('AMENT_PREFIX_PATH', '/home/HwHiAiUser/wheeltec_ros2/install/yesense_std_ros2:/home/HwHiAiUser/wheeltec_ros2/install/yesense_interface:/home/HwHiAiUser/wheeltec_ros2/install/wheeltec_rviz2:/home/HwHiAiUser/wheeltec_ros2/install/wheeltec_robot_urdf:/home/HwHiAiUser/wheeltec_ros2/install/turn_on_wheeltec_robot:/home/HwHiAiUser/wheeltec_ros2/install/wheeltec_robot_msg:/home/HwHiAiUser/wheeltec_ros2/install/wheeltec_robot_keyboard:/home/HwHiAiUser/wheeltec_ros2/install/wheeltec_gpio_control:/home/HwHiAiUser/wheeltec_ros2/install/web_video_server:/home/HwHiAiUser/wheeltec_ros2/install/usb_cam:/home/HwHiAiUser/wheeltec_ros2/install/tf2_tools:/home/HwHiAiUser/wheeltec_ros2/install/serial:/home/HwHiAiUser/wheeltec_ros2/install/rplidar_ros:/home/HwHiAiUser/wheeltec_ros2/install/lslidar_driver:/home/HwHiAiUser/wheeltec_ros2/install/lslidar_msgs:/home/HwHiAiUser/wheeltec_ros2/install/ldlidar_stl_ros2:/home/HwHiAiUser/wheeltec_ros2/install/ldlidar_sl_ros2:/home/HwHiAiUser/wheeltec_ros2/install/ldlidar:/home/HwHiAiUser/wheeltec_ros2/install/astra_camera:/home/HwHiAiUser/wheeltec_ros2/install/astra_camera_msgs:/home/HwHiAiUser/wheeltec_ros2/install/ackermann_msgs:/opt/ros/humble'), ('CMAKE_PREFIX_PATH', '/home/HwHiAiUser/wheeltec_ros2/install/yesense_std_ros2:/home/HwHiAiUser/wheeltec_ros2/install/yesense_interface:/home/HwHiAiUser/wheeltec_ros2/install/wheeltec_rviz2:/home/HwHiAiUser/wheeltec_ros2/install/wheeltec_robot_urdf:/home/HwHiAiUser/wheeltec_ros2/install/turn_on_wheeltec_robot:/home/HwHiAiUser/wheeltec_ros2/install/wheeltec_robot_msg:/home/HwHiAiUser/wheeltec_ros2/install/web_video_server:/home/HwHiAiUser/wheeltec_ros2/install/usb_cam:/home/HwHiAiUser/wheeltec_ros2/install/serial:/home/HwHiAiUser/wheeltec_ros2/install/rplidar_ros:/home/HwHiAiUser/wheeltec_ros2/install/lslidar_driver:/home/HwHiAiUser/wheeltec_ros2/install/lslidar_msgs:/home/HwHiAiUser/wheeltec_ros2/install/ldlidar_stl_ros2:/home/HwHiAiUser/wheeltec_ros2/install/ldlidar_sl_ros2:/home/HwHiAiUser/wheeltec_ros2/install/ldlidar:/home/HwHiAiUser/wheeltec_ros2/install/astra_camera:/home/HwHiAiUser/wheeltec_ros2/install/astra_camera_msgs:/home/HwHiAiUser/wheeltec_ros2/install/ackermann_msgs:/home/HwHiAiUser/wheeltec_ros2/install/wheeltec_robot_keyboard:/home/HwHiAiUser/wheeltec_ros2/install/wheeltec_gpio_control:/home/HwHiAiUser/wheeltec_ros2/install/tf2_tools:/opt/ros/humble'), ('VSCODE_AGENT_FOLDER', '/home/HwHiAiUser/.cursor-server'), ('VSCODE_L10N_BUNDLE_LOCATION', 'vscode-local:/c%3A/Users/25914/.cursor/extensions/ms-ceintl.vscode-language-pack-zh-hans-1.99.0-universal/translations/extensions/vscode.json-language-features.i18n.json'), ('COLCON_PREFIX_PATH', '/home/HwHiAiUser/wheeltec_ros2/install'), ('SSH_CONNECTION', '10.248.102.23 12022 10.248.102.204 22'), ('TOOLCHAIN_HOME', '/home/HwHiAiUser/Ascend/ascend-toolkit/latest/toolkit'), ('ASCEND_TOOLKIT_HOME', '/home/HwHiAiUser/Ascend/ascend-toolkit/latest'), ('CURSOR_AGENT', '1'), ('LESSCLOSE', '/usr/bin/lesspipe %s %s'), ('XDG_SESSION_CLASS', 'user'), ('VSCODE_HANDLES_SIGPIPE', 'true'), ('PYTHONPATH', '/home/HwHiAiUser/work/Mind_SDK/mxVision/python:/home/HwHiAiUser/Ascend/ascend-toolkit/latest/python/site-packages:/home/HwHiAiUser/Ascend/ascend-toolkit/latest/opp/built-in/op_impl/ai_core/tbe:/home/HwHiAiUser/wheeltec_ros2/install/yesense_interface/local/lib/python3.10/dist-packages:/home/HwHiAiUser/wheeltec_ros2/install/turn_on_wheeltec_robot/local/lib/python3.10/dist-packages:/home/HwHiAiUser/wheeltec_ros2/install/wheeltec_robot_msg/local/lib/python3.10/dist-packages:/home/HwHiAiUser/wheeltec_ros2/install/wheeltec_robot_keyboard/lib/python3.10/site-packages:/home/HwHiAiUser/wheeltec_ros2/install/wheeltec_gpio_control/lib/python3.10/site-packages:/home/HwHiAiUser/wheeltec_ros2/install/tf2_tools/lib/python3.10/site-packages:/home/HwHiAiUser/wheeltec_ros2/install/lslidar_msgs/local/lib/python3.10/dist-packages:/home/HwHiAiUser/wheeltec_ros2/install/astra_camera_msgs/local/lib/python3.10/dist-packages:/home/HwHiAiUser/wheeltec_ros2/install/ackermann_msgs/local/lib/python3.10/dist-packages:/opt/ros/humble/lib/python3.10/site-packages:/opt/ros/humble/local/lib/python3.10/dist-packages:/usr/local/Ascend/ascend-toolkit/latest/python/site-packages:/usr/local/Ascend/ascend-toolkit/latest/opp/built-in/op_impl/ai_core/tbe:/usr/local/Ascend/ascend-toolkit/laster/python/site-packages:/usr/local/Ascend/ascend-toolkit/laster/opp/built-in/op_impl/ai_core/tbe:/usr/local/Ascend/ascend-toolkit/laster/python/site-packages:/usr/local/Ascend/ascend-toolkit/laster/opp/built-in/op_impl/ai_core/tbe:'), ('COLCON', '1'), ('TERM', 'dumb'), ('_CE_CONDA', ''), ('ASCEND_CUSTOM_OPP_PATH', '/home/HwHiAiUser/work/Mind_SDK/mxVision/operators/ascendc/vendors/customize:'), ('LESSOPEN', '| /usr/bin/lesspipe %s'), ('USER', 'HwHiAiUser'), ('CONDA_SHLVL', '0'), ('SHLVL', '2'), ('QT_IM_MODULE', 'ibus'), ('VSCODE_CWD', '/home/HwHiAiUser'), ('XDG_SESSION_ID', '7'), ('NO_COLOR', '1'), ('ASCEND_OPP_PATH', '/home/HwHiAiUser/Ascend/ascend-toolkit/latest/opp'), ('GST_PLUGIN_PATH', '/home/HwHiAiUser/work/Mind_SDK/mxVision/opensource/lib/gstreamer-1.0:/home/HwHiAiUser/work/Mind_SDK/mxVision/lib/plugins'), ('CONDA_PYTHON_EXE', '/usr/local/miniconda3/bin/python'), ('LD_LIBRARY_PATH', '/usr/lib/aarch64-linux-gnu:/usr/lib:/home/HwHiAiUser/work/Mind_SDK/mxVision/operators/ascendc/vendors/customize/op_api/lib:/home/HwHiAiUser/work/Mind_SDK/mxVision/lib/modelpostprocessors:/home/HwHiAiUser/work/Mind_SDK/mxVision/lib:/home/HwHiAiUser/work/Mind_SDK/mxVision/opensource/lib:/home/HwHiAiUser/work/Mind_SDK/mxVision/opensource/lib64:/home/HwHiAiUser/Ascend/ascend-toolkit/latest/tools/aml/lib64:/home/HwHiAiUser/Ascend/ascend-toolkit/latest/tools/aml/lib64/plugin:/home/HwHiAiUser/Ascend/ascend-toolkit/latest/lib64:/home/HwHiAiUser/Ascend/ascend-toolkit/latest/lib64/plugin/opskernel:/home/HwHiAiUser/Ascend/ascend-toolkit/latest/lib64/plugin/nnengine:/home/HwHiAiUser/Ascend/ascend-toolkit/latest/opp/built-in/op_impl/ai_core/tbe/op_tiling/lib/linux/aarch64:/var/davinci/driver/lib64:/var/davinci/driver/lib64/common:/var/davinci/driver/lib64/driver:/home/HwHiAiUser/wheeltec_ros2/install/yesense_interface/lib:/home/HwHiAiUser/wheeltec_ros2/install/turn_on_wheeltec_robot/lib:/home/HwHiAiUser/wheeltec_ros2/install/wheeltec_robot_msg/lib:/home/HwHiAiUser/wheeltec_ros2/install/usb_cam/lib:/home/HwHiAiUser/wheeltec_ros2/install/serial/lib:/home/HwHiAiUser/wheeltec_ros2/install/lslidar_msgs/lib:/home/HwHiAiUser/wheeltec_ros2/install/astra_camera/lib:/home/HwHiAiUser/wheeltec_ros2/install/astra_camera_msgs/lib:/home/HwHiAiUser/wheeltec_ros2/install/ackermann_msgs/lib:/opt/ros/humble/opt/rviz_ogre_vendor/lib:/opt/ros/humble/lib/aarch64-linux-gnu:/opt/ros/humble/lib:/usr/local/Ascend/ascend-toolkit/latest/tools/aml/lib64:/usr/local/Ascend/ascend-toolkit/latest/tools/aml/lib64/plugin:/usr/local/Ascend/ascend-toolkit/latest/lib64:/usr/local/Ascend/ascend-toolkit/latest/lib64/plugin/opskernel:/usr/local/Ascend/ascend-toolkit/latest/lib64/plugin/nnengine:/usr/local/Ascend/ascend-toolkit/latest/opp/built-in/op_impl/ai_core/tbe/op_tiling/lib/linux/aarch64:/lib64:/var/davinci/driver/lib64:/var/davinci/driver/lib64/common:/var/davinci/driver/lib64/driver:/usr/local/Ascend/ascend-toolkit/laster/runtime/lib64/stub/aarch64:/usr/local/Ascend/ascend-toolkit/laster/lib64:/usr/local/Ascend/ascend-toolkit/laster/lib64/plugin/opskernel:/usr/local/Ascend/ascend-toolkit/laster/lib64/plugin/nnengine:/usr/local/Ascend/ascend-toolkit/laster/opp/built-in/op_impl/ai_core/tbe/op_tiling:/usr/local/Ascend/driver/lib64:/var/davinci/driver/lib64:/var/davinci/driver/lib64/common:/var/davinci/driver/lib64/driver:/usr/local/Ascend/ascend-toolkit/laster/runtime/lib64/stub/aarch64:/usr/local/Ascend/ascend-toolkit/laster/lib64:/usr/local/Ascend/ascend-toolkit/laster/lib64/plugin/opskernel:/usr/local/Ascend/ascend-toolkit/laster/lib64/plugin/nnengine:/usr/local/Ascend/ascend-toolkit/laster/opp/built-in/op_impl/ai_core/tbe/op_tiling:/usr/local/Ascend/driver/lib64:/var/davinci/driver/lib64:/var/davinci/driver/lib64/common:/var/davinci/driver/lib64/driver:'), ('ASCEND_AICPU_PATH', '/home/HwHiAiUser/Ascend/ascend-toolkit/latest'), ('XDG_RUNTIME_DIR', '/run/user/1000'), ('ROS_LOCALHOST_ONLY', '0'), ('SSH_CLIENT', '10.248.102.23 12022 22'), ('XDG_DATA_DIRS', '/usr/share/gnome:/usr/local/share:/usr/share:/var/lib/snapd/desktop'), ('BROWSER', '/home/HwHiAiUser/.cursor-server/bin/7236ee799a5bffd9f28fa4fd18bdc6eab5e08df0/bin/helpers/browser.sh'), ('PATH', '/home/HwHiAiUser/.local/bin:/home/HwHiAiUser/Ascend/ascend-toolkit/latest/bin:/home/HwHiAiUser/Ascend/ascend-toolkit/latest/compiler/ccec_compiler/bin:/home/HwHiAiUser/Ascend/ascend-toolkit/latest/tools/ccec_compiler/bin:/opt/ros/humble/bin:/usr/local/Ascend/ascend-toolkit/latest/bin:/usr/local/Ascend/ascend-toolkit/latest/compiler/ccec_compiler/bin:/usr/local/Ascend/ascend-toolkit/latest/tools/ccec_compiler/bin:/usr/local/miniconda3/condabin:/usr/local/Ascend/ascend-toolkit/laster/bin:/usr/local/Ascend/ascend-toolkit/laster/compiler/ccec_compiler/bin:/home/HwHiAiUser/.cursor-server/bin/7236ee799a5bffd9f28fa4fd18bdc6eab5e08df0/bin/remote-cli:/home/HwHiAiUser/.cursor-server/bin/7236ee799a5bffd9f28fa4fd18bdc6eab5e08df0/bin/remote-cli:/home/HwHiAiUser/.local/bin:/usr/local/Ascend/ascend-toolkit/laster/bin:/usr/local/Ascend/ascend-toolkit/laster/compiler/ccec_compiler/bin:/usr/local/sbin:/usr/local/bin:/usr/sbin:/usr/bin:/sbin:/bin:/usr/games:/usr/local/games:/snap/bin:/home/HwHiAiUser/.fishros/bin/'), ('ASCEND_HOME_PATH', '/home/HwHiAiUser/Ascend/ascend-toolkit/latest'), ('DBUS_SESSION_BUS_ADDRESS', 'unix:path=/run/user/1000/bus'), ('VSCODE_NLS_CONFIG', '{"userLocale":"zh-cn","osLocale":"zh-cn","resolvedLanguage":"en","defaultMessagesFile":"/home/HwHiAiUser/.cursor-server/bin/7236ee799a5bffd9f28fa4fd18bdc6eab5e08df0/out/nls.messages.json","locale":"zh-cn","availableLanguages":{}}'), ('ROS_DISTRO', 'humble'), ('VSCODE_HANDLES_UNCAUGHT_ERRORS', 'true'), ('OLDPWD', '/home/HwHiAiUser/wheeltec_ros2'), ('VSCODE_IPC_HOOK_CLI', '/run/user/1000/vscode-ipc-98642f8e-2152-44c8-8bc5-3c3283fefe37.sock'), ('_', '/usr/bin/env')]), 'shell': False}
[0.098904] (-) TimerEvent: {}
[0.140064] (qt_robot_control) StdoutLine: {'line': b'[ 11%] Automatic MOC and UIC for target qt_robot_control\n'}
[0.189233] (qt_robot_control) StdoutLine: {'line': b'[ 11%] Built target qt_robot_control_autogen\n'}
[0.199043] (-) TimerEvent: {}
[0.272005] (qt_robot_control) StdoutLine: {'line': b'Consolidate compiler generated dependencies of target qt_robot_control\n'}
[0.299209] (-) TimerEvent: {}
[0.313883] (qt_robot_control) StdoutLine: {'line': b'[ 22%] Building CXX object CMakeFiles/qt_robot_control.dir/src/MainWindow.cpp.o\n'}
[0.399436] (-) TimerEvent: {}
[0.499829] (-) TimerEvent: {}
[0.600214] (-) TimerEvent: {}
[0.700593] (-) TimerEvent: {}
[0.800973] (-) TimerEvent: {}
[0.901351] (-) TimerEvent: {}
[1.001734] (-) TimerEvent: {}
[1.102136] (-) TimerEvent: {}
[1.202537] (-) TimerEvent: {}
[1.302942] (-) TimerEvent: {}
[1.403424] (-) TimerEvent: {}
[1.503827] (-) TimerEvent: {}
[1.604215] (-) TimerEvent: {}
[1.704602] (-) TimerEvent: {}
[1.804988] (-) TimerEvent: {}
[1.905484] (-) TimerEvent: {}
[2.005869] (-) TimerEvent: {}
[2.106310] (-) TimerEvent: {}
[2.206721] (-) TimerEvent: {}
[2.307132] (-) TimerEvent: {}
[2.407623] (-) TimerEvent: {}
[2.508051] (-) TimerEvent: {}
[2.608455] (-) TimerEvent: {}
[2.708841] (-) TimerEvent: {}
[2.809221] (-) TimerEvent: {}
[2.909577] (-) TimerEvent: {}
[3.009993] (-) TimerEvent: {}
[3.110392] (-) TimerEvent: {}
[3.210801] (-) TimerEvent: {}
[3.311190] (-) TimerEvent: {}
[3.412056] (-) TimerEvent: {}
[3.512459] (-) TimerEvent: {}
[3.612869] (-) TimerEvent: {}
[3.713302] (-) TimerEvent: {}
[3.813701] (-) TimerEvent: {}
[3.914078] (-) TimerEvent: {}
[4.014462] (-) TimerEvent: {}
[4.114850] (-) TimerEvent: {}
[4.215251] (-) TimerEvent: {}
[4.315734] (-) TimerEvent: {}
[4.416147] (-) TimerEvent: {}
[4.516581] (-) TimerEvent: {}
[4.616997] (-) TimerEvent: {}
[4.717410] (-) TimerEvent: {}
[4.817820] (-) TimerEvent: {}
[4.918223] (-) TimerEvent: {}
[5.018610] (-) TimerEvent: {}
[5.119010] (-) TimerEvent: {}
[5.219455] (-) TimerEvent: {}
[5.319864] (-) TimerEvent: {}
[5.420232] (-) TimerEvent: {}
[5.520614] (-) TimerEvent: {}
[5.620993] (-) TimerEvent: {}
[5.721364] (-) TimerEvent: {}
[5.821750] (-) TimerEvent: {}
[5.922127] (-) TimerEvent: {}
[6.022530] (-) TimerEvent: {}
[6.122914] (-) TimerEvent: {}
[6.223354] (-) TimerEvent: {}
[6.323753] (-) TimerEvent: {}
[6.424154] (-) TimerEvent: {}
[6.524578] (-) TimerEvent: {}
[6.625000] (-) TimerEvent: {}
[6.725376] (-) TimerEvent: {}
[6.825762] (-) TimerEvent: {}
[6.926141] (-) TimerEvent: {}
[7.026517] (-) TimerEvent: {}
[7.126907] (-) TimerEvent: {}
[7.227367] (-) TimerEvent: {}
[7.327737] (-) TimerEvent: {}
[7.428099] (-) TimerEvent: {}
[7.528472] (-) TimerEvent: {}
[7.628855] (-) TimerEvent: {}
[7.729220] (-) TimerEvent: {}
[7.829597] (-) TimerEvent: {}
[7.929982] (-) TimerEvent: {}
[8.030351] (-) TimerEvent: {}
[8.130723] (-) TimerEvent: {}
[8.231094] (-) TimerEvent: {}
[8.331513] (-) TimerEvent: {}
[8.431890] (-) TimerEvent: {}
[8.532256] (-) TimerEvent: {}
[8.632619] (-) TimerEvent: {}
[8.732992] (-) TimerEvent: {}
[8.833358] (-) TimerEvent: {}
[8.933727] (-) TimerEvent: {}
[9.034097] (-) TimerEvent: {}
[9.134483] (-) TimerEvent: {}
[9.234856] (-) TimerEvent: {}
[9.335264] (-) TimerEvent: {}
[9.435668] (-) TimerEvent: {}
[9.536033] (-) TimerEvent: {}
[9.636395] (-) TimerEvent: {}
[9.736779] (-) TimerEvent: {}
[9.837157] (-) TimerEvent: {}
[9.937537] (-) TimerEvent: {}
[10.037952] (-) TimerEvent: {}
[10.138346] (-) TimerEvent: {}
[10.238768] (-) TimerEvent: {}
[10.339143] (-) TimerEvent: {}
[10.439637] (-) TimerEvent: {}
[10.540053] (-) TimerEvent: {}
[10.640446] (-) TimerEvent: {}
[10.740836] (-) TimerEvent: {}
[10.841244] (-) TimerEvent: {}
[10.941624] (-) TimerEvent: {}
[11.042034] (-) TimerEvent: {}
[11.142442] (-) TimerEvent: {}
[11.242842] (-) TimerEvent: {}
[11.343241] (-) TimerEvent: {}
[11.443756] (-) TimerEvent: {}
[11.544160] (-) TimerEvent: {}
[11.644548] (-) TimerEvent: {}
[11.744931] (-) TimerEvent: {}
[11.845373] (-) TimerEvent: {}
[11.945758] (-) TimerEvent: {}
[12.046150] (-) TimerEvent: {}
[12.146534] (-) TimerEvent: {}
[12.246921] (-) TimerEvent: {}
[12.347401] (-) TimerEvent: {}
[12.447823] (-) TimerEvent: {}
[12.548234] (-) TimerEvent: {}
[12.648626] (-) TimerEvent: {}
[12.749021] (-) TimerEvent: {}
[12.849464] (-) TimerEvent: {}
[12.949897] (-) TimerEvent: {}
[13.050337] (-) TimerEvent: {}
[13.150770] (-) TimerEvent: {}
[13.251134] (-) TimerEvent: {}
[13.351565] (-) TimerEvent: {}
[13.451938] (-) TimerEvent: {}
[13.552317] (-) TimerEvent: {}
[13.652695] (-) TimerEvent: {}
[13.753072] (-) TimerEvent: {}
[13.853439] (-) TimerEvent: {}
[13.953803] (-) TimerEvent: {}
[14.054165] (-) TimerEvent: {}
[14.154530] (-) TimerEvent: {}
[14.254904] (-) TimerEvent: {}
[14.355302] (-) TimerEvent: {}
[14.455688] (-) TimerEvent: {}
[14.556048] (-) TimerEvent: {}
[14.656438] (-) TimerEvent: {}
[14.756883] (-) TimerEvent: {}
[14.857269] (-) TimerEvent: {}
[14.957735] (-) TimerEvent: {}
[15.058135] (-) TimerEvent: {}
[15.158506] (-) TimerEvent: {}
[15.258873] (-) TimerEvent: {}
[15.359244] (-) TimerEvent: {}
[15.459647] (-) TimerEvent: {}
[15.560012] (-) TimerEvent: {}
[15.660367] (-) TimerEvent: {}
[15.760741] (-) TimerEvent: {}
[15.861119] (-) TimerEvent: {}
[15.961515] (-) TimerEvent: {}
[16.061924] (-) TimerEvent: {}
[16.162306] (-) TimerEvent: {}
[16.262709] (-) TimerEvent: {}
[16.363140] (-) TimerEvent: {}
[16.463969] (-) TimerEvent: {}
[16.564464] (-) TimerEvent: {}
[16.664903] (-) TimerEvent: {}
[16.765274] (-) TimerEvent: {}
[16.865662] (-) TimerEvent: {}
[16.966037] (-) TimerEvent: {}
[17.066397] (-) TimerEvent: {}
[17.166765] (-) TimerEvent: {}
[17.267140] (-) TimerEvent: {}
[17.367558] (-) TimerEvent: {}
[17.467925] (-) TimerEvent: {}
[17.568297] (-) TimerEvent: {}
[17.668668] (-) TimerEvent: {}
[17.769032] (-) TimerEvent: {}
[17.869399] (-) TimerEvent: {}
[17.969778] (-) TimerEvent: {}
[18.070142] (-) TimerEvent: {}
[18.170510] (-) TimerEvent: {}
[18.270895] (-) TimerEvent: {}
[18.371677] (-) TimerEvent: {}
[18.472052] (-) TimerEvent: {}
[18.572422] (-) TimerEvent: {}
[18.672775] (-) TimerEvent: {}
[18.773123] (-) TimerEvent: {}
[18.873473] (-) TimerEvent: {}
[18.973818] (-) TimerEvent: {}
[19.074159] (-) TimerEvent: {}
[19.152622] (qt_robot_control) StdoutLine: {'line': b'[ 33%] Building CXX object CMakeFiles/qt_robot_control.dir/src/RosImageSubscriber.cpp.o\n'}
[19.174302] (-) TimerEvent: {}
[19.274661] (-) TimerEvent: {}
[19.375060] (-) TimerEvent: {}
[19.475435] (-) TimerEvent: {}
[19.575820] (-) TimerEvent: {}
[19.676289] (-) TimerEvent: {}
[19.776742] (-) TimerEvent: {}
[19.877134] (-) TimerEvent: {}
[19.977538] (-) TimerEvent: {}
[20.077952] (-) TimerEvent: {}
[20.178334] (-) TimerEvent: {}
[20.278735] (-) TimerEvent: {}
[20.379147] (-) TimerEvent: {}
[20.479629] (-) TimerEvent: {}
[20.580035] (-) TimerEvent: {}
[20.680452] (-) TimerEvent: {}
[20.780865] (-) TimerEvent: {}
[20.881260] (-) TimerEvent: {}
[20.981659] (-) TimerEvent: {}
[21.082045] (-) TimerEvent: {}
[21.182445] (-) TimerEvent: {}
[21.282842] (-) TimerEvent: {}
[21.383239] (-) TimerEvent: {}
[21.483736] (-) TimerEvent: {}
[21.584135] (-) TimerEvent: {}
[21.684538] (-) TimerEvent: {}
[21.784933] (-) TimerEvent: {}
[21.885325] (-) TimerEvent: {}
[21.985735] (-) TimerEvent: {}
[22.086132] (-) TimerEvent: {}
[22.186564] (-) TimerEvent: {}
[22.286973] (-) TimerEvent: {}
[22.387452] (-) TimerEvent: {}
[22.487869] (-) TimerEvent: {}
[22.588281] (-) TimerEvent: {}
[22.688674] (-) TimerEvent: {}
[22.789068] (-) TimerEvent: {}
[22.889470] (-) TimerEvent: {}
[22.989901] (-) TimerEvent: {}
[23.090354] (-) TimerEvent: {}
[23.190757] (-) TimerEvent: {}
[23.291156] (-) TimerEvent: {}
[23.391629] (-) TimerEvent: {}
[23.492042] (-) TimerEvent: {}
[23.592480] (-) TimerEvent: {}
[23.692864] (-) TimerEvent: {}
[23.793253] (-) TimerEvent: {}
[23.893645] (-) TimerEvent: {}
[23.994063] (-) TimerEvent: {}
[24.094471] (-) TimerEvent: {}
[24.194857] (-) TimerEvent: {}
[24.295267] (-) TimerEvent: {}
[24.395740] (-) TimerEvent: {}
[24.496131] (-) TimerEvent: {}
[24.596517] (-) TimerEvent: {}
[24.696913] (-) TimerEvent: {}
[24.797319] (-) TimerEvent: {}
[24.897705] (-) TimerEvent: {}
[24.998096] (-) TimerEvent: {}
[25.098491] (-) TimerEvent: {}
[25.198880] (-) TimerEvent: {}
[25.299271] (-) TimerEvent: {}
[25.399727] (-) TimerEvent: {}
[25.500139] (-) TimerEvent: {}
[25.600543] (-) TimerEvent: {}
[25.700957] (-) TimerEvent: {}
[25.801368] (-) TimerEvent: {}
[25.901763] (-) TimerEvent: {}
[26.002156] (-) TimerEvent: {}
[26.102541] (-) TimerEvent: {}
[26.202978] (-) TimerEvent: {}
[26.303452] (-) TimerEvent: {}
[26.403903] (-) TimerEvent: {}
[26.504317] (-) TimerEvent: {}
[26.604742] (-) TimerEvent: {}
[26.705169] (-) TimerEvent: {}
[26.805580] (-) TimerEvent: {}
[26.906009] (-) TimerEvent: {}
[27.006486] (-) TimerEvent: {}
[27.106906] (-) TimerEvent: {}
[27.207347] (-) TimerEvent: {}
[27.307766] (-) TimerEvent: {}
[27.408172] (-) TimerEvent: {}
[27.508579] (-) TimerEvent: {}
[27.608988] (-) TimerEvent: {}
[27.709387] (-) TimerEvent: {}
[27.809776] (-) TimerEvent: {}
[27.910182] (-) TimerEvent: {}
[28.010580] (-) TimerEvent: {}
[28.111019] (-) TimerEvent: {}
[28.211474] (-) TimerEvent: {}
[28.311899] (-) TimerEvent: {}
[28.412377] (-) TimerEvent: {}
[28.512830] (-) TimerEvent: {}
[28.613293] (-) TimerEvent: {}
[28.713735] (-) TimerEvent: {}
[28.814162] (-) TimerEvent: {}
[28.914570] (-) TimerEvent: {}
[29.014997] (-) TimerEvent: {}
[29.115426] (-) TimerEvent: {}
[29.215858] (-) TimerEvent: {}
[29.316290] (-) TimerEvent: {}
[29.416701] (-) TimerEvent: {}
[29.517136] (-) TimerEvent: {}
[29.617551] (-) TimerEvent: {}
[29.717945] (-) TimerEvent: {}
[29.818318] (-) TimerEvent: {}
[29.918680] (-) TimerEvent: {}
[30.019061] (-) TimerEvent: {}
[30.119550] (-) TimerEvent: {}
[30.219935] (-) TimerEvent: {}
[30.320328] (-) TimerEvent: {}
[30.420724] (-) TimerEvent: {}
[30.521145] (-) TimerEvent: {}
[30.621517] (-) TimerEvent: {}
[30.721937] (-) TimerEvent: {}
[30.822302] (-) TimerEvent: {}
[30.922663] (-) TimerEvent: {}
[31.023053] (-) TimerEvent: {}
[31.123409] (-) TimerEvent: {}
[31.223789] (-) TimerEvent: {}
[31.324170] (-) TimerEvent: {}
[31.424565] (-) TimerEvent: {}
[31.524964] (-) TimerEvent: {}
[31.625360] (-) TimerEvent: {}
[31.725768] (-) TimerEvent: {}
[31.826148] (-) TimerEvent: {}
[31.926524] (-) TimerEvent: {}
[32.026896] (-) TimerEvent: {}
[32.127272] (-) TimerEvent: {}
[32.227674] (-) TimerEvent: {}
[32.328037] (-) TimerEvent: {}
[32.428407] (-) TimerEvent: {}
[32.528773] (-) TimerEvent: {}
[32.629147] (-) TimerEvent: {}
[32.729561] (-) TimerEvent: {}
[32.830035] (-) TimerEvent: {}
[32.930455] (-) TimerEvent: {}
[33.030925] (-) TimerEvent: {}
[33.131382] (-) TimerEvent: {}
[33.231769] (-) TimerEvent: {}
[33.332135] (-) TimerEvent: {}
[33.432518] (-) TimerEvent: {}
[33.532888] (-) TimerEvent: {}
[33.633286] (-) TimerEvent: {}
[33.733714] (-) TimerEvent: {}
[33.834119] (-) TimerEvent: {}
[33.934524] (-) TimerEvent: {}
[34.034941] (-) TimerEvent: {}
[34.135387] (-) TimerEvent: {}
[34.235815] (-) TimerEvent: {}
[34.336237] (-) TimerEvent: {}
[34.436647] (-) TimerEvent: {}
[34.537055] (-) TimerEvent: {}
[34.637471] (-) TimerEvent: {}
[34.737866] (-) TimerEvent: {}
[34.838282] (-) TimerEvent: {}
[34.938680] (-) TimerEvent: {}
[35.039118] (-) TimerEvent: {}
[35.139591] (-) TimerEvent: {}
[35.240039] (-) TimerEvent: {}
[35.340465] (-) TimerEvent: {}
[35.440935] (-) TimerEvent: {}
[35.541350] (-) TimerEvent: {}
[35.641783] (-) TimerEvent: {}
[35.742205] (-) TimerEvent: {}
[35.842633] (-) TimerEvent: {}
[35.943032] (-) TimerEvent: {}
[36.043485] (-) TimerEvent: {}
[36.143893] (-) TimerEvent: {}
[36.244285] (-) TimerEvent: {}
[36.344651] (-) TimerEvent: {}
[36.445016] (-) TimerEvent: {}
[36.545367] (-) TimerEvent: {}
[36.645742] (-) TimerEvent: {}
[36.746108] (-) TimerEvent: {}
[36.846484] (-) TimerEvent: {}
[36.946851] (-) TimerEvent: {}
[37.047226] (-) TimerEvent: {}
[37.147663] (-) TimerEvent: {}
[37.248045] (-) TimerEvent: {}
[37.348435] (-) TimerEvent: {}
[37.448838] (-) TimerEvent: {}
[37.549237] (-) TimerEvent: {}
[37.649646] (-) TimerEvent: {}
[37.750038] (-) TimerEvent: {}
[37.850428] (-) TimerEvent: {}
[37.950819] (-) TimerEvent: {}
[38.051214] (-) TimerEvent: {}
[38.151691] (-) TimerEvent: {}
[38.252086] (-) TimerEvent: {}
[38.352491] (-) TimerEvent: {}
[38.452884] (-) TimerEvent: {}
[38.553281] (-) TimerEvent: {}
[38.653683] (-) TimerEvent: {}
[38.754096] (-) TimerEvent: {}
[38.854493] (-) TimerEvent: {}
[38.954867] (-) TimerEvent: {}
[39.055253] (-) TimerEvent: {}
[39.155701] (-) TimerEvent: {}
[39.256090] (-) TimerEvent: {}
[39.356491] (-) TimerEvent: {}
[39.456965] (-) TimerEvent: {}
[39.557372] (-) TimerEvent: {}
[39.657770] (-) TimerEvent: {}
[39.758172] (-) TimerEvent: {}
[39.858578] (-) TimerEvent: {}
[39.958942] (-) TimerEvent: {}
[40.059389] (-) TimerEvent: {}
[40.159761] (-) TimerEvent: {}
[40.260157] (-) TimerEvent: {}
[40.360536] (-) TimerEvent: {}
[40.460896] (-) TimerEvent: {}
[40.561267] (-) TimerEvent: {}
[40.661638] (-) TimerEvent: {}
[40.762000] (-) TimerEvent: {}
[40.862389] (-) TimerEvent: {}
[40.962780] (-) TimerEvent: {}
[41.063156] (-) TimerEvent: {}
[41.163600] (-) TimerEvent: {}
[41.263979] (-) TimerEvent: {}
[41.364351] (-) TimerEvent: {}
[41.464723] (-) TimerEvent: {}
[41.565127] (-) TimerEvent: {}
[41.665520] (-) TimerEvent: {}
[41.765881] (-) TimerEvent: {}
[41.866241] (-) TimerEvent: {}
[41.966610] (-) TimerEvent: {}
[42.066980] (-) TimerEvent: {}
[42.167368] (-) TimerEvent: {}
[42.267734] (-) TimerEvent: {}
[42.368108] (-) TimerEvent: {}
[42.468484] (-) TimerEvent: {}
[42.568885] (-) TimerEvent: {}
[42.669288] (-) TimerEvent: {}
[42.769670] (-) TimerEvent: {}
[42.870073] (-) TimerEvent: {}
[42.970504] (-) TimerEvent: {}
[43.070983] (-) TimerEvent: {}
[43.171437] (-) TimerEvent: {}
[43.271804] (-) TimerEvent: {}
[43.372176] (-) TimerEvent: {}
[43.472595] (-) TimerEvent: {}
[43.572999] (-) TimerEvent: {}
[43.673414] (-) TimerEvent: {}
[43.773851] (-) TimerEvent: {}
[43.874255] (-) TimerEvent: {}
[43.974658] (-) TimerEvent: {}
[44.075047] (-) TimerEvent: {}
[44.175455] (-) TimerEvent: {}
[44.275904] (-) TimerEvent: {}
[44.376294] (-) TimerEvent: {}
[44.476676] (-) TimerEvent: {}
[44.577057] (-) TimerEvent: {}
[44.677433] (-) TimerEvent: {}
[44.777845] (-) TimerEvent: {}
[44.878246] (-) TimerEvent: {}
[44.978638] (-) TimerEvent: {}
[45.079012] (-) TimerEvent: {}
[45.179435] (-) TimerEvent: {}
[45.279825] (-) TimerEvent: {}
[45.380219] (-) TimerEvent: {}
[45.480619] (-) TimerEvent: {}
[45.581001] (-) TimerEvent: {}
[45.681383] (-) TimerEvent: {}
[45.781766] (-) TimerEvent: {}
[45.882163] (-) TimerEvent: {}
[45.982537] (-) TimerEvent: {}
[46.082926] (-) TimerEvent: {}
[46.183404] (-) TimerEvent: {}
[46.283816] (-) TimerEvent: {}
[46.384192] (-) TimerEvent: {}
[46.484562] (-) TimerEvent: {}
[46.584931] (-) TimerEvent: {}
[46.685332] (-) TimerEvent: {}
[46.785698] (-) TimerEvent: {}
[46.886092] (-) TimerEvent: {}
[46.986477] (-) TimerEvent: {}
[47.086859] (-) TimerEvent: {}
[47.187256] (-) TimerEvent: {}
[47.287720] (-) TimerEvent: {}
[47.388100] (-) TimerEvent: {}
[47.488477] (-) TimerEvent: {}
[47.588880] (-) TimerEvent: {}
[47.689267] (-) TimerEvent: {}
[47.789654] (-) TimerEvent: {}
[47.890026] (-) TimerEvent: {}
[47.990407] (-) TimerEvent: {}
[48.090763] (-) TimerEvent: {}
[48.191128] (-) TimerEvent: {}
[48.291526] (-) TimerEvent: {}
[48.391933] (-) TimerEvent: {}
[48.492386] (-) TimerEvent: {}
[48.592829] (-) TimerEvent: {}
[48.693312] (-) TimerEvent: {}
[48.793724] (-) TimerEvent: {}
[48.894165] (-) TimerEvent: {}
[48.994651] (-) TimerEvent: {}
[49.095113] (-) TimerEvent: {}
[49.195700] (-) TimerEvent: {}
[49.296086] (-) TimerEvent: {}
[49.396482] (-) TimerEvent: {}
[49.496875] (-) TimerEvent: {}
[49.597255] (-) TimerEvent: {}
[49.697649] (-) TimerEvent: {}
[49.798038] (-) TimerEvent: {}
[49.898426] (-) TimerEvent: {}
[49.998806] (-) TimerEvent: {}
[50.099221] (-) TimerEvent: {}
[50.199710] (-) TimerEvent: {}
[50.300100] (-) TimerEvent: {}
[50.400487] (-) TimerEvent: {}
[50.500876] (-) TimerEvent: {}
[50.601247] (-) TimerEvent: {}
[50.701620] (-) TimerEvent: {}
[50.801990] (-) TimerEvent: {}
[50.902375] (-) TimerEvent: {}
[51.002739] (-) TimerEvent: {}
[51.103127] (-) TimerEvent: {}
[51.203569] (-) TimerEvent: {}
[51.303932] (-) TimerEvent: {}
[51.404298] (-) TimerEvent: {}
[51.504690] (-) TimerEvent: {}
[51.605055] (-) TimerEvent: {}
[51.705440] (-) TimerEvent: {}
[51.805827] (-) TimerEvent: {}
[51.906221] (-) TimerEvent: {}
[52.006599] (-) TimerEvent: {}
[52.106987] (-) TimerEvent: {}
[52.207416] (-) TimerEvent: {}
[52.297899] (qt_robot_control) StdoutLine: {'line': b'[ 44%] Linking CXX executable qt_robot_control\n'}
[52.307612] (-) TimerEvent: {}
[52.408107] (-) TimerEvent: {}
[52.508606] (-) TimerEvent: {}
[52.609143] (-) TimerEvent: {}
[52.709609] (-) TimerEvent: {}
[52.810074] (-) TimerEvent: {}
[52.910547] (-) TimerEvent: {}
[53.010975] (-) TimerEvent: {}
[53.111440] (-) TimerEvent: {}
[53.211942] (-) TimerEvent: {}
[53.312444] (-) TimerEvent: {}
[53.412949] (-) TimerEvent: {}
[53.513476] (-) TimerEvent: {}
[53.613978] (-) TimerEvent: {}
[53.714513] (-) TimerEvent: {}
[53.815011] (-) TimerEvent: {}
[53.915526] (-) TimerEvent: {}
[54.016032] (-) TimerEvent: {}
[54.116498] (-) TimerEvent: {}
[54.217006] (-) TimerEvent: {}
[54.317503] (-) TimerEvent: {}
[54.417986] (-) TimerEvent: {}
[54.518482] (-) TimerEvent: {}
[54.618958] (-) TimerEvent: {}
[54.719474] (-) TimerEvent: {}
[54.819954] (-) TimerEvent: {}
[54.920460] (-) TimerEvent: {}
[55.020984] (-) TimerEvent: {}
[55.121492] (-) TimerEvent: {}
[55.221983] (-) TimerEvent: {}
[55.322476] (-) TimerEvent: {}
[55.422990] (-) TimerEvent: {}
[55.523557] (-) TimerEvent: {}
[55.624084] (-) TimerEvent: {}
[55.724560] (-) TimerEvent: {}
[55.825052] (-) TimerEvent: {}
[55.925459] (-) TimerEvent: {}
[56.025869] (-) TimerEvent: {}
[56.126305] (-) TimerEvent: {}
[56.226707] (-) TimerEvent: {}
[56.327116] (-) TimerEvent: {}
[56.427558] (-) TimerEvent: {}
[56.527962] (-) TimerEvent: {}
[56.628393] (-) TimerEvent: {}
[56.728833] (-) TimerEvent: {}
[56.829282] (-) TimerEvent: {}
[56.929685] (-) TimerEvent: {}
[57.030089] (-) TimerEvent: {}
[57.130496] (-) TimerEvent: {}
[57.230916] (-) TimerEvent: {}
[57.331367] (-) TimerEvent: {}
[57.431800] (-) TimerEvent: {}
[57.532219] (-) TimerEvent: {}
[57.632627] (-) TimerEvent: {}
[57.733066] (-) TimerEvent: {}
[57.833485] (-) TimerEvent: {}
[57.933878] (-) TimerEvent: {}
[58.034283] (-) TimerEvent: {}
[58.134683] (-) TimerEvent: {}
[58.235083] (-) TimerEvent: {}
[58.335510] (-) TimerEvent: {}
[58.435898] (-) TimerEvent: {}
[58.536304] (-) TimerEvent: {}
[58.636697] (-) TimerEvent: {}
[58.737078] (-) TimerEvent: {}
[58.837470] (-) TimerEvent: {}
[58.937896] (-) TimerEvent: {}
[59.038420] (-) TimerEvent: {}
[59.138962] (-) TimerEvent: {}
[59.239451] (-) TimerEvent: {}
[59.339969] (-) TimerEvent: {}
[59.440536] (-) TimerEvent: {}
[59.540986] (-) TimerEvent: {}
[59.641392] (-) TimerEvent: {}
[59.741816] (-) TimerEvent: {}
[59.842222] (-) TimerEvent: {}
[59.942618] (-) TimerEvent: {}
[60.043011] (-) TimerEvent: {}
[60.143412] (-) TimerEvent: {}
[60.243816] (-) TimerEvent: {}
[60.344226] (-) TimerEvent: {}
[60.444634] (-) TimerEvent: {}
[60.545061] (-) TimerEvent: {}
[60.645481] (-) TimerEvent: {}
[60.745893] (-) TimerEvent: {}
[60.846303] (-) TimerEvent: {}
[60.946702] (-) TimerEvent: {}
[61.047107] (-) TimerEvent: {}
[61.147548] (-) TimerEvent: {}
[61.247918] (-) TimerEvent: {}
[61.348286] (-) TimerEvent: {}
[61.448649] (-) TimerEvent: {}
[61.549039] (-) TimerEvent: {}
[61.649457] (-) TimerEvent: {}
[61.749837] (-) TimerEvent: {}
[61.850199] (-) TimerEvent: {}
[61.950562] (-) TimerEvent: {}
[62.050931] (-) TimerEvent: {}
[62.151343] (-) TimerEvent: {}
[62.251714] (-) TimerEvent: {}
[62.352128] (-) TimerEvent: {}
[62.452539] (-) TimerEvent: {}
[62.552919] (-) TimerEvent: {}
[62.653268] (-) TimerEvent: {}
[62.753607] (-) TimerEvent: {}
[62.853967] (-) TimerEvent: {}
[62.954327] (-) TimerEvent: {}
[63.054714] (-) TimerEvent: {}
[63.155105] (-) TimerEvent: {}
[63.255542] (-) TimerEvent: {}
[63.355930] (-) TimerEvent: {}
[63.456309] (-) TimerEvent: {}
[63.556693] (-) TimerEvent: {}
[63.657084] (-) TimerEvent: {}
[63.757455] (-) TimerEvent: {}
[63.857809] (-) TimerEvent: {}
[63.958174] (-) TimerEvent: {}
[64.058560] (-) TimerEvent: {}
[64.158945] (-) TimerEvent: {}
[64.185075] (qt_robot_control) StdoutLine: {'line': b'[100%] Built target qt_robot_control\n'}
[64.207642] (qt_robot_control) CommandEnded: {'returncode': 0}
[64.209389] (qt_robot_control) JobProgress: {'identifier': 'qt_robot_control', 'progress': 'install'}
[64.227619] (qt_robot_control) Command: {'cmd': ['/usr/bin/cmake', '--install', '/home/HwHiAiUser/wheeltec_ros2/build/qt_robot_control'], 'cwd': '/home/HwHiAiUser/wheeltec_ros2/build/qt_robot_control', 'env': OrderedDict([('SHELL', '/bin/bash'), ('ROS_VERSION', '2'), ('GTK_IM_MODULE', 'ibus'), ('CONDA_EXE', '/usr/local/miniconda3/bin/conda'), ('_CE_M', ''), ('COMPOSER_NO_INTERACTION', '1'), ('ROS_PYTHON_VERSION', '3'), ('MS_ENABLE_GE', '1'), ('MX_SDK_HOME', '/home/HwHiAiUser/work/Mind_SDK/mxVision'), ('VSCODE_SERVER_SHUTDOWN_TIMEOUT', '300'), ('ELECTRON_RUN_AS_NODE', '1'), ('XMODIFIERS', '@im=ibus'), ('NPU_HOST_INC', '/usr/local/Ascend/ascend-toolkit/latest/runtime/include'), ('NPU_HOST_LIB', '/usr/local/Ascend/ascend-toolkit/latest/runtime/lib64/stub/aarch64'), ('PWD', '/home/HwHiAiUser/wheeltec_ros2/build/qt_robot_control'), ('LOGNAME', 'HwHiAiUser'), ('XDG_SESSION_TYPE', 'tty'), ('VSCODE_ESM_ENTRYPOINT', 'vs/workbench/api/node/extensionHostProcess'), ('MOTD_SHOWN', 'pam'), ('GST_PLUGIN_SCANNER', '/home/HwHiAiUser/work/Mind_SDK/mxVision/opensource/libexec/gstreamer-1.0/gst-plugin-scanner'), ('HOME', '/home/HwHiAiUser'), ('LANG', 'C.UTF-8'), ('LS_COLORS', ''), ('FORCE_COLOR', '0'), ('MS_DEV_FORCE_ACL', '1'), ('AMENT_PREFIX_PATH', '/home/HwHiAiUser/wheeltec_ros2/install/yesense_std_ros2:/home/HwHiAiUser/wheeltec_ros2/install/yesense_interface:/home/HwHiAiUser/wheeltec_ros2/install/wheeltec_rviz2:/home/HwHiAiUser/wheeltec_ros2/install/wheeltec_robot_urdf:/home/HwHiAiUser/wheeltec_ros2/install/turn_on_wheeltec_robot:/home/HwHiAiUser/wheeltec_ros2/install/wheeltec_robot_msg:/home/HwHiAiUser/wheeltec_ros2/install/wheeltec_robot_keyboard:/home/HwHiAiUser/wheeltec_ros2/install/wheeltec_gpio_control:/home/HwHiAiUser/wheeltec_ros2/install/web_video_server:/home/HwHiAiUser/wheeltec_ros2/install/usb_cam:/home/HwHiAiUser/wheeltec_ros2/install/tf2_tools:/home/HwHiAiUser/wheeltec_ros2/install/serial:/home/HwHiAiUser/wheeltec_ros2/install/rplidar_ros:/home/HwHiAiUser/wheeltec_ros2/install/lslidar_driver:/home/HwHiAiUser/wheeltec_ros2/install/lslidar_msgs:/home/HwHiAiUser/wheeltec_ros2/install/ldlidar_stl_ros2:/home/HwHiAiUser/wheeltec_ros2/install/ldlidar_sl_ros2:/home/HwHiAiUser/wheeltec_ros2/install/ldlidar:/home/HwHiAiUser/wheeltec_ros2/install/astra_camera:/home/HwHiAiUser/wheeltec_ros2/install/astra_camera_msgs:/home/HwHiAiUser/wheeltec_ros2/install/ackermann_msgs:/opt/ros/humble'), ('CMAKE_PREFIX_PATH', '/home/HwHiAiUser/wheeltec_ros2/install/yesense_std_ros2:/home/HwHiAiUser/wheeltec_ros2/install/yesense_interface:/home/HwHiAiUser/wheeltec_ros2/install/wheeltec_rviz2:/home/HwHiAiUser/wheeltec_ros2/install/wheeltec_robot_urdf:/home/HwHiAiUser/wheeltec_ros2/install/turn_on_wheeltec_robot:/home/HwHiAiUser/wheeltec_ros2/install/wheeltec_robot_msg:/home/HwHiAiUser/wheeltec_ros2/install/web_video_server:/home/HwHiAiUser/wheeltec_ros2/install/usb_cam:/home/HwHiAiUser/wheeltec_ros2/install/serial:/home/HwHiAiUser/wheeltec_ros2/install/rplidar_ros:/home/HwHiAiUser/wheeltec_ros2/install/lslidar_driver:/home/HwHiAiUser/wheeltec_ros2/install/lslidar_msgs:/home/HwHiAiUser/wheeltec_ros2/install/ldlidar_stl_ros2:/home/HwHiAiUser/wheeltec_ros2/install/ldlidar_sl_ros2:/home/HwHiAiUser/wheeltec_ros2/install/ldlidar:/home/HwHiAiUser/wheeltec_ros2/install/astra_camera:/home/HwHiAiUser/wheeltec_ros2/install/astra_camera_msgs:/home/HwHiAiUser/wheeltec_ros2/install/ackermann_msgs:/home/HwHiAiUser/wheeltec_ros2/install/wheeltec_robot_keyboard:/home/HwHiAiUser/wheeltec_ros2/install/wheeltec_gpio_control:/home/HwHiAiUser/wheeltec_ros2/install/tf2_tools:/opt/ros/humble'), ('VSCODE_AGENT_FOLDER', '/home/HwHiAiUser/.cursor-server'), ('VSCODE_L10N_BUNDLE_LOCATION', 'vscode-local:/c%3A/Users/25914/.cursor/extensions/ms-ceintl.vscode-language-pack-zh-hans-1.99.0-universal/translations/extensions/vscode.json-language-features.i18n.json'), ('COLCON_PREFIX_PATH', '/home/HwHiAiUser/wheeltec_ros2/install'), ('SSH_CONNECTION', '10.248.102.23 12022 10.248.102.204 22'), ('TOOLCHAIN_HOME', '/home/HwHiAiUser/Ascend/ascend-toolkit/latest/toolkit'), ('ASCEND_TOOLKIT_HOME', '/home/HwHiAiUser/Ascend/ascend-toolkit/latest'), ('CURSOR_AGENT', '1'), ('LESSCLOSE', '/usr/bin/lesspipe %s %s'), ('XDG_SESSION_CLASS', 'user'), ('VSCODE_HANDLES_SIGPIPE', 'true'), ('PYTHONPATH', '/home/HwHiAiUser/work/Mind_SDK/mxVision/python:/home/HwHiAiUser/Ascend/ascend-toolkit/latest/python/site-packages:/home/HwHiAiUser/Ascend/ascend-toolkit/latest/opp/built-in/op_impl/ai_core/tbe:/home/HwHiAiUser/wheeltec_ros2/install/yesense_interface/local/lib/python3.10/dist-packages:/home/HwHiAiUser/wheeltec_ros2/install/turn_on_wheeltec_robot/local/lib/python3.10/dist-packages:/home/HwHiAiUser/wheeltec_ros2/install/wheeltec_robot_msg/local/lib/python3.10/dist-packages:/home/HwHiAiUser/wheeltec_ros2/install/wheeltec_robot_keyboard/lib/python3.10/site-packages:/home/HwHiAiUser/wheeltec_ros2/install/wheeltec_gpio_control/lib/python3.10/site-packages:/home/HwHiAiUser/wheeltec_ros2/install/tf2_tools/lib/python3.10/site-packages:/home/HwHiAiUser/wheeltec_ros2/install/lslidar_msgs/local/lib/python3.10/dist-packages:/home/HwHiAiUser/wheeltec_ros2/install/astra_camera_msgs/local/lib/python3.10/dist-packages:/home/HwHiAiUser/wheeltec_ros2/install/ackermann_msgs/local/lib/python3.10/dist-packages:/opt/ros/humble/lib/python3.10/site-packages:/opt/ros/humble/local/lib/python3.10/dist-packages:/usr/local/Ascend/ascend-toolkit/latest/python/site-packages:/usr/local/Ascend/ascend-toolkit/latest/opp/built-in/op_impl/ai_core/tbe:/usr/local/Ascend/ascend-toolkit/laster/python/site-packages:/usr/local/Ascend/ascend-toolkit/laster/opp/built-in/op_impl/ai_core/tbe:/usr/local/Ascend/ascend-toolkit/laster/python/site-packages:/usr/local/Ascend/ascend-toolkit/laster/opp/built-in/op_impl/ai_core/tbe:'), ('COLCON', '1'), ('TERM', 'dumb'), ('_CE_CONDA', ''), ('ASCEND_CUSTOM_OPP_PATH', '/home/HwHiAiUser/work/Mind_SDK/mxVision/operators/ascendc/vendors/customize:'), ('LESSOPEN', '| /usr/bin/lesspipe %s'), ('USER', 'HwHiAiUser'), ('CONDA_SHLVL', '0'), ('SHLVL', '2'), ('QT_IM_MODULE', 'ibus'), ('VSCODE_CWD', '/home/HwHiAiUser'), ('XDG_SESSION_ID', '7'), ('NO_COLOR', '1'), ('ASCEND_OPP_PATH', '/home/HwHiAiUser/Ascend/ascend-toolkit/latest/opp'), ('GST_PLUGIN_PATH', '/home/HwHiAiUser/work/Mind_SDK/mxVision/opensource/lib/gstreamer-1.0:/home/HwHiAiUser/work/Mind_SDK/mxVision/lib/plugins'), ('CONDA_PYTHON_EXE', '/usr/local/miniconda3/bin/python'), ('LD_LIBRARY_PATH', '/usr/lib/aarch64-linux-gnu:/usr/lib:/home/HwHiAiUser/work/Mind_SDK/mxVision/operators/ascendc/vendors/customize/op_api/lib:/home/HwHiAiUser/work/Mind_SDK/mxVision/lib/modelpostprocessors:/home/HwHiAiUser/work/Mind_SDK/mxVision/lib:/home/HwHiAiUser/work/Mind_SDK/mxVision/opensource/lib:/home/HwHiAiUser/work/Mind_SDK/mxVision/opensource/lib64:/home/HwHiAiUser/Ascend/ascend-toolkit/latest/tools/aml/lib64:/home/HwHiAiUser/Ascend/ascend-toolkit/latest/tools/aml/lib64/plugin:/home/HwHiAiUser/Ascend/ascend-toolkit/latest/lib64:/home/HwHiAiUser/Ascend/ascend-toolkit/latest/lib64/plugin/opskernel:/home/HwHiAiUser/Ascend/ascend-toolkit/latest/lib64/plugin/nnengine:/home/HwHiAiUser/Ascend/ascend-toolkit/latest/opp/built-in/op_impl/ai_core/tbe/op_tiling/lib/linux/aarch64:/var/davinci/driver/lib64:/var/davinci/driver/lib64/common:/var/davinci/driver/lib64/driver:/home/HwHiAiUser/wheeltec_ros2/install/yesense_interface/lib:/home/HwHiAiUser/wheeltec_ros2/install/turn_on_wheeltec_robot/lib:/home/HwHiAiUser/wheeltec_ros2/install/wheeltec_robot_msg/lib:/home/HwHiAiUser/wheeltec_ros2/install/usb_cam/lib:/home/HwHiAiUser/wheeltec_ros2/install/serial/lib:/home/HwHiAiUser/wheeltec_ros2/install/lslidar_msgs/lib:/home/HwHiAiUser/wheeltec_ros2/install/astra_camera/lib:/home/HwHiAiUser/wheeltec_ros2/install/astra_camera_msgs/lib:/home/HwHiAiUser/wheeltec_ros2/install/ackermann_msgs/lib:/opt/ros/humble/opt/rviz_ogre_vendor/lib:/opt/ros/humble/lib/aarch64-linux-gnu:/opt/ros/humble/lib:/usr/local/Ascend/ascend-toolkit/latest/tools/aml/lib64:/usr/local/Ascend/ascend-toolkit/latest/tools/aml/lib64/plugin:/usr/local/Ascend/ascend-toolkit/latest/lib64:/usr/local/Ascend/ascend-toolkit/latest/lib64/plugin/opskernel:/usr/local/Ascend/ascend-toolkit/latest/lib64/plugin/nnengine:/usr/local/Ascend/ascend-toolkit/latest/opp/built-in/op_impl/ai_core/tbe/op_tiling/lib/linux/aarch64:/lib64:/var/davinci/driver/lib64:/var/davinci/driver/lib64/common:/var/davinci/driver/lib64/driver:/usr/local/Ascend/ascend-toolkit/laster/runtime/lib64/stub/aarch64:/usr/local/Ascend/ascend-toolkit/laster/lib64:/usr/local/Ascend/ascend-toolkit/laster/lib64/plugin/opskernel:/usr/local/Ascend/ascend-toolkit/laster/lib64/plugin/nnengine:/usr/local/Ascend/ascend-toolkit/laster/opp/built-in/op_impl/ai_core/tbe/op_tiling:/usr/local/Ascend/driver/lib64:/var/davinci/driver/lib64:/var/davinci/driver/lib64/common:/var/davinci/driver/lib64/driver:/usr/local/Ascend/ascend-toolkit/laster/runtime/lib64/stub/aarch64:/usr/local/Ascend/ascend-toolkit/laster/lib64:/usr/local/Ascend/ascend-toolkit/laster/lib64/plugin/opskernel:/usr/local/Ascend/ascend-toolkit/laster/lib64/plugin/nnengine:/usr/local/Ascend/ascend-toolkit/laster/opp/built-in/op_impl/ai_core/tbe/op_tiling:/usr/local/Ascend/driver/lib64:/var/davinci/driver/lib64:/var/davinci/driver/lib64/common:/var/davinci/driver/lib64/driver:'), ('ASCEND_AICPU_PATH', '/home/HwHiAiUser/Ascend/ascend-toolkit/latest'), ('XDG_RUNTIME_DIR', '/run/user/1000'), ('ROS_LOCALHOST_ONLY', '0'), ('SSH_CLIENT', '10.248.102.23 12022 22'), ('XDG_DATA_DIRS', '/usr/share/gnome:/usr/local/share:/usr/share:/var/lib/snapd/desktop'), ('BROWSER', '/home/HwHiAiUser/.cursor-server/bin/7236ee799a5bffd9f28fa4fd18bdc6eab5e08df0/bin/helpers/browser.sh'), ('PATH', '/home/HwHiAiUser/.local/bin:/home/HwHiAiUser/Ascend/ascend-toolkit/latest/bin:/home/HwHiAiUser/Ascend/ascend-toolkit/latest/compiler/ccec_compiler/bin:/home/HwHiAiUser/Ascend/ascend-toolkit/latest/tools/ccec_compiler/bin:/opt/ros/humble/bin:/usr/local/Ascend/ascend-toolkit/latest/bin:/usr/local/Ascend/ascend-toolkit/latest/compiler/ccec_compiler/bin:/usr/local/Ascend/ascend-toolkit/latest/tools/ccec_compiler/bin:/usr/local/miniconda3/condabin:/usr/local/Ascend/ascend-toolkit/laster/bin:/usr/local/Ascend/ascend-toolkit/laster/compiler/ccec_compiler/bin:/home/HwHiAiUser/.cursor-server/bin/7236ee799a5bffd9f28fa4fd18bdc6eab5e08df0/bin/remote-cli:/home/HwHiAiUser/.cursor-server/bin/7236ee799a5bffd9f28fa4fd18bdc6eab5e08df0/bin/remote-cli:/home/HwHiAiUser/.local/bin:/usr/local/Ascend/ascend-toolkit/laster/bin:/usr/local/Ascend/ascend-toolkit/laster/compiler/ccec_compiler/bin:/usr/local/sbin:/usr/local/bin:/usr/sbin:/usr/bin:/sbin:/bin:/usr/games:/usr/local/games:/snap/bin:/home/HwHiAiUser/.fishros/bin/'), ('ASCEND_HOME_PATH', '/home/HwHiAiUser/Ascend/ascend-toolkit/latest'), ('DBUS_SESSION_BUS_ADDRESS', 'unix:path=/run/user/1000/bus'), ('VSCODE_NLS_CONFIG', '{"userLocale":"zh-cn","osLocale":"zh-cn","resolvedLanguage":"en","defaultMessagesFile":"/home/HwHiAiUser/.cursor-server/bin/7236ee799a5bffd9f28fa4fd18bdc6eab5e08df0/out/nls.messages.json","locale":"zh-cn","availableLanguages":{}}'), ('ROS_DISTRO', 'humble'), ('VSCODE_HANDLES_UNCAUGHT_ERRORS', 'true'), ('OLDPWD', '/home/HwHiAiUser/wheeltec_ros2'), ('VSCODE_IPC_HOOK_CLI', '/run/user/1000/vscode-ipc-98642f8e-2152-44c8-8bc5-3c3283fefe37.sock'), ('_', '/usr/bin/env')]), 'shell': False}
[64.243833] (qt_robot_control) StdoutLine: {'line': b'-- Install configuration: ""\n'}
[64.244485] (qt_robot_control) StdoutLine: {'line': b'-- Installing: /home/HwHiAiUser/wheeltec_ros2/install/qt_robot_control/lib/qt_robot_control/qt_robot_control\n'}
[64.259102] (-) TimerEvent: {}
[64.268640] (qt_robot_control) StdoutLine: {'line': b'-- Set runtime path of "/home/HwHiAiUser/wheeltec_ros2/install/qt_robot_control/lib/qt_robot_control/qt_robot_control" to ""\n'}
[64.269463] (qt_robot_control) StdoutLine: {'line': b'-- Up-to-date: /home/HwHiAiUser/wheeltec_ros2/install/qt_robot_control/share/ament_index/resource_index/package_run_dependencies/qt_robot_control\n'}
[64.269943] (qt_robot_control) StdoutLine: {'line': b'-- Up-to-date: /home/HwHiAiUser/wheeltec_ros2/install/qt_robot_control/share/ament_index/resource_index/parent_prefix_path/qt_robot_control\n'}
[64.270145] (qt_robot_control) StdoutLine: {'line': b'-- Up-to-date: /home/HwHiAiUser/wheeltec_ros2/install/qt_robot_control/share/qt_robot_control/environment/ament_prefix_path.sh\n'}
[64.270323] (qt_robot_control) StdoutLine: {'line': b'-- Up-to-date: /home/HwHiAiUser/wheeltec_ros2/install/qt_robot_control/share/qt_robot_control/environment/ament_prefix_path.dsv\n'}
[64.270509] (qt_robot_control) StdoutLine: {'line': b'-- Up-to-date: /home/HwHiAiUser/wheeltec_ros2/install/qt_robot_control/share/qt_robot_control/environment/path.sh\n'}
[64.270679] (qt_robot_control) StdoutLine: {'line': b'-- Up-to-date: /home/HwHiAiUser/wheeltec_ros2/install/qt_robot_control/share/qt_robot_control/environment/path.dsv\n'}
[64.270853] (qt_robot_control) StdoutLine: {'line': b'-- Up-to-date: /home/HwHiAiUser/wheeltec_ros2/install/qt_robot_control/share/qt_robot_control/local_setup.bash\n'}
[64.271011] (qt_robot_control) StdoutLine: {'line': b'-- Up-to-date: /home/HwHiAiUser/wheeltec_ros2/install/qt_robot_control/share/qt_robot_control/local_setup.sh\n'}
[64.271167] (qt_robot_control) StdoutLine: {'line': b'-- Up-to-date: /home/HwHiAiUser/wheeltec_ros2/install/qt_robot_control/share/qt_robot_control/local_setup.zsh\n'}
[64.271557] (qt_robot_control) StdoutLine: {'line': b'-- Up-to-date: /home/HwHiAiUser/wheeltec_ros2/install/qt_robot_control/share/qt_robot_control/local_setup.dsv\n'}
[64.271748] (qt_robot_control) StdoutLine: {'line': b'-- Installing: /home/HwHiAiUser/wheeltec_ros2/install/qt_robot_control/share/qt_robot_control/package.dsv\n'}
[64.271929] (qt_robot_control) StdoutLine: {'line': b'-- Up-to-date: /home/HwHiAiUser/wheeltec_ros2/install/qt_robot_control/share/ament_index/resource_index/packages/qt_robot_control\n'}
[64.272095] (qt_robot_control) StdoutLine: {'line': b'-- Up-to-date: /home/HwHiAiUser/wheeltec_ros2/install/qt_robot_control/share/qt_robot_control/cmake/qt_robot_controlConfig.cmake\n'}
[64.272257] (qt_robot_control) StdoutLine: {'line': b'-- Up-to-date: /home/HwHiAiUser/wheeltec_ros2/install/qt_robot_control/share/qt_robot_control/cmake/qt_robot_controlConfig-version.cmake\n'}
[64.273069] (qt_robot_control) StdoutLine: {'line': b'-- Up-to-date: /home/HwHiAiUser/wheeltec_ros2/install/qt_robot_control/share/qt_robot_control/package.xml\n'}
[64.274308] (qt_robot_control) CommandEnded: {'returncode': 0}
[64.323531] (qt_robot_control) JobEnded: {'identifier': 'qt_robot_control', 'rc': 0}
[64.325178] (-) EventReactorShutdown: {}
