[2.745s] Invoking command in '/home/HwHiAiUser/wheeltec_ros2/src/wheeltec_robot_keyboard': PYTHONPATH=/home/HwHiAiUser/wheeltec_ros2/build/wheeltec_robot_keyboard/prefix_override:/usr/lib/python3/dist-packages/colcon_core/task/python/colcon_distutils_commands:/home/HwHiAiUser/wheeltec_ros2/install/wheeltec_robot_keyboard/lib/python3.10/site-packages:${PYTHONPATH} _=/usr/bin/env /usr/bin/python3 -W ignore:setup.py install is deprecated -W ignore:easy_install command is deprecated setup.py egg_info --egg-base ../../build/wheeltec_robot_keyboard build --build-base /home/HwHiAiUser/wheeltec_ros2/build/wheeltec_robot_keyboard/build install --record /home/HwHiAiUser/wheeltec_ros2/build/wheeltec_robot_keyboard/install.log --single-version-externally-managed install_data
[3.497s] running egg_info
[3.500s] writing ../../build/wheeltec_robot_keyboard/wheeltec_robot_keyboard.egg-info/PKG-INFO
[3.501s] writing dependency_links to ../../build/wheeltec_robot_keyboard/wheeltec_robot_keyboard.egg-info/dependency_links.txt
[3.502s] writing entry points to ../../build/wheeltec_robot_keyboard/wheeltec_robot_keyboard.egg-info/entry_points.txt
[3.504s] writing requirements to ../../build/wheeltec_robot_keyboard/wheeltec_robot_keyboard.egg-info/requires.txt
[3.504s] writing top-level names to ../../build/wheeltec_robot_keyboard/wheeltec_robot_keyboard.egg-info/top_level.txt
[3.510s] reading manifest file '../../build/wheeltec_robot_keyboard/wheeltec_robot_keyboard.egg-info/SOURCES.txt'
[3.516s] writing manifest file '../../build/wheeltec_robot_keyboard/wheeltec_robot_keyboard.egg-info/SOURCES.txt'
[3.516s] running build
[3.517s] running build_py
[3.517s] running install
[3.519s] running install_lib
[3.521s] running install_data
[3.522s] running install_egg_info
[3.529s] removing '/home/HwHiAiUser/wheeltec_ros2/install/wheeltec_robot_keyboard/lib/python3.10/site-packages/wheeltec_robot_keyboard-2.0.1-py3.10.egg-info' (and everything under it)
[3.530s] Copying ../../build/wheeltec_robot_keyboard/wheeltec_robot_keyboard.egg-info to /home/HwHiAiUser/wheeltec_ros2/install/wheeltec_robot_keyboard/lib/python3.10/site-packages/wheeltec_robot_keyboard-2.0.1-py3.10.egg-info
[3.534s] running install_scripts
[3.617s] Installing wheeltec_keyboard script to /home/HwHiAiUser/wheeltec_ros2/install/wheeltec_robot_keyboard/lib/wheeltec_robot_keyboard
[3.621s] writing list of installed files to '/home/HwHiAiUser/wheeltec_ros2/build/wheeltec_robot_keyboard/install.log'
[3.756s] Invoked command in '/home/HwHiAiUser/wheeltec_ros2/src/wheeltec_robot_keyboard' returned '0': PYTHONPATH=/home/HwHiAiUser/wheeltec_ros2/build/wheeltec_robot_keyboard/prefix_override:/usr/lib/python3/dist-packages/colcon_core/task/python/colcon_distutils_commands:/home/HwHiAiUser/wheeltec_ros2/install/wheeltec_robot_keyboard/lib/python3.10/site-packages:${PYTHONPATH} _=/usr/bin/env /usr/bin/python3 -W ignore:setup.py install is deprecated -W ignore:easy_install command is deprecated setup.py egg_info --egg-base ../../build/wheeltec_robot_keyboard build --build-base /home/HwHiAiUser/wheeltec_ros2/build/wheeltec_robot_keyboard/build install --record /home/HwHiAiUser/wheeltec_ros2/build/wheeltec_robot_keyboard/install.log --single-version-externally-managed install_data
